[0.320s] Invoking command in '/home/tau/colcon_ws/build/hwpub': CMAKE_PREFIX_PATH=${CMAKE_PREFIX_PATH}:/home/tau/colcon_ws/install/dis_tutorial2:/opt/ros/humble /usr/bin/cmake --build /home/tau/colcon_ws/build/hwpub -- -j16 -l16
[0.423s] [ 10%] Built target hwpub__rosidl_generator_c
[0.423s] [ 12%] Built target hwpub__cpp
[0.424s] [ 12%] Built target ament_cmake_python_copy_hwpub
[0.434s] [ 23%] Built target hwpub__rosidl_typesupport_introspection_c
[0.435s] [ 33%] Built target hwpub__rosidl_typesupport_c
[0.436s] [ 43%] Built target hwpub__rosidl_typesupport_introspection_cpp
[0.436s] [ 53%] Built target hwpub__rosidl_typesupport_cpp
[0.440s] [ 64%] Built target hwpub__rosidl_typesupport_fastrtps_cpp
[0.444s] [ 74%] Built target hwpub__rosidl_typesupport_fastrtps_c
[0.470s] [ 74%] Built target hwpub
[0.491s] [ 76%] Built target hwpub__py
[0.516s] [ 84%] Built target hwpub__rosidl_generator_py
[0.543s] [ 97%] Built target hwpub__rosidl_typesupport_c__pyext
[0.544s] [ 97%] Built target hwpub__rosidl_typesupport_introspection_c__pyext
[0.544s] [100%] Built target hwpub__rosidl_typesupport_fastrtps_c__pyext
[0.679s] running egg_info
[0.680s] writing hwpub.egg-info/PKG-INFO
[0.680s] writing dependency_links to hwpub.egg-info/dependency_links.txt
[0.680s] writing top-level names to hwpub.egg-info/top_level.txt
[0.682s] reading manifest file 'hwpub.egg-info/SOURCES.txt'
[0.683s] writing manifest file 'hwpub.egg-info/SOURCES.txt'
[0.718s] [100%] Built target ament_cmake_python_build_hwpub_egg
[0.734s] Invoked command in '/home/tau/colcon_ws/build/hwpub' returned '0': CMAKE_PREFIX_PATH=${CMAKE_PREFIX_PATH}:/home/tau/colcon_ws/install/dis_tutorial2:/opt/ros/humble /usr/bin/cmake --build /home/tau/colcon_ws/build/hwpub -- -j16 -l16
[0.736s] Invoking command in '/home/tau/colcon_ws/build/hwpub': CMAKE_PREFIX_PATH=${CMAKE_PREFIX_PATH}:/home/tau/colcon_ws/install/dis_tutorial2:/opt/ros/humble /usr/bin/cmake --install /home/tau/colcon_ws/build/hwpub
[0.744s] -- Install configuration: ""
[0.744s] -- Up-to-date: /home/tau/colcon_ws/install/hwpub/share/ament_index/resource_index/rosidl_interfaces/hwpub
[0.744s] -- Up-to-date: /home/tau/colcon_ws/install/hwpub/include/hwpub/hwpub
[0.744s] -- Up-to-date: /home/tau/colcon_ws/install/hwpub/include/hwpub/hwpub/msg
[0.744s] -- Up-to-date: /home/tau/colcon_ws/install/hwpub/include/hwpub/hwpub/msg/hwmsg.h
[0.744s] -- Up-to-date: /home/tau/colcon_ws/install/hwpub/include/hwpub/hwpub/msg/rosidl_generator_c__visibility_control.h
[0.745s] -- Up-to-date: /home/tau/colcon_ws/install/hwpub/include/hwpub/hwpub/msg/detail
[0.745s] -- Up-to-date: /home/tau/colcon_ws/install/hwpub/include/hwpub/hwpub/msg/detail/hwmsg__struct.h
[0.745s] -- Up-to-date: /home/tau/colcon_ws/install/hwpub/include/hwpub/hwpub/msg/detail/hwmsg__functions.h
[0.745s] -- Up-to-date: /home/tau/colcon_ws/install/hwpub/include/hwpub/hwpub/msg/detail/hwmsg__type_support.h
[0.745s] -- Up-to-date: /home/tau/colcon_ws/install/hwpub/include/hwpub/hwpub/msg/detail/hwmsg__functions.c
[0.745s] -- Up-to-date: /home/tau/colcon_ws/install/hwpub/include/hwpub/hwpub/srv
[0.745s] -- Up-to-date: /home/tau/colcon_ws/install/hwpub/include/hwpub/hwpub/srv/customserv.h
[0.745s] -- Up-to-date: /home/tau/colcon_ws/install/hwpub/include/hwpub/hwpub/srv/detail
[0.745s] -- Up-to-date: /home/tau/colcon_ws/install/hwpub/include/hwpub/hwpub/srv/detail/customserv__functions.c
[0.746s] -- Up-to-date: /home/tau/colcon_ws/install/hwpub/include/hwpub/hwpub/srv/detail/customserv__struct.h
[0.746s] -- Up-to-date: /home/tau/colcon_ws/install/hwpub/include/hwpub/hwpub/srv/detail/customserv__type_support.h
[0.746s] -- Up-to-date: /home/tau/colcon_ws/install/hwpub/include/hwpub/hwpub/srv/detail/customserv__functions.h
[0.746s] -- Up-to-date: /home/tau/colcon_ws/install/hwpub/share/hwpub/environment/library_path.sh
[0.746s] -- Up-to-date: /home/tau/colcon_ws/install/hwpub/share/hwpub/environment/library_path.dsv
[0.746s] -- Up-to-date: /home/tau/colcon_ws/install/hwpub/lib/libhwpub__rosidl_generator_c.so
[0.746s] -- Up-to-date: /home/tau/colcon_ws/install/hwpub/include/hwpub/hwpub
[0.746s] -- Up-to-date: /home/tau/colcon_ws/install/hwpub/include/hwpub/hwpub/msg
[0.746s] -- Up-to-date: /home/tau/colcon_ws/install/hwpub/include/hwpub/hwpub/msg/rosidl_typesupport_fastrtps_c__visibility_control.h
[0.746s] -- Up-to-date: /home/tau/colcon_ws/install/hwpub/include/hwpub/hwpub/msg/detail
[0.746s] -- Up-to-date: /home/tau/colcon_ws/install/hwpub/include/hwpub/hwpub/msg/detail/hwmsg__rosidl_typesupport_fastrtps_c.h
[0.746s] -- Up-to-date: /home/tau/colcon_ws/install/hwpub/include/hwpub/hwpub/srv
[0.746s] -- Up-to-date: /home/tau/colcon_ws/install/hwpub/include/hwpub/hwpub/srv/detail
[0.746s] -- Up-to-date: /home/tau/colcon_ws/install/hwpub/include/hwpub/hwpub/srv/detail/customserv__rosidl_typesupport_fastrtps_c.h
[0.747s] -- Up-to-date: /home/tau/colcon_ws/install/hwpub/lib/libhwpub__rosidl_typesupport_fastrtps_c.so
[0.747s] -- Up-to-date: /home/tau/colcon_ws/install/hwpub/include/hwpub/hwpub
[0.747s] -- Up-to-date: /home/tau/colcon_ws/install/hwpub/include/hwpub/hwpub/msg
[0.747s] -- Up-to-date: /home/tau/colcon_ws/install/hwpub/include/hwpub/hwpub/msg/rosidl_generator_cpp__visibility_control.hpp
[0.747s] -- Up-to-date: /home/tau/colcon_ws/install/hwpub/include/hwpub/hwpub/msg/hwmsg.hpp
[0.747s] -- Up-to-date: /home/tau/colcon_ws/install/hwpub/include/hwpub/hwpub/msg/detail
[0.747s] -- Up-to-date: /home/tau/colcon_ws/install/hwpub/include/hwpub/hwpub/msg/detail/hwmsg__struct.hpp
[0.748s] -- Up-to-date: /home/tau/colcon_ws/install/hwpub/include/hwpub/hwpub/msg/detail/hwmsg__type_support.hpp
[0.748s] -- Up-to-date: /home/tau/colcon_ws/install/hwpub/include/hwpub/hwpub/msg/detail/hwmsg__builder.hpp
[0.748s] -- Up-to-date: /home/tau/colcon_ws/install/hwpub/include/hwpub/hwpub/msg/detail/hwmsg__traits.hpp
[0.748s] -- Up-to-date: /home/tau/colcon_ws/install/hwpub/include/hwpub/hwpub/srv
[0.748s] -- Up-to-date: /home/tau/colcon_ws/install/hwpub/include/hwpub/hwpub/srv/customserv.hpp
[0.748s] -- Up-to-date: /home/tau/colcon_ws/install/hwpub/include/hwpub/hwpub/srv/detail
[0.748s] -- Up-to-date: /home/tau/colcon_ws/install/hwpub/include/hwpub/hwpub/srv/detail/customserv__traits.hpp
[0.748s] -- Up-to-date: /home/tau/colcon_ws/install/hwpub/include/hwpub/hwpub/srv/detail/customserv__type_support.hpp
[0.749s] -- Up-to-date: /home/tau/colcon_ws/install/hwpub/include/hwpub/hwpub/srv/detail/customserv__builder.hpp
[0.749s] -- Up-to-date: /home/tau/colcon_ws/install/hwpub/include/hwpub/hwpub/srv/detail/customserv__struct.hpp
[0.749s] -- Up-to-date: /home/tau/colcon_ws/install/hwpub/include/hwpub/hwpub
[0.749s] -- Up-to-date: /home/tau/colcon_ws/install/hwpub/include/hwpub/hwpub/msg
[0.749s] -- Up-to-date: /home/tau/colcon_ws/install/hwpub/include/hwpub/hwpub/msg/rosidl_typesupport_fastrtps_cpp__visibility_control.h
[0.749s] -- Up-to-date: /home/tau/colcon_ws/install/hwpub/include/hwpub/hwpub/msg/detail
[0.749s] -- Up-to-date: /home/tau/colcon_ws/install/hwpub/include/hwpub/hwpub/msg/detail/hwmsg__rosidl_typesupport_fastrtps_cpp.hpp
[0.749s] -- Up-to-date: /home/tau/colcon_ws/install/hwpub/include/hwpub/hwpub/msg/detail/dds_fastrtps
[0.749s] -- Up-to-date: /home/tau/colcon_ws/install/hwpub/include/hwpub/hwpub/srv
[0.749s] -- Up-to-date: /home/tau/colcon_ws/install/hwpub/include/hwpub/hwpub/srv/detail
[0.749s] -- Up-to-date: /home/tau/colcon_ws/install/hwpub/include/hwpub/hwpub/srv/detail/customserv__rosidl_typesupport_fastrtps_cpp.hpp
[0.749s] -- Up-to-date: /home/tau/colcon_ws/install/hwpub/include/hwpub/hwpub/srv/detail/dds_fastrtps
[0.750s] -- Up-to-date: /home/tau/colcon_ws/install/hwpub/lib/libhwpub__rosidl_typesupport_fastrtps_cpp.so
[0.750s] -- Up-to-date: /home/tau/colcon_ws/install/hwpub/include/hwpub/hwpub
[0.750s] -- Up-to-date: /home/tau/colcon_ws/install/hwpub/include/hwpub/hwpub/msg
[0.750s] -- Up-to-date: /home/tau/colcon_ws/install/hwpub/include/hwpub/hwpub/msg/detail
[0.750s] -- Up-to-date: /home/tau/colcon_ws/install/hwpub/include/hwpub/hwpub/msg/detail/hwmsg__rosidl_typesupport_introspection_c.h
[0.750s] -- Up-to-date: /home/tau/colcon_ws/install/hwpub/include/hwpub/hwpub/msg/detail/hwmsg__type_support.c
[0.750s] -- Up-to-date: /home/tau/colcon_ws/install/hwpub/include/hwpub/hwpub/msg/rosidl_typesupport_introspection_c__visibility_control.h
[0.750s] -- Up-to-date: /home/tau/colcon_ws/install/hwpub/include/hwpub/hwpub/srv
[0.750s] -- Up-to-date: /home/tau/colcon_ws/install/hwpub/include/hwpub/hwpub/srv/detail
[0.750s] -- Up-to-date: /home/tau/colcon_ws/install/hwpub/include/hwpub/hwpub/srv/detail/customserv__type_support.c
[0.750s] -- Up-to-date: /home/tau/colcon_ws/install/hwpub/include/hwpub/hwpub/srv/detail/customserv__rosidl_typesupport_introspection_c.h
[0.750s] -- Up-to-date: /home/tau/colcon_ws/install/hwpub/lib/libhwpub__rosidl_typesupport_introspection_c.so
[0.750s] -- Up-to-date: /home/tau/colcon_ws/install/hwpub/lib/libhwpub__rosidl_typesupport_c.so
[0.750s] -- Up-to-date: /home/tau/colcon_ws/install/hwpub/include/hwpub/hwpub
[0.750s] -- Up-to-date: /home/tau/colcon_ws/install/hwpub/include/hwpub/hwpub/msg
[0.750s] -- Up-to-date: /home/tau/colcon_ws/install/hwpub/include/hwpub/hwpub/msg/detail
[0.750s] -- Up-to-date: /home/tau/colcon_ws/install/hwpub/include/hwpub/hwpub/msg/detail/hwmsg__type_support.cpp
[0.750s] -- Up-to-date: /home/tau/colcon_ws/install/hwpub/include/hwpub/hwpub/msg/detail/hwmsg__rosidl_typesupport_introspection_cpp.hpp
[0.750s] -- Up-to-date: /home/tau/colcon_ws/install/hwpub/include/hwpub/hwpub/srv
[0.750s] -- Up-to-date: /home/tau/colcon_ws/install/hwpub/include/hwpub/hwpub/srv/detail
[0.750s] -- Up-to-date: /home/tau/colcon_ws/install/hwpub/include/hwpub/hwpub/srv/detail/customserv__type_support.cpp
[0.750s] -- Up-to-date: /home/tau/colcon_ws/install/hwpub/include/hwpub/hwpub/srv/detail/customserv__rosidl_typesupport_introspection_cpp.hpp
[0.751s] -- Up-to-date: /home/tau/colcon_ws/install/hwpub/lib/libhwpub__rosidl_typesupport_introspection_cpp.so
[0.751s] -- Up-to-date: /home/tau/colcon_ws/install/hwpub/lib/libhwpub__rosidl_typesupport_cpp.so
[0.751s] -- Up-to-date: /home/tau/colcon_ws/install/hwpub/share/hwpub/environment/pythonpath.sh
[0.751s] -- Up-to-date: /home/tau/colcon_ws/install/hwpub/share/hwpub/environment/pythonpath.dsv
[0.751s] -- Up-to-date: /home/tau/colcon_ws/install/hwpub/local/lib/python3.10/dist-packages/hwpub-0.0.1-py3.10.egg-info
[0.751s] -- Installing: /home/tau/colcon_ws/install/hwpub/local/lib/python3.10/dist-packages/hwpub-0.0.1-py3.10.egg-info/dependency_links.txt
[0.751s] -- Installing: /home/tau/colcon_ws/install/hwpub/local/lib/python3.10/dist-packages/hwpub-0.0.1-py3.10.egg-info/PKG-INFO
[0.751s] -- Installing: /home/tau/colcon_ws/install/hwpub/local/lib/python3.10/dist-packages/hwpub-0.0.1-py3.10.egg-info/top_level.txt
[0.751s] -- Installing: /home/tau/colcon_ws/install/hwpub/local/lib/python3.10/dist-packages/hwpub-0.0.1-py3.10.egg-info/SOURCES.txt
[0.751s] -- Up-to-date: /home/tau/colcon_ws/install/hwpub/local/lib/python3.10/dist-packages/hwpub
[0.751s] -- Up-to-date: /home/tau/colcon_ws/install/hwpub/local/lib/python3.10/dist-packages/hwpub/libhwpub__rosidl_generator_py.so
[0.751s] -- Up-to-date: /home/tau/colcon_ws/install/hwpub/local/lib/python3.10/dist-packages/hwpub/msg
[0.751s] -- Up-to-date: /home/tau/colcon_ws/install/hwpub/local/lib/python3.10/dist-packages/hwpub/msg/_hwmsg.py
[0.751s] -- Up-to-date: /home/tau/colcon_ws/install/hwpub/local/lib/python3.10/dist-packages/hwpub/msg/__init__.py
[0.751s] -- Up-to-date: /home/tau/colcon_ws/install/hwpub/local/lib/python3.10/dist-packages/hwpub/msg/_hwmsg_s.c
[0.752s] -- Up-to-date: /home/tau/colcon_ws/install/hwpub/local/lib/python3.10/dist-packages/hwpub/__init__.py
[0.752s] -- Up-to-date: /home/tau/colcon_ws/install/hwpub/local/lib/python3.10/dist-packages/hwpub/hwpub_s__rosidl_typesupport_c.cpython-310-x86_64-linux-gnu.so
[0.752s] -- Up-to-date: /home/tau/colcon_ws/install/hwpub/local/lib/python3.10/dist-packages/hwpub/hwpub_s__rosidl_typesupport_introspection_c.cpython-310-x86_64-linux-gnu.so
[0.752s] -- Up-to-date: /home/tau/colcon_ws/install/hwpub/local/lib/python3.10/dist-packages/hwpub/hwpub_s__rosidl_typesupport_fastrtps_c.cpython-310-x86_64-linux-gnu.so
[0.752s] -- Up-to-date: /home/tau/colcon_ws/install/hwpub/local/lib/python3.10/dist-packages/hwpub/_hwpub_s.ep.rosidl_typesupport_c.c
[0.752s] -- Up-to-date: /home/tau/colcon_ws/install/hwpub/local/lib/python3.10/dist-packages/hwpub/srv
[0.752s] -- Up-to-date: /home/tau/colcon_ws/install/hwpub/local/lib/python3.10/dist-packages/hwpub/srv/__init__.py
[0.752s] -- Up-to-date: /home/tau/colcon_ws/install/hwpub/local/lib/python3.10/dist-packages/hwpub/srv/_customserv_s.c
[0.752s] -- Up-to-date: /home/tau/colcon_ws/install/hwpub/local/lib/python3.10/dist-packages/hwpub/srv/_customserv.py
[0.752s] -- Up-to-date: /home/tau/colcon_ws/install/hwpub/local/lib/python3.10/dist-packages/hwpub/_hwpub_s.ep.rosidl_typesupport_fastrtps_c.c
[0.752s] -- Up-to-date: /home/tau/colcon_ws/install/hwpub/local/lib/python3.10/dist-packages/hwpub/_hwpub_s.ep.rosidl_typesupport_introspection_c.c
[0.774s] Listing '/home/tau/colcon_ws/install/hwpub/local/lib/python3.10/dist-packages/hwpub'...
[0.774s] Listing '/home/tau/colcon_ws/install/hwpub/local/lib/python3.10/dist-packages/hwpub/msg'...
[0.774s] Listing '/home/tau/colcon_ws/install/hwpub/local/lib/python3.10/dist-packages/hwpub/srv'...
[0.778s] -- Up-to-date: /home/tau/colcon_ws/install/hwpub/local/lib/python3.10/dist-packages/hwpub/hwpub_s__rosidl_typesupport_fastrtps_c.cpython-310-x86_64-linux-gnu.so
[0.778s] -- Up-to-date: /home/tau/colcon_ws/install/hwpub/local/lib/python3.10/dist-packages/hwpub/hwpub_s__rosidl_typesupport_introspection_c.cpython-310-x86_64-linux-gnu.so
[0.778s] -- Up-to-date: /home/tau/colcon_ws/install/hwpub/local/lib/python3.10/dist-packages/hwpub/hwpub_s__rosidl_typesupport_c.cpython-310-x86_64-linux-gnu.so
[0.778s] -- Up-to-date: /home/tau/colcon_ws/install/hwpub/lib/libhwpub__rosidl_generator_py.so
[0.779s] -- Up-to-date: /home/tau/colcon_ws/install/hwpub/share/hwpub/msg/Hwmsg.idl
[0.779s] -- Up-to-date: /home/tau/colcon_ws/install/hwpub/share/hwpub/srv/Customserv.idl
[0.779s] -- Up-to-date: /home/tau/colcon_ws/install/hwpub/share/hwpub/msg/Hwmsg.msg
[0.779s] -- Up-to-date: /home/tau/colcon_ws/install/hwpub/share/hwpub/srv/Customserv.srv
[0.779s] -- Up-to-date: /home/tau/colcon_ws/install/hwpub/share/hwpub/srv/Customserv_Request.msg
[0.779s] -- Up-to-date: /home/tau/colcon_ws/install/hwpub/share/hwpub/srv/Customserv_Response.msg
[0.779s] -- Up-to-date: /home/tau/colcon_ws/install/hwpub/lib/hwpub/py_move_trajectory.py
[0.779s] -- Up-to-date: /home/tau/colcon_ws/install/hwpub/share/ament_index/resource_index/package_run_dependencies/hwpub
[0.779s] -- Up-to-date: /home/tau/colcon_ws/install/hwpub/share/ament_index/resource_index/parent_prefix_path/hwpub
[0.779s] -- Up-to-date: /home/tau/colcon_ws/install/hwpub/share/hwpub/environment/ament_prefix_path.sh
[0.779s] -- Up-to-date: /home/tau/colcon_ws/install/hwpub/share/hwpub/environment/ament_prefix_path.dsv
[0.779s] -- Up-to-date: /home/tau/colcon_ws/install/hwpub/share/hwpub/environment/path.sh
[0.779s] -- Up-to-date: /home/tau/colcon_ws/install/hwpub/share/hwpub/environment/path.dsv
[0.779s] -- Up-to-date: /home/tau/colcon_ws/install/hwpub/share/hwpub/local_setup.bash
[0.779s] -- Up-to-date: /home/tau/colcon_ws/install/hwpub/share/hwpub/local_setup.sh
[0.779s] -- Up-to-date: /home/tau/colcon_ws/install/hwpub/share/hwpub/local_setup.zsh
[0.779s] -- Up-to-date: /home/tau/colcon_ws/install/hwpub/share/hwpub/local_setup.dsv
[0.779s] -- Installing: /home/tau/colcon_ws/install/hwpub/share/hwpub/package.dsv
[0.779s] -- Up-to-date: /home/tau/colcon_ws/install/hwpub/share/ament_index/resource_index/packages/hwpub
[0.779s] -- Up-to-date: /home/tau/colcon_ws/install/hwpub/share/hwpub/cmake/export_hwpub__rosidl_generator_cExport.cmake
[0.780s] -- Up-to-date: /home/tau/colcon_ws/install/hwpub/share/hwpub/cmake/export_hwpub__rosidl_generator_cExport-noconfig.cmake
[0.780s] -- Up-to-date: /home/tau/colcon_ws/install/hwpub/share/hwpub/cmake/export_hwpub__rosidl_typesupport_fastrtps_cExport.cmake
[0.780s] -- Up-to-date: /home/tau/colcon_ws/install/hwpub/share/hwpub/cmake/export_hwpub__rosidl_typesupport_fastrtps_cExport-noconfig.cmake
[0.780s] -- Up-to-date: /home/tau/colcon_ws/install/hwpub/share/hwpub/cmake/export_hwpub__rosidl_generator_cppExport.cmake
[0.780s] -- Up-to-date: /home/tau/colcon_ws/install/hwpub/share/hwpub/cmake/export_hwpub__rosidl_typesupport_fastrtps_cppExport.cmake
[0.780s] -- Up-to-date: /home/tau/colcon_ws/install/hwpub/share/hwpub/cmake/export_hwpub__rosidl_typesupport_fastrtps_cppExport-noconfig.cmake
[0.780s] -- Up-to-date: /home/tau/colcon_ws/install/hwpub/share/hwpub/cmake/hwpub__rosidl_typesupport_introspection_cExport.cmake
[0.780s] -- Up-to-date: /home/tau/colcon_ws/install/hwpub/share/hwpub/cmake/hwpub__rosidl_typesupport_introspection_cExport-noconfig.cmake
[0.780s] -- Up-to-date: /home/tau/colcon_ws/install/hwpub/share/hwpub/cmake/hwpub__rosidl_typesupport_cExport.cmake
[0.780s] -- Up-to-date: /home/tau/colcon_ws/install/hwpub/share/hwpub/cmake/hwpub__rosidl_typesupport_cExport-noconfig.cmake
[0.780s] -- Up-to-date: /home/tau/colcon_ws/install/hwpub/share/hwpub/cmake/hwpub__rosidl_typesupport_introspection_cppExport.cmake
[0.780s] -- Up-to-date: /home/tau/colcon_ws/install/hwpub/share/hwpub/cmake/hwpub__rosidl_typesupport_introspection_cppExport-noconfig.cmake
[0.780s] -- Up-to-date: /home/tau/colcon_ws/install/hwpub/share/hwpub/cmake/hwpub__rosidl_typesupport_cppExport.cmake
[0.780s] -- Up-to-date: /home/tau/colcon_ws/install/hwpub/share/hwpub/cmake/hwpub__rosidl_typesupport_cppExport-noconfig.cmake
[0.780s] -- Up-to-date: /home/tau/colcon_ws/install/hwpub/share/hwpub/cmake/export_hwpub__rosidl_generator_pyExport.cmake
[0.780s] -- Up-to-date: /home/tau/colcon_ws/install/hwpub/share/hwpub/cmake/export_hwpub__rosidl_generator_pyExport-noconfig.cmake
[0.780s] -- Up-to-date: /home/tau/colcon_ws/install/hwpub/share/hwpub/cmake/rosidl_cmake-extras.cmake
[0.781s] -- Up-to-date: /home/tau/colcon_ws/install/hwpub/share/hwpub/cmake/ament_cmake_export_dependencies-extras.cmake
[0.781s] -- Up-to-date: /home/tau/colcon_ws/install/hwpub/share/hwpub/cmake/ament_cmake_export_include_directories-extras.cmake
[0.781s] -- Up-to-date: /home/tau/colcon_ws/install/hwpub/share/hwpub/cmake/ament_cmake_export_libraries-extras.cmake
[0.781s] -- Up-to-date: /home/tau/colcon_ws/install/hwpub/share/hwpub/cmake/ament_cmake_export_targets-extras.cmake
[0.781s] -- Up-to-date: /home/tau/colcon_ws/install/hwpub/share/hwpub/cmake/rosidl_cmake_export_typesupport_targets-extras.cmake
[0.781s] -- Up-to-date: /home/tau/colcon_ws/install/hwpub/share/hwpub/cmake/rosidl_cmake_export_typesupport_libraries-extras.cmake
[0.781s] -- Up-to-date: /home/tau/colcon_ws/install/hwpub/share/hwpub/cmake/hwpubConfig.cmake
[0.781s] -- Up-to-date: /home/tau/colcon_ws/install/hwpub/share/hwpub/cmake/hwpubConfig-version.cmake
[0.781s] -- Up-to-date: /home/tau/colcon_ws/install/hwpub/share/hwpub/package.xml
[0.783s] Invoked command in '/home/tau/colcon_ws/build/hwpub' returned '0': CMAKE_PREFIX_PATH=${CMAKE_PREFIX_PATH}:/home/tau/colcon_ws/install/dis_tutorial2:/opt/ros/humble /usr/bin/cmake --install /home/tau/colcon_ws/build/hwpub
