[0.058s] Invoking command in '/home/osboxes/ros2_ws/build/hwpub': CMAKE_PREFIX_PATH=/opt/ros/humble /usr/bin/cmake --build /home/osboxes/ros2_ws/build/hwpub -- -j4 -l4
[0.424s] [  2%] Built target hwpub__cpp
[0.492s] [ 12%] Built target hwpub__rosidl_generator_c
[0.513s] [ 12%] Built target ament_cmake_python_copy_hwpub
[0.549s] [ 23%] Built target hwpub__rosidl_typesupport_cpp
[0.600s] [ 33%] Built target hwpub__rosidl_typesupport_fastrtps_cpp
[0.723s] [ 43%] Built target hwpub__rosidl_typesupport_introspection_cpp
[0.738s] [ 53%] Built target hwpub__rosidl_typesupport_fastrtps_c
[0.738s] [ 64%] Built target hwpub__rosidl_typesupport_introspection_c
[0.792s] [ 74%] Built target hwpub__rosidl_typesupport_c
[0.898s] [ 74%] Built target hwpub
[0.982s] [ 76%] Built target hwpub__py
[1.078s] [ 84%] Built target hwpub__rosidl_generator_py
[1.172s] [ 89%] Built target hwpub__rosidl_typesupport_introspection_c__pyext
[1.178s] [ 94%] Built target hwpub__rosidl_typesupport_c__pyext
[1.189s] [100%] Built target hwpub__rosidl_typesupport_fastrtps_c__pyext
[1.317s] running egg_info
[1.319s] writing hwpub.egg-info/PKG-INFO
[1.320s] writing dependency_links to hwpub.egg-info/dependency_links.txt
[1.322s] writing top-level names to hwpub.egg-info/top_level.txt
[1.327s] reading manifest file 'hwpub.egg-info/SOURCES.txt'
[1.330s] writing manifest file 'hwpub.egg-info/SOURCES.txt'
[1.411s] [100%] Built target ament_cmake_python_build_hwpub_egg
[1.452s] Invoked command in '/home/osboxes/ros2_ws/build/hwpub' returned '0': CMAKE_PREFIX_PATH=/opt/ros/humble /usr/bin/cmake --build /home/osboxes/ros2_ws/build/hwpub -- -j4 -l4
[1.462s] Invoking command in '/home/osboxes/ros2_ws/build/hwpub': CMAKE_PREFIX_PATH=/opt/ros/humble /usr/bin/cmake --install /home/osboxes/ros2_ws/build/hwpub
[1.490s] -- Install configuration: ""
[1.495s] -- Up-to-date: /home/osboxes/ros2_ws/install/hwpub/share/ament_index/resource_index/rosidl_interfaces/hwpub
[1.498s] -- Up-to-date: /home/osboxes/ros2_ws/install/hwpub/include/hwpub/hwpub
[1.500s] -- Up-to-date: /home/osboxes/ros2_ws/install/hwpub/include/hwpub/hwpub/msg
[1.501s] -- Up-to-date: /home/osboxes/ros2_ws/install/hwpub/include/hwpub/hwpub/msg/rosidl_generator_c__visibility_control.h
[1.502s] -- Up-to-date: /home/osboxes/ros2_ws/install/hwpub/include/hwpub/hwpub/msg/hwmsg.h
[1.502s] -- Up-to-date: /home/osboxes/ros2_ws/install/hwpub/include/hwpub/hwpub/msg/detail
[1.504s] -- Up-to-date: /home/osboxes/ros2_ws/install/hwpub/include/hwpub/hwpub/msg/detail/hwmsg__struct.h
[1.505s] -- Up-to-date: /home/osboxes/ros2_ws/install/hwpub/include/hwpub/hwpub/msg/detail/hwmsg__functions.h
[1.505s] -- Up-to-date: /home/osboxes/ros2_ws/install/hwpub/include/hwpub/hwpub/msg/detail/hwmsg__functions.c
[1.505s] -- Up-to-date: /home/osboxes/ros2_ws/install/hwpub/include/hwpub/hwpub/msg/detail/hwmsg__type_support.h
[1.505s] -- Up-to-date: /home/osboxes/ros2_ws/install/hwpub/include/hwpub/hwpub/srv
[1.506s] -- Up-to-date: /home/osboxes/ros2_ws/install/hwpub/include/hwpub/hwpub/srv/customserv.h
[1.509s] -- Up-to-date: /home/osboxes/ros2_ws/install/hwpub/include/hwpub/hwpub/srv/detail
[1.509s] -- Up-to-date: /home/osboxes/ros2_ws/install/hwpub/include/hwpub/hwpub/srv/detail/customserv__functions.c
[1.510s] -- Up-to-date: /home/osboxes/ros2_ws/install/hwpub/include/hwpub/hwpub/srv/detail/customserv__functions.h
[1.510s] -- Up-to-date: /home/osboxes/ros2_ws/install/hwpub/include/hwpub/hwpub/srv/detail/customserv__type_support.h
[1.510s] -- Up-to-date: /home/osboxes/ros2_ws/install/hwpub/include/hwpub/hwpub/srv/detail/customserv__struct.h
[1.512s] -- Up-to-date: /home/osboxes/ros2_ws/install/hwpub/share/hwpub/environment/library_path.sh
[1.512s] -- Up-to-date: /home/osboxes/ros2_ws/install/hwpub/share/hwpub/environment/library_path.dsv
[1.519s] -- Up-to-date: /home/osboxes/ros2_ws/install/hwpub/lib/libhwpub__rosidl_generator_c.so
[1.519s] -- Up-to-date: /home/osboxes/ros2_ws/install/hwpub/include/hwpub/hwpub
[1.522s] -- Up-to-date: /home/osboxes/ros2_ws/install/hwpub/include/hwpub/hwpub/msg
[1.522s] -- Up-to-date: /home/osboxes/ros2_ws/install/hwpub/include/hwpub/hwpub/msg/detail
[1.522s] -- Up-to-date: /home/osboxes/ros2_ws/install/hwpub/include/hwpub/hwpub/msg/detail/hwmsg__rosidl_typesupport_fastrtps_c.h
[1.523s] -- Up-to-date: /home/osboxes/ros2_ws/install/hwpub/include/hwpub/hwpub/msg/rosidl_typesupport_fastrtps_c__visibility_control.h
[1.523s] -- Up-to-date: /home/osboxes/ros2_ws/install/hwpub/include/hwpub/hwpub/srv
[1.523s] -- Up-to-date: /home/osboxes/ros2_ws/install/hwpub/include/hwpub/hwpub/srv/detail
[1.523s] -- Up-to-date: /home/osboxes/ros2_ws/install/hwpub/include/hwpub/hwpub/srv/detail/customserv__rosidl_typesupport_fastrtps_c.h
[1.531s] -- Up-to-date: /home/osboxes/ros2_ws/install/hwpub/lib/libhwpub__rosidl_typesupport_fastrtps_c.so
[1.531s] -- Up-to-date: /home/osboxes/ros2_ws/install/hwpub/include/hwpub/hwpub
[1.531s] -- Up-to-date: /home/osboxes/ros2_ws/install/hwpub/include/hwpub/hwpub/msg
[1.532s] -- Up-to-date: /home/osboxes/ros2_ws/install/hwpub/include/hwpub/hwpub/msg/hwmsg.hpp
[1.532s] -- Up-to-date: /home/osboxes/ros2_ws/install/hwpub/include/hwpub/hwpub/msg/rosidl_generator_cpp__visibility_control.hpp
[1.532s] -- Up-to-date: /home/osboxes/ros2_ws/install/hwpub/include/hwpub/hwpub/msg/detail
[1.533s] -- Up-to-date: /home/osboxes/ros2_ws/install/hwpub/include/hwpub/hwpub/msg/detail/hwmsg__traits.hpp
[1.535s] -- Up-to-date: /home/osboxes/ros2_ws/install/hwpub/include/hwpub/hwpub/msg/detail/hwmsg__builder.hpp
[1.535s] -- Up-to-date: /home/osboxes/ros2_ws/install/hwpub/include/hwpub/hwpub/msg/detail/hwmsg__type_support.hpp
[1.535s] -- Up-to-date: /home/osboxes/ros2_ws/install/hwpub/include/hwpub/hwpub/msg/detail/hwmsg__struct.hpp
[1.536s] -- Up-to-date: /home/osboxes/ros2_ws/install/hwpub/include/hwpub/hwpub/srv
[1.536s] -- Up-to-date: /home/osboxes/ros2_ws/install/hwpub/include/hwpub/hwpub/srv/customserv.hpp
[1.536s] -- Up-to-date: /home/osboxes/ros2_ws/install/hwpub/include/hwpub/hwpub/srv/detail
[1.536s] -- Up-to-date: /home/osboxes/ros2_ws/install/hwpub/include/hwpub/hwpub/srv/detail/customserv__type_support.hpp
[1.537s] -- Up-to-date: /home/osboxes/ros2_ws/install/hwpub/include/hwpub/hwpub/srv/detail/customserv__builder.hpp
[1.537s] -- Up-to-date: /home/osboxes/ros2_ws/install/hwpub/include/hwpub/hwpub/srv/detail/customserv__traits.hpp
[1.537s] -- Up-to-date: /home/osboxes/ros2_ws/install/hwpub/include/hwpub/hwpub/srv/detail/customserv__struct.hpp
[1.537s] -- Up-to-date: /home/osboxes/ros2_ws/install/hwpub/include/hwpub/hwpub
[1.538s] -- Up-to-date: /home/osboxes/ros2_ws/install/hwpub/include/hwpub/hwpub/msg
[1.539s] -- Up-to-date: /home/osboxes/ros2_ws/install/hwpub/include/hwpub/hwpub/msg/rosidl_typesupport_fastrtps_cpp__visibility_control.h
[1.539s] -- Up-to-date: /home/osboxes/ros2_ws/install/hwpub/include/hwpub/hwpub/msg/detail
[1.539s] -- Up-to-date: /home/osboxes/ros2_ws/install/hwpub/include/hwpub/hwpub/msg/detail/dds_fastrtps
[1.539s] -- Up-to-date: /home/osboxes/ros2_ws/install/hwpub/include/hwpub/hwpub/msg/detail/hwmsg__rosidl_typesupport_fastrtps_cpp.hpp
[1.540s] -- Up-to-date: /home/osboxes/ros2_ws/install/hwpub/include/hwpub/hwpub/srv
[1.540s] -- Up-to-date: /home/osboxes/ros2_ws/install/hwpub/include/hwpub/hwpub/srv/detail
[1.540s] -- Up-to-date: /home/osboxes/ros2_ws/install/hwpub/include/hwpub/hwpub/srv/detail/dds_fastrtps
[1.540s] -- Up-to-date: /home/osboxes/ros2_ws/install/hwpub/include/hwpub/hwpub/srv/detail/customserv__rosidl_typesupport_fastrtps_cpp.hpp
[1.540s] -- Up-to-date: /home/osboxes/ros2_ws/install/hwpub/lib/libhwpub__rosidl_typesupport_fastrtps_cpp.so
[1.540s] -- Up-to-date: /home/osboxes/ros2_ws/install/hwpub/include/hwpub/hwpub
[1.540s] -- Up-to-date: /home/osboxes/ros2_ws/install/hwpub/include/hwpub/hwpub/msg
[1.541s] -- Up-to-date: /home/osboxes/ros2_ws/install/hwpub/include/hwpub/hwpub/msg/rosidl_typesupport_introspection_c__visibility_control.h
[1.541s] -- Up-to-date: /home/osboxes/ros2_ws/install/hwpub/include/hwpub/hwpub/msg/detail
[1.541s] -- Up-to-date: /home/osboxes/ros2_ws/install/hwpub/include/hwpub/hwpub/msg/detail/hwmsg__type_support.c
[1.541s] -- Up-to-date: /home/osboxes/ros2_ws/install/hwpub/include/hwpub/hwpub/msg/detail/hwmsg__rosidl_typesupport_introspection_c.h
[1.541s] -- Up-to-date: /home/osboxes/ros2_ws/install/hwpub/include/hwpub/hwpub/srv
[1.541s] -- Up-to-date: /home/osboxes/ros2_ws/install/hwpub/include/hwpub/hwpub/srv/detail
[1.541s] -- Up-to-date: /home/osboxes/ros2_ws/install/hwpub/include/hwpub/hwpub/srv/detail/customserv__type_support.c
[1.541s] -- Up-to-date: /home/osboxes/ros2_ws/install/hwpub/include/hwpub/hwpub/srv/detail/customserv__rosidl_typesupport_introspection_c.h
[1.542s] -- Up-to-date: /home/osboxes/ros2_ws/install/hwpub/lib/libhwpub__rosidl_typesupport_introspection_c.so
[1.545s] -- Up-to-date: /home/osboxes/ros2_ws/install/hwpub/lib/libhwpub__rosidl_typesupport_c.so
[1.546s] -- Up-to-date: /home/osboxes/ros2_ws/install/hwpub/include/hwpub/hwpub
[1.546s] -- Up-to-date: /home/osboxes/ros2_ws/install/hwpub/include/hwpub/hwpub/msg
[1.546s] -- Up-to-date: /home/osboxes/ros2_ws/install/hwpub/include/hwpub/hwpub/msg/detail
[1.547s] -- Up-to-date: /home/osboxes/ros2_ws/install/hwpub/include/hwpub/hwpub/msg/detail/hwmsg__type_support.cpp
[1.547s] -- Up-to-date: /home/osboxes/ros2_ws/install/hwpub/include/hwpub/hwpub/msg/detail/hwmsg__rosidl_typesupport_introspection_cpp.hpp
[1.547s] -- Up-to-date: /home/osboxes/ros2_ws/install/hwpub/include/hwpub/hwpub/srv
[1.548s] -- Up-to-date: /home/osboxes/ros2_ws/install/hwpub/include/hwpub/hwpub/srv/detail
[1.548s] -- Up-to-date: /home/osboxes/ros2_ws/install/hwpub/include/hwpub/hwpub/srv/detail/customserv__type_support.cpp
[1.548s] -- Up-to-date: /home/osboxes/ros2_ws/install/hwpub/include/hwpub/hwpub/srv/detail/customserv__rosidl_typesupport_introspection_cpp.hpp
[1.550s] -- Up-to-date: /home/osboxes/ros2_ws/install/hwpub/lib/libhwpub__rosidl_typesupport_introspection_cpp.so
[1.554s] -- Up-to-date: /home/osboxes/ros2_ws/install/hwpub/lib/libhwpub__rosidl_typesupport_cpp.so
[1.554s] -- Up-to-date: /home/osboxes/ros2_ws/install/hwpub/share/hwpub/environment/pythonpath.sh
[1.554s] -- Up-to-date: /home/osboxes/ros2_ws/install/hwpub/share/hwpub/environment/pythonpath.dsv
[1.557s] -- Up-to-date: /home/osboxes/ros2_ws/install/hwpub/local/lib/python3.10/dist-packages/hwpub-0.0.1-py3.10.egg-info
[1.561s] -- Installing: /home/osboxes/ros2_ws/install/hwpub/local/lib/python3.10/dist-packages/hwpub-0.0.1-py3.10.egg-info/SOURCES.txt
[1.561s] -- Installing: /home/osboxes/ros2_ws/install/hwpub/local/lib/python3.10/dist-packages/hwpub-0.0.1-py3.10.egg-info/PKG-INFO
[1.561s] -- Installing: /home/osboxes/ros2_ws/install/hwpub/local/lib/python3.10/dist-packages/hwpub-0.0.1-py3.10.egg-info/dependency_links.txt
[1.562s] -- Installing: /home/osboxes/ros2_ws/install/hwpub/local/lib/python3.10/dist-packages/hwpub-0.0.1-py3.10.egg-info/top_level.txt
[1.562s] -- Up-to-date: /home/osboxes/ros2_ws/install/hwpub/local/lib/python3.10/dist-packages/hwpub
[1.562s] -- Up-to-date: /home/osboxes/ros2_ws/install/hwpub/local/lib/python3.10/dist-packages/hwpub/_hwpub_s.ep.rosidl_typesupport_fastrtps_c.c
[1.563s] -- Up-to-date: /home/osboxes/ros2_ws/install/hwpub/local/lib/python3.10/dist-packages/hwpub/_hwpub_s.ep.rosidl_typesupport_introspection_c.c
[1.563s] -- Up-to-date: /home/osboxes/ros2_ws/install/hwpub/local/lib/python3.10/dist-packages/hwpub/_hwpub_s.ep.rosidl_typesupport_c.c
[1.563s] -- Up-to-date: /home/osboxes/ros2_ws/install/hwpub/local/lib/python3.10/dist-packages/hwpub/msg
[1.564s] -- Up-to-date: /home/osboxes/ros2_ws/install/hwpub/local/lib/python3.10/dist-packages/hwpub/msg/_hwmsg_s.c
[1.564s] -- Up-to-date: /home/osboxes/ros2_ws/install/hwpub/local/lib/python3.10/dist-packages/hwpub/msg/_hwmsg.py
[1.565s] -- Up-to-date: /home/osboxes/ros2_ws/install/hwpub/local/lib/python3.10/dist-packages/hwpub/msg/__init__.py
[1.565s] -- Up-to-date: /home/osboxes/ros2_ws/install/hwpub/local/lib/python3.10/dist-packages/hwpub/hwpub_s__rosidl_typesupport_introspection_c.cpython-310-x86_64-linux-gnu.so
[1.565s] -- Up-to-date: /home/osboxes/ros2_ws/install/hwpub/local/lib/python3.10/dist-packages/hwpub/libhwpub__rosidl_generator_py.so
[1.565s] -- Up-to-date: /home/osboxes/ros2_ws/install/hwpub/local/lib/python3.10/dist-packages/hwpub/hwpub_s__rosidl_typesupport_fastrtps_c.cpython-310-x86_64-linux-gnu.so
[1.565s] -- Up-to-date: /home/osboxes/ros2_ws/install/hwpub/local/lib/python3.10/dist-packages/hwpub/hwpub_s__rosidl_typesupport_c.cpython-310-x86_64-linux-gnu.so
[1.566s] -- Up-to-date: /home/osboxes/ros2_ws/install/hwpub/local/lib/python3.10/dist-packages/hwpub/__init__.py
[1.566s] -- Up-to-date: /home/osboxes/ros2_ws/install/hwpub/local/lib/python3.10/dist-packages/hwpub/srv
[1.570s] -- Up-to-date: /home/osboxes/ros2_ws/install/hwpub/local/lib/python3.10/dist-packages/hwpub/srv/_customserv.py
[1.571s] -- Up-to-date: /home/osboxes/ros2_ws/install/hwpub/local/lib/python3.10/dist-packages/hwpub/srv/_customserv_s.c
[1.571s] -- Up-to-date: /home/osboxes/ros2_ws/install/hwpub/local/lib/python3.10/dist-packages/hwpub/srv/__init__.py
[1.689s] Listing '/home/osboxes/ros2_ws/install/hwpub/local/lib/python3.10/dist-packages/hwpub'...
[1.689s] Listing '/home/osboxes/ros2_ws/install/hwpub/local/lib/python3.10/dist-packages/hwpub/msg'...
[1.689s] Listing '/home/osboxes/ros2_ws/install/hwpub/local/lib/python3.10/dist-packages/hwpub/srv'...
[1.696s] -- Up-to-date: /home/osboxes/ros2_ws/install/hwpub/local/lib/python3.10/dist-packages/hwpub/hwpub_s__rosidl_typesupport_fastrtps_c.cpython-310-x86_64-linux-gnu.so
[1.700s] -- Up-to-date: /home/osboxes/ros2_ws/install/hwpub/local/lib/python3.10/dist-packages/hwpub/hwpub_s__rosidl_typesupport_introspection_c.cpython-310-x86_64-linux-gnu.so
[1.703s] -- Up-to-date: /home/osboxes/ros2_ws/install/hwpub/local/lib/python3.10/dist-packages/hwpub/hwpub_s__rosidl_typesupport_c.cpython-310-x86_64-linux-gnu.so
[1.706s] -- Up-to-date: /home/osboxes/ros2_ws/install/hwpub/lib/libhwpub__rosidl_generator_py.so
[1.706s] -- Up-to-date: /home/osboxes/ros2_ws/install/hwpub/share/hwpub/msg/Hwmsg.idl
[1.707s] -- Up-to-date: /home/osboxes/ros2_ws/install/hwpub/share/hwpub/srv/Customserv.idl
[1.708s] -- Up-to-date: /home/osboxes/ros2_ws/install/hwpub/share/hwpub/msg/Hwmsg.msg
[1.708s] -- Up-to-date: /home/osboxes/ros2_ws/install/hwpub/share/hwpub/srv/Customserv.srv
[1.709s] -- Up-to-date: /home/osboxes/ros2_ws/install/hwpub/share/hwpub/srv/Customserv_Request.msg
[1.709s] -- Up-to-date: /home/osboxes/ros2_ws/install/hwpub/share/hwpub/srv/Customserv_Response.msg
[1.710s] -- Up-to-date: /home/osboxes/ros2_ws/install/hwpub/lib/hwpub/py_move_trajectory.py
[1.712s] -- Up-to-date: /home/osboxes/ros2_ws/install/hwpub/share/ament_index/resource_index/package_run_dependencies/hwpub
[1.715s] -- Up-to-date: /home/osboxes/ros2_ws/install/hwpub/share/ament_index/resource_index/parent_prefix_path/hwpub
[1.716s] -- Up-to-date: /home/osboxes/ros2_ws/install/hwpub/share/hwpub/environment/ament_prefix_path.sh
[1.716s] -- Up-to-date: /home/osboxes/ros2_ws/install/hwpub/share/hwpub/environment/ament_prefix_path.dsv
[1.716s] -- Up-to-date: /home/osboxes/ros2_ws/install/hwpub/share/hwpub/environment/path.sh
[1.716s] -- Up-to-date: /home/osboxes/ros2_ws/install/hwpub/share/hwpub/environment/path.dsv
[1.717s] -- Up-to-date: /home/osboxes/ros2_ws/install/hwpub/share/hwpub/local_setup.bash
[1.717s] -- Up-to-date: /home/osboxes/ros2_ws/install/hwpub/share/hwpub/local_setup.sh
[1.717s] -- Up-to-date: /home/osboxes/ros2_ws/install/hwpub/share/hwpub/local_setup.zsh
[1.717s] -- Up-to-date: /home/osboxes/ros2_ws/install/hwpub/share/hwpub/local_setup.dsv
[1.717s] -- Installing: /home/osboxes/ros2_ws/install/hwpub/share/hwpub/package.dsv
[1.718s] -- Up-to-date: /home/osboxes/ros2_ws/install/hwpub/share/ament_index/resource_index/packages/hwpub
[1.728s] -- Up-to-date: /home/osboxes/ros2_ws/install/hwpub/share/hwpub/cmake/export_hwpub__rosidl_generator_cExport.cmake
[1.728s] -- Up-to-date: /home/osboxes/ros2_ws/install/hwpub/share/hwpub/cmake/export_hwpub__rosidl_generator_cExport-noconfig.cmake
[1.730s] -- Up-to-date: /home/osboxes/ros2_ws/install/hwpub/share/hwpub/cmake/export_hwpub__rosidl_typesupport_fastrtps_cExport.cmake
[1.731s] -- Up-to-date: /home/osboxes/ros2_ws/install/hwpub/share/hwpub/cmake/export_hwpub__rosidl_typesupport_fastrtps_cExport-noconfig.cmake
[1.734s] -- Up-to-date: /home/osboxes/ros2_ws/install/hwpub/share/hwpub/cmake/export_hwpub__rosidl_generator_cppExport.cmake
[1.737s] -- Up-to-date: /home/osboxes/ros2_ws/install/hwpub/share/hwpub/cmake/export_hwpub__rosidl_typesupport_fastrtps_cppExport.cmake
[1.738s] -- Up-to-date: /home/osboxes/ros2_ws/install/hwpub/share/hwpub/cmake/export_hwpub__rosidl_typesupport_fastrtps_cppExport-noconfig.cmake
[1.739s] -- Up-to-date: /home/osboxes/ros2_ws/install/hwpub/share/hwpub/cmake/hwpub__rosidl_typesupport_introspection_cExport.cmake
[1.739s] -- Up-to-date: /home/osboxes/ros2_ws/install/hwpub/share/hwpub/cmake/hwpub__rosidl_typesupport_introspection_cExport-noconfig.cmake
[1.742s] -- Up-to-date: /home/osboxes/ros2_ws/install/hwpub/share/hwpub/cmake/hwpub__rosidl_typesupport_cExport.cmake
[1.742s] -- Up-to-date: /home/osboxes/ros2_ws/install/hwpub/share/hwpub/cmake/hwpub__rosidl_typesupport_cExport-noconfig.cmake
[1.745s] -- Up-to-date: /home/osboxes/ros2_ws/install/hwpub/share/hwpub/cmake/hwpub__rosidl_typesupport_introspection_cppExport.cmake
[1.745s] -- Up-to-date: /home/osboxes/ros2_ws/install/hwpub/share/hwpub/cmake/hwpub__rosidl_typesupport_introspection_cppExport-noconfig.cmake
[1.748s] -- Up-to-date: /home/osboxes/ros2_ws/install/hwpub/share/hwpub/cmake/hwpub__rosidl_typesupport_cppExport.cmake
[1.749s] -- Up-to-date: /home/osboxes/ros2_ws/install/hwpub/share/hwpub/cmake/hwpub__rosidl_typesupport_cppExport-noconfig.cmake
[1.750s] -- Up-to-date: /home/osboxes/ros2_ws/install/hwpub/share/hwpub/cmake/export_hwpub__rosidl_generator_pyExport.cmake
[1.750s] -- Up-to-date: /home/osboxes/ros2_ws/install/hwpub/share/hwpub/cmake/export_hwpub__rosidl_generator_pyExport-noconfig.cmake
[1.751s] -- Up-to-date: /home/osboxes/ros2_ws/install/hwpub/share/hwpub/cmake/rosidl_cmake-extras.cmake
[1.752s] -- Up-to-date: /home/osboxes/ros2_ws/install/hwpub/share/hwpub/cmake/ament_cmake_export_dependencies-extras.cmake
[1.752s] -- Up-to-date: /home/osboxes/ros2_ws/install/hwpub/share/hwpub/cmake/ament_cmake_export_include_directories-extras.cmake
[1.752s] -- Up-to-date: /home/osboxes/ros2_ws/install/hwpub/share/hwpub/cmake/ament_cmake_export_libraries-extras.cmake
[1.753s] -- Up-to-date: /home/osboxes/ros2_ws/install/hwpub/share/hwpub/cmake/ament_cmake_export_targets-extras.cmake
[1.753s] -- Up-to-date: /home/osboxes/ros2_ws/install/hwpub/share/hwpub/cmake/rosidl_cmake_export_typesupport_targets-extras.cmake
[1.754s] -- Up-to-date: /home/osboxes/ros2_ws/install/hwpub/share/hwpub/cmake/rosidl_cmake_export_typesupport_libraries-extras.cmake
[1.754s] -- Up-to-date: /home/osboxes/ros2_ws/install/hwpub/share/hwpub/cmake/hwpubConfig.cmake
[1.754s] -- Up-to-date: /home/osboxes/ros2_ws/install/hwpub/share/hwpub/cmake/hwpubConfig-version.cmake
[1.755s] -- Up-to-date: /home/osboxes/ros2_ws/install/hwpub/share/hwpub/package.xml
[1.764s] Invoked command in '/home/osboxes/ros2_ws/build/hwpub' returned '0': CMAKE_PREFIX_PATH=/opt/ros/humble /usr/bin/cmake --install /home/osboxes/ros2_ws/build/hwpub
