[  2%] [34m[1mGenerating C code for ROS interfaces[0m
[  5%] [34m[1mGenerating C++ code for ROS interfaces[0m
[  5%] Built target ament_cmake_python_copy_hwpub
running egg_info
creating hwpub.egg-info
writing hwpub.egg-info/PKG-INFO
writing dependency_links to hwpub.egg-info/dependency_links.txt
writing top-level names to hwpub.egg-info/top_level.txt
writing manifest file 'hwpub.egg-info/SOURCES.txt'
reading manifest file 'hwpub.egg-info/SOURCES.txt'
writing manifest file 'hwpub.egg-info/SOURCES.txt'
[  5%] Built target ament_cmake_python_build_hwpub_egg
[  7%] [32mBuilding C object CMakeFiles/hwpub__rosidl_generator_c.dir/rosidl_generator_c/hwpub/msg/detail/hwmsg__functions.c.o[0m
[ 10%] [32mBuilding C object CMakeFiles/hwpub__rosidl_generator_c.dir/rosidl_generator_c/hwpub/srv/detail/customserv__functions.c.o[0m
[ 10%] Built target hwpub__cpp
[ 12%] [34m[1mGenerating C++ type support dispatch for ROS interfaces[0m
[ 15%] [34m[1mGenerating C++ type support for eProsima Fast-RTPS[0m
[ 17%] [32m[1mLinking C shared library libhwpub__rosidl_generator_c.so[0m
[ 20%] [34m[1mGenerating C++ introspection for ROS interfaces[0m
[ 20%] Built target hwpub__rosidl_generator_c
[ 23%] [34m[1mGenerating C type support for eProsima Fast-RTPS[0m
[ 25%] [32mBuilding CXX object CMakeFiles/hwpub__rosidl_typesupport_cpp.dir/rosidl_typesupport_cpp/hwpub/msg/hwmsg__type_support.cpp.o[0m
[ 28%] [32mBuilding CXX object CMakeFiles/hwpub__rosidl_typesupport_introspection_cpp.dir/rosidl_typesupport_introspection_cpp/hwpub/msg/detail/hwmsg__type_support.cpp.o[0m
[ 30%] [32mBuilding CXX object CMakeFiles/hwpub__rosidl_typesupport_fastrtps_cpp.dir/rosidl_typesupport_fastrtps_cpp/hwpub/msg/detail/dds_fastrtps/hwmsg__type_support.cpp.o[0m
[ 33%] [32mBuilding CXX object CMakeFiles/hwpub__rosidl_typesupport_fastrtps_c.dir/rosidl_typesupport_fastrtps_c/hwpub/msg/detail/hwmsg__type_support_c.cpp.o[0m
[ 35%] [32mBuilding CXX object CMakeFiles/hwpub__rosidl_typesupport_cpp.dir/rosidl_typesupport_cpp/hwpub/srv/customserv__type_support.cpp.o[0m
[ 38%] [32mBuilding CXX object CMakeFiles/hwpub__rosidl_typesupport_introspection_cpp.dir/rosidl_typesupport_introspection_cpp/hwpub/srv/detail/customserv__type_support.cpp.o[0m
[ 41%] [32mBuilding CXX object CMakeFiles/hwpub__rosidl_typesupport_fastrtps_c.dir/rosidl_typesupport_fastrtps_c/hwpub/srv/detail/customserv__type_support_c.cpp.o[0m
[ 43%] [32m[1mLinking CXX shared library libhwpub__rosidl_typesupport_cpp.so[0m
[ 46%] [32mBuilding CXX object CMakeFiles/hwpub__rosidl_typesupport_fastrtps_cpp.dir/rosidl_typesupport_fastrtps_cpp/hwpub/srv/detail/dds_fastrtps/customserv__type_support.cpp.o[0m
[ 46%] Built target hwpub__rosidl_typesupport_cpp
[ 48%] [34m[1mGenerating C introspection for ROS interfaces[0m
[ 51%] [32m[1mLinking CXX shared library libhwpub__rosidl_typesupport_introspection_cpp.so[0m
[ 53%] [32m[1mLinking CXX shared library libhwpub__rosidl_typesupport_fastrtps_c.so[0m
[ 56%] [32mBuilding C object CMakeFiles/hwpub__rosidl_typesupport_introspection_c.dir/rosidl_typesupport_introspection_c/hwpub/msg/detail/hwmsg__type_support.c.o[0m
[ 56%] Built target hwpub__rosidl_typesupport_introspection_cpp
[ 58%] [34m[1mGenerating C type support dispatch for ROS interfaces[0m
[ 61%] [32mBuilding C object CMakeFiles/hwpub__rosidl_typesupport_introspection_c.dir/rosidl_typesupport_introspection_c/hwpub/srv/detail/customserv__type_support.c.o[0m
[ 64%] [32m[1mLinking CXX shared library libhwpub__rosidl_typesupport_fastrtps_cpp.so[0m
[ 66%] [32m[1mLinking C shared library libhwpub__rosidl_typesupport_introspection_c.so[0m
[ 66%] Built target hwpub__rosidl_typesupport_fastrtps_c
[ 66%] Built target hwpub__rosidl_typesupport_introspection_c
[ 66%] Built target hwpub__rosidl_typesupport_fastrtps_cpp
[ 69%] [32mBuilding CXX object CMakeFiles/hwpub__rosidl_typesupport_c.dir/rosidl_typesupport_c/hwpub/msg/hwmsg__type_support.cpp.o[0m
[ 71%] [32mBuilding CXX object CMakeFiles/hwpub__rosidl_typesupport_c.dir/rosidl_typesupport_c/hwpub/srv/customserv__type_support.cpp.o[0m
[ 74%] [32m[1mLinking CXX shared library libhwpub__rosidl_typesupport_c.so[0m
[ 74%] Built target hwpub__rosidl_typesupport_c
[ 74%] Built target hwpub
[ 76%] [34m[1mGenerating Python code for ROS interfaces[0m
[ 76%] Built target hwpub__py
[ 79%] [32mBuilding C object CMakeFiles/hwpub__rosidl_generator_py.dir/rosidl_generator_py/hwpub/srv/_customserv_s.c.o[0m
[ 82%] [32mBuilding C object CMakeFiles/hwpub__rosidl_generator_py.dir/rosidl_generator_py/hwpub/msg/_hwmsg_s.c.o[0m
[ 84%] [32m[1mLinking C shared library rosidl_generator_py/hwpub/libhwpub__rosidl_generator_py.so[0m
[ 84%] Built target hwpub__rosidl_generator_py
[ 87%] [32mBuilding C object CMakeFiles/hwpub__rosidl_typesupport_introspection_c__pyext.dir/rosidl_generator_py/hwpub/_hwpub_s.ep.rosidl_typesupport_introspection_c.c.o[0m
[ 89%] [32mBuilding C object CMakeFiles/hwpub__rosidl_typesupport_fastrtps_c__pyext.dir/rosidl_generator_py/hwpub/_hwpub_s.ep.rosidl_typesupport_fastrtps_c.c.o[0m
[ 92%] [32m[1mLinking C shared library rosidl_generator_py/hwpub/hwpub_s__rosidl_typesupport_introspection_c.cpython-310-x86_64-linux-gnu.so[0m
[ 92%] Built target hwpub__rosidl_typesupport_introspection_c__pyext
[ 94%] [32m[1mLinking C shared library rosidl_generator_py/hwpub/hwpub_s__rosidl_typesupport_fastrtps_c.cpython-310-x86_64-linux-gnu.so[0m
[ 97%] [32mBuilding C object CMakeFiles/hwpub__rosidl_typesupport_c__pyext.dir/rosidl_generator_py/hwpub/_hwpub_s.ep.rosidl_typesupport_c.c.o[0m
[ 97%] Built target hwpub__rosidl_typesupport_fastrtps_c__pyext
[100%] [32m[1mLinking C shared library rosidl_generator_py/hwpub/hwpub_s__rosidl_typesupport_c.cpython-310-x86_64-linux-gnu.so[0m
[100%] Built target hwpub__rosidl_typesupport_c__pyext
-- Install configuration: ""
-- Installing: /home/osboxes/ros2_ws/install/hwpub/share/ament_index/resource_index/rosidl_interfaces/hwpub
-- Installing: /home/osboxes/ros2_ws/install/hwpub/include/hwpub/hwpub
-- Installing: /home/osboxes/ros2_ws/install/hwpub/include/hwpub/hwpub/msg
-- Installing: /home/osboxes/ros2_ws/install/hwpub/include/hwpub/hwpub/msg/rosidl_generator_c__visibility_control.h
-- Installing: /home/osboxes/ros2_ws/install/hwpub/include/hwpub/hwpub/msg/hwmsg.h
-- Installing: /home/osboxes/ros2_ws/install/hwpub/include/hwpub/hwpub/msg/detail
-- Installing: /home/osboxes/ros2_ws/install/hwpub/include/hwpub/hwpub/msg/detail/hwmsg__struct.h
-- Installing: /home/osboxes/ros2_ws/install/hwpub/include/hwpub/hwpub/msg/detail/hwmsg__functions.h
-- Installing: /home/osboxes/ros2_ws/install/hwpub/include/hwpub/hwpub/msg/detail/hwmsg__functions.c
-- Installing: /home/osboxes/ros2_ws/install/hwpub/include/hwpub/hwpub/msg/detail/hwmsg__type_support.h
-- Installing: /home/osboxes/ros2_ws/install/hwpub/include/hwpub/hwpub/srv
-- Installing: /home/osboxes/ros2_ws/install/hwpub/include/hwpub/hwpub/srv/customserv.h
-- Installing: /home/osboxes/ros2_ws/install/hwpub/include/hwpub/hwpub/srv/detail
-- Installing: /home/osboxes/ros2_ws/install/hwpub/include/hwpub/hwpub/srv/detail/customserv__functions.c
-- Installing: /home/osboxes/ros2_ws/install/hwpub/include/hwpub/hwpub/srv/detail/customserv__functions.h
-- Installing: /home/osboxes/ros2_ws/install/hwpub/include/hwpub/hwpub/srv/detail/customserv__type_support.h
-- Installing: /home/osboxes/ros2_ws/install/hwpub/include/hwpub/hwpub/srv/detail/customserv__struct.h
-- Installing: /home/osboxes/ros2_ws/install/hwpub/share/hwpub/environment/library_path.sh
-- Installing: /home/osboxes/ros2_ws/install/hwpub/share/hwpub/environment/library_path.dsv
-- Installing: /home/osboxes/ros2_ws/install/hwpub/lib/libhwpub__rosidl_generator_c.so
-- Set runtime path of "/home/osboxes/ros2_ws/install/hwpub/lib/libhwpub__rosidl_generator_c.so" to ""
-- Up-to-date: /home/osboxes/ros2_ws/install/hwpub/include/hwpub/hwpub
-- Up-to-date: /home/osboxes/ros2_ws/install/hwpub/include/hwpub/hwpub/msg
-- Up-to-date: /home/osboxes/ros2_ws/install/hwpub/include/hwpub/hwpub/msg/detail
-- Installing: /home/osboxes/ros2_ws/install/hwpub/include/hwpub/hwpub/msg/detail/hwmsg__rosidl_typesupport_fastrtps_c.h
-- Installing: /home/osboxes/ros2_ws/install/hwpub/include/hwpub/hwpub/msg/rosidl_typesupport_fastrtps_c__visibility_control.h
-- Up-to-date: /home/osboxes/ros2_ws/install/hwpub/include/hwpub/hwpub/srv
-- Up-to-date: /home/osboxes/ros2_ws/install/hwpub/include/hwpub/hwpub/srv/detail
-- Installing: /home/osboxes/ros2_ws/install/hwpub/include/hwpub/hwpub/srv/detail/customserv__rosidl_typesupport_fastrtps_c.h
-- Installing: /home/osboxes/ros2_ws/install/hwpub/lib/libhwpub__rosidl_typesupport_fastrtps_c.so
-- Set runtime path of "/home/osboxes/ros2_ws/install/hwpub/lib/libhwpub__rosidl_typesupport_fastrtps_c.so" to ""
-- Up-to-date: /home/osboxes/ros2_ws/install/hwpub/include/hwpub/hwpub
-- Up-to-date: /home/osboxes/ros2_ws/install/hwpub/include/hwpub/hwpub/msg
-- Installing: /home/osboxes/ros2_ws/install/hwpub/include/hwpub/hwpub/msg/hwmsg.hpp
-- Installing: /home/osboxes/ros2_ws/install/hwpub/include/hwpub/hwpub/msg/rosidl_generator_cpp__visibility_control.hpp
-- Up-to-date: /home/osboxes/ros2_ws/install/hwpub/include/hwpub/hwpub/msg/detail
-- Installing: /home/osboxes/ros2_ws/install/hwpub/include/hwpub/hwpub/msg/detail/hwmsg__traits.hpp
-- Installing: /home/osboxes/ros2_ws/install/hwpub/include/hwpub/hwpub/msg/detail/hwmsg__builder.hpp
-- Installing: /home/osboxes/ros2_ws/install/hwpub/include/hwpub/hwpub/msg/detail/hwmsg__type_support.hpp
-- Installing: /home/osboxes/ros2_ws/install/hwpub/include/hwpub/hwpub/msg/detail/hwmsg__struct.hpp
-- Up-to-date: /home/osboxes/ros2_ws/install/hwpub/include/hwpub/hwpub/srv
-- Installing: /home/osboxes/ros2_ws/install/hwpub/include/hwpub/hwpub/srv/customserv.hpp
-- Up-to-date: /home/osboxes/ros2_ws/install/hwpub/include/hwpub/hwpub/srv/detail
-- Installing: /home/osboxes/ros2_ws/install/hwpub/include/hwpub/hwpub/srv/detail/customserv__type_support.hpp
-- Installing: /home/osboxes/ros2_ws/install/hwpub/include/hwpub/hwpub/srv/detail/customserv__builder.hpp
-- Installing: /home/osboxes/ros2_ws/install/hwpub/include/hwpub/hwpub/srv/detail/customserv__traits.hpp
-- Installing: /home/osboxes/ros2_ws/install/hwpub/include/hwpub/hwpub/srv/detail/customserv__struct.hpp
-- Up-to-date: /home/osboxes/ros2_ws/install/hwpub/include/hwpub/hwpub
-- Up-to-date: /home/osboxes/ros2_ws/install/hwpub/include/hwpub/hwpub/msg
-- Installing: /home/osboxes/ros2_ws/install/hwpub/include/hwpub/hwpub/msg/rosidl_typesupport_fastrtps_cpp__visibility_control.h
-- Up-to-date: /home/osboxes/ros2_ws/install/hwpub/include/hwpub/hwpub/msg/detail
-- Installing: /home/osboxes/ros2_ws/install/hwpub/include/hwpub/hwpub/msg/detail/dds_fastrtps
-- Installing: /home/osboxes/ros2_ws/install/hwpub/include/hwpub/hwpub/msg/detail/hwmsg__rosidl_typesupport_fastrtps_cpp.hpp
-- Up-to-date: /home/osboxes/ros2_ws/install/hwpub/include/hwpub/hwpub/srv
-- Up-to-date: /home/osboxes/ros2_ws/install/hwpub/include/hwpub/hwpub/srv/detail
-- Installing: /home/osboxes/ros2_ws/install/hwpub/include/hwpub/hwpub/srv/detail/dds_fastrtps
-- Installing: /home/osboxes/ros2_ws/install/hwpub/include/hwpub/hwpub/srv/detail/customserv__rosidl_typesupport_fastrtps_cpp.hpp
-- Installing: /home/osboxes/ros2_ws/install/hwpub/lib/libhwpub__rosidl_typesupport_fastrtps_cpp.so
-- Set runtime path of "/home/osboxes/ros2_ws/install/hwpub/lib/libhwpub__rosidl_typesupport_fastrtps_cpp.so" to ""
-- Up-to-date: /home/osboxes/ros2_ws/install/hwpub/include/hwpub/hwpub
-- Up-to-date: /home/osboxes/ros2_ws/install/hwpub/include/hwpub/hwpub/msg
-- Installing: /home/osboxes/ros2_ws/install/hwpub/include/hwpub/hwpub/msg/rosidl_typesupport_introspection_c__visibility_control.h
-- Up-to-date: /home/osboxes/ros2_ws/install/hwpub/include/hwpub/hwpub/msg/detail
-- Installing: /home/osboxes/ros2_ws/install/hwpub/include/hwpub/hwpub/msg/detail/hwmsg__type_support.c
-- Installing: /home/osboxes/ros2_ws/install/hwpub/include/hwpub/hwpub/msg/detail/hwmsg__rosidl_typesupport_introspection_c.h
-- Up-to-date: /home/osboxes/ros2_ws/install/hwpub/include/hwpub/hwpub/srv
-- Up-to-date: /home/osboxes/ros2_ws/install/hwpub/include/hwpub/hwpub/srv/detail
-- Installing: /home/osboxes/ros2_ws/install/hwpub/include/hwpub/hwpub/srv/detail/customserv__type_support.c
-- Installing: /home/osboxes/ros2_ws/install/hwpub/include/hwpub/hwpub/srv/detail/customserv__rosidl_typesupport_introspection_c.h
-- Installing: /home/osboxes/ros2_ws/install/hwpub/lib/libhwpub__rosidl_typesupport_introspection_c.so
-- Set runtime path of "/home/osboxes/ros2_ws/install/hwpub/lib/libhwpub__rosidl_typesupport_introspection_c.so" to ""
-- Installing: /home/osboxes/ros2_ws/install/hwpub/lib/libhwpub__rosidl_typesupport_c.so
-- Set runtime path of "/home/osboxes/ros2_ws/install/hwpub/lib/libhwpub__rosidl_typesupport_c.so" to ""
-- Up-to-date: /home/osboxes/ros2_ws/install/hwpub/include/hwpub/hwpub
-- Up-to-date: /home/osboxes/ros2_ws/install/hwpub/include/hwpub/hwpub/msg
-- Up-to-date: /home/osboxes/ros2_ws/install/hwpub/include/hwpub/hwpub/msg/detail
-- Installing: /home/osboxes/ros2_ws/install/hwpub/include/hwpub/hwpub/msg/detail/hwmsg__type_support.cpp
-- Installing: /home/osboxes/ros2_ws/install/hwpub/include/hwpub/hwpub/msg/detail/hwmsg__rosidl_typesupport_introspection_cpp.hpp
-- Up-to-date: /home/osboxes/ros2_ws/install/hwpub/include/hwpub/hwpub/srv
-- Up-to-date: /home/osboxes/ros2_ws/install/hwpub/include/hwpub/hwpub/srv/detail
-- Installing: /home/osboxes/ros2_ws/install/hwpub/include/hwpub/hwpub/srv/detail/customserv__type_support.cpp
-- Installing: /home/osboxes/ros2_ws/install/hwpub/include/hwpub/hwpub/srv/detail/customserv__rosidl_typesupport_introspection_cpp.hpp
-- Installing: /home/osboxes/ros2_ws/install/hwpub/lib/libhwpub__rosidl_typesupport_introspection_cpp.so
-- Set runtime path of "/home/osboxes/ros2_ws/install/hwpub/lib/libhwpub__rosidl_typesupport_introspection_cpp.so" to ""
-- Installing: /home/osboxes/ros2_ws/install/hwpub/lib/libhwpub__rosidl_typesupport_cpp.so
-- Set runtime path of "/home/osboxes/ros2_ws/install/hwpub/lib/libhwpub__rosidl_typesupport_cpp.so" to ""
-- Installing: /home/osboxes/ros2_ws/install/hwpub/share/hwpub/environment/pythonpath.sh
-- Installing: /home/osboxes/ros2_ws/install/hwpub/share/hwpub/environment/pythonpath.dsv
-- Installing: /home/osboxes/ros2_ws/install/hwpub/local/lib/python3.10/dist-packages/hwpub-0.0.1-py3.10.egg-info
-- Installing: /home/osboxes/ros2_ws/install/hwpub/local/lib/python3.10/dist-packages/hwpub-0.0.1-py3.10.egg-info/SOURCES.txt
-- Installing: /home/osboxes/ros2_ws/install/hwpub/local/lib/python3.10/dist-packages/hwpub-0.0.1-py3.10.egg-info/PKG-INFO
-- Installing: /home/osboxes/ros2_ws/install/hwpub/local/lib/python3.10/dist-packages/hwpub-0.0.1-py3.10.egg-info/dependency_links.txt
-- Installing: /home/osboxes/ros2_ws/install/hwpub/local/lib/python3.10/dist-packages/hwpub-0.0.1-py3.10.egg-info/top_level.txt
-- Installing: /home/osboxes/ros2_ws/install/hwpub/local/lib/python3.10/dist-packages/hwpub
-- Installing: /home/osboxes/ros2_ws/install/hwpub/local/lib/python3.10/dist-packages/hwpub/_hwpub_s.ep.rosidl_typesupport_fastrtps_c.c
-- Installing: /home/osboxes/ros2_ws/install/hwpub/local/lib/python3.10/dist-packages/hwpub/_hwpub_s.ep.rosidl_typesupport_introspection_c.c
-- Installing: /home/osboxes/ros2_ws/install/hwpub/local/lib/python3.10/dist-packages/hwpub/_hwpub_s.ep.rosidl_typesupport_c.c
-- Installing: /home/osboxes/ros2_ws/install/hwpub/local/lib/python3.10/dist-packages/hwpub/msg
-- Installing: /home/osboxes/ros2_ws/install/hwpub/local/lib/python3.10/dist-packages/hwpub/msg/_hwmsg_s.c
-- Installing: /home/osboxes/ros2_ws/install/hwpub/local/lib/python3.10/dist-packages/hwpub/msg/_hwmsg.py
-- Installing: /home/osboxes/ros2_ws/install/hwpub/local/lib/python3.10/dist-packages/hwpub/msg/__init__.py
-- Installing: /home/osboxes/ros2_ws/install/hwpub/local/lib/python3.10/dist-packages/hwpub/hwpub_s__rosidl_typesupport_introspection_c.cpython-310-x86_64-linux-gnu.so
-- Installing: /home/osboxes/ros2_ws/install/hwpub/local/lib/python3.10/dist-packages/hwpub/libhwpub__rosidl_generator_py.so
-- Installing: /home/osboxes/ros2_ws/install/hwpub/local/lib/python3.10/dist-packages/hwpub/hwpub_s__rosidl_typesupport_fastrtps_c.cpython-310-x86_64-linux-gnu.so
-- Installing: /home/osboxes/ros2_ws/install/hwpub/local/lib/python3.10/dist-packages/hwpub/hwpub_s__rosidl_typesupport_c.cpython-310-x86_64-linux-gnu.so
-- Installing: /home/osboxes/ros2_ws/install/hwpub/local/lib/python3.10/dist-packages/hwpub/__init__.py
-- Installing: /home/osboxes/ros2_ws/install/hwpub/local/lib/python3.10/dist-packages/hwpub/srv
-- Installing: /home/osboxes/ros2_ws/install/hwpub/local/lib/python3.10/dist-packages/hwpub/srv/_customserv.py
-- Installing: /home/osboxes/ros2_ws/install/hwpub/local/lib/python3.10/dist-packages/hwpub/srv/_customserv_s.c
-- Installing: /home/osboxes/ros2_ws/install/hwpub/local/lib/python3.10/dist-packages/hwpub/srv/__init__.py
Listing '/home/osboxes/ros2_ws/install/hwpub/local/lib/python3.10/dist-packages/hwpub'...
Compiling '/home/osboxes/ros2_ws/install/hwpub/local/lib/python3.10/dist-packages/hwpub/__init__.py'...
Listing '/home/osboxes/ros2_ws/install/hwpub/local/lib/python3.10/dist-packages/hwpub/msg'...
Compiling '/home/osboxes/ros2_ws/install/hwpub/local/lib/python3.10/dist-packages/hwpub/msg/__init__.py'...
Compiling '/home/osboxes/ros2_ws/install/hwpub/local/lib/python3.10/dist-packages/hwpub/msg/_hwmsg.py'...
Listing '/home/osboxes/ros2_ws/install/hwpub/local/lib/python3.10/dist-packages/hwpub/srv'...
Compiling '/home/osboxes/ros2_ws/install/hwpub/local/lib/python3.10/dist-packages/hwpub/srv/__init__.py'...
Compiling '/home/osboxes/ros2_ws/install/hwpub/local/lib/python3.10/dist-packages/hwpub/srv/_customserv.py'...
-- Installing: /home/osboxes/ros2_ws/install/hwpub/local/lib/python3.10/dist-packages/hwpub/hwpub_s__rosidl_typesupport_fastrtps_c.cpython-310-x86_64-linux-gnu.so
-- Set runtime path of "/home/osboxes/ros2_ws/install/hwpub/local/lib/python3.10/dist-packages/hwpub/hwpub_s__rosidl_typesupport_fastrtps_c.cpython-310-x86_64-linux-gnu.so" to ""
-- Installing: /home/osboxes/ros2_ws/install/hwpub/local/lib/python3.10/dist-packages/hwpub/hwpub_s__rosidl_typesupport_introspection_c.cpython-310-x86_64-linux-gnu.so
-- Set runtime path of "/home/osboxes/ros2_ws/install/hwpub/local/lib/python3.10/dist-packages/hwpub/hwpub_s__rosidl_typesupport_introspection_c.cpython-310-x86_64-linux-gnu.so" to ""
-- Installing: /home/osboxes/ros2_ws/install/hwpub/local/lib/python3.10/dist-packages/hwpub/hwpub_s__rosidl_typesupport_c.cpython-310-x86_64-linux-gnu.so
-- Set runtime path of "/home/osboxes/ros2_ws/install/hwpub/local/lib/python3.10/dist-packages/hwpub/hwpub_s__rosidl_typesupport_c.cpython-310-x86_64-linux-gnu.so" to ""
-- Installing: /home/osboxes/ros2_ws/install/hwpub/lib/libhwpub__rosidl_generator_py.so
-- Set runtime path of "/home/osboxes/ros2_ws/install/hwpub/lib/libhwpub__rosidl_generator_py.so" to ""
-- Installing: /home/osboxes/ros2_ws/install/hwpub/share/hwpub/msg/Hwmsg.idl
-- Installing: /home/osboxes/ros2_ws/install/hwpub/share/hwpub/srv/Customserv.idl
-- Installing: /home/osboxes/ros2_ws/install/hwpub/share/hwpub/msg/Hwmsg.msg
-- Installing: /home/osboxes/ros2_ws/install/hwpub/share/hwpub/srv/Customserv.srv
-- Installing: /home/osboxes/ros2_ws/install/hwpub/share/hwpub/srv/Customserv_Request.msg
-- Installing: /home/osboxes/ros2_ws/install/hwpub/share/hwpub/srv/Customserv_Response.msg
-- Installing: /home/osboxes/ros2_ws/install/hwpub/lib/hwpub/py_move_trajectory.py
-- Installing: /home/osboxes/ros2_ws/install/hwpub/share/ament_index/resource_index/package_run_dependencies/hwpub
-- Installing: /home/osboxes/ros2_ws/install/hwpub/share/ament_index/resource_index/parent_prefix_path/hwpub
-- Installing: /home/osboxes/ros2_ws/install/hwpub/share/hwpub/environment/ament_prefix_path.sh
-- Installing: /home/osboxes/ros2_ws/install/hwpub/share/hwpub/environment/ament_prefix_path.dsv
-- Installing: /home/osboxes/ros2_ws/install/hwpub/share/hwpub/environment/path.sh
-- Installing: /home/osboxes/ros2_ws/install/hwpub/share/hwpub/environment/path.dsv
-- Installing: /home/osboxes/ros2_ws/install/hwpub/share/hwpub/local_setup.bash
-- Installing: /home/osboxes/ros2_ws/install/hwpub/share/hwpub/local_setup.sh
-- Installing: /home/osboxes/ros2_ws/install/hwpub/share/hwpub/local_setup.zsh
-- Installing: /home/osboxes/ros2_ws/install/hwpub/share/hwpub/local_setup.dsv
-- Installing: /home/osboxes/ros2_ws/install/hwpub/share/hwpub/package.dsv
-- Installing: /home/osboxes/ros2_ws/install/hwpub/share/ament_index/resource_index/packages/hwpub
-- Installing: /home/osboxes/ros2_ws/install/hwpub/share/hwpub/cmake/export_hwpub__rosidl_generator_cExport.cmake
-- Installing: /home/osboxes/ros2_ws/install/hwpub/share/hwpub/cmake/export_hwpub__rosidl_generator_cExport-noconfig.cmake
-- Installing: /home/osboxes/ros2_ws/install/hwpub/share/hwpub/cmake/export_hwpub__rosidl_typesupport_fastrtps_cExport.cmake
-- Installing: /home/osboxes/ros2_ws/install/hwpub/share/hwpub/cmake/export_hwpub__rosidl_typesupport_fastrtps_cExport-noconfig.cmake
-- Installing: /home/osboxes/ros2_ws/install/hwpub/share/hwpub/cmake/export_hwpub__rosidl_generator_cppExport.cmake
-- Installing: /home/osboxes/ros2_ws/install/hwpub/share/hwpub/cmake/export_hwpub__rosidl_typesupport_fastrtps_cppExport.cmake
-- Installing: /home/osboxes/ros2_ws/install/hwpub/share/hwpub/cmake/export_hwpub__rosidl_typesupport_fastrtps_cppExport-noconfig.cmake
-- Installing: /home/osboxes/ros2_ws/install/hwpub/share/hwpub/cmake/hwpub__rosidl_typesupport_introspection_cExport.cmake
-- Installing: /home/osboxes/ros2_ws/install/hwpub/share/hwpub/cmake/hwpub__rosidl_typesupport_introspection_cExport-noconfig.cmake
-- Installing: /home/osboxes/ros2_ws/install/hwpub/share/hwpub/cmake/hwpub__rosidl_typesupport_cExport.cmake
-- Installing: /home/osboxes/ros2_ws/install/hwpub/share/hwpub/cmake/hwpub__rosidl_typesupport_cExport-noconfig.cmake
-- Installing: /home/osboxes/ros2_ws/install/hwpub/share/hwpub/cmake/hwpub__rosidl_typesupport_introspection_cppExport.cmake
-- Installing: /home/osboxes/ros2_ws/install/hwpub/share/hwpub/cmake/hwpub__rosidl_typesupport_introspection_cppExport-noconfig.cmake
-- Installing: /home/osboxes/ros2_ws/install/hwpub/share/hwpub/cmake/hwpub__rosidl_typesupport_cppExport.cmake
-- Installing: /home/osboxes/ros2_ws/install/hwpub/share/hwpub/cmake/hwpub__rosidl_typesupport_cppExport-noconfig.cmake
-- Installing: /home/osboxes/ros2_ws/install/hwpub/share/hwpub/cmake/export_hwpub__rosidl_generator_pyExport.cmake
-- Installing: /home/osboxes/ros2_ws/install/hwpub/share/hwpub/cmake/export_hwpub__rosidl_generator_pyExport-noconfig.cmake
-- Installing: /home/osboxes/ros2_ws/install/hwpub/share/hwpub/cmake/rosidl_cmake-extras.cmake
-- Installing: /home/osboxes/ros2_ws/install/hwpub/share/hwpub/cmake/ament_cmake_export_dependencies-extras.cmake
-- Installing: /home/osboxes/ros2_ws/install/hwpub/share/hwpub/cmake/ament_cmake_export_include_directories-extras.cmake
-- Installing: /home/osboxes/ros2_ws/install/hwpub/share/hwpub/cmake/ament_cmake_export_libraries-extras.cmake
-- Installing: /home/osboxes/ros2_ws/install/hwpub/share/hwpub/cmake/ament_cmake_export_targets-extras.cmake
-- Installing: /home/osboxes/ros2_ws/install/hwpub/share/hwpub/cmake/rosidl_cmake_export_typesupport_targets-extras.cmake
-- Installing: /home/osboxes/ros2_ws/install/hwpub/share/hwpub/cmake/rosidl_cmake_export_typesupport_libraries-extras.cmake
-- Installing: /home/osboxes/ros2_ws/install/hwpub/share/hwpub/cmake/hwpubConfig.cmake
-- Installing: /home/osboxes/ros2_ws/install/hwpub/share/hwpub/cmake/hwpubConfig-version.cmake
-- Installing: /home/osboxes/ros2_ws/install/hwpub/share/hwpub/package.xml
