[0.071s] Invoking command in '/home/osboxes/ros2_ws/build/hwpub': CMAKE_PREFIX_PATH=/opt/ros/humble /usr/bin/cmake --build /home/osboxes/ros2_ws/build/hwpub -- -j4 -l4
[0.428s] [  2%] [34m[1mGenerating C code for ROS interfaces[0m
[0.493s] [  5%] [34m[1mGenerating C++ code for ROS interfaces[0m
[0.643s] [  5%] Built target ament_cmake_python_copy_hwpub
[2.509s] running egg_info
[2.521s] creating hwpub.egg-info
[2.522s] writing hwpub.egg-info/PKG-INFO
[2.522s] writing dependency_links to hwpub.egg-info/dependency_links.txt
[2.522s] writing top-level names to hwpub.egg-info/top_level.txt
[2.522s] writing manifest file 'hwpub.egg-info/SOURCES.txt'
[2.539s] reading manifest file 'hwpub.egg-info/SOURCES.txt'
[2.540s] writing manifest file 'hwpub.egg-info/SOURCES.txt'
[2.791s] [  5%] Built target ament_cmake_python_build_hwpub_egg
[3.404s] [  7%] [32mBuilding C object CMakeFiles/hwpub__rosidl_generator_c.dir/rosidl_generator_c/hwpub/msg/detail/hwmsg__functions.c.o[0m
[3.468s] [ 10%] [32mBuilding C object CMakeFiles/hwpub__rosidl_generator_c.dir/rosidl_generator_c/hwpub/srv/detail/customserv__functions.c.o[0m
[3.514s] [ 10%] Built target hwpub__cpp
[3.636s] [ 12%] [34m[1mGenerating C++ type support dispatch for ROS interfaces[0m
[3.726s] [ 15%] [34m[1mGenerating C++ type support for eProsima Fast-RTPS[0m
[4.091s] [ 17%] [32m[1mLinking C shared library libhwpub__rosidl_generator_c.so[0m
[4.104s] [ 20%] [34m[1mGenerating C++ introspection for ROS interfaces[0m
[4.985s] [ 20%] Built target hwpub__rosidl_generator_c
[5.075s] [ 23%] [34m[1mGenerating C type support for eProsima Fast-RTPS[0m
[5.780s] [ 25%] [32mBuilding CXX object CMakeFiles/hwpub__rosidl_typesupport_cpp.dir/rosidl_typesupport_cpp/hwpub/msg/hwmsg__type_support.cpp.o[0m
[6.740s] [ 28%] [32mBuilding CXX object CMakeFiles/hwpub__rosidl_typesupport_introspection_cpp.dir/rosidl_typesupport_introspection_cpp/hwpub/msg/detail/hwmsg__type_support.cpp.o[0m
[6.957s] [ 30%] [32mBuilding CXX object CMakeFiles/hwpub__rosidl_typesupport_fastrtps_cpp.dir/rosidl_typesupport_fastrtps_cpp/hwpub/msg/detail/dds_fastrtps/hwmsg__type_support.cpp.o[0m
[8.122s] [ 33%] [32mBuilding CXX object CMakeFiles/hwpub__rosidl_typesupport_fastrtps_c.dir/rosidl_typesupport_fastrtps_c/hwpub/msg/detail/hwmsg__type_support_c.cpp.o[0m
[8.429s] [ 35%] [32mBuilding CXX object CMakeFiles/hwpub__rosidl_typesupport_cpp.dir/rosidl_typesupport_cpp/hwpub/srv/customserv__type_support.cpp.o[0m
[11.424s] [ 38%] [32mBuilding CXX object CMakeFiles/hwpub__rosidl_typesupport_introspection_cpp.dir/rosidl_typesupport_introspection_cpp/hwpub/srv/detail/customserv__type_support.cpp.o[0m
[12.141s] [ 41%] [32mBuilding CXX object CMakeFiles/hwpub__rosidl_typesupport_fastrtps_c.dir/rosidl_typesupport_fastrtps_c/hwpub/srv/detail/customserv__type_support_c.cpp.o[0m
[12.192s] [ 43%] [32m[1mLinking CXX shared library libhwpub__rosidl_typesupport_cpp.so[0m
[12.582s] [ 46%] [32mBuilding CXX object CMakeFiles/hwpub__rosidl_typesupport_fastrtps_cpp.dir/rosidl_typesupport_fastrtps_cpp/hwpub/srv/detail/dds_fastrtps/customserv__type_support.cpp.o[0m
[12.721s] [ 46%] Built target hwpub__rosidl_typesupport_cpp
[12.853s] [ 48%] [34m[1mGenerating C introspection for ROS interfaces[0m
[14.951s] [ 51%] [32m[1mLinking CXX shared library libhwpub__rosidl_typesupport_introspection_cpp.so[0m
[15.454s] [ 53%] [32m[1mLinking CXX shared library libhwpub__rosidl_typesupport_fastrtps_c.so[0m
[15.477s] [ 56%] [32mBuilding C object CMakeFiles/hwpub__rosidl_typesupport_introspection_c.dir/rosidl_typesupport_introspection_c/hwpub/msg/detail/hwmsg__type_support.c.o[0m
[15.640s] [ 56%] Built target hwpub__rosidl_typesupport_introspection_cpp
[15.679s] [ 58%] [34m[1mGenerating C type support dispatch for ROS interfaces[0m
[15.812s] [ 61%] [32mBuilding C object CMakeFiles/hwpub__rosidl_typesupport_introspection_c.dir/rosidl_typesupport_introspection_c/hwpub/srv/detail/customserv__type_support.c.o[0m
[16.000s] [ 64%] [32m[1mLinking CXX shared library libhwpub__rosidl_typesupport_fastrtps_cpp.so[0m
[16.039s] [ 66%] [32m[1mLinking C shared library libhwpub__rosidl_typesupport_introspection_c.so[0m
[16.459s] [ 66%] Built target hwpub__rosidl_typesupport_fastrtps_c
[16.488s] [ 66%] Built target hwpub__rosidl_typesupport_introspection_c
[16.505s] [ 66%] Built target hwpub__rosidl_typesupport_fastrtps_cpp
[17.019s] [ 69%] [32mBuilding CXX object CMakeFiles/hwpub__rosidl_typesupport_c.dir/rosidl_typesupport_c/hwpub/msg/hwmsg__type_support.cpp.o[0m
[17.078s] [ 71%] [32mBuilding CXX object CMakeFiles/hwpub__rosidl_typesupport_c.dir/rosidl_typesupport_c/hwpub/srv/customserv__type_support.cpp.o[0m
[17.361s] [ 74%] [32m[1mLinking CXX shared library libhwpub__rosidl_typesupport_c.so[0m
[17.854s] [ 74%] Built target hwpub__rosidl_typesupport_c
[17.977s] [ 74%] Built target hwpub
[18.240s] [ 76%] [34m[1mGenerating Python code for ROS interfaces[0m
[20.655s] [ 76%] Built target hwpub__py
[20.869s] [ 79%] [32mBuilding C object CMakeFiles/hwpub__rosidl_generator_py.dir/rosidl_generator_py/hwpub/srv/_customserv_s.c.o[0m
[20.886s] [ 82%] [32mBuilding C object CMakeFiles/hwpub__rosidl_generator_py.dir/rosidl_generator_py/hwpub/msg/_hwmsg_s.c.o[0m
[21.763s] [ 84%] [32m[1mLinking C shared library rosidl_generator_py/hwpub/libhwpub__rosidl_generator_py.so[0m
[22.014s] [ 84%] Built target hwpub__rosidl_generator_py
[22.104s] [ 87%] [32mBuilding C object CMakeFiles/hwpub__rosidl_typesupport_introspection_c__pyext.dir/rosidl_generator_py/hwpub/_hwpub_s.ep.rosidl_typesupport_introspection_c.c.o[0m
[22.122s] [ 89%] [32mBuilding C object CMakeFiles/hwpub__rosidl_typesupport_fastrtps_c__pyext.dir/rosidl_generator_py/hwpub/_hwpub_s.ep.rosidl_typesupport_fastrtps_c.c.o[0m
[22.426s] [ 92%] [32m[1mLinking C shared library rosidl_generator_py/hwpub/hwpub_s__rosidl_typesupport_introspection_c.cpython-310-x86_64-linux-gnu.so[0m
[22.624s] [ 92%] Built target hwpub__rosidl_typesupport_introspection_c__pyext
[22.678s] [ 94%] [32m[1mLinking C shared library rosidl_generator_py/hwpub/hwpub_s__rosidl_typesupport_fastrtps_c.cpython-310-x86_64-linux-gnu.so[0m
[22.838s] [ 97%] [32mBuilding C object CMakeFiles/hwpub__rosidl_typesupport_c__pyext.dir/rosidl_generator_py/hwpub/_hwpub_s.ep.rosidl_typesupport_c.c.o[0m
[22.939s] [ 97%] Built target hwpub__rosidl_typesupport_fastrtps_c__pyext
[23.860s] [100%] [32m[1mLinking C shared library rosidl_generator_py/hwpub/hwpub_s__rosidl_typesupport_c.cpython-310-x86_64-linux-gnu.so[0m
[24.044s] [100%] Built target hwpub__rosidl_typesupport_c__pyext
[24.075s] Invoked command in '/home/osboxes/ros2_ws/build/hwpub' returned '0': CMAKE_PREFIX_PATH=/opt/ros/humble /usr/bin/cmake --build /home/osboxes/ros2_ws/build/hwpub -- -j4 -l4
[24.098s] Invoking command in '/home/osboxes/ros2_ws/build/hwpub': CMAKE_PREFIX_PATH=/opt/ros/humble /usr/bin/cmake --install /home/osboxes/ros2_ws/build/hwpub
[24.122s] -- Install configuration: ""
[24.125s] -- Installing: /home/osboxes/ros2_ws/install/hwpub/share/ament_index/resource_index/rosidl_interfaces/hwpub
[24.125s] -- Installing: /home/osboxes/ros2_ws/install/hwpub/include/hwpub/hwpub
[24.126s] -- Installing: /home/osboxes/ros2_ws/install/hwpub/include/hwpub/hwpub/msg
[24.126s] -- Installing: /home/osboxes/ros2_ws/install/hwpub/include/hwpub/hwpub/msg/rosidl_generator_c__visibility_control.h
[24.129s] -- Installing: /home/osboxes/ros2_ws/install/hwpub/include/hwpub/hwpub/msg/hwmsg.h
[24.130s] -- Installing: /home/osboxes/ros2_ws/install/hwpub/include/hwpub/hwpub/msg/detail
[24.130s] -- Installing: /home/osboxes/ros2_ws/install/hwpub/include/hwpub/hwpub/msg/detail/hwmsg__struct.h
[24.131s] -- Installing: /home/osboxes/ros2_ws/install/hwpub/include/hwpub/hwpub/msg/detail/hwmsg__functions.h
[24.131s] -- Installing: /home/osboxes/ros2_ws/install/hwpub/include/hwpub/hwpub/msg/detail/hwmsg__functions.c
[24.131s] -- Installing: /home/osboxes/ros2_ws/install/hwpub/include/hwpub/hwpub/msg/detail/hwmsg__type_support.h
[24.131s] -- Installing: /home/osboxes/ros2_ws/install/hwpub/include/hwpub/hwpub/srv
[24.131s] -- Installing: /home/osboxes/ros2_ws/install/hwpub/include/hwpub/hwpub/srv/customserv.h
[24.131s] -- Installing: /home/osboxes/ros2_ws/install/hwpub/include/hwpub/hwpub/srv/detail
[24.131s] -- Installing: /home/osboxes/ros2_ws/install/hwpub/include/hwpub/hwpub/srv/detail/customserv__functions.c
[24.132s] -- Installing: /home/osboxes/ros2_ws/install/hwpub/include/hwpub/hwpub/srv/detail/customserv__functions.h
[24.132s] -- Installing: /home/osboxes/ros2_ws/install/hwpub/include/hwpub/hwpub/srv/detail/customserv__type_support.h
[24.132s] -- Installing: /home/osboxes/ros2_ws/install/hwpub/include/hwpub/hwpub/srv/detail/customserv__struct.h
[24.132s] -- Installing: /home/osboxes/ros2_ws/install/hwpub/share/hwpub/environment/library_path.sh
[24.132s] -- Installing: /home/osboxes/ros2_ws/install/hwpub/share/hwpub/environment/library_path.dsv
[24.132s] -- Installing: /home/osboxes/ros2_ws/install/hwpub/lib/libhwpub__rosidl_generator_c.so
[24.136s] -- Set runtime path of "/home/osboxes/ros2_ws/install/hwpub/lib/libhwpub__rosidl_generator_c.so" to ""
[24.136s] -- Up-to-date: /home/osboxes/ros2_ws/install/hwpub/include/hwpub/hwpub
[24.136s] -- Up-to-date: /home/osboxes/ros2_ws/install/hwpub/include/hwpub/hwpub/msg
[24.136s] -- Up-to-date: /home/osboxes/ros2_ws/install/hwpub/include/hwpub/hwpub/msg/detail
[24.136s] -- Installing: /home/osboxes/ros2_ws/install/hwpub/include/hwpub/hwpub/msg/detail/hwmsg__rosidl_typesupport_fastrtps_c.h
[24.136s] -- Installing: /home/osboxes/ros2_ws/install/hwpub/include/hwpub/hwpub/msg/rosidl_typesupport_fastrtps_c__visibility_control.h
[24.136s] -- Up-to-date: /home/osboxes/ros2_ws/install/hwpub/include/hwpub/hwpub/srv
[24.136s] -- Up-to-date: /home/osboxes/ros2_ws/install/hwpub/include/hwpub/hwpub/srv/detail
[24.136s] -- Installing: /home/osboxes/ros2_ws/install/hwpub/include/hwpub/hwpub/srv/detail/customserv__rosidl_typesupport_fastrtps_c.h
[24.136s] -- Installing: /home/osboxes/ros2_ws/install/hwpub/lib/libhwpub__rosidl_typesupport_fastrtps_c.so
[24.140s] -- Set runtime path of "/home/osboxes/ros2_ws/install/hwpub/lib/libhwpub__rosidl_typesupport_fastrtps_c.so" to ""
[24.143s] -- Up-to-date: /home/osboxes/ros2_ws/install/hwpub/include/hwpub/hwpub
[24.143s] -- Up-to-date: /home/osboxes/ros2_ws/install/hwpub/include/hwpub/hwpub/msg
[24.143s] -- Installing: /home/osboxes/ros2_ws/install/hwpub/include/hwpub/hwpub/msg/hwmsg.hpp
[24.143s] -- Installing: /home/osboxes/ros2_ws/install/hwpub/include/hwpub/hwpub/msg/rosidl_generator_cpp__visibility_control.hpp
[24.143s] -- Up-to-date: /home/osboxes/ros2_ws/install/hwpub/include/hwpub/hwpub/msg/detail
[24.143s] -- Installing: /home/osboxes/ros2_ws/install/hwpub/include/hwpub/hwpub/msg/detail/hwmsg__traits.hpp
[24.143s] -- Installing: /home/osboxes/ros2_ws/install/hwpub/include/hwpub/hwpub/msg/detail/hwmsg__builder.hpp
[24.143s] -- Installing: /home/osboxes/ros2_ws/install/hwpub/include/hwpub/hwpub/msg/detail/hwmsg__type_support.hpp
[24.144s] -- Installing: /home/osboxes/ros2_ws/install/hwpub/include/hwpub/hwpub/msg/detail/hwmsg__struct.hpp
[24.148s] -- Up-to-date: /home/osboxes/ros2_ws/install/hwpub/include/hwpub/hwpub/srv
[24.148s] -- Installing: /home/osboxes/ros2_ws/install/hwpub/include/hwpub/hwpub/srv/customserv.hpp
[24.148s] -- Up-to-date: /home/osboxes/ros2_ws/install/hwpub/include/hwpub/hwpub/srv/detail
[24.148s] -- Installing: /home/osboxes/ros2_ws/install/hwpub/include/hwpub/hwpub/srv/detail/customserv__type_support.hpp
[24.149s] -- Installing: /home/osboxes/ros2_ws/install/hwpub/include/hwpub/hwpub/srv/detail/customserv__builder.hpp
[24.150s] -- Installing: /home/osboxes/ros2_ws/install/hwpub/include/hwpub/hwpub/srv/detail/customserv__traits.hpp
[24.150s] -- Installing: /home/osboxes/ros2_ws/install/hwpub/include/hwpub/hwpub/srv/detail/customserv__struct.hpp
[24.151s] -- Up-to-date: /home/osboxes/ros2_ws/install/hwpub/include/hwpub/hwpub
[24.152s] -- Up-to-date: /home/osboxes/ros2_ws/install/hwpub/include/hwpub/hwpub/msg
[24.152s] -- Installing: /home/osboxes/ros2_ws/install/hwpub/include/hwpub/hwpub/msg/rosidl_typesupport_fastrtps_cpp__visibility_control.h
[24.152s] -- Up-to-date: /home/osboxes/ros2_ws/install/hwpub/include/hwpub/hwpub/msg/detail
[24.153s] -- Installing: /home/osboxes/ros2_ws/install/hwpub/include/hwpub/hwpub/msg/detail/dds_fastrtps
[24.153s] -- Installing: /home/osboxes/ros2_ws/install/hwpub/include/hwpub/hwpub/msg/detail/hwmsg__rosidl_typesupport_fastrtps_cpp.hpp
[24.153s] -- Up-to-date: /home/osboxes/ros2_ws/install/hwpub/include/hwpub/hwpub/srv
[24.156s] -- Up-to-date: /home/osboxes/ros2_ws/install/hwpub/include/hwpub/hwpub/srv/detail
[24.156s] -- Installing: /home/osboxes/ros2_ws/install/hwpub/include/hwpub/hwpub/srv/detail/dds_fastrtps
[24.156s] -- Installing: /home/osboxes/ros2_ws/install/hwpub/include/hwpub/hwpub/srv/detail/customserv__rosidl_typesupport_fastrtps_cpp.hpp
[24.156s] -- Installing: /home/osboxes/ros2_ws/install/hwpub/lib/libhwpub__rosidl_typesupport_fastrtps_cpp.so
[24.157s] -- Set runtime path of "/home/osboxes/ros2_ws/install/hwpub/lib/libhwpub__rosidl_typesupport_fastrtps_cpp.so" to ""
[24.157s] -- Up-to-date: /home/osboxes/ros2_ws/install/hwpub/include/hwpub/hwpub
[24.158s] -- Up-to-date: /home/osboxes/ros2_ws/install/hwpub/include/hwpub/hwpub/msg
[24.158s] -- Installing: /home/osboxes/ros2_ws/install/hwpub/include/hwpub/hwpub/msg/rosidl_typesupport_introspection_c__visibility_control.h
[24.158s] -- Up-to-date: /home/osboxes/ros2_ws/install/hwpub/include/hwpub/hwpub/msg/detail
[24.168s] -- Installing: /home/osboxes/ros2_ws/install/hwpub/include/hwpub/hwpub/msg/detail/hwmsg__type_support.c
[24.168s] -- Installing: /home/osboxes/ros2_ws/install/hwpub/include/hwpub/hwpub/msg/detail/hwmsg__rosidl_typesupport_introspection_c.h
[24.168s] -- Up-to-date: /home/osboxes/ros2_ws/install/hwpub/include/hwpub/hwpub/srv
[24.168s] -- Up-to-date: /home/osboxes/ros2_ws/install/hwpub/include/hwpub/hwpub/srv/detail
[24.169s] -- Installing: /home/osboxes/ros2_ws/install/hwpub/include/hwpub/hwpub/srv/detail/customserv__type_support.c
[24.169s] -- Installing: /home/osboxes/ros2_ws/install/hwpub/include/hwpub/hwpub/srv/detail/customserv__rosidl_typesupport_introspection_c.h
[24.169s] -- Installing: /home/osboxes/ros2_ws/install/hwpub/lib/libhwpub__rosidl_typesupport_introspection_c.so
[24.169s] -- Set runtime path of "/home/osboxes/ros2_ws/install/hwpub/lib/libhwpub__rosidl_typesupport_introspection_c.so" to ""
[24.169s] -- Installing: /home/osboxes/ros2_ws/install/hwpub/lib/libhwpub__rosidl_typesupport_c.so
[24.169s] -- Set runtime path of "/home/osboxes/ros2_ws/install/hwpub/lib/libhwpub__rosidl_typesupport_c.so" to ""
[24.169s] -- Up-to-date: /home/osboxes/ros2_ws/install/hwpub/include/hwpub/hwpub
[24.169s] -- Up-to-date: /home/osboxes/ros2_ws/install/hwpub/include/hwpub/hwpub/msg
[24.169s] -- Up-to-date: /home/osboxes/ros2_ws/install/hwpub/include/hwpub/hwpub/msg/detail
[24.169s] -- Installing: /home/osboxes/ros2_ws/install/hwpub/include/hwpub/hwpub/msg/detail/hwmsg__type_support.cpp
[24.169s] -- Installing: /home/osboxes/ros2_ws/install/hwpub/include/hwpub/hwpub/msg/detail/hwmsg__rosidl_typesupport_introspection_cpp.hpp
[24.170s] -- Up-to-date: /home/osboxes/ros2_ws/install/hwpub/include/hwpub/hwpub/srv
[24.178s] -- Up-to-date: /home/osboxes/ros2_ws/install/hwpub/include/hwpub/hwpub/srv/detail
[24.178s] -- Installing: /home/osboxes/ros2_ws/install/hwpub/include/hwpub/hwpub/srv/detail/customserv__type_support.cpp
[24.178s] -- Installing: /home/osboxes/ros2_ws/install/hwpub/include/hwpub/hwpub/srv/detail/customserv__rosidl_typesupport_introspection_cpp.hpp
[24.178s] -- Installing: /home/osboxes/ros2_ws/install/hwpub/lib/libhwpub__rosidl_typesupport_introspection_cpp.so
[24.179s] -- Set runtime path of "/home/osboxes/ros2_ws/install/hwpub/lib/libhwpub__rosidl_typesupport_introspection_cpp.so" to ""
[24.179s] -- Installing: /home/osboxes/ros2_ws/install/hwpub/lib/libhwpub__rosidl_typesupport_cpp.so
[24.179s] -- Set runtime path of "/home/osboxes/ros2_ws/install/hwpub/lib/libhwpub__rosidl_typesupport_cpp.so" to ""
[24.179s] -- Installing: /home/osboxes/ros2_ws/install/hwpub/share/hwpub/environment/pythonpath.sh
[24.184s] -- Installing: /home/osboxes/ros2_ws/install/hwpub/share/hwpub/environment/pythonpath.dsv
[24.184s] -- Installing: /home/osboxes/ros2_ws/install/hwpub/local/lib/python3.10/dist-packages/hwpub-0.0.1-py3.10.egg-info
[24.184s] -- Installing: /home/osboxes/ros2_ws/install/hwpub/local/lib/python3.10/dist-packages/hwpub-0.0.1-py3.10.egg-info/SOURCES.txt
[24.184s] -- Installing: /home/osboxes/ros2_ws/install/hwpub/local/lib/python3.10/dist-packages/hwpub-0.0.1-py3.10.egg-info/PKG-INFO
[24.185s] -- Installing: /home/osboxes/ros2_ws/install/hwpub/local/lib/python3.10/dist-packages/hwpub-0.0.1-py3.10.egg-info/dependency_links.txt
[24.185s] -- Installing: /home/osboxes/ros2_ws/install/hwpub/local/lib/python3.10/dist-packages/hwpub-0.0.1-py3.10.egg-info/top_level.txt
[24.185s] -- Installing: /home/osboxes/ros2_ws/install/hwpub/local/lib/python3.10/dist-packages/hwpub
[24.185s] -- Installing: /home/osboxes/ros2_ws/install/hwpub/local/lib/python3.10/dist-packages/hwpub/_hwpub_s.ep.rosidl_typesupport_fastrtps_c.c
[24.185s] -- Installing: /home/osboxes/ros2_ws/install/hwpub/local/lib/python3.10/dist-packages/hwpub/_hwpub_s.ep.rosidl_typesupport_introspection_c.c
[24.185s] -- Installing: /home/osboxes/ros2_ws/install/hwpub/local/lib/python3.10/dist-packages/hwpub/_hwpub_s.ep.rosidl_typesupport_c.c
[24.185s] -- Installing: /home/osboxes/ros2_ws/install/hwpub/local/lib/python3.10/dist-packages/hwpub/msg
[24.187s] -- Installing: /home/osboxes/ros2_ws/install/hwpub/local/lib/python3.10/dist-packages/hwpub/msg/_hwmsg_s.c
[24.187s] -- Installing: /home/osboxes/ros2_ws/install/hwpub/local/lib/python3.10/dist-packages/hwpub/msg/_hwmsg.py
[24.187s] -- Installing: /home/osboxes/ros2_ws/install/hwpub/local/lib/python3.10/dist-packages/hwpub/msg/__init__.py
[24.187s] -- Installing: /home/osboxes/ros2_ws/install/hwpub/local/lib/python3.10/dist-packages/hwpub/hwpub_s__rosidl_typesupport_introspection_c.cpython-310-x86_64-linux-gnu.so
[24.187s] -- Installing: /home/osboxes/ros2_ws/install/hwpub/local/lib/python3.10/dist-packages/hwpub/libhwpub__rosidl_generator_py.so
[24.188s] -- Installing: /home/osboxes/ros2_ws/install/hwpub/local/lib/python3.10/dist-packages/hwpub/hwpub_s__rosidl_typesupport_fastrtps_c.cpython-310-x86_64-linux-gnu.so
[24.188s] -- Installing: /home/osboxes/ros2_ws/install/hwpub/local/lib/python3.10/dist-packages/hwpub/hwpub_s__rosidl_typesupport_c.cpython-310-x86_64-linux-gnu.so
[24.188s] -- Installing: /home/osboxes/ros2_ws/install/hwpub/local/lib/python3.10/dist-packages/hwpub/__init__.py
[24.188s] -- Installing: /home/osboxes/ros2_ws/install/hwpub/local/lib/python3.10/dist-packages/hwpub/srv
[24.188s] -- Installing: /home/osboxes/ros2_ws/install/hwpub/local/lib/python3.10/dist-packages/hwpub/srv/_customserv.py
[24.188s] -- Installing: /home/osboxes/ros2_ws/install/hwpub/local/lib/python3.10/dist-packages/hwpub/srv/_customserv_s.c
[24.188s] -- Installing: /home/osboxes/ros2_ws/install/hwpub/local/lib/python3.10/dist-packages/hwpub/srv/__init__.py
[24.552s] Listing '/home/osboxes/ros2_ws/install/hwpub/local/lib/python3.10/dist-packages/hwpub'...
[24.552s] Compiling '/home/osboxes/ros2_ws/install/hwpub/local/lib/python3.10/dist-packages/hwpub/__init__.py'...
[24.553s] Listing '/home/osboxes/ros2_ws/install/hwpub/local/lib/python3.10/dist-packages/hwpub/msg'...
[24.553s] Compiling '/home/osboxes/ros2_ws/install/hwpub/local/lib/python3.10/dist-packages/hwpub/msg/__init__.py'...
[24.553s] Compiling '/home/osboxes/ros2_ws/install/hwpub/local/lib/python3.10/dist-packages/hwpub/msg/_hwmsg.py'...
[24.553s] Listing '/home/osboxes/ros2_ws/install/hwpub/local/lib/python3.10/dist-packages/hwpub/srv'...
[24.553s] Compiling '/home/osboxes/ros2_ws/install/hwpub/local/lib/python3.10/dist-packages/hwpub/srv/__init__.py'...
[24.553s] Compiling '/home/osboxes/ros2_ws/install/hwpub/local/lib/python3.10/dist-packages/hwpub/srv/_customserv.py'...
[24.582s] -- Installing: /home/osboxes/ros2_ws/install/hwpub/local/lib/python3.10/dist-packages/hwpub/hwpub_s__rosidl_typesupport_fastrtps_c.cpython-310-x86_64-linux-gnu.so
[24.587s] -- Set runtime path of "/home/osboxes/ros2_ws/install/hwpub/local/lib/python3.10/dist-packages/hwpub/hwpub_s__rosidl_typesupport_fastrtps_c.cpython-310-x86_64-linux-gnu.so" to ""
[24.587s] -- Installing: /home/osboxes/ros2_ws/install/hwpub/local/lib/python3.10/dist-packages/hwpub/hwpub_s__rosidl_typesupport_introspection_c.cpython-310-x86_64-linux-gnu.so
[24.588s] -- Set runtime path of "/home/osboxes/ros2_ws/install/hwpub/local/lib/python3.10/dist-packages/hwpub/hwpub_s__rosidl_typesupport_introspection_c.cpython-310-x86_64-linux-gnu.so" to ""
[24.589s] -- Installing: /home/osboxes/ros2_ws/install/hwpub/local/lib/python3.10/dist-packages/hwpub/hwpub_s__rosidl_typesupport_c.cpython-310-x86_64-linux-gnu.so
[24.593s] -- Set runtime path of "/home/osboxes/ros2_ws/install/hwpub/local/lib/python3.10/dist-packages/hwpub/hwpub_s__rosidl_typesupport_c.cpython-310-x86_64-linux-gnu.so" to ""
[24.593s] -- Installing: /home/osboxes/ros2_ws/install/hwpub/lib/libhwpub__rosidl_generator_py.so
[24.597s] -- Set runtime path of "/home/osboxes/ros2_ws/install/hwpub/lib/libhwpub__rosidl_generator_py.so" to ""
[24.598s] -- Installing: /home/osboxes/ros2_ws/install/hwpub/share/hwpub/msg/Hwmsg.idl
[24.599s] -- Installing: /home/osboxes/ros2_ws/install/hwpub/share/hwpub/srv/Customserv.idl
[24.602s] -- Installing: /home/osboxes/ros2_ws/install/hwpub/share/hwpub/msg/Hwmsg.msg
[24.602s] -- Installing: /home/osboxes/ros2_ws/install/hwpub/share/hwpub/srv/Customserv.srv
[24.603s] -- Installing: /home/osboxes/ros2_ws/install/hwpub/share/hwpub/srv/Customserv_Request.msg
[24.603s] -- Installing: /home/osboxes/ros2_ws/install/hwpub/share/hwpub/srv/Customserv_Response.msg
[24.603s] -- Installing: /home/osboxes/ros2_ws/install/hwpub/lib/hwpub/py_move_trajectory.py
[24.609s] -- Installing: /home/osboxes/ros2_ws/install/hwpub/share/ament_index/resource_index/package_run_dependencies/hwpub
[24.612s] -- Installing: /home/osboxes/ros2_ws/install/hwpub/share/ament_index/resource_index/parent_prefix_path/hwpub
[24.612s] -- Installing: /home/osboxes/ros2_ws/install/hwpub/share/hwpub/environment/ament_prefix_path.sh
[24.613s] -- Installing: /home/osboxes/ros2_ws/install/hwpub/share/hwpub/environment/ament_prefix_path.dsv
[24.613s] -- Installing: /home/osboxes/ros2_ws/install/hwpub/share/hwpub/environment/path.sh
[24.613s] -- Installing: /home/osboxes/ros2_ws/install/hwpub/share/hwpub/environment/path.dsv
[24.613s] -- Installing: /home/osboxes/ros2_ws/install/hwpub/share/hwpub/local_setup.bash
[24.620s] -- Installing: /home/osboxes/ros2_ws/install/hwpub/share/hwpub/local_setup.sh
[24.621s] -- Installing: /home/osboxes/ros2_ws/install/hwpub/share/hwpub/local_setup.zsh
[24.621s] -- Installing: /home/osboxes/ros2_ws/install/hwpub/share/hwpub/local_setup.dsv
[24.621s] -- Installing: /home/osboxes/ros2_ws/install/hwpub/share/hwpub/package.dsv
[24.622s] -- Installing: /home/osboxes/ros2_ws/install/hwpub/share/ament_index/resource_index/packages/hwpub
[24.627s] -- Installing: /home/osboxes/ros2_ws/install/hwpub/share/hwpub/cmake/export_hwpub__rosidl_generator_cExport.cmake
[24.628s] -- Installing: /home/osboxes/ros2_ws/install/hwpub/share/hwpub/cmake/export_hwpub__rosidl_generator_cExport-noconfig.cmake
[24.628s] -- Installing: /home/osboxes/ros2_ws/install/hwpub/share/hwpub/cmake/export_hwpub__rosidl_typesupport_fastrtps_cExport.cmake
[24.629s] -- Installing: /home/osboxes/ros2_ws/install/hwpub/share/hwpub/cmake/export_hwpub__rosidl_typesupport_fastrtps_cExport-noconfig.cmake
[24.632s] -- Installing: /home/osboxes/ros2_ws/install/hwpub/share/hwpub/cmake/export_hwpub__rosidl_generator_cppExport.cmake
[24.632s] -- Installing: /home/osboxes/ros2_ws/install/hwpub/share/hwpub/cmake/export_hwpub__rosidl_typesupport_fastrtps_cppExport.cmake
[24.637s] -- Installing: /home/osboxes/ros2_ws/install/hwpub/share/hwpub/cmake/export_hwpub__rosidl_typesupport_fastrtps_cppExport-noconfig.cmake
[24.638s] -- Installing: /home/osboxes/ros2_ws/install/hwpub/share/hwpub/cmake/hwpub__rosidl_typesupport_introspection_cExport.cmake
[24.639s] -- Installing: /home/osboxes/ros2_ws/install/hwpub/share/hwpub/cmake/hwpub__rosidl_typesupport_introspection_cExport-noconfig.cmake
[24.642s] -- Installing: /home/osboxes/ros2_ws/install/hwpub/share/hwpub/cmake/hwpub__rosidl_typesupport_cExport.cmake
[24.642s] -- Installing: /home/osboxes/ros2_ws/install/hwpub/share/hwpub/cmake/hwpub__rosidl_typesupport_cExport-noconfig.cmake
[24.642s] -- Installing: /home/osboxes/ros2_ws/install/hwpub/share/hwpub/cmake/hwpub__rosidl_typesupport_introspection_cppExport.cmake
[24.642s] -- Installing: /home/osboxes/ros2_ws/install/hwpub/share/hwpub/cmake/hwpub__rosidl_typesupport_introspection_cppExport-noconfig.cmake
[24.649s] -- Installing: /home/osboxes/ros2_ws/install/hwpub/share/hwpub/cmake/hwpub__rosidl_typesupport_cppExport.cmake
[24.650s] -- Installing: /home/osboxes/ros2_ws/install/hwpub/share/hwpub/cmake/hwpub__rosidl_typesupport_cppExport-noconfig.cmake
[24.650s] -- Installing: /home/osboxes/ros2_ws/install/hwpub/share/hwpub/cmake/export_hwpub__rosidl_generator_pyExport.cmake
[24.652s] -- Installing: /home/osboxes/ros2_ws/install/hwpub/share/hwpub/cmake/export_hwpub__rosidl_generator_pyExport-noconfig.cmake
[24.652s] -- Installing: /home/osboxes/ros2_ws/install/hwpub/share/hwpub/cmake/rosidl_cmake-extras.cmake
[24.652s] -- Installing: /home/osboxes/ros2_ws/install/hwpub/share/hwpub/cmake/ament_cmake_export_dependencies-extras.cmake
[24.654s] -- Installing: /home/osboxes/ros2_ws/install/hwpub/share/hwpub/cmake/ament_cmake_export_include_directories-extras.cmake
[24.655s] -- Installing: /home/osboxes/ros2_ws/install/hwpub/share/hwpub/cmake/ament_cmake_export_libraries-extras.cmake
[24.656s] -- Installing: /home/osboxes/ros2_ws/install/hwpub/share/hwpub/cmake/ament_cmake_export_targets-extras.cmake
[24.662s] -- Installing: /home/osboxes/ros2_ws/install/hwpub/share/hwpub/cmake/rosidl_cmake_export_typesupport_targets-extras.cmake
[24.662s] -- Installing: /home/osboxes/ros2_ws/install/hwpub/share/hwpub/cmake/rosidl_cmake_export_typesupport_libraries-extras.cmake
[24.663s] -- Installing: /home/osboxes/ros2_ws/install/hwpub/share/hwpub/cmake/hwpubConfig.cmake
[24.665s] -- Installing: /home/osboxes/ros2_ws/install/hwpub/share/hwpub/cmake/hwpubConfig-version.cmake
[24.666s] -- Installing: /home/osboxes/ros2_ws/install/hwpub/share/hwpub/package.xml
[24.682s] Invoked command in '/home/osboxes/ros2_ws/build/hwpub' returned '0': CMAKE_PREFIX_PATH=/opt/ros/humble /usr/bin/cmake --install /home/osboxes/ros2_ws/build/hwpub
