[0.089s] Invoking command in '/home/ilija/ros2_ws/src/RINS/build/hwpub': CMAKE_PREFIX_PATH=${CMAKE_PREFIX_PATH}:/home/ilija/ros2_ws/src/RINS/install/dis_tutorial2:/opt/ros/humble /usr/bin/cmake --build /home/ilija/ros2_ws/src/RINS/build/hwpub -- -j2 -l2
[0.506s] [ 10%] Built target hwpub__rosidl_generator_c
[0.661s] [ 10%] Built target ament_cmake_python_symlink_hwpub
[0.733s] [ 12%] Built target hwpub__cpp
[0.821s] [ 23%] Built target hwpub__rosidl_typesupport_fastrtps_c
[0.971s] [ 33%] Built target hwpub__rosidl_typesupport_introspection_c
[1.053s] [ 43%] Built target hwpub__rosidl_typesupport_c
[1.247s] [ 53%] Built target hwpub__rosidl_typesupport_introspection_cpp
[1.532s] [ 64%] Built target hwpub__rosidl_typesupport_cpp
[1.878s] [ 74%] Built target hwpub__rosidl_typesupport_fastrtps_cpp
[2.087s] [ 74%] Built target hwpub
[2.221s] [ 76%] Built target hwpub__py
[2.386s] [ 84%] Built target hwpub__rosidl_generator_py
[2.528s] [ 89%] Built target hwpub__rosidl_typesupport_fastrtps_c__pyext
[2.633s] [ 94%] Built target hwpub__rosidl_typesupport_introspection_c__pyext
[2.700s] running egg_info
[2.707s] writing hwpub.egg-info/PKG-INFO
[2.711s] writing dependency_links to hwpub.egg-info/dependency_links.txt
[2.715s] writing top-level names to hwpub.egg-info/top_level.txt
[2.722s] reading manifest file 'hwpub.egg-info/SOURCES.txt'
[2.724s] writing manifest file 'hwpub.egg-info/SOURCES.txt'
[2.761s] [100%] Built target hwpub__rosidl_typesupport_c__pyext
[2.818s] [100%] Built target ament_cmake_python_build_hwpub_egg
[2.861s] Invoked command in '/home/ilija/ros2_ws/src/RINS/build/hwpub' returned '0': CMAKE_PREFIX_PATH=${CMAKE_PREFIX_PATH}:/home/ilija/ros2_ws/src/RINS/install/dis_tutorial2:/opt/ros/humble /usr/bin/cmake --build /home/ilija/ros2_ws/src/RINS/build/hwpub -- -j2 -l2
[2.876s] Invoking command in '/home/ilija/ros2_ws/src/RINS/build/hwpub': CMAKE_PREFIX_PATH=${CMAKE_PREFIX_PATH}:/home/ilija/ros2_ws/src/RINS/install/dis_tutorial2:/opt/ros/humble /usr/bin/cmake --install /home/ilija/ros2_ws/src/RINS/build/hwpub
[2.903s] -- Install configuration: ""
[2.907s] -- Execute custom install script
[2.910s] -- Up-to-date symlink: /home/ilija/ros2_ws/src/RINS/install/hwpub/share/ament_index/resource_index/rosidl_interfaces/hwpub
[2.915s] -- Up-to-date symlink: /home/ilija/ros2_ws/src/RINS/install/hwpub/include/hwpub/hwpub/msg/detail/hwmsg__functions.h
[2.917s] -- Up-to-date symlink: /home/ilija/ros2_ws/src/RINS/install/hwpub/include/hwpub/hwpub/msg/detail/hwmsg__struct.h
[2.918s] -- Up-to-date symlink: /home/ilija/ros2_ws/src/RINS/install/hwpub/include/hwpub/hwpub/msg/detail/hwmsg__type_support.h
[2.919s] -- Up-to-date symlink: /home/ilija/ros2_ws/src/RINS/install/hwpub/include/hwpub/hwpub/msg/hwmsg.h
[2.919s] -- Up-to-date symlink: /home/ilija/ros2_ws/src/RINS/install/hwpub/include/hwpub/hwpub/msg/rosidl_generator_c__visibility_control.h
[2.921s] -- Up-to-date symlink: /home/ilija/ros2_ws/src/RINS/install/hwpub/include/hwpub/hwpub/srv/customserv.h
[2.921s] -- Up-to-date symlink: /home/ilija/ros2_ws/src/RINS/install/hwpub/include/hwpub/hwpub/srv/detail/customserv__functions.h
[2.922s] -- Up-to-date symlink: /home/ilija/ros2_ws/src/RINS/install/hwpub/include/hwpub/hwpub/srv/detail/customserv__struct.h
[2.925s] -- Up-to-date symlink: /home/ilija/ros2_ws/src/RINS/install/hwpub/include/hwpub/hwpub/srv/detail/customserv__type_support.h
[2.926s] -- Up-to-date symlink: /home/ilija/ros2_ws/src/RINS/install/hwpub/share/hwpub/environment/library_path.sh
[2.927s] -- Up-to-date symlink: /home/ilija/ros2_ws/src/RINS/install/hwpub/share/hwpub/environment/library_path.dsv
[2.935s] -- Up-to-date symlink: /home/ilija/ros2_ws/src/RINS/install/hwpub/include/hwpub/hwpub/msg/detail/hwmsg__rosidl_typesupport_fastrtps_c.h
[2.936s] -- Up-to-date symlink: /home/ilija/ros2_ws/src/RINS/install/hwpub/include/hwpub/hwpub/msg/rosidl_typesupport_fastrtps_c__visibility_control.h
[2.936s] -- Up-to-date symlink: /home/ilija/ros2_ws/src/RINS/install/hwpub/include/hwpub/hwpub/srv/detail/customserv__rosidl_typesupport_fastrtps_c.h
[2.940s] -- Up-to-date symlink: /home/ilija/ros2_ws/src/RINS/install/hwpub/include/hwpub/hwpub/msg/detail/hwmsg__builder.hpp
[2.941s] -- Up-to-date symlink: /home/ilija/ros2_ws/src/RINS/install/hwpub/include/hwpub/hwpub/msg/detail/hwmsg__struct.hpp
[2.942s] -- Up-to-date symlink: /home/ilija/ros2_ws/src/RINS/install/hwpub/include/hwpub/hwpub/msg/detail/hwmsg__traits.hpp
[2.943s] -- Up-to-date symlink: /home/ilija/ros2_ws/src/RINS/install/hwpub/include/hwpub/hwpub/msg/detail/hwmsg__type_support.hpp
[2.943s] -- Up-to-date symlink: /home/ilija/ros2_ws/src/RINS/install/hwpub/include/hwpub/hwpub/msg/hwmsg.hpp
[2.945s] -- Up-to-date symlink: /home/ilija/ros2_ws/src/RINS/install/hwpub/include/hwpub/hwpub/msg/rosidl_generator_cpp__visibility_control.hpp
[2.946s] -- Up-to-date symlink: /home/ilija/ros2_ws/src/RINS/install/hwpub/include/hwpub/hwpub/srv/customserv.hpp
[2.947s] -- Up-to-date symlink: /home/ilija/ros2_ws/src/RINS/install/hwpub/include/hwpub/hwpub/srv/detail/customserv__builder.hpp
[2.947s] -- Up-to-date symlink: /home/ilija/ros2_ws/src/RINS/install/hwpub/include/hwpub/hwpub/srv/detail/customserv__struct.hpp
[2.948s] -- Up-to-date symlink: /home/ilija/ros2_ws/src/RINS/install/hwpub/include/hwpub/hwpub/srv/detail/customserv__traits.hpp
[2.949s] -- Up-to-date symlink: /home/ilija/ros2_ws/src/RINS/install/hwpub/include/hwpub/hwpub/srv/detail/customserv__type_support.hpp
[2.954s] -- Up-to-date symlink: /home/ilija/ros2_ws/src/RINS/install/hwpub/include/hwpub/hwpub/msg/detail/hwmsg__rosidl_typesupport_fastrtps_cpp.hpp
[2.954s] -- Up-to-date symlink: /home/ilija/ros2_ws/src/RINS/install/hwpub/include/hwpub/hwpub/msg/rosidl_typesupport_fastrtps_cpp__visibility_control.h
[2.957s] -- Up-to-date symlink: /home/ilija/ros2_ws/src/RINS/install/hwpub/include/hwpub/hwpub/srv/detail/customserv__rosidl_typesupport_fastrtps_cpp.hpp
[2.958s] -- Up-to-date symlink: /home/ilija/ros2_ws/src/RINS/install/hwpub/include/hwpub/hwpub/msg/detail/hwmsg__rosidl_typesupport_introspection_c.h
[2.961s] -- Up-to-date symlink: /home/ilija/ros2_ws/src/RINS/install/hwpub/include/hwpub/hwpub/msg/rosidl_typesupport_introspection_c__visibility_control.h
[2.961s] -- Up-to-date symlink: /home/ilija/ros2_ws/src/RINS/install/hwpub/include/hwpub/hwpub/srv/detail/customserv__rosidl_typesupport_introspection_c.h
[2.962s] -- Up-to-date symlink: /home/ilija/ros2_ws/src/RINS/install/hwpub/include/hwpub/hwpub/msg/detail/hwmsg__rosidl_typesupport_introspection_cpp.hpp
[2.963s] -- Up-to-date symlink: /home/ilija/ros2_ws/src/RINS/install/hwpub/include/hwpub/hwpub/srv/detail/customserv__rosidl_typesupport_introspection_cpp.hpp
[2.963s] -- Up-to-date symlink: /home/ilija/ros2_ws/src/RINS/install/hwpub/share/hwpub/environment/pythonpath.sh
[2.965s] -- Up-to-date symlink: /home/ilija/ros2_ws/src/RINS/install/hwpub/share/hwpub/environment/pythonpath.dsv
[2.965s] -- Up-to-date symlink: /home/ilija/ros2_ws/src/RINS/install/hwpub/local/lib/python3.10/dist-packages/hwpub-0.0.1-py3.10.egg-info/PKG-INFO
[2.966s] -- Up-to-date symlink: /home/ilija/ros2_ws/src/RINS/install/hwpub/local/lib/python3.10/dist-packages/hwpub-0.0.1-py3.10.egg-info/SOURCES.txt
[2.968s] -- Up-to-date symlink: /home/ilija/ros2_ws/src/RINS/install/hwpub/local/lib/python3.10/dist-packages/hwpub-0.0.1-py3.10.egg-info/dependency_links.txt
[2.968s] -- Up-to-date symlink: /home/ilija/ros2_ws/src/RINS/install/hwpub/local/lib/python3.10/dist-packages/hwpub-0.0.1-py3.10.egg-info/top_level.txt
[2.971s] -- Up-to-date symlink: /home/ilija/ros2_ws/src/RINS/install/hwpub/local/lib/python3.10/dist-packages/hwpub/__init__.py
[2.972s] -- Up-to-date symlink: /home/ilija/ros2_ws/src/RINS/install/hwpub/local/lib/python3.10/dist-packages/hwpub/_hwpub_s.ep.rosidl_typesupport_c.c
[2.973s] -- Up-to-date symlink: /home/ilija/ros2_ws/src/RINS/install/hwpub/local/lib/python3.10/dist-packages/hwpub/_hwpub_s.ep.rosidl_typesupport_fastrtps_c.c
[2.973s] -- Up-to-date symlink: /home/ilija/ros2_ws/src/RINS/install/hwpub/local/lib/python3.10/dist-packages/hwpub/_hwpub_s.ep.rosidl_typesupport_introspection_c.c
[2.975s] -- Up-to-date symlink: /home/ilija/ros2_ws/src/RINS/install/hwpub/local/lib/python3.10/dist-packages/hwpub/hwpub_s__rosidl_typesupport_c.cpython-310-x86_64-linux-gnu.so
[2.976s] -- Up-to-date symlink: /home/ilija/ros2_ws/src/RINS/install/hwpub/local/lib/python3.10/dist-packages/hwpub/hwpub_s__rosidl_typesupport_fastrtps_c.cpython-310-x86_64-linux-gnu.so
[2.977s] -- Up-to-date symlink: /home/ilija/ros2_ws/src/RINS/install/hwpub/local/lib/python3.10/dist-packages/hwpub/hwpub_s__rosidl_typesupport_introspection_c.cpython-310-x86_64-linux-gnu.so
[2.977s] -- Up-to-date symlink: /home/ilija/ros2_ws/src/RINS/install/hwpub/local/lib/python3.10/dist-packages/hwpub/libhwpub__rosidl_generator_py.so
[2.979s] -- Up-to-date symlink: /home/ilija/ros2_ws/src/RINS/install/hwpub/local/lib/python3.10/dist-packages/hwpub/msg/__init__.py
[2.980s] -- Up-to-date symlink: /home/ilija/ros2_ws/src/RINS/install/hwpub/local/lib/python3.10/dist-packages/hwpub/msg/_hwmsg.py
[2.980s] -- Up-to-date symlink: /home/ilija/ros2_ws/src/RINS/install/hwpub/local/lib/python3.10/dist-packages/hwpub/msg/_hwmsg_s.c
[2.981s] -- Up-to-date symlink: /home/ilija/ros2_ws/src/RINS/install/hwpub/local/lib/python3.10/dist-packages/hwpub/srv/__init__.py
[2.982s] -- Up-to-date symlink: /home/ilija/ros2_ws/src/RINS/install/hwpub/local/lib/python3.10/dist-packages/hwpub/srv/_customserv.py
[2.983s] -- Up-to-date symlink: /home/ilija/ros2_ws/src/RINS/install/hwpub/local/lib/python3.10/dist-packages/hwpub/srv/_customserv_s.c
[2.984s] -- Up-to-date symlink: /home/ilija/ros2_ws/src/RINS/install/hwpub/local/lib/python3.10/dist-packages/hwpub/hwpub_s__rosidl_typesupport_fastrtps_c.cpython-310-x86_64-linux-gnu.so
[2.985s] -- Up-to-date symlink: /home/ilija/ros2_ws/src/RINS/install/hwpub/local/lib/python3.10/dist-packages/hwpub/hwpub_s__rosidl_typesupport_introspection_c.cpython-310-x86_64-linux-gnu.so
[2.986s] -- Up-to-date symlink: /home/ilija/ros2_ws/src/RINS/install/hwpub/local/lib/python3.10/dist-packages/hwpub/hwpub_s__rosidl_typesupport_c.cpython-310-x86_64-linux-gnu.so
[2.988s] -- Up-to-date symlink: /home/ilija/ros2_ws/src/RINS/install/hwpub/share/hwpub/msg/Hwmsg.idl
[2.989s] -- Up-to-date symlink: /home/ilija/ros2_ws/src/RINS/install/hwpub/share/hwpub/srv/Customserv.idl
[2.989s] -- Up-to-date symlink: /home/ilija/ros2_ws/src/RINS/install/hwpub/share/hwpub/msg/Hwmsg.msg
[2.990s] -- Up-to-date symlink: /home/ilija/ros2_ws/src/RINS/install/hwpub/share/hwpub/srv/Customserv.srv
[2.991s] -- Up-to-date symlink: /home/ilija/ros2_ws/src/RINS/install/hwpub/share/hwpub/srv/Customserv_Request.msg
[2.992s] -- Up-to-date symlink: /home/ilija/ros2_ws/src/RINS/install/hwpub/share/hwpub/srv/Customserv_Response.msg
[2.992s] -- Up-to-date symlink: /home/ilija/ros2_ws/src/RINS/install/hwpub/lib/hwpub/py_move_trajectory.py
[2.994s] -- Up-to-date symlink: /home/ilija/ros2_ws/src/RINS/install/hwpub/share/ament_index/resource_index/package_run_dependencies/hwpub
[2.995s] -- Up-to-date symlink: /home/ilija/ros2_ws/src/RINS/install/hwpub/share/ament_index/resource_index/parent_prefix_path/hwpub
[2.996s] -- Up-to-date symlink: /home/ilija/ros2_ws/src/RINS/install/hwpub/share/hwpub/environment/ament_prefix_path.sh
[2.996s] -- Up-to-date symlink: /home/ilija/ros2_ws/src/RINS/install/hwpub/share/hwpub/environment/ament_prefix_path.dsv
[2.997s] -- Up-to-date symlink: /home/ilija/ros2_ws/src/RINS/install/hwpub/share/hwpub/environment/path.sh
[2.997s] -- Up-to-date symlink: /home/ilija/ros2_ws/src/RINS/install/hwpub/share/hwpub/environment/path.dsv
[2.998s] -- Up-to-date symlink: /home/ilija/ros2_ws/src/RINS/install/hwpub/share/hwpub/local_setup.bash
[2.999s] -- Up-to-date symlink: /home/ilija/ros2_ws/src/RINS/install/hwpub/share/hwpub/local_setup.sh
[3.000s] -- Up-to-date symlink: /home/ilija/ros2_ws/src/RINS/install/hwpub/share/hwpub/local_setup.zsh
[3.001s] -- Up-to-date symlink: /home/ilija/ros2_ws/src/RINS/install/hwpub/share/hwpub/local_setup.dsv
[3.001s] -- Symlinking: /home/ilija/ros2_ws/src/RINS/install/hwpub/share/hwpub/package.dsv
[3.034s] -- Up-to-date symlink: /home/ilija/ros2_ws/src/RINS/install/hwpub/share/ament_index/resource_index/packages/hwpub
[3.036s] -- Up-to-date symlink: /home/ilija/ros2_ws/src/RINS/install/hwpub/share/hwpub/cmake/rosidl_cmake-extras.cmake
[3.036s] -- Up-to-date symlink: /home/ilija/ros2_ws/src/RINS/install/hwpub/share/hwpub/cmake/ament_cmake_export_dependencies-extras.cmake
[3.037s] -- Up-to-date symlink: /home/ilija/ros2_ws/src/RINS/install/hwpub/share/hwpub/cmake/ament_cmake_export_include_directories-extras.cmake
[3.038s] -- Up-to-date symlink: /home/ilija/ros2_ws/src/RINS/install/hwpub/share/hwpub/cmake/ament_cmake_export_libraries-extras.cmake
[3.040s] -- Up-to-date symlink: /home/ilija/ros2_ws/src/RINS/install/hwpub/share/hwpub/cmake/ament_cmake_export_targets-extras.cmake
[3.040s] -- Up-to-date symlink: /home/ilija/ros2_ws/src/RINS/install/hwpub/share/hwpub/cmake/rosidl_cmake_export_typesupport_targets-extras.cmake
[3.041s] -- Up-to-date symlink: /home/ilija/ros2_ws/src/RINS/install/hwpub/share/hwpub/cmake/rosidl_cmake_export_typesupport_libraries-extras.cmake
[3.045s] -- Up-to-date symlink: /home/ilija/ros2_ws/src/RINS/install/hwpub/share/hwpub/cmake/hwpubConfig.cmake
[3.045s] -- Up-to-date symlink: /home/ilija/ros2_ws/src/RINS/install/hwpub/share/hwpub/cmake/hwpubConfig-version.cmake
[3.045s] -- Up-to-date symlink: /home/ilija/ros2_ws/src/RINS/install/hwpub/share/hwpub/package.xml
[3.047s] -- Up-to-date: /home/ilija/ros2_ws/src/RINS/install/hwpub/lib/libhwpub__rosidl_generator_c.so
[3.050s] -- Up-to-date: /home/ilija/ros2_ws/src/RINS/install/hwpub/lib/libhwpub__rosidl_typesupport_fastrtps_c.so
[3.053s] -- Up-to-date: /home/ilija/ros2_ws/src/RINS/install/hwpub/lib/libhwpub__rosidl_typesupport_fastrtps_cpp.so
[3.056s] -- Up-to-date: /home/ilija/ros2_ws/src/RINS/install/hwpub/lib/libhwpub__rosidl_typesupport_introspection_c.so
[3.058s] -- Up-to-date: /home/ilija/ros2_ws/src/RINS/install/hwpub/lib/libhwpub__rosidl_typesupport_c.so
[3.061s] -- Up-to-date: /home/ilija/ros2_ws/src/RINS/install/hwpub/lib/libhwpub__rosidl_typesupport_introspection_cpp.so
[3.064s] -- Up-to-date: /home/ilija/ros2_ws/src/RINS/install/hwpub/lib/libhwpub__rosidl_typesupport_cpp.so
[3.182s] Listing '/home/ilija/ros2_ws/src/RINS/install/hwpub/local/lib/python3.10/dist-packages/hwpub'...
[3.182s] Listing '/home/ilija/ros2_ws/src/RINS/install/hwpub/local/lib/python3.10/dist-packages/hwpub/msg'...
[3.182s] Listing '/home/ilija/ros2_ws/src/RINS/install/hwpub/local/lib/python3.10/dist-packages/hwpub/srv'...
[3.197s] -- Up-to-date: /home/ilija/ros2_ws/src/RINS/install/hwpub/lib/libhwpub__rosidl_generator_py.so
[3.200s] -- Up-to-date: /home/ilija/ros2_ws/src/RINS/install/hwpub/share/hwpub/cmake/export_hwpub__rosidl_generator_cExport.cmake
[3.200s] -- Up-to-date: /home/ilija/ros2_ws/src/RINS/install/hwpub/share/hwpub/cmake/export_hwpub__rosidl_generator_cExport-noconfig.cmake
[3.203s] -- Up-to-date: /home/ilija/ros2_ws/src/RINS/install/hwpub/share/hwpub/cmake/export_hwpub__rosidl_typesupport_fastrtps_cExport.cmake
[3.203s] -- Up-to-date: /home/ilija/ros2_ws/src/RINS/install/hwpub/share/hwpub/cmake/export_hwpub__rosidl_typesupport_fastrtps_cExport-noconfig.cmake
[3.203s] -- Up-to-date: /home/ilija/ros2_ws/src/RINS/install/hwpub/share/hwpub/cmake/export_hwpub__rosidl_generator_cppExport.cmake
[3.205s] -- Up-to-date: /home/ilija/ros2_ws/src/RINS/install/hwpub/share/hwpub/cmake/export_hwpub__rosidl_typesupport_fastrtps_cppExport.cmake
[3.205s] -- Up-to-date: /home/ilija/ros2_ws/src/RINS/install/hwpub/share/hwpub/cmake/export_hwpub__rosidl_typesupport_fastrtps_cppExport-noconfig.cmake
[3.207s] -- Up-to-date: /home/ilija/ros2_ws/src/RINS/install/hwpub/share/hwpub/cmake/hwpub__rosidl_typesupport_introspection_cExport.cmake
[3.207s] -- Up-to-date: /home/ilija/ros2_ws/src/RINS/install/hwpub/share/hwpub/cmake/hwpub__rosidl_typesupport_introspection_cExport-noconfig.cmake
[3.209s] -- Up-to-date: /home/ilija/ros2_ws/src/RINS/install/hwpub/share/hwpub/cmake/hwpub__rosidl_typesupport_cExport.cmake
[3.209s] -- Up-to-date: /home/ilija/ros2_ws/src/RINS/install/hwpub/share/hwpub/cmake/hwpub__rosidl_typesupport_cExport-noconfig.cmake
[3.210s] -- Up-to-date: /home/ilija/ros2_ws/src/RINS/install/hwpub/share/hwpub/cmake/hwpub__rosidl_typesupport_introspection_cppExport.cmake
[3.211s] -- Up-to-date: /home/ilija/ros2_ws/src/RINS/install/hwpub/share/hwpub/cmake/hwpub__rosidl_typesupport_introspection_cppExport-noconfig.cmake
[3.212s] -- Up-to-date: /home/ilija/ros2_ws/src/RINS/install/hwpub/share/hwpub/cmake/hwpub__rosidl_typesupport_cppExport.cmake
[3.212s] -- Up-to-date: /home/ilija/ros2_ws/src/RINS/install/hwpub/share/hwpub/cmake/hwpub__rosidl_typesupport_cppExport-noconfig.cmake
[3.214s] -- Up-to-date: /home/ilija/ros2_ws/src/RINS/install/hwpub/share/hwpub/cmake/export_hwpub__rosidl_generator_pyExport.cmake
[3.214s] -- Up-to-date: /home/ilija/ros2_ws/src/RINS/install/hwpub/share/hwpub/cmake/export_hwpub__rosidl_generator_pyExport-noconfig.cmake
[3.225s] Invoked command in '/home/ilija/ros2_ws/src/RINS/build/hwpub' returned '0': CMAKE_PREFIX_PATH=${CMAKE_PREFIX_PATH}:/home/ilija/ros2_ws/src/RINS/install/dis_tutorial2:/opt/ros/humble /usr/bin/cmake --install /home/ilija/ros2_ws/src/RINS/build/hwpub
