[1.338s] DEBUG:colcon:Command line arguments: ['/usr/bin/colcon', 'build']
[1.338s] DEBUG:colcon:Parsed command line arguments: Namespace(log_base=None, log_level=None, verb_name='build', build_base='build', install_base='install', merge_install=False, symlink_install=False, test_result_base=None, continue_on_error=False, executor='parallel', parallel_workers=4, event_handlers=None, ignore_user_meta=False, metas=['./colcon.meta'], base_paths=['.'], packages_ignore=None, packages_ignore_regex=None, paths=None, packages_up_to=None, packages_up_to_regex=None, packages_above=None, packages_above_and_dependencies=None, packages_above_depth=None, packages_select_by_dep=None, packages_skip_by_dep=None, packages_skip_up_to=None, packages_select_build_failed=False, packages_skip_build_finished=False, packages_select_test_failures=False, packages_skip_test_passed=False, packages_select=None, packages_skip=None, packages_select_regex=None, packages_skip_regex=None, packages_start=None, packages_end=None, allow_overriding=[], cmake_args=None, cmake_target=None, cmake_target_skip_unavailable=False, cmake_clean_cache=False, cmake_clean_first=False, cmake_force_configure=False, ament_cmake_args=None, catkin_cmake_args=None, catkin_skip_building_tests=False, mixin_files=None, mixin=None, verb_parser=<colcon_mixin.mixin.mixin_argument.MixinArgumentDecorator object at 0x780d66d68ca0>, verb_extension=<colcon_core.verb.build.BuildVerb object at 0x780d66d68370>, main=<bound method BuildVerb.main of <colcon_core.verb.build.BuildVerb object at 0x780d66d68370>>, mixin_verb=('build',))
[2.285s] Level 1:colcon.colcon_core.package_discovery:discover_packages(colcon_meta) check parameters
[2.286s] Level 1:colcon.colcon_core.package_discovery:discover_packages(recursive) check parameters
[2.286s] Level 1:colcon.colcon_core.package_discovery:discover_packages(ignore) check parameters
[2.286s] Level 1:colcon.colcon_core.package_discovery:discover_packages(path) check parameters
[2.286s] Level 1:colcon.colcon_core.package_discovery:discover_packages(colcon_meta) discover
[2.286s] Level 1:colcon.colcon_core.package_discovery:discover_packages(recursive) discover
[2.286s] INFO:colcon.colcon_core.package_discovery:Crawling recursively for packages in '/home/osboxes/ros2_ws'
[2.286s] Level 1:colcon.colcon_core.package_identification:_identify(.) by extensions ['ignore', 'ignore_ament_install']
[2.287s] Level 1:colcon.colcon_core.package_identification:_identify(.) by extension 'ignore'
[2.287s] Level 1:colcon.colcon_core.package_identification:_identify(.) by extension 'ignore_ament_install'
[2.287s] Level 1:colcon.colcon_core.package_identification:_identify(.) by extensions ['colcon_pkg']
[2.287s] Level 1:colcon.colcon_core.package_identification:_identify(.) by extension 'colcon_pkg'
[2.287s] Level 1:colcon.colcon_core.package_identification:_identify(.) by extensions ['colcon_meta']
[2.287s] Level 1:colcon.colcon_core.package_identification:_identify(.) by extension 'colcon_meta'
[2.287s] Level 1:colcon.colcon_core.package_identification:_identify(.) by extensions ['ros']
[2.287s] Level 1:colcon.colcon_core.package_identification:_identify(.) by extension 'ros'
[2.325s] Level 1:colcon.colcon_core.package_identification:_identify(.) by extensions ['cmake', 'python']
[2.325s] Level 1:colcon.colcon_core.package_identification:_identify(.) by extension 'cmake'
[2.326s] Level 1:colcon.colcon_core.package_identification:_identify(.) by extension 'python'
[2.326s] Level 1:colcon.colcon_core.package_identification:_identify(.) by extensions ['python_setup_py']
[2.326s] Level 1:colcon.colcon_core.package_identification:_identify(.) by extension 'python_setup_py'
[2.326s] Level 1:colcon.colcon_core.package_identification:_identify(build) by extensions ['ignore', 'ignore_ament_install']
[2.326s] Level 1:colcon.colcon_core.package_identification:_identify(build) by extension 'ignore'
[2.327s] Level 1:colcon.colcon_core.package_identification:_identify(build) ignored
[2.327s] Level 1:colcon.colcon_core.package_identification:_identify(install) by extensions ['ignore', 'ignore_ament_install']
[2.327s] Level 1:colcon.colcon_core.package_identification:_identify(install) by extension 'ignore'
[2.327s] Level 1:colcon.colcon_core.package_identification:_identify(install) ignored
[2.327s] Level 1:colcon.colcon_core.package_identification:_identify(log) by extensions ['ignore', 'ignore_ament_install']
[2.328s] Level 1:colcon.colcon_core.package_identification:_identify(log) by extension 'ignore'
[2.328s] Level 1:colcon.colcon_core.package_identification:_identify(log) ignored
[2.328s] Level 1:colcon.colcon_core.package_identification:_identify(src) by extensions ['ignore', 'ignore_ament_install']
[2.328s] Level 1:colcon.colcon_core.package_identification:_identify(src) by extension 'ignore'
[2.328s] Level 1:colcon.colcon_core.package_identification:_identify(src) by extension 'ignore_ament_install'
[2.328s] Level 1:colcon.colcon_core.package_identification:_identify(src) by extensions ['colcon_pkg']
[2.328s] Level 1:colcon.colcon_core.package_identification:_identify(src) by extension 'colcon_pkg'
[2.328s] Level 1:colcon.colcon_core.package_identification:_identify(src) by extensions ['colcon_meta']
[2.329s] Level 1:colcon.colcon_core.package_identification:_identify(src) by extension 'colcon_meta'
[2.329s] Level 1:colcon.colcon_core.package_identification:_identify(src) by extensions ['ros']
[2.329s] Level 1:colcon.colcon_core.package_identification:_identify(src) by extension 'ros'
[2.329s] Level 1:colcon.colcon_core.package_identification:_identify(src) by extensions ['cmake', 'python']
[2.329s] Level 1:colcon.colcon_core.package_identification:_identify(src) by extension 'cmake'
[2.329s] Level 1:colcon.colcon_core.package_identification:_identify(src) by extension 'python'
[2.329s] Level 1:colcon.colcon_core.package_identification:_identify(src) by extensions ['python_setup_py']
[2.329s] Level 1:colcon.colcon_core.package_identification:_identify(src) by extension 'python_setup_py'
[2.330s] Level 1:colcon.colcon_core.package_identification:_identify(src/dis_tutorial1) by extensions ['ignore', 'ignore_ament_install']
[2.330s] Level 1:colcon.colcon_core.package_identification:_identify(src/dis_tutorial1) by extension 'ignore'
[2.330s] Level 1:colcon.colcon_core.package_identification:_identify(src/dis_tutorial1) by extension 'ignore_ament_install'
[2.330s] Level 1:colcon.colcon_core.package_identification:_identify(src/dis_tutorial1) by extensions ['colcon_pkg']
[2.330s] Level 1:colcon.colcon_core.package_identification:_identify(src/dis_tutorial1) by extension 'colcon_pkg'
[2.330s] Level 1:colcon.colcon_core.package_identification:_identify(src/dis_tutorial1) by extensions ['colcon_meta']
[2.330s] Level 1:colcon.colcon_core.package_identification:_identify(src/dis_tutorial1) by extension 'colcon_meta'
[2.330s] Level 1:colcon.colcon_core.package_identification:_identify(src/dis_tutorial1) by extensions ['ros']
[2.330s] Level 1:colcon.colcon_core.package_identification:_identify(src/dis_tutorial1) by extension 'ros'
[2.341s] DEBUG:colcon.colcon_core.package_identification:Package 'src/dis_tutorial1' with type 'ros.ament_cmake' and name 'dis_tutorial1'
[2.342s] Level 1:colcon.colcon_core.package_identification:_identify(src/dis_tutorial2) by extensions ['ignore', 'ignore_ament_install']
[2.342s] Level 1:colcon.colcon_core.package_identification:_identify(src/dis_tutorial2) by extension 'ignore'
[2.342s] Level 1:colcon.colcon_core.package_identification:_identify(src/dis_tutorial2) by extension 'ignore_ament_install'
[2.342s] Level 1:colcon.colcon_core.package_identification:_identify(src/dis_tutorial2) by extensions ['colcon_pkg']
[2.343s] Level 1:colcon.colcon_core.package_identification:_identify(src/dis_tutorial2) by extension 'colcon_pkg'
[2.343s] Level 1:colcon.colcon_core.package_identification:_identify(src/dis_tutorial2) by extensions ['colcon_meta']
[2.343s] Level 1:colcon.colcon_core.package_identification:_identify(src/dis_tutorial2) by extension 'colcon_meta'
[2.343s] Level 1:colcon.colcon_core.package_identification:_identify(src/dis_tutorial2) by extensions ['ros']
[2.343s] Level 1:colcon.colcon_core.package_identification:_identify(src/dis_tutorial2) by extension 'ros'
[2.345s] DEBUG:colcon.colcon_core.package_identification:Package 'src/dis_tutorial2' with type 'ros.ament_python' and name 'dis_tutorial2'
[2.346s] Level 1:colcon.colcon_core.package_identification:_identify(src/hwpub) by extensions ['ignore', 'ignore_ament_install']
[2.346s] Level 1:colcon.colcon_core.package_identification:_identify(src/hwpub) by extension 'ignore'
[2.346s] Level 1:colcon.colcon_core.package_identification:_identify(src/hwpub) by extension 'ignore_ament_install'
[2.346s] Level 1:colcon.colcon_core.package_identification:_identify(src/hwpub) by extensions ['colcon_pkg']
[2.346s] Level 1:colcon.colcon_core.package_identification:_identify(src/hwpub) by extension 'colcon_pkg'
[2.346s] Level 1:colcon.colcon_core.package_identification:_identify(src/hwpub) by extensions ['colcon_meta']
[2.346s] Level 1:colcon.colcon_core.package_identification:_identify(src/hwpub) by extension 'colcon_meta'
[2.346s] Level 1:colcon.colcon_core.package_identification:_identify(src/hwpub) by extensions ['ros']
[2.346s] Level 1:colcon.colcon_core.package_identification:_identify(src/hwpub) by extension 'ros'
[2.349s] DEBUG:colcon.colcon_core.package_identification:Package 'src/hwpub' with type 'ros.ament_cmake' and name 'hwpub'
[2.349s] Level 1:colcon.colcon_core.package_discovery:discover_packages(recursive) using defaults
[2.349s] Level 1:colcon.colcon_core.package_discovery:discover_packages(ignore) discover
[2.349s] Level 1:colcon.colcon_core.package_discovery:discover_packages(ignore) using defaults
[2.349s] Level 1:colcon.colcon_core.package_discovery:discover_packages(path) discover
[2.349s] Level 1:colcon.colcon_core.package_discovery:discover_packages(path) using defaults
[2.459s] Level 1:colcon.colcon_core.package_discovery:discover_packages(prefix_path) check parameters
[2.459s] Level 1:colcon.colcon_core.package_discovery:discover_packages(prefix_path) discover
[2.476s] DEBUG:colcon.colcon_installed_package_information.package_discovery:Found 271 installed packages in /opt/ros/humble
[2.480s] Level 1:colcon.colcon_core.package_discovery:discover_packages(prefix_path) using defaults
[2.558s] Level 5:colcon.colcon_core.verb:set package 'dis_tutorial1' build argument 'cmake_args' from command line to 'None'
[2.558s] Level 5:colcon.colcon_core.verb:set package 'dis_tutorial1' build argument 'cmake_target' from command line to 'None'
[2.558s] Level 5:colcon.colcon_core.verb:set package 'dis_tutorial1' build argument 'cmake_target_skip_unavailable' from command line to 'False'
[2.558s] Level 5:colcon.colcon_core.verb:set package 'dis_tutorial1' build argument 'cmake_clean_cache' from command line to 'False'
[2.558s] Level 5:colcon.colcon_core.verb:set package 'dis_tutorial1' build argument 'cmake_clean_first' from command line to 'False'
[2.558s] Level 5:colcon.colcon_core.verb:set package 'dis_tutorial1' build argument 'cmake_force_configure' from command line to 'False'
[2.558s] Level 5:colcon.colcon_core.verb:set package 'dis_tutorial1' build argument 'ament_cmake_args' from command line to 'None'
[2.559s] Level 5:colcon.colcon_core.verb:set package 'dis_tutorial1' build argument 'catkin_cmake_args' from command line to 'None'
[2.559s] Level 5:colcon.colcon_core.verb:set package 'dis_tutorial1' build argument 'catkin_skip_building_tests' from command line to 'False'
[2.559s] DEBUG:colcon.colcon_core.verb:Building package 'dis_tutorial1' with the following arguments: {'ament_cmake_args': None, 'build_base': '/home/osboxes/ros2_ws/build/dis_tutorial1', 'catkin_cmake_args': None, 'catkin_skip_building_tests': False, 'cmake_args': None, 'cmake_clean_cache': False, 'cmake_clean_first': False, 'cmake_force_configure': False, 'cmake_target': None, 'cmake_target_skip_unavailable': False, 'install_base': '/home/osboxes/ros2_ws/install/dis_tutorial1', 'merge_install': False, 'path': '/home/osboxes/ros2_ws/src/dis_tutorial1', 'symlink_install': False, 'test_result_base': None}
[2.559s] Level 5:colcon.colcon_core.verb:set package 'dis_tutorial2' build argument 'cmake_args' from command line to 'None'
[2.559s] Level 5:colcon.colcon_core.verb:set package 'dis_tutorial2' build argument 'cmake_target' from command line to 'None'
[2.559s] Level 5:colcon.colcon_core.verb:set package 'dis_tutorial2' build argument 'cmake_target_skip_unavailable' from command line to 'False'
[2.559s] Level 5:colcon.colcon_core.verb:set package 'dis_tutorial2' build argument 'cmake_clean_cache' from command line to 'False'
[2.559s] Level 5:colcon.colcon_core.verb:set package 'dis_tutorial2' build argument 'cmake_clean_first' from command line to 'False'
[2.559s] Level 5:colcon.colcon_core.verb:set package 'dis_tutorial2' build argument 'cmake_force_configure' from command line to 'False'
[2.559s] Level 5:colcon.colcon_core.verb:set package 'dis_tutorial2' build argument 'ament_cmake_args' from command line to 'None'
[2.560s] Level 5:colcon.colcon_core.verb:set package 'dis_tutorial2' build argument 'catkin_cmake_args' from command line to 'None'
[2.560s] Level 5:colcon.colcon_core.verb:set package 'dis_tutorial2' build argument 'catkin_skip_building_tests' from command line to 'False'
[2.560s] DEBUG:colcon.colcon_core.verb:Building package 'dis_tutorial2' with the following arguments: {'ament_cmake_args': None, 'build_base': '/home/osboxes/ros2_ws/build/dis_tutorial2', 'catkin_cmake_args': None, 'catkin_skip_building_tests': False, 'cmake_args': None, 'cmake_clean_cache': False, 'cmake_clean_first': False, 'cmake_force_configure': False, 'cmake_target': None, 'cmake_target_skip_unavailable': False, 'install_base': '/home/osboxes/ros2_ws/install/dis_tutorial2', 'merge_install': False, 'path': '/home/osboxes/ros2_ws/src/dis_tutorial2', 'symlink_install': False, 'test_result_base': None}
[2.560s] Level 5:colcon.colcon_core.verb:set package 'hwpub' build argument 'cmake_args' from command line to 'None'
[2.560s] Level 5:colcon.colcon_core.verb:set package 'hwpub' build argument 'cmake_target' from command line to 'None'
[2.561s] Level 5:colcon.colcon_core.verb:set package 'hwpub' build argument 'cmake_target_skip_unavailable' from command line to 'False'
[2.561s] Level 5:colcon.colcon_core.verb:set package 'hwpub' build argument 'cmake_clean_cache' from command line to 'False'
[2.561s] Level 5:colcon.colcon_core.verb:set package 'hwpub' build argument 'cmake_clean_first' from command line to 'False'
[2.561s] Level 5:colcon.colcon_core.verb:set package 'hwpub' build argument 'cmake_force_configure' from command line to 'False'
[2.561s] Level 5:colcon.colcon_core.verb:set package 'hwpub' build argument 'ament_cmake_args' from command line to 'None'
[2.561s] Level 5:colcon.colcon_core.verb:set package 'hwpub' build argument 'catkin_cmake_args' from command line to 'None'
[2.561s] Level 5:colcon.colcon_core.verb:set package 'hwpub' build argument 'catkin_skip_building_tests' from command line to 'False'
[2.561s] DEBUG:colcon.colcon_core.verb:Building package 'hwpub' with the following arguments: {'ament_cmake_args': None, 'build_base': '/home/osboxes/ros2_ws/build/hwpub', 'catkin_cmake_args': None, 'catkin_skip_building_tests': False, 'cmake_args': None, 'cmake_clean_cache': False, 'cmake_clean_first': False, 'cmake_force_configure': False, 'cmake_target': None, 'cmake_target_skip_unavailable': False, 'install_base': '/home/osboxes/ros2_ws/install/hwpub', 'merge_install': False, 'path': '/home/osboxes/ros2_ws/src/hwpub', 'symlink_install': False, 'test_result_base': None}
[2.561s] INFO:colcon.colcon_core.executor:Executing jobs using 'parallel' executor
[2.563s] DEBUG:colcon.colcon_parallel_executor.executor.parallel:run_until_complete
[2.564s] INFO:colcon.colcon_ros.task.ament_cmake.build:Building ROS package in '/home/osboxes/ros2_ws/src/dis_tutorial1' with build type 'ament_cmake'
[2.564s] INFO:colcon.colcon_cmake.task.cmake.build:Building CMake package in '/home/osboxes/ros2_ws/src/dis_tutorial1'
[2.591s] INFO:colcon.colcon_core.plugin_system:Skipping extension 'colcon_core.shell.bat': Not used on non-Windows systems
[2.592s] INFO:colcon.colcon_core.shell:Skip shell extension 'powershell' for command environment: Not usable outside of PowerShell
[2.592s] DEBUG:colcon.colcon_core.shell:Skip shell extension 'dsv' for command environment
[2.608s] INFO:colcon.colcon_ros.task.ament_python.build:Building ROS package in '/home/osboxes/ros2_ws/src/dis_tutorial2' with build type 'ament_python'
[2.608s] Level 1:colcon.colcon_core.shell:create_environment_hook('dis_tutorial2', 'ament_prefix_path')
[2.608s] INFO:colcon.colcon_core.shell:Creating environment hook '/home/osboxes/ros2_ws/install/dis_tutorial2/share/dis_tutorial2/hook/ament_prefix_path.ps1'
[2.620s] INFO:colcon.colcon_core.shell:Creating environment descriptor '/home/osboxes/ros2_ws/install/dis_tutorial2/share/dis_tutorial2/hook/ament_prefix_path.dsv'
[2.624s] INFO:colcon.colcon_core.shell:Creating environment hook '/home/osboxes/ros2_ws/install/dis_tutorial2/share/dis_tutorial2/hook/ament_prefix_path.sh'
[2.630s] INFO:colcon.colcon_core.shell:Skip shell extension 'powershell' for command environment: Not usable outside of PowerShell
[2.630s] DEBUG:colcon.colcon_core.shell:Skip shell extension 'dsv' for command environment
[2.643s] INFO:colcon.colcon_ros.task.ament_cmake.build:Building ROS package in '/home/osboxes/ros2_ws/src/hwpub' with build type 'ament_cmake'
[2.644s] INFO:colcon.colcon_cmake.task.cmake.build:Building CMake package in '/home/osboxes/ros2_ws/src/hwpub'
[2.645s] INFO:colcon.colcon_core.shell:Skip shell extension 'powershell' for command environment: Not usable outside of PowerShell
[2.645s] DEBUG:colcon.colcon_core.shell:Skip shell extension 'dsv' for command environment
[2.672s] DEBUG:colcon.colcon_core.event_handler.log_command:Invoking command in '/home/osboxes/ros2_ws/build/dis_tutorial1': CMAKE_PREFIX_PATH=/opt/ros/humble /usr/bin/cmake /home/osboxes/ros2_ws/src/dis_tutorial1 -DCMAKE_INSTALL_PREFIX=/home/osboxes/ros2_ws/install/dis_tutorial1
[3.092s] INFO:colcon.colcon_core.task.python.build:Building Python package in '/home/osboxes/ros2_ws/src/dis_tutorial2'
[3.093s] INFO:colcon.colcon_core.shell:Skip shell extension 'powershell' for command environment: Not usable outside of PowerShell
[3.093s] DEBUG:colcon.colcon_core.shell:Skip shell extension 'dsv' for command environment
[3.119s] DEBUG:colcon.colcon_core.event_handler.log_command:Invoking command in '/home/osboxes/ros2_ws/build/hwpub': CMAKE_PREFIX_PATH=/opt/ros/humble /usr/bin/cmake /home/osboxes/ros2_ws/src/hwpub -DCMAKE_INSTALL_PREFIX=/home/osboxes/ros2_ws/install/hwpub
[4.321s] DEBUG:colcon.colcon_core.event_handler.log_command:Invoking command in '/home/osboxes/ros2_ws/build/dis_tutorial2': PYTHONPATH=/home/osboxes/ros2_ws/build/dis_tutorial2/prefix_override:/usr/lib/python3/dist-packages/colcon_core/task/python/colcon_distutils_commands:/home/osboxes/ros2_ws/install/dis_tutorial2/lib/python3.10/site-packages:${PYTHONPATH} /usr/bin/python3 -W ignore:setup.py install is deprecated -W ignore:easy_install command is deprecated setup.py develop --uninstall --editable --build-directory /home/osboxes/ros2_ws/build/dis_tutorial2/build
[5.534s] DEBUG:colcon.colcon_core.event_handler.log_command:Invoked command in '/home/osboxes/ros2_ws/build/dis_tutorial2' returned '0': PYTHONPATH=/home/osboxes/ros2_ws/build/dis_tutorial2/prefix_override:/usr/lib/python3/dist-packages/colcon_core/task/python/colcon_distutils_commands:/home/osboxes/ros2_ws/install/dis_tutorial2/lib/python3.10/site-packages:${PYTHONPATH} /usr/bin/python3 -W ignore:setup.py install is deprecated -W ignore:easy_install command is deprecated setup.py develop --uninstall --editable --build-directory /home/osboxes/ros2_ws/build/dis_tutorial2/build
[5.542s] DEBUG:colcon.colcon_core.event_handler.log_command:Invoking command in '/home/osboxes/ros2_ws/src/dis_tutorial2': PYTHONPATH=/home/osboxes/ros2_ws/build/dis_tutorial2/prefix_override:/usr/lib/python3/dist-packages/colcon_core/task/python/colcon_distutils_commands:/home/osboxes/ros2_ws/install/dis_tutorial2/lib/python3.10/site-packages:${PYTHONPATH} /usr/bin/python3 -W ignore:setup.py install is deprecated -W ignore:easy_install command is deprecated setup.py egg_info --egg-base ../../build/dis_tutorial2 build --build-base /home/osboxes/ros2_ws/build/dis_tutorial2/build install --record /home/osboxes/ros2_ws/build/dis_tutorial2/install.log --single-version-externally-managed install_data --force
[6.240s] DEBUG:colcon.colcon_core.event_handler.log_command:Invoked command in '/home/osboxes/ros2_ws/src/dis_tutorial2' returned '0': PYTHONPATH=/home/osboxes/ros2_ws/build/dis_tutorial2/prefix_override:/usr/lib/python3/dist-packages/colcon_core/task/python/colcon_distutils_commands:/home/osboxes/ros2_ws/install/dis_tutorial2/lib/python3.10/site-packages:${PYTHONPATH} /usr/bin/python3 -W ignore:setup.py install is deprecated -W ignore:easy_install command is deprecated setup.py egg_info --egg-base ../../build/dis_tutorial2 build --build-base /home/osboxes/ros2_ws/build/dis_tutorial2/build install --record /home/osboxes/ros2_ws/build/dis_tutorial2/install.log --single-version-externally-managed install_data --force
[6.269s] Level 1:colcon.colcon_core.environment:checking '/home/osboxes/ros2_ws/install/dis_tutorial2' for CMake module files
[6.271s] Level 1:colcon.colcon_core.environment:checking '/home/osboxes/ros2_ws/install/dis_tutorial2' for CMake config files
[6.277s] Level 1:colcon.colcon_core.environment:checking '/home/osboxes/ros2_ws/install/dis_tutorial2/lib'
[6.278s] Level 1:colcon.colcon_core.environment:checking '/home/osboxes/ros2_ws/install/dis_tutorial2/bin'
[6.278s] Level 1:colcon.colcon_core.environment:checking '/home/osboxes/ros2_ws/install/dis_tutorial2/lib/pkgconfig/dis_tutorial2.pc'
[6.279s] Level 1:colcon.colcon_core.environment:checking '/home/osboxes/ros2_ws/install/dis_tutorial2/lib/python3.10/site-packages'
[6.279s] Level 1:colcon.colcon_core.shell:create_environment_hook('dis_tutorial2', 'pythonpath')
[6.280s] INFO:colcon.colcon_core.shell:Creating environment hook '/home/osboxes/ros2_ws/install/dis_tutorial2/share/dis_tutorial2/hook/pythonpath.ps1'
[6.282s] INFO:colcon.colcon_core.shell:Creating environment descriptor '/home/osboxes/ros2_ws/install/dis_tutorial2/share/dis_tutorial2/hook/pythonpath.dsv'
[6.283s] INFO:colcon.colcon_core.shell:Creating environment hook '/home/osboxes/ros2_ws/install/dis_tutorial2/share/dis_tutorial2/hook/pythonpath.sh'
[6.286s] Level 1:colcon.colcon_core.environment:checking '/home/osboxes/ros2_ws/install/dis_tutorial2/bin'
[6.286s] Level 1:colcon.colcon_core.environment:create_environment_scripts_only(dis_tutorial2)
[6.287s] INFO:colcon.colcon_core.shell:Creating package script '/home/osboxes/ros2_ws/install/dis_tutorial2/share/dis_tutorial2/package.ps1'
[6.291s] INFO:colcon.colcon_core.shell:Creating package descriptor '/home/osboxes/ros2_ws/install/dis_tutorial2/share/dis_tutorial2/package.dsv'
[6.295s] INFO:colcon.colcon_core.shell:Creating package script '/home/osboxes/ros2_ws/install/dis_tutorial2/share/dis_tutorial2/package.sh'
[6.299s] INFO:colcon.colcon_core.shell:Creating package script '/home/osboxes/ros2_ws/install/dis_tutorial2/share/dis_tutorial2/package.bash'
[6.306s] INFO:colcon.colcon_core.shell:Creating package script '/home/osboxes/ros2_ws/install/dis_tutorial2/share/dis_tutorial2/package.zsh'
[6.312s] Level 1:colcon.colcon_core.environment:create_file_with_runtime_dependencies(/home/osboxes/ros2_ws/install/dis_tutorial2/share/colcon-core/packages/dis_tutorial2)
[7.411s] DEBUG:colcon.colcon_core.event_handler.log_command:Invoked command in '/home/osboxes/ros2_ws/build/hwpub' returned '0': CMAKE_PREFIX_PATH=/opt/ros/humble /usr/bin/cmake /home/osboxes/ros2_ws/src/hwpub -DCMAKE_INSTALL_PREFIX=/home/osboxes/ros2_ws/install/hwpub
[7.413s] DEBUG:colcon.colcon_core.event_handler.log_command:Invoking command in '/home/osboxes/ros2_ws/build/hwpub': CMAKE_PREFIX_PATH=/opt/ros/humble /usr/bin/cmake --build /home/osboxes/ros2_ws/build/hwpub -- -j4 -l4
[7.586s] DEBUG:colcon.colcon_core.event_handler.log_command:Invoked command in '/home/osboxes/ros2_ws/build/dis_tutorial1' returned '0': CMAKE_PREFIX_PATH=/opt/ros/humble /usr/bin/cmake /home/osboxes/ros2_ws/src/dis_tutorial1 -DCMAKE_INSTALL_PREFIX=/home/osboxes/ros2_ws/install/dis_tutorial1
[7.589s] DEBUG:colcon.colcon_core.event_handler.log_command:Invoking command in '/home/osboxes/ros2_ws/build/dis_tutorial1': CMAKE_PREFIX_PATH=/opt/ros/humble /usr/bin/cmake --build /home/osboxes/ros2_ws/build/dis_tutorial1 -- -j4 -l4
[8.775s] DEBUG:colcon.colcon_core.event_handler.log_command:Invoked command in '/home/osboxes/ros2_ws/build/hwpub' returned '0': CMAKE_PREFIX_PATH=/opt/ros/humble /usr/bin/cmake --build /home/osboxes/ros2_ws/build/hwpub -- -j4 -l4
[8.841s] DEBUG:colcon.colcon_core.event_handler.log_command:Invoking command in '/home/osboxes/ros2_ws/build/hwpub': CMAKE_PREFIX_PATH=/opt/ros/humble /usr/bin/cmake --install /home/osboxes/ros2_ws/build/hwpub
[9.174s] DEBUG:colcon.colcon_core.event_handler.log_command:Invoked command in '/home/osboxes/ros2_ws/build/dis_tutorial1' returned '0': CMAKE_PREFIX_PATH=/opt/ros/humble /usr/bin/cmake --build /home/osboxes/ros2_ws/build/dis_tutorial1 -- -j4 -l4
[9.183s] DEBUG:colcon.colcon_core.event_handler.log_command:Invoking command in '/home/osboxes/ros2_ws/build/dis_tutorial1': CMAKE_PREFIX_PATH=/opt/ros/humble /usr/bin/cmake --install /home/osboxes/ros2_ws/build/dis_tutorial1
[9.272s] Level 1:colcon.colcon_core.environment:create_environment_scripts_only(hwpub)
[9.273s] Level 1:colcon.colcon_core.environment:checking '/home/osboxes/ros2_ws/install/hwpub' for CMake module files
[9.274s] DEBUG:colcon.colcon_core.event_handler.log_command:Invoked command in '/home/osboxes/ros2_ws/build/hwpub' returned '0': CMAKE_PREFIX_PATH=/opt/ros/humble /usr/bin/cmake --install /home/osboxes/ros2_ws/build/hwpub
[9.277s] Level 1:colcon.colcon_core.environment:checking '/home/osboxes/ros2_ws/install/hwpub' for CMake config files
[9.288s] Level 1:colcon.colcon_core.shell:create_environment_hook('hwpub', 'cmake_prefix_path')
[9.288s] INFO:colcon.colcon_core.shell:Creating environment hook '/home/osboxes/ros2_ws/install/hwpub/share/hwpub/hook/cmake_prefix_path.ps1'
[9.290s] INFO:colcon.colcon_core.shell:Creating environment descriptor '/home/osboxes/ros2_ws/install/hwpub/share/hwpub/hook/cmake_prefix_path.dsv'
[9.291s] INFO:colcon.colcon_core.shell:Creating environment hook '/home/osboxes/ros2_ws/install/hwpub/share/hwpub/hook/cmake_prefix_path.sh'
[9.295s] Level 1:colcon.colcon_core.environment:checking '/home/osboxes/ros2_ws/install/hwpub/lib'
[9.295s] Level 1:colcon.colcon_core.shell:create_environment_hook('hwpub', 'ld_library_path_lib')
[9.296s] INFO:colcon.colcon_core.shell:Creating environment hook '/home/osboxes/ros2_ws/install/hwpub/share/hwpub/hook/ld_library_path_lib.ps1'
[9.298s] INFO:colcon.colcon_core.shell:Creating environment descriptor '/home/osboxes/ros2_ws/install/hwpub/share/hwpub/hook/ld_library_path_lib.dsv'
[9.300s] INFO:colcon.colcon_core.shell:Creating environment hook '/home/osboxes/ros2_ws/install/hwpub/share/hwpub/hook/ld_library_path_lib.sh'
[9.302s] Level 1:colcon.colcon_core.environment:checking '/home/osboxes/ros2_ws/install/hwpub/bin'
[9.303s] Level 1:colcon.colcon_core.environment:checking '/home/osboxes/ros2_ws/install/hwpub/lib/pkgconfig/hwpub.pc'
[9.304s] Level 1:colcon.colcon_core.environment:checking '/home/osboxes/ros2_ws/install/hwpub/lib/python3.10/site-packages'
[9.305s] Level 1:colcon.colcon_core.environment:checking '/home/osboxes/ros2_ws/install/hwpub/bin'
[9.306s] INFO:colcon.colcon_core.shell:Creating package script '/home/osboxes/ros2_ws/install/hwpub/share/hwpub/package.ps1'
[9.308s] INFO:colcon.colcon_core.shell:Creating package descriptor '/home/osboxes/ros2_ws/install/hwpub/share/hwpub/package.dsv'
[9.310s] INFO:colcon.colcon_core.shell:Creating package script '/home/osboxes/ros2_ws/install/hwpub/share/hwpub/package.sh'
[9.313s] INFO:colcon.colcon_core.shell:Creating package script '/home/osboxes/ros2_ws/install/hwpub/share/hwpub/package.bash'
[9.315s] INFO:colcon.colcon_core.shell:Creating package script '/home/osboxes/ros2_ws/install/hwpub/share/hwpub/package.zsh'
[9.317s] Level 1:colcon.colcon_core.environment:create_file_with_runtime_dependencies(/home/osboxes/ros2_ws/install/hwpub/share/colcon-core/packages/hwpub)
[9.321s] Level 1:colcon.colcon_core.environment:create_environment_scripts_only(hwpub)
[9.321s] Level 1:colcon.colcon_core.environment:checking '/home/osboxes/ros2_ws/install/hwpub' for CMake module files
[9.322s] Level 1:colcon.colcon_core.environment:checking '/home/osboxes/ros2_ws/install/hwpub' for CMake config files
[9.324s] Level 1:colcon.colcon_core.shell:create_environment_hook('hwpub', 'cmake_prefix_path')
[9.324s] INFO:colcon.colcon_core.shell:Creating environment hook '/home/osboxes/ros2_ws/install/hwpub/share/hwpub/hook/cmake_prefix_path.ps1'
[9.326s] INFO:colcon.colcon_core.shell:Creating environment descriptor '/home/osboxes/ros2_ws/install/hwpub/share/hwpub/hook/cmake_prefix_path.dsv'
[9.329s] INFO:colcon.colcon_core.shell:Creating environment hook '/home/osboxes/ros2_ws/install/hwpub/share/hwpub/hook/cmake_prefix_path.sh'
[9.332s] Level 1:colcon.colcon_core.environment:checking '/home/osboxes/ros2_ws/install/hwpub/lib'
[9.332s] Level 1:colcon.colcon_core.shell:create_environment_hook('hwpub', 'ld_library_path_lib')
[9.332s] INFO:colcon.colcon_core.shell:Creating environment hook '/home/osboxes/ros2_ws/install/hwpub/share/hwpub/hook/ld_library_path_lib.ps1'
[9.333s] INFO:colcon.colcon_core.shell:Creating environment descriptor '/home/osboxes/ros2_ws/install/hwpub/share/hwpub/hook/ld_library_path_lib.dsv'
[9.334s] INFO:colcon.colcon_core.shell:Creating environment hook '/home/osboxes/ros2_ws/install/hwpub/share/hwpub/hook/ld_library_path_lib.sh'
[9.335s] Level 1:colcon.colcon_core.environment:checking '/home/osboxes/ros2_ws/install/hwpub/bin'
[9.336s] Level 1:colcon.colcon_core.environment:checking '/home/osboxes/ros2_ws/install/hwpub/lib/pkgconfig/hwpub.pc'
[9.336s] Level 1:colcon.colcon_core.environment:checking '/home/osboxes/ros2_ws/install/hwpub/lib/python3.10/site-packages'
[9.336s] Level 1:colcon.colcon_core.environment:checking '/home/osboxes/ros2_ws/install/hwpub/bin'
[9.336s] INFO:colcon.colcon_core.shell:Creating package script '/home/osboxes/ros2_ws/install/hwpub/share/hwpub/package.ps1'
[9.338s] INFO:colcon.colcon_core.shell:Creating package descriptor '/home/osboxes/ros2_ws/install/hwpub/share/hwpub/package.dsv'
[9.342s] INFO:colcon.colcon_core.shell:Creating package script '/home/osboxes/ros2_ws/install/hwpub/share/hwpub/package.sh'
[9.348s] INFO:colcon.colcon_core.shell:Creating package script '/home/osboxes/ros2_ws/install/hwpub/share/hwpub/package.bash'
[9.351s] INFO:colcon.colcon_core.shell:Creating package script '/home/osboxes/ros2_ws/install/hwpub/share/hwpub/package.zsh'
[9.352s] Level 1:colcon.colcon_core.environment:create_file_with_runtime_dependencies(/home/osboxes/ros2_ws/install/hwpub/share/colcon-core/packages/hwpub)
[9.503s] Level 1:colcon.colcon_core.environment:create_environment_scripts_only(dis_tutorial1)
[9.504s] Level 1:colcon.colcon_core.environment:checking '/home/osboxes/ros2_ws/install/dis_tutorial1' for CMake module files
[9.504s] DEBUG:colcon.colcon_core.event_handler.log_command:Invoked command in '/home/osboxes/ros2_ws/build/dis_tutorial1' returned '0': CMAKE_PREFIX_PATH=/opt/ros/humble /usr/bin/cmake --install /home/osboxes/ros2_ws/build/dis_tutorial1
[9.505s] Level 1:colcon.colcon_core.environment:checking '/home/osboxes/ros2_ws/install/dis_tutorial1' for CMake config files
[9.506s] Level 1:colcon.colcon_core.shell:create_environment_hook('dis_tutorial1', 'cmake_prefix_path')
[9.507s] INFO:colcon.colcon_core.shell:Creating environment hook '/home/osboxes/ros2_ws/install/dis_tutorial1/share/dis_tutorial1/hook/cmake_prefix_path.ps1'
[9.509s] INFO:colcon.colcon_core.shell:Creating environment descriptor '/home/osboxes/ros2_ws/install/dis_tutorial1/share/dis_tutorial1/hook/cmake_prefix_path.dsv'
[9.509s] INFO:colcon.colcon_core.shell:Creating environment hook '/home/osboxes/ros2_ws/install/dis_tutorial1/share/dis_tutorial1/hook/cmake_prefix_path.sh'
[9.511s] Level 1:colcon.colcon_core.environment:checking '/home/osboxes/ros2_ws/install/dis_tutorial1/lib'
[9.511s] Level 1:colcon.colcon_core.shell:create_environment_hook('dis_tutorial1', 'ld_library_path_lib')
[9.511s] INFO:colcon.colcon_core.shell:Creating environment hook '/home/osboxes/ros2_ws/install/dis_tutorial1/share/dis_tutorial1/hook/ld_library_path_lib.ps1'
[9.512s] INFO:colcon.colcon_core.shell:Creating environment descriptor '/home/osboxes/ros2_ws/install/dis_tutorial1/share/dis_tutorial1/hook/ld_library_path_lib.dsv'
[9.512s] INFO:colcon.colcon_core.shell:Creating environment hook '/home/osboxes/ros2_ws/install/dis_tutorial1/share/dis_tutorial1/hook/ld_library_path_lib.sh'
[9.513s] Level 1:colcon.colcon_core.environment:checking '/home/osboxes/ros2_ws/install/dis_tutorial1/bin'
[9.513s] Level 1:colcon.colcon_core.environment:checking '/home/osboxes/ros2_ws/install/dis_tutorial1/lib/pkgconfig/dis_tutorial1.pc'
[9.514s] Level 1:colcon.colcon_core.environment:checking '/home/osboxes/ros2_ws/install/dis_tutorial1/lib/python3.10/site-packages'
[9.514s] Level 1:colcon.colcon_core.environment:checking '/home/osboxes/ros2_ws/install/dis_tutorial1/bin'
[9.514s] INFO:colcon.colcon_core.shell:Creating package script '/home/osboxes/ros2_ws/install/dis_tutorial1/share/dis_tutorial1/package.ps1'
[9.515s] INFO:colcon.colcon_core.shell:Creating package descriptor '/home/osboxes/ros2_ws/install/dis_tutorial1/share/dis_tutorial1/package.dsv'
[9.516s] INFO:colcon.colcon_core.shell:Creating package script '/home/osboxes/ros2_ws/install/dis_tutorial1/share/dis_tutorial1/package.sh'
[9.516s] INFO:colcon.colcon_core.shell:Creating package script '/home/osboxes/ros2_ws/install/dis_tutorial1/share/dis_tutorial1/package.bash'
[9.517s] INFO:colcon.colcon_core.shell:Creating package script '/home/osboxes/ros2_ws/install/dis_tutorial1/share/dis_tutorial1/package.zsh'
[9.517s] Level 1:colcon.colcon_core.environment:create_file_with_runtime_dependencies(/home/osboxes/ros2_ws/install/dis_tutorial1/share/colcon-core/packages/dis_tutorial1)
[9.519s] Level 1:colcon.colcon_core.environment:create_environment_scripts_only(dis_tutorial1)
[9.520s] Level 1:colcon.colcon_core.environment:checking '/home/osboxes/ros2_ws/install/dis_tutorial1' for CMake module files
[9.521s] Level 1:colcon.colcon_core.environment:checking '/home/osboxes/ros2_ws/install/dis_tutorial1' for CMake config files
[9.522s] Level 1:colcon.colcon_core.shell:create_environment_hook('dis_tutorial1', 'cmake_prefix_path')
[9.523s] INFO:colcon.colcon_core.shell:Creating environment hook '/home/osboxes/ros2_ws/install/dis_tutorial1/share/dis_tutorial1/hook/cmake_prefix_path.ps1'
[9.524s] INFO:colcon.colcon_core.shell:Creating environment descriptor '/home/osboxes/ros2_ws/install/dis_tutorial1/share/dis_tutorial1/hook/cmake_prefix_path.dsv'
[9.524s] INFO:colcon.colcon_core.shell:Creating environment hook '/home/osboxes/ros2_ws/install/dis_tutorial1/share/dis_tutorial1/hook/cmake_prefix_path.sh'
[9.525s] Level 1:colcon.colcon_core.environment:checking '/home/osboxes/ros2_ws/install/dis_tutorial1/lib'
[9.526s] Level 1:colcon.colcon_core.shell:create_environment_hook('dis_tutorial1', 'ld_library_path_lib')
[9.526s] INFO:colcon.colcon_core.shell:Creating environment hook '/home/osboxes/ros2_ws/install/dis_tutorial1/share/dis_tutorial1/hook/ld_library_path_lib.ps1'
[9.526s] INFO:colcon.colcon_core.shell:Creating environment descriptor '/home/osboxes/ros2_ws/install/dis_tutorial1/share/dis_tutorial1/hook/ld_library_path_lib.dsv'
[9.527s] INFO:colcon.colcon_core.shell:Creating environment hook '/home/osboxes/ros2_ws/install/dis_tutorial1/share/dis_tutorial1/hook/ld_library_path_lib.sh'
[9.528s] Level 1:colcon.colcon_core.environment:checking '/home/osboxes/ros2_ws/install/dis_tutorial1/bin'
[9.528s] Level 1:colcon.colcon_core.environment:checking '/home/osboxes/ros2_ws/install/dis_tutorial1/lib/pkgconfig/dis_tutorial1.pc'
[9.528s] Level 1:colcon.colcon_core.environment:checking '/home/osboxes/ros2_ws/install/dis_tutorial1/lib/python3.10/site-packages'
[9.528s] Level 1:colcon.colcon_core.environment:checking '/home/osboxes/ros2_ws/install/dis_tutorial1/bin'
[9.529s] INFO:colcon.colcon_core.shell:Creating package script '/home/osboxes/ros2_ws/install/dis_tutorial1/share/dis_tutorial1/package.ps1'
[9.530s] INFO:colcon.colcon_core.shell:Creating package descriptor '/home/osboxes/ros2_ws/install/dis_tutorial1/share/dis_tutorial1/package.dsv'
[9.530s] INFO:colcon.colcon_core.shell:Creating package script '/home/osboxes/ros2_ws/install/dis_tutorial1/share/dis_tutorial1/package.sh'
[9.531s] INFO:colcon.colcon_core.shell:Creating package script '/home/osboxes/ros2_ws/install/dis_tutorial1/share/dis_tutorial1/package.bash'
[9.532s] INFO:colcon.colcon_core.shell:Creating package script '/home/osboxes/ros2_ws/install/dis_tutorial1/share/dis_tutorial1/package.zsh'
[9.533s] Level 1:colcon.colcon_core.environment:create_file_with_runtime_dependencies(/home/osboxes/ros2_ws/install/dis_tutorial1/share/colcon-core/packages/dis_tutorial1)
[9.533s] DEBUG:colcon.colcon_parallel_executor.executor.parallel:closing loop
[9.534s] DEBUG:colcon.colcon_parallel_executor.executor.parallel:loop closed
[9.534s] DEBUG:colcon.colcon_parallel_executor.executor.parallel:run_until_complete finished with '0'
[9.535s] DEBUG:colcon.colcon_core.event_reactor:joining thread
[9.548s] INFO:colcon.colcon_core.plugin_system:Skipping extension 'colcon_notification.desktop_notification.terminal_notifier': Not used on non-Darwin systems
[9.549s] INFO:colcon.colcon_core.plugin_system:Skipping extension 'colcon_notification.desktop_notification.win32': Not used on non-Windows systems
[9.549s] INFO:colcon.colcon_notification.desktop_notification:Sending desktop notification using 'notify2'
[9.594s] DEBUG:colcon.colcon_core.event_reactor:joined thread
[9.595s] INFO:colcon.colcon_core.shell:Creating prefix script '/home/osboxes/ros2_ws/install/local_setup.ps1'
[9.598s] INFO:colcon.colcon_core.shell:Creating prefix util module '/home/osboxes/ros2_ws/install/_local_setup_util_ps1.py'
[9.602s] INFO:colcon.colcon_core.shell:Creating prefix chain script '/home/osboxes/ros2_ws/install/setup.ps1'
[9.606s] INFO:colcon.colcon_core.shell:Creating prefix script '/home/osboxes/ros2_ws/install/local_setup.sh'
[9.608s] INFO:colcon.colcon_core.shell:Creating prefix util module '/home/osboxes/ros2_ws/install/_local_setup_util_sh.py'
[9.609s] INFO:colcon.colcon_core.shell:Creating prefix chain script '/home/osboxes/ros2_ws/install/setup.sh'
[9.612s] INFO:colcon.colcon_core.shell:Creating prefix script '/home/osboxes/ros2_ws/install/local_setup.bash'
[9.614s] INFO:colcon.colcon_core.shell:Creating prefix chain script '/home/osboxes/ros2_ws/install/setup.bash'
[9.615s] INFO:colcon.colcon_core.shell:Creating prefix script '/home/osboxes/ros2_ws/install/local_setup.zsh'
[9.616s] INFO:colcon.colcon_core.shell:Creating prefix chain script '/home/osboxes/ros2_ws/install/setup.zsh'
