[0.040s] Invoking command in '/home/osboxes/ros2_ws/build/dis_tutorial1': CMAKE_PREFIX_PATH=${CMAKE_PREFIX_PATH}:/home/osboxes/ros2_ws/install/dis_tutorial2:/opt/ros/humble /usr/bin/cmake --build /home/osboxes/ros2_ws/build/dis_tutorial1 -- -j4 -l4
[0.154s] [  1%] Built target dis_tutorial1__cpp
[0.175s] [ 10%] Built target simple_publisher
[0.175s] [ 13%] Built target dis_tutorial1__rosidl_generator_c
[0.196s] [ 13%] Built target ament_cmake_python_symlink_dis_tutorial1
[0.232s] [ 16%] Built target simple_subscriber
[0.248s] [ 19%] Built target simple_set_bool_server_node
[0.290s] [ 28%] Built target dis_tutorial1__rosidl_typesupport_cpp
[0.308s] [ 37%] Built target dis_tutorial1__rosidl_typesupport_fastrtps_c
[0.387s] [ 46%] Built target dis_tutorial1__rosidl_typesupport_introspection_c
[0.389s] [ 55%] Built target dis_tutorial1__rosidl_typesupport_fastrtps_cpp
[0.405s] [ 64%] Built target dis_tutorial1__rosidl_typesupport_c
[0.431s] [ 73%] Built target dis_tutorial1__rosidl_typesupport_introspection_cpp
[0.505s] [ 76%] Built target complete_node
[0.526s] [ 79%] Built target simple_client_node
[0.552s] [ 79%] Built target dis_tutorial1
[0.567s] [ 82%] Built target simple_server_node
[0.604s] [ 83%] Built target dis_tutorial1__py
[0.662s] [ 91%] Built target dis_tutorial1__rosidl_generator_py
[0.722s] [ 94%] Built target dis_tutorial1__rosidl_typesupport_fastrtps_c__pyext
[0.743s] [ 97%] Built target dis_tutorial1__rosidl_typesupport_c__pyext
[0.755s] [100%] Built target dis_tutorial1__rosidl_typesupport_introspection_c__pyext
[0.857s] running egg_info
[0.858s] writing dis_tutorial1.egg-info/PKG-INFO
[0.859s] writing dependency_links to dis_tutorial1.egg-info/dependency_links.txt
[0.859s] writing top-level names to dis_tutorial1.egg-info/top_level.txt
[0.863s] reading manifest file 'dis_tutorial1.egg-info/SOURCES.txt'
[0.863s] writing manifest file 'dis_tutorial1.egg-info/SOURCES.txt'
[0.892s] [100%] Built target ament_cmake_python_build_dis_tutorial1_egg
[0.904s] Invoked command in '/home/osboxes/ros2_ws/build/dis_tutorial1' returned '0': CMAKE_PREFIX_PATH=${CMAKE_PREFIX_PATH}:/home/osboxes/ros2_ws/install/dis_tutorial2:/opt/ros/humble /usr/bin/cmake --build /home/osboxes/ros2_ws/build/dis_tutorial1 -- -j4 -l4
[0.920s] Invoking command in '/home/osboxes/ros2_ws/build/dis_tutorial1': CMAKE_PREFIX_PATH=${CMAKE_PREFIX_PATH}:/home/osboxes/ros2_ws/install/dis_tutorial2:/opt/ros/humble /usr/bin/cmake --install /home/osboxes/ros2_ws/build/dis_tutorial1
[0.934s] -- Install configuration: ""
[0.937s] -- Execute custom install script
[0.938s] -- Up-to-date symlink: /home/osboxes/ros2_ws/install/dis_tutorial1/share/ament_index/resource_index/rosidl_interfaces/dis_tutorial1
[0.940s] -- Up-to-date symlink: /home/osboxes/ros2_ws/install/dis_tutorial1/include/dis_tutorial1/dis_tutorial1/msg/custom_message.h
[0.940s] -- Up-to-date symlink: /home/osboxes/ros2_ws/install/dis_tutorial1/include/dis_tutorial1/dis_tutorial1/msg/custom_message2.h
[0.940s] -- Up-to-date symlink: /home/osboxes/ros2_ws/install/dis_tutorial1/include/dis_tutorial1/dis_tutorial1/msg/detail/custom_message2__functions.h
[0.941s] -- Up-to-date symlink: /home/osboxes/ros2_ws/install/dis_tutorial1/include/dis_tutorial1/dis_tutorial1/msg/detail/custom_message2__struct.h
[0.941s] -- Up-to-date symlink: /home/osboxes/ros2_ws/install/dis_tutorial1/include/dis_tutorial1/dis_tutorial1/msg/detail/custom_message2__type_support.h
[0.942s] -- Up-to-date symlink: /home/osboxes/ros2_ws/install/dis_tutorial1/include/dis_tutorial1/dis_tutorial1/msg/detail/custom_message__functions.h
[0.943s] -- Up-to-date symlink: /home/osboxes/ros2_ws/install/dis_tutorial1/include/dis_tutorial1/dis_tutorial1/msg/detail/custom_message__struct.h
[0.943s] -- Up-to-date symlink: /home/osboxes/ros2_ws/install/dis_tutorial1/include/dis_tutorial1/dis_tutorial1/msg/detail/custom_message__type_support.h
[0.943s] -- Up-to-date symlink: /home/osboxes/ros2_ws/install/dis_tutorial1/include/dis_tutorial1/dis_tutorial1/msg/rosidl_generator_c__visibility_control.h
[0.944s] -- Up-to-date symlink: /home/osboxes/ros2_ws/install/dis_tutorial1/include/dis_tutorial1/dis_tutorial1/srv/add_two_ints.h
[0.945s] -- Up-to-date symlink: /home/osboxes/ros2_ws/install/dis_tutorial1/include/dis_tutorial1/dis_tutorial1/srv/detail/add_two_ints__functions.h
[0.945s] -- Up-to-date symlink: /home/osboxes/ros2_ws/install/dis_tutorial1/include/dis_tutorial1/dis_tutorial1/srv/detail/add_two_ints__struct.h
[0.945s] -- Up-to-date symlink: /home/osboxes/ros2_ws/install/dis_tutorial1/include/dis_tutorial1/dis_tutorial1/srv/detail/add_two_ints__type_support.h
[0.946s] -- Up-to-date symlink: /home/osboxes/ros2_ws/install/dis_tutorial1/include/dis_tutorial1/dis_tutorial1/srv/detail/sum_service__functions.h
[0.947s] -- Up-to-date symlink: /home/osboxes/ros2_ws/install/dis_tutorial1/include/dis_tutorial1/dis_tutorial1/srv/detail/sum_service__struct.h
[0.947s] -- Up-to-date symlink: /home/osboxes/ros2_ws/install/dis_tutorial1/include/dis_tutorial1/dis_tutorial1/srv/detail/sum_service__type_support.h
[0.948s] -- Up-to-date symlink: /home/osboxes/ros2_ws/install/dis_tutorial1/include/dis_tutorial1/dis_tutorial1/srv/sum_service.h
[0.949s] -- Up-to-date symlink: /home/osboxes/ros2_ws/install/dis_tutorial1/share/dis_tutorial1/environment/library_path.sh
[0.949s] -- Up-to-date symlink: /home/osboxes/ros2_ws/install/dis_tutorial1/share/dis_tutorial1/environment/library_path.dsv
[0.950s] -- Up-to-date symlink: /home/osboxes/ros2_ws/install/dis_tutorial1/include/dis_tutorial1/dis_tutorial1/msg/detail/custom_message2__rosidl_typesupport_fastrtps_c.h
[0.951s] -- Up-to-date symlink: /home/osboxes/ros2_ws/install/dis_tutorial1/include/dis_tutorial1/dis_tutorial1/msg/detail/custom_message__rosidl_typesupport_fastrtps_c.h
[0.952s] -- Up-to-date symlink: /home/osboxes/ros2_ws/install/dis_tutorial1/include/dis_tutorial1/dis_tutorial1/msg/rosidl_typesupport_fastrtps_c__visibility_control.h
[0.952s] -- Up-to-date symlink: /home/osboxes/ros2_ws/install/dis_tutorial1/include/dis_tutorial1/dis_tutorial1/srv/detail/add_two_ints__rosidl_typesupport_fastrtps_c.h
[0.952s] -- Up-to-date symlink: /home/osboxes/ros2_ws/install/dis_tutorial1/include/dis_tutorial1/dis_tutorial1/srv/detail/sum_service__rosidl_typesupport_fastrtps_c.h
[0.954s] -- Up-to-date symlink: /home/osboxes/ros2_ws/install/dis_tutorial1/include/dis_tutorial1/dis_tutorial1/msg/custom_message.hpp
[0.954s] -- Up-to-date symlink: /home/osboxes/ros2_ws/install/dis_tutorial1/include/dis_tutorial1/dis_tutorial1/msg/custom_message2.hpp
[0.955s] -- Up-to-date symlink: /home/osboxes/ros2_ws/install/dis_tutorial1/include/dis_tutorial1/dis_tutorial1/msg/detail/custom_message2__builder.hpp
[0.955s] -- Up-to-date symlink: /home/osboxes/ros2_ws/install/dis_tutorial1/include/dis_tutorial1/dis_tutorial1/msg/detail/custom_message2__struct.hpp
[0.956s] -- Up-to-date symlink: /home/osboxes/ros2_ws/install/dis_tutorial1/include/dis_tutorial1/dis_tutorial1/msg/detail/custom_message2__traits.hpp
[0.956s] -- Up-to-date symlink: /home/osboxes/ros2_ws/install/dis_tutorial1/include/dis_tutorial1/dis_tutorial1/msg/detail/custom_message2__type_support.hpp
[0.956s] -- Up-to-date symlink: /home/osboxes/ros2_ws/install/dis_tutorial1/include/dis_tutorial1/dis_tutorial1/msg/detail/custom_message__builder.hpp
[0.957s] -- Up-to-date symlink: /home/osboxes/ros2_ws/install/dis_tutorial1/include/dis_tutorial1/dis_tutorial1/msg/detail/custom_message__struct.hpp
[0.958s] -- Up-to-date symlink: /home/osboxes/ros2_ws/install/dis_tutorial1/include/dis_tutorial1/dis_tutorial1/msg/detail/custom_message__traits.hpp
[0.958s] -- Up-to-date symlink: /home/osboxes/ros2_ws/install/dis_tutorial1/include/dis_tutorial1/dis_tutorial1/msg/detail/custom_message__type_support.hpp
[0.958s] -- Up-to-date symlink: /home/osboxes/ros2_ws/install/dis_tutorial1/include/dis_tutorial1/dis_tutorial1/msg/rosidl_generator_cpp__visibility_control.hpp
[0.959s] -- Up-to-date symlink: /home/osboxes/ros2_ws/install/dis_tutorial1/include/dis_tutorial1/dis_tutorial1/srv/add_two_ints.hpp
[0.959s] -- Up-to-date symlink: /home/osboxes/ros2_ws/install/dis_tutorial1/include/dis_tutorial1/dis_tutorial1/srv/detail/add_two_ints__builder.hpp
[0.959s] -- Up-to-date symlink: /home/osboxes/ros2_ws/install/dis_tutorial1/include/dis_tutorial1/dis_tutorial1/srv/detail/add_two_ints__struct.hpp
[0.960s] -- Up-to-date symlink: /home/osboxes/ros2_ws/install/dis_tutorial1/include/dis_tutorial1/dis_tutorial1/srv/detail/add_two_ints__traits.hpp
[0.960s] -- Up-to-date symlink: /home/osboxes/ros2_ws/install/dis_tutorial1/include/dis_tutorial1/dis_tutorial1/srv/detail/add_two_ints__type_support.hpp
[0.961s] -- Up-to-date symlink: /home/osboxes/ros2_ws/install/dis_tutorial1/include/dis_tutorial1/dis_tutorial1/srv/detail/sum_service__builder.hpp
[0.961s] -- Up-to-date symlink: /home/osboxes/ros2_ws/install/dis_tutorial1/include/dis_tutorial1/dis_tutorial1/srv/detail/sum_service__struct.hpp
[0.961s] -- Up-to-date symlink: /home/osboxes/ros2_ws/install/dis_tutorial1/include/dis_tutorial1/dis_tutorial1/srv/detail/sum_service__traits.hpp
[0.962s] -- Up-to-date symlink: /home/osboxes/ros2_ws/install/dis_tutorial1/include/dis_tutorial1/dis_tutorial1/srv/detail/sum_service__type_support.hpp
[0.962s] -- Up-to-date symlink: /home/osboxes/ros2_ws/install/dis_tutorial1/include/dis_tutorial1/dis_tutorial1/srv/sum_service.hpp
[0.963s] -- Up-to-date symlink: /home/osboxes/ros2_ws/install/dis_tutorial1/include/dis_tutorial1/dis_tutorial1/msg/detail/custom_message2__rosidl_typesupport_fastrtps_cpp.hpp
[0.963s] -- Up-to-date symlink: /home/osboxes/ros2_ws/install/dis_tutorial1/include/dis_tutorial1/dis_tutorial1/msg/detail/custom_message__rosidl_typesupport_fastrtps_cpp.hpp
[0.963s] -- Up-to-date symlink: /home/osboxes/ros2_ws/install/dis_tutorial1/include/dis_tutorial1/dis_tutorial1/msg/rosidl_typesupport_fastrtps_cpp__visibility_control.h
[0.963s] -- Up-to-date symlink: /home/osboxes/ros2_ws/install/dis_tutorial1/include/dis_tutorial1/dis_tutorial1/srv/detail/add_two_ints__rosidl_typesupport_fastrtps_cpp.hpp
[0.963s] -- Up-to-date symlink: /home/osboxes/ros2_ws/install/dis_tutorial1/include/dis_tutorial1/dis_tutorial1/srv/detail/sum_service__rosidl_typesupport_fastrtps_cpp.hpp
[0.964s] -- Up-to-date symlink: /home/osboxes/ros2_ws/install/dis_tutorial1/include/dis_tutorial1/dis_tutorial1/msg/detail/custom_message2__rosidl_typesupport_introspection_c.h
[0.964s] -- Up-to-date symlink: /home/osboxes/ros2_ws/install/dis_tutorial1/include/dis_tutorial1/dis_tutorial1/msg/detail/custom_message__rosidl_typesupport_introspection_c.h
[0.964s] -- Up-to-date symlink: /home/osboxes/ros2_ws/install/dis_tutorial1/include/dis_tutorial1/dis_tutorial1/msg/rosidl_typesupport_introspection_c__visibility_control.h
[0.965s] -- Up-to-date symlink: /home/osboxes/ros2_ws/install/dis_tutorial1/include/dis_tutorial1/dis_tutorial1/srv/detail/add_two_ints__rosidl_typesupport_introspection_c.h
[0.965s] -- Up-to-date symlink: /home/osboxes/ros2_ws/install/dis_tutorial1/include/dis_tutorial1/dis_tutorial1/srv/detail/sum_service__rosidl_typesupport_introspection_c.h
[0.966s] -- Up-to-date symlink: /home/osboxes/ros2_ws/install/dis_tutorial1/include/dis_tutorial1/dis_tutorial1/msg/detail/custom_message2__rosidl_typesupport_introspection_cpp.hpp
[0.966s] -- Up-to-date symlink: /home/osboxes/ros2_ws/install/dis_tutorial1/include/dis_tutorial1/dis_tutorial1/msg/detail/custom_message__rosidl_typesupport_introspection_cpp.hpp
[0.966s] -- Up-to-date symlink: /home/osboxes/ros2_ws/install/dis_tutorial1/include/dis_tutorial1/dis_tutorial1/srv/detail/add_two_ints__rosidl_typesupport_introspection_cpp.hpp
[0.966s] -- Up-to-date symlink: /home/osboxes/ros2_ws/install/dis_tutorial1/include/dis_tutorial1/dis_tutorial1/srv/detail/sum_service__rosidl_typesupport_introspection_cpp.hpp
[0.966s] -- Up-to-date symlink: /home/osboxes/ros2_ws/install/dis_tutorial1/share/dis_tutorial1/environment/pythonpath.sh
[0.966s] -- Up-to-date symlink: /home/osboxes/ros2_ws/install/dis_tutorial1/share/dis_tutorial1/environment/pythonpath.dsv
[0.967s] -- Up-to-date symlink: /home/osboxes/ros2_ws/install/dis_tutorial1/local/lib/python3.10/dist-packages/dis_tutorial1-0.0.1-py3.10.egg-info/PKG-INFO
[0.967s] -- Up-to-date symlink: /home/osboxes/ros2_ws/install/dis_tutorial1/local/lib/python3.10/dist-packages/dis_tutorial1-0.0.1-py3.10.egg-info/SOURCES.txt
[0.967s] -- Up-to-date symlink: /home/osboxes/ros2_ws/install/dis_tutorial1/local/lib/python3.10/dist-packages/dis_tutorial1-0.0.1-py3.10.egg-info/dependency_links.txt
[0.967s] -- Up-to-date symlink: /home/osboxes/ros2_ws/install/dis_tutorial1/local/lib/python3.10/dist-packages/dis_tutorial1-0.0.1-py3.10.egg-info/top_level.txt
[0.968s] -- Up-to-date symlink: /home/osboxes/ros2_ws/install/dis_tutorial1/local/lib/python3.10/dist-packages/dis_tutorial1/__init__.py
[0.968s] -- Up-to-date symlink: /home/osboxes/ros2_ws/install/dis_tutorial1/local/lib/python3.10/dist-packages/dis_tutorial1/_dis_tutorial1_s.ep.rosidl_typesupport_c.c
[0.968s] -- Up-to-date symlink: /home/osboxes/ros2_ws/install/dis_tutorial1/local/lib/python3.10/dist-packages/dis_tutorial1/_dis_tutorial1_s.ep.rosidl_typesupport_fastrtps_c.c
[0.969s] -- Up-to-date symlink: /home/osboxes/ros2_ws/install/dis_tutorial1/local/lib/python3.10/dist-packages/dis_tutorial1/_dis_tutorial1_s.ep.rosidl_typesupport_introspection_c.c
[0.969s] -- Up-to-date symlink: /home/osboxes/ros2_ws/install/dis_tutorial1/local/lib/python3.10/dist-packages/dis_tutorial1/dis_tutorial1_s__rosidl_typesupport_c.cpython-310-x86_64-linux-gnu.so
[0.969s] -- Up-to-date symlink: /home/osboxes/ros2_ws/install/dis_tutorial1/local/lib/python3.10/dist-packages/dis_tutorial1/dis_tutorial1_s__rosidl_typesupport_fastrtps_c.cpython-310-x86_64-linux-gnu.so
[0.969s] -- Up-to-date symlink: /home/osboxes/ros2_ws/install/dis_tutorial1/local/lib/python3.10/dist-packages/dis_tutorial1/dis_tutorial1_s__rosidl_typesupport_introspection_c.cpython-310-x86_64-linux-gnu.so
[0.969s] -- Up-to-date symlink: /home/osboxes/ros2_ws/install/dis_tutorial1/local/lib/python3.10/dist-packages/dis_tutorial1/libdis_tutorial1__rosidl_generator_py.so
[0.970s] -- Up-to-date symlink: /home/osboxes/ros2_ws/install/dis_tutorial1/local/lib/python3.10/dist-packages/dis_tutorial1/msg/__init__.py
[0.970s] -- Up-to-date symlink: /home/osboxes/ros2_ws/install/dis_tutorial1/local/lib/python3.10/dist-packages/dis_tutorial1/msg/_custom_message.py
[0.970s] -- Up-to-date symlink: /home/osboxes/ros2_ws/install/dis_tutorial1/local/lib/python3.10/dist-packages/dis_tutorial1/msg/_custom_message2.py
[0.970s] -- Up-to-date symlink: /home/osboxes/ros2_ws/install/dis_tutorial1/local/lib/python3.10/dist-packages/dis_tutorial1/msg/_custom_message2_s.c
[0.971s] -- Up-to-date symlink: /home/osboxes/ros2_ws/install/dis_tutorial1/local/lib/python3.10/dist-packages/dis_tutorial1/msg/_custom_message_s.c
[0.971s] -- Up-to-date symlink: /home/osboxes/ros2_ws/install/dis_tutorial1/local/lib/python3.10/dist-packages/dis_tutorial1/srv/__init__.py
[0.971s] -- Up-to-date symlink: /home/osboxes/ros2_ws/install/dis_tutorial1/local/lib/python3.10/dist-packages/dis_tutorial1/srv/_add_two_ints.py
[0.971s] -- Up-to-date symlink: /home/osboxes/ros2_ws/install/dis_tutorial1/local/lib/python3.10/dist-packages/dis_tutorial1/srv/_add_two_ints_s.c
[0.971s] -- Up-to-date symlink: /home/osboxes/ros2_ws/install/dis_tutorial1/local/lib/python3.10/dist-packages/dis_tutorial1/srv/_sum_service.py
[0.972s] -- Up-to-date symlink: /home/osboxes/ros2_ws/install/dis_tutorial1/local/lib/python3.10/dist-packages/dis_tutorial1/srv/_sum_service_s.c
[0.972s] -- Up-to-date symlink: /home/osboxes/ros2_ws/install/dis_tutorial1/local/lib/python3.10/dist-packages/dis_tutorial1/dis_tutorial1_s__rosidl_typesupport_fastrtps_c.cpython-310-x86_64-linux-gnu.so
[0.972s] -- Up-to-date symlink: /home/osboxes/ros2_ws/install/dis_tutorial1/local/lib/python3.10/dist-packages/dis_tutorial1/dis_tutorial1_s__rosidl_typesupport_introspection_c.cpython-310-x86_64-linux-gnu.so
[0.973s] -- Up-to-date symlink: /home/osboxes/ros2_ws/install/dis_tutorial1/local/lib/python3.10/dist-packages/dis_tutorial1/dis_tutorial1_s__rosidl_typesupport_c.cpython-310-x86_64-linux-gnu.so
[0.973s] -- Up-to-date symlink: /home/osboxes/ros2_ws/install/dis_tutorial1/share/dis_tutorial1/msg/CustomMessage.idl
[0.973s] -- Up-to-date symlink: /home/osboxes/ros2_ws/install/dis_tutorial1/share/dis_tutorial1/srv/AddTwoInts.idl
[0.973s] -- Up-to-date symlink: /home/osboxes/ros2_ws/install/dis_tutorial1/share/dis_tutorial1/msg/CustomMessage2.idl
[0.974s] -- Up-to-date symlink: /home/osboxes/ros2_ws/install/dis_tutorial1/share/dis_tutorial1/srv/SumService.idl
[0.974s] -- Up-to-date symlink: /home/osboxes/ros2_ws/install/dis_tutorial1/share/dis_tutorial1/msg/CustomMessage.msg
[0.974s] -- Up-to-date symlink: /home/osboxes/ros2_ws/install/dis_tutorial1/share/dis_tutorial1/srv/AddTwoInts.srv
[0.974s] -- Up-to-date symlink: /home/osboxes/ros2_ws/install/dis_tutorial1/share/dis_tutorial1/srv/AddTwoInts_Request.msg
[0.975s] -- Up-to-date symlink: /home/osboxes/ros2_ws/install/dis_tutorial1/share/dis_tutorial1/srv/AddTwoInts_Response.msg
[0.975s] -- Up-to-date symlink: /home/osboxes/ros2_ws/install/dis_tutorial1/share/dis_tutorial1/msg/CustomMessage2.msg
[0.975s] -- Up-to-date symlink: /home/osboxes/ros2_ws/install/dis_tutorial1/share/dis_tutorial1/srv/SumService.srv
[0.975s] -- Up-to-date symlink: /home/osboxes/ros2_ws/install/dis_tutorial1/share/dis_tutorial1/srv/SumService_Request.msg
[0.976s] -- Up-to-date symlink: /home/osboxes/ros2_ws/install/dis_tutorial1/share/dis_tutorial1/srv/SumService_Response.msg
[0.976s] -- Up-to-date symlink: /home/osboxes/ros2_ws/install/dis_tutorial1/lib/dis_tutorial1/simple_publisher
[0.976s] -- Up-to-date symlink: /home/osboxes/ros2_ws/install/dis_tutorial1/lib/dis_tutorial1/simple_subscriber
[0.976s] -- Up-to-date symlink: /home/osboxes/ros2_ws/install/dis_tutorial1/lib/dis_tutorial1/simple_client_node
[0.977s] -- Up-to-date symlink: /home/osboxes/ros2_ws/install/dis_tutorial1/lib/dis_tutorial1/simple_server_node
[0.977s] -- Up-to-date symlink: /home/osboxes/ros2_ws/install/dis_tutorial1/lib/dis_tutorial1/complete_node
[0.977s] -- Up-to-date symlink: /home/osboxes/ros2_ws/install/dis_tutorial1/lib/dis_tutorial1/simple_set_bool_server_node
[0.978s] -- Up-to-date symlink: /home/osboxes/ros2_ws/install/dis_tutorial1/lib/dis_tutorial1/py_simple_publisher.py
[0.978s] -- Up-to-date symlink: /home/osboxes/ros2_ws/install/dis_tutorial1/lib/dis_tutorial1/py_simple_subscriber.py
[0.978s] -- Up-to-date symlink: /home/osboxes/ros2_ws/install/dis_tutorial1/lib/dis_tutorial1/py_simple_server_node.py
[0.978s] -- Up-to-date symlink: /home/osboxes/ros2_ws/install/dis_tutorial1/lib/dis_tutorial1/py_simple_client_node.py
[0.978s] -- Up-to-date symlink: /home/osboxes/ros2_ws/install/dis_tutorial1/lib/dis_tutorial1/py_complete_node.py
[0.978s] -- Up-to-date symlink: /home/osboxes/ros2_ws/install/dis_tutorial1/lib/dis_tutorial1/py_draw_square.py
[0.979s] -- Up-to-date symlink: /home/osboxes/ros2_ws/install/dis_tutorial1/lib/dis_tutorial1/publisher_node.py
[0.979s] -- Up-to-date symlink: /home/osboxes/ros2_ws/install/dis_tutorial1/lib/dis_tutorial1/subscriber_node.py
[0.979s] -- Up-to-date symlink: /home/osboxes/ros2_ws/install/dis_tutorial1/lib/dis_tutorial1/service_node.py
[0.979s] -- Up-to-date symlink: /home/osboxes/ros2_ws/install/dis_tutorial1/lib/dis_tutorial1/client_node.py
[0.979s] -- Up-to-date symlink: /home/osboxes/ros2_ws/install/dis_tutorial1/share/ament_index/resource_index/package_run_dependencies/dis_tutorial1
[0.980s] -- Up-to-date symlink: /home/osboxes/ros2_ws/install/dis_tutorial1/share/ament_index/resource_index/parent_prefix_path/dis_tutorial1
[0.980s] -- Up-to-date symlink: /home/osboxes/ros2_ws/install/dis_tutorial1/share/dis_tutorial1/environment/ament_prefix_path.sh
[0.980s] -- Up-to-date symlink: /home/osboxes/ros2_ws/install/dis_tutorial1/share/dis_tutorial1/environment/ament_prefix_path.dsv
[0.980s] -- Up-to-date symlink: /home/osboxes/ros2_ws/install/dis_tutorial1/share/dis_tutorial1/environment/path.sh
[0.981s] -- Up-to-date symlink: /home/osboxes/ros2_ws/install/dis_tutorial1/share/dis_tutorial1/environment/path.dsv
[0.981s] -- Up-to-date symlink: /home/osboxes/ros2_ws/install/dis_tutorial1/share/dis_tutorial1/local_setup.bash
[0.981s] -- Up-to-date symlink: /home/osboxes/ros2_ws/install/dis_tutorial1/share/dis_tutorial1/local_setup.sh
[0.981s] -- Up-to-date symlink: /home/osboxes/ros2_ws/install/dis_tutorial1/share/dis_tutorial1/local_setup.zsh
[0.982s] -- Up-to-date symlink: /home/osboxes/ros2_ws/install/dis_tutorial1/share/dis_tutorial1/local_setup.dsv
[0.982s] -- Symlinking: /home/osboxes/ros2_ws/install/dis_tutorial1/share/dis_tutorial1/package.dsv
[0.991s] -- Up-to-date symlink: /home/osboxes/ros2_ws/install/dis_tutorial1/share/ament_index/resource_index/packages/dis_tutorial1
[0.991s] -- Up-to-date symlink: /home/osboxes/ros2_ws/install/dis_tutorial1/share/dis_tutorial1/cmake/rosidl_cmake-extras.cmake
[0.992s] -- Up-to-date symlink: /home/osboxes/ros2_ws/install/dis_tutorial1/share/dis_tutorial1/cmake/ament_cmake_export_dependencies-extras.cmake
[0.992s] -- Up-to-date symlink: /home/osboxes/ros2_ws/install/dis_tutorial1/share/dis_tutorial1/cmake/ament_cmake_export_include_directories-extras.cmake
[0.992s] -- Up-to-date symlink: /home/osboxes/ros2_ws/install/dis_tutorial1/share/dis_tutorial1/cmake/ament_cmake_export_libraries-extras.cmake
[0.992s] -- Up-to-date symlink: /home/osboxes/ros2_ws/install/dis_tutorial1/share/dis_tutorial1/cmake/ament_cmake_export_targets-extras.cmake
[0.993s] -- Up-to-date symlink: /home/osboxes/ros2_ws/install/dis_tutorial1/share/dis_tutorial1/cmake/rosidl_cmake_export_typesupport_targets-extras.cmake
[0.993s] -- Up-to-date symlink: /home/osboxes/ros2_ws/install/dis_tutorial1/share/dis_tutorial1/cmake/rosidl_cmake_export_typesupport_libraries-extras.cmake
[0.993s] -- Up-to-date symlink: /home/osboxes/ros2_ws/install/dis_tutorial1/share/dis_tutorial1/cmake/dis_tutorial1Config.cmake
[0.993s] -- Up-to-date symlink: /home/osboxes/ros2_ws/install/dis_tutorial1/share/dis_tutorial1/cmake/dis_tutorial1Config-version.cmake
[0.994s] -- Up-to-date symlink: /home/osboxes/ros2_ws/install/dis_tutorial1/share/dis_tutorial1/package.xml
[0.994s] -- Up-to-date: /home/osboxes/ros2_ws/install/dis_tutorial1/lib/libdis_tutorial1__rosidl_generator_c.so
[0.994s] -- Up-to-date: /home/osboxes/ros2_ws/install/dis_tutorial1/lib/libdis_tutorial1__rosidl_typesupport_fastrtps_c.so
[0.995s] -- Up-to-date: /home/osboxes/ros2_ws/install/dis_tutorial1/lib/libdis_tutorial1__rosidl_typesupport_fastrtps_cpp.so
[0.995s] -- Up-to-date: /home/osboxes/ros2_ws/install/dis_tutorial1/lib/libdis_tutorial1__rosidl_typesupport_introspection_c.so
[0.996s] -- Up-to-date: /home/osboxes/ros2_ws/install/dis_tutorial1/lib/libdis_tutorial1__rosidl_typesupport_c.so
[0.996s] -- Up-to-date: /home/osboxes/ros2_ws/install/dis_tutorial1/lib/libdis_tutorial1__rosidl_typesupport_introspection_cpp.so
[0.996s] -- Up-to-date: /home/osboxes/ros2_ws/install/dis_tutorial1/lib/libdis_tutorial1__rosidl_typesupport_cpp.so
[1.060s] Listing '/home/osboxes/ros2_ws/install/dis_tutorial1/local/lib/python3.10/dist-packages/dis_tutorial1'...
[1.060s] Listing '/home/osboxes/ros2_ws/install/dis_tutorial1/local/lib/python3.10/dist-packages/dis_tutorial1/msg'...
[1.060s] Listing '/home/osboxes/ros2_ws/install/dis_tutorial1/local/lib/python3.10/dist-packages/dis_tutorial1/srv'...
[1.067s] -- Up-to-date: /home/osboxes/ros2_ws/install/dis_tutorial1/lib/libdis_tutorial1__rosidl_generator_py.so
[1.068s] -- Up-to-date: /home/osboxes/ros2_ws/install/dis_tutorial1/share/dis_tutorial1/cmake/export_dis_tutorial1__rosidl_generator_cExport.cmake
[1.068s] -- Up-to-date: /home/osboxes/ros2_ws/install/dis_tutorial1/share/dis_tutorial1/cmake/export_dis_tutorial1__rosidl_generator_cExport-noconfig.cmake
[1.068s] -- Up-to-date: /home/osboxes/ros2_ws/install/dis_tutorial1/share/dis_tutorial1/cmake/export_dis_tutorial1__rosidl_typesupport_fastrtps_cExport.cmake
[1.068s] -- Up-to-date: /home/osboxes/ros2_ws/install/dis_tutorial1/share/dis_tutorial1/cmake/export_dis_tutorial1__rosidl_typesupport_fastrtps_cExport-noconfig.cmake
[1.068s] -- Up-to-date: /home/osboxes/ros2_ws/install/dis_tutorial1/share/dis_tutorial1/cmake/export_dis_tutorial1__rosidl_generator_cppExport.cmake
[1.069s] -- Up-to-date: /home/osboxes/ros2_ws/install/dis_tutorial1/share/dis_tutorial1/cmake/export_dis_tutorial1__rosidl_typesupport_fastrtps_cppExport.cmake
[1.069s] -- Up-to-date: /home/osboxes/ros2_ws/install/dis_tutorial1/share/dis_tutorial1/cmake/export_dis_tutorial1__rosidl_typesupport_fastrtps_cppExport-noconfig.cmake
[1.069s] -- Up-to-date: /home/osboxes/ros2_ws/install/dis_tutorial1/share/dis_tutorial1/cmake/dis_tutorial1__rosidl_typesupport_introspection_cExport.cmake
[1.069s] -- Up-to-date: /home/osboxes/ros2_ws/install/dis_tutorial1/share/dis_tutorial1/cmake/dis_tutorial1__rosidl_typesupport_introspection_cExport-noconfig.cmake
[1.070s] -- Up-to-date: /home/osboxes/ros2_ws/install/dis_tutorial1/share/dis_tutorial1/cmake/dis_tutorial1__rosidl_typesupport_cExport.cmake
[1.070s] -- Up-to-date: /home/osboxes/ros2_ws/install/dis_tutorial1/share/dis_tutorial1/cmake/dis_tutorial1__rosidl_typesupport_cExport-noconfig.cmake
[1.070s] -- Up-to-date: /home/osboxes/ros2_ws/install/dis_tutorial1/share/dis_tutorial1/cmake/dis_tutorial1__rosidl_typesupport_introspection_cppExport.cmake
[1.070s] -- Up-to-date: /home/osboxes/ros2_ws/install/dis_tutorial1/share/dis_tutorial1/cmake/dis_tutorial1__rosidl_typesupport_introspection_cppExport-noconfig.cmake
[1.070s] -- Up-to-date: /home/osboxes/ros2_ws/install/dis_tutorial1/share/dis_tutorial1/cmake/dis_tutorial1__rosidl_typesupport_cppExport.cmake
[1.071s] -- Up-to-date: /home/osboxes/ros2_ws/install/dis_tutorial1/share/dis_tutorial1/cmake/dis_tutorial1__rosidl_typesupport_cppExport-noconfig.cmake
[1.071s] -- Up-to-date: /home/osboxes/ros2_ws/install/dis_tutorial1/share/dis_tutorial1/cmake/export_dis_tutorial1__rosidl_generator_pyExport.cmake
[1.071s] -- Up-to-date: /home/osboxes/ros2_ws/install/dis_tutorial1/share/dis_tutorial1/cmake/export_dis_tutorial1__rosidl_generator_pyExport-noconfig.cmake
[1.075s] Invoked command in '/home/osboxes/ros2_ws/build/dis_tutorial1' returned '0': CMAKE_PREFIX_PATH=${CMAKE_PREFIX_PATH}:/home/osboxes/ros2_ws/install/dis_tutorial2:/opt/ros/humble /usr/bin/cmake --install /home/osboxes/ros2_ws/build/dis_tutorial1
