[0.047s] Invoking command in '/home/osboxes/ros2_ws/build/dis_tutorial1': CMAKE_PREFIX_PATH=/opt/ros/humble /usr/bin/cmake /home/osboxes/ros2_ws/src/dis_tutorial1 -DCMAKE_INSTALL_PREFIX=/home/osboxes/ros2_ws/install/dis_tutorial1
[0.670s] -- The C compiler identification is GNU 11.4.0
[0.857s] -- The CXX compiler identification is GNU 11.4.0
[0.904s] -- Detecting C compiler ABI info
[1.124s] -- Detecting C compiler ABI info - done
[1.136s] -- Check for working C compiler: /usr/bin/cc - skipped
[1.138s] -- Detecting C compile features
[1.140s] -- Detecting C compile features - done
[1.151s] -- Detecting CXX compiler ABI info
[1.346s] -- Detecting CXX compiler ABI info - done
[1.374s] -- Check for working CXX compiler: /usr/bin/c++ - skipped
[1.375s] -- Detecting CXX compile features
[1.375s] -- Detecting CXX compile features - done
[1.390s] -- Found ament_cmake: 1.3.11 (/opt/ros/humble/share/ament_cmake/cmake)
[2.063s] -- Found Python3: /usr/bin/python3 (found version "3.10.12") found components: Interpreter 
[2.298s] -- Found rclcpp: 16.0.11 (/opt/ros/humble/share/rclcpp/cmake)
[2.491s] -- Found rosidl_generator_c: 3.1.6 (/opt/ros/humble/share/rosidl_generator_c/cmake)
[2.506s] -- Found rosidl_adapter: 3.1.6 (/opt/ros/humble/share/rosidl_adapter/cmake)
[2.549s] -- Found rosidl_generator_cpp: 3.1.6 (/opt/ros/humble/share/rosidl_generator_cpp/cmake)
[2.598s] -- Using all available rosidl_typesupport_c: rosidl_typesupport_fastrtps_c;rosidl_typesupport_introspection_c
[2.651s] -- Using all available rosidl_typesupport_cpp: rosidl_typesupport_fastrtps_cpp;rosidl_typesupport_introspection_cpp
[2.831s] -- Found rmw_implementation_cmake: 6.1.2 (/opt/ros/humble/share/rmw_implementation_cmake/cmake)
[2.850s] -- Found rmw_fastrtps_cpp: 6.2.7 (/opt/ros/humble/share/rmw_fastrtps_cpp/cmake)
[3.128s] -- Found OpenSSL: /usr/lib/x86_64-linux-gnu/libcrypto.so (found version "3.0.2")  
[3.205s] -- Found FastRTPS: /opt/ros/humble/include  
[3.291s] -- Using RMW implementation 'rmw_fastrtps_cpp' as default
[3.310s] -- Looking for pthread.h
[3.511s] -- Looking for pthread.h - found
[3.512s] -- Performing Test CMAKE_HAVE_LIBC_PTHREAD
[3.687s] -- Performing Test CMAKE_HAVE_LIBC_PTHREAD - Success
[3.693s] -- Found Threads: TRUE  
[3.869s] -- Found rclpy: 3.3.15 (/opt/ros/humble/share/rclpy/cmake)
[3.873s] -- Found std_srvs: 4.2.4 (/opt/ros/humble/share/std_srvs/cmake)
[3.909s] -- Found rosidl_default_generators: 1.2.0 (/opt/ros/humble/share/rosidl_default_generators/cmake)
[4.671s] -- Found ament_cmake_ros: 0.10.0 (/opt/ros/humble/share/ament_cmake_ros/cmake)
[5.529s] -- Using all available rosidl_typesupport_c: rosidl_typesupport_fastrtps_c;rosidl_typesupport_introspection_c
[5.910s] -- Using all available rosidl_typesupport_cpp: rosidl_typesupport_fastrtps_cpp;rosidl_typesupport_introspection_cpp
[5.988s] -- Found PythonInterp: /usr/bin/python3 (found suitable version "3.10.12", minimum required is "3.6") 
[5.995s] -- Found python_cmake_module: 0.10.0 (/opt/ros/humble/share/python_cmake_module/cmake)
[6.070s] -- Found PythonLibs: /usr/lib/x86_64-linux-gnu/libpython3.10.so (found suitable version "3.10.12", minimum required is "3.5") 
[6.070s] -- Using PYTHON_EXECUTABLE: /usr/bin/python3
[6.070s] -- Using PYTHON_INCLUDE_DIRS: /usr/include/python3.10
[6.070s] -- Using PYTHON_LIBRARIES: /usr/lib/x86_64-linux-gnu/libpython3.10.so
[6.119s] -- Found PythonExtra: .so  
[6.300s] -- Configuring done
[6.478s] -- Generating done
[6.527s] -- Build files have been written to: /home/osboxes/ros2_ws/build/dis_tutorial1
