[0.087s] DEBUG:colcon:Command line arguments: ['/usr/bin/colcon', 'build']
[0.087s] DEBUG:colcon:Parsed command line arguments: Namespace(log_base=None, log_level=None, verb_name='build', build_base='build', install_base='install', merge_install=False, symlink_install=False, test_result_base=None, continue_on_error=False, executor='parallel', parallel_workers=16, event_handlers=None, ignore_user_meta=False, metas=['./colcon.meta'], base_paths=['.'], packages_ignore=None, packages_ignore_regex=None, paths=None, packages_up_to=None, packages_up_to_regex=None, packages_above=None, packages_above_and_dependencies=None, packages_above_depth=None, packages_select_by_dep=None, packages_skip_by_dep=None, packages_skip_up_to=None, packages_select_build_failed=False, packages_skip_build_finished=False, packages_select_test_failures=False, packages_skip_test_passed=False, packages_select=None, packages_skip=None, packages_select_regex=None, packages_skip_regex=None, packages_start=None, packages_end=None, allow_overriding=[], cmake_args=None, cmake_target=None, cmake_target_skip_unavailable=False, cmake_clean_cache=False, cmake_clean_first=False, cmake_force_configure=False, ament_cmake_args=None, catkin_cmake_args=None, catkin_skip_building_tests=False, mixin_files=None, mixin=None, verb_parser=<colcon_mixin.mixin.mixin_argument.MixinArgumentDecorator object at 0x76ae019174c0>, verb_extension=<colcon_core.verb.build.BuildVerb object at 0x76ae01aa03a0>, main=<bound method BuildVerb.main of <colcon_core.verb.build.BuildVerb object at 0x76ae01aa03a0>>, mixin_verb=('build',))
[0.217s] Level 1:colcon.colcon_core.package_discovery:discover_packages(colcon_meta) check parameters
[0.217s] Level 1:colcon.colcon_core.package_discovery:discover_packages(recursive) check parameters
[0.217s] Level 1:colcon.colcon_core.package_discovery:discover_packages(ignore) check parameters
[0.217s] Level 1:colcon.colcon_core.package_discovery:discover_packages(path) check parameters
[0.217s] Level 1:colcon.colcon_core.package_discovery:discover_packages(colcon_meta) discover
[0.217s] Level 1:colcon.colcon_core.package_discovery:discover_packages(recursive) discover
[0.217s] INFO:colcon.colcon_core.package_discovery:Crawling recursively for packages in '/home/tau/colcon_ws'
[0.218s] Level 1:colcon.colcon_core.package_identification:_identify(.) by extensions ['ignore', 'ignore_ament_install']
[0.218s] Level 1:colcon.colcon_core.package_identification:_identify(.) by extension 'ignore'
[0.218s] Level 1:colcon.colcon_core.package_identification:_identify(.) by extension 'ignore_ament_install'
[0.218s] Level 1:colcon.colcon_core.package_identification:_identify(.) by extensions ['colcon_pkg']
[0.218s] Level 1:colcon.colcon_core.package_identification:_identify(.) by extension 'colcon_pkg'
[0.218s] Level 1:colcon.colcon_core.package_identification:_identify(.) by extensions ['colcon_meta']
[0.218s] Level 1:colcon.colcon_core.package_identification:_identify(.) by extension 'colcon_meta'
[0.218s] Level 1:colcon.colcon_core.package_identification:_identify(.) by extensions ['ros']
[0.218s] Level 1:colcon.colcon_core.package_identification:_identify(.) by extension 'ros'
[0.226s] Level 1:colcon.colcon_core.package_identification:_identify(.) by extensions ['cmake', 'python']
[0.226s] Level 1:colcon.colcon_core.package_identification:_identify(.) by extension 'cmake'
[0.226s] Level 1:colcon.colcon_core.package_identification:_identify(.) by extension 'python'
[0.226s] Level 1:colcon.colcon_core.package_identification:_identify(.) by extensions ['python_setup_py']
[0.226s] Level 1:colcon.colcon_core.package_identification:_identify(.) by extension 'python_setup_py'
[0.226s] Level 1:colcon.colcon_core.package_identification:_identify(3dringdataset) by extensions ['ignore', 'ignore_ament_install']
[0.226s] Level 1:colcon.colcon_core.package_identification:_identify(3dringdataset) by extension 'ignore'
[0.226s] Level 1:colcon.colcon_core.package_identification:_identify(3dringdataset) by extension 'ignore_ament_install'
[0.226s] Level 1:colcon.colcon_core.package_identification:_identify(3dringdataset) by extensions ['colcon_pkg']
[0.226s] Level 1:colcon.colcon_core.package_identification:_identify(3dringdataset) by extension 'colcon_pkg'
[0.226s] Level 1:colcon.colcon_core.package_identification:_identify(3dringdataset) by extensions ['colcon_meta']
[0.227s] Level 1:colcon.colcon_core.package_identification:_identify(3dringdataset) by extension 'colcon_meta'
[0.227s] Level 1:colcon.colcon_core.package_identification:_identify(3dringdataset) by extensions ['ros']
[0.227s] Level 1:colcon.colcon_core.package_identification:_identify(3dringdataset) by extension 'ros'
[0.227s] Level 1:colcon.colcon_core.package_identification:_identify(3dringdataset) by extensions ['cmake', 'python']
[0.227s] Level 1:colcon.colcon_core.package_identification:_identify(3dringdataset) by extension 'cmake'
[0.227s] Level 1:colcon.colcon_core.package_identification:_identify(3dringdataset) by extension 'python'
[0.227s] Level 1:colcon.colcon_core.package_identification:_identify(3dringdataset) by extensions ['python_setup_py']
[0.227s] Level 1:colcon.colcon_core.package_identification:_identify(3dringdataset) by extension 'python_setup_py'
[0.227s] Level 1:colcon.colcon_core.package_identification:_identify(3dringdataset/images) by extensions ['ignore', 'ignore_ament_install']
[0.227s] Level 1:colcon.colcon_core.package_identification:_identify(3dringdataset/images) by extension 'ignore'
[0.227s] Level 1:colcon.colcon_core.package_identification:_identify(3dringdataset/images) by extension 'ignore_ament_install'
[0.227s] Level 1:colcon.colcon_core.package_identification:_identify(3dringdataset/images) by extensions ['colcon_pkg']
[0.227s] Level 1:colcon.colcon_core.package_identification:_identify(3dringdataset/images) by extension 'colcon_pkg'
[0.227s] Level 1:colcon.colcon_core.package_identification:_identify(3dringdataset/images) by extensions ['colcon_meta']
[0.227s] Level 1:colcon.colcon_core.package_identification:_identify(3dringdataset/images) by extension 'colcon_meta'
[0.227s] Level 1:colcon.colcon_core.package_identification:_identify(3dringdataset/images) by extensions ['ros']
[0.227s] Level 1:colcon.colcon_core.package_identification:_identify(3dringdataset/images) by extension 'ros'
[0.227s] Level 1:colcon.colcon_core.package_identification:_identify(3dringdataset/images) by extensions ['cmake', 'python']
[0.227s] Level 1:colcon.colcon_core.package_identification:_identify(3dringdataset/images) by extension 'cmake'
[0.227s] Level 1:colcon.colcon_core.package_identification:_identify(3dringdataset/images) by extension 'python'
[0.227s] Level 1:colcon.colcon_core.package_identification:_identify(3dringdataset/images) by extensions ['python_setup_py']
[0.227s] Level 1:colcon.colcon_core.package_identification:_identify(3dringdataset/images) by extension 'python_setup_py'
[0.228s] Level 1:colcon.colcon_core.package_identification:_identify(3dringdataset/images/train) by extensions ['ignore', 'ignore_ament_install']
[0.228s] Level 1:colcon.colcon_core.package_identification:_identify(3dringdataset/images/train) by extension 'ignore'
[0.228s] Level 1:colcon.colcon_core.package_identification:_identify(3dringdataset/images/train) by extension 'ignore_ament_install'
[0.228s] Level 1:colcon.colcon_core.package_identification:_identify(3dringdataset/images/train) by extensions ['colcon_pkg']
[0.228s] Level 1:colcon.colcon_core.package_identification:_identify(3dringdataset/images/train) by extension 'colcon_pkg'
[0.228s] Level 1:colcon.colcon_core.package_identification:_identify(3dringdataset/images/train) by extensions ['colcon_meta']
[0.228s] Level 1:colcon.colcon_core.package_identification:_identify(3dringdataset/images/train) by extension 'colcon_meta'
[0.228s] Level 1:colcon.colcon_core.package_identification:_identify(3dringdataset/images/train) by extensions ['ros']
[0.228s] Level 1:colcon.colcon_core.package_identification:_identify(3dringdataset/images/train) by extension 'ros'
[0.228s] Level 1:colcon.colcon_core.package_identification:_identify(3dringdataset/images/train) by extensions ['cmake', 'python']
[0.228s] Level 1:colcon.colcon_core.package_identification:_identify(3dringdataset/images/train) by extension 'cmake'
[0.228s] Level 1:colcon.colcon_core.package_identification:_identify(3dringdataset/images/train) by extension 'python'
[0.228s] Level 1:colcon.colcon_core.package_identification:_identify(3dringdataset/images/train) by extensions ['python_setup_py']
[0.228s] Level 1:colcon.colcon_core.package_identification:_identify(3dringdataset/images/train) by extension 'python_setup_py'
[0.228s] Level 1:colcon.colcon_core.package_identification:_identify(3dringdataset/images/val) by extensions ['ignore', 'ignore_ament_install']
[0.228s] Level 1:colcon.colcon_core.package_identification:_identify(3dringdataset/images/val) by extension 'ignore'
[0.228s] Level 1:colcon.colcon_core.package_identification:_identify(3dringdataset/images/val) by extension 'ignore_ament_install'
[0.228s] Level 1:colcon.colcon_core.package_identification:_identify(3dringdataset/images/val) by extensions ['colcon_pkg']
[0.228s] Level 1:colcon.colcon_core.package_identification:_identify(3dringdataset/images/val) by extension 'colcon_pkg'
[0.228s] Level 1:colcon.colcon_core.package_identification:_identify(3dringdataset/images/val) by extensions ['colcon_meta']
[0.228s] Level 1:colcon.colcon_core.package_identification:_identify(3dringdataset/images/val) by extension 'colcon_meta'
[0.228s] Level 1:colcon.colcon_core.package_identification:_identify(3dringdataset/images/val) by extensions ['ros']
[0.228s] Level 1:colcon.colcon_core.package_identification:_identify(3dringdataset/images/val) by extension 'ros'
[0.228s] Level 1:colcon.colcon_core.package_identification:_identify(3dringdataset/images/val) by extensions ['cmake', 'python']
[0.228s] Level 1:colcon.colcon_core.package_identification:_identify(3dringdataset/images/val) by extension 'cmake'
[0.228s] Level 1:colcon.colcon_core.package_identification:_identify(3dringdataset/images/val) by extension 'python'
[0.228s] Level 1:colcon.colcon_core.package_identification:_identify(3dringdataset/images/val) by extensions ['python_setup_py']
[0.228s] Level 1:colcon.colcon_core.package_identification:_identify(3dringdataset/images/val) by extension 'python_setup_py'
[0.228s] Level 1:colcon.colcon_core.package_identification:_identify(3dringdataset/labels) by extensions ['ignore', 'ignore_ament_install']
[0.229s] Level 1:colcon.colcon_core.package_identification:_identify(3dringdataset/labels) by extension 'ignore'
[0.229s] Level 1:colcon.colcon_core.package_identification:_identify(3dringdataset/labels) by extension 'ignore_ament_install'
[0.229s] Level 1:colcon.colcon_core.package_identification:_identify(3dringdataset/labels) by extensions ['colcon_pkg']
[0.229s] Level 1:colcon.colcon_core.package_identification:_identify(3dringdataset/labels) by extension 'colcon_pkg'
[0.229s] Level 1:colcon.colcon_core.package_identification:_identify(3dringdataset/labels) by extensions ['colcon_meta']
[0.229s] Level 1:colcon.colcon_core.package_identification:_identify(3dringdataset/labels) by extension 'colcon_meta'
[0.229s] Level 1:colcon.colcon_core.package_identification:_identify(3dringdataset/labels) by extensions ['ros']
[0.229s] Level 1:colcon.colcon_core.package_identification:_identify(3dringdataset/labels) by extension 'ros'
[0.229s] Level 1:colcon.colcon_core.package_identification:_identify(3dringdataset/labels) by extensions ['cmake', 'python']
[0.229s] Level 1:colcon.colcon_core.package_identification:_identify(3dringdataset/labels) by extension 'cmake'
[0.229s] Level 1:colcon.colcon_core.package_identification:_identify(3dringdataset/labels) by extension 'python'
[0.229s] Level 1:colcon.colcon_core.package_identification:_identify(3dringdataset/labels) by extensions ['python_setup_py']
[0.229s] Level 1:colcon.colcon_core.package_identification:_identify(3dringdataset/labels) by extension 'python_setup_py'
[0.229s] Level 1:colcon.colcon_core.package_identification:_identify(3dringdataset/labels/train) by extensions ['ignore', 'ignore_ament_install']
[0.229s] Level 1:colcon.colcon_core.package_identification:_identify(3dringdataset/labels/train) by extension 'ignore'
[0.229s] Level 1:colcon.colcon_core.package_identification:_identify(3dringdataset/labels/train) by extension 'ignore_ament_install'
[0.229s] Level 1:colcon.colcon_core.package_identification:_identify(3dringdataset/labels/train) by extensions ['colcon_pkg']
[0.229s] Level 1:colcon.colcon_core.package_identification:_identify(3dringdataset/labels/train) by extension 'colcon_pkg'
[0.229s] Level 1:colcon.colcon_core.package_identification:_identify(3dringdataset/labels/train) by extensions ['colcon_meta']
[0.229s] Level 1:colcon.colcon_core.package_identification:_identify(3dringdataset/labels/train) by extension 'colcon_meta'
[0.229s] Level 1:colcon.colcon_core.package_identification:_identify(3dringdataset/labels/train) by extensions ['ros']
[0.229s] Level 1:colcon.colcon_core.package_identification:_identify(3dringdataset/labels/train) by extension 'ros'
[0.229s] Level 1:colcon.colcon_core.package_identification:_identify(3dringdataset/labels/train) by extensions ['cmake', 'python']
[0.229s] Level 1:colcon.colcon_core.package_identification:_identify(3dringdataset/labels/train) by extension 'cmake'
[0.229s] Level 1:colcon.colcon_core.package_identification:_identify(3dringdataset/labels/train) by extension 'python'
[0.229s] Level 1:colcon.colcon_core.package_identification:_identify(3dringdataset/labels/train) by extensions ['python_setup_py']
[0.229s] Level 1:colcon.colcon_core.package_identification:_identify(3dringdataset/labels/train) by extension 'python_setup_py'
[0.229s] Level 1:colcon.colcon_core.package_identification:_identify(3dringdataset/labels/val) by extensions ['ignore', 'ignore_ament_install']
[0.229s] Level 1:colcon.colcon_core.package_identification:_identify(3dringdataset/labels/val) by extension 'ignore'
[0.229s] Level 1:colcon.colcon_core.package_identification:_identify(3dringdataset/labels/val) by extension 'ignore_ament_install'
[0.229s] Level 1:colcon.colcon_core.package_identification:_identify(3dringdataset/labels/val) by extensions ['colcon_pkg']
[0.229s] Level 1:colcon.colcon_core.package_identification:_identify(3dringdataset/labels/val) by extension 'colcon_pkg'
[0.230s] Level 1:colcon.colcon_core.package_identification:_identify(3dringdataset/labels/val) by extensions ['colcon_meta']
[0.230s] Level 1:colcon.colcon_core.package_identification:_identify(3dringdataset/labels/val) by extension 'colcon_meta'
[0.230s] Level 1:colcon.colcon_core.package_identification:_identify(3dringdataset/labels/val) by extensions ['ros']
[0.230s] Level 1:colcon.colcon_core.package_identification:_identify(3dringdataset/labels/val) by extension 'ros'
[0.230s] Level 1:colcon.colcon_core.package_identification:_identify(3dringdataset/labels/val) by extensions ['cmake', 'python']
[0.230s] Level 1:colcon.colcon_core.package_identification:_identify(3dringdataset/labels/val) by extension 'cmake'
[0.230s] Level 1:colcon.colcon_core.package_identification:_identify(3dringdataset/labels/val) by extension 'python'
[0.230s] Level 1:colcon.colcon_core.package_identification:_identify(3dringdataset/labels/val) by extensions ['python_setup_py']
[0.230s] Level 1:colcon.colcon_core.package_identification:_identify(3dringdataset/labels/val) by extension 'python_setup_py'
[0.230s] Level 1:colcon.colcon_core.package_identification:_identify(3dringdataset/runs) by extensions ['ignore', 'ignore_ament_install']
[0.230s] Level 1:colcon.colcon_core.package_identification:_identify(3dringdataset/runs) by extension 'ignore'
[0.230s] Level 1:colcon.colcon_core.package_identification:_identify(3dringdataset/runs) by extension 'ignore_ament_install'
[0.230s] Level 1:colcon.colcon_core.package_identification:_identify(3dringdataset/runs) by extensions ['colcon_pkg']
[0.230s] Level 1:colcon.colcon_core.package_identification:_identify(3dringdataset/runs) by extension 'colcon_pkg'
[0.230s] Level 1:colcon.colcon_core.package_identification:_identify(3dringdataset/runs) by extensions ['colcon_meta']
[0.230s] Level 1:colcon.colcon_core.package_identification:_identify(3dringdataset/runs) by extension 'colcon_meta'
[0.230s] Level 1:colcon.colcon_core.package_identification:_identify(3dringdataset/runs) by extensions ['ros']
[0.230s] Level 1:colcon.colcon_core.package_identification:_identify(3dringdataset/runs) by extension 'ros'
[0.230s] Level 1:colcon.colcon_core.package_identification:_identify(3dringdataset/runs) by extensions ['cmake', 'python']
[0.230s] Level 1:colcon.colcon_core.package_identification:_identify(3dringdataset/runs) by extension 'cmake'
[0.230s] Level 1:colcon.colcon_core.package_identification:_identify(3dringdataset/runs) by extension 'python'
[0.230s] Level 1:colcon.colcon_core.package_identification:_identify(3dringdataset/runs) by extensions ['python_setup_py']
[0.230s] Level 1:colcon.colcon_core.package_identification:_identify(3dringdataset/runs) by extension 'python_setup_py'
[0.230s] Level 1:colcon.colcon_core.package_identification:_identify(3dringdataset/runs/detect) by extensions ['ignore', 'ignore_ament_install']
[0.230s] Level 1:colcon.colcon_core.package_identification:_identify(3dringdataset/runs/detect) by extension 'ignore'
[0.230s] Level 1:colcon.colcon_core.package_identification:_identify(3dringdataset/runs/detect) by extension 'ignore_ament_install'
[0.230s] Level 1:colcon.colcon_core.package_identification:_identify(3dringdataset/runs/detect) by extensions ['colcon_pkg']
[0.230s] Level 1:colcon.colcon_core.package_identification:_identify(3dringdataset/runs/detect) by extension 'colcon_pkg'
[0.231s] Level 1:colcon.colcon_core.package_identification:_identify(3dringdataset/runs/detect) by extensions ['colcon_meta']
[0.231s] Level 1:colcon.colcon_core.package_identification:_identify(3dringdataset/runs/detect) by extension 'colcon_meta'
[0.231s] Level 1:colcon.colcon_core.package_identification:_identify(3dringdataset/runs/detect) by extensions ['ros']
[0.231s] Level 1:colcon.colcon_core.package_identification:_identify(3dringdataset/runs/detect) by extension 'ros'
[0.231s] Level 1:colcon.colcon_core.package_identification:_identify(3dringdataset/runs/detect) by extensions ['cmake', 'python']
[0.231s] Level 1:colcon.colcon_core.package_identification:_identify(3dringdataset/runs/detect) by extension 'cmake'
[0.231s] Level 1:colcon.colcon_core.package_identification:_identify(3dringdataset/runs/detect) by extension 'python'
[0.231s] Level 1:colcon.colcon_core.package_identification:_identify(3dringdataset/runs/detect) by extensions ['python_setup_py']
[0.231s] Level 1:colcon.colcon_core.package_identification:_identify(3dringdataset/runs/detect) by extension 'python_setup_py'
[0.231s] Level 1:colcon.colcon_core.package_identification:_identify(3dringdataset/runs/detect/train) by extensions ['ignore', 'ignore_ament_install']
[0.231s] Level 1:colcon.colcon_core.package_identification:_identify(3dringdataset/runs/detect/train) by extension 'ignore'
[0.231s] Level 1:colcon.colcon_core.package_identification:_identify(3dringdataset/runs/detect/train) by extension 'ignore_ament_install'
[0.231s] Level 1:colcon.colcon_core.package_identification:_identify(3dringdataset/runs/detect/train) by extensions ['colcon_pkg']
[0.231s] Level 1:colcon.colcon_core.package_identification:_identify(3dringdataset/runs/detect/train) by extension 'colcon_pkg'
[0.231s] Level 1:colcon.colcon_core.package_identification:_identify(3dringdataset/runs/detect/train) by extensions ['colcon_meta']
[0.231s] Level 1:colcon.colcon_core.package_identification:_identify(3dringdataset/runs/detect/train) by extension 'colcon_meta'
[0.231s] Level 1:colcon.colcon_core.package_identification:_identify(3dringdataset/runs/detect/train) by extensions ['ros']
[0.231s] Level 1:colcon.colcon_core.package_identification:_identify(3dringdataset/runs/detect/train) by extension 'ros'
[0.231s] Level 1:colcon.colcon_core.package_identification:_identify(3dringdataset/runs/detect/train) by extensions ['cmake', 'python']
[0.231s] Level 1:colcon.colcon_core.package_identification:_identify(3dringdataset/runs/detect/train) by extension 'cmake'
[0.231s] Level 1:colcon.colcon_core.package_identification:_identify(3dringdataset/runs/detect/train) by extension 'python'
[0.231s] Level 1:colcon.colcon_core.package_identification:_identify(3dringdataset/runs/detect/train) by extensions ['python_setup_py']
[0.231s] Level 1:colcon.colcon_core.package_identification:_identify(3dringdataset/runs/detect/train) by extension 'python_setup_py'
[0.231s] Level 1:colcon.colcon_core.package_identification:_identify(3dringdataset/runs/detect/train/weights) by extensions ['ignore', 'ignore_ament_install']
[0.231s] Level 1:colcon.colcon_core.package_identification:_identify(3dringdataset/runs/detect/train/weights) by extension 'ignore'
[0.231s] Level 1:colcon.colcon_core.package_identification:_identify(3dringdataset/runs/detect/train/weights) by extension 'ignore_ament_install'
[0.231s] Level 1:colcon.colcon_core.package_identification:_identify(3dringdataset/runs/detect/train/weights) by extensions ['colcon_pkg']
[0.231s] Level 1:colcon.colcon_core.package_identification:_identify(3dringdataset/runs/detect/train/weights) by extension 'colcon_pkg'
[0.231s] Level 1:colcon.colcon_core.package_identification:_identify(3dringdataset/runs/detect/train/weights) by extensions ['colcon_meta']
[0.231s] Level 1:colcon.colcon_core.package_identification:_identify(3dringdataset/runs/detect/train/weights) by extension 'colcon_meta'
[0.231s] Level 1:colcon.colcon_core.package_identification:_identify(3dringdataset/runs/detect/train/weights) by extensions ['ros']
[0.231s] Level 1:colcon.colcon_core.package_identification:_identify(3dringdataset/runs/detect/train/weights) by extension 'ros'
[0.232s] Level 1:colcon.colcon_core.package_identification:_identify(3dringdataset/runs/detect/train/weights) by extensions ['cmake', 'python']
[0.232s] Level 1:colcon.colcon_core.package_identification:_identify(3dringdataset/runs/detect/train/weights) by extension 'cmake'
[0.232s] Level 1:colcon.colcon_core.package_identification:_identify(3dringdataset/runs/detect/train/weights) by extension 'python'
[0.232s] Level 1:colcon.colcon_core.package_identification:_identify(3dringdataset/runs/detect/train/weights) by extensions ['python_setup_py']
[0.232s] Level 1:colcon.colcon_core.package_identification:_identify(3dringdataset/runs/detect/train/weights) by extension 'python_setup_py'
[0.232s] Level 1:colcon.colcon_core.package_identification:_identify(3dringdataset/runs/detect/train2) by extensions ['ignore', 'ignore_ament_install']
[0.232s] Level 1:colcon.colcon_core.package_identification:_identify(3dringdataset/runs/detect/train2) by extension 'ignore'
[0.232s] Level 1:colcon.colcon_core.package_identification:_identify(3dringdataset/runs/detect/train2) by extension 'ignore_ament_install'
[0.232s] Level 1:colcon.colcon_core.package_identification:_identify(3dringdataset/runs/detect/train2) by extensions ['colcon_pkg']
[0.232s] Level 1:colcon.colcon_core.package_identification:_identify(3dringdataset/runs/detect/train2) by extension 'colcon_pkg'
[0.232s] Level 1:colcon.colcon_core.package_identification:_identify(3dringdataset/runs/detect/train2) by extensions ['colcon_meta']
[0.232s] Level 1:colcon.colcon_core.package_identification:_identify(3dringdataset/runs/detect/train2) by extension 'colcon_meta'
[0.232s] Level 1:colcon.colcon_core.package_identification:_identify(3dringdataset/runs/detect/train2) by extensions ['ros']
[0.232s] Level 1:colcon.colcon_core.package_identification:_identify(3dringdataset/runs/detect/train2) by extension 'ros'
[0.232s] Level 1:colcon.colcon_core.package_identification:_identify(3dringdataset/runs/detect/train2) by extensions ['cmake', 'python']
[0.232s] Level 1:colcon.colcon_core.package_identification:_identify(3dringdataset/runs/detect/train2) by extension 'cmake'
[0.232s] Level 1:colcon.colcon_core.package_identification:_identify(3dringdataset/runs/detect/train2) by extension 'python'
[0.232s] Level 1:colcon.colcon_core.package_identification:_identify(3dringdataset/runs/detect/train2) by extensions ['python_setup_py']
[0.232s] Level 1:colcon.colcon_core.package_identification:_identify(3dringdataset/runs/detect/train2) by extension 'python_setup_py'
[0.232s] Level 1:colcon.colcon_core.package_identification:_identify(3dringdataset/runs/detect/train2/weights) by extensions ['ignore', 'ignore_ament_install']
[0.232s] Level 1:colcon.colcon_core.package_identification:_identify(3dringdataset/runs/detect/train2/weights) by extension 'ignore'
[0.232s] Level 1:colcon.colcon_core.package_identification:_identify(3dringdataset/runs/detect/train2/weights) by extension 'ignore_ament_install'
[0.232s] Level 1:colcon.colcon_core.package_identification:_identify(3dringdataset/runs/detect/train2/weights) by extensions ['colcon_pkg']
[0.232s] Level 1:colcon.colcon_core.package_identification:_identify(3dringdataset/runs/detect/train2/weights) by extension 'colcon_pkg'
[0.232s] Level 1:colcon.colcon_core.package_identification:_identify(3dringdataset/runs/detect/train2/weights) by extensions ['colcon_meta']
[0.232s] Level 1:colcon.colcon_core.package_identification:_identify(3dringdataset/runs/detect/train2/weights) by extension 'colcon_meta'
[0.232s] Level 1:colcon.colcon_core.package_identification:_identify(3dringdataset/runs/detect/train2/weights) by extensions ['ros']
[0.232s] Level 1:colcon.colcon_core.package_identification:_identify(3dringdataset/runs/detect/train2/weights) by extension 'ros'
[0.232s] Level 1:colcon.colcon_core.package_identification:_identify(3dringdataset/runs/detect/train2/weights) by extensions ['cmake', 'python']
[0.232s] Level 1:colcon.colcon_core.package_identification:_identify(3dringdataset/runs/detect/train2/weights) by extension 'cmake'
[0.232s] Level 1:colcon.colcon_core.package_identification:_identify(3dringdataset/runs/detect/train2/weights) by extension 'python'
[0.233s] Level 1:colcon.colcon_core.package_identification:_identify(3dringdataset/runs/detect/train2/weights) by extensions ['python_setup_py']
[0.233s] Level 1:colcon.colcon_core.package_identification:_identify(3dringdataset/runs/detect/train2/weights) by extension 'python_setup_py'
[0.233s] Level 1:colcon.colcon_core.package_identification:_identify(3dringdataset/runs/detect/train3) by extensions ['ignore', 'ignore_ament_install']
[0.233s] Level 1:colcon.colcon_core.package_identification:_identify(3dringdataset/runs/detect/train3) by extension 'ignore'
[0.233s] Level 1:colcon.colcon_core.package_identification:_identify(3dringdataset/runs/detect/train3) by extension 'ignore_ament_install'
[0.233s] Level 1:colcon.colcon_core.package_identification:_identify(3dringdataset/runs/detect/train3) by extensions ['colcon_pkg']
[0.233s] Level 1:colcon.colcon_core.package_identification:_identify(3dringdataset/runs/detect/train3) by extension 'colcon_pkg'
[0.233s] Level 1:colcon.colcon_core.package_identification:_identify(3dringdataset/runs/detect/train3) by extensions ['colcon_meta']
[0.233s] Level 1:colcon.colcon_core.package_identification:_identify(3dringdataset/runs/detect/train3) by extension 'colcon_meta'
[0.233s] Level 1:colcon.colcon_core.package_identification:_identify(3dringdataset/runs/detect/train3) by extensions ['ros']
[0.233s] Level 1:colcon.colcon_core.package_identification:_identify(3dringdataset/runs/detect/train3) by extension 'ros'
[0.233s] Level 1:colcon.colcon_core.package_identification:_identify(3dringdataset/runs/detect/train3) by extensions ['cmake', 'python']
[0.233s] Level 1:colcon.colcon_core.package_identification:_identify(3dringdataset/runs/detect/train3) by extension 'cmake'
[0.233s] Level 1:colcon.colcon_core.package_identification:_identify(3dringdataset/runs/detect/train3) by extension 'python'
[0.233s] Level 1:colcon.colcon_core.package_identification:_identify(3dringdataset/runs/detect/train3) by extensions ['python_setup_py']
[0.233s] Level 1:colcon.colcon_core.package_identification:_identify(3dringdataset/runs/detect/train3) by extension 'python_setup_py'
[0.233s] Level 1:colcon.colcon_core.package_identification:_identify(3dringdataset/runs/detect/train3/weights) by extensions ['ignore', 'ignore_ament_install']
[0.233s] Level 1:colcon.colcon_core.package_identification:_identify(3dringdataset/runs/detect/train3/weights) by extension 'ignore'
[0.233s] Level 1:colcon.colcon_core.package_identification:_identify(3dringdataset/runs/detect/train3/weights) by extension 'ignore_ament_install'
[0.233s] Level 1:colcon.colcon_core.package_identification:_identify(3dringdataset/runs/detect/train3/weights) by extensions ['colcon_pkg']
[0.233s] Level 1:colcon.colcon_core.package_identification:_identify(3dringdataset/runs/detect/train3/weights) by extension 'colcon_pkg'
[0.233s] Level 1:colcon.colcon_core.package_identification:_identify(3dringdataset/runs/detect/train3/weights) by extensions ['colcon_meta']
[0.233s] Level 1:colcon.colcon_core.package_identification:_identify(3dringdataset/runs/detect/train3/weights) by extension 'colcon_meta'
[0.234s] Level 1:colcon.colcon_core.package_identification:_identify(3dringdataset/runs/detect/train3/weights) by extensions ['ros']
[0.234s] Level 1:colcon.colcon_core.package_identification:_identify(3dringdataset/runs/detect/train3/weights) by extension 'ros'
[0.234s] Level 1:colcon.colcon_core.package_identification:_identify(3dringdataset/runs/detect/train3/weights) by extensions ['cmake', 'python']
[0.234s] Level 1:colcon.colcon_core.package_identification:_identify(3dringdataset/runs/detect/train3/weights) by extension 'cmake'
[0.234s] Level 1:colcon.colcon_core.package_identification:_identify(3dringdataset/runs/detect/train3/weights) by extension 'python'
[0.234s] Level 1:colcon.colcon_core.package_identification:_identify(3dringdataset/runs/detect/train3/weights) by extensions ['python_setup_py']
[0.234s] Level 1:colcon.colcon_core.package_identification:_identify(3dringdataset/runs/detect/train3/weights) by extension 'python_setup_py'
[0.234s] Level 1:colcon.colcon_core.package_identification:_identify(3dringdataset/runs/detect/train4) by extensions ['ignore', 'ignore_ament_install']
[0.234s] Level 1:colcon.colcon_core.package_identification:_identify(3dringdataset/runs/detect/train4) by extension 'ignore'
[0.234s] Level 1:colcon.colcon_core.package_identification:_identify(3dringdataset/runs/detect/train4) by extension 'ignore_ament_install'
[0.234s] Level 1:colcon.colcon_core.package_identification:_identify(3dringdataset/runs/detect/train4) by extensions ['colcon_pkg']
[0.234s] Level 1:colcon.colcon_core.package_identification:_identify(3dringdataset/runs/detect/train4) by extension 'colcon_pkg'
[0.234s] Level 1:colcon.colcon_core.package_identification:_identify(3dringdataset/runs/detect/train4) by extensions ['colcon_meta']
[0.234s] Level 1:colcon.colcon_core.package_identification:_identify(3dringdataset/runs/detect/train4) by extension 'colcon_meta'
[0.234s] Level 1:colcon.colcon_core.package_identification:_identify(3dringdataset/runs/detect/train4) by extensions ['ros']
[0.234s] Level 1:colcon.colcon_core.package_identification:_identify(3dringdataset/runs/detect/train4) by extension 'ros'
[0.234s] Level 1:colcon.colcon_core.package_identification:_identify(3dringdataset/runs/detect/train4) by extensions ['cmake', 'python']
[0.234s] Level 1:colcon.colcon_core.package_identification:_identify(3dringdataset/runs/detect/train4) by extension 'cmake'
[0.234s] Level 1:colcon.colcon_core.package_identification:_identify(3dringdataset/runs/detect/train4) by extension 'python'
[0.234s] Level 1:colcon.colcon_core.package_identification:_identify(3dringdataset/runs/detect/train4) by extensions ['python_setup_py']
[0.234s] Level 1:colcon.colcon_core.package_identification:_identify(3dringdataset/runs/detect/train4) by extension 'python_setup_py'
[0.234s] Level 1:colcon.colcon_core.package_identification:_identify(3dringdataset/runs/detect/train4/weights) by extensions ['ignore', 'ignore_ament_install']
[0.234s] Level 1:colcon.colcon_core.package_identification:_identify(3dringdataset/runs/detect/train4/weights) by extension 'ignore'
[0.234s] Level 1:colcon.colcon_core.package_identification:_identify(3dringdataset/runs/detect/train4/weights) by extension 'ignore_ament_install'
[0.234s] Level 1:colcon.colcon_core.package_identification:_identify(3dringdataset/runs/detect/train4/weights) by extensions ['colcon_pkg']
[0.234s] Level 1:colcon.colcon_core.package_identification:_identify(3dringdataset/runs/detect/train4/weights) by extension 'colcon_pkg'
[0.234s] Level 1:colcon.colcon_core.package_identification:_identify(3dringdataset/runs/detect/train4/weights) by extensions ['colcon_meta']
[0.234s] Level 1:colcon.colcon_core.package_identification:_identify(3dringdataset/runs/detect/train4/weights) by extension 'colcon_meta'
[0.234s] Level 1:colcon.colcon_core.package_identification:_identify(3dringdataset/runs/detect/train4/weights) by extensions ['ros']
[0.234s] Level 1:colcon.colcon_core.package_identification:_identify(3dringdataset/runs/detect/train4/weights) by extension 'ros'
[0.235s] Level 1:colcon.colcon_core.package_identification:_identify(3dringdataset/runs/detect/train4/weights) by extensions ['cmake', 'python']
[0.235s] Level 1:colcon.colcon_core.package_identification:_identify(3dringdataset/runs/detect/train4/weights) by extension 'cmake'
[0.235s] Level 1:colcon.colcon_core.package_identification:_identify(3dringdataset/runs/detect/train4/weights) by extension 'python'
[0.235s] Level 1:colcon.colcon_core.package_identification:_identify(3dringdataset/runs/detect/train4/weights) by extensions ['python_setup_py']
[0.235s] Level 1:colcon.colcon_core.package_identification:_identify(3dringdataset/runs/detect/train4/weights) by extension 'python_setup_py'
[0.235s] Level 1:colcon.colcon_core.package_identification:_identify(3dringdataset/runs/detect/train5) by extensions ['ignore', 'ignore_ament_install']
[0.235s] Level 1:colcon.colcon_core.package_identification:_identify(3dringdataset/runs/detect/train5) by extension 'ignore'
[0.235s] Level 1:colcon.colcon_core.package_identification:_identify(3dringdataset/runs/detect/train5) by extension 'ignore_ament_install'
[0.235s] Level 1:colcon.colcon_core.package_identification:_identify(3dringdataset/runs/detect/train5) by extensions ['colcon_pkg']
[0.235s] Level 1:colcon.colcon_core.package_identification:_identify(3dringdataset/runs/detect/train5) by extension 'colcon_pkg'
[0.235s] Level 1:colcon.colcon_core.package_identification:_identify(3dringdataset/runs/detect/train5) by extensions ['colcon_meta']
[0.235s] Level 1:colcon.colcon_core.package_identification:_identify(3dringdataset/runs/detect/train5) by extension 'colcon_meta'
[0.235s] Level 1:colcon.colcon_core.package_identification:_identify(3dringdataset/runs/detect/train5) by extensions ['ros']
[0.235s] Level 1:colcon.colcon_core.package_identification:_identify(3dringdataset/runs/detect/train5) by extension 'ros'
[0.235s] Level 1:colcon.colcon_core.package_identification:_identify(3dringdataset/runs/detect/train5) by extensions ['cmake', 'python']
[0.235s] Level 1:colcon.colcon_core.package_identification:_identify(3dringdataset/runs/detect/train5) by extension 'cmake'
[0.235s] Level 1:colcon.colcon_core.package_identification:_identify(3dringdataset/runs/detect/train5) by extension 'python'
[0.235s] Level 1:colcon.colcon_core.package_identification:_identify(3dringdataset/runs/detect/train5) by extensions ['python_setup_py']
[0.235s] Level 1:colcon.colcon_core.package_identification:_identify(3dringdataset/runs/detect/train5) by extension 'python_setup_py'
[0.235s] Level 1:colcon.colcon_core.package_identification:_identify(3dringdataset/runs/detect/train5/weights) by extensions ['ignore', 'ignore_ament_install']
[0.235s] Level 1:colcon.colcon_core.package_identification:_identify(3dringdataset/runs/detect/train5/weights) by extension 'ignore'
[0.235s] Level 1:colcon.colcon_core.package_identification:_identify(3dringdataset/runs/detect/train5/weights) by extension 'ignore_ament_install'
[0.235s] Level 1:colcon.colcon_core.package_identification:_identify(3dringdataset/runs/detect/train5/weights) by extensions ['colcon_pkg']
[0.235s] Level 1:colcon.colcon_core.package_identification:_identify(3dringdataset/runs/detect/train5/weights) by extension 'colcon_pkg'
[0.236s] Level 1:colcon.colcon_core.package_identification:_identify(3dringdataset/runs/detect/train5/weights) by extensions ['colcon_meta']
[0.236s] Level 1:colcon.colcon_core.package_identification:_identify(3dringdataset/runs/detect/train5/weights) by extension 'colcon_meta'
[0.236s] Level 1:colcon.colcon_core.package_identification:_identify(3dringdataset/runs/detect/train5/weights) by extensions ['ros']
[0.236s] Level 1:colcon.colcon_core.package_identification:_identify(3dringdataset/runs/detect/train5/weights) by extension 'ros'
[0.236s] Level 1:colcon.colcon_core.package_identification:_identify(3dringdataset/runs/detect/train5/weights) by extensions ['cmake', 'python']
[0.236s] Level 1:colcon.colcon_core.package_identification:_identify(3dringdataset/runs/detect/train5/weights) by extension 'cmake'
[0.236s] Level 1:colcon.colcon_core.package_identification:_identify(3dringdataset/runs/detect/train5/weights) by extension 'python'
[0.236s] Level 1:colcon.colcon_core.package_identification:_identify(3dringdataset/runs/detect/train5/weights) by extensions ['python_setup_py']
[0.236s] Level 1:colcon.colcon_core.package_identification:_identify(3dringdataset/runs/detect/train5/weights) by extension 'python_setup_py'
[0.236s] Level 1:colcon.colcon_core.package_identification:_identify(3dringdataset/runs/detect/train6) by extensions ['ignore', 'ignore_ament_install']
[0.236s] Level 1:colcon.colcon_core.package_identification:_identify(3dringdataset/runs/detect/train6) by extension 'ignore'
[0.236s] Level 1:colcon.colcon_core.package_identification:_identify(3dringdataset/runs/detect/train6) by extension 'ignore_ament_install'
[0.236s] Level 1:colcon.colcon_core.package_identification:_identify(3dringdataset/runs/detect/train6) by extensions ['colcon_pkg']
[0.236s] Level 1:colcon.colcon_core.package_identification:_identify(3dringdataset/runs/detect/train6) by extension 'colcon_pkg'
[0.236s] Level 1:colcon.colcon_core.package_identification:_identify(3dringdataset/runs/detect/train6) by extensions ['colcon_meta']
[0.236s] Level 1:colcon.colcon_core.package_identification:_identify(3dringdataset/runs/detect/train6) by extension 'colcon_meta'
[0.236s] Level 1:colcon.colcon_core.package_identification:_identify(3dringdataset/runs/detect/train6) by extensions ['ros']
[0.236s] Level 1:colcon.colcon_core.package_identification:_identify(3dringdataset/runs/detect/train6) by extension 'ros'
[0.236s] Level 1:colcon.colcon_core.package_identification:_identify(3dringdataset/runs/detect/train6) by extensions ['cmake', 'python']
[0.236s] Level 1:colcon.colcon_core.package_identification:_identify(3dringdataset/runs/detect/train6) by extension 'cmake'
[0.236s] Level 1:colcon.colcon_core.package_identification:_identify(3dringdataset/runs/detect/train6) by extension 'python'
[0.237s] Level 1:colcon.colcon_core.package_identification:_identify(3dringdataset/runs/detect/train6) by extensions ['python_setup_py']
[0.237s] Level 1:colcon.colcon_core.package_identification:_identify(3dringdataset/runs/detect/train6) by extension 'python_setup_py'
[0.237s] Level 1:colcon.colcon_core.package_identification:_identify(3dringdataset/runs/detect/train6/weights) by extensions ['ignore', 'ignore_ament_install']
[0.237s] Level 1:colcon.colcon_core.package_identification:_identify(3dringdataset/runs/detect/train6/weights) by extension 'ignore'
[0.237s] Level 1:colcon.colcon_core.package_identification:_identify(3dringdataset/runs/detect/train6/weights) by extension 'ignore_ament_install'
[0.237s] Level 1:colcon.colcon_core.package_identification:_identify(3dringdataset/runs/detect/train6/weights) by extensions ['colcon_pkg']
[0.237s] Level 1:colcon.colcon_core.package_identification:_identify(3dringdataset/runs/detect/train6/weights) by extension 'colcon_pkg'
[0.237s] Level 1:colcon.colcon_core.package_identification:_identify(3dringdataset/runs/detect/train6/weights) by extensions ['colcon_meta']
[0.237s] Level 1:colcon.colcon_core.package_identification:_identify(3dringdataset/runs/detect/train6/weights) by extension 'colcon_meta'
[0.237s] Level 1:colcon.colcon_core.package_identification:_identify(3dringdataset/runs/detect/train6/weights) by extensions ['ros']
[0.237s] Level 1:colcon.colcon_core.package_identification:_identify(3dringdataset/runs/detect/train6/weights) by extension 'ros'
[0.237s] Level 1:colcon.colcon_core.package_identification:_identify(3dringdataset/runs/detect/train6/weights) by extensions ['cmake', 'python']
[0.237s] Level 1:colcon.colcon_core.package_identification:_identify(3dringdataset/runs/detect/train6/weights) by extension 'cmake'
[0.237s] Level 1:colcon.colcon_core.package_identification:_identify(3dringdataset/runs/detect/train6/weights) by extension 'python'
[0.237s] Level 1:colcon.colcon_core.package_identification:_identify(3dringdataset/runs/detect/train6/weights) by extensions ['python_setup_py']
[0.237s] Level 1:colcon.colcon_core.package_identification:_identify(3dringdataset/runs/detect/train6/weights) by extension 'python_setup_py'
[0.237s] Level 1:colcon.colcon_core.package_identification:_identify(build) by extensions ['ignore', 'ignore_ament_install']
[0.237s] Level 1:colcon.colcon_core.package_identification:_identify(build) by extension 'ignore'
[0.237s] Level 1:colcon.colcon_core.package_identification:_identify(build) ignored
[0.237s] Level 1:colcon.colcon_core.package_identification:_identify(install) by extensions ['ignore', 'ignore_ament_install']
[0.237s] Level 1:colcon.colcon_core.package_identification:_identify(install) by extension 'ignore'
[0.237s] Level 1:colcon.colcon_core.package_identification:_identify(install) ignored
[0.237s] Level 1:colcon.colcon_core.package_identification:_identify(log) by extensions ['ignore', 'ignore_ament_install']
[0.238s] Level 1:colcon.colcon_core.package_identification:_identify(log) by extension 'ignore'
[0.238s] Level 1:colcon.colcon_core.package_identification:_identify(log) ignored
[0.238s] Level 1:colcon.colcon_core.package_identification:_identify(path) by extensions ['ignore', 'ignore_ament_install']
[0.238s] Level 1:colcon.colcon_core.package_identification:_identify(path) by extension 'ignore'
[0.238s] Level 1:colcon.colcon_core.package_identification:_identify(path) by extension 'ignore_ament_install'
[0.238s] Level 1:colcon.colcon_core.package_identification:_identify(path) by extensions ['colcon_pkg']
[0.238s] Level 1:colcon.colcon_core.package_identification:_identify(path) by extension 'colcon_pkg'
[0.238s] Level 1:colcon.colcon_core.package_identification:_identify(path) by extensions ['colcon_meta']
[0.238s] Level 1:colcon.colcon_core.package_identification:_identify(path) by extension 'colcon_meta'
[0.238s] Level 1:colcon.colcon_core.package_identification:_identify(path) by extensions ['ros']
[0.238s] Level 1:colcon.colcon_core.package_identification:_identify(path) by extension 'ros'
[0.238s] Level 1:colcon.colcon_core.package_identification:_identify(path) by extensions ['cmake', 'python']
[0.238s] Level 1:colcon.colcon_core.package_identification:_identify(path) by extension 'cmake'
[0.238s] Level 1:colcon.colcon_core.package_identification:_identify(path) by extension 'python'
[0.238s] Level 1:colcon.colcon_core.package_identification:_identify(path) by extensions ['python_setup_py']
[0.238s] Level 1:colcon.colcon_core.package_identification:_identify(path) by extension 'python_setup_py'
[0.238s] Level 1:colcon.colcon_core.package_identification:_identify(path/to) by extensions ['ignore', 'ignore_ament_install']
[0.238s] Level 1:colcon.colcon_core.package_identification:_identify(path/to) by extension 'ignore'
[0.238s] Level 1:colcon.colcon_core.package_identification:_identify(path/to) by extension 'ignore_ament_install'
[0.238s] Level 1:colcon.colcon_core.package_identification:_identify(path/to) by extensions ['colcon_pkg']
[0.238s] Level 1:colcon.colcon_core.package_identification:_identify(path/to) by extension 'colcon_pkg'
[0.238s] Level 1:colcon.colcon_core.package_identification:_identify(path/to) by extensions ['colcon_meta']
[0.238s] Level 1:colcon.colcon_core.package_identification:_identify(path/to) by extension 'colcon_meta'
[0.238s] Level 1:colcon.colcon_core.package_identification:_identify(path/to) by extensions ['ros']
[0.238s] Level 1:colcon.colcon_core.package_identification:_identify(path/to) by extension 'ros'
[0.238s] Level 1:colcon.colcon_core.package_identification:_identify(path/to) by extensions ['cmake', 'python']
[0.238s] Level 1:colcon.colcon_core.package_identification:_identify(path/to) by extension 'cmake'
[0.238s] Level 1:colcon.colcon_core.package_identification:_identify(path/to) by extension 'python'
[0.238s] Level 1:colcon.colcon_core.package_identification:_identify(path/to) by extensions ['python_setup_py']
[0.238s] Level 1:colcon.colcon_core.package_identification:_identify(path/to) by extension 'python_setup_py'
[0.238s] Level 1:colcon.colcon_core.package_identification:_identify(src) by extensions ['ignore', 'ignore_ament_install']
[0.238s] Level 1:colcon.colcon_core.package_identification:_identify(src) by extension 'ignore'
[0.238s] Level 1:colcon.colcon_core.package_identification:_identify(src) by extension 'ignore_ament_install'
[0.238s] Level 1:colcon.colcon_core.package_identification:_identify(src) by extensions ['colcon_pkg']
[0.239s] Level 1:colcon.colcon_core.package_identification:_identify(src) by extension 'colcon_pkg'
[0.239s] Level 1:colcon.colcon_core.package_identification:_identify(src) by extensions ['colcon_meta']
[0.239s] Level 1:colcon.colcon_core.package_identification:_identify(src) by extension 'colcon_meta'
[0.239s] Level 1:colcon.colcon_core.package_identification:_identify(src) by extensions ['ros']
[0.239s] Level 1:colcon.colcon_core.package_identification:_identify(src) by extension 'ros'
[0.239s] Level 1:colcon.colcon_core.package_identification:_identify(src) by extensions ['cmake', 'python']
[0.239s] Level 1:colcon.colcon_core.package_identification:_identify(src) by extension 'cmake'
[0.239s] Level 1:colcon.colcon_core.package_identification:_identify(src) by extension 'python'
[0.239s] Level 1:colcon.colcon_core.package_identification:_identify(src) by extensions ['python_setup_py']
[0.239s] Level 1:colcon.colcon_core.package_identification:_identify(src) by extension 'python_setup_py'
[0.239s] Level 1:colcon.colcon_core.package_identification:_identify(src/dis_tutorial1) by extensions ['ignore', 'ignore_ament_install']
[0.239s] Level 1:colcon.colcon_core.package_identification:_identify(src/dis_tutorial1) by extension 'ignore'
[0.239s] Level 1:colcon.colcon_core.package_identification:_identify(src/dis_tutorial1) by extension 'ignore_ament_install'
[0.239s] Level 1:colcon.colcon_core.package_identification:_identify(src/dis_tutorial1) by extensions ['colcon_pkg']
[0.239s] Level 1:colcon.colcon_core.package_identification:_identify(src/dis_tutorial1) by extension 'colcon_pkg'
[0.239s] Level 1:colcon.colcon_core.package_identification:_identify(src/dis_tutorial1) by extensions ['colcon_meta']
[0.239s] Level 1:colcon.colcon_core.package_identification:_identify(src/dis_tutorial1) by extension 'colcon_meta'
[0.239s] Level 1:colcon.colcon_core.package_identification:_identify(src/dis_tutorial1) by extensions ['ros']
[0.239s] Level 1:colcon.colcon_core.package_identification:_identify(src/dis_tutorial1) by extension 'ros'
[0.241s] DEBUG:colcon.colcon_core.package_identification:Package 'src/dis_tutorial1' with type 'ros.ament_cmake' and name 'dis_tutorial1'
[0.241s] Level 1:colcon.colcon_core.package_identification:_identify(src/dis_tutorial2) by extensions ['ignore', 'ignore_ament_install']
[0.241s] Level 1:colcon.colcon_core.package_identification:_identify(src/dis_tutorial2) by extension 'ignore'
[0.241s] Level 1:colcon.colcon_core.package_identification:_identify(src/dis_tutorial2) by extension 'ignore_ament_install'
[0.242s] Level 1:colcon.colcon_core.package_identification:_identify(src/dis_tutorial2) by extensions ['colcon_pkg']
[0.242s] Level 1:colcon.colcon_core.package_identification:_identify(src/dis_tutorial2) by extension 'colcon_pkg'
[0.242s] Level 1:colcon.colcon_core.package_identification:_identify(src/dis_tutorial2) by extensions ['colcon_meta']
[0.242s] Level 1:colcon.colcon_core.package_identification:_identify(src/dis_tutorial2) by extension 'colcon_meta'
[0.242s] Level 1:colcon.colcon_core.package_identification:_identify(src/dis_tutorial2) by extensions ['ros']
[0.242s] Level 1:colcon.colcon_core.package_identification:_identify(src/dis_tutorial2) by extension 'ros'
[0.242s] DEBUG:colcon.colcon_core.package_identification:Package 'src/dis_tutorial2' with type 'ros.ament_python' and name 'dis_tutorial2'
[0.242s] Level 1:colcon.colcon_core.package_identification:_identify(src/dis_tutorial3) by extensions ['ignore', 'ignore_ament_install']
[0.242s] Level 1:colcon.colcon_core.package_identification:_identify(src/dis_tutorial3) by extension 'ignore'
[0.242s] Level 1:colcon.colcon_core.package_identification:_identify(src/dis_tutorial3) by extension 'ignore_ament_install'
[0.242s] Level 1:colcon.colcon_core.package_identification:_identify(src/dis_tutorial3) by extensions ['colcon_pkg']
[0.242s] Level 1:colcon.colcon_core.package_identification:_identify(src/dis_tutorial3) by extension 'colcon_pkg'
[0.243s] Level 1:colcon.colcon_core.package_identification:_identify(src/dis_tutorial3) by extensions ['colcon_meta']
[0.243s] Level 1:colcon.colcon_core.package_identification:_identify(src/dis_tutorial3) by extension 'colcon_meta'
[0.243s] Level 1:colcon.colcon_core.package_identification:_identify(src/dis_tutorial3) by extensions ['ros']
[0.243s] Level 1:colcon.colcon_core.package_identification:_identify(src/dis_tutorial3) by extension 'ros'
[0.243s] DEBUG:colcon.colcon_core.package_identification:Package 'src/dis_tutorial3' with type 'ros.ament_cmake' and name 'dis_tutorial3'
[0.243s] Level 1:colcon.colcon_core.package_identification:_identify(src/dis_tutorial4) by extensions ['ignore', 'ignore_ament_install']
[0.243s] Level 1:colcon.colcon_core.package_identification:_identify(src/dis_tutorial4) by extension 'ignore'
[0.243s] Level 1:colcon.colcon_core.package_identification:_identify(src/dis_tutorial4) by extension 'ignore_ament_install'
[0.243s] Level 1:colcon.colcon_core.package_identification:_identify(src/dis_tutorial4) by extensions ['colcon_pkg']
[0.243s] Level 1:colcon.colcon_core.package_identification:_identify(src/dis_tutorial4) by extension 'colcon_pkg'
[0.243s] Level 1:colcon.colcon_core.package_identification:_identify(src/dis_tutorial4) by extensions ['colcon_meta']
[0.243s] Level 1:colcon.colcon_core.package_identification:_identify(src/dis_tutorial4) by extension 'colcon_meta'
[0.243s] Level 1:colcon.colcon_core.package_identification:_identify(src/dis_tutorial4) by extensions ['ros']
[0.243s] Level 1:colcon.colcon_core.package_identification:_identify(src/dis_tutorial4) by extension 'ros'
[0.244s] DEBUG:colcon.colcon_core.package_identification:Package 'src/dis_tutorial4' with type 'ros.ament_cmake' and name 'dis_tutorial4'
[0.244s] Level 1:colcon.colcon_core.package_identification:_identify(src/hwpub) by extensions ['ignore', 'ignore_ament_install']
[0.244s] Level 1:colcon.colcon_core.package_identification:_identify(src/hwpub) by extension 'ignore'
[0.244s] Level 1:colcon.colcon_core.package_identification:_identify(src/hwpub) by extension 'ignore_ament_install'
[0.244s] Level 1:colcon.colcon_core.package_identification:_identify(src/hwpub) by extensions ['colcon_pkg']
[0.244s] Level 1:colcon.colcon_core.package_identification:_identify(src/hwpub) by extension 'colcon_pkg'
[0.244s] Level 1:colcon.colcon_core.package_identification:_identify(src/hwpub) by extensions ['colcon_meta']
[0.244s] Level 1:colcon.colcon_core.package_identification:_identify(src/hwpub) by extension 'colcon_meta'
[0.244s] Level 1:colcon.colcon_core.package_identification:_identify(src/hwpub) by extensions ['ros']
[0.244s] Level 1:colcon.colcon_core.package_identification:_identify(src/hwpub) by extension 'ros'
[0.245s] DEBUG:colcon.colcon_core.package_identification:Package 'src/hwpub' with type 'ros.ament_cmake' and name 'hwpub'
[0.245s] Level 1:colcon.colcon_core.package_discovery:discover_packages(recursive) using defaults
[0.245s] Level 1:colcon.colcon_core.package_discovery:discover_packages(ignore) discover
[0.245s] Level 1:colcon.colcon_core.package_discovery:discover_packages(ignore) using defaults
[0.245s] Level 1:colcon.colcon_core.package_discovery:discover_packages(path) discover
[0.245s] Level 1:colcon.colcon_core.package_discovery:discover_packages(path) using defaults
[0.273s] Level 1:colcon.colcon_core.package_discovery:discover_packages(prefix_path) check parameters
[0.273s] Level 1:colcon.colcon_core.package_discovery:discover_packages(prefix_path) discover
[0.274s] DEBUG:colcon.colcon_installed_package_information.package_discovery:Found 5 installed packages in /home/tau/colcon_ws/install
[0.276s] DEBUG:colcon.colcon_installed_package_information.package_discovery:Found 414 installed packages in /opt/ros/humble
[0.277s] Level 1:colcon.colcon_core.package_discovery:discover_packages(prefix_path) using defaults
[0.315s] Level 5:colcon.colcon_core.verb:set package 'dis_tutorial1' build argument 'cmake_args' from command line to 'None'
[0.316s] Level 5:colcon.colcon_core.verb:set package 'dis_tutorial1' build argument 'cmake_target' from command line to 'None'
[0.316s] Level 5:colcon.colcon_core.verb:set package 'dis_tutorial1' build argument 'cmake_target_skip_unavailable' from command line to 'False'
[0.316s] Level 5:colcon.colcon_core.verb:set package 'dis_tutorial1' build argument 'cmake_clean_cache' from command line to 'False'
[0.316s] Level 5:colcon.colcon_core.verb:set package 'dis_tutorial1' build argument 'cmake_clean_first' from command line to 'False'
[0.316s] Level 5:colcon.colcon_core.verb:set package 'dis_tutorial1' build argument 'cmake_force_configure' from command line to 'False'
[0.316s] Level 5:colcon.colcon_core.verb:set package 'dis_tutorial1' build argument 'ament_cmake_args' from command line to 'None'
[0.316s] Level 5:colcon.colcon_core.verb:set package 'dis_tutorial1' build argument 'catkin_cmake_args' from command line to 'None'
[0.316s] Level 5:colcon.colcon_core.verb:set package 'dis_tutorial1' build argument 'catkin_skip_building_tests' from command line to 'False'
[0.316s] DEBUG:colcon.colcon_core.verb:Building package 'dis_tutorial1' with the following arguments: {'ament_cmake_args': None, 'build_base': '/home/tau/colcon_ws/build/dis_tutorial1', 'catkin_cmake_args': None, 'catkin_skip_building_tests': False, 'cmake_args': None, 'cmake_clean_cache': False, 'cmake_clean_first': False, 'cmake_force_configure': False, 'cmake_target': None, 'cmake_target_skip_unavailable': False, 'install_base': '/home/tau/colcon_ws/install/dis_tutorial1', 'merge_install': False, 'path': '/home/tau/colcon_ws/src/dis_tutorial1', 'symlink_install': False, 'test_result_base': None}
[0.316s] Level 5:colcon.colcon_core.verb:set package 'dis_tutorial2' build argument 'cmake_args' from command line to 'None'
[0.316s] Level 5:colcon.colcon_core.verb:set package 'dis_tutorial2' build argument 'cmake_target' from command line to 'None'
[0.316s] Level 5:colcon.colcon_core.verb:set package 'dis_tutorial2' build argument 'cmake_target_skip_unavailable' from command line to 'False'
[0.316s] Level 5:colcon.colcon_core.verb:set package 'dis_tutorial2' build argument 'cmake_clean_cache' from command line to 'False'
[0.316s] Level 5:colcon.colcon_core.verb:set package 'dis_tutorial2' build argument 'cmake_clean_first' from command line to 'False'
[0.316s] Level 5:colcon.colcon_core.verb:set package 'dis_tutorial2' build argument 'cmake_force_configure' from command line to 'False'
[0.316s] Level 5:colcon.colcon_core.verb:set package 'dis_tutorial2' build argument 'ament_cmake_args' from command line to 'None'
[0.316s] Level 5:colcon.colcon_core.verb:set package 'dis_tutorial2' build argument 'catkin_cmake_args' from command line to 'None'
[0.316s] Level 5:colcon.colcon_core.verb:set package 'dis_tutorial2' build argument 'catkin_skip_building_tests' from command line to 'False'
[0.316s] DEBUG:colcon.colcon_core.verb:Building package 'dis_tutorial2' with the following arguments: {'ament_cmake_args': None, 'build_base': '/home/tau/colcon_ws/build/dis_tutorial2', 'catkin_cmake_args': None, 'catkin_skip_building_tests': False, 'cmake_args': None, 'cmake_clean_cache': False, 'cmake_clean_first': False, 'cmake_force_configure': False, 'cmake_target': None, 'cmake_target_skip_unavailable': False, 'install_base': '/home/tau/colcon_ws/install/dis_tutorial2', 'merge_install': False, 'path': '/home/tau/colcon_ws/src/dis_tutorial2', 'symlink_install': False, 'test_result_base': None}
[0.316s] Level 5:colcon.colcon_core.verb:set package 'dis_tutorial3' build argument 'cmake_args' from command line to 'None'
[0.316s] Level 5:colcon.colcon_core.verb:set package 'dis_tutorial3' build argument 'cmake_target' from command line to 'None'
[0.316s] Level 5:colcon.colcon_core.verb:set package 'dis_tutorial3' build argument 'cmake_target_skip_unavailable' from command line to 'False'
[0.316s] Level 5:colcon.colcon_core.verb:set package 'dis_tutorial3' build argument 'cmake_clean_cache' from command line to 'False'
[0.316s] Level 5:colcon.colcon_core.verb:set package 'dis_tutorial3' build argument 'cmake_clean_first' from command line to 'False'
[0.316s] Level 5:colcon.colcon_core.verb:set package 'dis_tutorial3' build argument 'cmake_force_configure' from command line to 'False'
[0.316s] Level 5:colcon.colcon_core.verb:set package 'dis_tutorial3' build argument 'ament_cmake_args' from command line to 'None'
[0.316s] Level 5:colcon.colcon_core.verb:set package 'dis_tutorial3' build argument 'catkin_cmake_args' from command line to 'None'
[0.316s] Level 5:colcon.colcon_core.verb:set package 'dis_tutorial3' build argument 'catkin_skip_building_tests' from command line to 'False'
[0.316s] DEBUG:colcon.colcon_core.verb:Building package 'dis_tutorial3' with the following arguments: {'ament_cmake_args': None, 'build_base': '/home/tau/colcon_ws/build/dis_tutorial3', 'catkin_cmake_args': None, 'catkin_skip_building_tests': False, 'cmake_args': None, 'cmake_clean_cache': False, 'cmake_clean_first': False, 'cmake_force_configure': False, 'cmake_target': None, 'cmake_target_skip_unavailable': False, 'install_base': '/home/tau/colcon_ws/install/dis_tutorial3', 'merge_install': False, 'path': '/home/tau/colcon_ws/src/dis_tutorial3', 'symlink_install': False, 'test_result_base': None}
[0.317s] Level 5:colcon.colcon_core.verb:set package 'dis_tutorial4' build argument 'cmake_args' from command line to 'None'
[0.317s] Level 5:colcon.colcon_core.verb:set package 'dis_tutorial4' build argument 'cmake_target' from command line to 'None'
[0.317s] Level 5:colcon.colcon_core.verb:set package 'dis_tutorial4' build argument 'cmake_target_skip_unavailable' from command line to 'False'
[0.317s] Level 5:colcon.colcon_core.verb:set package 'dis_tutorial4' build argument 'cmake_clean_cache' from command line to 'False'
[0.317s] Level 5:colcon.colcon_core.verb:set package 'dis_tutorial4' build argument 'cmake_clean_first' from command line to 'False'
[0.317s] Level 5:colcon.colcon_core.verb:set package 'dis_tutorial4' build argument 'cmake_force_configure' from command line to 'False'
[0.317s] Level 5:colcon.colcon_core.verb:set package 'dis_tutorial4' build argument 'ament_cmake_args' from command line to 'None'
[0.317s] Level 5:colcon.colcon_core.verb:set package 'dis_tutorial4' build argument 'catkin_cmake_args' from command line to 'None'
[0.317s] Level 5:colcon.colcon_core.verb:set package 'dis_tutorial4' build argument 'catkin_skip_building_tests' from command line to 'False'
[0.317s] DEBUG:colcon.colcon_core.verb:Building package 'dis_tutorial4' with the following arguments: {'ament_cmake_args': None, 'build_base': '/home/tau/colcon_ws/build/dis_tutorial4', 'catkin_cmake_args': None, 'catkin_skip_building_tests': False, 'cmake_args': None, 'cmake_clean_cache': False, 'cmake_clean_first': False, 'cmake_force_configure': False, 'cmake_target': None, 'cmake_target_skip_unavailable': False, 'install_base': '/home/tau/colcon_ws/install/dis_tutorial4', 'merge_install': False, 'path': '/home/tau/colcon_ws/src/dis_tutorial4', 'symlink_install': False, 'test_result_base': None}
[0.317s] Level 5:colcon.colcon_core.verb:set package 'hwpub' build argument 'cmake_args' from command line to 'None'
[0.317s] Level 5:colcon.colcon_core.verb:set package 'hwpub' build argument 'cmake_target' from command line to 'None'
[0.317s] Level 5:colcon.colcon_core.verb:set package 'hwpub' build argument 'cmake_target_skip_unavailable' from command line to 'False'
[0.317s] Level 5:colcon.colcon_core.verb:set package 'hwpub' build argument 'cmake_clean_cache' from command line to 'False'
[0.317s] Level 5:colcon.colcon_core.verb:set package 'hwpub' build argument 'cmake_clean_first' from command line to 'False'
[0.317s] Level 5:colcon.colcon_core.verb:set package 'hwpub' build argument 'cmake_force_configure' from command line to 'False'
[0.317s] Level 5:colcon.colcon_core.verb:set package 'hwpub' build argument 'ament_cmake_args' from command line to 'None'
[0.317s] Level 5:colcon.colcon_core.verb:set package 'hwpub' build argument 'catkin_cmake_args' from command line to 'None'
[0.317s] Level 5:colcon.colcon_core.verb:set package 'hwpub' build argument 'catkin_skip_building_tests' from command line to 'False'
[0.317s] DEBUG:colcon.colcon_core.verb:Building package 'hwpub' with the following arguments: {'ament_cmake_args': None, 'build_base': '/home/tau/colcon_ws/build/hwpub', 'catkin_cmake_args': None, 'catkin_skip_building_tests': False, 'cmake_args': None, 'cmake_clean_cache': False, 'cmake_clean_first': False, 'cmake_force_configure': False, 'cmake_target': None, 'cmake_target_skip_unavailable': False, 'install_base': '/home/tau/colcon_ws/install/hwpub', 'merge_install': False, 'path': '/home/tau/colcon_ws/src/hwpub', 'symlink_install': False, 'test_result_base': None}
[0.317s] INFO:colcon.colcon_core.executor:Executing jobs using 'parallel' executor
[0.318s] DEBUG:colcon.colcon_parallel_executor.executor.parallel:run_until_complete
[0.318s] INFO:colcon.colcon_ros.task.ament_cmake.build:Building ROS package in '/home/tau/colcon_ws/src/dis_tutorial1' with build type 'ament_cmake'
[0.318s] INFO:colcon.colcon_cmake.task.cmake.build:Building CMake package in '/home/tau/colcon_ws/src/dis_tutorial1'
[0.320s] INFO:colcon.colcon_core.plugin_system:Skipping extension 'colcon_core.shell.bat': Not used on non-Windows systems
[0.320s] INFO:colcon.colcon_core.shell:Skip shell extension 'powershell' for command environment: Not usable outside of PowerShell
[0.320s] DEBUG:colcon.colcon_core.shell:Skip shell extension 'dsv' for command environment
[0.323s] INFO:colcon.colcon_ros.task.ament_python.build:Building ROS package in '/home/tau/colcon_ws/src/dis_tutorial2' with build type 'ament_python'
[0.323s] Level 1:colcon.colcon_core.shell:create_environment_hook('dis_tutorial2', 'ament_prefix_path')
[0.323s] INFO:colcon.colcon_core.shell:Creating environment hook '/home/tau/colcon_ws/install/dis_tutorial2/share/dis_tutorial2/hook/ament_prefix_path.ps1'
[0.324s] INFO:colcon.colcon_core.shell:Creating environment descriptor '/home/tau/colcon_ws/install/dis_tutorial2/share/dis_tutorial2/hook/ament_prefix_path.dsv'
[0.324s] INFO:colcon.colcon_core.shell:Creating environment hook '/home/tau/colcon_ws/install/dis_tutorial2/share/dis_tutorial2/hook/ament_prefix_path.sh'
[0.325s] INFO:colcon.colcon_core.shell:Skip shell extension 'powershell' for command environment: Not usable outside of PowerShell
[0.325s] DEBUG:colcon.colcon_core.shell:Skip shell extension 'dsv' for command environment
[0.327s] INFO:colcon.colcon_ros.task.ament_cmake.build:Building ROS package in '/home/tau/colcon_ws/src/dis_tutorial3' with build type 'ament_cmake'
[0.327s] INFO:colcon.colcon_cmake.task.cmake.build:Building CMake package in '/home/tau/colcon_ws/src/dis_tutorial3'
[0.327s] INFO:colcon.colcon_core.shell:Skip shell extension 'powershell' for command environment: Not usable outside of PowerShell
[0.327s] DEBUG:colcon.colcon_core.shell:Skip shell extension 'dsv' for command environment
[0.329s] INFO:colcon.colcon_ros.task.ament_cmake.build:Building ROS package in '/home/tau/colcon_ws/src/dis_tutorial4' with build type 'ament_cmake'
[0.330s] INFO:colcon.colcon_cmake.task.cmake.build:Building CMake package in '/home/tau/colcon_ws/src/dis_tutorial4'
[0.330s] INFO:colcon.colcon_core.shell:Skip shell extension 'powershell' for command environment: Not usable outside of PowerShell
[0.330s] DEBUG:colcon.colcon_core.shell:Skip shell extension 'dsv' for command environment
[0.332s] INFO:colcon.colcon_ros.task.ament_cmake.build:Building ROS package in '/home/tau/colcon_ws/src/hwpub' with build type 'ament_cmake'
[0.332s] INFO:colcon.colcon_cmake.task.cmake.build:Building CMake package in '/home/tau/colcon_ws/src/hwpub'
[0.332s] INFO:colcon.colcon_core.shell:Skip shell extension 'powershell' for command environment: Not usable outside of PowerShell
[0.332s] DEBUG:colcon.colcon_core.shell:Skip shell extension 'dsv' for command environment
[0.340s] DEBUG:colcon.colcon_core.event_handler.log_command:Invoking command in '/home/tau/colcon_ws/build/dis_tutorial1': CMAKE_PREFIX_PATH=${CMAKE_PREFIX_PATH}:/home/tau/colcon_ws/install/dis_tutorial2:/opt/ros/humble /usr/bin/cmake --build /home/tau/colcon_ws/build/dis_tutorial1 -- -j16 -l16
[0.590s] INFO:colcon.colcon_core.task.python.build:Building Python package in '/home/tau/colcon_ws/src/dis_tutorial2'
[0.591s] INFO:colcon.colcon_core.shell:Skip shell extension 'powershell' for command environment: Not usable outside of PowerShell
[0.591s] DEBUG:colcon.colcon_core.shell:Skip shell extension 'dsv' for command environment
[0.596s] DEBUG:colcon.colcon_core.event_handler.log_command:Invoking command in '/home/tau/colcon_ws/build/dis_tutorial3': CMAKE_PREFIX_PATH=${CMAKE_PREFIX_PATH}:/home/tau/colcon_ws/install/dis_tutorial2:/opt/ros/humble /usr/bin/cmake --build /home/tau/colcon_ws/build/dis_tutorial3 -- -j16 -l16
[0.598s] DEBUG:colcon.colcon_core.event_handler.log_command:Invoking command in '/home/tau/colcon_ws/build/dis_tutorial4': CMAKE_PREFIX_PATH=${CMAKE_PREFIX_PATH}:/home/tau/colcon_ws/install/dis_tutorial2:/opt/ros/humble /usr/bin/cmake --build /home/tau/colcon_ws/build/dis_tutorial4 -- -j16 -l16
[0.606s] DEBUG:colcon.colcon_core.event_handler.log_command:Invoking command in '/home/tau/colcon_ws/build/hwpub': CMAKE_PREFIX_PATH=${CMAKE_PREFIX_PATH}:/home/tau/colcon_ws/install/dis_tutorial2:/opt/ros/humble /usr/bin/cmake --build /home/tau/colcon_ws/build/hwpub -- -j16 -l16
[0.631s] DEBUG:colcon.colcon_core.event_handler.log_command:Invoked command in '/home/tau/colcon_ws/build/dis_tutorial3' returned '0': CMAKE_PREFIX_PATH=${CMAKE_PREFIX_PATH}:/home/tau/colcon_ws/install/dis_tutorial2:/opt/ros/humble /usr/bin/cmake --build /home/tau/colcon_ws/build/dis_tutorial3 -- -j16 -l16
[0.646s] DEBUG:colcon.colcon_core.event_handler.log_command:Invoking command in '/home/tau/colcon_ws/build/dis_tutorial3': CMAKE_PREFIX_PATH=${CMAKE_PREFIX_PATH}:/home/tau/colcon_ws/install/dis_tutorial2:/opt/ros/humble /usr/bin/cmake --install /home/tau/colcon_ws/build/dis_tutorial3
[0.647s] DEBUG:colcon.colcon_core.event_handler.log_command:Invoked command in '/home/tau/colcon_ws/build/dis_tutorial4' returned '0': CMAKE_PREFIX_PATH=${CMAKE_PREFIX_PATH}:/home/tau/colcon_ws/install/dis_tutorial2:/opt/ros/humble /usr/bin/cmake --build /home/tau/colcon_ws/build/dis_tutorial4 -- -j16 -l16
[0.651s] DEBUG:colcon.colcon_core.event_handler.log_command:Invoking command in '/home/tau/colcon_ws/build/dis_tutorial4': CMAKE_PREFIX_PATH=${CMAKE_PREFIX_PATH}:/home/tau/colcon_ws/install/dis_tutorial2:/opt/ros/humble /usr/bin/cmake --install /home/tau/colcon_ws/build/dis_tutorial4
[0.666s] Level 1:colcon.colcon_core.environment:create_environment_scripts_only(dis_tutorial3)
[0.675s] Level 1:colcon.colcon_core.environment:checking '/home/tau/colcon_ws/install/dis_tutorial3' for CMake module files
[0.675s] DEBUG:colcon.colcon_core.event_handler.log_command:Invoked command in '/home/tau/colcon_ws/build/dis_tutorial3' returned '0': CMAKE_PREFIX_PATH=${CMAKE_PREFIX_PATH}:/home/tau/colcon_ws/install/dis_tutorial2:/opt/ros/humble /usr/bin/cmake --install /home/tau/colcon_ws/build/dis_tutorial3
[0.676s] Level 1:colcon.colcon_core.environment:checking '/home/tau/colcon_ws/install/dis_tutorial3' for CMake config files
[0.677s] Level 1:colcon.colcon_core.shell:create_environment_hook('dis_tutorial3', 'cmake_prefix_path')
[0.677s] INFO:colcon.colcon_core.shell:Creating environment hook '/home/tau/colcon_ws/install/dis_tutorial3/share/dis_tutorial3/hook/cmake_prefix_path.ps1'
[0.679s] INFO:colcon.colcon_core.shell:Creating environment descriptor '/home/tau/colcon_ws/install/dis_tutorial3/share/dis_tutorial3/hook/cmake_prefix_path.dsv'
[0.679s] INFO:colcon.colcon_core.shell:Creating environment hook '/home/tau/colcon_ws/install/dis_tutorial3/share/dis_tutorial3/hook/cmake_prefix_path.sh'
[0.681s] Level 1:colcon.colcon_core.environment:checking '/home/tau/colcon_ws/install/dis_tutorial3/lib'
[0.681s] Level 1:colcon.colcon_core.environment:checking '/home/tau/colcon_ws/install/dis_tutorial3/bin'
[0.681s] Level 1:colcon.colcon_core.environment:checking '/home/tau/colcon_ws/install/dis_tutorial3/lib/pkgconfig/dis_tutorial3.pc'
[0.682s] Level 1:colcon.colcon_core.environment:checking '/home/tau/colcon_ws/install/dis_tutorial3/lib/python3.10/site-packages'
[0.682s] Level 1:colcon.colcon_core.environment:checking '/home/tau/colcon_ws/install/dis_tutorial3/bin'
[0.683s] INFO:colcon.colcon_core.shell:Creating package script '/home/tau/colcon_ws/install/dis_tutorial3/share/dis_tutorial3/package.ps1'
[0.686s] INFO:colcon.colcon_core.shell:Creating package descriptor '/home/tau/colcon_ws/install/dis_tutorial3/share/dis_tutorial3/package.dsv'
[0.687s] INFO:colcon.colcon_core.shell:Creating package script '/home/tau/colcon_ws/install/dis_tutorial3/share/dis_tutorial3/package.sh'
[0.689s] INFO:colcon.colcon_core.shell:Creating package script '/home/tau/colcon_ws/install/dis_tutorial3/share/dis_tutorial3/package.bash'
[0.691s] INFO:colcon.colcon_core.shell:Creating package script '/home/tau/colcon_ws/install/dis_tutorial3/share/dis_tutorial3/package.zsh'
[0.692s] Level 1:colcon.colcon_core.environment:create_file_with_runtime_dependencies(/home/tau/colcon_ws/install/dis_tutorial3/share/colcon-core/packages/dis_tutorial3)
[0.693s] Level 1:colcon.colcon_core.environment:create_environment_scripts_only(dis_tutorial3)
[0.693s] Level 1:colcon.colcon_core.environment:checking '/home/tau/colcon_ws/install/dis_tutorial3' for CMake module files
[0.693s] Level 1:colcon.colcon_core.environment:checking '/home/tau/colcon_ws/install/dis_tutorial3' for CMake config files
[0.693s] Level 1:colcon.colcon_core.shell:create_environment_hook('dis_tutorial3', 'cmake_prefix_path')
[0.694s] INFO:colcon.colcon_core.shell:Creating environment hook '/home/tau/colcon_ws/install/dis_tutorial3/share/dis_tutorial3/hook/cmake_prefix_path.ps1'
[0.694s] INFO:colcon.colcon_core.shell:Creating environment descriptor '/home/tau/colcon_ws/install/dis_tutorial3/share/dis_tutorial3/hook/cmake_prefix_path.dsv'
[0.694s] INFO:colcon.colcon_core.shell:Creating environment hook '/home/tau/colcon_ws/install/dis_tutorial3/share/dis_tutorial3/hook/cmake_prefix_path.sh'
[0.696s] Level 1:colcon.colcon_core.environment:checking '/home/tau/colcon_ws/install/dis_tutorial3/lib'
[0.696s] Level 1:colcon.colcon_core.environment:checking '/home/tau/colcon_ws/install/dis_tutorial3/bin'
[0.696s] Level 1:colcon.colcon_core.environment:checking '/home/tau/colcon_ws/install/dis_tutorial3/lib/pkgconfig/dis_tutorial3.pc'
[0.696s] Level 1:colcon.colcon_core.environment:checking '/home/tau/colcon_ws/install/dis_tutorial3/lib/python3.10/site-packages'
[0.696s] Level 1:colcon.colcon_core.environment:checking '/home/tau/colcon_ws/install/dis_tutorial3/bin'
[0.697s] INFO:colcon.colcon_core.shell:Creating package script '/home/tau/colcon_ws/install/dis_tutorial3/share/dis_tutorial3/package.ps1'
[0.698s] INFO:colcon.colcon_core.shell:Creating package descriptor '/home/tau/colcon_ws/install/dis_tutorial3/share/dis_tutorial3/package.dsv'
[0.698s] INFO:colcon.colcon_core.shell:Creating package script '/home/tau/colcon_ws/install/dis_tutorial3/share/dis_tutorial3/package.sh'
[0.699s] INFO:colcon.colcon_core.shell:Creating package script '/home/tau/colcon_ws/install/dis_tutorial3/share/dis_tutorial3/package.bash'
[0.699s] INFO:colcon.colcon_core.shell:Creating package script '/home/tau/colcon_ws/install/dis_tutorial3/share/dis_tutorial3/package.zsh'
[0.699s] Level 1:colcon.colcon_core.environment:create_file_with_runtime_dependencies(/home/tau/colcon_ws/install/dis_tutorial3/share/colcon-core/packages/dis_tutorial3)
[0.700s] Level 1:colcon.colcon_core.environment:create_environment_scripts_only(dis_tutorial4)
[0.700s] Level 1:colcon.colcon_core.environment:checking '/home/tau/colcon_ws/install/dis_tutorial4' for CMake module files
[0.701s] DEBUG:colcon.colcon_core.event_handler.log_command:Invoked command in '/home/tau/colcon_ws/build/dis_tutorial4' returned '0': CMAKE_PREFIX_PATH=${CMAKE_PREFIX_PATH}:/home/tau/colcon_ws/install/dis_tutorial2:/opt/ros/humble /usr/bin/cmake --install /home/tau/colcon_ws/build/dis_tutorial4
[0.701s] Level 1:colcon.colcon_core.environment:checking '/home/tau/colcon_ws/install/dis_tutorial4' for CMake config files
[0.701s] Level 1:colcon.colcon_core.shell:create_environment_hook('dis_tutorial4', 'cmake_prefix_path')
[0.702s] INFO:colcon.colcon_core.shell:Creating environment hook '/home/tau/colcon_ws/install/dis_tutorial4/share/dis_tutorial4/hook/cmake_prefix_path.ps1'
[0.702s] INFO:colcon.colcon_core.shell:Creating environment descriptor '/home/tau/colcon_ws/install/dis_tutorial4/share/dis_tutorial4/hook/cmake_prefix_path.dsv'
[0.702s] INFO:colcon.colcon_core.shell:Creating environment hook '/home/tau/colcon_ws/install/dis_tutorial4/share/dis_tutorial4/hook/cmake_prefix_path.sh'
[0.703s] Level 1:colcon.colcon_core.environment:checking '/home/tau/colcon_ws/install/dis_tutorial4/lib'
[0.703s] Level 1:colcon.colcon_core.environment:checking '/home/tau/colcon_ws/install/dis_tutorial4/bin'
[0.704s] Level 1:colcon.colcon_core.environment:checking '/home/tau/colcon_ws/install/dis_tutorial4/lib/pkgconfig/dis_tutorial4.pc'
[0.704s] Level 1:colcon.colcon_core.environment:checking '/home/tau/colcon_ws/install/dis_tutorial4/lib/python3.10/site-packages'
[0.704s] Level 1:colcon.colcon_core.environment:checking '/home/tau/colcon_ws/install/dis_tutorial4/bin'
[0.704s] INFO:colcon.colcon_core.shell:Creating package script '/home/tau/colcon_ws/install/dis_tutorial4/share/dis_tutorial4/package.ps1'
[0.705s] INFO:colcon.colcon_core.shell:Creating package descriptor '/home/tau/colcon_ws/install/dis_tutorial4/share/dis_tutorial4/package.dsv'
[0.705s] INFO:colcon.colcon_core.shell:Creating package script '/home/tau/colcon_ws/install/dis_tutorial4/share/dis_tutorial4/package.sh'
[0.705s] INFO:colcon.colcon_core.shell:Creating package script '/home/tau/colcon_ws/install/dis_tutorial4/share/dis_tutorial4/package.bash'
[0.706s] INFO:colcon.colcon_core.shell:Creating package script '/home/tau/colcon_ws/install/dis_tutorial4/share/dis_tutorial4/package.zsh'
[0.706s] Level 1:colcon.colcon_core.environment:create_file_with_runtime_dependencies(/home/tau/colcon_ws/install/dis_tutorial4/share/colcon-core/packages/dis_tutorial4)
[0.706s] Level 1:colcon.colcon_core.environment:create_environment_scripts_only(dis_tutorial4)
[0.707s] Level 1:colcon.colcon_core.environment:checking '/home/tau/colcon_ws/install/dis_tutorial4' for CMake module files
[0.707s] Level 1:colcon.colcon_core.environment:checking '/home/tau/colcon_ws/install/dis_tutorial4' for CMake config files
[0.707s] Level 1:colcon.colcon_core.shell:create_environment_hook('dis_tutorial4', 'cmake_prefix_path')
[0.707s] INFO:colcon.colcon_core.shell:Creating environment hook '/home/tau/colcon_ws/install/dis_tutorial4/share/dis_tutorial4/hook/cmake_prefix_path.ps1'
[0.707s] INFO:colcon.colcon_core.shell:Creating environment descriptor '/home/tau/colcon_ws/install/dis_tutorial4/share/dis_tutorial4/hook/cmake_prefix_path.dsv'
[0.708s] INFO:colcon.colcon_core.shell:Creating environment hook '/home/tau/colcon_ws/install/dis_tutorial4/share/dis_tutorial4/hook/cmake_prefix_path.sh'
[0.708s] Level 1:colcon.colcon_core.environment:checking '/home/tau/colcon_ws/install/dis_tutorial4/lib'
[0.708s] Level 1:colcon.colcon_core.environment:checking '/home/tau/colcon_ws/install/dis_tutorial4/bin'
[0.708s] Level 1:colcon.colcon_core.environment:checking '/home/tau/colcon_ws/install/dis_tutorial4/lib/pkgconfig/dis_tutorial4.pc'
[0.709s] Level 1:colcon.colcon_core.environment:checking '/home/tau/colcon_ws/install/dis_tutorial4/lib/python3.10/site-packages'
[0.709s] Level 1:colcon.colcon_core.environment:checking '/home/tau/colcon_ws/install/dis_tutorial4/bin'
[0.709s] INFO:colcon.colcon_core.shell:Creating package script '/home/tau/colcon_ws/install/dis_tutorial4/share/dis_tutorial4/package.ps1'
[0.710s] INFO:colcon.colcon_core.shell:Creating package descriptor '/home/tau/colcon_ws/install/dis_tutorial4/share/dis_tutorial4/package.dsv'
[0.710s] INFO:colcon.colcon_core.shell:Creating package script '/home/tau/colcon_ws/install/dis_tutorial4/share/dis_tutorial4/package.sh'
[0.711s] INFO:colcon.colcon_core.shell:Creating package script '/home/tau/colcon_ws/install/dis_tutorial4/share/dis_tutorial4/package.bash'
[0.711s] INFO:colcon.colcon_core.shell:Creating package script '/home/tau/colcon_ws/install/dis_tutorial4/share/dis_tutorial4/package.zsh'
[0.711s] Level 1:colcon.colcon_core.environment:create_file_with_runtime_dependencies(/home/tau/colcon_ws/install/dis_tutorial4/share/colcon-core/packages/dis_tutorial4)
[0.714s] DEBUG:colcon.colcon_core.event_handler.log_command:Invoked command in '/home/tau/colcon_ws/build/dis_tutorial1' returned '0': CMAKE_PREFIX_PATH=${CMAKE_PREFIX_PATH}:/home/tau/colcon_ws/install/dis_tutorial2:/opt/ros/humble /usr/bin/cmake --build /home/tau/colcon_ws/build/dis_tutorial1 -- -j16 -l16
[0.716s] DEBUG:colcon.colcon_core.event_handler.log_command:Invoking command in '/home/tau/colcon_ws/build/dis_tutorial1': CMAKE_PREFIX_PATH=${CMAKE_PREFIX_PATH}:/home/tau/colcon_ws/install/dis_tutorial2:/opt/ros/humble /usr/bin/cmake --install /home/tau/colcon_ws/build/dis_tutorial1
[0.771s] Level 1:colcon.colcon_core.environment:create_environment_scripts_only(dis_tutorial1)
[0.772s] Level 1:colcon.colcon_core.environment:checking '/home/tau/colcon_ws/install/dis_tutorial1' for CMake module files
[0.772s] DEBUG:colcon.colcon_core.event_handler.log_command:Invoked command in '/home/tau/colcon_ws/build/dis_tutorial1' returned '0': CMAKE_PREFIX_PATH=${CMAKE_PREFIX_PATH}:/home/tau/colcon_ws/install/dis_tutorial2:/opt/ros/humble /usr/bin/cmake --install /home/tau/colcon_ws/build/dis_tutorial1
[0.773s] Level 1:colcon.colcon_core.environment:checking '/home/tau/colcon_ws/install/dis_tutorial1' for CMake config files
[0.774s] Level 1:colcon.colcon_core.shell:create_environment_hook('dis_tutorial1', 'cmake_prefix_path')
[0.774s] INFO:colcon.colcon_core.shell:Creating environment hook '/home/tau/colcon_ws/install/dis_tutorial1/share/dis_tutorial1/hook/cmake_prefix_path.ps1'
[0.774s] INFO:colcon.colcon_core.shell:Creating environment descriptor '/home/tau/colcon_ws/install/dis_tutorial1/share/dis_tutorial1/hook/cmake_prefix_path.dsv'
[0.775s] INFO:colcon.colcon_core.shell:Creating environment hook '/home/tau/colcon_ws/install/dis_tutorial1/share/dis_tutorial1/hook/cmake_prefix_path.sh'
[0.775s] Level 1:colcon.colcon_core.environment:checking '/home/tau/colcon_ws/install/dis_tutorial1/lib'
[0.775s] Level 1:colcon.colcon_core.shell:create_environment_hook('dis_tutorial1', 'ld_library_path_lib')
[0.776s] INFO:colcon.colcon_core.shell:Creating environment hook '/home/tau/colcon_ws/install/dis_tutorial1/share/dis_tutorial1/hook/ld_library_path_lib.ps1'
[0.777s] INFO:colcon.colcon_core.shell:Creating environment descriptor '/home/tau/colcon_ws/install/dis_tutorial1/share/dis_tutorial1/hook/ld_library_path_lib.dsv'
[0.777s] INFO:colcon.colcon_core.shell:Creating environment hook '/home/tau/colcon_ws/install/dis_tutorial1/share/dis_tutorial1/hook/ld_library_path_lib.sh'
[0.777s] Level 1:colcon.colcon_core.environment:checking '/home/tau/colcon_ws/install/dis_tutorial1/bin'
[0.777s] Level 1:colcon.colcon_core.environment:checking '/home/tau/colcon_ws/install/dis_tutorial1/lib/pkgconfig/dis_tutorial1.pc'
[0.778s] Level 1:colcon.colcon_core.environment:checking '/home/tau/colcon_ws/install/dis_tutorial1/lib/python3.10/site-packages'
[0.778s] Level 1:colcon.colcon_core.environment:checking '/home/tau/colcon_ws/install/dis_tutorial1/bin'
[0.779s] INFO:colcon.colcon_core.shell:Creating package script '/home/tau/colcon_ws/install/dis_tutorial1/share/dis_tutorial1/package.ps1'
[0.780s] INFO:colcon.colcon_core.shell:Creating package descriptor '/home/tau/colcon_ws/install/dis_tutorial1/share/dis_tutorial1/package.dsv'
[0.780s] INFO:colcon.colcon_core.shell:Creating package script '/home/tau/colcon_ws/install/dis_tutorial1/share/dis_tutorial1/package.sh'
[0.781s] INFO:colcon.colcon_core.shell:Creating package script '/home/tau/colcon_ws/install/dis_tutorial1/share/dis_tutorial1/package.bash'
[0.782s] INFO:colcon.colcon_core.shell:Creating package script '/home/tau/colcon_ws/install/dis_tutorial1/share/dis_tutorial1/package.zsh'
[0.782s] Level 1:colcon.colcon_core.environment:create_file_with_runtime_dependencies(/home/tau/colcon_ws/install/dis_tutorial1/share/colcon-core/packages/dis_tutorial1)
[0.783s] Level 1:colcon.colcon_core.environment:create_environment_scripts_only(dis_tutorial1)
[0.783s] Level 1:colcon.colcon_core.environment:checking '/home/tau/colcon_ws/install/dis_tutorial1' for CMake module files
[0.784s] Level 1:colcon.colcon_core.environment:checking '/home/tau/colcon_ws/install/dis_tutorial1' for CMake config files
[0.784s] Level 1:colcon.colcon_core.shell:create_environment_hook('dis_tutorial1', 'cmake_prefix_path')
[0.785s] INFO:colcon.colcon_core.shell:Creating environment hook '/home/tau/colcon_ws/install/dis_tutorial1/share/dis_tutorial1/hook/cmake_prefix_path.ps1'
[0.785s] INFO:colcon.colcon_core.shell:Creating environment descriptor '/home/tau/colcon_ws/install/dis_tutorial1/share/dis_tutorial1/hook/cmake_prefix_path.dsv'
[0.786s] INFO:colcon.colcon_core.shell:Creating environment hook '/home/tau/colcon_ws/install/dis_tutorial1/share/dis_tutorial1/hook/cmake_prefix_path.sh'
[0.786s] Level 1:colcon.colcon_core.environment:checking '/home/tau/colcon_ws/install/dis_tutorial1/lib'
[0.786s] Level 1:colcon.colcon_core.shell:create_environment_hook('dis_tutorial1', 'ld_library_path_lib')
[0.786s] INFO:colcon.colcon_core.shell:Creating environment hook '/home/tau/colcon_ws/install/dis_tutorial1/share/dis_tutorial1/hook/ld_library_path_lib.ps1'
[0.787s] INFO:colcon.colcon_core.shell:Creating environment descriptor '/home/tau/colcon_ws/install/dis_tutorial1/share/dis_tutorial1/hook/ld_library_path_lib.dsv'
[0.787s] INFO:colcon.colcon_core.shell:Creating environment hook '/home/tau/colcon_ws/install/dis_tutorial1/share/dis_tutorial1/hook/ld_library_path_lib.sh'
[0.787s] Level 1:colcon.colcon_core.environment:checking '/home/tau/colcon_ws/install/dis_tutorial1/bin'
[0.787s] Level 1:colcon.colcon_core.environment:checking '/home/tau/colcon_ws/install/dis_tutorial1/lib/pkgconfig/dis_tutorial1.pc'
[0.788s] Level 1:colcon.colcon_core.environment:checking '/home/tau/colcon_ws/install/dis_tutorial1/lib/python3.10/site-packages'
[0.788s] Level 1:colcon.colcon_core.environment:checking '/home/tau/colcon_ws/install/dis_tutorial1/bin'
[0.788s] INFO:colcon.colcon_core.shell:Creating package script '/home/tau/colcon_ws/install/dis_tutorial1/share/dis_tutorial1/package.ps1'
[0.788s] INFO:colcon.colcon_core.shell:Creating package descriptor '/home/tau/colcon_ws/install/dis_tutorial1/share/dis_tutorial1/package.dsv'
[0.789s] INFO:colcon.colcon_core.shell:Creating package script '/home/tau/colcon_ws/install/dis_tutorial1/share/dis_tutorial1/package.sh'
[0.789s] INFO:colcon.colcon_core.shell:Creating package script '/home/tau/colcon_ws/install/dis_tutorial1/share/dis_tutorial1/package.bash'
[0.789s] INFO:colcon.colcon_core.shell:Creating package script '/home/tau/colcon_ws/install/dis_tutorial1/share/dis_tutorial1/package.zsh'
[0.790s] Level 1:colcon.colcon_core.environment:create_file_with_runtime_dependencies(/home/tau/colcon_ws/install/dis_tutorial1/share/colcon-core/packages/dis_tutorial1)
[0.931s] DEBUG:colcon.colcon_core.event_handler.log_command:Invoked command in '/home/tau/colcon_ws/build/hwpub' returned '0': CMAKE_PREFIX_PATH=${CMAKE_PREFIX_PATH}:/home/tau/colcon_ws/install/dis_tutorial2:/opt/ros/humble /usr/bin/cmake --build /home/tau/colcon_ws/build/hwpub -- -j16 -l16
[0.932s] DEBUG:colcon.colcon_core.event_handler.log_command:Invoking command in '/home/tau/colcon_ws/build/hwpub': CMAKE_PREFIX_PATH=${CMAKE_PREFIX_PATH}:/home/tau/colcon_ws/install/dis_tutorial2:/opt/ros/humble /usr/bin/cmake --install /home/tau/colcon_ws/build/hwpub
[0.949s] DEBUG:colcon.colcon_core.event_handler.log_command:Invoking command in '/home/tau/colcon_ws/src/dis_tutorial2': PYTHONPATH=/home/tau/colcon_ws/build/dis_tutorial2/prefix_override:/usr/lib/python3/dist-packages/colcon_core/task/python/colcon_distutils_commands:/home/tau/colcon_ws/install/dis_tutorial2/lib/python3.10/site-packages:${PYTHONPATH} /usr/bin/python3 -W ignore:setup.py install is deprecated -W ignore:easy_install command is deprecated setup.py egg_info --egg-base ../../build/dis_tutorial2 build --build-base /home/tau/colcon_ws/build/dis_tutorial2/build install --record /home/tau/colcon_ws/build/dis_tutorial2/install.log --single-version-externally-managed install_data
[0.982s] Level 1:colcon.colcon_core.environment:create_environment_scripts_only(hwpub)
[0.982s] Level 1:colcon.colcon_core.environment:checking '/home/tau/colcon_ws/install/hwpub' for CMake module files
[0.983s] DEBUG:colcon.colcon_core.event_handler.log_command:Invoked command in '/home/tau/colcon_ws/build/hwpub' returned '0': CMAKE_PREFIX_PATH=${CMAKE_PREFIX_PATH}:/home/tau/colcon_ws/install/dis_tutorial2:/opt/ros/humble /usr/bin/cmake --install /home/tau/colcon_ws/build/hwpub
[0.983s] Level 1:colcon.colcon_core.environment:checking '/home/tau/colcon_ws/install/hwpub' for CMake config files
[0.984s] Level 1:colcon.colcon_core.shell:create_environment_hook('hwpub', 'cmake_prefix_path')
[0.984s] INFO:colcon.colcon_core.shell:Creating environment hook '/home/tau/colcon_ws/install/hwpub/share/hwpub/hook/cmake_prefix_path.ps1'
[0.985s] INFO:colcon.colcon_core.shell:Creating environment descriptor '/home/tau/colcon_ws/install/hwpub/share/hwpub/hook/cmake_prefix_path.dsv'
[0.985s] INFO:colcon.colcon_core.shell:Creating environment hook '/home/tau/colcon_ws/install/hwpub/share/hwpub/hook/cmake_prefix_path.sh'
[0.986s] Level 1:colcon.colcon_core.environment:checking '/home/tau/colcon_ws/install/hwpub/lib'
[0.986s] Level 1:colcon.colcon_core.shell:create_environment_hook('hwpub', 'ld_library_path_lib')
[0.986s] INFO:colcon.colcon_core.shell:Creating environment hook '/home/tau/colcon_ws/install/hwpub/share/hwpub/hook/ld_library_path_lib.ps1'
[0.986s] INFO:colcon.colcon_core.shell:Creating environment descriptor '/home/tau/colcon_ws/install/hwpub/share/hwpub/hook/ld_library_path_lib.dsv'
[0.986s] INFO:colcon.colcon_core.shell:Creating environment hook '/home/tau/colcon_ws/install/hwpub/share/hwpub/hook/ld_library_path_lib.sh'
[0.987s] Level 1:colcon.colcon_core.environment:checking '/home/tau/colcon_ws/install/hwpub/bin'
[0.987s] Level 1:colcon.colcon_core.environment:checking '/home/tau/colcon_ws/install/hwpub/lib/pkgconfig/hwpub.pc'
[0.987s] Level 1:colcon.colcon_core.environment:checking '/home/tau/colcon_ws/install/hwpub/lib/python3.10/site-packages'
[0.987s] Level 1:colcon.colcon_core.environment:checking '/home/tau/colcon_ws/install/hwpub/bin'
[0.987s] INFO:colcon.colcon_core.shell:Creating package script '/home/tau/colcon_ws/install/hwpub/share/hwpub/package.ps1'
[0.988s] INFO:colcon.colcon_core.shell:Creating package descriptor '/home/tau/colcon_ws/install/hwpub/share/hwpub/package.dsv'
[0.988s] INFO:colcon.colcon_core.shell:Creating package script '/home/tau/colcon_ws/install/hwpub/share/hwpub/package.sh'
[0.988s] INFO:colcon.colcon_core.shell:Creating package script '/home/tau/colcon_ws/install/hwpub/share/hwpub/package.bash'
[0.989s] INFO:colcon.colcon_core.shell:Creating package script '/home/tau/colcon_ws/install/hwpub/share/hwpub/package.zsh'
[0.989s] Level 1:colcon.colcon_core.environment:create_file_with_runtime_dependencies(/home/tau/colcon_ws/install/hwpub/share/colcon-core/packages/hwpub)
[0.989s] Level 1:colcon.colcon_core.environment:create_environment_scripts_only(hwpub)
[0.989s] Level 1:colcon.colcon_core.environment:checking '/home/tau/colcon_ws/install/hwpub' for CMake module files
[0.990s] Level 1:colcon.colcon_core.environment:checking '/home/tau/colcon_ws/install/hwpub' for CMake config files
[0.990s] Level 1:colcon.colcon_core.shell:create_environment_hook('hwpub', 'cmake_prefix_path')
[0.990s] INFO:colcon.colcon_core.shell:Creating environment hook '/home/tau/colcon_ws/install/hwpub/share/hwpub/hook/cmake_prefix_path.ps1'
[0.991s] INFO:colcon.colcon_core.shell:Creating environment descriptor '/home/tau/colcon_ws/install/hwpub/share/hwpub/hook/cmake_prefix_path.dsv'
[0.991s] INFO:colcon.colcon_core.shell:Creating environment hook '/home/tau/colcon_ws/install/hwpub/share/hwpub/hook/cmake_prefix_path.sh'
[0.991s] Level 1:colcon.colcon_core.environment:checking '/home/tau/colcon_ws/install/hwpub/lib'
[0.991s] Level 1:colcon.colcon_core.shell:create_environment_hook('hwpub', 'ld_library_path_lib')
[0.992s] INFO:colcon.colcon_core.shell:Creating environment hook '/home/tau/colcon_ws/install/hwpub/share/hwpub/hook/ld_library_path_lib.ps1'
[0.992s] INFO:colcon.colcon_core.shell:Creating environment descriptor '/home/tau/colcon_ws/install/hwpub/share/hwpub/hook/ld_library_path_lib.dsv'
[0.992s] INFO:colcon.colcon_core.shell:Creating environment hook '/home/tau/colcon_ws/install/hwpub/share/hwpub/hook/ld_library_path_lib.sh'
[0.993s] Level 1:colcon.colcon_core.environment:checking '/home/tau/colcon_ws/install/hwpub/bin'
[0.993s] Level 1:colcon.colcon_core.environment:checking '/home/tau/colcon_ws/install/hwpub/lib/pkgconfig/hwpub.pc'
[0.993s] Level 1:colcon.colcon_core.environment:checking '/home/tau/colcon_ws/install/hwpub/lib/python3.10/site-packages'
[0.993s] Level 1:colcon.colcon_core.environment:checking '/home/tau/colcon_ws/install/hwpub/bin'
[0.993s] INFO:colcon.colcon_core.shell:Creating package script '/home/tau/colcon_ws/install/hwpub/share/hwpub/package.ps1'
[0.994s] INFO:colcon.colcon_core.shell:Creating package descriptor '/home/tau/colcon_ws/install/hwpub/share/hwpub/package.dsv'
[0.994s] INFO:colcon.colcon_core.shell:Creating package script '/home/tau/colcon_ws/install/hwpub/share/hwpub/package.sh'
[0.994s] INFO:colcon.colcon_core.shell:Creating package script '/home/tau/colcon_ws/install/hwpub/share/hwpub/package.bash'
[0.995s] INFO:colcon.colcon_core.shell:Creating package script '/home/tau/colcon_ws/install/hwpub/share/hwpub/package.zsh'
[0.995s] Level 1:colcon.colcon_core.environment:create_file_with_runtime_dependencies(/home/tau/colcon_ws/install/hwpub/share/colcon-core/packages/hwpub)
[1.171s] Level 1:colcon.colcon_core.environment:checking '/home/tau/colcon_ws/install/dis_tutorial2' for CMake module files
[1.172s] DEBUG:colcon.colcon_core.event_handler.log_command:Invoked command in '/home/tau/colcon_ws/src/dis_tutorial2' returned '0': PYTHONPATH=/home/tau/colcon_ws/build/dis_tutorial2/prefix_override:/usr/lib/python3/dist-packages/colcon_core/task/python/colcon_distutils_commands:/home/tau/colcon_ws/install/dis_tutorial2/lib/python3.10/site-packages:${PYTHONPATH} /usr/bin/python3 -W ignore:setup.py install is deprecated -W ignore:easy_install command is deprecated setup.py egg_info --egg-base ../../build/dis_tutorial2 build --build-base /home/tau/colcon_ws/build/dis_tutorial2/build install --record /home/tau/colcon_ws/build/dis_tutorial2/install.log --single-version-externally-managed install_data
[1.172s] Level 1:colcon.colcon_core.environment:checking '/home/tau/colcon_ws/install/dis_tutorial2' for CMake config files
[1.172s] Level 1:colcon.colcon_core.environment:checking '/home/tau/colcon_ws/install/dis_tutorial2/lib'
[1.172s] Level 1:colcon.colcon_core.environment:checking '/home/tau/colcon_ws/install/dis_tutorial2/bin'
[1.172s] Level 1:colcon.colcon_core.environment:checking '/home/tau/colcon_ws/install/dis_tutorial2/lib/pkgconfig/dis_tutorial2.pc'
[1.173s] Level 1:colcon.colcon_core.environment:checking '/home/tau/colcon_ws/install/dis_tutorial2/lib/python3.10/site-packages'
[1.173s] Level 1:colcon.colcon_core.shell:create_environment_hook('dis_tutorial2', 'pythonpath')
[1.173s] INFO:colcon.colcon_core.shell:Creating environment hook '/home/tau/colcon_ws/install/dis_tutorial2/share/dis_tutorial2/hook/pythonpath.ps1'
[1.173s] INFO:colcon.colcon_core.shell:Creating environment descriptor '/home/tau/colcon_ws/install/dis_tutorial2/share/dis_tutorial2/hook/pythonpath.dsv'
[1.174s] INFO:colcon.colcon_core.shell:Creating environment hook '/home/tau/colcon_ws/install/dis_tutorial2/share/dis_tutorial2/hook/pythonpath.sh'
[1.174s] Level 1:colcon.colcon_core.environment:checking '/home/tau/colcon_ws/install/dis_tutorial2/bin'
[1.174s] Level 1:colcon.colcon_core.environment:create_environment_scripts_only(dis_tutorial2)
[1.174s] INFO:colcon.colcon_core.shell:Creating package script '/home/tau/colcon_ws/install/dis_tutorial2/share/dis_tutorial2/package.ps1'
[1.175s] INFO:colcon.colcon_core.shell:Creating package descriptor '/home/tau/colcon_ws/install/dis_tutorial2/share/dis_tutorial2/package.dsv'
[1.175s] INFO:colcon.colcon_core.shell:Creating package script '/home/tau/colcon_ws/install/dis_tutorial2/share/dis_tutorial2/package.sh'
[1.175s] INFO:colcon.colcon_core.shell:Creating package script '/home/tau/colcon_ws/install/dis_tutorial2/share/dis_tutorial2/package.bash'
[1.175s] INFO:colcon.colcon_core.shell:Creating package script '/home/tau/colcon_ws/install/dis_tutorial2/share/dis_tutorial2/package.zsh'
[1.176s] Level 1:colcon.colcon_core.environment:create_file_with_runtime_dependencies(/home/tau/colcon_ws/install/dis_tutorial2/share/colcon-core/packages/dis_tutorial2)
[1.176s] DEBUG:colcon.colcon_parallel_executor.executor.parallel:closing loop
[1.176s] DEBUG:colcon.colcon_parallel_executor.executor.parallel:loop closed
[1.176s] DEBUG:colcon.colcon_parallel_executor.executor.parallel:run_until_complete finished with '0'
[1.176s] DEBUG:colcon.colcon_core.event_reactor:joining thread
[1.182s] INFO:colcon.colcon_core.plugin_system:Skipping extension 'colcon_notification.desktop_notification.notify_send': Could not find 'notify-send'
[1.182s] INFO:colcon.colcon_core.plugin_system:Skipping extension 'colcon_notification.desktop_notification.terminal_notifier': Not used on non-Darwin systems
[1.182s] INFO:colcon.colcon_core.plugin_system:Skipping extension 'colcon_notification.desktop_notification.win32': Not used on non-Windows systems
[1.182s] INFO:colcon.colcon_notification.desktop_notification:Sending desktop notification using 'notify2'
[1.197s] DEBUG:colcon.colcon_core.event_reactor:joined thread
[1.198s] INFO:colcon.colcon_core.shell:Creating prefix script '/home/tau/colcon_ws/install/local_setup.ps1'
[1.199s] INFO:colcon.colcon_core.shell:Creating prefix util module '/home/tau/colcon_ws/install/_local_setup_util_ps1.py'
[1.200s] INFO:colcon.colcon_core.shell:Creating prefix chain script '/home/tau/colcon_ws/install/setup.ps1'
[1.201s] INFO:colcon.colcon_core.shell:Creating prefix script '/home/tau/colcon_ws/install/local_setup.sh'
[1.201s] INFO:colcon.colcon_core.shell:Creating prefix util module '/home/tau/colcon_ws/install/_local_setup_util_sh.py'
[1.202s] INFO:colcon.colcon_core.shell:Creating prefix chain script '/home/tau/colcon_ws/install/setup.sh'
[1.202s] INFO:colcon.colcon_core.shell:Creating prefix script '/home/tau/colcon_ws/install/local_setup.bash'
[1.203s] INFO:colcon.colcon_core.shell:Creating prefix chain script '/home/tau/colcon_ws/install/setup.bash'
[1.203s] INFO:colcon.colcon_core.shell:Creating prefix script '/home/tau/colcon_ws/install/local_setup.zsh'
[1.204s] INFO:colcon.colcon_core.shell:Creating prefix chain script '/home/tau/colcon_ws/install/setup.zsh'
