[1.843s] Invoking command in '/home/osboxes/ros2_ws/build/dis_tutorial2': PYTHONPATH=/home/osboxes/ros2_ws/build/dis_tutorial2/prefix_override:/usr/lib/python3/dist-packages/colcon_core/task/python/colcon_distutils_commands:/home/osboxes/ros2_ws/install/dis_tutorial2/lib/python3.10/site-packages:${PYTHONPATH} /usr/bin/python3 -W ignore:setup.py install is deprecated -W ignore:easy_install command is deprecated setup.py develop --editable --build-directory /home/osboxes/ros2_ws/build/dis_tutorial2/build --no-deps symlink_data
[2.505s] running develop
[2.721s] running egg_info
[2.722s] writing dis_tutorial2.egg-info/PKG-INFO
[2.722s] writing dependency_links to dis_tutorial2.egg-info/dependency_links.txt
[2.722s] writing entry points to dis_tutorial2.egg-info/entry_points.txt
[2.723s] writing requirements to dis_tutorial2.egg-info/requires.txt
[2.723s] writing top-level names to dis_tutorial2.egg-info/top_level.txt
[2.725s] reading manifest file 'dis_tutorial2.egg-info/SOURCES.txt'
[2.725s] writing manifest file 'dis_tutorial2.egg-info/SOURCES.txt'
[2.727s] running build_ext
[2.727s] Creating /home/osboxes/ros2_ws/install/dis_tutorial2/lib/python3.10/site-packages/dis-tutorial2.egg-link (link to .)
[2.728s] Installing achtung_die_turtle script to /home/osboxes/ros2_ws/install/dis_tutorial2/lib/dis_tutorial2
[2.729s] Installing go_to_position script to /home/osboxes/ros2_ws/install/dis_tutorial2/lib/dis_tutorial2
[2.729s] Installing intersection script to /home/osboxes/ros2_ws/install/dis_tutorial2/lib/dis_tutorial2
[2.729s] Installing random_velocity_publisher script to /home/osboxes/ros2_ws/install/dis_tutorial2/lib/dis_tutorial2
[2.729s] Installing turtle_move script to /home/osboxes/ros2_ws/install/dis_tutorial2/lib/dis_tutorial2
[2.729s] 
[2.729s] Installed /home/osboxes/ros2_ws/build/dis_tutorial2
[2.729s] running symlink_data
[2.768s] Invoked command in '/home/osboxes/ros2_ws/build/dis_tutorial2' returned '0': PYTHONPATH=/home/osboxes/ros2_ws/build/dis_tutorial2/prefix_override:/usr/lib/python3/dist-packages/colcon_core/task/python/colcon_distutils_commands:/home/osboxes/ros2_ws/install/dis_tutorial2/lib/python3.10/site-packages:${PYTHONPATH} /usr/bin/python3 -W ignore:setup.py install is deprecated -W ignore:easy_install command is deprecated setup.py develop --editable --build-directory /home/osboxes/ros2_ws/build/dis_tutorial2/build --no-deps symlink_data
