[0.308s] Invoking command in '/home/tau/colcon_ws/build/dis_tutorial4': CMAKE_PREFIX_PATH=${CMAKE_PREFIX_PATH}:/home/tau/colcon_ws/install/dis_tutorial2:/opt/ros/humble /usr/bin/cmake --build /home/tau/colcon_ws/build/dis_tutorial4 -- -j16 -l16
[0.377s] Invoked command in '/home/tau/colcon_ws/build/dis_tutorial4' returned '0': CMAKE_PREFIX_PATH=${CMAKE_PREFIX_PATH}:/home/tau/colcon_ws/install/dis_tutorial2:/opt/ros/humble /usr/bin/cmake --build /home/tau/colcon_ws/build/dis_tutorial4 -- -j16 -l16
[0.378s] Invoking command in '/home/tau/colcon_ws/build/dis_tutorial4': CMAKE_PREFIX_PATH=${CMAKE_PREFIX_PATH}:/home/tau/colcon_ws/install/dis_tutorial2:/opt/ros/humble /usr/bin/cmake --install /home/tau/colcon_ws/build/dis_tutorial4
[0.426s] -- Install configuration: ""
[0.426s] -- Up-to-date: /home/tau/colcon_ws/install/dis_tutorial4/share/dis_tutorial4//launch
[0.426s] -- Up-to-date: /home/tau/colcon_ws/install/dis_tutorial4/share/dis_tutorial4//launch/slam.launch.py
[0.427s] -- Up-to-date: /home/tau/colcon_ws/install/dis_tutorial4/share/dis_tutorial4//launch/create3_nodes.launch.py
[0.427s] -- Up-to-date: /home/tau/colcon_ws/install/dis_tutorial4/share/dis_tutorial4//launch/dis_sim.launch.py
[0.428s] -- Up-to-date: /home/tau/colcon_ws/install/dis_tutorial4/share/dis_tutorial4//launch/ignition.launch.py
[0.428s] -- Up-to-date: /home/tau/colcon_ws/install/dis_tutorial4/share/dis_tutorial4//launch/turtlebot4_spawn_nav.launch.py
[0.428s] -- Up-to-date: /home/tau/colcon_ws/install/dis_tutorial4/share/dis_tutorial4//launch/sim_turtlebot_nav.launch.py
[0.428s] -- Up-to-date: /home/tau/colcon_ws/install/dis_tutorial4/share/dis_tutorial4//launch/nav2.launch.py
[0.428s] -- Up-to-date: /home/tau/colcon_ws/install/dis_tutorial4/share/dis_tutorial4//launch/turtlebot4_spawn.launch.py
[0.428s] -- Up-to-date: /home/tau/colcon_ws/install/dis_tutorial4/share/dis_tutorial4//launch/localization.launch.py
[0.428s] -- Up-to-date: /home/tau/colcon_ws/install/dis_tutorial4/share/dis_tutorial4//launch/sim_turtlebot_slam.launch.py
[0.428s] -- Up-to-date: /home/tau/colcon_ws/install/dis_tutorial4/lib/dis_tutorial4/map_goals.py
[0.428s] -- Up-to-date: /home/tau/colcon_ws/install/dis_tutorial4/lib/dis_tutorial4/transform_point.py
[0.428s] -- Up-to-date: /home/tau/colcon_ws/install/dis_tutorial4/share/ament_index/resource_index/package_run_dependencies/dis_tutorial4
[0.429s] -- Up-to-date: /home/tau/colcon_ws/install/dis_tutorial4/share/ament_index/resource_index/parent_prefix_path/dis_tutorial4
[0.429s] -- Up-to-date: /home/tau/colcon_ws/install/dis_tutorial4/share/dis_tutorial4/environment/ament_prefix_path.sh
[0.429s] -- Up-to-date: /home/tau/colcon_ws/install/dis_tutorial4/share/dis_tutorial4/environment/ament_prefix_path.dsv
[0.429s] -- Up-to-date: /home/tau/colcon_ws/install/dis_tutorial4/share/dis_tutorial4/environment/path.sh
[0.429s] -- Up-to-date: /home/tau/colcon_ws/install/dis_tutorial4/share/dis_tutorial4/environment/path.dsv
[0.429s] -- Up-to-date: /home/tau/colcon_ws/install/dis_tutorial4/share/dis_tutorial4/local_setup.bash
[0.429s] -- Up-to-date: /home/tau/colcon_ws/install/dis_tutorial4/share/dis_tutorial4/local_setup.sh
[0.429s] -- Up-to-date: /home/tau/colcon_ws/install/dis_tutorial4/share/dis_tutorial4/local_setup.zsh
[0.429s] -- Up-to-date: /home/tau/colcon_ws/install/dis_tutorial4/share/dis_tutorial4/local_setup.dsv
[0.429s] -- Installing: /home/tau/colcon_ws/install/dis_tutorial4/share/dis_tutorial4/package.dsv
[0.429s] -- Up-to-date: /home/tau/colcon_ws/install/dis_tutorial4/share/ament_index/resource_index/packages/dis_tutorial4
[0.429s] -- Up-to-date: /home/tau/colcon_ws/install/dis_tutorial4/share/dis_tutorial4/cmake/dis_tutorial4Config.cmake
[0.429s] -- Up-to-date: /home/tau/colcon_ws/install/dis_tutorial4/share/dis_tutorial4/cmake/dis_tutorial4Config-version.cmake
[0.429s] -- Up-to-date: /home/tau/colcon_ws/install/dis_tutorial4/share/dis_tutorial4/package.xml
[0.442s] Invoked command in '/home/tau/colcon_ws/build/dis_tutorial4' returned '0': CMAKE_PREFIX_PATH=${CMAKE_PREFIX_PATH}:/home/tau/colcon_ws/install/dis_tutorial2:/opt/ros/humble /usr/bin/cmake --install /home/tau/colcon_ws/build/dis_tutorial4
