[0.186s] DEBUG:colcon:Command line arguments: ['/usr/bin/colcon', 'build', '--symlink-install']
[0.186s] DEBUG:colcon:Parsed command line arguments: Namespace(log_base=None, log_level=None, verb_name='build', build_base='build', install_base='install', merge_install=False, symlink_install=True, test_result_base=None, continue_on_error=False, executor='parallel', parallel_workers=2, event_handlers=None, ignore_user_meta=False, metas=['./colcon.meta'], base_paths=['.'], packages_ignore=None, packages_ignore_regex=None, paths=None, packages_up_to=None, packages_up_to_regex=None, packages_above=None, packages_above_and_dependencies=None, packages_above_depth=None, packages_select_by_dep=None, packages_skip_by_dep=None, packages_skip_up_to=None, packages_select_build_failed=False, packages_skip_build_finished=False, packages_select_test_failures=False, packages_skip_test_passed=False, packages_select=None, packages_skip=None, packages_select_regex=None, packages_skip_regex=None, packages_start=None, packages_end=None, allow_overriding=[], cmake_args=None, cmake_target=None, cmake_target_skip_unavailable=False, cmake_clean_cache=False, cmake_clean_first=False, cmake_force_configure=False, ament_cmake_args=None, catkin_cmake_args=None, catkin_skip_building_tests=False, mixin_files=None, mixin=None, verb_parser=<colcon_mixin.mixin.mixin_argument.MixinArgumentDecorator object at 0x733d3c029510>, verb_extension=<colcon_core.verb.build.BuildVerb object at 0x733d3c132410>, main=<bound method BuildVerb.main of <colcon_core.verb.build.BuildVerb object at 0x733d3c132410>>, mixin_verb=('build',))
[0.460s] Level 1:colcon.colcon_core.package_discovery:discover_packages(colcon_meta) check parameters
[0.460s] Level 1:colcon.colcon_core.package_discovery:discover_packages(recursive) check parameters
[0.460s] Level 1:colcon.colcon_core.package_discovery:discover_packages(ignore) check parameters
[0.460s] Level 1:colcon.colcon_core.package_discovery:discover_packages(path) check parameters
[0.460s] Level 1:colcon.colcon_core.package_discovery:discover_packages(colcon_meta) discover
[0.461s] Level 1:colcon.colcon_core.package_discovery:discover_packages(recursive) discover
[0.461s] INFO:colcon.colcon_core.package_discovery:Crawling recursively for packages in '/home/ilija/ros2_ws/src/RINS'
[0.461s] Level 1:colcon.colcon_core.package_identification:_identify(.) by extensions ['ignore', 'ignore_ament_install']
[0.461s] Level 1:colcon.colcon_core.package_identification:_identify(.) by extension 'ignore'
[0.461s] Level 1:colcon.colcon_core.package_identification:_identify(.) by extension 'ignore_ament_install'
[0.461s] Level 1:colcon.colcon_core.package_identification:_identify(.) by extensions ['colcon_pkg']
[0.461s] Level 1:colcon.colcon_core.package_identification:_identify(.) by extension 'colcon_pkg'
[0.461s] Level 1:colcon.colcon_core.package_identification:_identify(.) by extensions ['colcon_meta']
[0.462s] Level 1:colcon.colcon_core.package_identification:_identify(.) by extension 'colcon_meta'
[0.462s] Level 1:colcon.colcon_core.package_identification:_identify(.) by extensions ['ros']
[0.462s] Level 1:colcon.colcon_core.package_identification:_identify(.) by extension 'ros'
[0.489s] Level 1:colcon.colcon_core.package_identification:_identify(.) by extensions ['cmake', 'python']
[0.489s] Level 1:colcon.colcon_core.package_identification:_identify(.) by extension 'cmake'
[0.489s] Level 1:colcon.colcon_core.package_identification:_identify(.) by extension 'python'
[0.489s] Level 1:colcon.colcon_core.package_identification:_identify(.) by extensions ['python_setup_py']
[0.489s] Level 1:colcon.colcon_core.package_identification:_identify(.) by extension 'python_setup_py'
[0.489s] Level 1:colcon.colcon_core.package_identification:_identify(build) by extensions ['ignore', 'ignore_ament_install']
[0.489s] Level 1:colcon.colcon_core.package_identification:_identify(build) by extension 'ignore'
[0.489s] Level 1:colcon.colcon_core.package_identification:_identify(build) ignored
[0.489s] Level 1:colcon.colcon_core.package_identification:_identify(install) by extensions ['ignore', 'ignore_ament_install']
[0.489s] Level 1:colcon.colcon_core.package_identification:_identify(install) by extension 'ignore'
[0.490s] Level 1:colcon.colcon_core.package_identification:_identify(install) ignored
[0.490s] Level 1:colcon.colcon_core.package_identification:_identify(log) by extensions ['ignore', 'ignore_ament_install']
[0.490s] Level 1:colcon.colcon_core.package_identification:_identify(log) by extension 'ignore'
[0.490s] Level 1:colcon.colcon_core.package_identification:_identify(log) ignored
[0.490s] Level 1:colcon.colcon_core.package_identification:_identify(src) by extensions ['ignore', 'ignore_ament_install']
[0.490s] Level 1:colcon.colcon_core.package_identification:_identify(src) by extension 'ignore'
[0.490s] Level 1:colcon.colcon_core.package_identification:_identify(src) by extension 'ignore_ament_install'
[0.490s] Level 1:colcon.colcon_core.package_identification:_identify(src) by extensions ['colcon_pkg']
[0.490s] Level 1:colcon.colcon_core.package_identification:_identify(src) by extension 'colcon_pkg'
[0.490s] Level 1:colcon.colcon_core.package_identification:_identify(src) by extensions ['colcon_meta']
[0.490s] Level 1:colcon.colcon_core.package_identification:_identify(src) by extension 'colcon_meta'
[0.490s] Level 1:colcon.colcon_core.package_identification:_identify(src) by extensions ['ros']
[0.490s] Level 1:colcon.colcon_core.package_identification:_identify(src) by extension 'ros'
[0.490s] Level 1:colcon.colcon_core.package_identification:_identify(src) by extensions ['cmake', 'python']
[0.490s] Level 1:colcon.colcon_core.package_identification:_identify(src) by extension 'cmake'
[0.490s] Level 1:colcon.colcon_core.package_identification:_identify(src) by extension 'python'
[0.490s] Level 1:colcon.colcon_core.package_identification:_identify(src) by extensions ['python_setup_py']
[0.490s] Level 1:colcon.colcon_core.package_identification:_identify(src) by extension 'python_setup_py'
[0.490s] Level 1:colcon.colcon_core.package_identification:_identify(src/dis_tutorial1) by extensions ['ignore', 'ignore_ament_install']
[0.490s] Level 1:colcon.colcon_core.package_identification:_identify(src/dis_tutorial1) by extension 'ignore'
[0.490s] Level 1:colcon.colcon_core.package_identification:_identify(src/dis_tutorial1) by extension 'ignore_ament_install'
[0.491s] Level 1:colcon.colcon_core.package_identification:_identify(src/dis_tutorial1) by extensions ['colcon_pkg']
[0.491s] Level 1:colcon.colcon_core.package_identification:_identify(src/dis_tutorial1) by extension 'colcon_pkg'
[0.491s] Level 1:colcon.colcon_core.package_identification:_identify(src/dis_tutorial1) by extensions ['colcon_meta']
[0.491s] Level 1:colcon.colcon_core.package_identification:_identify(src/dis_tutorial1) by extension 'colcon_meta'
[0.491s] Level 1:colcon.colcon_core.package_identification:_identify(src/dis_tutorial1) by extensions ['ros']
[0.491s] Level 1:colcon.colcon_core.package_identification:_identify(src/dis_tutorial1) by extension 'ros'
[0.496s] DEBUG:colcon.colcon_core.package_identification:Package 'src/dis_tutorial1' with type 'ros.ament_cmake' and name 'dis_tutorial1'
[0.497s] Level 1:colcon.colcon_core.package_identification:_identify(src/dis_tutorial2) by extensions ['ignore', 'ignore_ament_install']
[0.497s] Level 1:colcon.colcon_core.package_identification:_identify(src/dis_tutorial2) by extension 'ignore'
[0.497s] Level 1:colcon.colcon_core.package_identification:_identify(src/dis_tutorial2) by extension 'ignore_ament_install'
[0.497s] Level 1:colcon.colcon_core.package_identification:_identify(src/dis_tutorial2) by extensions ['colcon_pkg']
[0.497s] Level 1:colcon.colcon_core.package_identification:_identify(src/dis_tutorial2) by extension 'colcon_pkg'
[0.497s] Level 1:colcon.colcon_core.package_identification:_identify(src/dis_tutorial2) by extensions ['colcon_meta']
[0.497s] Level 1:colcon.colcon_core.package_identification:_identify(src/dis_tutorial2) by extension 'colcon_meta'
[0.497s] Level 1:colcon.colcon_core.package_identification:_identify(src/dis_tutorial2) by extensions ['ros']
[0.497s] Level 1:colcon.colcon_core.package_identification:_identify(src/dis_tutorial2) by extension 'ros'
[0.499s] DEBUG:colcon.colcon_core.package_identification:Package 'src/dis_tutorial2' with type 'ros.ament_python' and name 'dis_tutorial2'
[0.500s] Level 1:colcon.colcon_core.package_identification:_identify(src/hwpub) by extensions ['ignore', 'ignore_ament_install']
[0.500s] Level 1:colcon.colcon_core.package_identification:_identify(src/hwpub) by extension 'ignore'
[0.500s] Level 1:colcon.colcon_core.package_identification:_identify(src/hwpub) by extension 'ignore_ament_install'
[0.500s] Level 1:colcon.colcon_core.package_identification:_identify(src/hwpub) by extensions ['colcon_pkg']
[0.500s] Level 1:colcon.colcon_core.package_identification:_identify(src/hwpub) by extension 'colcon_pkg'
[0.500s] Level 1:colcon.colcon_core.package_identification:_identify(src/hwpub) by extensions ['colcon_meta']
[0.500s] Level 1:colcon.colcon_core.package_identification:_identify(src/hwpub) by extension 'colcon_meta'
[0.500s] Level 1:colcon.colcon_core.package_identification:_identify(src/hwpub) by extensions ['ros']
[0.500s] Level 1:colcon.colcon_core.package_identification:_identify(src/hwpub) by extension 'ros'
[0.502s] DEBUG:colcon.colcon_core.package_identification:Package 'src/hwpub' with type 'ros.ament_cmake' and name 'hwpub'
[0.502s] Level 1:colcon.colcon_core.package_discovery:discover_packages(recursive) using defaults
[0.502s] Level 1:colcon.colcon_core.package_discovery:discover_packages(ignore) discover
[0.502s] Level 1:colcon.colcon_core.package_discovery:discover_packages(ignore) using defaults
[0.502s] Level 1:colcon.colcon_core.package_discovery:discover_packages(path) discover
[0.502s] Level 1:colcon.colcon_core.package_discovery:discover_packages(path) using defaults
[0.573s] Level 1:colcon.colcon_core.package_discovery:discover_packages(prefix_path) check parameters
[0.573s] Level 1:colcon.colcon_core.package_discovery:discover_packages(prefix_path) discover
[0.580s] DEBUG:colcon.colcon_installed_package_information.package_discovery:Found 3 installed packages in /home/ilija/ros2_ws/src/RINS/install
[0.582s] DEBUG:colcon.colcon_installed_package_information.package_discovery:Found 271 installed packages in /opt/ros/humble
[0.584s] Level 1:colcon.colcon_core.package_discovery:discover_packages(prefix_path) using defaults
[0.636s] Level 5:colcon.colcon_core.verb:set package 'dis_tutorial1' build argument 'cmake_args' from command line to 'None'
[0.636s] Level 5:colcon.colcon_core.verb:set package 'dis_tutorial1' build argument 'cmake_target' from command line to 'None'
[0.636s] Level 5:colcon.colcon_core.verb:set package 'dis_tutorial1' build argument 'cmake_target_skip_unavailable' from command line to 'False'
[0.636s] Level 5:colcon.colcon_core.verb:set package 'dis_tutorial1' build argument 'cmake_clean_cache' from command line to 'False'
[0.636s] Level 5:colcon.colcon_core.verb:set package 'dis_tutorial1' build argument 'cmake_clean_first' from command line to 'False'
[0.636s] Level 5:colcon.colcon_core.verb:set package 'dis_tutorial1' build argument 'cmake_force_configure' from command line to 'False'
[0.636s] Level 5:colcon.colcon_core.verb:set package 'dis_tutorial1' build argument 'ament_cmake_args' from command line to 'None'
[0.637s] Level 5:colcon.colcon_core.verb:set package 'dis_tutorial1' build argument 'catkin_cmake_args' from command line to 'None'
[0.637s] Level 5:colcon.colcon_core.verb:set package 'dis_tutorial1' build argument 'catkin_skip_building_tests' from command line to 'False'
[0.637s] DEBUG:colcon.colcon_core.verb:Building package 'dis_tutorial1' with the following arguments: {'ament_cmake_args': None, 'build_base': '/home/ilija/ros2_ws/src/RINS/build/dis_tutorial1', 'catkin_cmake_args': None, 'catkin_skip_building_tests': False, 'cmake_args': None, 'cmake_clean_cache': False, 'cmake_clean_first': False, 'cmake_force_configure': False, 'cmake_target': None, 'cmake_target_skip_unavailable': False, 'install_base': '/home/ilija/ros2_ws/src/RINS/install/dis_tutorial1', 'merge_install': False, 'path': '/home/ilija/ros2_ws/src/RINS/src/dis_tutorial1', 'symlink_install': True, 'test_result_base': None}
[0.637s] Level 5:colcon.colcon_core.verb:set package 'dis_tutorial2' build argument 'cmake_args' from command line to 'None'
[0.637s] Level 5:colcon.colcon_core.verb:set package 'dis_tutorial2' build argument 'cmake_target' from command line to 'None'
[0.637s] Level 5:colcon.colcon_core.verb:set package 'dis_tutorial2' build argument 'cmake_target_skip_unavailable' from command line to 'False'
[0.637s] Level 5:colcon.colcon_core.verb:set package 'dis_tutorial2' build argument 'cmake_clean_cache' from command line to 'False'
[0.637s] Level 5:colcon.colcon_core.verb:set package 'dis_tutorial2' build argument 'cmake_clean_first' from command line to 'False'
[0.637s] Level 5:colcon.colcon_core.verb:set package 'dis_tutorial2' build argument 'cmake_force_configure' from command line to 'False'
[0.637s] Level 5:colcon.colcon_core.verb:set package 'dis_tutorial2' build argument 'ament_cmake_args' from command line to 'None'
[0.637s] Level 5:colcon.colcon_core.verb:set package 'dis_tutorial2' build argument 'catkin_cmake_args' from command line to 'None'
[0.637s] Level 5:colcon.colcon_core.verb:set package 'dis_tutorial2' build argument 'catkin_skip_building_tests' from command line to 'False'
[0.637s] DEBUG:colcon.colcon_core.verb:Building package 'dis_tutorial2' with the following arguments: {'ament_cmake_args': None, 'build_base': '/home/ilija/ros2_ws/src/RINS/build/dis_tutorial2', 'catkin_cmake_args': None, 'catkin_skip_building_tests': False, 'cmake_args': None, 'cmake_clean_cache': False, 'cmake_clean_first': False, 'cmake_force_configure': False, 'cmake_target': None, 'cmake_target_skip_unavailable': False, 'install_base': '/home/ilija/ros2_ws/src/RINS/install/dis_tutorial2', 'merge_install': False, 'path': '/home/ilija/ros2_ws/src/RINS/src/dis_tutorial2', 'symlink_install': True, 'test_result_base': None}
[0.638s] Level 5:colcon.colcon_core.verb:set package 'hwpub' build argument 'cmake_args' from command line to 'None'
[0.638s] Level 5:colcon.colcon_core.verb:set package 'hwpub' build argument 'cmake_target' from command line to 'None'
[0.638s] Level 5:colcon.colcon_core.verb:set package 'hwpub' build argument 'cmake_target_skip_unavailable' from command line to 'False'
[0.638s] Level 5:colcon.colcon_core.verb:set package 'hwpub' build argument 'cmake_clean_cache' from command line to 'False'
[0.638s] Level 5:colcon.colcon_core.verb:set package 'hwpub' build argument 'cmake_clean_first' from command line to 'False'
[0.638s] Level 5:colcon.colcon_core.verb:set package 'hwpub' build argument 'cmake_force_configure' from command line to 'False'
[0.638s] Level 5:colcon.colcon_core.verb:set package 'hwpub' build argument 'ament_cmake_args' from command line to 'None'
[0.638s] Level 5:colcon.colcon_core.verb:set package 'hwpub' build argument 'catkin_cmake_args' from command line to 'None'
[0.638s] Level 5:colcon.colcon_core.verb:set package 'hwpub' build argument 'catkin_skip_building_tests' from command line to 'False'
[0.638s] DEBUG:colcon.colcon_core.verb:Building package 'hwpub' with the following arguments: {'ament_cmake_args': None, 'build_base': '/home/ilija/ros2_ws/src/RINS/build/hwpub', 'catkin_cmake_args': None, 'catkin_skip_building_tests': False, 'cmake_args': None, 'cmake_clean_cache': False, 'cmake_clean_first': False, 'cmake_force_configure': False, 'cmake_target': None, 'cmake_target_skip_unavailable': False, 'install_base': '/home/ilija/ros2_ws/src/RINS/install/hwpub', 'merge_install': False, 'path': '/home/ilija/ros2_ws/src/RINS/src/hwpub', 'symlink_install': True, 'test_result_base': None}
[0.638s] INFO:colcon.colcon_core.executor:Executing jobs using 'parallel' executor
[0.642s] DEBUG:colcon.colcon_parallel_executor.executor.parallel:run_until_complete
[0.643s] INFO:colcon.colcon_ros.task.ament_cmake.build:Building ROS package in '/home/ilija/ros2_ws/src/RINS/src/dis_tutorial1' with build type 'ament_cmake'
[0.644s] INFO:colcon.colcon_cmake.task.cmake.build:Building CMake package in '/home/ilija/ros2_ws/src/RINS/src/dis_tutorial1'
[0.652s] INFO:colcon.colcon_core.plugin_system:Skipping extension 'colcon_core.shell.bat': Not used on non-Windows systems
[0.652s] INFO:colcon.colcon_core.shell:Skip shell extension 'powershell' for command environment: Not usable outside of PowerShell
[0.652s] DEBUG:colcon.colcon_core.shell:Skip shell extension 'dsv' for command environment
[0.664s] INFO:colcon.colcon_ros.task.ament_python.build:Building ROS package in '/home/ilija/ros2_ws/src/RINS/src/dis_tutorial2' with build type 'ament_python'
[0.664s] Level 1:colcon.colcon_core.shell:create_environment_hook('dis_tutorial2', 'ament_prefix_path')
[0.665s] INFO:colcon.colcon_core.shell:Creating environment hook '/home/ilija/ros2_ws/src/RINS/install/dis_tutorial2/share/dis_tutorial2/hook/ament_prefix_path.ps1'
[0.668s] INFO:colcon.colcon_core.shell:Creating environment descriptor '/home/ilija/ros2_ws/src/RINS/install/dis_tutorial2/share/dis_tutorial2/hook/ament_prefix_path.dsv'
[0.669s] INFO:colcon.colcon_core.shell:Creating environment hook '/home/ilija/ros2_ws/src/RINS/install/dis_tutorial2/share/dis_tutorial2/hook/ament_prefix_path.sh'
[0.674s] INFO:colcon.colcon_core.shell:Skip shell extension 'powershell' for command environment: Not usable outside of PowerShell
[0.675s] DEBUG:colcon.colcon_core.shell:Skip shell extension 'dsv' for command environment
[0.718s] DEBUG:colcon.colcon_core.event_handler.log_command:Invoking command in '/home/ilija/ros2_ws/src/RINS/build/dis_tutorial1': CMAKE_PREFIX_PATH=${CMAKE_PREFIX_PATH}:/home/ilija/ros2_ws/src/RINS/install/dis_tutorial2:/opt/ros/humble /usr/bin/cmake --build /home/ilija/ros2_ws/src/RINS/build/dis_tutorial1 -- -j2 -l2
[1.483s] INFO:colcon.colcon_core.task.python.build:Building Python package in '/home/ilija/ros2_ws/src/RINS/src/dis_tutorial2'
[1.486s] INFO:colcon.colcon_core.shell:Skip shell extension 'powershell' for command environment: Not usable outside of PowerShell
[1.486s] DEBUG:colcon.colcon_core.shell:Skip shell extension 'dsv' for command environment
[2.348s] DEBUG:colcon.colcon_core.event_handler.log_command:Invoking command in '/home/ilija/ros2_ws/src/RINS/build/dis_tutorial2': PYTHONPATH=/home/ilija/ros2_ws/src/RINS/build/dis_tutorial2/prefix_override:/usr/lib/python3/dist-packages/colcon_core/task/python/colcon_distutils_commands:/home/ilija/ros2_ws/src/RINS/install/dis_tutorial2/lib/python3.10/site-packages:${PYTHONPATH} /usr/bin/python3 -W ignore:setup.py install is deprecated -W ignore:easy_install command is deprecated setup.py develop --editable --build-directory /home/ilija/ros2_ws/src/RINS/build/dis_tutorial2/build --no-deps symlink_data
[2.466s] DEBUG:colcon.colcon_core.event_handler.log_command:Invoked command in '/home/ilija/ros2_ws/src/RINS/build/dis_tutorial1' returned '0': CMAKE_PREFIX_PATH=${CMAKE_PREFIX_PATH}:/home/ilija/ros2_ws/src/RINS/install/dis_tutorial2:/opt/ros/humble /usr/bin/cmake --build /home/ilija/ros2_ws/src/RINS/build/dis_tutorial1 -- -j2 -l2
[2.499s] DEBUG:colcon.colcon_core.event_handler.log_command:Invoking command in '/home/ilija/ros2_ws/src/RINS/build/dis_tutorial1': CMAKE_PREFIX_PATH=${CMAKE_PREFIX_PATH}:/home/ilija/ros2_ws/src/RINS/install/dis_tutorial2:/opt/ros/humble /usr/bin/cmake --install /home/ilija/ros2_ws/src/RINS/build/dis_tutorial1
[2.675s] Level 1:colcon.colcon_core.environment:create_environment_scripts_only(dis_tutorial1)
[2.676s] DEBUG:colcon.colcon_core.event_handler.log_command:Invoked command in '/home/ilija/ros2_ws/src/RINS/build/dis_tutorial1' returned '0': CMAKE_PREFIX_PATH=${CMAKE_PREFIX_PATH}:/home/ilija/ros2_ws/src/RINS/install/dis_tutorial2:/opt/ros/humble /usr/bin/cmake --install /home/ilija/ros2_ws/src/RINS/build/dis_tutorial1
[2.685s] Level 1:colcon.colcon_core.environment:checking '/home/ilija/ros2_ws/src/RINS/install/dis_tutorial1' for CMake module files
[2.686s] Level 1:colcon.colcon_core.environment:checking '/home/ilija/ros2_ws/src/RINS/install/dis_tutorial1' for CMake config files
[2.689s] Level 1:colcon.colcon_core.shell:create_environment_hook('dis_tutorial1', 'cmake_prefix_path')
[2.689s] INFO:colcon.colcon_core.shell:Creating environment hook '/home/ilija/ros2_ws/src/RINS/install/dis_tutorial1/share/dis_tutorial1/hook/cmake_prefix_path.ps1'
[2.690s] INFO:colcon.colcon_core.shell:Creating environment descriptor '/home/ilija/ros2_ws/src/RINS/install/dis_tutorial1/share/dis_tutorial1/hook/cmake_prefix_path.dsv'
[2.692s] INFO:colcon.colcon_core.shell:Creating environment hook '/home/ilija/ros2_ws/src/RINS/install/dis_tutorial1/share/dis_tutorial1/hook/cmake_prefix_path.sh'
[2.693s] Level 1:colcon.colcon_core.environment:checking '/home/ilija/ros2_ws/src/RINS/install/dis_tutorial1/lib'
[2.694s] Level 1:colcon.colcon_core.shell:create_environment_hook('dis_tutorial1', 'ld_library_path_lib')
[2.694s] INFO:colcon.colcon_core.shell:Creating environment hook '/home/ilija/ros2_ws/src/RINS/install/dis_tutorial1/share/dis_tutorial1/hook/ld_library_path_lib.ps1'
[2.695s] INFO:colcon.colcon_core.shell:Creating environment descriptor '/home/ilija/ros2_ws/src/RINS/install/dis_tutorial1/share/dis_tutorial1/hook/ld_library_path_lib.dsv'
[2.697s] INFO:colcon.colcon_core.shell:Creating environment hook '/home/ilija/ros2_ws/src/RINS/install/dis_tutorial1/share/dis_tutorial1/hook/ld_library_path_lib.sh'
[2.698s] Level 1:colcon.colcon_core.environment:checking '/home/ilija/ros2_ws/src/RINS/install/dis_tutorial1/bin'
[2.699s] Level 1:colcon.colcon_core.environment:checking '/home/ilija/ros2_ws/src/RINS/install/dis_tutorial1/lib/pkgconfig/dis_tutorial1.pc'
[2.699s] Level 1:colcon.colcon_core.environment:checking '/home/ilija/ros2_ws/src/RINS/install/dis_tutorial1/lib/python3.10/site-packages'
[2.699s] Level 1:colcon.colcon_core.environment:checking '/home/ilija/ros2_ws/src/RINS/install/dis_tutorial1/bin'
[2.702s] INFO:colcon.colcon_core.shell:Creating package script '/home/ilija/ros2_ws/src/RINS/install/dis_tutorial1/share/dis_tutorial1/package.ps1'
[2.704s] INFO:colcon.colcon_core.shell:Creating package descriptor '/home/ilija/ros2_ws/src/RINS/install/dis_tutorial1/share/dis_tutorial1/package.dsv'
[2.707s] INFO:colcon.colcon_core.shell:Creating package script '/home/ilija/ros2_ws/src/RINS/install/dis_tutorial1/share/dis_tutorial1/package.sh'
[2.709s] INFO:colcon.colcon_core.shell:Creating package script '/home/ilija/ros2_ws/src/RINS/install/dis_tutorial1/share/dis_tutorial1/package.bash'
[2.713s] INFO:colcon.colcon_core.shell:Creating package script '/home/ilija/ros2_ws/src/RINS/install/dis_tutorial1/share/dis_tutorial1/package.zsh'
[2.715s] Level 1:colcon.colcon_core.environment:create_file_with_runtime_dependencies(/home/ilija/ros2_ws/src/RINS/install/dis_tutorial1/share/colcon-core/packages/dis_tutorial1)
[2.716s] Level 1:colcon.colcon_core.environment:create_environment_scripts_only(dis_tutorial1)
[2.717s] Level 1:colcon.colcon_core.environment:checking '/home/ilija/ros2_ws/src/RINS/install/dis_tutorial1' for CMake module files
[2.718s] Level 1:colcon.colcon_core.environment:checking '/home/ilija/ros2_ws/src/RINS/install/dis_tutorial1' for CMake config files
[2.720s] Level 1:colcon.colcon_core.shell:create_environment_hook('dis_tutorial1', 'cmake_prefix_path')
[2.721s] INFO:colcon.colcon_core.shell:Creating environment hook '/home/ilija/ros2_ws/src/RINS/install/dis_tutorial1/share/dis_tutorial1/hook/cmake_prefix_path.ps1'
[2.722s] INFO:colcon.colcon_core.shell:Creating environment descriptor '/home/ilija/ros2_ws/src/RINS/install/dis_tutorial1/share/dis_tutorial1/hook/cmake_prefix_path.dsv'
[2.723s] INFO:colcon.colcon_core.shell:Creating environment hook '/home/ilija/ros2_ws/src/RINS/install/dis_tutorial1/share/dis_tutorial1/hook/cmake_prefix_path.sh'
[2.725s] Level 1:colcon.colcon_core.environment:checking '/home/ilija/ros2_ws/src/RINS/install/dis_tutorial1/lib'
[2.725s] Level 1:colcon.colcon_core.shell:create_environment_hook('dis_tutorial1', 'ld_library_path_lib')
[2.726s] INFO:colcon.colcon_core.shell:Creating environment hook '/home/ilija/ros2_ws/src/RINS/install/dis_tutorial1/share/dis_tutorial1/hook/ld_library_path_lib.ps1'
[2.727s] INFO:colcon.colcon_core.shell:Creating environment descriptor '/home/ilija/ros2_ws/src/RINS/install/dis_tutorial1/share/dis_tutorial1/hook/ld_library_path_lib.dsv'
[2.728s] INFO:colcon.colcon_core.shell:Creating environment hook '/home/ilija/ros2_ws/src/RINS/install/dis_tutorial1/share/dis_tutorial1/hook/ld_library_path_lib.sh'
[2.729s] Level 1:colcon.colcon_core.environment:checking '/home/ilija/ros2_ws/src/RINS/install/dis_tutorial1/bin'
[2.729s] Level 1:colcon.colcon_core.environment:checking '/home/ilija/ros2_ws/src/RINS/install/dis_tutorial1/lib/pkgconfig/dis_tutorial1.pc'
[2.730s] Level 1:colcon.colcon_core.environment:checking '/home/ilija/ros2_ws/src/RINS/install/dis_tutorial1/lib/python3.10/site-packages'
[2.730s] Level 1:colcon.colcon_core.environment:checking '/home/ilija/ros2_ws/src/RINS/install/dis_tutorial1/bin'
[2.731s] INFO:colcon.colcon_core.shell:Creating package script '/home/ilija/ros2_ws/src/RINS/install/dis_tutorial1/share/dis_tutorial1/package.ps1'
[2.732s] INFO:colcon.colcon_core.shell:Creating package descriptor '/home/ilija/ros2_ws/src/RINS/install/dis_tutorial1/share/dis_tutorial1/package.dsv'
[2.733s] INFO:colcon.colcon_core.shell:Creating package script '/home/ilija/ros2_ws/src/RINS/install/dis_tutorial1/share/dis_tutorial1/package.sh'
[2.734s] INFO:colcon.colcon_core.shell:Creating package script '/home/ilija/ros2_ws/src/RINS/install/dis_tutorial1/share/dis_tutorial1/package.bash'
[2.735s] INFO:colcon.colcon_core.shell:Creating package script '/home/ilija/ros2_ws/src/RINS/install/dis_tutorial1/share/dis_tutorial1/package.zsh'
[2.737s] Level 1:colcon.colcon_core.environment:create_file_with_runtime_dependencies(/home/ilija/ros2_ws/src/RINS/install/dis_tutorial1/share/colcon-core/packages/dis_tutorial1)
[2.738s] INFO:colcon.colcon_ros.task.ament_cmake.build:Building ROS package in '/home/ilija/ros2_ws/src/RINS/src/hwpub' with build type 'ament_cmake'
[2.738s] INFO:colcon.colcon_cmake.task.cmake.build:Building CMake package in '/home/ilija/ros2_ws/src/RINS/src/hwpub'
[2.738s] INFO:colcon.colcon_core.shell:Skip shell extension 'powershell' for command environment: Not usable outside of PowerShell
[2.738s] DEBUG:colcon.colcon_core.shell:Skip shell extension 'dsv' for command environment
[2.775s] DEBUG:colcon.colcon_core.event_handler.log_command:Invoking command in '/home/ilija/ros2_ws/src/RINS/build/hwpub': CMAKE_PREFIX_PATH=${CMAKE_PREFIX_PATH}:/home/ilija/ros2_ws/src/RINS/install/dis_tutorial2:/opt/ros/humble /usr/bin/cmake --build /home/ilija/ros2_ws/src/RINS/build/hwpub -- -j2 -l2
[3.464s] Level 1:colcon.colcon_core.shell:create_environment_hook('dis_tutorial2', 'pythonpath_develop')
[3.465s] INFO:colcon.colcon_core.shell:Creating environment hook '/home/ilija/ros2_ws/src/RINS/build/dis_tutorial2/share/dis_tutorial2/hook/pythonpath_develop.ps1'
[3.466s] DEBUG:colcon.colcon_core.event_handler.log_command:Invoked command in '/home/ilija/ros2_ws/src/RINS/build/dis_tutorial2' returned '0': PYTHONPATH=/home/ilija/ros2_ws/src/RINS/build/dis_tutorial2/prefix_override:/usr/lib/python3/dist-packages/colcon_core/task/python/colcon_distutils_commands:/home/ilija/ros2_ws/src/RINS/install/dis_tutorial2/lib/python3.10/site-packages:${PYTHONPATH} /usr/bin/python3 -W ignore:setup.py install is deprecated -W ignore:easy_install command is deprecated setup.py develop --editable --build-directory /home/ilija/ros2_ws/src/RINS/build/dis_tutorial2/build --no-deps symlink_data
[3.467s] INFO:colcon.colcon_core.shell:Creating environment descriptor '/home/ilija/ros2_ws/src/RINS/build/dis_tutorial2/share/dis_tutorial2/hook/pythonpath_develop.dsv'
[3.470s] INFO:colcon.colcon_core.shell:Creating environment hook '/home/ilija/ros2_ws/src/RINS/build/dis_tutorial2/share/dis_tutorial2/hook/pythonpath_develop.sh'
[3.474s] Level 1:colcon.colcon_core.environment:checking '/home/ilija/ros2_ws/src/RINS/install/dis_tutorial2' for CMake module files
[3.475s] Level 1:colcon.colcon_core.environment:checking '/home/ilija/ros2_ws/src/RINS/install/dis_tutorial2' for CMake config files
[3.481s] Level 1:colcon.colcon_core.environment:checking '/home/ilija/ros2_ws/src/RINS/install/dis_tutorial2/lib'
[3.481s] Level 1:colcon.colcon_core.environment:checking '/home/ilija/ros2_ws/src/RINS/install/dis_tutorial2/bin'
[3.481s] Level 1:colcon.colcon_core.environment:checking '/home/ilija/ros2_ws/src/RINS/install/dis_tutorial2/lib/pkgconfig/dis_tutorial2.pc'
[3.482s] Level 1:colcon.colcon_core.environment:checking '/home/ilija/ros2_ws/src/RINS/install/dis_tutorial2/lib/python3.10/site-packages'
[3.482s] Level 1:colcon.colcon_core.shell:create_environment_hook('dis_tutorial2', 'pythonpath')
[3.482s] INFO:colcon.colcon_core.shell:Creating environment hook '/home/ilija/ros2_ws/src/RINS/install/dis_tutorial2/share/dis_tutorial2/hook/pythonpath.ps1'
[3.487s] INFO:colcon.colcon_core.shell:Creating environment descriptor '/home/ilija/ros2_ws/src/RINS/install/dis_tutorial2/share/dis_tutorial2/hook/pythonpath.dsv'
[3.490s] INFO:colcon.colcon_core.shell:Creating environment hook '/home/ilija/ros2_ws/src/RINS/install/dis_tutorial2/share/dis_tutorial2/hook/pythonpath.sh'
[3.492s] Level 1:colcon.colcon_core.environment:checking '/home/ilija/ros2_ws/src/RINS/install/dis_tutorial2/bin'
[3.492s] Level 1:colcon.colcon_core.environment:create_environment_scripts_only(dis_tutorial2)
[3.492s] INFO:colcon.colcon_core.shell:Creating package script '/home/ilija/ros2_ws/src/RINS/install/dis_tutorial2/share/dis_tutorial2/package.ps1'
[3.494s] INFO:colcon.colcon_core.shell:Creating package descriptor '/home/ilija/ros2_ws/src/RINS/install/dis_tutorial2/share/dis_tutorial2/package.dsv'
[3.495s] INFO:colcon.colcon_core.shell:Creating package script '/home/ilija/ros2_ws/src/RINS/install/dis_tutorial2/share/dis_tutorial2/package.sh'
[3.497s] INFO:colcon.colcon_core.shell:Creating package script '/home/ilija/ros2_ws/src/RINS/install/dis_tutorial2/share/dis_tutorial2/package.bash'
[3.498s] INFO:colcon.colcon_core.shell:Creating package script '/home/ilija/ros2_ws/src/RINS/install/dis_tutorial2/share/dis_tutorial2/package.zsh'
[3.499s] Level 1:colcon.colcon_core.environment:create_file_with_runtime_dependencies(/home/ilija/ros2_ws/src/RINS/install/dis_tutorial2/share/colcon-core/packages/dis_tutorial2)
[3.837s] DEBUG:colcon.colcon_core.event_handler.log_command:Invoked command in '/home/ilija/ros2_ws/src/RINS/build/hwpub' returned '0': CMAKE_PREFIX_PATH=${CMAKE_PREFIX_PATH}:/home/ilija/ros2_ws/src/RINS/install/dis_tutorial2:/opt/ros/humble /usr/bin/cmake --build /home/ilija/ros2_ws/src/RINS/build/hwpub -- -j2 -l2
[3.840s] DEBUG:colcon.colcon_core.event_handler.log_command:Invoking command in '/home/ilija/ros2_ws/src/RINS/build/hwpub': CMAKE_PREFIX_PATH=${CMAKE_PREFIX_PATH}:/home/ilija/ros2_ws/src/RINS/install/dis_tutorial2:/opt/ros/humble /usr/bin/cmake --install /home/ilija/ros2_ws/src/RINS/build/hwpub
[3.993s] Level 1:colcon.colcon_core.environment:create_environment_scripts_only(hwpub)
[3.994s] Level 1:colcon.colcon_core.environment:checking '/home/ilija/ros2_ws/src/RINS/install/hwpub' for CMake module files
[3.996s] DEBUG:colcon.colcon_core.event_handler.log_command:Invoked command in '/home/ilija/ros2_ws/src/RINS/build/hwpub' returned '0': CMAKE_PREFIX_PATH=${CMAKE_PREFIX_PATH}:/home/ilija/ros2_ws/src/RINS/install/dis_tutorial2:/opt/ros/humble /usr/bin/cmake --install /home/ilija/ros2_ws/src/RINS/build/hwpub
[3.997s] Level 1:colcon.colcon_core.environment:checking '/home/ilija/ros2_ws/src/RINS/install/hwpub' for CMake config files
[3.999s] Level 1:colcon.colcon_core.shell:create_environment_hook('hwpub', 'cmake_prefix_path')
[3.999s] INFO:colcon.colcon_core.shell:Creating environment hook '/home/ilija/ros2_ws/src/RINS/install/hwpub/share/hwpub/hook/cmake_prefix_path.ps1'
[4.000s] INFO:colcon.colcon_core.shell:Creating environment descriptor '/home/ilija/ros2_ws/src/RINS/install/hwpub/share/hwpub/hook/cmake_prefix_path.dsv'
[4.001s] INFO:colcon.colcon_core.shell:Creating environment hook '/home/ilija/ros2_ws/src/RINS/install/hwpub/share/hwpub/hook/cmake_prefix_path.sh'
[4.002s] Level 1:colcon.colcon_core.environment:checking '/home/ilija/ros2_ws/src/RINS/install/hwpub/lib'
[4.002s] Level 1:colcon.colcon_core.shell:create_environment_hook('hwpub', 'ld_library_path_lib')
[4.003s] INFO:colcon.colcon_core.shell:Creating environment hook '/home/ilija/ros2_ws/src/RINS/install/hwpub/share/hwpub/hook/ld_library_path_lib.ps1'
[4.003s] INFO:colcon.colcon_core.shell:Creating environment descriptor '/home/ilija/ros2_ws/src/RINS/install/hwpub/share/hwpub/hook/ld_library_path_lib.dsv'
[4.004s] INFO:colcon.colcon_core.shell:Creating environment hook '/home/ilija/ros2_ws/src/RINS/install/hwpub/share/hwpub/hook/ld_library_path_lib.sh'
[4.006s] Level 1:colcon.colcon_core.environment:checking '/home/ilija/ros2_ws/src/RINS/install/hwpub/bin'
[4.007s] Level 1:colcon.colcon_core.environment:checking '/home/ilija/ros2_ws/src/RINS/install/hwpub/lib/pkgconfig/hwpub.pc'
[4.007s] Level 1:colcon.colcon_core.environment:checking '/home/ilija/ros2_ws/src/RINS/install/hwpub/lib/python3.10/site-packages'
[4.007s] Level 1:colcon.colcon_core.environment:checking '/home/ilija/ros2_ws/src/RINS/install/hwpub/bin'
[4.007s] INFO:colcon.colcon_core.shell:Creating package script '/home/ilija/ros2_ws/src/RINS/install/hwpub/share/hwpub/package.ps1'
[4.009s] INFO:colcon.colcon_core.shell:Creating package descriptor '/home/ilija/ros2_ws/src/RINS/install/hwpub/share/hwpub/package.dsv'
[4.009s] INFO:colcon.colcon_core.shell:Creating package script '/home/ilija/ros2_ws/src/RINS/install/hwpub/share/hwpub/package.sh'
[4.011s] INFO:colcon.colcon_core.shell:Creating package script '/home/ilija/ros2_ws/src/RINS/install/hwpub/share/hwpub/package.bash'
[4.012s] INFO:colcon.colcon_core.shell:Creating package script '/home/ilija/ros2_ws/src/RINS/install/hwpub/share/hwpub/package.zsh'
[4.013s] Level 1:colcon.colcon_core.environment:create_file_with_runtime_dependencies(/home/ilija/ros2_ws/src/RINS/install/hwpub/share/colcon-core/packages/hwpub)
[4.014s] Level 1:colcon.colcon_core.environment:create_environment_scripts_only(hwpub)
[4.014s] Level 1:colcon.colcon_core.environment:checking '/home/ilija/ros2_ws/src/RINS/install/hwpub' for CMake module files
[4.016s] Level 1:colcon.colcon_core.environment:checking '/home/ilija/ros2_ws/src/RINS/install/hwpub' for CMake config files
[4.017s] Level 1:colcon.colcon_core.shell:create_environment_hook('hwpub', 'cmake_prefix_path')
[4.017s] INFO:colcon.colcon_core.shell:Creating environment hook '/home/ilija/ros2_ws/src/RINS/install/hwpub/share/hwpub/hook/cmake_prefix_path.ps1'
[4.018s] INFO:colcon.colcon_core.shell:Creating environment descriptor '/home/ilija/ros2_ws/src/RINS/install/hwpub/share/hwpub/hook/cmake_prefix_path.dsv'
[4.019s] INFO:colcon.colcon_core.shell:Creating environment hook '/home/ilija/ros2_ws/src/RINS/install/hwpub/share/hwpub/hook/cmake_prefix_path.sh'
[4.020s] Level 1:colcon.colcon_core.environment:checking '/home/ilija/ros2_ws/src/RINS/install/hwpub/lib'
[4.020s] Level 1:colcon.colcon_core.shell:create_environment_hook('hwpub', 'ld_library_path_lib')
[4.021s] INFO:colcon.colcon_core.shell:Creating environment hook '/home/ilija/ros2_ws/src/RINS/install/hwpub/share/hwpub/hook/ld_library_path_lib.ps1'
[4.022s] INFO:colcon.colcon_core.shell:Creating environment descriptor '/home/ilija/ros2_ws/src/RINS/install/hwpub/share/hwpub/hook/ld_library_path_lib.dsv'
[4.022s] INFO:colcon.colcon_core.shell:Creating environment hook '/home/ilija/ros2_ws/src/RINS/install/hwpub/share/hwpub/hook/ld_library_path_lib.sh'
[4.023s] Level 1:colcon.colcon_core.environment:checking '/home/ilija/ros2_ws/src/RINS/install/hwpub/bin'
[4.024s] Level 1:colcon.colcon_core.environment:checking '/home/ilija/ros2_ws/src/RINS/install/hwpub/lib/pkgconfig/hwpub.pc'
[4.024s] Level 1:colcon.colcon_core.environment:checking '/home/ilija/ros2_ws/src/RINS/install/hwpub/lib/python3.10/site-packages'
[4.025s] Level 1:colcon.colcon_core.environment:checking '/home/ilija/ros2_ws/src/RINS/install/hwpub/bin'
[4.025s] INFO:colcon.colcon_core.shell:Creating package script '/home/ilija/ros2_ws/src/RINS/install/hwpub/share/hwpub/package.ps1'
[4.027s] INFO:colcon.colcon_core.shell:Creating package descriptor '/home/ilija/ros2_ws/src/RINS/install/hwpub/share/hwpub/package.dsv'
[4.027s] INFO:colcon.colcon_core.shell:Creating package script '/home/ilija/ros2_ws/src/RINS/install/hwpub/share/hwpub/package.sh'
[4.030s] INFO:colcon.colcon_core.shell:Creating package script '/home/ilija/ros2_ws/src/RINS/install/hwpub/share/hwpub/package.bash'
[4.031s] INFO:colcon.colcon_core.shell:Creating package script '/home/ilija/ros2_ws/src/RINS/install/hwpub/share/hwpub/package.zsh'
[4.032s] Level 1:colcon.colcon_core.environment:create_file_with_runtime_dependencies(/home/ilija/ros2_ws/src/RINS/install/hwpub/share/colcon-core/packages/hwpub)
[4.033s] DEBUG:colcon.colcon_parallel_executor.executor.parallel:closing loop
[4.034s] DEBUG:colcon.colcon_parallel_executor.executor.parallel:loop closed
[4.034s] DEBUG:colcon.colcon_parallel_executor.executor.parallel:run_until_complete finished with '0'
[4.034s] DEBUG:colcon.colcon_core.event_reactor:joining thread
[4.041s] INFO:colcon.colcon_core.plugin_system:Skipping extension 'colcon_notification.desktop_notification.terminal_notifier': Not used on non-Darwin systems
[4.041s] INFO:colcon.colcon_core.plugin_system:Skipping extension 'colcon_notification.desktop_notification.win32': Not used on non-Windows systems
[4.042s] INFO:colcon.colcon_notification.desktop_notification:Sending desktop notification using 'notify2'
[4.068s] DEBUG:colcon.colcon_core.event_reactor:joined thread
[4.068s] INFO:colcon.colcon_core.shell:Creating prefix script '/home/ilija/ros2_ws/src/RINS/install/local_setup.ps1'
[4.073s] INFO:colcon.colcon_core.shell:Creating prefix util module '/home/ilija/ros2_ws/src/RINS/install/_local_setup_util_ps1.py'
[4.076s] INFO:colcon.colcon_core.shell:Creating prefix chain script '/home/ilija/ros2_ws/src/RINS/install/setup.ps1'
[4.078s] INFO:colcon.colcon_core.shell:Creating prefix script '/home/ilija/ros2_ws/src/RINS/install/local_setup.sh'
[4.081s] INFO:colcon.colcon_core.shell:Creating prefix util module '/home/ilija/ros2_ws/src/RINS/install/_local_setup_util_sh.py'
[4.082s] INFO:colcon.colcon_core.shell:Creating prefix chain script '/home/ilija/ros2_ws/src/RINS/install/setup.sh'
[4.084s] INFO:colcon.colcon_core.shell:Creating prefix script '/home/ilija/ros2_ws/src/RINS/install/local_setup.bash'
[4.086s] INFO:colcon.colcon_core.shell:Creating prefix chain script '/home/ilija/ros2_ws/src/RINS/install/setup.bash'
[4.089s] INFO:colcon.colcon_core.shell:Creating prefix script '/home/ilija/ros2_ws/src/RINS/install/local_setup.zsh'
[4.090s] INFO:colcon.colcon_core.shell:Creating prefix chain script '/home/ilija/ros2_ws/src/RINS/install/setup.zsh'
