[0.567s] DEBUG:colcon:Command line arguments: ['/usr/bin/colcon', 'build']
[0.567s] DEBUG:colcon:Parsed command line arguments: Namespace(log_base=None, log_level=None, verb_name='build', build_base='build', install_base='install', merge_install=False, symlink_install=False, test_result_base=None, continue_on_error=False, executor='parallel', parallel_workers=4, event_handlers=None, ignore_user_meta=False, metas=['./colcon.meta'], base_paths=['.'], packages_ignore=None, packages_ignore_regex=None, paths=None, packages_up_to=None, packages_up_to_regex=None, packages_above=None, packages_above_and_dependencies=None, packages_above_depth=None, packages_select_by_dep=None, packages_skip_by_dep=None, packages_skip_up_to=None, packages_select_build_failed=False, packages_skip_build_finished=False, packages_select_test_failures=False, packages_skip_test_passed=False, packages_select=None, packages_skip=None, packages_select_regex=None, packages_skip_regex=None, packages_start=None, packages_end=None, allow_overriding=[], cmake_args=None, cmake_target=None, cmake_target_skip_unavailable=False, cmake_clean_cache=False, cmake_clean_first=False, cmake_force_configure=False, ament_cmake_args=None, catkin_cmake_args=None, catkin_skip_building_tests=False, mixin_files=None, mixin=None, verb_parser=<colcon_mixin.mixin.mixin_argument.MixinArgumentDecorator object at 0x76887da61840>, verb_extension=<colcon_core.verb.build.BuildVerb object at 0x76887da609a0>, main=<bound method BuildVerb.main of <colcon_core.verb.build.BuildVerb object at 0x76887da609a0>>, mixin_verb=('build',))
[1.410s] Level 1:colcon.colcon_core.package_discovery:discover_packages(colcon_meta) check parameters
[1.410s] Level 1:colcon.colcon_core.package_discovery:discover_packages(recursive) check parameters
[1.410s] Level 1:colcon.colcon_core.package_discovery:discover_packages(ignore) check parameters
[1.410s] Level 1:colcon.colcon_core.package_discovery:discover_packages(path) check parameters
[1.411s] Level 1:colcon.colcon_core.package_discovery:discover_packages(colcon_meta) discover
[1.411s] Level 1:colcon.colcon_core.package_discovery:discover_packages(recursive) discover
[1.411s] INFO:colcon.colcon_core.package_discovery:Crawling recursively for packages in '/home/osboxes/ros2_ws'
[1.411s] Level 1:colcon.colcon_core.package_identification:_identify(.) by extensions ['ignore', 'ignore_ament_install']
[1.411s] Level 1:colcon.colcon_core.package_identification:_identify(.) by extension 'ignore'
[1.411s] Level 1:colcon.colcon_core.package_identification:_identify(.) by extension 'ignore_ament_install'
[1.411s] Level 1:colcon.colcon_core.package_identification:_identify(.) by extensions ['colcon_pkg']
[1.411s] Level 1:colcon.colcon_core.package_identification:_identify(.) by extension 'colcon_pkg'
[1.412s] Level 1:colcon.colcon_core.package_identification:_identify(.) by extensions ['colcon_meta']
[1.412s] Level 1:colcon.colcon_core.package_identification:_identify(.) by extension 'colcon_meta'
[1.412s] Level 1:colcon.colcon_core.package_identification:_identify(.) by extensions ['ros']
[1.412s] Level 1:colcon.colcon_core.package_identification:_identify(.) by extension 'ros'
[1.440s] Level 1:colcon.colcon_core.package_identification:_identify(.) by extensions ['cmake', 'python']
[1.440s] Level 1:colcon.colcon_core.package_identification:_identify(.) by extension 'cmake'
[1.440s] Level 1:colcon.colcon_core.package_identification:_identify(.) by extension 'python'
[1.441s] Level 1:colcon.colcon_core.package_identification:_identify(.) by extensions ['python_setup_py']
[1.441s] Level 1:colcon.colcon_core.package_identification:_identify(.) by extension 'python_setup_py'
[1.441s] Level 1:colcon.colcon_core.package_identification:_identify(build) by extensions ['ignore', 'ignore_ament_install']
[1.441s] Level 1:colcon.colcon_core.package_identification:_identify(build) by extension 'ignore'
[1.441s] Level 1:colcon.colcon_core.package_identification:_identify(build) ignored
[1.442s] Level 1:colcon.colcon_core.package_identification:_identify(install) by extensions ['ignore', 'ignore_ament_install']
[1.442s] Level 1:colcon.colcon_core.package_identification:_identify(install) by extension 'ignore'
[1.442s] Level 1:colcon.colcon_core.package_identification:_identify(install) ignored
[1.442s] Level 1:colcon.colcon_core.package_identification:_identify(log) by extensions ['ignore', 'ignore_ament_install']
[1.442s] Level 1:colcon.colcon_core.package_identification:_identify(log) by extension 'ignore'
[1.442s] Level 1:colcon.colcon_core.package_identification:_identify(log) ignored
[1.442s] Level 1:colcon.colcon_core.package_identification:_identify(src) by extensions ['ignore', 'ignore_ament_install']
[1.443s] Level 1:colcon.colcon_core.package_identification:_identify(src) by extension 'ignore'
[1.443s] Level 1:colcon.colcon_core.package_identification:_identify(src) by extension 'ignore_ament_install'
[1.443s] Level 1:colcon.colcon_core.package_identification:_identify(src) by extensions ['colcon_pkg']
[1.443s] Level 1:colcon.colcon_core.package_identification:_identify(src) by extension 'colcon_pkg'
[1.443s] Level 1:colcon.colcon_core.package_identification:_identify(src) by extensions ['colcon_meta']
[1.443s] Level 1:colcon.colcon_core.package_identification:_identify(src) by extension 'colcon_meta'
[1.443s] Level 1:colcon.colcon_core.package_identification:_identify(src) by extensions ['ros']
[1.443s] Level 1:colcon.colcon_core.package_identification:_identify(src) by extension 'ros'
[1.444s] Level 1:colcon.colcon_core.package_identification:_identify(src) by extensions ['cmake', 'python']
[1.444s] Level 1:colcon.colcon_core.package_identification:_identify(src) by extension 'cmake'
[1.444s] Level 1:colcon.colcon_core.package_identification:_identify(src) by extension 'python'
[1.444s] Level 1:colcon.colcon_core.package_identification:_identify(src) by extensions ['python_setup_py']
[1.444s] Level 1:colcon.colcon_core.package_identification:_identify(src) by extension 'python_setup_py'
[1.444s] Level 1:colcon.colcon_core.package_identification:_identify(src/dis_tutorial1) by extensions ['ignore', 'ignore_ament_install']
[1.444s] Level 1:colcon.colcon_core.package_identification:_identify(src/dis_tutorial1) by extension 'ignore'
[1.444s] Level 1:colcon.colcon_core.package_identification:_identify(src/dis_tutorial1) by extension 'ignore_ament_install'
[1.444s] Level 1:colcon.colcon_core.package_identification:_identify(src/dis_tutorial1) by extensions ['colcon_pkg']
[1.445s] Level 1:colcon.colcon_core.package_identification:_identify(src/dis_tutorial1) by extension 'colcon_pkg'
[1.445s] Level 1:colcon.colcon_core.package_identification:_identify(src/dis_tutorial1) by extensions ['colcon_meta']
[1.445s] Level 1:colcon.colcon_core.package_identification:_identify(src/dis_tutorial1) by extension 'colcon_meta'
[1.445s] Level 1:colcon.colcon_core.package_identification:_identify(src/dis_tutorial1) by extensions ['ros']
[1.445s] Level 1:colcon.colcon_core.package_identification:_identify(src/dis_tutorial1) by extension 'ros'
[1.457s] DEBUG:colcon.colcon_core.package_identification:Package 'src/dis_tutorial1' with type 'ros.ament_cmake' and name 'dis_tutorial1'
[1.457s] Level 1:colcon.colcon_core.package_identification:_identify(src/dis_tutorial2) by extensions ['ignore', 'ignore_ament_install']
[1.458s] Level 1:colcon.colcon_core.package_identification:_identify(src/dis_tutorial2) by extension 'ignore'
[1.458s] Level 1:colcon.colcon_core.package_identification:_identify(src/dis_tutorial2) by extension 'ignore_ament_install'
[1.458s] Level 1:colcon.colcon_core.package_identification:_identify(src/dis_tutorial2) by extensions ['colcon_pkg']
[1.458s] Level 1:colcon.colcon_core.package_identification:_identify(src/dis_tutorial2) by extension 'colcon_pkg'
[1.458s] Level 1:colcon.colcon_core.package_identification:_identify(src/dis_tutorial2) by extensions ['colcon_meta']
[1.458s] Level 1:colcon.colcon_core.package_identification:_identify(src/dis_tutorial2) by extension 'colcon_meta'
[1.458s] Level 1:colcon.colcon_core.package_identification:_identify(src/dis_tutorial2) by extensions ['ros']
[1.458s] Level 1:colcon.colcon_core.package_identification:_identify(src/dis_tutorial2) by extension 'ros'
[1.461s] DEBUG:colcon.colcon_core.package_identification:Package 'src/dis_tutorial2' with type 'ros.ament_python' and name 'dis_tutorial2'
[1.462s] Level 1:colcon.colcon_core.package_identification:_identify(src/dis_tutorial3) by extensions ['ignore', 'ignore_ament_install']
[1.462s] Level 1:colcon.colcon_core.package_identification:_identify(src/dis_tutorial3) by extension 'ignore'
[1.462s] Level 1:colcon.colcon_core.package_identification:_identify(src/dis_tutorial3) by extension 'ignore_ament_install'
[1.462s] Level 1:colcon.colcon_core.package_identification:_identify(src/dis_tutorial3) by extensions ['colcon_pkg']
[1.462s] Level 1:colcon.colcon_core.package_identification:_identify(src/dis_tutorial3) by extension 'colcon_pkg'
[1.462s] Level 1:colcon.colcon_core.package_identification:_identify(src/dis_tutorial3) by extensions ['colcon_meta']
[1.462s] Level 1:colcon.colcon_core.package_identification:_identify(src/dis_tutorial3) by extension 'colcon_meta'
[1.463s] Level 1:colcon.colcon_core.package_identification:_identify(src/dis_tutorial3) by extensions ['ros']
[1.463s] Level 1:colcon.colcon_core.package_identification:_identify(src/dis_tutorial3) by extension 'ros'
[1.466s] DEBUG:colcon.colcon_core.package_identification:Package 'src/dis_tutorial3' with type 'ros.ament_cmake' and name 'dis_tutorial3'
[1.467s] Level 1:colcon.colcon_core.package_identification:_identify(src/dis_tutorial4) by extensions ['ignore', 'ignore_ament_install']
[1.467s] Level 1:colcon.colcon_core.package_identification:_identify(src/dis_tutorial4) by extension 'ignore'
[1.467s] Level 1:colcon.colcon_core.package_identification:_identify(src/dis_tutorial4) by extension 'ignore_ament_install'
[1.467s] Level 1:colcon.colcon_core.package_identification:_identify(src/dis_tutorial4) by extensions ['colcon_pkg']
[1.467s] Level 1:colcon.colcon_core.package_identification:_identify(src/dis_tutorial4) by extension 'colcon_pkg'
[1.467s] Level 1:colcon.colcon_core.package_identification:_identify(src/dis_tutorial4) by extensions ['colcon_meta']
[1.467s] Level 1:colcon.colcon_core.package_identification:_identify(src/dis_tutorial4) by extension 'colcon_meta'
[1.467s] Level 1:colcon.colcon_core.package_identification:_identify(src/dis_tutorial4) by extensions ['ros']
[1.467s] Level 1:colcon.colcon_core.package_identification:_identify(src/dis_tutorial4) by extension 'ros'
[1.471s] DEBUG:colcon.colcon_core.package_identification:Package 'src/dis_tutorial4' with type 'ros.ament_cmake' and name 'dis_tutorial4'
[1.471s] Level 1:colcon.colcon_core.package_identification:_identify(src/hwpub) by extensions ['ignore', 'ignore_ament_install']
[1.471s] Level 1:colcon.colcon_core.package_identification:_identify(src/hwpub) by extension 'ignore'
[1.471s] Level 1:colcon.colcon_core.package_identification:_identify(src/hwpub) by extension 'ignore_ament_install'
[1.472s] Level 1:colcon.colcon_core.package_identification:_identify(src/hwpub) by extensions ['colcon_pkg']
[1.472s] Level 1:colcon.colcon_core.package_identification:_identify(src/hwpub) by extension 'colcon_pkg'
[1.472s] Level 1:colcon.colcon_core.package_identification:_identify(src/hwpub) by extensions ['colcon_meta']
[1.472s] Level 1:colcon.colcon_core.package_identification:_identify(src/hwpub) by extension 'colcon_meta'
[1.472s] Level 1:colcon.colcon_core.package_identification:_identify(src/hwpub) by extensions ['ros']
[1.472s] Level 1:colcon.colcon_core.package_identification:_identify(src/hwpub) by extension 'ros'
[1.475s] DEBUG:colcon.colcon_core.package_identification:Package 'src/hwpub' with type 'ros.ament_cmake' and name 'hwpub'
[1.476s] Level 1:colcon.colcon_core.package_identification:_identify(src/oddaja) by extensions ['ignore', 'ignore_ament_install']
[1.476s] Level 1:colcon.colcon_core.package_identification:_identify(src/oddaja) by extension 'ignore'
[1.476s] Level 1:colcon.colcon_core.package_identification:_identify(src/oddaja) by extension 'ignore_ament_install'
[1.476s] Level 1:colcon.colcon_core.package_identification:_identify(src/oddaja) by extensions ['colcon_pkg']
[1.476s] Level 1:colcon.colcon_core.package_identification:_identify(src/oddaja) by extension 'colcon_pkg'
[1.477s] Level 1:colcon.colcon_core.package_identification:_identify(src/oddaja) by extensions ['colcon_meta']
[1.477s] Level 1:colcon.colcon_core.package_identification:_identify(src/oddaja) by extension 'colcon_meta'
[1.477s] Level 1:colcon.colcon_core.package_identification:_identify(src/oddaja) by extensions ['ros']
[1.477s] Level 1:colcon.colcon_core.package_identification:_identify(src/oddaja) by extension 'ros'
[1.477s] Level 1:colcon.colcon_core.package_identification:_identify(src/oddaja) by extensions ['cmake', 'python']
[1.477s] Level 1:colcon.colcon_core.package_identification:_identify(src/oddaja) by extension 'cmake'
[1.477s] Level 1:colcon.colcon_core.package_identification:_identify(src/oddaja) by extension 'python'
[1.477s] Level 1:colcon.colcon_core.package_identification:_identify(src/oddaja) by extensions ['python_setup_py']
[1.477s] Level 1:colcon.colcon_core.package_identification:_identify(src/oddaja) by extension 'python_setup_py'
[1.477s] Level 1:colcon.colcon_core.package_discovery:discover_packages(recursive) using defaults
[1.478s] Level 1:colcon.colcon_core.package_discovery:discover_packages(ignore) discover
[1.478s] Level 1:colcon.colcon_core.package_discovery:discover_packages(ignore) using defaults
[1.478s] Level 1:colcon.colcon_core.package_discovery:discover_packages(path) discover
[1.478s] Level 1:colcon.colcon_core.package_discovery:discover_packages(path) using defaults
[1.579s] Level 1:colcon.colcon_core.package_discovery:discover_packages(prefix_path) check parameters
[1.580s] Level 1:colcon.colcon_core.package_discovery:discover_packages(prefix_path) discover
[1.593s] DEBUG:colcon.colcon_installed_package_information.package_discovery:Found 387 installed packages in /opt/ros/humble
[1.596s] Level 1:colcon.colcon_core.package_discovery:discover_packages(prefix_path) using defaults
[1.705s] Level 5:colcon.colcon_core.verb:set package 'dis_tutorial1' build argument 'cmake_args' from command line to 'None'
[1.705s] Level 5:colcon.colcon_core.verb:set package 'dis_tutorial1' build argument 'cmake_target' from command line to 'None'
[1.705s] Level 5:colcon.colcon_core.verb:set package 'dis_tutorial1' build argument 'cmake_target_skip_unavailable' from command line to 'False'
[1.705s] Level 5:colcon.colcon_core.verb:set package 'dis_tutorial1' build argument 'cmake_clean_cache' from command line to 'False'
[1.705s] Level 5:colcon.colcon_core.verb:set package 'dis_tutorial1' build argument 'cmake_clean_first' from command line to 'False'
[1.705s] Level 5:colcon.colcon_core.verb:set package 'dis_tutorial1' build argument 'cmake_force_configure' from command line to 'False'
[1.705s] Level 5:colcon.colcon_core.verb:set package 'dis_tutorial1' build argument 'ament_cmake_args' from command line to 'None'
[1.705s] Level 5:colcon.colcon_core.verb:set package 'dis_tutorial1' build argument 'catkin_cmake_args' from command line to 'None'
[1.705s] Level 5:colcon.colcon_core.verb:set package 'dis_tutorial1' build argument 'catkin_skip_building_tests' from command line to 'False'
[1.705s] DEBUG:colcon.colcon_core.verb:Building package 'dis_tutorial1' with the following arguments: {'ament_cmake_args': None, 'build_base': '/home/osboxes/ros2_ws/build/dis_tutorial1', 'catkin_cmake_args': None, 'catkin_skip_building_tests': False, 'cmake_args': None, 'cmake_clean_cache': False, 'cmake_clean_first': False, 'cmake_force_configure': False, 'cmake_target': None, 'cmake_target_skip_unavailable': False, 'install_base': '/home/osboxes/ros2_ws/install/dis_tutorial1', 'merge_install': False, 'path': '/home/osboxes/ros2_ws/src/dis_tutorial1', 'symlink_install': False, 'test_result_base': None}
[1.706s] Level 5:colcon.colcon_core.verb:set package 'dis_tutorial2' build argument 'cmake_args' from command line to 'None'
[1.706s] Level 5:colcon.colcon_core.verb:set package 'dis_tutorial2' build argument 'cmake_target' from command line to 'None'
[1.706s] Level 5:colcon.colcon_core.verb:set package 'dis_tutorial2' build argument 'cmake_target_skip_unavailable' from command line to 'False'
[1.706s] Level 5:colcon.colcon_core.verb:set package 'dis_tutorial2' build argument 'cmake_clean_cache' from command line to 'False'
[1.706s] Level 5:colcon.colcon_core.verb:set package 'dis_tutorial2' build argument 'cmake_clean_first' from command line to 'False'
[1.706s] Level 5:colcon.colcon_core.verb:set package 'dis_tutorial2' build argument 'cmake_force_configure' from command line to 'False'
[1.706s] Level 5:colcon.colcon_core.verb:set package 'dis_tutorial2' build argument 'ament_cmake_args' from command line to 'None'
[1.706s] Level 5:colcon.colcon_core.verb:set package 'dis_tutorial2' build argument 'catkin_cmake_args' from command line to 'None'
[1.706s] Level 5:colcon.colcon_core.verb:set package 'dis_tutorial2' build argument 'catkin_skip_building_tests' from command line to 'False'
[1.706s] DEBUG:colcon.colcon_core.verb:Building package 'dis_tutorial2' with the following arguments: {'ament_cmake_args': None, 'build_base': '/home/osboxes/ros2_ws/build/dis_tutorial2', 'catkin_cmake_args': None, 'catkin_skip_building_tests': False, 'cmake_args': None, 'cmake_clean_cache': False, 'cmake_clean_first': False, 'cmake_force_configure': False, 'cmake_target': None, 'cmake_target_skip_unavailable': False, 'install_base': '/home/osboxes/ros2_ws/install/dis_tutorial2', 'merge_install': False, 'path': '/home/osboxes/ros2_ws/src/dis_tutorial2', 'symlink_install': False, 'test_result_base': None}
[1.707s] Level 5:colcon.colcon_core.verb:set package 'dis_tutorial3' build argument 'cmake_args' from command line to 'None'
[1.707s] Level 5:colcon.colcon_core.verb:set package 'dis_tutorial3' build argument 'cmake_target' from command line to 'None'
[1.707s] Level 5:colcon.colcon_core.verb:set package 'dis_tutorial3' build argument 'cmake_target_skip_unavailable' from command line to 'False'
[1.707s] Level 5:colcon.colcon_core.verb:set package 'dis_tutorial3' build argument 'cmake_clean_cache' from command line to 'False'
[1.707s] Level 5:colcon.colcon_core.verb:set package 'dis_tutorial3' build argument 'cmake_clean_first' from command line to 'False'
[1.707s] Level 5:colcon.colcon_core.verb:set package 'dis_tutorial3' build argument 'cmake_force_configure' from command line to 'False'
[1.707s] Level 5:colcon.colcon_core.verb:set package 'dis_tutorial3' build argument 'ament_cmake_args' from command line to 'None'
[1.707s] Level 5:colcon.colcon_core.verb:set package 'dis_tutorial3' build argument 'catkin_cmake_args' from command line to 'None'
[1.707s] Level 5:colcon.colcon_core.verb:set package 'dis_tutorial3' build argument 'catkin_skip_building_tests' from command line to 'False'
[1.707s] DEBUG:colcon.colcon_core.verb:Building package 'dis_tutorial3' with the following arguments: {'ament_cmake_args': None, 'build_base': '/home/osboxes/ros2_ws/build/dis_tutorial3', 'catkin_cmake_args': None, 'catkin_skip_building_tests': False, 'cmake_args': None, 'cmake_clean_cache': False, 'cmake_clean_first': False, 'cmake_force_configure': False, 'cmake_target': None, 'cmake_target_skip_unavailable': False, 'install_base': '/home/osboxes/ros2_ws/install/dis_tutorial3', 'merge_install': False, 'path': '/home/osboxes/ros2_ws/src/dis_tutorial3', 'symlink_install': False, 'test_result_base': None}
[1.707s] Level 5:colcon.colcon_core.verb:set package 'dis_tutorial4' build argument 'cmake_args' from command line to 'None'
[1.707s] Level 5:colcon.colcon_core.verb:set package 'dis_tutorial4' build argument 'cmake_target' from command line to 'None'
[1.707s] Level 5:colcon.colcon_core.verb:set package 'dis_tutorial4' build argument 'cmake_target_skip_unavailable' from command line to 'False'
[1.707s] Level 5:colcon.colcon_core.verb:set package 'dis_tutorial4' build argument 'cmake_clean_cache' from command line to 'False'
[1.707s] Level 5:colcon.colcon_core.verb:set package 'dis_tutorial4' build argument 'cmake_clean_first' from command line to 'False'
[1.707s] Level 5:colcon.colcon_core.verb:set package 'dis_tutorial4' build argument 'cmake_force_configure' from command line to 'False'
[1.707s] Level 5:colcon.colcon_core.verb:set package 'dis_tutorial4' build argument 'ament_cmake_args' from command line to 'None'
[1.707s] Level 5:colcon.colcon_core.verb:set package 'dis_tutorial4' build argument 'catkin_cmake_args' from command line to 'None'
[1.707s] Level 5:colcon.colcon_core.verb:set package 'dis_tutorial4' build argument 'catkin_skip_building_tests' from command line to 'False'
[1.707s] DEBUG:colcon.colcon_core.verb:Building package 'dis_tutorial4' with the following arguments: {'ament_cmake_args': None, 'build_base': '/home/osboxes/ros2_ws/build/dis_tutorial4', 'catkin_cmake_args': None, 'catkin_skip_building_tests': False, 'cmake_args': None, 'cmake_clean_cache': False, 'cmake_clean_first': False, 'cmake_force_configure': False, 'cmake_target': None, 'cmake_target_skip_unavailable': False, 'install_base': '/home/osboxes/ros2_ws/install/dis_tutorial4', 'merge_install': False, 'path': '/home/osboxes/ros2_ws/src/dis_tutorial4', 'symlink_install': False, 'test_result_base': None}
[1.708s] Level 5:colcon.colcon_core.verb:set package 'hwpub' build argument 'cmake_args' from command line to 'None'
[1.708s] Level 5:colcon.colcon_core.verb:set package 'hwpub' build argument 'cmake_target' from command line to 'None'
[1.708s] Level 5:colcon.colcon_core.verb:set package 'hwpub' build argument 'cmake_target_skip_unavailable' from command line to 'False'
[1.708s] Level 5:colcon.colcon_core.verb:set package 'hwpub' build argument 'cmake_clean_cache' from command line to 'False'
[1.708s] Level 5:colcon.colcon_core.verb:set package 'hwpub' build argument 'cmake_clean_first' from command line to 'False'
[1.708s] Level 5:colcon.colcon_core.verb:set package 'hwpub' build argument 'cmake_force_configure' from command line to 'False'
[1.708s] Level 5:colcon.colcon_core.verb:set package 'hwpub' build argument 'ament_cmake_args' from command line to 'None'
[1.708s] Level 5:colcon.colcon_core.verb:set package 'hwpub' build argument 'catkin_cmake_args' from command line to 'None'
[1.708s] Level 5:colcon.colcon_core.verb:set package 'hwpub' build argument 'catkin_skip_building_tests' from command line to 'False'
[1.708s] DEBUG:colcon.colcon_core.verb:Building package 'hwpub' with the following arguments: {'ament_cmake_args': None, 'build_base': '/home/osboxes/ros2_ws/build/hwpub', 'catkin_cmake_args': None, 'catkin_skip_building_tests': False, 'cmake_args': None, 'cmake_clean_cache': False, 'cmake_clean_first': False, 'cmake_force_configure': False, 'cmake_target': None, 'cmake_target_skip_unavailable': False, 'install_base': '/home/osboxes/ros2_ws/install/hwpub', 'merge_install': False, 'path': '/home/osboxes/ros2_ws/src/hwpub', 'symlink_install': False, 'test_result_base': None}
[1.708s] INFO:colcon.colcon_core.executor:Executing jobs using 'parallel' executor
[1.711s] DEBUG:colcon.colcon_parallel_executor.executor.parallel:run_until_complete
[1.711s] INFO:colcon.colcon_ros.task.ament_cmake.build:Building ROS package in '/home/osboxes/ros2_ws/src/dis_tutorial1' with build type 'ament_cmake'
[1.711s] INFO:colcon.colcon_cmake.task.cmake.build:Building CMake package in '/home/osboxes/ros2_ws/src/dis_tutorial1'
[1.741s] INFO:colcon.colcon_core.plugin_system:Skipping extension 'colcon_core.shell.bat': Not used on non-Windows systems
[1.741s] INFO:colcon.colcon_core.shell:Skip shell extension 'powershell' for command environment: Not usable outside of PowerShell
[1.741s] DEBUG:colcon.colcon_core.shell:Skip shell extension 'dsv' for command environment
[1.755s] INFO:colcon.colcon_ros.task.ament_python.build:Building ROS package in '/home/osboxes/ros2_ws/src/dis_tutorial2' with build type 'ament_python'
[1.755s] Level 1:colcon.colcon_core.shell:create_environment_hook('dis_tutorial2', 'ament_prefix_path')
[1.755s] INFO:colcon.colcon_core.shell:Creating environment hook '/home/osboxes/ros2_ws/install/dis_tutorial2/share/dis_tutorial2/hook/ament_prefix_path.ps1'
[1.763s] INFO:colcon.colcon_core.shell:Creating environment descriptor '/home/osboxes/ros2_ws/install/dis_tutorial2/share/dis_tutorial2/hook/ament_prefix_path.dsv'
[1.767s] INFO:colcon.colcon_core.shell:Creating environment hook '/home/osboxes/ros2_ws/install/dis_tutorial2/share/dis_tutorial2/hook/ament_prefix_path.sh'
[1.771s] INFO:colcon.colcon_core.shell:Skip shell extension 'powershell' for command environment: Not usable outside of PowerShell
[1.771s] DEBUG:colcon.colcon_core.shell:Skip shell extension 'dsv' for command environment
[1.780s] INFO:colcon.colcon_ros.task.ament_cmake.build:Building ROS package in '/home/osboxes/ros2_ws/src/dis_tutorial3' with build type 'ament_cmake'
[1.780s] INFO:colcon.colcon_cmake.task.cmake.build:Building CMake package in '/home/osboxes/ros2_ws/src/dis_tutorial3'
[1.781s] INFO:colcon.colcon_core.shell:Skip shell extension 'powershell' for command environment: Not usable outside of PowerShell
[1.781s] DEBUG:colcon.colcon_core.shell:Skip shell extension 'dsv' for command environment
[1.789s] INFO:colcon.colcon_ros.task.ament_cmake.build:Building ROS package in '/home/osboxes/ros2_ws/src/dis_tutorial4' with build type 'ament_cmake'
[1.790s] INFO:colcon.colcon_cmake.task.cmake.build:Building CMake package in '/home/osboxes/ros2_ws/src/dis_tutorial4'
[1.790s] INFO:colcon.colcon_core.shell:Skip shell extension 'powershell' for command environment: Not usable outside of PowerShell
[1.790s] DEBUG:colcon.colcon_core.shell:Skip shell extension 'dsv' for command environment
[1.819s] DEBUG:colcon.colcon_core.event_handler.log_command:Invoking command in '/home/osboxes/ros2_ws/build/dis_tutorial1': CMAKE_PREFIX_PATH=/opt/ros/humble /usr/bin/cmake --build /home/osboxes/ros2_ws/build/dis_tutorial1 -- -j4 -l4
[2.511s] INFO:colcon.colcon_core.task.python.build:Building Python package in '/home/osboxes/ros2_ws/src/dis_tutorial2'
[2.512s] INFO:colcon.colcon_core.shell:Skip shell extension 'powershell' for command environment: Not usable outside of PowerShell
[2.513s] DEBUG:colcon.colcon_core.shell:Skip shell extension 'dsv' for command environment
[2.575s] DEBUG:colcon.colcon_core.event_handler.log_command:Invoking command in '/home/osboxes/ros2_ws/build/dis_tutorial3': CMAKE_PREFIX_PATH=/opt/ros/humble /usr/bin/cmake --build /home/osboxes/ros2_ws/build/dis_tutorial3 -- -j4 -l4
[2.603s] DEBUG:colcon.colcon_core.event_handler.log_command:Invoking command in '/home/osboxes/ros2_ws/build/dis_tutorial4': CMAKE_PREFIX_PATH=/opt/ros/humble /usr/bin/cmake --build /home/osboxes/ros2_ws/build/dis_tutorial4 -- -j4 -l4
[2.798s] DEBUG:colcon.colcon_core.event_handler.log_command:Invoked command in '/home/osboxes/ros2_ws/build/dis_tutorial3' returned '0': CMAKE_PREFIX_PATH=/opt/ros/humble /usr/bin/cmake --build /home/osboxes/ros2_ws/build/dis_tutorial3 -- -j4 -l4
[2.874s] DEBUG:colcon.colcon_core.event_handler.log_command:Invoking command in '/home/osboxes/ros2_ws/build/dis_tutorial3': CMAKE_PREFIX_PATH=/opt/ros/humble /usr/bin/cmake --install /home/osboxes/ros2_ws/build/dis_tutorial3
[2.883s] DEBUG:colcon.colcon_core.event_handler.log_command:Invoked command in '/home/osboxes/ros2_ws/build/dis_tutorial4' returned '0': CMAKE_PREFIX_PATH=/opt/ros/humble /usr/bin/cmake --build /home/osboxes/ros2_ws/build/dis_tutorial4 -- -j4 -l4
[2.894s] DEBUG:colcon.colcon_core.event_handler.log_command:Invoking command in '/home/osboxes/ros2_ws/build/dis_tutorial4': CMAKE_PREFIX_PATH=/opt/ros/humble /usr/bin/cmake --install /home/osboxes/ros2_ws/build/dis_tutorial4
[2.976s] Level 1:colcon.colcon_core.environment:create_environment_scripts_only(dis_tutorial4)
[2.977s] DEBUG:colcon.colcon_core.event_handler.log_command:Invoked command in '/home/osboxes/ros2_ws/build/dis_tutorial4' returned '0': CMAKE_PREFIX_PATH=/opt/ros/humble /usr/bin/cmake --install /home/osboxes/ros2_ws/build/dis_tutorial4
[3.101s] Level 1:colcon.colcon_core.environment:checking '/home/osboxes/ros2_ws/install/dis_tutorial4' for CMake module files
[3.117s] Level 1:colcon.colcon_core.environment:checking '/home/osboxes/ros2_ws/install/dis_tutorial4' for CMake config files
[3.118s] Level 1:colcon.colcon_core.shell:create_environment_hook('dis_tutorial4', 'cmake_prefix_path')
[3.120s] INFO:colcon.colcon_core.shell:Creating environment hook '/home/osboxes/ros2_ws/install/dis_tutorial4/share/dis_tutorial4/hook/cmake_prefix_path.ps1'
[3.126s] INFO:colcon.colcon_core.shell:Creating environment descriptor '/home/osboxes/ros2_ws/install/dis_tutorial4/share/dis_tutorial4/hook/cmake_prefix_path.dsv'
[3.127s] INFO:colcon.colcon_core.shell:Creating environment hook '/home/osboxes/ros2_ws/install/dis_tutorial4/share/dis_tutorial4/hook/cmake_prefix_path.sh'
[3.129s] Level 1:colcon.colcon_core.environment:checking '/home/osboxes/ros2_ws/install/dis_tutorial4/lib'
[3.129s] Level 1:colcon.colcon_core.environment:checking '/home/osboxes/ros2_ws/install/dis_tutorial4/bin'
[3.130s] Level 1:colcon.colcon_core.environment:checking '/home/osboxes/ros2_ws/install/dis_tutorial4/lib/pkgconfig/dis_tutorial4.pc'
[3.130s] Level 1:colcon.colcon_core.environment:checking '/home/osboxes/ros2_ws/install/dis_tutorial4/lib/python3.10/site-packages'
[3.131s] Level 1:colcon.colcon_core.environment:checking '/home/osboxes/ros2_ws/install/dis_tutorial4/bin'
[3.132s] INFO:colcon.colcon_core.shell:Creating package script '/home/osboxes/ros2_ws/install/dis_tutorial4/share/dis_tutorial4/package.ps1'
[3.142s] INFO:colcon.colcon_core.shell:Creating package descriptor '/home/osboxes/ros2_ws/install/dis_tutorial4/share/dis_tutorial4/package.dsv'
[3.148s] INFO:colcon.colcon_core.shell:Creating package script '/home/osboxes/ros2_ws/install/dis_tutorial4/share/dis_tutorial4/package.sh'
[3.154s] INFO:colcon.colcon_core.shell:Creating package script '/home/osboxes/ros2_ws/install/dis_tutorial4/share/dis_tutorial4/package.bash'
[3.161s] INFO:colcon.colcon_core.shell:Creating package script '/home/osboxes/ros2_ws/install/dis_tutorial4/share/dis_tutorial4/package.zsh'
[3.168s] Level 1:colcon.colcon_core.environment:create_file_with_runtime_dependencies(/home/osboxes/ros2_ws/install/dis_tutorial4/share/colcon-core/packages/dis_tutorial4)
[3.171s] Level 1:colcon.colcon_core.environment:create_environment_scripts_only(dis_tutorial4)
[3.172s] Level 1:colcon.colcon_core.environment:checking '/home/osboxes/ros2_ws/install/dis_tutorial4' for CMake module files
[3.172s] Level 1:colcon.colcon_core.environment:checking '/home/osboxes/ros2_ws/install/dis_tutorial4' for CMake config files
[3.173s] Level 1:colcon.colcon_core.shell:create_environment_hook('dis_tutorial4', 'cmake_prefix_path')
[3.175s] INFO:colcon.colcon_core.shell:Creating environment hook '/home/osboxes/ros2_ws/install/dis_tutorial4/share/dis_tutorial4/hook/cmake_prefix_path.ps1'
[3.177s] INFO:colcon.colcon_core.shell:Creating environment descriptor '/home/osboxes/ros2_ws/install/dis_tutorial4/share/dis_tutorial4/hook/cmake_prefix_path.dsv'
[3.179s] INFO:colcon.colcon_core.shell:Creating environment hook '/home/osboxes/ros2_ws/install/dis_tutorial4/share/dis_tutorial4/hook/cmake_prefix_path.sh'
[3.180s] Level 1:colcon.colcon_core.environment:checking '/home/osboxes/ros2_ws/install/dis_tutorial4/lib'
[3.181s] Level 1:colcon.colcon_core.environment:checking '/home/osboxes/ros2_ws/install/dis_tutorial4/bin'
[3.181s] Level 1:colcon.colcon_core.environment:checking '/home/osboxes/ros2_ws/install/dis_tutorial4/lib/pkgconfig/dis_tutorial4.pc'
[3.181s] Level 1:colcon.colcon_core.environment:checking '/home/osboxes/ros2_ws/install/dis_tutorial4/lib/python3.10/site-packages'
[3.181s] Level 1:colcon.colcon_core.environment:checking '/home/osboxes/ros2_ws/install/dis_tutorial4/bin'
[3.182s] INFO:colcon.colcon_core.shell:Creating package script '/home/osboxes/ros2_ws/install/dis_tutorial4/share/dis_tutorial4/package.ps1'
[3.183s] INFO:colcon.colcon_core.shell:Creating package descriptor '/home/osboxes/ros2_ws/install/dis_tutorial4/share/dis_tutorial4/package.dsv'
[3.184s] INFO:colcon.colcon_core.shell:Creating package script '/home/osboxes/ros2_ws/install/dis_tutorial4/share/dis_tutorial4/package.sh'
[3.184s] INFO:colcon.colcon_core.shell:Creating package script '/home/osboxes/ros2_ws/install/dis_tutorial4/share/dis_tutorial4/package.bash'
[3.186s] INFO:colcon.colcon_core.shell:Creating package script '/home/osboxes/ros2_ws/install/dis_tutorial4/share/dis_tutorial4/package.zsh'
[3.188s] Level 1:colcon.colcon_core.environment:create_file_with_runtime_dependencies(/home/osboxes/ros2_ws/install/dis_tutorial4/share/colcon-core/packages/dis_tutorial4)
[3.189s] INFO:colcon.colcon_ros.task.ament_cmake.build:Building ROS package in '/home/osboxes/ros2_ws/src/hwpub' with build type 'ament_cmake'
[3.189s] INFO:colcon.colcon_cmake.task.cmake.build:Building CMake package in '/home/osboxes/ros2_ws/src/hwpub'
[3.190s] INFO:colcon.colcon_core.shell:Skip shell extension 'powershell' for command environment: Not usable outside of PowerShell
[3.190s] DEBUG:colcon.colcon_core.shell:Skip shell extension 'dsv' for command environment
[3.208s] Level 1:colcon.colcon_core.environment:create_environment_scripts_only(dis_tutorial3)
[3.208s] Level 1:colcon.colcon_core.environment:checking '/home/osboxes/ros2_ws/install/dis_tutorial3' for CMake module files
[3.209s] DEBUG:colcon.colcon_core.event_handler.log_command:Invoked command in '/home/osboxes/ros2_ws/build/dis_tutorial3' returned '0': CMAKE_PREFIX_PATH=/opt/ros/humble /usr/bin/cmake --install /home/osboxes/ros2_ws/build/dis_tutorial3
[3.210s] Level 1:colcon.colcon_core.environment:checking '/home/osboxes/ros2_ws/install/dis_tutorial3' for CMake config files
[3.213s] Level 1:colcon.colcon_core.shell:create_environment_hook('dis_tutorial3', 'cmake_prefix_path')
[3.214s] INFO:colcon.colcon_core.shell:Creating environment hook '/home/osboxes/ros2_ws/install/dis_tutorial3/share/dis_tutorial3/hook/cmake_prefix_path.ps1'
[3.216s] INFO:colcon.colcon_core.shell:Creating environment descriptor '/home/osboxes/ros2_ws/install/dis_tutorial3/share/dis_tutorial3/hook/cmake_prefix_path.dsv'
[3.217s] INFO:colcon.colcon_core.shell:Creating environment hook '/home/osboxes/ros2_ws/install/dis_tutorial3/share/dis_tutorial3/hook/cmake_prefix_path.sh'
[3.218s] Level 1:colcon.colcon_core.environment:checking '/home/osboxes/ros2_ws/install/dis_tutorial3/lib'
[3.218s] Level 1:colcon.colcon_core.environment:checking '/home/osboxes/ros2_ws/install/dis_tutorial3/bin'
[3.218s] Level 1:colcon.colcon_core.environment:checking '/home/osboxes/ros2_ws/install/dis_tutorial3/lib/pkgconfig/dis_tutorial3.pc'
[3.219s] Level 1:colcon.colcon_core.environment:checking '/home/osboxes/ros2_ws/install/dis_tutorial3/lib/python3.10/site-packages'
[3.219s] Level 1:colcon.colcon_core.environment:checking '/home/osboxes/ros2_ws/install/dis_tutorial3/bin'
[3.220s] INFO:colcon.colcon_core.shell:Creating package script '/home/osboxes/ros2_ws/install/dis_tutorial3/share/dis_tutorial3/package.ps1'
[3.222s] INFO:colcon.colcon_core.shell:Creating package descriptor '/home/osboxes/ros2_ws/install/dis_tutorial3/share/dis_tutorial3/package.dsv'
[3.223s] INFO:colcon.colcon_core.shell:Creating package script '/home/osboxes/ros2_ws/install/dis_tutorial3/share/dis_tutorial3/package.sh'
[3.224s] INFO:colcon.colcon_core.shell:Creating package script '/home/osboxes/ros2_ws/install/dis_tutorial3/share/dis_tutorial3/package.bash'
[3.224s] INFO:colcon.colcon_core.shell:Creating package script '/home/osboxes/ros2_ws/install/dis_tutorial3/share/dis_tutorial3/package.zsh'
[3.225s] Level 1:colcon.colcon_core.environment:create_file_with_runtime_dependencies(/home/osboxes/ros2_ws/install/dis_tutorial3/share/colcon-core/packages/dis_tutorial3)
[3.226s] Level 1:colcon.colcon_core.environment:create_environment_scripts_only(dis_tutorial3)
[3.226s] Level 1:colcon.colcon_core.environment:checking '/home/osboxes/ros2_ws/install/dis_tutorial3' for CMake module files
[3.227s] Level 1:colcon.colcon_core.environment:checking '/home/osboxes/ros2_ws/install/dis_tutorial3' for CMake config files
[3.228s] Level 1:colcon.colcon_core.shell:create_environment_hook('dis_tutorial3', 'cmake_prefix_path')
[3.229s] INFO:colcon.colcon_core.shell:Creating environment hook '/home/osboxes/ros2_ws/install/dis_tutorial3/share/dis_tutorial3/hook/cmake_prefix_path.ps1'
[3.230s] INFO:colcon.colcon_core.shell:Creating environment descriptor '/home/osboxes/ros2_ws/install/dis_tutorial3/share/dis_tutorial3/hook/cmake_prefix_path.dsv'
[3.231s] INFO:colcon.colcon_core.shell:Creating environment hook '/home/osboxes/ros2_ws/install/dis_tutorial3/share/dis_tutorial3/hook/cmake_prefix_path.sh'
[3.232s] Level 1:colcon.colcon_core.environment:checking '/home/osboxes/ros2_ws/install/dis_tutorial3/lib'
[3.232s] Level 1:colcon.colcon_core.environment:checking '/home/osboxes/ros2_ws/install/dis_tutorial3/bin'
[3.232s] Level 1:colcon.colcon_core.environment:checking '/home/osboxes/ros2_ws/install/dis_tutorial3/lib/pkgconfig/dis_tutorial3.pc'
[3.232s] Level 1:colcon.colcon_core.environment:checking '/home/osboxes/ros2_ws/install/dis_tutorial3/lib/python3.10/site-packages'
[3.233s] Level 1:colcon.colcon_core.environment:checking '/home/osboxes/ros2_ws/install/dis_tutorial3/bin'
[3.233s] INFO:colcon.colcon_core.shell:Creating package script '/home/osboxes/ros2_ws/install/dis_tutorial3/share/dis_tutorial3/package.ps1'
[3.234s] INFO:colcon.colcon_core.shell:Creating package descriptor '/home/osboxes/ros2_ws/install/dis_tutorial3/share/dis_tutorial3/package.dsv'
[3.235s] INFO:colcon.colcon_core.shell:Creating package script '/home/osboxes/ros2_ws/install/dis_tutorial3/share/dis_tutorial3/package.sh'
[3.236s] INFO:colcon.colcon_core.shell:Creating package script '/home/osboxes/ros2_ws/install/dis_tutorial3/share/dis_tutorial3/package.bash'
[3.236s] INFO:colcon.colcon_core.shell:Creating package script '/home/osboxes/ros2_ws/install/dis_tutorial3/share/dis_tutorial3/package.zsh'
[3.237s] Level 1:colcon.colcon_core.environment:create_file_with_runtime_dependencies(/home/osboxes/ros2_ws/install/dis_tutorial3/share/colcon-core/packages/dis_tutorial3)
[3.249s] DEBUG:colcon.colcon_core.event_handler.log_command:Invoking command in '/home/osboxes/ros2_ws/build/hwpub': CMAKE_PREFIX_PATH=/opt/ros/humble /usr/bin/cmake --build /home/osboxes/ros2_ws/build/hwpub -- -j4 -l4
[3.705s] DEBUG:colcon.colcon_core.event_handler.log_command:Invoked command in '/home/osboxes/ros2_ws/build/dis_tutorial1' returned '0': CMAKE_PREFIX_PATH=/opt/ros/humble /usr/bin/cmake --build /home/osboxes/ros2_ws/build/dis_tutorial1 -- -j4 -l4
[3.726s] DEBUG:colcon.colcon_core.event_handler.log_command:Invoking command in '/home/osboxes/ros2_ws/build/dis_tutorial1': CMAKE_PREFIX_PATH=/opt/ros/humble /usr/bin/cmake --install /home/osboxes/ros2_ws/build/dis_tutorial1
[4.183s] Level 1:colcon.colcon_core.environment:create_environment_scripts_only(dis_tutorial1)
[4.183s] Level 1:colcon.colcon_core.environment:checking '/home/osboxes/ros2_ws/install/dis_tutorial1' for CMake module files
[4.186s] DEBUG:colcon.colcon_core.event_handler.log_command:Invoked command in '/home/osboxes/ros2_ws/build/dis_tutorial1' returned '0': CMAKE_PREFIX_PATH=/opt/ros/humble /usr/bin/cmake --install /home/osboxes/ros2_ws/build/dis_tutorial1
[4.188s] Level 1:colcon.colcon_core.environment:checking '/home/osboxes/ros2_ws/install/dis_tutorial1' for CMake config files
[4.190s] Level 1:colcon.colcon_core.shell:create_environment_hook('dis_tutorial1', 'cmake_prefix_path')
[4.190s] INFO:colcon.colcon_core.shell:Creating environment hook '/home/osboxes/ros2_ws/install/dis_tutorial1/share/dis_tutorial1/hook/cmake_prefix_path.ps1'
[4.193s] INFO:colcon.colcon_core.shell:Creating environment descriptor '/home/osboxes/ros2_ws/install/dis_tutorial1/share/dis_tutorial1/hook/cmake_prefix_path.dsv'
[4.194s] INFO:colcon.colcon_core.shell:Creating environment hook '/home/osboxes/ros2_ws/install/dis_tutorial1/share/dis_tutorial1/hook/cmake_prefix_path.sh'
[4.196s] Level 1:colcon.colcon_core.environment:checking '/home/osboxes/ros2_ws/install/dis_tutorial1/lib'
[4.196s] Level 1:colcon.colcon_core.shell:create_environment_hook('dis_tutorial1', 'ld_library_path_lib')
[4.197s] INFO:colcon.colcon_core.shell:Creating environment hook '/home/osboxes/ros2_ws/install/dis_tutorial1/share/dis_tutorial1/hook/ld_library_path_lib.ps1'
[4.197s] INFO:colcon.colcon_core.shell:Creating environment descriptor '/home/osboxes/ros2_ws/install/dis_tutorial1/share/dis_tutorial1/hook/ld_library_path_lib.dsv'
[4.198s] INFO:colcon.colcon_core.shell:Creating environment hook '/home/osboxes/ros2_ws/install/dis_tutorial1/share/dis_tutorial1/hook/ld_library_path_lib.sh'
[4.199s] Level 1:colcon.colcon_core.environment:checking '/home/osboxes/ros2_ws/install/dis_tutorial1/bin'
[4.200s] Level 1:colcon.colcon_core.environment:checking '/home/osboxes/ros2_ws/install/dis_tutorial1/lib/pkgconfig/dis_tutorial1.pc'
[4.200s] Level 1:colcon.colcon_core.environment:checking '/home/osboxes/ros2_ws/install/dis_tutorial1/lib/python3.10/site-packages'
[4.201s] Level 1:colcon.colcon_core.environment:checking '/home/osboxes/ros2_ws/install/dis_tutorial1/bin'
[4.203s] INFO:colcon.colcon_core.shell:Creating package script '/home/osboxes/ros2_ws/install/dis_tutorial1/share/dis_tutorial1/package.ps1'
[4.207s] INFO:colcon.colcon_core.shell:Creating package descriptor '/home/osboxes/ros2_ws/install/dis_tutorial1/share/dis_tutorial1/package.dsv'
[4.209s] INFO:colcon.colcon_core.shell:Creating package script '/home/osboxes/ros2_ws/install/dis_tutorial1/share/dis_tutorial1/package.sh'
[4.211s] INFO:colcon.colcon_core.shell:Creating package script '/home/osboxes/ros2_ws/install/dis_tutorial1/share/dis_tutorial1/package.bash'
[4.212s] INFO:colcon.colcon_core.shell:Creating package script '/home/osboxes/ros2_ws/install/dis_tutorial1/share/dis_tutorial1/package.zsh'
[4.213s] Level 1:colcon.colcon_core.environment:create_file_with_runtime_dependencies(/home/osboxes/ros2_ws/install/dis_tutorial1/share/colcon-core/packages/dis_tutorial1)
[4.220s] Level 1:colcon.colcon_core.environment:create_environment_scripts_only(dis_tutorial1)
[4.222s] Level 1:colcon.colcon_core.environment:checking '/home/osboxes/ros2_ws/install/dis_tutorial1' for CMake module files
[4.227s] Level 1:colcon.colcon_core.environment:checking '/home/osboxes/ros2_ws/install/dis_tutorial1' for CMake config files
[4.230s] Level 1:colcon.colcon_core.shell:create_environment_hook('dis_tutorial1', 'cmake_prefix_path')
[4.231s] INFO:colcon.colcon_core.shell:Creating environment hook '/home/osboxes/ros2_ws/install/dis_tutorial1/share/dis_tutorial1/hook/cmake_prefix_path.ps1'
[4.234s] INFO:colcon.colcon_core.shell:Creating environment descriptor '/home/osboxes/ros2_ws/install/dis_tutorial1/share/dis_tutorial1/hook/cmake_prefix_path.dsv'
[4.237s] INFO:colcon.colcon_core.shell:Creating environment hook '/home/osboxes/ros2_ws/install/dis_tutorial1/share/dis_tutorial1/hook/cmake_prefix_path.sh'
[4.240s] Level 1:colcon.colcon_core.environment:checking '/home/osboxes/ros2_ws/install/dis_tutorial1/lib'
[4.240s] Level 1:colcon.colcon_core.shell:create_environment_hook('dis_tutorial1', 'ld_library_path_lib')
[4.241s] INFO:colcon.colcon_core.shell:Creating environment hook '/home/osboxes/ros2_ws/install/dis_tutorial1/share/dis_tutorial1/hook/ld_library_path_lib.ps1'
[4.243s] INFO:colcon.colcon_core.shell:Creating environment descriptor '/home/osboxes/ros2_ws/install/dis_tutorial1/share/dis_tutorial1/hook/ld_library_path_lib.dsv'
[4.244s] INFO:colcon.colcon_core.shell:Creating environment hook '/home/osboxes/ros2_ws/install/dis_tutorial1/share/dis_tutorial1/hook/ld_library_path_lib.sh'
[4.245s] Level 1:colcon.colcon_core.environment:checking '/home/osboxes/ros2_ws/install/dis_tutorial1/bin'
[4.245s] Level 1:colcon.colcon_core.environment:checking '/home/osboxes/ros2_ws/install/dis_tutorial1/lib/pkgconfig/dis_tutorial1.pc'
[4.246s] Level 1:colcon.colcon_core.environment:checking '/home/osboxes/ros2_ws/install/dis_tutorial1/lib/python3.10/site-packages'
[4.246s] Level 1:colcon.colcon_core.environment:checking '/home/osboxes/ros2_ws/install/dis_tutorial1/bin'
[4.246s] INFO:colcon.colcon_core.shell:Creating package script '/home/osboxes/ros2_ws/install/dis_tutorial1/share/dis_tutorial1/package.ps1'
[4.247s] INFO:colcon.colcon_core.shell:Creating package descriptor '/home/osboxes/ros2_ws/install/dis_tutorial1/share/dis_tutorial1/package.dsv'
[4.248s] INFO:colcon.colcon_core.shell:Creating package script '/home/osboxes/ros2_ws/install/dis_tutorial1/share/dis_tutorial1/package.sh'
[4.249s] INFO:colcon.colcon_core.shell:Creating package script '/home/osboxes/ros2_ws/install/dis_tutorial1/share/dis_tutorial1/package.bash'
[4.249s] INFO:colcon.colcon_core.shell:Creating package script '/home/osboxes/ros2_ws/install/dis_tutorial1/share/dis_tutorial1/package.zsh'
[4.250s] Level 1:colcon.colcon_core.environment:create_file_with_runtime_dependencies(/home/osboxes/ros2_ws/install/dis_tutorial1/share/colcon-core/packages/dis_tutorial1)
[4.643s] DEBUG:colcon.colcon_core.event_handler.log_command:Invoked command in '/home/osboxes/ros2_ws/build/hwpub' returned '0': CMAKE_PREFIX_PATH=/opt/ros/humble /usr/bin/cmake --build /home/osboxes/ros2_ws/build/hwpub -- -j4 -l4
[4.654s] DEBUG:colcon.colcon_core.event_handler.log_command:Invoking command in '/home/osboxes/ros2_ws/build/hwpub': CMAKE_PREFIX_PATH=/opt/ros/humble /usr/bin/cmake --install /home/osboxes/ros2_ws/build/hwpub
[4.870s] DEBUG:colcon.colcon_core.event_handler.log_command:Invoking command in '/home/osboxes/ros2_ws/src/dis_tutorial2': PYTHONPATH=/home/osboxes/ros2_ws/build/dis_tutorial2/prefix_override:/usr/lib/python3/dist-packages/colcon_core/task/python/colcon_distutils_commands:/home/osboxes/ros2_ws/install/dis_tutorial2/lib/python3.10/site-packages:${PYTHONPATH} /usr/bin/python3 -W ignore:setup.py install is deprecated -W ignore:easy_install command is deprecated setup.py egg_info --egg-base ../../build/dis_tutorial2 build --build-base /home/osboxes/ros2_ws/build/dis_tutorial2/build install --record /home/osboxes/ros2_ws/build/dis_tutorial2/install.log --single-version-externally-managed install_data
[4.952s] Level 1:colcon.colcon_core.environment:create_environment_scripts_only(hwpub)
[4.953s] Level 1:colcon.colcon_core.environment:checking '/home/osboxes/ros2_ws/install/hwpub' for CMake module files
[4.955s] DEBUG:colcon.colcon_core.event_handler.log_command:Invoked command in '/home/osboxes/ros2_ws/build/hwpub' returned '0': CMAKE_PREFIX_PATH=/opt/ros/humble /usr/bin/cmake --install /home/osboxes/ros2_ws/build/hwpub
[4.958s] Level 1:colcon.colcon_core.environment:checking '/home/osboxes/ros2_ws/install/hwpub' for CMake config files
[4.966s] Level 1:colcon.colcon_core.shell:create_environment_hook('hwpub', 'cmake_prefix_path')
[4.967s] INFO:colcon.colcon_core.shell:Creating environment hook '/home/osboxes/ros2_ws/install/hwpub/share/hwpub/hook/cmake_prefix_path.ps1'
[4.969s] INFO:colcon.colcon_core.shell:Creating environment descriptor '/home/osboxes/ros2_ws/install/hwpub/share/hwpub/hook/cmake_prefix_path.dsv'
[4.970s] INFO:colcon.colcon_core.shell:Creating environment hook '/home/osboxes/ros2_ws/install/hwpub/share/hwpub/hook/cmake_prefix_path.sh'
[4.972s] Level 1:colcon.colcon_core.environment:checking '/home/osboxes/ros2_ws/install/hwpub/lib'
[4.972s] Level 1:colcon.colcon_core.shell:create_environment_hook('hwpub', 'ld_library_path_lib')
[4.972s] INFO:colcon.colcon_core.shell:Creating environment hook '/home/osboxes/ros2_ws/install/hwpub/share/hwpub/hook/ld_library_path_lib.ps1'
[4.974s] INFO:colcon.colcon_core.shell:Creating environment descriptor '/home/osboxes/ros2_ws/install/hwpub/share/hwpub/hook/ld_library_path_lib.dsv'
[4.975s] INFO:colcon.colcon_core.shell:Creating environment hook '/home/osboxes/ros2_ws/install/hwpub/share/hwpub/hook/ld_library_path_lib.sh'
[4.977s] Level 1:colcon.colcon_core.environment:checking '/home/osboxes/ros2_ws/install/hwpub/bin'
[4.977s] Level 1:colcon.colcon_core.environment:checking '/home/osboxes/ros2_ws/install/hwpub/lib/pkgconfig/hwpub.pc'
[4.978s] Level 1:colcon.colcon_core.environment:checking '/home/osboxes/ros2_ws/install/hwpub/lib/python3.10/site-packages'
[4.979s] Level 1:colcon.colcon_core.environment:checking '/home/osboxes/ros2_ws/install/hwpub/bin'
[4.980s] INFO:colcon.colcon_core.shell:Creating package script '/home/osboxes/ros2_ws/install/hwpub/share/hwpub/package.ps1'
[4.982s] INFO:colcon.colcon_core.shell:Creating package descriptor '/home/osboxes/ros2_ws/install/hwpub/share/hwpub/package.dsv'
[4.983s] INFO:colcon.colcon_core.shell:Creating package script '/home/osboxes/ros2_ws/install/hwpub/share/hwpub/package.sh'
[4.985s] INFO:colcon.colcon_core.shell:Creating package script '/home/osboxes/ros2_ws/install/hwpub/share/hwpub/package.bash'
[4.987s] INFO:colcon.colcon_core.shell:Creating package script '/home/osboxes/ros2_ws/install/hwpub/share/hwpub/package.zsh'
[4.988s] Level 1:colcon.colcon_core.environment:create_file_with_runtime_dependencies(/home/osboxes/ros2_ws/install/hwpub/share/colcon-core/packages/hwpub)
[4.990s] Level 1:colcon.colcon_core.environment:create_environment_scripts_only(hwpub)
[4.991s] Level 1:colcon.colcon_core.environment:checking '/home/osboxes/ros2_ws/install/hwpub' for CMake module files
[4.995s] Level 1:colcon.colcon_core.environment:checking '/home/osboxes/ros2_ws/install/hwpub' for CMake config files
[4.997s] Level 1:colcon.colcon_core.shell:create_environment_hook('hwpub', 'cmake_prefix_path')
[4.998s] INFO:colcon.colcon_core.shell:Creating environment hook '/home/osboxes/ros2_ws/install/hwpub/share/hwpub/hook/cmake_prefix_path.ps1'
[5.000s] INFO:colcon.colcon_core.shell:Creating environment descriptor '/home/osboxes/ros2_ws/install/hwpub/share/hwpub/hook/cmake_prefix_path.dsv'
[5.001s] INFO:colcon.colcon_core.shell:Creating environment hook '/home/osboxes/ros2_ws/install/hwpub/share/hwpub/hook/cmake_prefix_path.sh'
[5.003s] Level 1:colcon.colcon_core.environment:checking '/home/osboxes/ros2_ws/install/hwpub/lib'
[5.004s] Level 1:colcon.colcon_core.shell:create_environment_hook('hwpub', 'ld_library_path_lib')
[5.004s] INFO:colcon.colcon_core.shell:Creating environment hook '/home/osboxes/ros2_ws/install/hwpub/share/hwpub/hook/ld_library_path_lib.ps1'
[5.006s] INFO:colcon.colcon_core.shell:Creating environment descriptor '/home/osboxes/ros2_ws/install/hwpub/share/hwpub/hook/ld_library_path_lib.dsv'
[5.007s] INFO:colcon.colcon_core.shell:Creating environment hook '/home/osboxes/ros2_ws/install/hwpub/share/hwpub/hook/ld_library_path_lib.sh'
[5.008s] Level 1:colcon.colcon_core.environment:checking '/home/osboxes/ros2_ws/install/hwpub/bin'
[5.009s] Level 1:colcon.colcon_core.environment:checking '/home/osboxes/ros2_ws/install/hwpub/lib/pkgconfig/hwpub.pc'
[5.009s] Level 1:colcon.colcon_core.environment:checking '/home/osboxes/ros2_ws/install/hwpub/lib/python3.10/site-packages'
[5.009s] Level 1:colcon.colcon_core.environment:checking '/home/osboxes/ros2_ws/install/hwpub/bin'
[5.010s] INFO:colcon.colcon_core.shell:Creating package script '/home/osboxes/ros2_ws/install/hwpub/share/hwpub/package.ps1'
[5.012s] INFO:colcon.colcon_core.shell:Creating package descriptor '/home/osboxes/ros2_ws/install/hwpub/share/hwpub/package.dsv'
[5.013s] INFO:colcon.colcon_core.shell:Creating package script '/home/osboxes/ros2_ws/install/hwpub/share/hwpub/package.sh'
[5.015s] INFO:colcon.colcon_core.shell:Creating package script '/home/osboxes/ros2_ws/install/hwpub/share/hwpub/package.bash'
[5.016s] INFO:colcon.colcon_core.shell:Creating package script '/home/osboxes/ros2_ws/install/hwpub/share/hwpub/package.zsh'
[5.017s] Level 1:colcon.colcon_core.environment:create_file_with_runtime_dependencies(/home/osboxes/ros2_ws/install/hwpub/share/colcon-core/packages/hwpub)
[5.693s] Level 1:colcon.colcon_core.environment:checking '/home/osboxes/ros2_ws/install/dis_tutorial2' for CMake module files
[5.694s] DEBUG:colcon.colcon_core.event_handler.log_command:Invoked command in '/home/osboxes/ros2_ws/src/dis_tutorial2' returned '0': PYTHONPATH=/home/osboxes/ros2_ws/build/dis_tutorial2/prefix_override:/usr/lib/python3/dist-packages/colcon_core/task/python/colcon_distutils_commands:/home/osboxes/ros2_ws/install/dis_tutorial2/lib/python3.10/site-packages:${PYTHONPATH} /usr/bin/python3 -W ignore:setup.py install is deprecated -W ignore:easy_install command is deprecated setup.py egg_info --egg-base ../../build/dis_tutorial2 build --build-base /home/osboxes/ros2_ws/build/dis_tutorial2/build install --record /home/osboxes/ros2_ws/build/dis_tutorial2/install.log --single-version-externally-managed install_data
[5.696s] Level 1:colcon.colcon_core.environment:checking '/home/osboxes/ros2_ws/install/dis_tutorial2' for CMake config files
[5.698s] Level 1:colcon.colcon_core.environment:checking '/home/osboxes/ros2_ws/install/dis_tutorial2/lib'
[5.699s] Level 1:colcon.colcon_core.environment:checking '/home/osboxes/ros2_ws/install/dis_tutorial2/bin'
[5.699s] Level 1:colcon.colcon_core.environment:checking '/home/osboxes/ros2_ws/install/dis_tutorial2/lib/pkgconfig/dis_tutorial2.pc'
[5.699s] Level 1:colcon.colcon_core.environment:checking '/home/osboxes/ros2_ws/install/dis_tutorial2/lib/python3.10/site-packages'
[5.699s] Level 1:colcon.colcon_core.shell:create_environment_hook('dis_tutorial2', 'pythonpath')
[5.700s] INFO:colcon.colcon_core.shell:Creating environment hook '/home/osboxes/ros2_ws/install/dis_tutorial2/share/dis_tutorial2/hook/pythonpath.ps1'
[5.701s] INFO:colcon.colcon_core.shell:Creating environment descriptor '/home/osboxes/ros2_ws/install/dis_tutorial2/share/dis_tutorial2/hook/pythonpath.dsv'
[5.702s] INFO:colcon.colcon_core.shell:Creating environment hook '/home/osboxes/ros2_ws/install/dis_tutorial2/share/dis_tutorial2/hook/pythonpath.sh'
[5.703s] Level 1:colcon.colcon_core.environment:checking '/home/osboxes/ros2_ws/install/dis_tutorial2/bin'
[5.704s] Level 1:colcon.colcon_core.environment:create_environment_scripts_only(dis_tutorial2)
[5.704s] INFO:colcon.colcon_core.shell:Creating package script '/home/osboxes/ros2_ws/install/dis_tutorial2/share/dis_tutorial2/package.ps1'
[5.706s] INFO:colcon.colcon_core.shell:Creating package descriptor '/home/osboxes/ros2_ws/install/dis_tutorial2/share/dis_tutorial2/package.dsv'
[5.707s] INFO:colcon.colcon_core.shell:Creating package script '/home/osboxes/ros2_ws/install/dis_tutorial2/share/dis_tutorial2/package.sh'
[5.708s] INFO:colcon.colcon_core.shell:Creating package script '/home/osboxes/ros2_ws/install/dis_tutorial2/share/dis_tutorial2/package.bash'
[5.708s] INFO:colcon.colcon_core.shell:Creating package script '/home/osboxes/ros2_ws/install/dis_tutorial2/share/dis_tutorial2/package.zsh'
[5.709s] Level 1:colcon.colcon_core.environment:create_file_with_runtime_dependencies(/home/osboxes/ros2_ws/install/dis_tutorial2/share/colcon-core/packages/dis_tutorial2)
[5.710s] DEBUG:colcon.colcon_parallel_executor.executor.parallel:closing loop
[5.711s] DEBUG:colcon.colcon_parallel_executor.executor.parallel:loop closed
[5.711s] DEBUG:colcon.colcon_parallel_executor.executor.parallel:run_until_complete finished with '0'
[5.711s] DEBUG:colcon.colcon_core.event_reactor:joining thread
[5.727s] INFO:colcon.colcon_core.plugin_system:Skipping extension 'colcon_notification.desktop_notification.terminal_notifier': Not used on non-Darwin systems
[5.727s] INFO:colcon.colcon_core.plugin_system:Skipping extension 'colcon_notification.desktop_notification.win32': Not used on non-Windows systems
[5.727s] INFO:colcon.colcon_notification.desktop_notification:Sending desktop notification using 'notify2'
[5.872s] DEBUG:colcon.colcon_core.event_reactor:joined thread
[5.873s] INFO:colcon.colcon_core.shell:Creating prefix script '/home/osboxes/ros2_ws/install/local_setup.ps1'
[5.876s] INFO:colcon.colcon_core.shell:Creating prefix util module '/home/osboxes/ros2_ws/install/_local_setup_util_ps1.py'
[5.881s] INFO:colcon.colcon_core.shell:Creating prefix chain script '/home/osboxes/ros2_ws/install/setup.ps1'
[5.886s] INFO:colcon.colcon_core.shell:Creating prefix script '/home/osboxes/ros2_ws/install/local_setup.sh'
[5.889s] INFO:colcon.colcon_core.shell:Creating prefix util module '/home/osboxes/ros2_ws/install/_local_setup_util_sh.py'
[5.891s] INFO:colcon.colcon_core.shell:Creating prefix chain script '/home/osboxes/ros2_ws/install/setup.sh'
[5.895s] INFO:colcon.colcon_core.shell:Creating prefix script '/home/osboxes/ros2_ws/install/local_setup.bash'
[5.897s] INFO:colcon.colcon_core.shell:Creating prefix chain script '/home/osboxes/ros2_ws/install/setup.bash'
[5.899s] INFO:colcon.colcon_core.shell:Creating prefix script '/home/osboxes/ros2_ws/install/local_setup.zsh'
[5.900s] INFO:colcon.colcon_core.shell:Creating prefix chain script '/home/osboxes/ros2_ws/install/setup.zsh'
