[1.171s] Invoking command in '/home/osboxes/ros2_ws/build/dis_tutorial2': PYTHONPATH=/home/osboxes/ros2_ws/build/dis_tutorial2/prefix_override:/usr/lib/python3/dist-packages/colcon_core/task/python/colcon_distutils_commands:/home/osboxes/ros2_ws/install/dis_tutorial2/lib/python3.10/site-packages:${PYTHONPATH} /usr/bin/python3 -W ignore:setup.py install is deprecated -W ignore:easy_install command is deprecated setup.py develop --editable --build-directory /home/osboxes/ros2_ws/build/dis_tutorial2/build --no-deps symlink_data
[1.787s] running develop
[2.078s] running egg_info
[2.078s] writing dis_tutorial2.egg-info/PKG-INFO
[2.081s] writing dependency_links to dis_tutorial2.egg-info/dependency_links.txt
[2.081s] writing entry points to dis_tutorial2.egg-info/entry_points.txt
[2.082s] writing requirements to dis_tutorial2.egg-info/requires.txt
[2.082s] writing top-level names to dis_tutorial2.egg-info/top_level.txt
[2.087s] reading manifest file 'dis_tutorial2.egg-info/SOURCES.txt'
[2.088s] writing manifest file 'dis_tutorial2.egg-info/SOURCES.txt'
[2.090s] running build_ext
[2.090s] Creating /home/osboxes/ros2_ws/install/dis_tutorial2/lib/python3.10/site-packages/dis-tutorial2.egg-link (link to .)
[2.091s] Installing achtung_die_turtle script to /home/osboxes/ros2_ws/install/dis_tutorial2/lib/dis_tutorial2
[2.091s] Installing go_to_position script to /home/osboxes/ros2_ws/install/dis_tutorial2/lib/dis_tutorial2
[2.091s] Installing intersection script to /home/osboxes/ros2_ws/install/dis_tutorial2/lib/dis_tutorial2
[2.091s] Installing random_velocity_publisher script to /home/osboxes/ros2_ws/install/dis_tutorial2/lib/dis_tutorial2
[2.092s] Installing turtle_move script to /home/osboxes/ros2_ws/install/dis_tutorial2/lib/dis_tutorial2
[2.092s] 
[2.092s] Installed /home/osboxes/ros2_ws/build/dis_tutorial2
[2.092s] running symlink_data
[2.145s] Invoked command in '/home/osboxes/ros2_ws/build/dis_tutorial2' returned '0': PYTHONPATH=/home/osboxes/ros2_ws/build/dis_tutorial2/prefix_override:/usr/lib/python3/dist-packages/colcon_core/task/python/colcon_distutils_commands:/home/osboxes/ros2_ws/install/dis_tutorial2/lib/python3.10/site-packages:${PYTHONPATH} /usr/bin/python3 -W ignore:setup.py install is deprecated -W ignore:easy_install command is deprecated setup.py develop --editable --build-directory /home/osboxes/ros2_ws/build/dis_tutorial2/build --no-deps symlink_data
