-- The C compiler identification is GNU 11.4.0
-- The CXX compiler identification is GNU 11.4.0
-- Detecting C compiler ABI info
-- Detecting C compiler ABI info - done
-- Check for working C compiler: /usr/bin/cc - skipped
-- Detecting C compile features
-- Detecting C compile features - done
-- Detecting CXX compiler ABI info
-- Detecting CXX compiler ABI info - done
-- Check for working CXX compiler: /usr/bin/c++ - skipped
-- Detecting CXX compile features
-- Detecting CXX compile features - done
-- Found ament_cmake: 1.3.11 (/opt/ros/humble/share/ament_cmake/cmake)
-- Found Python3: /usr/bin/python3 (found version "3.10.12") found components: Interpreter 
-- Override CMake install command with custom implementation using symlinks instead of copying resources
-- Found rclcpp: 16.0.11 (/opt/ros/humble/share/rclcpp/cmake)
-- Found rosidl_generator_c: 3.1.6 (/opt/ros/humble/share/rosidl_generator_c/cmake)
-- Found rosidl_adapter: 3.1.6 (/opt/ros/humble/share/rosidl_adapter/cmake)
-- Found rosidl_generator_cpp: 3.1.6 (/opt/ros/humble/share/rosidl_generator_cpp/cmake)
-- Using all available rosidl_typesupport_c: rosidl_typesupport_fastrtps_c;rosidl_typesupport_introspection_c
-- Using all available rosidl_typesupport_cpp: rosidl_typesupport_fastrtps_cpp;rosidl_typesupport_introspection_cpp
-- Found rmw_implementation_cmake: 6.1.2 (/opt/ros/humble/share/rmw_implementation_cmake/cmake)
-- Found rmw_fastrtps_cpp: 6.2.7 (/opt/ros/humble/share/rmw_fastrtps_cpp/cmake)
-- Found OpenSSL: /usr/lib/x86_64-linux-gnu/libcrypto.so (found version "3.0.2")  
-- Found FastRTPS: /opt/ros/humble/include  
-- Using RMW implementation 'rmw_fastrtps_cpp' as default
-- Looking for pthread.h
-- Looking for pthread.h - found
-- Performing Test CMAKE_HAVE_LIBC_PTHREAD
-- Performing Test CMAKE_HAVE_LIBC_PTHREAD - Success
-- Found Threads: TRUE  
-- Found rclpy: 3.3.15 (/opt/ros/humble/share/rclpy/cmake)
-- Found std_srvs: 4.2.4 (/opt/ros/humble/share/std_srvs/cmake)
-- Found rosidl_default_generators: 1.2.0 (/opt/ros/humble/share/rosidl_default_generators/cmake)
-- Found ament_cmake_ros: 0.10.0 (/opt/ros/humble/share/ament_cmake_ros/cmake)
-- Using all available rosidl_typesupport_c: rosidl_typesupport_fastrtps_c;rosidl_typesupport_introspection_c
-- Using all available rosidl_typesupport_cpp: rosidl_typesupport_fastrtps_cpp;rosidl_typesupport_introspection_cpp
-- Found PythonInterp: /usr/bin/python3 (found suitable version "3.10.12", minimum required is "3.6") 
-- Found python_cmake_module: 0.10.0 (/opt/ros/humble/share/python_cmake_module/cmake)
-- Found PythonLibs: /usr/lib/x86_64-linux-gnu/libpython3.10.so (found suitable version "3.10.12", minimum required is "3.5") 
-- Using PYTHON_EXECUTABLE: /usr/bin/python3
-- Using PYTHON_INCLUDE_DIRS: /usr/include/python3.10
-- Using PYTHON_LIBRARIES: /usr/lib/x86_64-linux-gnu/libpython3.10.so
-- Found PythonExtra: .so  
-- Configuring done
-- Generating done
-- Build files have been written to: /home/osboxes/ros2_ws/build/hwpub
[  2%] [34m[1mGenerating C code for ROS interfaces[0m
[  5%] [34m[1mGenerating C++ code for ROS interfaces[0m
[  5%] Built target ament_cmake_python_symlink_hwpub
running egg_info
creating hwpub.egg-info
writing hwpub.egg-info/PKG-INFO
writing dependency_links to hwpub.egg-info/dependency_links.txt
writing top-level names to hwpub.egg-info/top_level.txt
writing manifest file 'hwpub.egg-info/SOURCES.txt'
reading manifest file 'hwpub.egg-info/SOURCES.txt'
writing manifest file 'hwpub.egg-info/SOURCES.txt'
[  5%] Built target ament_cmake_python_build_hwpub_egg
[  5%] Built target hwpub__cpp
[  7%] [32mBuilding C object CMakeFiles/hwpub__rosidl_generator_c.dir/rosidl_generator_c/hwpub/srv/detail/customserv__functions.c.o[0m
[ 10%] [32mBuilding C object CMakeFiles/hwpub__rosidl_generator_c.dir/rosidl_generator_c/hwpub/msg/detail/hwmsg__functions.c.o[0m
[ 12%] [34m[1mGenerating C++ type support for eProsima Fast-RTPS[0m
[ 15%] [34m[1mGenerating C++ type support dispatch for ROS interfaces[0m
[ 17%] [32m[1mLinking C shared library libhwpub__rosidl_generator_c.so[0m
[ 20%] [34m[1mGenerating C++ introspection for ROS interfaces[0m
[ 20%] Built target hwpub__rosidl_generator_c
[ 23%] [34m[1mGenerating C type support for eProsima Fast-RTPS[0m
[ 25%] [32mBuilding CXX object CMakeFiles/hwpub__rosidl_typesupport_cpp.dir/rosidl_typesupport_cpp/hwpub/msg/hwmsg__type_support.cpp.o[0m
[ 28%] [32mBuilding CXX object CMakeFiles/hwpub__rosidl_typesupport_fastrtps_cpp.dir/rosidl_typesupport_fastrtps_cpp/hwpub/msg/detail/dds_fastrtps/hwmsg__type_support.cpp.o[0m
[ 30%] [32mBuilding CXX object CMakeFiles/hwpub__rosidl_typesupport_introspection_cpp.dir/rosidl_typesupport_introspection_cpp/hwpub/msg/detail/hwmsg__type_support.cpp.o[0m
[ 33%] [32mBuilding CXX object CMakeFiles/hwpub__rosidl_typesupport_fastrtps_c.dir/rosidl_typesupport_fastrtps_c/hwpub/msg/detail/hwmsg__type_support_c.cpp.o[0m
[ 35%] [32mBuilding CXX object CMakeFiles/hwpub__rosidl_typesupport_cpp.dir/rosidl_typesupport_cpp/hwpub/srv/customserv__type_support.cpp.o[0m
[ 38%] [32mBuilding CXX object CMakeFiles/hwpub__rosidl_typesupport_fastrtps_cpp.dir/rosidl_typesupport_fastrtps_cpp/hwpub/srv/detail/dds_fastrtps/customserv__type_support.cpp.o[0m
[ 41%] [32mBuilding CXX object CMakeFiles/hwpub__rosidl_typesupport_fastrtps_c.dir/rosidl_typesupport_fastrtps_c/hwpub/srv/detail/customserv__type_support_c.cpp.o[0m
[ 43%] [32mBuilding CXX object CMakeFiles/hwpub__rosidl_typesupport_introspection_cpp.dir/rosidl_typesupport_introspection_cpp/hwpub/srv/detail/customserv__type_support.cpp.o[0m
[ 46%] [32m[1mLinking CXX shared library libhwpub__rosidl_typesupport_cpp.so[0m
[ 46%] Built target hwpub__rosidl_typesupport_cpp
[ 48%] [34m[1mGenerating C introspection for ROS interfaces[0m
[ 51%] [32m[1mLinking CXX shared library libhwpub__rosidl_typesupport_introspection_cpp.so[0m
[ 53%] [32m[1mLinking CXX shared library libhwpub__rosidl_typesupport_fastrtps_cpp.so[0m
[ 56%] [32mBuilding C object CMakeFiles/hwpub__rosidl_typesupport_introspection_c.dir/rosidl_typesupport_introspection_c/hwpub/msg/detail/hwmsg__type_support.c.o[0m
[ 58%] [32m[1mLinking CXX shared library libhwpub__rosidl_typesupport_fastrtps_c.so[0m
[ 61%] [32mBuilding C object CMakeFiles/hwpub__rosidl_typesupport_introspection_c.dir/rosidl_typesupport_introspection_c/hwpub/srv/detail/customserv__type_support.c.o[0m
[ 61%] Built target hwpub__rosidl_typesupport_introspection_cpp
[ 64%] [34m[1mGenerating C type support dispatch for ROS interfaces[0m
[ 64%] Built target hwpub__rosidl_typesupport_fastrtps_c
[ 66%] [32m[1mLinking C shared library libhwpub__rosidl_typesupport_introspection_c.so[0m
[ 66%] Built target hwpub__rosidl_typesupport_fastrtps_cpp
[ 66%] Built target hwpub__rosidl_typesupport_introspection_c
[ 69%] [32mBuilding CXX object CMakeFiles/hwpub__rosidl_typesupport_c.dir/rosidl_typesupport_c/hwpub/msg/hwmsg__type_support.cpp.o[0m
[ 71%] [32mBuilding CXX object CMakeFiles/hwpub__rosidl_typesupport_c.dir/rosidl_typesupport_c/hwpub/srv/customserv__type_support.cpp.o[0m
[ 74%] [32m[1mLinking CXX shared library libhwpub__rosidl_typesupport_c.so[0m
[ 74%] Built target hwpub__rosidl_typesupport_c
[ 74%] Built target hwpub
[ 76%] [34m[1mGenerating Python code for ROS interfaces[0m
[ 76%] Built target hwpub__py
[ 82%] [32mBuilding C object CMakeFiles/hwpub__rosidl_generator_py.dir/rosidl_generator_py/hwpub/srv/_customserv_s.c.o[0m
[ 82%] [32mBuilding C object CMakeFiles/hwpub__rosidl_generator_py.dir/rosidl_generator_py/hwpub/msg/_hwmsg_s.c.o[0m
[ 84%] [32m[1mLinking C shared library rosidl_generator_py/hwpub/libhwpub__rosidl_generator_py.so[0m
[ 84%] Built target hwpub__rosidl_generator_py
[ 87%] [32mBuilding C object CMakeFiles/hwpub__rosidl_typesupport_c__pyext.dir/rosidl_generator_py/hwpub/_hwpub_s.ep.rosidl_typesupport_c.c.o[0m
[ 89%] [32mBuilding C object CMakeFiles/hwpub__rosidl_typesupport_introspection_c__pyext.dir/rosidl_generator_py/hwpub/_hwpub_s.ep.rosidl_typesupport_introspection_c.c.o[0m
[ 92%] [32mBuilding C object CMakeFiles/hwpub__rosidl_typesupport_fastrtps_c__pyext.dir/rosidl_generator_py/hwpub/_hwpub_s.ep.rosidl_typesupport_fastrtps_c.c.o[0m
[ 94%] [32m[1mLinking C shared library rosidl_generator_py/hwpub/hwpub_s__rosidl_typesupport_introspection_c.cpython-310-x86_64-linux-gnu.so[0m
[ 97%] [32m[1mLinking C shared library rosidl_generator_py/hwpub/hwpub_s__rosidl_typesupport_fastrtps_c.cpython-310-x86_64-linux-gnu.so[0m
[100%] [32m[1mLinking C shared library rosidl_generator_py/hwpub/hwpub_s__rosidl_typesupport_c.cpython-310-x86_64-linux-gnu.so[0m
[100%] Built target hwpub__rosidl_typesupport_fastrtps_c__pyext
[100%] Built target hwpub__rosidl_typesupport_introspection_c__pyext
[100%] Built target hwpub__rosidl_typesupport_c__pyext
-- Install configuration: ""
-- Execute custom install script
-- Symlinking: /home/osboxes/ros2_ws/install/hwpub/share/ament_index/resource_index/rosidl_interfaces/hwpub
-- Symlinking: /home/osboxes/ros2_ws/install/hwpub/include/hwpub/hwpub/msg/detail/hwmsg__functions.h
-- Symlinking: /home/osboxes/ros2_ws/install/hwpub/include/hwpub/hwpub/msg/detail/hwmsg__struct.h
-- Symlinking: /home/osboxes/ros2_ws/install/hwpub/include/hwpub/hwpub/msg/detail/hwmsg__type_support.h
-- Symlinking: /home/osboxes/ros2_ws/install/hwpub/include/hwpub/hwpub/msg/hwmsg.h
-- Symlinking: /home/osboxes/ros2_ws/install/hwpub/include/hwpub/hwpub/msg/rosidl_generator_c__visibility_control.h
-- Symlinking: /home/osboxes/ros2_ws/install/hwpub/include/hwpub/hwpub/srv/customserv.h
-- Symlinking: /home/osboxes/ros2_ws/install/hwpub/include/hwpub/hwpub/srv/detail/customserv__functions.h
-- Symlinking: /home/osboxes/ros2_ws/install/hwpub/include/hwpub/hwpub/srv/detail/customserv__struct.h
-- Symlinking: /home/osboxes/ros2_ws/install/hwpub/include/hwpub/hwpub/srv/detail/customserv__type_support.h
-- Symlinking: /home/osboxes/ros2_ws/install/hwpub/share/hwpub/environment/library_path.sh
-- Symlinking: /home/osboxes/ros2_ws/install/hwpub/share/hwpub/environment/library_path.dsv
-- Symlinking: /home/osboxes/ros2_ws/install/hwpub/include/hwpub/hwpub/msg/detail/hwmsg__rosidl_typesupport_fastrtps_c.h
-- Symlinking: /home/osboxes/ros2_ws/install/hwpub/include/hwpub/hwpub/msg/rosidl_typesupport_fastrtps_c__visibility_control.h
-- Symlinking: /home/osboxes/ros2_ws/install/hwpub/include/hwpub/hwpub/srv/detail/customserv__rosidl_typesupport_fastrtps_c.h
-- Symlinking: /home/osboxes/ros2_ws/install/hwpub/include/hwpub/hwpub/msg/detail/hwmsg__builder.hpp
-- Symlinking: /home/osboxes/ros2_ws/install/hwpub/include/hwpub/hwpub/msg/detail/hwmsg__struct.hpp
-- Symlinking: /home/osboxes/ros2_ws/install/hwpub/include/hwpub/hwpub/msg/detail/hwmsg__traits.hpp
-- Symlinking: /home/osboxes/ros2_ws/install/hwpub/include/hwpub/hwpub/msg/detail/hwmsg__type_support.hpp
-- Symlinking: /home/osboxes/ros2_ws/install/hwpub/include/hwpub/hwpub/msg/hwmsg.hpp
-- Symlinking: /home/osboxes/ros2_ws/install/hwpub/include/hwpub/hwpub/msg/rosidl_generator_cpp__visibility_control.hpp
-- Symlinking: /home/osboxes/ros2_ws/install/hwpub/include/hwpub/hwpub/srv/customserv.hpp
-- Symlinking: /home/osboxes/ros2_ws/install/hwpub/include/hwpub/hwpub/srv/detail/customserv__builder.hpp
-- Symlinking: /home/osboxes/ros2_ws/install/hwpub/include/hwpub/hwpub/srv/detail/customserv__struct.hpp
-- Symlinking: /home/osboxes/ros2_ws/install/hwpub/include/hwpub/hwpub/srv/detail/customserv__traits.hpp
-- Symlinking: /home/osboxes/ros2_ws/install/hwpub/include/hwpub/hwpub/srv/detail/customserv__type_support.hpp
-- Symlinking: /home/osboxes/ros2_ws/install/hwpub/include/hwpub/hwpub/msg/detail/hwmsg__rosidl_typesupport_fastrtps_cpp.hpp
-- Symlinking: /home/osboxes/ros2_ws/install/hwpub/include/hwpub/hwpub/msg/rosidl_typesupport_fastrtps_cpp__visibility_control.h
-- Symlinking: /home/osboxes/ros2_ws/install/hwpub/include/hwpub/hwpub/srv/detail/customserv__rosidl_typesupport_fastrtps_cpp.hpp
-- Symlinking: /home/osboxes/ros2_ws/install/hwpub/include/hwpub/hwpub/msg/detail/hwmsg__rosidl_typesupport_introspection_c.h
-- Symlinking: /home/osboxes/ros2_ws/install/hwpub/include/hwpub/hwpub/msg/rosidl_typesupport_introspection_c__visibility_control.h
-- Symlinking: /home/osboxes/ros2_ws/install/hwpub/include/hwpub/hwpub/srv/detail/customserv__rosidl_typesupport_introspection_c.h
-- Symlinking: /home/osboxes/ros2_ws/install/hwpub/include/hwpub/hwpub/msg/detail/hwmsg__rosidl_typesupport_introspection_cpp.hpp
-- Symlinking: /home/osboxes/ros2_ws/install/hwpub/include/hwpub/hwpub/srv/detail/customserv__rosidl_typesupport_introspection_cpp.hpp
-- Symlinking: /home/osboxes/ros2_ws/install/hwpub/share/hwpub/environment/pythonpath.sh
-- Symlinking: /home/osboxes/ros2_ws/install/hwpub/share/hwpub/environment/pythonpath.dsv
-- Symlinking: /home/osboxes/ros2_ws/install/hwpub/local/lib/python3.10/dist-packages/hwpub-0.0.1-py3.10.egg-info/PKG-INFO
-- Symlinking: /home/osboxes/ros2_ws/install/hwpub/local/lib/python3.10/dist-packages/hwpub-0.0.1-py3.10.egg-info/SOURCES.txt
-- Symlinking: /home/osboxes/ros2_ws/install/hwpub/local/lib/python3.10/dist-packages/hwpub-0.0.1-py3.10.egg-info/dependency_links.txt
-- Symlinking: /home/osboxes/ros2_ws/install/hwpub/local/lib/python3.10/dist-packages/hwpub-0.0.1-py3.10.egg-info/top_level.txt
-- Symlinking: /home/osboxes/ros2_ws/install/hwpub/local/lib/python3.10/dist-packages/hwpub/__init__.py
-- Symlinking: /home/osboxes/ros2_ws/install/hwpub/local/lib/python3.10/dist-packages/hwpub/_hwpub_s.ep.rosidl_typesupport_c.c
-- Symlinking: /home/osboxes/ros2_ws/install/hwpub/local/lib/python3.10/dist-packages/hwpub/_hwpub_s.ep.rosidl_typesupport_fastrtps_c.c
-- Symlinking: /home/osboxes/ros2_ws/install/hwpub/local/lib/python3.10/dist-packages/hwpub/_hwpub_s.ep.rosidl_typesupport_introspection_c.c
-- Symlinking: /home/osboxes/ros2_ws/install/hwpub/local/lib/python3.10/dist-packages/hwpub/hwpub_s__rosidl_typesupport_c.cpython-310-x86_64-linux-gnu.so
-- Symlinking: /home/osboxes/ros2_ws/install/hwpub/local/lib/python3.10/dist-packages/hwpub/hwpub_s__rosidl_typesupport_fastrtps_c.cpython-310-x86_64-linux-gnu.so
-- Symlinking: /home/osboxes/ros2_ws/install/hwpub/local/lib/python3.10/dist-packages/hwpub/hwpub_s__rosidl_typesupport_introspection_c.cpython-310-x86_64-linux-gnu.so
-- Symlinking: /home/osboxes/ros2_ws/install/hwpub/local/lib/python3.10/dist-packages/hwpub/libhwpub__rosidl_generator_py.so
-- Symlinking: /home/osboxes/ros2_ws/install/hwpub/local/lib/python3.10/dist-packages/hwpub/msg/__init__.py
-- Symlinking: /home/osboxes/ros2_ws/install/hwpub/local/lib/python3.10/dist-packages/hwpub/msg/_hwmsg.py
-- Symlinking: /home/osboxes/ros2_ws/install/hwpub/local/lib/python3.10/dist-packages/hwpub/msg/_hwmsg_s.c
-- Symlinking: /home/osboxes/ros2_ws/install/hwpub/local/lib/python3.10/dist-packages/hwpub/srv/__init__.py
-- Symlinking: /home/osboxes/ros2_ws/install/hwpub/local/lib/python3.10/dist-packages/hwpub/srv/_customserv.py
-- Symlinking: /home/osboxes/ros2_ws/install/hwpub/local/lib/python3.10/dist-packages/hwpub/srv/_customserv_s.c
-- Up-to-date symlink: /home/osboxes/ros2_ws/install/hwpub/local/lib/python3.10/dist-packages/hwpub/hwpub_s__rosidl_typesupport_fastrtps_c.cpython-310-x86_64-linux-gnu.so
-- Up-to-date symlink: /home/osboxes/ros2_ws/install/hwpub/local/lib/python3.10/dist-packages/hwpub/hwpub_s__rosidl_typesupport_introspection_c.cpython-310-x86_64-linux-gnu.so
-- Up-to-date symlink: /home/osboxes/ros2_ws/install/hwpub/local/lib/python3.10/dist-packages/hwpub/hwpub_s__rosidl_typesupport_c.cpython-310-x86_64-linux-gnu.so
-- Symlinking: /home/osboxes/ros2_ws/install/hwpub/share/hwpub/msg/Hwmsg.idl
-- Symlinking: /home/osboxes/ros2_ws/install/hwpub/share/hwpub/srv/Customserv.idl
-- Symlinking: /home/osboxes/ros2_ws/install/hwpub/share/hwpub/msg/Hwmsg.msg
-- Symlinking: /home/osboxes/ros2_ws/install/hwpub/share/hwpub/srv/Customserv.srv
-- Symlinking: /home/osboxes/ros2_ws/install/hwpub/share/hwpub/srv/Customserv_Request.msg
-- Symlinking: /home/osboxes/ros2_ws/install/hwpub/share/hwpub/srv/Customserv_Response.msg
-- Symlinking: /home/osboxes/ros2_ws/install/hwpub/lib/hwpub/py_move_trajectory.py
-- Symlinking: /home/osboxes/ros2_ws/install/hwpub/share/ament_index/resource_index/package_run_dependencies/hwpub
-- Symlinking: /home/osboxes/ros2_ws/install/hwpub/share/ament_index/resource_index/parent_prefix_path/hwpub
-- Symlinking: /home/osboxes/ros2_ws/install/hwpub/share/hwpub/environment/ament_prefix_path.sh
-- Symlinking: /home/osboxes/ros2_ws/install/hwpub/share/hwpub/environment/ament_prefix_path.dsv
-- Symlinking: /home/osboxes/ros2_ws/install/hwpub/share/hwpub/environment/path.sh
-- Symlinking: /home/osboxes/ros2_ws/install/hwpub/share/hwpub/environment/path.dsv
-- Symlinking: /home/osboxes/ros2_ws/install/hwpub/share/hwpub/local_setup.bash
-- Symlinking: /home/osboxes/ros2_ws/install/hwpub/share/hwpub/local_setup.sh
-- Symlinking: /home/osboxes/ros2_ws/install/hwpub/share/hwpub/local_setup.zsh
-- Symlinking: /home/osboxes/ros2_ws/install/hwpub/share/hwpub/local_setup.dsv
-- Symlinking: /home/osboxes/ros2_ws/install/hwpub/share/hwpub/package.dsv
-- Symlinking: /home/osboxes/ros2_ws/install/hwpub/share/ament_index/resource_index/packages/hwpub
-- Symlinking: /home/osboxes/ros2_ws/install/hwpub/share/hwpub/cmake/rosidl_cmake-extras.cmake
-- Symlinking: /home/osboxes/ros2_ws/install/hwpub/share/hwpub/cmake/ament_cmake_export_dependencies-extras.cmake
-- Symlinking: /home/osboxes/ros2_ws/install/hwpub/share/hwpub/cmake/ament_cmake_export_include_directories-extras.cmake
-- Symlinking: /home/osboxes/ros2_ws/install/hwpub/share/hwpub/cmake/ament_cmake_export_libraries-extras.cmake
-- Symlinking: /home/osboxes/ros2_ws/install/hwpub/share/hwpub/cmake/ament_cmake_export_targets-extras.cmake
-- Symlinking: /home/osboxes/ros2_ws/install/hwpub/share/hwpub/cmake/rosidl_cmake_export_typesupport_targets-extras.cmake
-- Symlinking: /home/osboxes/ros2_ws/install/hwpub/share/hwpub/cmake/rosidl_cmake_export_typesupport_libraries-extras.cmake
-- Symlinking: /home/osboxes/ros2_ws/install/hwpub/share/hwpub/cmake/hwpubConfig.cmake
-- Symlinking: /home/osboxes/ros2_ws/install/hwpub/share/hwpub/cmake/hwpubConfig-version.cmake
-- Symlinking: /home/osboxes/ros2_ws/install/hwpub/share/hwpub/package.xml
-- Installing: /home/osboxes/ros2_ws/install/hwpub/lib/libhwpub__rosidl_generator_c.so
-- Set runtime path of "/home/osboxes/ros2_ws/install/hwpub/lib/libhwpub__rosidl_generator_c.so" to ""
-- Installing: /home/osboxes/ros2_ws/install/hwpub/lib/libhwpub__rosidl_typesupport_fastrtps_c.so
-- Set runtime path of "/home/osboxes/ros2_ws/install/hwpub/lib/libhwpub__rosidl_typesupport_fastrtps_c.so" to ""
-- Installing: /home/osboxes/ros2_ws/install/hwpub/lib/libhwpub__rosidl_typesupport_fastrtps_cpp.so
-- Set runtime path of "/home/osboxes/ros2_ws/install/hwpub/lib/libhwpub__rosidl_typesupport_fastrtps_cpp.so" to ""
-- Installing: /home/osboxes/ros2_ws/install/hwpub/lib/libhwpub__rosidl_typesupport_introspection_c.so
-- Set runtime path of "/home/osboxes/ros2_ws/install/hwpub/lib/libhwpub__rosidl_typesupport_introspection_c.so" to ""
-- Installing: /home/osboxes/ros2_ws/install/hwpub/lib/libhwpub__rosidl_typesupport_c.so
-- Set runtime path of "/home/osboxes/ros2_ws/install/hwpub/lib/libhwpub__rosidl_typesupport_c.so" to ""
-- Installing: /home/osboxes/ros2_ws/install/hwpub/lib/libhwpub__rosidl_typesupport_introspection_cpp.so
-- Set runtime path of "/home/osboxes/ros2_ws/install/hwpub/lib/libhwpub__rosidl_typesupport_introspection_cpp.so" to ""
-- Installing: /home/osboxes/ros2_ws/install/hwpub/lib/libhwpub__rosidl_typesupport_cpp.so
-- Set runtime path of "/home/osboxes/ros2_ws/install/hwpub/lib/libhwpub__rosidl_typesupport_cpp.so" to ""
Listing '/home/osboxes/ros2_ws/install/hwpub/local/lib/python3.10/dist-packages/hwpub'...
Compiling '/home/osboxes/ros2_ws/install/hwpub/local/lib/python3.10/dist-packages/hwpub/__init__.py'...
Listing '/home/osboxes/ros2_ws/install/hwpub/local/lib/python3.10/dist-packages/hwpub/msg'...
Compiling '/home/osboxes/ros2_ws/install/hwpub/local/lib/python3.10/dist-packages/hwpub/msg/__init__.py'...
Compiling '/home/osboxes/ros2_ws/install/hwpub/local/lib/python3.10/dist-packages/hwpub/msg/_hwmsg.py'...
Listing '/home/osboxes/ros2_ws/install/hwpub/local/lib/python3.10/dist-packages/hwpub/srv'...
Compiling '/home/osboxes/ros2_ws/install/hwpub/local/lib/python3.10/dist-packages/hwpub/srv/__init__.py'...
Compiling '/home/osboxes/ros2_ws/install/hwpub/local/lib/python3.10/dist-packages/hwpub/srv/_customserv.py'...
-- Installing: /home/osboxes/ros2_ws/install/hwpub/lib/libhwpub__rosidl_generator_py.so
-- Set runtime path of "/home/osboxes/ros2_ws/install/hwpub/lib/libhwpub__rosidl_generator_py.so" to ""
-- Installing: /home/osboxes/ros2_ws/install/hwpub/share/hwpub/cmake/export_hwpub__rosidl_generator_cExport.cmake
-- Installing: /home/osboxes/ros2_ws/install/hwpub/share/hwpub/cmake/export_hwpub__rosidl_generator_cExport-noconfig.cmake
-- Installing: /home/osboxes/ros2_ws/install/hwpub/share/hwpub/cmake/export_hwpub__rosidl_typesupport_fastrtps_cExport.cmake
-- Installing: /home/osboxes/ros2_ws/install/hwpub/share/hwpub/cmake/export_hwpub__rosidl_typesupport_fastrtps_cExport-noconfig.cmake
-- Installing: /home/osboxes/ros2_ws/install/hwpub/share/hwpub/cmake/export_hwpub__rosidl_generator_cppExport.cmake
-- Installing: /home/osboxes/ros2_ws/install/hwpub/share/hwpub/cmake/export_hwpub__rosidl_typesupport_fastrtps_cppExport.cmake
-- Installing: /home/osboxes/ros2_ws/install/hwpub/share/hwpub/cmake/export_hwpub__rosidl_typesupport_fastrtps_cppExport-noconfig.cmake
-- Installing: /home/osboxes/ros2_ws/install/hwpub/share/hwpub/cmake/hwpub__rosidl_typesupport_introspection_cExport.cmake
-- Installing: /home/osboxes/ros2_ws/install/hwpub/share/hwpub/cmake/hwpub__rosidl_typesupport_introspection_cExport-noconfig.cmake
-- Installing: /home/osboxes/ros2_ws/install/hwpub/share/hwpub/cmake/hwpub__rosidl_typesupport_cExport.cmake
-- Installing: /home/osboxes/ros2_ws/install/hwpub/share/hwpub/cmake/hwpub__rosidl_typesupport_cExport-noconfig.cmake
-- Installing: /home/osboxes/ros2_ws/install/hwpub/share/hwpub/cmake/hwpub__rosidl_typesupport_introspection_cppExport.cmake
-- Installing: /home/osboxes/ros2_ws/install/hwpub/share/hwpub/cmake/hwpub__rosidl_typesupport_introspection_cppExport-noconfig.cmake
-- Installing: /home/osboxes/ros2_ws/install/hwpub/share/hwpub/cmake/hwpub__rosidl_typesupport_cppExport.cmake
-- Installing: /home/osboxes/ros2_ws/install/hwpub/share/hwpub/cmake/hwpub__rosidl_typesupport_cppExport-noconfig.cmake
-- Installing: /home/osboxes/ros2_ws/install/hwpub/share/hwpub/cmake/export_hwpub__rosidl_generator_pyExport.cmake
-- Installing: /home/osboxes/ros2_ws/install/hwpub/share/hwpub/cmake/export_hwpub__rosidl_generator_pyExport-noconfig.cmake
