[0.565s] Invoking command in '/home/osboxes/ros2_ws/build/hwpub': CMAKE_PREFIX_PATH=/opt/ros/humble /usr/bin/cmake /home/osboxes/ros2_ws/src/hwpub -DAMENT_CMAKE_SYMLINK_INSTALL=1 -DCMAKE_INSTALL_PREFIX=/home/osboxes/ros2_ws/install/hwpub
[0.965s] -- The C compiler identification is GNU 11.4.0
[1.110s] -- The CXX compiler identification is GNU 11.4.0
[1.122s] -- Detecting C compiler ABI info
[1.278s] -- Detecting C compiler ABI info - done
[1.293s] -- Check for working C compiler: /usr/bin/cc - skipped
[1.295s] -- Detecting C compile features
[1.296s] -- Detecting C compile features - done
[1.311s] -- Detecting CXX compiler ABI info
[1.494s] -- Detecting CXX compiler ABI info - done
[1.500s] -- Check for working CXX compiler: /usr/bin/c++ - skipped
[1.500s] -- Detecting CXX compile features
[1.501s] -- Detecting CXX compile features - done
[1.504s] -- Found ament_cmake: 1.3.11 (/opt/ros/humble/share/ament_cmake/cmake)
[1.892s] -- Found Python3: /usr/bin/python3 (found version "3.10.12") found components: Interpreter 
[2.040s] -- Override CMake install command with custom implementation using symlinks instead of copying resources
[2.104s] -- Found rclcpp: 16.0.11 (/opt/ros/humble/share/rclcpp/cmake)
[2.167s] -- Found rosidl_generator_c: 3.1.6 (/opt/ros/humble/share/rosidl_generator_c/cmake)
[2.176s] -- Found rosidl_adapter: 3.1.6 (/opt/ros/humble/share/rosidl_adapter/cmake)
[2.188s] -- Found rosidl_generator_cpp: 3.1.6 (/opt/ros/humble/share/rosidl_generator_cpp/cmake)
[2.199s] -- Using all available rosidl_typesupport_c: rosidl_typesupport_fastrtps_c;rosidl_typesupport_introspection_c
[2.277s] -- Using all available rosidl_typesupport_cpp: rosidl_typesupport_fastrtps_cpp;rosidl_typesupport_introspection_cpp
[2.366s] -- Found rmw_implementation_cmake: 6.1.2 (/opt/ros/humble/share/rmw_implementation_cmake/cmake)
[2.371s] -- Found rmw_fastrtps_cpp: 6.2.7 (/opt/ros/humble/share/rmw_fastrtps_cpp/cmake)
[2.587s] -- Found OpenSSL: /usr/lib/x86_64-linux-gnu/libcrypto.so (found version "3.0.2")  
[2.620s] -- Found FastRTPS: /opt/ros/humble/include  
[2.680s] -- Using RMW implementation 'rmw_fastrtps_cpp' as default
[2.689s] -- Looking for pthread.h
[2.829s] -- Looking for pthread.h - found
[2.830s] -- Performing Test CMAKE_HAVE_LIBC_PTHREAD
[2.994s] -- Performing Test CMAKE_HAVE_LIBC_PTHREAD - Success
[2.997s] -- Found Threads: TRUE  
[3.073s] -- Found rclpy: 3.3.15 (/opt/ros/humble/share/rclpy/cmake)
[3.077s] -- Found std_srvs: 4.2.4 (/opt/ros/humble/share/std_srvs/cmake)
[3.098s] -- Found rosidl_default_generators: 1.2.0 (/opt/ros/humble/share/rosidl_default_generators/cmake)
[3.571s] -- Found ament_cmake_ros: 0.10.0 (/opt/ros/humble/share/ament_cmake_ros/cmake)
[4.261s] -- Using all available rosidl_typesupport_c: rosidl_typesupport_fastrtps_c;rosidl_typesupport_introspection_c
[4.492s] -- Using all available rosidl_typesupport_cpp: rosidl_typesupport_fastrtps_cpp;rosidl_typesupport_introspection_cpp
[4.533s] -- Found PythonInterp: /usr/bin/python3 (found suitable version "3.10.12", minimum required is "3.6") 
[4.534s] -- Found python_cmake_module: 0.10.0 (/opt/ros/humble/share/python_cmake_module/cmake)
[4.580s] -- Found PythonLibs: /usr/lib/x86_64-linux-gnu/libpython3.10.so (found suitable version "3.10.12", minimum required is "3.5") 
[4.580s] -- Using PYTHON_EXECUTABLE: /usr/bin/python3
[4.581s] -- Using PYTHON_INCLUDE_DIRS: /usr/include/python3.10
[4.581s] -- Using PYTHON_LIBRARIES: /usr/lib/x86_64-linux-gnu/libpython3.10.so
[4.611s] -- Found PythonExtra: .so  
[4.709s] -- Configuring done
[4.800s] -- Generating done
[4.814s] -- Build files have been written to: /home/osboxes/ros2_ws/build/hwpub
[4.825s] Invoked command in '/home/osboxes/ros2_ws/build/hwpub' returned '0': CMAKE_PREFIX_PATH=/opt/ros/humble /usr/bin/cmake /home/osboxes/ros2_ws/src/hwpub -DAMENT_CMAKE_SYMLINK_INSTALL=1 -DCMAKE_INSTALL_PREFIX=/home/osboxes/ros2_ws/install/hwpub
[4.828s] Invoking command in '/home/osboxes/ros2_ws/build/hwpub': CMAKE_PREFIX_PATH=/opt/ros/humble /usr/bin/cmake --build /home/osboxes/ros2_ws/build/hwpub -- -j4 -l4
[4.892s] [  2%] [34m[1mGenerating C code for ROS interfaces[0m
[4.907s] [  5%] [34m[1mGenerating C++ code for ROS interfaces[0m
[4.927s] [  5%] Built target ament_cmake_python_symlink_hwpub
[5.314s] running egg_info
[5.314s] creating hwpub.egg-info
[5.315s] writing hwpub.egg-info/PKG-INFO
[5.315s] writing dependency_links to hwpub.egg-info/dependency_links.txt
[5.315s] writing top-level names to hwpub.egg-info/top_level.txt
[5.316s] writing manifest file 'hwpub.egg-info/SOURCES.txt'
[5.318s] reading manifest file 'hwpub.egg-info/SOURCES.txt'
[5.319s] writing manifest file 'hwpub.egg-info/SOURCES.txt'
[5.379s] [  5%] Built target ament_cmake_python_build_hwpub_egg
[5.457s] [  5%] Built target hwpub__cpp
[5.461s] [  7%] [32mBuilding C object CMakeFiles/hwpub__rosidl_generator_c.dir/rosidl_generator_c/hwpub/srv/detail/customserv__functions.c.o[0m
[5.466s] [ 10%] [32mBuilding C object CMakeFiles/hwpub__rosidl_generator_c.dir/rosidl_generator_c/hwpub/msg/detail/hwmsg__functions.c.o[0m
[5.487s] [ 12%] [34m[1mGenerating C++ type support for eProsima Fast-RTPS[0m
[5.489s] [ 15%] [34m[1mGenerating C++ type support dispatch for ROS interfaces[0m
[5.622s] [ 17%] [32m[1mLinking C shared library libhwpub__rosidl_generator_c.so[0m
[5.668s] [ 20%] [34m[1mGenerating C++ introspection for ROS interfaces[0m
[5.747s] [ 20%] Built target hwpub__rosidl_generator_c
[5.772s] [ 23%] [34m[1mGenerating C type support for eProsima Fast-RTPS[0m
[6.103s] [ 25%] [32mBuilding CXX object CMakeFiles/hwpub__rosidl_typesupport_cpp.dir/rosidl_typesupport_cpp/hwpub/msg/hwmsg__type_support.cpp.o[0m
[6.317s] [ 28%] [32mBuilding CXX object CMakeFiles/hwpub__rosidl_typesupport_fastrtps_cpp.dir/rosidl_typesupport_fastrtps_cpp/hwpub/msg/detail/dds_fastrtps/hwmsg__type_support.cpp.o[0m
[6.428s] [ 30%] [32mBuilding CXX object CMakeFiles/hwpub__rosidl_typesupport_introspection_cpp.dir/rosidl_typesupport_introspection_cpp/hwpub/msg/detail/hwmsg__type_support.cpp.o[0m
[6.505s] [ 33%] [32mBuilding CXX object CMakeFiles/hwpub__rosidl_typesupport_fastrtps_c.dir/rosidl_typesupport_fastrtps_c/hwpub/msg/detail/hwmsg__type_support_c.cpp.o[0m
[6.758s] [ 35%] [32mBuilding CXX object CMakeFiles/hwpub__rosidl_typesupport_cpp.dir/rosidl_typesupport_cpp/hwpub/srv/customserv__type_support.cpp.o[0m
[7.171s] [ 38%] [32mBuilding CXX object CMakeFiles/hwpub__rosidl_typesupport_fastrtps_cpp.dir/rosidl_typesupport_fastrtps_cpp/hwpub/srv/detail/dds_fastrtps/customserv__type_support.cpp.o[0m
[7.237s] [ 41%] [32mBuilding CXX object CMakeFiles/hwpub__rosidl_typesupport_fastrtps_c.dir/rosidl_typesupport_fastrtps_c/hwpub/srv/detail/customserv__type_support_c.cpp.o[0m
[7.248s] [ 43%] [32mBuilding CXX object CMakeFiles/hwpub__rosidl_typesupport_introspection_cpp.dir/rosidl_typesupport_introspection_cpp/hwpub/srv/detail/customserv__type_support.cpp.o[0m
[7.283s] [ 46%] [32m[1mLinking CXX shared library libhwpub__rosidl_typesupport_cpp.so[0m
[7.340s] [ 46%] Built target hwpub__rosidl_typesupport_cpp
[7.362s] [ 48%] [34m[1mGenerating C introspection for ROS interfaces[0m
[8.011s] [ 51%] [32m[1mLinking CXX shared library libhwpub__rosidl_typesupport_introspection_cpp.so[0m
[8.100s] [ 53%] [32m[1mLinking CXX shared library libhwpub__rosidl_typesupport_fastrtps_cpp.so[0m
[8.139s] [ 56%] [32mBuilding C object CMakeFiles/hwpub__rosidl_typesupport_introspection_c.dir/rosidl_typesupport_introspection_c/hwpub/msg/detail/hwmsg__type_support.c.o[0m
[8.150s] [ 58%] [32m[1mLinking CXX shared library libhwpub__rosidl_typesupport_fastrtps_c.so[0m
[8.259s] [ 61%] [32mBuilding C object CMakeFiles/hwpub__rosidl_typesupport_introspection_c.dir/rosidl_typesupport_introspection_c/hwpub/srv/detail/customserv__type_support.c.o[0m
[8.260s] [ 61%] Built target hwpub__rosidl_typesupport_introspection_cpp
[8.350s] [ 64%] [34m[1mGenerating C type support dispatch for ROS interfaces[0m
[8.355s] [ 64%] Built target hwpub__rosidl_typesupport_fastrtps_c
[8.371s] [ 66%] [32m[1mLinking C shared library libhwpub__rosidl_typesupport_introspection_c.so[0m
[8.374s] [ 66%] Built target hwpub__rosidl_typesupport_fastrtps_cpp
[8.418s] [ 66%] Built target hwpub__rosidl_typesupport_introspection_c
[8.743s] [ 69%] [32mBuilding CXX object CMakeFiles/hwpub__rosidl_typesupport_c.dir/rosidl_typesupport_c/hwpub/msg/hwmsg__type_support.cpp.o[0m
[8.747s] [ 71%] [32mBuilding CXX object CMakeFiles/hwpub__rosidl_typesupport_c.dir/rosidl_typesupport_c/hwpub/srv/customserv__type_support.cpp.o[0m
[8.803s] [ 74%] [32m[1mLinking CXX shared library libhwpub__rosidl_typesupport_c.so[0m
[8.886s] [ 74%] Built target hwpub__rosidl_typesupport_c
[8.924s] [ 74%] Built target hwpub
[8.954s] [ 76%] [34m[1mGenerating Python code for ROS interfaces[0m
[9.636s] [ 76%] Built target hwpub__py
[9.669s] [ 82%] [32mBuilding C object CMakeFiles/hwpub__rosidl_generator_py.dir/rosidl_generator_py/hwpub/srv/_customserv_s.c.o[0m
[9.669s] [ 82%] [32mBuilding C object CMakeFiles/hwpub__rosidl_generator_py.dir/rosidl_generator_py/hwpub/msg/_hwmsg_s.c.o[0m
[9.902s] [ 84%] [32m[1mLinking C shared library rosidl_generator_py/hwpub/libhwpub__rosidl_generator_py.so[0m
[9.976s] [ 84%] Built target hwpub__rosidl_generator_py
[10.013s] [ 87%] [32mBuilding C object CMakeFiles/hwpub__rosidl_typesupport_c__pyext.dir/rosidl_generator_py/hwpub/_hwpub_s.ep.rosidl_typesupport_c.c.o[0m
[10.016s] [ 89%] [32mBuilding C object CMakeFiles/hwpub__rosidl_typesupport_introspection_c__pyext.dir/rosidl_generator_py/hwpub/_hwpub_s.ep.rosidl_typesupport_introspection_c.c.o[0m
[10.016s] [ 92%] [32mBuilding C object CMakeFiles/hwpub__rosidl_typesupport_fastrtps_c__pyext.dir/rosidl_generator_py/hwpub/_hwpub_s.ep.rosidl_typesupport_fastrtps_c.c.o[0m
[10.196s] [ 94%] [32m[1mLinking C shared library rosidl_generator_py/hwpub/hwpub_s__rosidl_typesupport_introspection_c.cpython-310-x86_64-linux-gnu.so[0m
[10.196s] [ 97%] [32m[1mLinking C shared library rosidl_generator_py/hwpub/hwpub_s__rosidl_typesupport_fastrtps_c.cpython-310-x86_64-linux-gnu.so[0m
[10.238s] [100%] [32m[1mLinking C shared library rosidl_generator_py/hwpub/hwpub_s__rosidl_typesupport_c.cpython-310-x86_64-linux-gnu.so[0m
[10.287s] [100%] Built target hwpub__rosidl_typesupport_fastrtps_c__pyext
[10.294s] [100%] Built target hwpub__rosidl_typesupport_introspection_c__pyext
[10.313s] [100%] Built target hwpub__rosidl_typesupport_c__pyext
[10.346s] Invoked command in '/home/osboxes/ros2_ws/build/hwpub' returned '0': CMAKE_PREFIX_PATH=/opt/ros/humble /usr/bin/cmake --build /home/osboxes/ros2_ws/build/hwpub -- -j4 -l4
[10.354s] Invoking command in '/home/osboxes/ros2_ws/build/hwpub': CMAKE_PREFIX_PATH=/opt/ros/humble /usr/bin/cmake --install /home/osboxes/ros2_ws/build/hwpub
[10.371s] -- Install configuration: ""
[10.372s] -- Execute custom install script
[10.373s] -- Symlinking: /home/osboxes/ros2_ws/install/hwpub/share/ament_index/resource_index/rosidl_interfaces/hwpub
[10.399s] -- Symlinking: /home/osboxes/ros2_ws/install/hwpub/include/hwpub/hwpub/msg/detail/hwmsg__functions.h
[10.417s] -- Symlinking: /home/osboxes/ros2_ws/install/hwpub/include/hwpub/hwpub/msg/detail/hwmsg__struct.h
[10.428s] -- Symlinking: /home/osboxes/ros2_ws/install/hwpub/include/hwpub/hwpub/msg/detail/hwmsg__type_support.h
[10.441s] -- Symlinking: /home/osboxes/ros2_ws/install/hwpub/include/hwpub/hwpub/msg/hwmsg.h
[10.453s] -- Symlinking: /home/osboxes/ros2_ws/install/hwpub/include/hwpub/hwpub/msg/rosidl_generator_c__visibility_control.h
[10.465s] -- Symlinking: /home/osboxes/ros2_ws/install/hwpub/include/hwpub/hwpub/srv/customserv.h
[10.476s] -- Symlinking: /home/osboxes/ros2_ws/install/hwpub/include/hwpub/hwpub/srv/detail/customserv__functions.h
[10.491s] -- Symlinking: /home/osboxes/ros2_ws/install/hwpub/include/hwpub/hwpub/srv/detail/customserv__struct.h
[10.517s] -- Symlinking: /home/osboxes/ros2_ws/install/hwpub/include/hwpub/hwpub/srv/detail/customserv__type_support.h
[10.534s] -- Symlinking: /home/osboxes/ros2_ws/install/hwpub/share/hwpub/environment/library_path.sh
[10.545s] -- Symlinking: /home/osboxes/ros2_ws/install/hwpub/share/hwpub/environment/library_path.dsv
[10.566s] -- Symlinking: /home/osboxes/ros2_ws/install/hwpub/include/hwpub/hwpub/msg/detail/hwmsg__rosidl_typesupport_fastrtps_c.h
[10.596s] -- Symlinking: /home/osboxes/ros2_ws/install/hwpub/include/hwpub/hwpub/msg/rosidl_typesupport_fastrtps_c__visibility_control.h
[10.621s] -- Symlinking: /home/osboxes/ros2_ws/install/hwpub/include/hwpub/hwpub/srv/detail/customserv__rosidl_typesupport_fastrtps_c.h
[10.641s] -- Symlinking: /home/osboxes/ros2_ws/install/hwpub/include/hwpub/hwpub/msg/detail/hwmsg__builder.hpp
[10.663s] -- Symlinking: /home/osboxes/ros2_ws/install/hwpub/include/hwpub/hwpub/msg/detail/hwmsg__struct.hpp
[10.688s] -- Symlinking: /home/osboxes/ros2_ws/install/hwpub/include/hwpub/hwpub/msg/detail/hwmsg__traits.hpp
[10.711s] -- Symlinking: /home/osboxes/ros2_ws/install/hwpub/include/hwpub/hwpub/msg/detail/hwmsg__type_support.hpp
[10.730s] -- Symlinking: /home/osboxes/ros2_ws/install/hwpub/include/hwpub/hwpub/msg/hwmsg.hpp
[10.746s] -- Symlinking: /home/osboxes/ros2_ws/install/hwpub/include/hwpub/hwpub/msg/rosidl_generator_cpp__visibility_control.hpp
[10.761s] -- Symlinking: /home/osboxes/ros2_ws/install/hwpub/include/hwpub/hwpub/srv/customserv.hpp
[10.781s] -- Symlinking: /home/osboxes/ros2_ws/install/hwpub/include/hwpub/hwpub/srv/detail/customserv__builder.hpp
[10.798s] -- Symlinking: /home/osboxes/ros2_ws/install/hwpub/include/hwpub/hwpub/srv/detail/customserv__struct.hpp
[10.813s] -- Symlinking: /home/osboxes/ros2_ws/install/hwpub/include/hwpub/hwpub/srv/detail/customserv__traits.hpp
[10.829s] -- Symlinking: /home/osboxes/ros2_ws/install/hwpub/include/hwpub/hwpub/srv/detail/customserv__type_support.hpp
[10.841s] -- Symlinking: /home/osboxes/ros2_ws/install/hwpub/include/hwpub/hwpub/msg/detail/hwmsg__rosidl_typesupport_fastrtps_cpp.hpp
[10.852s] -- Symlinking: /home/osboxes/ros2_ws/install/hwpub/include/hwpub/hwpub/msg/rosidl_typesupport_fastrtps_cpp__visibility_control.h
[10.861s] -- Symlinking: /home/osboxes/ros2_ws/install/hwpub/include/hwpub/hwpub/srv/detail/customserv__rosidl_typesupport_fastrtps_cpp.hpp
[10.871s] -- Symlinking: /home/osboxes/ros2_ws/install/hwpub/include/hwpub/hwpub/msg/detail/hwmsg__rosidl_typesupport_introspection_c.h
[10.888s] -- Symlinking: /home/osboxes/ros2_ws/install/hwpub/include/hwpub/hwpub/msg/rosidl_typesupport_introspection_c__visibility_control.h
[10.909s] -- Symlinking: /home/osboxes/ros2_ws/install/hwpub/include/hwpub/hwpub/srv/detail/customserv__rosidl_typesupport_introspection_c.h
[10.927s] -- Symlinking: /home/osboxes/ros2_ws/install/hwpub/include/hwpub/hwpub/msg/detail/hwmsg__rosidl_typesupport_introspection_cpp.hpp
[10.942s] -- Symlinking: /home/osboxes/ros2_ws/install/hwpub/include/hwpub/hwpub/srv/detail/customserv__rosidl_typesupport_introspection_cpp.hpp
[10.954s] -- Symlinking: /home/osboxes/ros2_ws/install/hwpub/share/hwpub/environment/pythonpath.sh
[10.968s] -- Symlinking: /home/osboxes/ros2_ws/install/hwpub/share/hwpub/environment/pythonpath.dsv
[10.985s] -- Symlinking: /home/osboxes/ros2_ws/install/hwpub/local/lib/python3.10/dist-packages/hwpub-0.0.1-py3.10.egg-info/PKG-INFO
[11.004s] -- Symlinking: /home/osboxes/ros2_ws/install/hwpub/local/lib/python3.10/dist-packages/hwpub-0.0.1-py3.10.egg-info/SOURCES.txt
[11.025s] -- Symlinking: /home/osboxes/ros2_ws/install/hwpub/local/lib/python3.10/dist-packages/hwpub-0.0.1-py3.10.egg-info/dependency_links.txt
[11.042s] -- Symlinking: /home/osboxes/ros2_ws/install/hwpub/local/lib/python3.10/dist-packages/hwpub-0.0.1-py3.10.egg-info/top_level.txt
[11.057s] -- Symlinking: /home/osboxes/ros2_ws/install/hwpub/local/lib/python3.10/dist-packages/hwpub/__init__.py
[11.072s] -- Symlinking: /home/osboxes/ros2_ws/install/hwpub/local/lib/python3.10/dist-packages/hwpub/_hwpub_s.ep.rosidl_typesupport_c.c
[11.090s] -- Symlinking: /home/osboxes/ros2_ws/install/hwpub/local/lib/python3.10/dist-packages/hwpub/_hwpub_s.ep.rosidl_typesupport_fastrtps_c.c
[11.101s] -- Symlinking: /home/osboxes/ros2_ws/install/hwpub/local/lib/python3.10/dist-packages/hwpub/_hwpub_s.ep.rosidl_typesupport_introspection_c.c
[11.114s] -- Symlinking: /home/osboxes/ros2_ws/install/hwpub/local/lib/python3.10/dist-packages/hwpub/hwpub_s__rosidl_typesupport_c.cpython-310-x86_64-linux-gnu.so
[11.124s] -- Symlinking: /home/osboxes/ros2_ws/install/hwpub/local/lib/python3.10/dist-packages/hwpub/hwpub_s__rosidl_typesupport_fastrtps_c.cpython-310-x86_64-linux-gnu.so
[11.139s] -- Symlinking: /home/osboxes/ros2_ws/install/hwpub/local/lib/python3.10/dist-packages/hwpub/hwpub_s__rosidl_typesupport_introspection_c.cpython-310-x86_64-linux-gnu.so
[11.155s] -- Symlinking: /home/osboxes/ros2_ws/install/hwpub/local/lib/python3.10/dist-packages/hwpub/libhwpub__rosidl_generator_py.so
[11.169s] -- Symlinking: /home/osboxes/ros2_ws/install/hwpub/local/lib/python3.10/dist-packages/hwpub/msg/__init__.py
[11.180s] -- Symlinking: /home/osboxes/ros2_ws/install/hwpub/local/lib/python3.10/dist-packages/hwpub/msg/_hwmsg.py
[11.199s] -- Symlinking: /home/osboxes/ros2_ws/install/hwpub/local/lib/python3.10/dist-packages/hwpub/msg/_hwmsg_s.c
[11.215s] -- Symlinking: /home/osboxes/ros2_ws/install/hwpub/local/lib/python3.10/dist-packages/hwpub/srv/__init__.py
[11.234s] -- Symlinking: /home/osboxes/ros2_ws/install/hwpub/local/lib/python3.10/dist-packages/hwpub/srv/_customserv.py
[11.252s] -- Symlinking: /home/osboxes/ros2_ws/install/hwpub/local/lib/python3.10/dist-packages/hwpub/srv/_customserv_s.c
[11.268s] -- Up-to-date symlink: /home/osboxes/ros2_ws/install/hwpub/local/lib/python3.10/dist-packages/hwpub/hwpub_s__rosidl_typesupport_fastrtps_c.cpython-310-x86_64-linux-gnu.so
[11.270s] -- Up-to-date symlink: /home/osboxes/ros2_ws/install/hwpub/local/lib/python3.10/dist-packages/hwpub/hwpub_s__rosidl_typesupport_introspection_c.cpython-310-x86_64-linux-gnu.so
[11.270s] -- Up-to-date symlink: /home/osboxes/ros2_ws/install/hwpub/local/lib/python3.10/dist-packages/hwpub/hwpub_s__rosidl_typesupport_c.cpython-310-x86_64-linux-gnu.so
[11.271s] -- Symlinking: /home/osboxes/ros2_ws/install/hwpub/share/hwpub/msg/Hwmsg.idl
[11.287s] -- Symlinking: /home/osboxes/ros2_ws/install/hwpub/share/hwpub/srv/Customserv.idl
[11.309s] -- Symlinking: /home/osboxes/ros2_ws/install/hwpub/share/hwpub/msg/Hwmsg.msg
[11.331s] -- Symlinking: /home/osboxes/ros2_ws/install/hwpub/share/hwpub/srv/Customserv.srv
[11.345s] -- Symlinking: /home/osboxes/ros2_ws/install/hwpub/share/hwpub/srv/Customserv_Request.msg
[11.358s] -- Symlinking: /home/osboxes/ros2_ws/install/hwpub/share/hwpub/srv/Customserv_Response.msg
[11.379s] -- Symlinking: /home/osboxes/ros2_ws/install/hwpub/lib/hwpub/py_move_trajectory.py
[11.392s] -- Symlinking: /home/osboxes/ros2_ws/install/hwpub/share/ament_index/resource_index/package_run_dependencies/hwpub
[11.405s] -- Symlinking: /home/osboxes/ros2_ws/install/hwpub/share/ament_index/resource_index/parent_prefix_path/hwpub
[11.416s] -- Symlinking: /home/osboxes/ros2_ws/install/hwpub/share/hwpub/environment/ament_prefix_path.sh
[11.431s] -- Symlinking: /home/osboxes/ros2_ws/install/hwpub/share/hwpub/environment/ament_prefix_path.dsv
[11.455s] -- Symlinking: /home/osboxes/ros2_ws/install/hwpub/share/hwpub/environment/path.sh
[11.473s] -- Symlinking: /home/osboxes/ros2_ws/install/hwpub/share/hwpub/environment/path.dsv
[11.503s] -- Symlinking: /home/osboxes/ros2_ws/install/hwpub/share/hwpub/local_setup.bash
[11.521s] -- Symlinking: /home/osboxes/ros2_ws/install/hwpub/share/hwpub/local_setup.sh
[11.537s] -- Symlinking: /home/osboxes/ros2_ws/install/hwpub/share/hwpub/local_setup.zsh
[11.556s] -- Symlinking: /home/osboxes/ros2_ws/install/hwpub/share/hwpub/local_setup.dsv
[11.569s] -- Symlinking: /home/osboxes/ros2_ws/install/hwpub/share/hwpub/package.dsv
[11.582s] -- Symlinking: /home/osboxes/ros2_ws/install/hwpub/share/ament_index/resource_index/packages/hwpub
[11.598s] -- Symlinking: /home/osboxes/ros2_ws/install/hwpub/share/hwpub/cmake/rosidl_cmake-extras.cmake
[11.611s] -- Symlinking: /home/osboxes/ros2_ws/install/hwpub/share/hwpub/cmake/ament_cmake_export_dependencies-extras.cmake
[11.622s] -- Symlinking: /home/osboxes/ros2_ws/install/hwpub/share/hwpub/cmake/ament_cmake_export_include_directories-extras.cmake
[11.639s] -- Symlinking: /home/osboxes/ros2_ws/install/hwpub/share/hwpub/cmake/ament_cmake_export_libraries-extras.cmake
[11.657s] -- Symlinking: /home/osboxes/ros2_ws/install/hwpub/share/hwpub/cmake/ament_cmake_export_targets-extras.cmake
[11.676s] -- Symlinking: /home/osboxes/ros2_ws/install/hwpub/share/hwpub/cmake/rosidl_cmake_export_typesupport_targets-extras.cmake
[11.693s] -- Symlinking: /home/osboxes/ros2_ws/install/hwpub/share/hwpub/cmake/rosidl_cmake_export_typesupport_libraries-extras.cmake
[11.711s] -- Symlinking: /home/osboxes/ros2_ws/install/hwpub/share/hwpub/cmake/hwpubConfig.cmake
[11.729s] -- Symlinking: /home/osboxes/ros2_ws/install/hwpub/share/hwpub/cmake/hwpubConfig-version.cmake
[11.744s] -- Symlinking: /home/osboxes/ros2_ws/install/hwpub/share/hwpub/package.xml
[11.754s] -- Installing: /home/osboxes/ros2_ws/install/hwpub/lib/libhwpub__rosidl_generator_c.so
[11.754s] -- Set runtime path of "/home/osboxes/ros2_ws/install/hwpub/lib/libhwpub__rosidl_generator_c.so" to ""
[11.759s] -- Installing: /home/osboxes/ros2_ws/install/hwpub/lib/libhwpub__rosidl_typesupport_fastrtps_c.so
[11.759s] -- Set runtime path of "/home/osboxes/ros2_ws/install/hwpub/lib/libhwpub__rosidl_typesupport_fastrtps_c.so" to ""
[11.759s] -- Installing: /home/osboxes/ros2_ws/install/hwpub/lib/libhwpub__rosidl_typesupport_fastrtps_cpp.so
[11.760s] -- Set runtime path of "/home/osboxes/ros2_ws/install/hwpub/lib/libhwpub__rosidl_typesupport_fastrtps_cpp.so" to ""
[11.761s] -- Installing: /home/osboxes/ros2_ws/install/hwpub/lib/libhwpub__rosidl_typesupport_introspection_c.so
[11.762s] -- Set runtime path of "/home/osboxes/ros2_ws/install/hwpub/lib/libhwpub__rosidl_typesupport_introspection_c.so" to ""
[11.762s] -- Installing: /home/osboxes/ros2_ws/install/hwpub/lib/libhwpub__rosidl_typesupport_c.so
[11.763s] -- Set runtime path of "/home/osboxes/ros2_ws/install/hwpub/lib/libhwpub__rosidl_typesupport_c.so" to ""
[11.763s] -- Installing: /home/osboxes/ros2_ws/install/hwpub/lib/libhwpub__rosidl_typesupport_introspection_cpp.so
[11.764s] -- Set runtime path of "/home/osboxes/ros2_ws/install/hwpub/lib/libhwpub__rosidl_typesupport_introspection_cpp.so" to ""
[11.765s] -- Installing: /home/osboxes/ros2_ws/install/hwpub/lib/libhwpub__rosidl_typesupport_cpp.so
[11.766s] -- Set runtime path of "/home/osboxes/ros2_ws/install/hwpub/lib/libhwpub__rosidl_typesupport_cpp.so" to ""
[11.835s] Listing '/home/osboxes/ros2_ws/install/hwpub/local/lib/python3.10/dist-packages/hwpub'...
[11.835s] Compiling '/home/osboxes/ros2_ws/install/hwpub/local/lib/python3.10/dist-packages/hwpub/__init__.py'...
[11.835s] Listing '/home/osboxes/ros2_ws/install/hwpub/local/lib/python3.10/dist-packages/hwpub/msg'...
[11.835s] Compiling '/home/osboxes/ros2_ws/install/hwpub/local/lib/python3.10/dist-packages/hwpub/msg/__init__.py'...
[11.835s] Compiling '/home/osboxes/ros2_ws/install/hwpub/local/lib/python3.10/dist-packages/hwpub/msg/_hwmsg.py'...
[11.835s] Listing '/home/osboxes/ros2_ws/install/hwpub/local/lib/python3.10/dist-packages/hwpub/srv'...
[11.835s] Compiling '/home/osboxes/ros2_ws/install/hwpub/local/lib/python3.10/dist-packages/hwpub/srv/__init__.py'...
[11.835s] Compiling '/home/osboxes/ros2_ws/install/hwpub/local/lib/python3.10/dist-packages/hwpub/srv/_customserv.py'...
[11.842s] -- Installing: /home/osboxes/ros2_ws/install/hwpub/lib/libhwpub__rosidl_generator_py.so
[11.842s] -- Set runtime path of "/home/osboxes/ros2_ws/install/hwpub/lib/libhwpub__rosidl_generator_py.so" to ""
[11.842s] -- Installing: /home/osboxes/ros2_ws/install/hwpub/share/hwpub/cmake/export_hwpub__rosidl_generator_cExport.cmake
[11.843s] -- Installing: /home/osboxes/ros2_ws/install/hwpub/share/hwpub/cmake/export_hwpub__rosidl_generator_cExport-noconfig.cmake
[11.843s] -- Installing: /home/osboxes/ros2_ws/install/hwpub/share/hwpub/cmake/export_hwpub__rosidl_typesupport_fastrtps_cExport.cmake
[11.843s] -- Installing: /home/osboxes/ros2_ws/install/hwpub/share/hwpub/cmake/export_hwpub__rosidl_typesupport_fastrtps_cExport-noconfig.cmake
[11.843s] -- Installing: /home/osboxes/ros2_ws/install/hwpub/share/hwpub/cmake/export_hwpub__rosidl_generator_cppExport.cmake
[11.843s] -- Installing: /home/osboxes/ros2_ws/install/hwpub/share/hwpub/cmake/export_hwpub__rosidl_typesupport_fastrtps_cppExport.cmake
[11.843s] -- Installing: /home/osboxes/ros2_ws/install/hwpub/share/hwpub/cmake/export_hwpub__rosidl_typesupport_fastrtps_cppExport-noconfig.cmake
[11.843s] -- Installing: /home/osboxes/ros2_ws/install/hwpub/share/hwpub/cmake/hwpub__rosidl_typesupport_introspection_cExport.cmake
[11.843s] -- Installing: /home/osboxes/ros2_ws/install/hwpub/share/hwpub/cmake/hwpub__rosidl_typesupport_introspection_cExport-noconfig.cmake
[11.843s] -- Installing: /home/osboxes/ros2_ws/install/hwpub/share/hwpub/cmake/hwpub__rosidl_typesupport_cExport.cmake
[11.843s] -- Installing: /home/osboxes/ros2_ws/install/hwpub/share/hwpub/cmake/hwpub__rosidl_typesupport_cExport-noconfig.cmake
[11.844s] -- Installing: /home/osboxes/ros2_ws/install/hwpub/share/hwpub/cmake/hwpub__rosidl_typesupport_introspection_cppExport.cmake
[11.844s] -- Installing: /home/osboxes/ros2_ws/install/hwpub/share/hwpub/cmake/hwpub__rosidl_typesupport_introspection_cppExport-noconfig.cmake
[11.844s] -- Installing: /home/osboxes/ros2_ws/install/hwpub/share/hwpub/cmake/hwpub__rosidl_typesupport_cppExport.cmake
[11.844s] -- Installing: /home/osboxes/ros2_ws/install/hwpub/share/hwpub/cmake/hwpub__rosidl_typesupport_cppExport-noconfig.cmake
[11.844s] -- Installing: /home/osboxes/ros2_ws/install/hwpub/share/hwpub/cmake/export_hwpub__rosidl_generator_pyExport.cmake
[11.845s] -- Installing: /home/osboxes/ros2_ws/install/hwpub/share/hwpub/cmake/export_hwpub__rosidl_generator_pyExport-noconfig.cmake
[11.849s] Invoked command in '/home/osboxes/ros2_ws/build/hwpub' returned '0': CMAKE_PREFIX_PATH=/opt/ros/humble /usr/bin/cmake --install /home/osboxes/ros2_ws/build/hwpub
