[0.067s] Invoking command in '/home/ilija/ros2_ws/src/RINS/build/dis_tutorial1': CMAKE_PREFIX_PATH=${CMAKE_PREFIX_PATH}:/home/ilija/ros2_ws/src/RINS/install/dis_tutorial2:/opt/ros/humble /usr/bin/cmake --build /home/ilija/ros2_ws/src/RINS/build/dis_tutorial1 -- -j2 -l2
[0.372s] [  1%] Built target dis_tutorial1__cpp
[0.424s] [ 10%] Built target dis_tutorial1__rosidl_generator_c
[0.559s] [ 13%] Built target simple_publisher
[0.673s] [ 13%] Built target ament_cmake_python_symlink_dis_tutorial1
[0.686s] [ 16%] Built target simple_subscriber
[0.813s] [ 25%] Built target dis_tutorial1__rosidl_typesupport_cpp
[0.961s] [ 28%] Built target simple_set_bool_server_node
[0.966s] [ 37%] Built target dis_tutorial1__rosidl_typesupport_fastrtps_c
[1.166s] [ 46%] Built target dis_tutorial1__rosidl_typesupport_fastrtps_cpp
[1.207s] [ 55%] Built target dis_tutorial1__rosidl_typesupport_introspection_c
[1.301s] [ 64%] Built target dis_tutorial1__rosidl_typesupport_c
[1.414s] [ 73%] Built target dis_tutorial1__rosidl_typesupport_introspection_cpp
[1.552s] [ 76%] Built target simple_client_node
[1.776s] [ 79%] Built target simple_server_node
[2.033s] [ 82%] Built target complete_node
[2.240s] [ 82%] Built target dis_tutorial1
[2.495s] [ 83%] Built target dis_tutorial1__py
[2.705s] running egg_info
[2.719s] writing dis_tutorial1.egg-info/PKG-INFO
[2.720s] writing dependency_links to dis_tutorial1.egg-info/dependency_links.txt
[2.724s] writing top-level names to dis_tutorial1.egg-info/top_level.txt
[2.744s] reading manifest file 'dis_tutorial1.egg-info/SOURCES.txt'
[2.764s] writing manifest file 'dis_tutorial1.egg-info/SOURCES.txt'
[2.767s] [ 91%] Built target dis_tutorial1__rosidl_generator_py
[2.966s] [ 91%] Built target ament_cmake_python_build_dis_tutorial1_egg
[3.013s] [ 94%] Built target dis_tutorial1__rosidl_typesupport_fastrtps_c__pyext
[3.130s] [ 97%] Built target dis_tutorial1__rosidl_typesupport_c__pyext
[3.149s] [100%] Built target dis_tutorial1__rosidl_typesupport_introspection_c__pyext
[3.212s] Invoked command in '/home/ilija/ros2_ws/src/RINS/build/dis_tutorial1' returned '0': CMAKE_PREFIX_PATH=${CMAKE_PREFIX_PATH}:/home/ilija/ros2_ws/src/RINS/install/dis_tutorial2:/opt/ros/humble /usr/bin/cmake --build /home/ilija/ros2_ws/src/RINS/build/dis_tutorial1 -- -j2 -l2
[3.260s] Invoking command in '/home/ilija/ros2_ws/src/RINS/build/dis_tutorial1': CMAKE_PREFIX_PATH=${CMAKE_PREFIX_PATH}:/home/ilija/ros2_ws/src/RINS/install/dis_tutorial2:/opt/ros/humble /usr/bin/cmake --install /home/ilija/ros2_ws/src/RINS/build/dis_tutorial1
[3.303s] -- Install configuration: ""
[3.304s] -- Execute custom install script
[3.306s] -- Up-to-date symlink: /home/ilija/ros2_ws/src/RINS/install/dis_tutorial1/share/ament_index/resource_index/rosidl_interfaces/dis_tutorial1
[3.309s] -- Up-to-date symlink: /home/ilija/ros2_ws/src/RINS/install/dis_tutorial1/include/dis_tutorial1/dis_tutorial1/msg/custom_message.h
[3.311s] -- Up-to-date symlink: /home/ilija/ros2_ws/src/RINS/install/dis_tutorial1/include/dis_tutorial1/dis_tutorial1/msg/custom_message2.h
[3.311s] -- Up-to-date symlink: /home/ilija/ros2_ws/src/RINS/install/dis_tutorial1/include/dis_tutorial1/dis_tutorial1/msg/detail/custom_message2__functions.h
[3.315s] -- Up-to-date symlink: /home/ilija/ros2_ws/src/RINS/install/dis_tutorial1/include/dis_tutorial1/dis_tutorial1/msg/detail/custom_message2__struct.h
[3.316s] -- Up-to-date symlink: /home/ilija/ros2_ws/src/RINS/install/dis_tutorial1/include/dis_tutorial1/dis_tutorial1/msg/detail/custom_message2__type_support.h
[3.316s] -- Up-to-date symlink: /home/ilija/ros2_ws/src/RINS/install/dis_tutorial1/include/dis_tutorial1/dis_tutorial1/msg/detail/custom_message__functions.h
[3.318s] -- Up-to-date symlink: /home/ilija/ros2_ws/src/RINS/install/dis_tutorial1/include/dis_tutorial1/dis_tutorial1/msg/detail/custom_message__struct.h
[3.319s] -- Up-to-date symlink: /home/ilija/ros2_ws/src/RINS/install/dis_tutorial1/include/dis_tutorial1/dis_tutorial1/msg/detail/custom_message__type_support.h
[3.323s] -- Up-to-date symlink: /home/ilija/ros2_ws/src/RINS/install/dis_tutorial1/include/dis_tutorial1/dis_tutorial1/msg/rosidl_generator_c__visibility_control.h
[3.323s] -- Up-to-date symlink: /home/ilija/ros2_ws/src/RINS/install/dis_tutorial1/include/dis_tutorial1/dis_tutorial1/srv/add_two_ints.h
[3.324s] -- Up-to-date symlink: /home/ilija/ros2_ws/src/RINS/install/dis_tutorial1/include/dis_tutorial1/dis_tutorial1/srv/detail/add_two_ints__functions.h
[3.327s] -- Up-to-date symlink: /home/ilija/ros2_ws/src/RINS/install/dis_tutorial1/include/dis_tutorial1/dis_tutorial1/srv/detail/add_two_ints__struct.h
[3.329s] -- Up-to-date symlink: /home/ilija/ros2_ws/src/RINS/install/dis_tutorial1/include/dis_tutorial1/dis_tutorial1/srv/detail/add_two_ints__type_support.h
[3.329s] -- Up-to-date symlink: /home/ilija/ros2_ws/src/RINS/install/dis_tutorial1/include/dis_tutorial1/dis_tutorial1/srv/detail/sum_service__functions.h
[3.330s] -- Up-to-date symlink: /home/ilija/ros2_ws/src/RINS/install/dis_tutorial1/include/dis_tutorial1/dis_tutorial1/srv/detail/sum_service__struct.h
[3.330s] -- Up-to-date symlink: /home/ilija/ros2_ws/src/RINS/install/dis_tutorial1/include/dis_tutorial1/dis_tutorial1/srv/detail/sum_service__type_support.h
[3.332s] -- Up-to-date symlink: /home/ilija/ros2_ws/src/RINS/install/dis_tutorial1/include/dis_tutorial1/dis_tutorial1/srv/sum_service.h
[3.332s] -- Up-to-date symlink: /home/ilija/ros2_ws/src/RINS/install/dis_tutorial1/share/dis_tutorial1/environment/library_path.sh
[3.333s] -- Up-to-date symlink: /home/ilija/ros2_ws/src/RINS/install/dis_tutorial1/share/dis_tutorial1/environment/library_path.dsv
[3.335s] -- Up-to-date symlink: /home/ilija/ros2_ws/src/RINS/install/dis_tutorial1/include/dis_tutorial1/dis_tutorial1/msg/detail/custom_message2__rosidl_typesupport_fastrtps_c.h
[3.339s] -- Up-to-date symlink: /home/ilija/ros2_ws/src/RINS/install/dis_tutorial1/include/dis_tutorial1/dis_tutorial1/msg/detail/custom_message__rosidl_typesupport_fastrtps_c.h
[3.339s] -- Up-to-date symlink: /home/ilija/ros2_ws/src/RINS/install/dis_tutorial1/include/dis_tutorial1/dis_tutorial1/msg/rosidl_typesupport_fastrtps_c__visibility_control.h
[3.340s] -- Up-to-date symlink: /home/ilija/ros2_ws/src/RINS/install/dis_tutorial1/include/dis_tutorial1/dis_tutorial1/srv/detail/add_two_ints__rosidl_typesupport_fastrtps_c.h
[3.340s] -- Up-to-date symlink: /home/ilija/ros2_ws/src/RINS/install/dis_tutorial1/include/dis_tutorial1/dis_tutorial1/srv/detail/sum_service__rosidl_typesupport_fastrtps_c.h
[3.341s] -- Up-to-date symlink: /home/ilija/ros2_ws/src/RINS/install/dis_tutorial1/include/dis_tutorial1/dis_tutorial1/msg/custom_message.hpp
[3.343s] -- Up-to-date symlink: /home/ilija/ros2_ws/src/RINS/install/dis_tutorial1/include/dis_tutorial1/dis_tutorial1/msg/custom_message2.hpp
[3.346s] -- Up-to-date symlink: /home/ilija/ros2_ws/src/RINS/install/dis_tutorial1/include/dis_tutorial1/dis_tutorial1/msg/detail/custom_message2__builder.hpp
[3.347s] -- Up-to-date symlink: /home/ilija/ros2_ws/src/RINS/install/dis_tutorial1/include/dis_tutorial1/dis_tutorial1/msg/detail/custom_message2__struct.hpp
[3.347s] -- Up-to-date symlink: /home/ilija/ros2_ws/src/RINS/install/dis_tutorial1/include/dis_tutorial1/dis_tutorial1/msg/detail/custom_message2__traits.hpp
[3.347s] -- Up-to-date symlink: /home/ilija/ros2_ws/src/RINS/install/dis_tutorial1/include/dis_tutorial1/dis_tutorial1/msg/detail/custom_message2__type_support.hpp
[3.347s] -- Up-to-date symlink: /home/ilija/ros2_ws/src/RINS/install/dis_tutorial1/include/dis_tutorial1/dis_tutorial1/msg/detail/custom_message__builder.hpp
[3.350s] -- Up-to-date symlink: /home/ilija/ros2_ws/src/RINS/install/dis_tutorial1/include/dis_tutorial1/dis_tutorial1/msg/detail/custom_message__struct.hpp
[3.352s] -- Up-to-date symlink: /home/ilija/ros2_ws/src/RINS/install/dis_tutorial1/include/dis_tutorial1/dis_tutorial1/msg/detail/custom_message__traits.hpp
[3.353s] -- Up-to-date symlink: /home/ilija/ros2_ws/src/RINS/install/dis_tutorial1/include/dis_tutorial1/dis_tutorial1/msg/detail/custom_message__type_support.hpp
[3.353s] -- Up-to-date symlink: /home/ilija/ros2_ws/src/RINS/install/dis_tutorial1/include/dis_tutorial1/dis_tutorial1/msg/rosidl_generator_cpp__visibility_control.hpp
[3.353s] -- Up-to-date symlink: /home/ilija/ros2_ws/src/RINS/install/dis_tutorial1/include/dis_tutorial1/dis_tutorial1/srv/add_two_ints.hpp
[3.356s] -- Up-to-date symlink: /home/ilija/ros2_ws/src/RINS/install/dis_tutorial1/include/dis_tutorial1/dis_tutorial1/srv/detail/add_two_ints__builder.hpp
[3.357s] -- Up-to-date symlink: /home/ilija/ros2_ws/src/RINS/install/dis_tutorial1/include/dis_tutorial1/dis_tutorial1/srv/detail/add_two_ints__struct.hpp
[3.360s] -- Up-to-date symlink: /home/ilija/ros2_ws/src/RINS/install/dis_tutorial1/include/dis_tutorial1/dis_tutorial1/srv/detail/add_two_ints__traits.hpp
[3.360s] -- Up-to-date symlink: /home/ilija/ros2_ws/src/RINS/install/dis_tutorial1/include/dis_tutorial1/dis_tutorial1/srv/detail/add_two_ints__type_support.hpp
[3.361s] -- Up-to-date symlink: /home/ilija/ros2_ws/src/RINS/install/dis_tutorial1/include/dis_tutorial1/dis_tutorial1/srv/detail/sum_service__builder.hpp
[3.361s] -- Up-to-date symlink: /home/ilija/ros2_ws/src/RINS/install/dis_tutorial1/include/dis_tutorial1/dis_tutorial1/srv/detail/sum_service__struct.hpp
[3.361s] -- Up-to-date symlink: /home/ilija/ros2_ws/src/RINS/install/dis_tutorial1/include/dis_tutorial1/dis_tutorial1/srv/detail/sum_service__traits.hpp
[3.365s] -- Up-to-date symlink: /home/ilija/ros2_ws/src/RINS/install/dis_tutorial1/include/dis_tutorial1/dis_tutorial1/srv/detail/sum_service__type_support.hpp
[3.365s] -- Up-to-date symlink: /home/ilija/ros2_ws/src/RINS/install/dis_tutorial1/include/dis_tutorial1/dis_tutorial1/srv/sum_service.hpp
[3.366s] -- Up-to-date symlink: /home/ilija/ros2_ws/src/RINS/install/dis_tutorial1/include/dis_tutorial1/dis_tutorial1/msg/detail/custom_message2__rosidl_typesupport_fastrtps_cpp.hpp
[3.369s] -- Up-to-date symlink: /home/ilija/ros2_ws/src/RINS/install/dis_tutorial1/include/dis_tutorial1/dis_tutorial1/msg/detail/custom_message__rosidl_typesupport_fastrtps_cpp.hpp
[3.372s] -- Up-to-date symlink: /home/ilija/ros2_ws/src/RINS/install/dis_tutorial1/include/dis_tutorial1/dis_tutorial1/msg/rosidl_typesupport_fastrtps_cpp__visibility_control.h
[3.372s] -- Up-to-date symlink: /home/ilija/ros2_ws/src/RINS/install/dis_tutorial1/include/dis_tutorial1/dis_tutorial1/srv/detail/add_two_ints__rosidl_typesupport_fastrtps_cpp.hpp
[3.373s] -- Up-to-date symlink: /home/ilija/ros2_ws/src/RINS/install/dis_tutorial1/include/dis_tutorial1/dis_tutorial1/srv/detail/sum_service__rosidl_typesupport_fastrtps_cpp.hpp
[3.376s] -- Up-to-date symlink: /home/ilija/ros2_ws/src/RINS/install/dis_tutorial1/include/dis_tutorial1/dis_tutorial1/msg/detail/custom_message2__rosidl_typesupport_introspection_c.h
[3.376s] -- Up-to-date symlink: /home/ilija/ros2_ws/src/RINS/install/dis_tutorial1/include/dis_tutorial1/dis_tutorial1/msg/detail/custom_message__rosidl_typesupport_introspection_c.h
[3.376s] -- Up-to-date symlink: /home/ilija/ros2_ws/src/RINS/install/dis_tutorial1/include/dis_tutorial1/dis_tutorial1/msg/rosidl_typesupport_introspection_c__visibility_control.h
[3.376s] -- Up-to-date symlink: /home/ilija/ros2_ws/src/RINS/install/dis_tutorial1/include/dis_tutorial1/dis_tutorial1/srv/detail/add_two_ints__rosidl_typesupport_introspection_c.h
[3.378s] -- Up-to-date symlink: /home/ilija/ros2_ws/src/RINS/install/dis_tutorial1/include/dis_tutorial1/dis_tutorial1/srv/detail/sum_service__rosidl_typesupport_introspection_c.h
[3.380s] -- Up-to-date symlink: /home/ilija/ros2_ws/src/RINS/install/dis_tutorial1/include/dis_tutorial1/dis_tutorial1/msg/detail/custom_message2__rosidl_typesupport_introspection_cpp.hpp
[3.380s] -- Up-to-date symlink: /home/ilija/ros2_ws/src/RINS/install/dis_tutorial1/include/dis_tutorial1/dis_tutorial1/msg/detail/custom_message__rosidl_typesupport_introspection_cpp.hpp
[3.382s] -- Up-to-date symlink: /home/ilija/ros2_ws/src/RINS/install/dis_tutorial1/include/dis_tutorial1/dis_tutorial1/srv/detail/add_two_ints__rosidl_typesupport_introspection_cpp.hpp
[3.386s] -- Up-to-date symlink: /home/ilija/ros2_ws/src/RINS/install/dis_tutorial1/include/dis_tutorial1/dis_tutorial1/srv/detail/sum_service__rosidl_typesupport_introspection_cpp.hpp
[3.386s] -- Up-to-date symlink: /home/ilija/ros2_ws/src/RINS/install/dis_tutorial1/share/dis_tutorial1/environment/pythonpath.sh
[3.386s] -- Up-to-date symlink: /home/ilija/ros2_ws/src/RINS/install/dis_tutorial1/share/dis_tutorial1/environment/pythonpath.dsv
[3.386s] -- Up-to-date symlink: /home/ilija/ros2_ws/src/RINS/install/dis_tutorial1/local/lib/python3.10/dist-packages/dis_tutorial1-0.0.1-py3.10.egg-info/PKG-INFO
[3.393s] -- Up-to-date symlink: /home/ilija/ros2_ws/src/RINS/install/dis_tutorial1/local/lib/python3.10/dist-packages/dis_tutorial1-0.0.1-py3.10.egg-info/SOURCES.txt
[3.393s] -- Up-to-date symlink: /home/ilija/ros2_ws/src/RINS/install/dis_tutorial1/local/lib/python3.10/dist-packages/dis_tutorial1-0.0.1-py3.10.egg-info/dependency_links.txt
[3.396s] -- Up-to-date symlink: /home/ilija/ros2_ws/src/RINS/install/dis_tutorial1/local/lib/python3.10/dist-packages/dis_tutorial1-0.0.1-py3.10.egg-info/top_level.txt
[3.396s] -- Up-to-date symlink: /home/ilija/ros2_ws/src/RINS/install/dis_tutorial1/local/lib/python3.10/dist-packages/dis_tutorial1/__init__.py
[3.396s] -- Up-to-date symlink: /home/ilija/ros2_ws/src/RINS/install/dis_tutorial1/local/lib/python3.10/dist-packages/dis_tutorial1/_dis_tutorial1_s.ep.rosidl_typesupport_c.c
[3.397s] -- Up-to-date symlink: /home/ilija/ros2_ws/src/RINS/install/dis_tutorial1/local/lib/python3.10/dist-packages/dis_tutorial1/_dis_tutorial1_s.ep.rosidl_typesupport_fastrtps_c.c
[3.400s] -- Up-to-date symlink: /home/ilija/ros2_ws/src/RINS/install/dis_tutorial1/local/lib/python3.10/dist-packages/dis_tutorial1/_dis_tutorial1_s.ep.rosidl_typesupport_introspection_c.c
[3.402s] -- Up-to-date symlink: /home/ilija/ros2_ws/src/RINS/install/dis_tutorial1/local/lib/python3.10/dist-packages/dis_tutorial1/dis_tutorial1_s__rosidl_typesupport_c.cpython-310-x86_64-linux-gnu.so
[3.402s] -- Up-to-date symlink: /home/ilija/ros2_ws/src/RINS/install/dis_tutorial1/local/lib/python3.10/dist-packages/dis_tutorial1/dis_tutorial1_s__rosidl_typesupport_fastrtps_c.cpython-310-x86_64-linux-gnu.so
[3.405s] -- Up-to-date symlink: /home/ilija/ros2_ws/src/RINS/install/dis_tutorial1/local/lib/python3.10/dist-packages/dis_tutorial1/dis_tutorial1_s__rosidl_typesupport_introspection_c.cpython-310-x86_64-linux-gnu.so
[3.405s] -- Up-to-date symlink: /home/ilija/ros2_ws/src/RINS/install/dis_tutorial1/local/lib/python3.10/dist-packages/dis_tutorial1/libdis_tutorial1__rosidl_generator_py.so
[3.411s] -- Up-to-date symlink: /home/ilija/ros2_ws/src/RINS/install/dis_tutorial1/local/lib/python3.10/dist-packages/dis_tutorial1/msg/__init__.py
[3.411s] -- Up-to-date symlink: /home/ilija/ros2_ws/src/RINS/install/dis_tutorial1/local/lib/python3.10/dist-packages/dis_tutorial1/msg/_custom_message.py
[3.413s] -- Up-to-date symlink: /home/ilija/ros2_ws/src/RINS/install/dis_tutorial1/local/lib/python3.10/dist-packages/dis_tutorial1/msg/_custom_message2.py
[3.417s] -- Up-to-date symlink: /home/ilija/ros2_ws/src/RINS/install/dis_tutorial1/local/lib/python3.10/dist-packages/dis_tutorial1/msg/_custom_message2_s.c
[3.418s] -- Up-to-date symlink: /home/ilija/ros2_ws/src/RINS/install/dis_tutorial1/local/lib/python3.10/dist-packages/dis_tutorial1/msg/_custom_message_s.c
[3.418s] -- Up-to-date symlink: /home/ilija/ros2_ws/src/RINS/install/dis_tutorial1/local/lib/python3.10/dist-packages/dis_tutorial1/srv/__init__.py
[3.421s] -- Up-to-date symlink: /home/ilija/ros2_ws/src/RINS/install/dis_tutorial1/local/lib/python3.10/dist-packages/dis_tutorial1/srv/_add_two_ints.py
[3.422s] -- Up-to-date symlink: /home/ilija/ros2_ws/src/RINS/install/dis_tutorial1/local/lib/python3.10/dist-packages/dis_tutorial1/srv/_add_two_ints_s.c
[3.424s] -- Up-to-date symlink: /home/ilija/ros2_ws/src/RINS/install/dis_tutorial1/local/lib/python3.10/dist-packages/dis_tutorial1/srv/_sum_service.py
[3.425s] -- Up-to-date symlink: /home/ilija/ros2_ws/src/RINS/install/dis_tutorial1/local/lib/python3.10/dist-packages/dis_tutorial1/srv/_sum_service_s.c
[3.425s] -- Up-to-date symlink: /home/ilija/ros2_ws/src/RINS/install/dis_tutorial1/local/lib/python3.10/dist-packages/dis_tutorial1/dis_tutorial1_s__rosidl_typesupport_fastrtps_c.cpython-310-x86_64-linux-gnu.so
[3.425s] -- Up-to-date symlink: /home/ilija/ros2_ws/src/RINS/install/dis_tutorial1/local/lib/python3.10/dist-packages/dis_tutorial1/dis_tutorial1_s__rosidl_typesupport_introspection_c.cpython-310-x86_64-linux-gnu.so
[3.425s] -- Up-to-date symlink: /home/ilija/ros2_ws/src/RINS/install/dis_tutorial1/local/lib/python3.10/dist-packages/dis_tutorial1/dis_tutorial1_s__rosidl_typesupport_c.cpython-310-x86_64-linux-gnu.so
[3.425s] -- Up-to-date symlink: /home/ilija/ros2_ws/src/RINS/install/dis_tutorial1/share/dis_tutorial1/msg/CustomMessage.idl
[3.425s] -- Up-to-date symlink: /home/ilija/ros2_ws/src/RINS/install/dis_tutorial1/share/dis_tutorial1/srv/AddTwoInts.idl
[3.430s] -- Up-to-date symlink: /home/ilija/ros2_ws/src/RINS/install/dis_tutorial1/share/dis_tutorial1/msg/CustomMessage2.idl
[3.430s] -- Up-to-date symlink: /home/ilija/ros2_ws/src/RINS/install/dis_tutorial1/share/dis_tutorial1/srv/SumService.idl
[3.430s] -- Up-to-date symlink: /home/ilija/ros2_ws/src/RINS/install/dis_tutorial1/share/dis_tutorial1/msg/CustomMessage.msg
[3.430s] -- Up-to-date symlink: /home/ilija/ros2_ws/src/RINS/install/dis_tutorial1/share/dis_tutorial1/srv/AddTwoInts.srv
[3.431s] -- Up-to-date symlink: /home/ilija/ros2_ws/src/RINS/install/dis_tutorial1/share/dis_tutorial1/srv/AddTwoInts_Request.msg
[3.431s] -- Up-to-date symlink: /home/ilija/ros2_ws/src/RINS/install/dis_tutorial1/share/dis_tutorial1/srv/AddTwoInts_Response.msg
[3.435s] -- Up-to-date symlink: /home/ilija/ros2_ws/src/RINS/install/dis_tutorial1/share/dis_tutorial1/msg/CustomMessage2.msg
[3.437s] -- Up-to-date symlink: /home/ilija/ros2_ws/src/RINS/install/dis_tutorial1/share/dis_tutorial1/srv/SumService.srv
[3.437s] -- Up-to-date symlink: /home/ilija/ros2_ws/src/RINS/install/dis_tutorial1/share/dis_tutorial1/srv/SumService_Request.msg
[3.437s] -- Up-to-date symlink: /home/ilija/ros2_ws/src/RINS/install/dis_tutorial1/share/dis_tutorial1/srv/SumService_Response.msg
[3.438s] -- Up-to-date symlink: /home/ilija/ros2_ws/src/RINS/install/dis_tutorial1/lib/dis_tutorial1/simple_publisher
[3.440s] -- Up-to-date symlink: /home/ilija/ros2_ws/src/RINS/install/dis_tutorial1/lib/dis_tutorial1/simple_subscriber
[3.440s] -- Up-to-date symlink: /home/ilija/ros2_ws/src/RINS/install/dis_tutorial1/lib/dis_tutorial1/simple_client_node
[3.443s] -- Up-to-date symlink: /home/ilija/ros2_ws/src/RINS/install/dis_tutorial1/lib/dis_tutorial1/simple_server_node
[3.443s] -- Up-to-date symlink: /home/ilija/ros2_ws/src/RINS/install/dis_tutorial1/lib/dis_tutorial1/complete_node
[3.443s] -- Up-to-date symlink: /home/ilija/ros2_ws/src/RINS/install/dis_tutorial1/lib/dis_tutorial1/simple_set_bool_server_node
[3.445s] -- Up-to-date symlink: /home/ilija/ros2_ws/src/RINS/install/dis_tutorial1/lib/dis_tutorial1/py_simple_publisher.py
[3.446s] -- Up-to-date symlink: /home/ilija/ros2_ws/src/RINS/install/dis_tutorial1/lib/dis_tutorial1/py_simple_subscriber.py
[3.451s] -- Up-to-date symlink: /home/ilija/ros2_ws/src/RINS/install/dis_tutorial1/lib/dis_tutorial1/py_simple_server_node.py
[3.451s] -- Up-to-date symlink: /home/ilija/ros2_ws/src/RINS/install/dis_tutorial1/lib/dis_tutorial1/py_simple_client_node.py
[3.452s] -- Up-to-date symlink: /home/ilija/ros2_ws/src/RINS/install/dis_tutorial1/lib/dis_tutorial1/py_complete_node.py
[3.454s] -- Up-to-date symlink: /home/ilija/ros2_ws/src/RINS/install/dis_tutorial1/lib/dis_tutorial1/py_draw_square.py
[3.455s] -- Up-to-date symlink: /home/ilija/ros2_ws/src/RINS/install/dis_tutorial1/lib/dis_tutorial1/publisher_node.py
[3.455s] -- Up-to-date symlink: /home/ilija/ros2_ws/src/RINS/install/dis_tutorial1/lib/dis_tutorial1/subscriber_node.py
[3.455s] -- Up-to-date symlink: /home/ilija/ros2_ws/src/RINS/install/dis_tutorial1/lib/dis_tutorial1/service_node.py
[3.458s] -- Up-to-date symlink: /home/ilija/ros2_ws/src/RINS/install/dis_tutorial1/lib/dis_tutorial1/client_node.py
[3.459s] -- Up-to-date symlink: /home/ilija/ros2_ws/src/RINS/install/dis_tutorial1/share/ament_index/resource_index/package_run_dependencies/dis_tutorial1
[3.462s] -- Up-to-date symlink: /home/ilija/ros2_ws/src/RINS/install/dis_tutorial1/share/ament_index/resource_index/parent_prefix_path/dis_tutorial1
[3.463s] -- Up-to-date symlink: /home/ilija/ros2_ws/src/RINS/install/dis_tutorial1/share/dis_tutorial1/environment/ament_prefix_path.sh
[3.463s] -- Up-to-date symlink: /home/ilija/ros2_ws/src/RINS/install/dis_tutorial1/share/dis_tutorial1/environment/ament_prefix_path.dsv
[3.468s] -- Up-to-date symlink: /home/ilija/ros2_ws/src/RINS/install/dis_tutorial1/share/dis_tutorial1/environment/path.sh
[3.468s] -- Up-to-date symlink: /home/ilija/ros2_ws/src/RINS/install/dis_tutorial1/share/dis_tutorial1/environment/path.dsv
[3.469s] -- Up-to-date symlink: /home/ilija/ros2_ws/src/RINS/install/dis_tutorial1/share/dis_tutorial1/local_setup.bash
[3.473s] -- Up-to-date symlink: /home/ilija/ros2_ws/src/RINS/install/dis_tutorial1/share/dis_tutorial1/local_setup.sh
[3.473s] -- Up-to-date symlink: /home/ilija/ros2_ws/src/RINS/install/dis_tutorial1/share/dis_tutorial1/local_setup.zsh
[3.477s] -- Up-to-date symlink: /home/ilija/ros2_ws/src/RINS/install/dis_tutorial1/share/dis_tutorial1/local_setup.dsv
[3.480s] -- Symlinking: /home/ilija/ros2_ws/src/RINS/install/dis_tutorial1/share/dis_tutorial1/package.dsv
[3.542s] -- Up-to-date symlink: /home/ilija/ros2_ws/src/RINS/install/dis_tutorial1/share/ament_index/resource_index/packages/dis_tutorial1
[3.545s] -- Up-to-date symlink: /home/ilija/ros2_ws/src/RINS/install/dis_tutorial1/share/dis_tutorial1/cmake/rosidl_cmake-extras.cmake
[3.546s] -- Up-to-date symlink: /home/ilija/ros2_ws/src/RINS/install/dis_tutorial1/share/dis_tutorial1/cmake/ament_cmake_export_dependencies-extras.cmake
[3.549s] -- Up-to-date symlink: /home/ilija/ros2_ws/src/RINS/install/dis_tutorial1/share/dis_tutorial1/cmake/ament_cmake_export_include_directories-extras.cmake
[3.552s] -- Up-to-date symlink: /home/ilija/ros2_ws/src/RINS/install/dis_tutorial1/share/dis_tutorial1/cmake/ament_cmake_export_libraries-extras.cmake
[3.558s] -- Up-to-date symlink: /home/ilija/ros2_ws/src/RINS/install/dis_tutorial1/share/dis_tutorial1/cmake/ament_cmake_export_targets-extras.cmake
[3.558s] -- Up-to-date symlink: /home/ilija/ros2_ws/src/RINS/install/dis_tutorial1/share/dis_tutorial1/cmake/rosidl_cmake_export_typesupport_targets-extras.cmake
[3.558s] -- Up-to-date symlink: /home/ilija/ros2_ws/src/RINS/install/dis_tutorial1/share/dis_tutorial1/cmake/rosidl_cmake_export_typesupport_libraries-extras.cmake
[3.559s] -- Up-to-date symlink: /home/ilija/ros2_ws/src/RINS/install/dis_tutorial1/share/dis_tutorial1/cmake/dis_tutorial1Config.cmake
[3.560s] -- Up-to-date symlink: /home/ilija/ros2_ws/src/RINS/install/dis_tutorial1/share/dis_tutorial1/cmake/dis_tutorial1Config-version.cmake
[3.562s] -- Up-to-date symlink: /home/ilija/ros2_ws/src/RINS/install/dis_tutorial1/share/dis_tutorial1/package.xml
[3.562s] -- Up-to-date: /home/ilija/ros2_ws/src/RINS/install/dis_tutorial1/lib/libdis_tutorial1__rosidl_generator_c.so
[3.562s] -- Up-to-date: /home/ilija/ros2_ws/src/RINS/install/dis_tutorial1/lib/libdis_tutorial1__rosidl_typesupport_fastrtps_c.so
[3.563s] -- Up-to-date: /home/ilija/ros2_ws/src/RINS/install/dis_tutorial1/lib/libdis_tutorial1__rosidl_typesupport_fastrtps_cpp.so
[3.563s] -- Up-to-date: /home/ilija/ros2_ws/src/RINS/install/dis_tutorial1/lib/libdis_tutorial1__rosidl_typesupport_introspection_c.so
[3.563s] -- Up-to-date: /home/ilija/ros2_ws/src/RINS/install/dis_tutorial1/lib/libdis_tutorial1__rosidl_typesupport_c.so
[3.563s] -- Up-to-date: /home/ilija/ros2_ws/src/RINS/install/dis_tutorial1/lib/libdis_tutorial1__rosidl_typesupport_introspection_cpp.so
[3.564s] -- Up-to-date: /home/ilija/ros2_ws/src/RINS/install/dis_tutorial1/lib/libdis_tutorial1__rosidl_typesupport_cpp.so
[3.690s] Listing '/home/ilija/ros2_ws/src/RINS/install/dis_tutorial1/local/lib/python3.10/dist-packages/dis_tutorial1'...
[3.690s] Listing '/home/ilija/ros2_ws/src/RINS/install/dis_tutorial1/local/lib/python3.10/dist-packages/dis_tutorial1/msg'...
[3.691s] Listing '/home/ilija/ros2_ws/src/RINS/install/dis_tutorial1/local/lib/python3.10/dist-packages/dis_tutorial1/srv'...
[3.718s] -- Up-to-date: /home/ilija/ros2_ws/src/RINS/install/dis_tutorial1/lib/libdis_tutorial1__rosidl_generator_py.so
[3.720s] -- Up-to-date: /home/ilija/ros2_ws/src/RINS/install/dis_tutorial1/share/dis_tutorial1/cmake/export_dis_tutorial1__rosidl_generator_cExport.cmake
[3.723s] -- Up-to-date: /home/ilija/ros2_ws/src/RINS/install/dis_tutorial1/share/dis_tutorial1/cmake/export_dis_tutorial1__rosidl_generator_cExport-noconfig.cmake
[3.724s] -- Up-to-date: /home/ilija/ros2_ws/src/RINS/install/dis_tutorial1/share/dis_tutorial1/cmake/export_dis_tutorial1__rosidl_typesupport_fastrtps_cExport.cmake
[3.727s] -- Up-to-date: /home/ilija/ros2_ws/src/RINS/install/dis_tutorial1/share/dis_tutorial1/cmake/export_dis_tutorial1__rosidl_typesupport_fastrtps_cExport-noconfig.cmake
[3.727s] -- Up-to-date: /home/ilija/ros2_ws/src/RINS/install/dis_tutorial1/share/dis_tutorial1/cmake/export_dis_tutorial1__rosidl_generator_cppExport.cmake
[3.728s] -- Up-to-date: /home/ilija/ros2_ws/src/RINS/install/dis_tutorial1/share/dis_tutorial1/cmake/export_dis_tutorial1__rosidl_typesupport_fastrtps_cppExport.cmake
[3.731s] -- Up-to-date: /home/ilija/ros2_ws/src/RINS/install/dis_tutorial1/share/dis_tutorial1/cmake/export_dis_tutorial1__rosidl_typesupport_fastrtps_cppExport-noconfig.cmake
[3.734s] -- Up-to-date: /home/ilija/ros2_ws/src/RINS/install/dis_tutorial1/share/dis_tutorial1/cmake/dis_tutorial1__rosidl_typesupport_introspection_cExport.cmake
[3.737s] -- Up-to-date: /home/ilija/ros2_ws/src/RINS/install/dis_tutorial1/share/dis_tutorial1/cmake/dis_tutorial1__rosidl_typesupport_introspection_cExport-noconfig.cmake
[3.737s] -- Up-to-date: /home/ilija/ros2_ws/src/RINS/install/dis_tutorial1/share/dis_tutorial1/cmake/dis_tutorial1__rosidl_typesupport_cExport.cmake
[3.737s] -- Up-to-date: /home/ilija/ros2_ws/src/RINS/install/dis_tutorial1/share/dis_tutorial1/cmake/dis_tutorial1__rosidl_typesupport_cExport-noconfig.cmake
[3.737s] -- Up-to-date: /home/ilija/ros2_ws/src/RINS/install/dis_tutorial1/share/dis_tutorial1/cmake/dis_tutorial1__rosidl_typesupport_introspection_cppExport.cmake
[3.738s] -- Up-to-date: /home/ilija/ros2_ws/src/RINS/install/dis_tutorial1/share/dis_tutorial1/cmake/dis_tutorial1__rosidl_typesupport_introspection_cppExport-noconfig.cmake
[3.738s] -- Up-to-date: /home/ilija/ros2_ws/src/RINS/install/dis_tutorial1/share/dis_tutorial1/cmake/dis_tutorial1__rosidl_typesupport_cppExport.cmake
[3.738s] -- Up-to-date: /home/ilija/ros2_ws/src/RINS/install/dis_tutorial1/share/dis_tutorial1/cmake/dis_tutorial1__rosidl_typesupport_cppExport-noconfig.cmake
[3.739s] -- Up-to-date: /home/ilija/ros2_ws/src/RINS/install/dis_tutorial1/share/dis_tutorial1/cmake/export_dis_tutorial1__rosidl_generator_pyExport.cmake
[3.743s] -- Up-to-date: /home/ilija/ros2_ws/src/RINS/install/dis_tutorial1/share/dis_tutorial1/cmake/export_dis_tutorial1__rosidl_generator_pyExport-noconfig.cmake
[3.748s] Invoked command in '/home/ilija/ros2_ws/src/RINS/build/dis_tutorial1' returned '0': CMAKE_PREFIX_PATH=${CMAKE_PREFIX_PATH}:/home/ilija/ros2_ws/src/RINS/install/dis_tutorial2:/opt/ros/humble /usr/bin/cmake --install /home/ilija/ros2_ws/src/RINS/build/dis_tutorial1
