[0.043s] Invoking command in '/home/osboxes/ros2_ws/build/dis_tutorial1': CMAKE_PREFIX_PATH=/opt/ros/humble /usr/bin/cmake --build /home/osboxes/ros2_ws/build/dis_tutorial1 -- -j4 -l4
[0.939s] [  1%] [34m[1mGenerating C code for ROS interfaces[0m
[0.940s] [  3%] Built target ament_cmake_python_copy_dis_tutorial1
[0.940s] [  3%] [34m[1mGenerating C++ code for ROS interfaces[0m
[0.940s] [  5%] [32mBuilding CXX object CMakeFiles/simple_publisher.dir/src/simple_publisher.cpp.o[0m
[0.940s] [  7%] [32mBuilding CXX object CMakeFiles/simple_subscriber.dir/src/simple_subscriber.cpp.o[0m
[2.498s] [  9%] [32mBuilding C object CMakeFiles/dis_tutorial1__rosidl_generator_c.dir/rosidl_generator_c/dis_tutorial1/msg/detail/custom_message__functions.c.o[0m
[2.685s] [  9%] Built target dis_tutorial1__cpp
[2.906s] [ 11%] [32mBuilding CXX object CMakeFiles/simple_set_bool_server_node.dir/src/simple_set_bool_server_node.cpp.o[0m
[3.068s] [ 13%] [32mBuilding C object CMakeFiles/dis_tutorial1__rosidl_generator_c.dir/rosidl_generator_c/dis_tutorial1/srv/detail/add_two_ints__functions.c.o[0m
[3.559s] [ 15%] [32m[1mLinking C shared library libdis_tutorial1__rosidl_generator_c.so[0m
[3.973s] [ 15%] Built target dis_tutorial1__rosidl_generator_c
[4.208s] [ 17%] [34m[1mGenerating C++ type support dispatch for ROS interfaces[0m
[7.297s] [ 19%] [32mBuilding CXX object CMakeFiles/dis_tutorial1__rosidl_typesupport_cpp.dir/rosidl_typesupport_cpp/dis_tutorial1/msg/custom_message__type_support.cpp.o[0m
[10.815s] [ 21%] [32mBuilding CXX object CMakeFiles/dis_tutorial1__rosidl_typesupport_cpp.dir/rosidl_typesupport_cpp/dis_tutorial1/srv/add_two_ints__type_support.cpp.o[0m
[14.278s] [ 23%] [32m[1mLinking CXX shared library libdis_tutorial1__rosidl_typesupport_cpp.so[0m
[14.653s] [ 23%] Built target dis_tutorial1__rosidl_typesupport_cpp
[14.740s] [ 25%] [34m[1mGenerating C type support for eProsima Fast-RTPS[0m
[17.455s] [ 27%] [32mBuilding CXX object CMakeFiles/dis_tutorial1__rosidl_typesupport_fastrtps_c.dir/rosidl_typesupport_fastrtps_c/dis_tutorial1/msg/detail/custom_message__type_support_c.cpp.o[0m
[19.200s] [ 29%] [32mBuilding CXX object CMakeFiles/dis_tutorial1__rosidl_typesupport_fastrtps_c.dir/rosidl_typesupport_fastrtps_c/dis_tutorial1/srv/detail/add_two_ints__type_support_c.cpp.o[0m
[22.665s] [ 31%] [32m[1mLinking CXX shared library libdis_tutorial1__rosidl_typesupport_fastrtps_c.so[0m
[23.117s] [ 31%] Built target dis_tutorial1__rosidl_typesupport_fastrtps_c
[23.195s] [ 33%] [34m[1mGenerating C++ type support for eProsima Fast-RTPS[0m
[24.414s] [ 35%] [32mBuilding CXX object CMakeFiles/dis_tutorial1__rosidl_typesupport_fastrtps_cpp.dir/rosidl_typesupport_fastrtps_cpp/dis_tutorial1/msg/detail/dds_fastrtps/custom_message__type_support.cpp.o[0m
[26.162s] [ 37%] [32mBuilding CXX object CMakeFiles/dis_tutorial1__rosidl_typesupport_fastrtps_cpp.dir/rosidl_typesupport_fastrtps_cpp/dis_tutorial1/srv/detail/dds_fastrtps/add_two_ints__type_support.cpp.o[0m
[28.498s] [ 39%] [32m[1mLinking CXX shared library libdis_tutorial1__rosidl_typesupport_fastrtps_cpp.so[0m
[29.353s] [ 39%] Built target dis_tutorial1__rosidl_typesupport_fastrtps_cpp
[29.377s] [ 41%] [34m[1mGenerating C introspection for ROS interfaces[0m
[30.194s] [ 43%] [32mBuilding C object CMakeFiles/dis_tutorial1__rosidl_typesupport_introspection_c.dir/rosidl_typesupport_introspection_c/dis_tutorial1/msg/detail/custom_message__type_support.c.o[0m
[30.261s] [ 45%] [32m[1mLinking CXX executable simple_set_bool_server_node[0m
[30.380s] [ 47%] [32mBuilding C object CMakeFiles/dis_tutorial1__rosidl_typesupport_introspection_c.dir/rosidl_typesupport_introspection_c/dis_tutorial1/srv/detail/add_two_ints__type_support.c.o[0m
[30.495s] [ 49%] [32m[1mLinking CXX executable simple_publisher[0m
[30.557s] [ 50%] [32m[1mLinking C shared library libdis_tutorial1__rosidl_typesupport_introspection_c.so[0m
[30.757s] [ 50%] Built target dis_tutorial1__rosidl_typesupport_introspection_c
[30.825s] [ 52%] [34m[1mGenerating C type support dispatch for ROS interfaces[0m
[30.953s] [ 52%] Built target simple_set_bool_server_node
[30.972s] [ 54%] [34m[1mGenerating C++ introspection for ROS interfaces[0m
[31.168s] [ 54%] Built target simple_publisher
[31.668s] [ 56%] [32mBuilding CXX object CMakeFiles/dis_tutorial1__rosidl_typesupport_c.dir/rosidl_typesupport_c/dis_tutorial1/msg/custom_message__type_support.cpp.o[0m
[31.785s] [ 58%] [32mBuilding CXX object CMakeFiles/dis_tutorial1__rosidl_typesupport_c.dir/rosidl_typesupport_c/dis_tutorial1/srv/add_two_ints__type_support.cpp.o[0m
[31.826s] [ 60%] [32mBuilding CXX object CMakeFiles/dis_tutorial1__rosidl_typesupport_introspection_cpp.dir/rosidl_typesupport_introspection_cpp/dis_tutorial1/msg/detail/custom_message__type_support.cpp.o[0m
[31.890s] [ 62%] [32m[1mLinking CXX shared library libdis_tutorial1__rosidl_typesupport_c.so[0m
[31.914s] running egg_info
[31.914s] creating dis_tutorial1.egg-info
[31.914s] writing dis_tutorial1.egg-info/PKG-INFO
[31.917s] writing dependency_links to dis_tutorial1.egg-info/dependency_links.txt
[31.918s] writing top-level names to dis_tutorial1.egg-info/top_level.txt
[31.918s] writing manifest file 'dis_tutorial1.egg-info/SOURCES.txt'
[31.919s] reading manifest file 'dis_tutorial1.egg-info/SOURCES.txt'
[31.920s] writing manifest file 'dis_tutorial1.egg-info/SOURCES.txt'
[31.987s] [ 62%] Built target ament_cmake_python_build_dis_tutorial1_egg
[32.068s] [ 62%] Built target dis_tutorial1__rosidl_typesupport_c
[32.108s] [ 64%] [32mBuilding CXX object CMakeFiles/simple_client_node.dir/src/simple_client_node.cpp.o[0m
[32.165s] [ 66%] [32mBuilding CXX object CMakeFiles/simple_server_node.dir/src/simple_server_node.cpp.o[0m
[33.093s] [ 68%] [32mBuilding CXX object CMakeFiles/dis_tutorial1__rosidl_typesupport_introspection_cpp.dir/rosidl_typesupport_introspection_cpp/dis_tutorial1/srv/detail/add_two_ints__type_support.cpp.o[0m
[34.356s] [ 70%] [32m[1mLinking CXX shared library libdis_tutorial1__rosidl_typesupport_introspection_cpp.so[0m
[34.610s] [ 70%] Built target dis_tutorial1__rosidl_typesupport_introspection_cpp
[34.687s] [ 72%] [32mBuilding CXX object CMakeFiles/complete_node.dir/src/complete_node.cpp.o[0m
[43.856s] [ 74%] [32m[1mLinking CXX executable simple_subscriber[0m
[44.862s] [ 76%] [32m[1mLinking CXX executable simple_server_node[0m
[45.047s] [ 76%] Built target simple_subscriber
[45.274s] [ 76%] Built target simple_server_node
[45.455s] [ 78%] [32m[1mLinking CXX executable simple_client_node[0m
[45.765s] [ 78%] Built target simple_client_node
[58.820s] [ 80%] [32m[1mLinking CXX executable complete_node[0m
[59.708s] [ 80%] Built target complete_node
[59.751s] [ 80%] Built target dis_tutorial1
[59.789s] [ 82%] [34m[1mGenerating Python code for ROS interfaces[0m
[60.527s] [ 82%] Built target dis_tutorial1__py
[60.587s] [ 84%] [32mBuilding C object CMakeFiles/dis_tutorial1__rosidl_generator_py.dir/rosidl_generator_py/dis_tutorial1/msg/_custom_message_s.c.o[0m
[60.591s] [ 86%] [32mBuilding C object CMakeFiles/dis_tutorial1__rosidl_generator_py.dir/rosidl_generator_py/dis_tutorial1/srv/_add_two_ints_s.c.o[0m
[60.759s] [ 88%] [32m[1mLinking C shared library rosidl_generator_py/dis_tutorial1/libdis_tutorial1__rosidl_generator_py.so[0m
[60.820s] [ 88%] Built target dis_tutorial1__rosidl_generator_py
[60.858s] [ 90%] [32mBuilding C object CMakeFiles/dis_tutorial1__rosidl_typesupport_fastrtps_c__pyext.dir/rosidl_generator_py/dis_tutorial1/_dis_tutorial1_s.ep.rosidl_typesupport_fastrtps_c.c.o[0m
[60.858s] [ 92%] [32mBuilding C object CMakeFiles/dis_tutorial1__rosidl_typesupport_c__pyext.dir/rosidl_generator_py/dis_tutorial1/_dis_tutorial1_s.ep.rosidl_typesupport_c.c.o[0m
[60.859s] [ 94%] [32mBuilding C object CMakeFiles/dis_tutorial1__rosidl_typesupport_introspection_c__pyext.dir/rosidl_generator_py/dis_tutorial1/_dis_tutorial1_s.ep.rosidl_typesupport_introspection_c.c.o[0m
[61.077s] [ 96%] [32m[1mLinking C shared library rosidl_generator_py/dis_tutorial1/dis_tutorial1_s__rosidl_typesupport_introspection_c.cpython-310-x86_64-linux-gnu.so[0m
[61.079s] [ 98%] [32m[1mLinking C shared library rosidl_generator_py/dis_tutorial1/dis_tutorial1_s__rosidl_typesupport_c.cpython-310-x86_64-linux-gnu.so[0m
[61.128s] [100%] [32m[1mLinking C shared library rosidl_generator_py/dis_tutorial1/dis_tutorial1_s__rosidl_typesupport_fastrtps_c.cpython-310-x86_64-linux-gnu.so[0m
[61.207s] [100%] Built target dis_tutorial1__rosidl_typesupport_c__pyext
[61.211s] [100%] Built target dis_tutorial1__rosidl_typesupport_introspection_c__pyext
[61.277s] [100%] Built target dis_tutorial1__rosidl_typesupport_fastrtps_c__pyext
[61.311s] Invoked command in '/home/osboxes/ros2_ws/build/dis_tutorial1' returned '0': CMAKE_PREFIX_PATH=/opt/ros/humble /usr/bin/cmake --build /home/osboxes/ros2_ws/build/dis_tutorial1 -- -j4 -l4
[61.316s] Invoking command in '/home/osboxes/ros2_ws/build/dis_tutorial1': CMAKE_PREFIX_PATH=/opt/ros/humble /usr/bin/cmake --install /home/osboxes/ros2_ws/build/dis_tutorial1
[61.342s] -- Install configuration: ""
[61.343s] -- Installing: /home/osboxes/ros2_ws/install/dis_tutorial1/share/ament_index/resource_index/rosidl_interfaces/dis_tutorial1
[61.343s] -- Installing: /home/osboxes/ros2_ws/install/dis_tutorial1/include/dis_tutorial1/dis_tutorial1
[61.343s] -- Installing: /home/osboxes/ros2_ws/install/dis_tutorial1/include/dis_tutorial1/dis_tutorial1/msg
[61.343s] -- Installing: /home/osboxes/ros2_ws/install/dis_tutorial1/include/dis_tutorial1/dis_tutorial1/msg/rosidl_generator_c__visibility_control.h
[61.343s] -- Installing: /home/osboxes/ros2_ws/install/dis_tutorial1/include/dis_tutorial1/dis_tutorial1/msg/custom_message.h
[61.344s] -- Installing: /home/osboxes/ros2_ws/install/dis_tutorial1/include/dis_tutorial1/dis_tutorial1/msg/detail
[61.344s] -- Installing: /home/osboxes/ros2_ws/install/dis_tutorial1/include/dis_tutorial1/dis_tutorial1/msg/detail/custom_message__type_support.h
[61.345s] -- Installing: /home/osboxes/ros2_ws/install/dis_tutorial1/include/dis_tutorial1/dis_tutorial1/msg/detail/custom_message__functions.h
[61.345s] -- Installing: /home/osboxes/ros2_ws/install/dis_tutorial1/include/dis_tutorial1/dis_tutorial1/msg/detail/custom_message__struct.h
[61.346s] -- Installing: /home/osboxes/ros2_ws/install/dis_tutorial1/include/dis_tutorial1/dis_tutorial1/msg/detail/custom_message__functions.c
[61.346s] -- Installing: /home/osboxes/ros2_ws/install/dis_tutorial1/include/dis_tutorial1/dis_tutorial1/srv
[61.346s] -- Installing: /home/osboxes/ros2_ws/install/dis_tutorial1/include/dis_tutorial1/dis_tutorial1/srv/detail
[61.347s] -- Installing: /home/osboxes/ros2_ws/install/dis_tutorial1/include/dis_tutorial1/dis_tutorial1/srv/detail/add_two_ints__functions.h
[61.347s] -- Installing: /home/osboxes/ros2_ws/install/dis_tutorial1/include/dis_tutorial1/dis_tutorial1/srv/detail/add_two_ints__functions.c
[61.347s] -- Installing: /home/osboxes/ros2_ws/install/dis_tutorial1/include/dis_tutorial1/dis_tutorial1/srv/detail/add_two_ints__struct.h
[61.348s] -- Installing: /home/osboxes/ros2_ws/install/dis_tutorial1/include/dis_tutorial1/dis_tutorial1/srv/detail/add_two_ints__type_support.h
[61.348s] -- Installing: /home/osboxes/ros2_ws/install/dis_tutorial1/include/dis_tutorial1/dis_tutorial1/srv/add_two_ints.h
[61.349s] -- Installing: /home/osboxes/ros2_ws/install/dis_tutorial1/share/dis_tutorial1/environment/library_path.sh
[61.350s] -- Installing: /home/osboxes/ros2_ws/install/dis_tutorial1/share/dis_tutorial1/environment/library_path.dsv
[61.350s] -- Installing: /home/osboxes/ros2_ws/install/dis_tutorial1/lib/libdis_tutorial1__rosidl_generator_c.so
[61.351s] -- Set runtime path of "/home/osboxes/ros2_ws/install/dis_tutorial1/lib/libdis_tutorial1__rosidl_generator_c.so" to ""
[61.351s] -- Up-to-date: /home/osboxes/ros2_ws/install/dis_tutorial1/include/dis_tutorial1/dis_tutorial1
[61.351s] -- Up-to-date: /home/osboxes/ros2_ws/install/dis_tutorial1/include/dis_tutorial1/dis_tutorial1/msg
[61.351s] -- Up-to-date: /home/osboxes/ros2_ws/install/dis_tutorial1/include/dis_tutorial1/dis_tutorial1/msg/detail
[61.351s] -- Installing: /home/osboxes/ros2_ws/install/dis_tutorial1/include/dis_tutorial1/dis_tutorial1/msg/detail/custom_message__rosidl_typesupport_fastrtps_c.h
[61.352s] -- Installing: /home/osboxes/ros2_ws/install/dis_tutorial1/include/dis_tutorial1/dis_tutorial1/msg/rosidl_typesupport_fastrtps_c__visibility_control.h
[61.352s] -- Up-to-date: /home/osboxes/ros2_ws/install/dis_tutorial1/include/dis_tutorial1/dis_tutorial1/srv
[61.352s] -- Up-to-date: /home/osboxes/ros2_ws/install/dis_tutorial1/include/dis_tutorial1/dis_tutorial1/srv/detail
[61.352s] -- Installing: /home/osboxes/ros2_ws/install/dis_tutorial1/include/dis_tutorial1/dis_tutorial1/srv/detail/add_two_ints__rosidl_typesupport_fastrtps_c.h
[61.353s] -- Installing: /home/osboxes/ros2_ws/install/dis_tutorial1/lib/libdis_tutorial1__rosidl_typesupport_fastrtps_c.so
[61.353s] -- Set runtime path of "/home/osboxes/ros2_ws/install/dis_tutorial1/lib/libdis_tutorial1__rosidl_typesupport_fastrtps_c.so" to ""
[61.353s] -- Up-to-date: /home/osboxes/ros2_ws/install/dis_tutorial1/include/dis_tutorial1/dis_tutorial1
[61.353s] -- Up-to-date: /home/osboxes/ros2_ws/install/dis_tutorial1/include/dis_tutorial1/dis_tutorial1/msg
[61.353s] -- Installing: /home/osboxes/ros2_ws/install/dis_tutorial1/include/dis_tutorial1/dis_tutorial1/msg/rosidl_generator_cpp__visibility_control.hpp
[61.353s] -- Installing: /home/osboxes/ros2_ws/install/dis_tutorial1/include/dis_tutorial1/dis_tutorial1/msg/custom_message.hpp
[61.354s] -- Up-to-date: /home/osboxes/ros2_ws/install/dis_tutorial1/include/dis_tutorial1/dis_tutorial1/msg/detail
[61.354s] -- Installing: /home/osboxes/ros2_ws/install/dis_tutorial1/include/dis_tutorial1/dis_tutorial1/msg/detail/custom_message__builder.hpp
[61.355s] -- Installing: /home/osboxes/ros2_ws/install/dis_tutorial1/include/dis_tutorial1/dis_tutorial1/msg/detail/custom_message__traits.hpp
[61.355s] -- Installing: /home/osboxes/ros2_ws/install/dis_tutorial1/include/dis_tutorial1/dis_tutorial1/msg/detail/custom_message__struct.hpp
[61.356s] -- Installing: /home/osboxes/ros2_ws/install/dis_tutorial1/include/dis_tutorial1/dis_tutorial1/msg/detail/custom_message__type_support.hpp
[61.356s] -- Up-to-date: /home/osboxes/ros2_ws/install/dis_tutorial1/include/dis_tutorial1/dis_tutorial1/srv
[61.357s] -- Installing: /home/osboxes/ros2_ws/install/dis_tutorial1/include/dis_tutorial1/dis_tutorial1/srv/add_two_ints.hpp
[61.357s] -- Up-to-date: /home/osboxes/ros2_ws/install/dis_tutorial1/include/dis_tutorial1/dis_tutorial1/srv/detail
[61.357s] -- Installing: /home/osboxes/ros2_ws/install/dis_tutorial1/include/dis_tutorial1/dis_tutorial1/srv/detail/add_two_ints__type_support.hpp
[61.358s] -- Installing: /home/osboxes/ros2_ws/install/dis_tutorial1/include/dis_tutorial1/dis_tutorial1/srv/detail/add_two_ints__builder.hpp
[61.358s] -- Installing: /home/osboxes/ros2_ws/install/dis_tutorial1/include/dis_tutorial1/dis_tutorial1/srv/detail/add_two_ints__traits.hpp
[61.359s] -- Installing: /home/osboxes/ros2_ws/install/dis_tutorial1/include/dis_tutorial1/dis_tutorial1/srv/detail/add_two_ints__struct.hpp
[61.360s] -- Up-to-date: /home/osboxes/ros2_ws/install/dis_tutorial1/include/dis_tutorial1/dis_tutorial1
[61.360s] -- Up-to-date: /home/osboxes/ros2_ws/install/dis_tutorial1/include/dis_tutorial1/dis_tutorial1/msg
[61.361s] -- Installing: /home/osboxes/ros2_ws/install/dis_tutorial1/include/dis_tutorial1/dis_tutorial1/msg/rosidl_typesupport_fastrtps_cpp__visibility_control.h
[61.361s] -- Up-to-date: /home/osboxes/ros2_ws/install/dis_tutorial1/include/dis_tutorial1/dis_tutorial1/msg/detail
[61.361s] -- Installing: /home/osboxes/ros2_ws/install/dis_tutorial1/include/dis_tutorial1/dis_tutorial1/msg/detail/dds_fastrtps
[61.361s] -- Installing: /home/osboxes/ros2_ws/install/dis_tutorial1/include/dis_tutorial1/dis_tutorial1/msg/detail/custom_message__rosidl_typesupport_fastrtps_cpp.hpp
[61.361s] -- Up-to-date: /home/osboxes/ros2_ws/install/dis_tutorial1/include/dis_tutorial1/dis_tutorial1/srv
[61.362s] -- Up-to-date: /home/osboxes/ros2_ws/install/dis_tutorial1/include/dis_tutorial1/dis_tutorial1/srv/detail
[61.362s] -- Installing: /home/osboxes/ros2_ws/install/dis_tutorial1/include/dis_tutorial1/dis_tutorial1/srv/detail/dds_fastrtps
[61.362s] -- Installing: /home/osboxes/ros2_ws/install/dis_tutorial1/include/dis_tutorial1/dis_tutorial1/srv/detail/add_two_ints__rosidl_typesupport_fastrtps_cpp.hpp
[61.362s] -- Installing: /home/osboxes/ros2_ws/install/dis_tutorial1/lib/libdis_tutorial1__rosidl_typesupport_fastrtps_cpp.so
[61.364s] -- Set runtime path of "/home/osboxes/ros2_ws/install/dis_tutorial1/lib/libdis_tutorial1__rosidl_typesupport_fastrtps_cpp.so" to ""
[61.364s] -- Up-to-date: /home/osboxes/ros2_ws/install/dis_tutorial1/include/dis_tutorial1/dis_tutorial1
[61.364s] -- Up-to-date: /home/osboxes/ros2_ws/install/dis_tutorial1/include/dis_tutorial1/dis_tutorial1/msg
[61.365s] -- Installing: /home/osboxes/ros2_ws/install/dis_tutorial1/include/dis_tutorial1/dis_tutorial1/msg/rosidl_typesupport_introspection_c__visibility_control.h
[61.365s] -- Up-to-date: /home/osboxes/ros2_ws/install/dis_tutorial1/include/dis_tutorial1/dis_tutorial1/msg/detail
[61.365s] -- Installing: /home/osboxes/ros2_ws/install/dis_tutorial1/include/dis_tutorial1/dis_tutorial1/msg/detail/custom_message__type_support.c
[61.366s] -- Installing: /home/osboxes/ros2_ws/install/dis_tutorial1/include/dis_tutorial1/dis_tutorial1/msg/detail/custom_message__rosidl_typesupport_introspection_c.h
[61.366s] -- Up-to-date: /home/osboxes/ros2_ws/install/dis_tutorial1/include/dis_tutorial1/dis_tutorial1/srv
[61.366s] -- Up-to-date: /home/osboxes/ros2_ws/install/dis_tutorial1/include/dis_tutorial1/dis_tutorial1/srv/detail
[61.367s] -- Installing: /home/osboxes/ros2_ws/install/dis_tutorial1/include/dis_tutorial1/dis_tutorial1/srv/detail/add_two_ints__type_support.c
[61.367s] -- Installing: /home/osboxes/ros2_ws/install/dis_tutorial1/include/dis_tutorial1/dis_tutorial1/srv/detail/add_two_ints__rosidl_typesupport_introspection_c.h
[61.367s] -- Installing: /home/osboxes/ros2_ws/install/dis_tutorial1/lib/libdis_tutorial1__rosidl_typesupport_introspection_c.so
[61.368s] -- Set runtime path of "/home/osboxes/ros2_ws/install/dis_tutorial1/lib/libdis_tutorial1__rosidl_typesupport_introspection_c.so" to ""
[61.369s] -- Installing: /home/osboxes/ros2_ws/install/dis_tutorial1/lib/libdis_tutorial1__rosidl_typesupport_c.so
[61.369s] -- Set runtime path of "/home/osboxes/ros2_ws/install/dis_tutorial1/lib/libdis_tutorial1__rosidl_typesupport_c.so" to ""
[61.370s] -- Up-to-date: /home/osboxes/ros2_ws/install/dis_tutorial1/include/dis_tutorial1/dis_tutorial1
[61.370s] -- Up-to-date: /home/osboxes/ros2_ws/install/dis_tutorial1/include/dis_tutorial1/dis_tutorial1/msg
[61.370s] -- Up-to-date: /home/osboxes/ros2_ws/install/dis_tutorial1/include/dis_tutorial1/dis_tutorial1/msg/detail
[61.371s] -- Installing: /home/osboxes/ros2_ws/install/dis_tutorial1/include/dis_tutorial1/dis_tutorial1/msg/detail/custom_message__type_support.cpp
[61.371s] -- Installing: /home/osboxes/ros2_ws/install/dis_tutorial1/include/dis_tutorial1/dis_tutorial1/msg/detail/custom_message__rosidl_typesupport_introspection_cpp.hpp
[61.371s] -- Up-to-date: /home/osboxes/ros2_ws/install/dis_tutorial1/include/dis_tutorial1/dis_tutorial1/srv
[61.371s] -- Up-to-date: /home/osboxes/ros2_ws/install/dis_tutorial1/include/dis_tutorial1/dis_tutorial1/srv/detail
[61.372s] -- Installing: /home/osboxes/ros2_ws/install/dis_tutorial1/include/dis_tutorial1/dis_tutorial1/srv/detail/add_two_ints__rosidl_typesupport_introspection_cpp.hpp
[61.372s] -- Installing: /home/osboxes/ros2_ws/install/dis_tutorial1/include/dis_tutorial1/dis_tutorial1/srv/detail/add_two_ints__type_support.cpp
[61.373s] -- Installing: /home/osboxes/ros2_ws/install/dis_tutorial1/lib/libdis_tutorial1__rosidl_typesupport_introspection_cpp.so
[61.374s] -- Set runtime path of "/home/osboxes/ros2_ws/install/dis_tutorial1/lib/libdis_tutorial1__rosidl_typesupport_introspection_cpp.so" to ""
[61.374s] -- Installing: /home/osboxes/ros2_ws/install/dis_tutorial1/lib/libdis_tutorial1__rosidl_typesupport_cpp.so
[61.375s] -- Set runtime path of "/home/osboxes/ros2_ws/install/dis_tutorial1/lib/libdis_tutorial1__rosidl_typesupport_cpp.so" to ""
[61.376s] -- Installing: /home/osboxes/ros2_ws/install/dis_tutorial1/share/dis_tutorial1/environment/pythonpath.sh
[61.376s] -- Installing: /home/osboxes/ros2_ws/install/dis_tutorial1/share/dis_tutorial1/environment/pythonpath.dsv
[61.377s] -- Installing: /home/osboxes/ros2_ws/install/dis_tutorial1/local/lib/python3.10/dist-packages/dis_tutorial1-0.0.1-py3.10.egg-info
[61.377s] -- Installing: /home/osboxes/ros2_ws/install/dis_tutorial1/local/lib/python3.10/dist-packages/dis_tutorial1-0.0.1-py3.10.egg-info/SOURCES.txt
[61.378s] -- Installing: /home/osboxes/ros2_ws/install/dis_tutorial1/local/lib/python3.10/dist-packages/dis_tutorial1-0.0.1-py3.10.egg-info/PKG-INFO
[61.378s] -- Installing: /home/osboxes/ros2_ws/install/dis_tutorial1/local/lib/python3.10/dist-packages/dis_tutorial1-0.0.1-py3.10.egg-info/dependency_links.txt
[61.379s] -- Installing: /home/osboxes/ros2_ws/install/dis_tutorial1/local/lib/python3.10/dist-packages/dis_tutorial1-0.0.1-py3.10.egg-info/top_level.txt
[61.379s] -- Installing: /home/osboxes/ros2_ws/install/dis_tutorial1/local/lib/python3.10/dist-packages/dis_tutorial1
[61.379s] -- Installing: /home/osboxes/ros2_ws/install/dis_tutorial1/local/lib/python3.10/dist-packages/dis_tutorial1/dis_tutorial1_s__rosidl_typesupport_fastrtps_c.cpython-310-x86_64-linux-gnu.so
[61.380s] -- Installing: /home/osboxes/ros2_ws/install/dis_tutorial1/local/lib/python3.10/dist-packages/dis_tutorial1/_dis_tutorial1_s.ep.rosidl_typesupport_introspection_c.c
[61.380s] -- Installing: /home/osboxes/ros2_ws/install/dis_tutorial1/local/lib/python3.10/dist-packages/dis_tutorial1/dis_tutorial1_s__rosidl_typesupport_c.cpython-310-x86_64-linux-gnu.so
[61.380s] -- Installing: /home/osboxes/ros2_ws/install/dis_tutorial1/local/lib/python3.10/dist-packages/dis_tutorial1/msg
[61.380s] -- Installing: /home/osboxes/ros2_ws/install/dis_tutorial1/local/lib/python3.10/dist-packages/dis_tutorial1/msg/__init__.py
[61.381s] -- Installing: /home/osboxes/ros2_ws/install/dis_tutorial1/local/lib/python3.10/dist-packages/dis_tutorial1/msg/_custom_message_s.c
[61.381s] -- Installing: /home/osboxes/ros2_ws/install/dis_tutorial1/local/lib/python3.10/dist-packages/dis_tutorial1/msg/_custom_message.py
[61.382s] -- Installing: /home/osboxes/ros2_ws/install/dis_tutorial1/local/lib/python3.10/dist-packages/dis_tutorial1/dis_tutorial1_s__rosidl_typesupport_introspection_c.cpython-310-x86_64-linux-gnu.so
[61.382s] -- Installing: /home/osboxes/ros2_ws/install/dis_tutorial1/local/lib/python3.10/dist-packages/dis_tutorial1/libdis_tutorial1__rosidl_generator_py.so
[61.382s] -- Installing: /home/osboxes/ros2_ws/install/dis_tutorial1/local/lib/python3.10/dist-packages/dis_tutorial1/__init__.py
[61.383s] -- Installing: /home/osboxes/ros2_ws/install/dis_tutorial1/local/lib/python3.10/dist-packages/dis_tutorial1/_dis_tutorial1_s.ep.rosidl_typesupport_fastrtps_c.c
[61.383s] -- Installing: /home/osboxes/ros2_ws/install/dis_tutorial1/local/lib/python3.10/dist-packages/dis_tutorial1/_dis_tutorial1_s.ep.rosidl_typesupport_c.c
[61.383s] -- Installing: /home/osboxes/ros2_ws/install/dis_tutorial1/local/lib/python3.10/dist-packages/dis_tutorial1/srv
[61.383s] -- Installing: /home/osboxes/ros2_ws/install/dis_tutorial1/local/lib/python3.10/dist-packages/dis_tutorial1/srv/_add_two_ints.py
[61.383s] -- Installing: /home/osboxes/ros2_ws/install/dis_tutorial1/local/lib/python3.10/dist-packages/dis_tutorial1/srv/_add_two_ints_s.c
[61.383s] -- Installing: /home/osboxes/ros2_ws/install/dis_tutorial1/local/lib/python3.10/dist-packages/dis_tutorial1/srv/__init__.py
[61.499s] Listing '/home/osboxes/ros2_ws/install/dis_tutorial1/local/lib/python3.10/dist-packages/dis_tutorial1'...
[61.499s] Compiling '/home/osboxes/ros2_ws/install/dis_tutorial1/local/lib/python3.10/dist-packages/dis_tutorial1/__init__.py'...
[61.500s] Listing '/home/osboxes/ros2_ws/install/dis_tutorial1/local/lib/python3.10/dist-packages/dis_tutorial1/msg'...
[61.500s] Compiling '/home/osboxes/ros2_ws/install/dis_tutorial1/local/lib/python3.10/dist-packages/dis_tutorial1/msg/__init__.py'...
[61.500s] Compiling '/home/osboxes/ros2_ws/install/dis_tutorial1/local/lib/python3.10/dist-packages/dis_tutorial1/msg/_custom_message.py'...
[61.501s] Listing '/home/osboxes/ros2_ws/install/dis_tutorial1/local/lib/python3.10/dist-packages/dis_tutorial1/srv'...
[61.501s] Compiling '/home/osboxes/ros2_ws/install/dis_tutorial1/local/lib/python3.10/dist-packages/dis_tutorial1/srv/__init__.py'...
[61.501s] Compiling '/home/osboxes/ros2_ws/install/dis_tutorial1/local/lib/python3.10/dist-packages/dis_tutorial1/srv/_add_two_ints.py'...
[61.508s] -- Installing: /home/osboxes/ros2_ws/install/dis_tutorial1/local/lib/python3.10/dist-packages/dis_tutorial1/dis_tutorial1_s__rosidl_typesupport_fastrtps_c.cpython-310-x86_64-linux-gnu.so
[61.509s] -- Set runtime path of "/home/osboxes/ros2_ws/install/dis_tutorial1/local/lib/python3.10/dist-packages/dis_tutorial1/dis_tutorial1_s__rosidl_typesupport_fastrtps_c.cpython-310-x86_64-linux-gnu.so" to ""
[61.510s] -- Installing: /home/osboxes/ros2_ws/install/dis_tutorial1/local/lib/python3.10/dist-packages/dis_tutorial1/dis_tutorial1_s__rosidl_typesupport_introspection_c.cpython-310-x86_64-linux-gnu.so
[61.511s] -- Set runtime path of "/home/osboxes/ros2_ws/install/dis_tutorial1/local/lib/python3.10/dist-packages/dis_tutorial1/dis_tutorial1_s__rosidl_typesupport_introspection_c.cpython-310-x86_64-linux-gnu.so" to ""
[61.512s] -- Installing: /home/osboxes/ros2_ws/install/dis_tutorial1/local/lib/python3.10/dist-packages/dis_tutorial1/dis_tutorial1_s__rosidl_typesupport_c.cpython-310-x86_64-linux-gnu.so
[61.513s] -- Set runtime path of "/home/osboxes/ros2_ws/install/dis_tutorial1/local/lib/python3.10/dist-packages/dis_tutorial1/dis_tutorial1_s__rosidl_typesupport_c.cpython-310-x86_64-linux-gnu.so" to ""
[61.513s] -- Installing: /home/osboxes/ros2_ws/install/dis_tutorial1/lib/libdis_tutorial1__rosidl_generator_py.so
[61.514s] -- Set runtime path of "/home/osboxes/ros2_ws/install/dis_tutorial1/lib/libdis_tutorial1__rosidl_generator_py.so" to ""
[61.514s] -- Installing: /home/osboxes/ros2_ws/install/dis_tutorial1/share/dis_tutorial1/msg/CustomMessage.idl
[61.515s] -- Installing: /home/osboxes/ros2_ws/install/dis_tutorial1/share/dis_tutorial1/srv/AddTwoInts.idl
[61.515s] -- Installing: /home/osboxes/ros2_ws/install/dis_tutorial1/share/dis_tutorial1/msg/CustomMessage.msg
[61.516s] -- Installing: /home/osboxes/ros2_ws/install/dis_tutorial1/share/dis_tutorial1/srv/AddTwoInts.srv
[61.518s] -- Installing: /home/osboxes/ros2_ws/install/dis_tutorial1/share/dis_tutorial1/srv/AddTwoInts_Request.msg
[61.519s] -- Installing: /home/osboxes/ros2_ws/install/dis_tutorial1/share/dis_tutorial1/srv/AddTwoInts_Response.msg
[61.519s] -- Installing: /home/osboxes/ros2_ws/install/dis_tutorial1/lib/dis_tutorial1/simple_publisher
[61.520s] -- Set runtime path of "/home/osboxes/ros2_ws/install/dis_tutorial1/lib/dis_tutorial1/simple_publisher" to ""
[61.520s] -- Installing: /home/osboxes/ros2_ws/install/dis_tutorial1/lib/dis_tutorial1/simple_subscriber
[61.529s] -- Set runtime path of "/home/osboxes/ros2_ws/install/dis_tutorial1/lib/dis_tutorial1/simple_subscriber" to ""
[61.529s] -- Installing: /home/osboxes/ros2_ws/install/dis_tutorial1/lib/dis_tutorial1/simple_client_node
[61.533s] -- Set runtime path of "/home/osboxes/ros2_ws/install/dis_tutorial1/lib/dis_tutorial1/simple_client_node" to ""
[61.533s] -- Installing: /home/osboxes/ros2_ws/install/dis_tutorial1/lib/dis_tutorial1/simple_server_node
[61.536s] -- Set runtime path of "/home/osboxes/ros2_ws/install/dis_tutorial1/lib/dis_tutorial1/simple_server_node" to ""
[61.536s] -- Installing: /home/osboxes/ros2_ws/install/dis_tutorial1/lib/dis_tutorial1/complete_node
[61.551s] -- Set runtime path of "/home/osboxes/ros2_ws/install/dis_tutorial1/lib/dis_tutorial1/complete_node" to ""
[61.552s] -- Installing: /home/osboxes/ros2_ws/install/dis_tutorial1/lib/dis_tutorial1/simple_set_bool_server_node
[61.553s] -- Set runtime path of "/home/osboxes/ros2_ws/install/dis_tutorial1/lib/dis_tutorial1/simple_set_bool_server_node" to ""
[61.553s] -- Installing: /home/osboxes/ros2_ws/install/dis_tutorial1/lib/dis_tutorial1/py_simple_publisher.py
[61.554s] -- Installing: /home/osboxes/ros2_ws/install/dis_tutorial1/lib/dis_tutorial1/py_simple_subscriber.py
[61.554s] -- Installing: /home/osboxes/ros2_ws/install/dis_tutorial1/lib/dis_tutorial1/py_simple_server_node.py
[61.554s] -- Installing: /home/osboxes/ros2_ws/install/dis_tutorial1/lib/dis_tutorial1/py_simple_client_node.py
[61.555s] -- Installing: /home/osboxes/ros2_ws/install/dis_tutorial1/lib/dis_tutorial1/py_complete_node.py
[61.555s] -- Installing: /home/osboxes/ros2_ws/install/dis_tutorial1/lib/dis_tutorial1/py_draw_square.py
[61.556s] -- Installing: /home/osboxes/ros2_ws/install/dis_tutorial1/share/ament_index/resource_index/package_run_dependencies/dis_tutorial1
[61.556s] -- Installing: /home/osboxes/ros2_ws/install/dis_tutorial1/share/ament_index/resource_index/parent_prefix_path/dis_tutorial1
[61.556s] -- Installing: /home/osboxes/ros2_ws/install/dis_tutorial1/share/dis_tutorial1/environment/ament_prefix_path.sh
[61.556s] -- Installing: /home/osboxes/ros2_ws/install/dis_tutorial1/share/dis_tutorial1/environment/ament_prefix_path.dsv
[61.556s] -- Installing: /home/osboxes/ros2_ws/install/dis_tutorial1/share/dis_tutorial1/environment/path.sh
[61.556s] -- Installing: /home/osboxes/ros2_ws/install/dis_tutorial1/share/dis_tutorial1/environment/path.dsv
[61.556s] -- Installing: /home/osboxes/ros2_ws/install/dis_tutorial1/share/dis_tutorial1/local_setup.bash
[61.557s] -- Installing: /home/osboxes/ros2_ws/install/dis_tutorial1/share/dis_tutorial1/local_setup.sh
[61.557s] -- Installing: /home/osboxes/ros2_ws/install/dis_tutorial1/share/dis_tutorial1/local_setup.zsh
[61.558s] -- Installing: /home/osboxes/ros2_ws/install/dis_tutorial1/share/dis_tutorial1/local_setup.dsv
[61.558s] -- Installing: /home/osboxes/ros2_ws/install/dis_tutorial1/share/dis_tutorial1/package.dsv
[61.559s] -- Installing: /home/osboxes/ros2_ws/install/dis_tutorial1/share/ament_index/resource_index/packages/dis_tutorial1
[61.560s] -- Installing: /home/osboxes/ros2_ws/install/dis_tutorial1/share/dis_tutorial1/cmake/export_dis_tutorial1__rosidl_generator_cExport.cmake
[61.561s] -- Installing: /home/osboxes/ros2_ws/install/dis_tutorial1/share/dis_tutorial1/cmake/export_dis_tutorial1__rosidl_generator_cExport-noconfig.cmake
[61.561s] -- Installing: /home/osboxes/ros2_ws/install/dis_tutorial1/share/dis_tutorial1/cmake/export_dis_tutorial1__rosidl_typesupport_fastrtps_cExport.cmake
[61.562s] -- Installing: /home/osboxes/ros2_ws/install/dis_tutorial1/share/dis_tutorial1/cmake/export_dis_tutorial1__rosidl_typesupport_fastrtps_cExport-noconfig.cmake
[61.563s] -- Installing: /home/osboxes/ros2_ws/install/dis_tutorial1/share/dis_tutorial1/cmake/export_dis_tutorial1__rosidl_generator_cppExport.cmake
[61.563s] -- Installing: /home/osboxes/ros2_ws/install/dis_tutorial1/share/dis_tutorial1/cmake/export_dis_tutorial1__rosidl_typesupport_fastrtps_cppExport.cmake
[61.564s] -- Installing: /home/osboxes/ros2_ws/install/dis_tutorial1/share/dis_tutorial1/cmake/export_dis_tutorial1__rosidl_typesupport_fastrtps_cppExport-noconfig.cmake
[61.565s] -- Installing: /home/osboxes/ros2_ws/install/dis_tutorial1/share/dis_tutorial1/cmake/dis_tutorial1__rosidl_typesupport_introspection_cExport.cmake
[61.565s] -- Installing: /home/osboxes/ros2_ws/install/dis_tutorial1/share/dis_tutorial1/cmake/dis_tutorial1__rosidl_typesupport_introspection_cExport-noconfig.cmake
[61.566s] -- Installing: /home/osboxes/ros2_ws/install/dis_tutorial1/share/dis_tutorial1/cmake/dis_tutorial1__rosidl_typesupport_cExport.cmake
[61.567s] -- Installing: /home/osboxes/ros2_ws/install/dis_tutorial1/share/dis_tutorial1/cmake/dis_tutorial1__rosidl_typesupport_cExport-noconfig.cmake
[61.567s] -- Installing: /home/osboxes/ros2_ws/install/dis_tutorial1/share/dis_tutorial1/cmake/dis_tutorial1__rosidl_typesupport_introspection_cppExport.cmake
[61.569s] -- Installing: /home/osboxes/ros2_ws/install/dis_tutorial1/share/dis_tutorial1/cmake/dis_tutorial1__rosidl_typesupport_introspection_cppExport-noconfig.cmake
[61.569s] -- Installing: /home/osboxes/ros2_ws/install/dis_tutorial1/share/dis_tutorial1/cmake/dis_tutorial1__rosidl_typesupport_cppExport.cmake
[61.569s] -- Installing: /home/osboxes/ros2_ws/install/dis_tutorial1/share/dis_tutorial1/cmake/dis_tutorial1__rosidl_typesupport_cppExport-noconfig.cmake
[61.569s] -- Installing: /home/osboxes/ros2_ws/install/dis_tutorial1/share/dis_tutorial1/cmake/export_dis_tutorial1__rosidl_generator_pyExport.cmake
[61.569s] -- Installing: /home/osboxes/ros2_ws/install/dis_tutorial1/share/dis_tutorial1/cmake/export_dis_tutorial1__rosidl_generator_pyExport-noconfig.cmake
[61.569s] -- Installing: /home/osboxes/ros2_ws/install/dis_tutorial1/share/dis_tutorial1/cmake/rosidl_cmake-extras.cmake
[61.570s] -- Installing: /home/osboxes/ros2_ws/install/dis_tutorial1/share/dis_tutorial1/cmake/ament_cmake_export_dependencies-extras.cmake
[61.570s] -- Installing: /home/osboxes/ros2_ws/install/dis_tutorial1/share/dis_tutorial1/cmake/ament_cmake_export_include_directories-extras.cmake
[61.570s] -- Installing: /home/osboxes/ros2_ws/install/dis_tutorial1/share/dis_tutorial1/cmake/ament_cmake_export_libraries-extras.cmake
[61.570s] -- Installing: /home/osboxes/ros2_ws/install/dis_tutorial1/share/dis_tutorial1/cmake/ament_cmake_export_targets-extras.cmake
[61.570s] -- Installing: /home/osboxes/ros2_ws/install/dis_tutorial1/share/dis_tutorial1/cmake/rosidl_cmake_export_typesupport_targets-extras.cmake
[61.570s] -- Installing: /home/osboxes/ros2_ws/install/dis_tutorial1/share/dis_tutorial1/cmake/rosidl_cmake_export_typesupport_libraries-extras.cmake
[61.570s] -- Installing: /home/osboxes/ros2_ws/install/dis_tutorial1/share/dis_tutorial1/cmake/dis_tutorial1Config.cmake
[61.571s] -- Installing: /home/osboxes/ros2_ws/install/dis_tutorial1/share/dis_tutorial1/cmake/dis_tutorial1Config-version.cmake
[61.571s] -- Installing: /home/osboxes/ros2_ws/install/dis_tutorial1/share/dis_tutorial1/package.xml
[61.576s] Invoked command in '/home/osboxes/ros2_ws/build/dis_tutorial1' returned '0': CMAKE_PREFIX_PATH=/opt/ros/humble /usr/bin/cmake --install /home/osboxes/ros2_ws/build/dis_tutorial1
