[0.473s] Invoking command in '/home/osboxes/ros2_ws/build/hwpub': CMAKE_PREFIX_PATH=/opt/ros/humble /usr/bin/cmake /home/osboxes/ros2_ws/src/hwpub -DCMAKE_INSTALL_PREFIX=/home/osboxes/ros2_ws/install/hwpub
[0.521s] -- Found ament_cmake: 1.3.11 (/opt/ros/humble/share/ament_cmake/cmake)
[0.850s] -- Override CMake install command with custom implementation using symlinks instead of copying resources
[0.876s] -- Found rclcpp: 16.0.11 (/opt/ros/humble/share/rclcpp/cmake)
[0.947s] -- Found rosidl_generator_c: 3.1.6 (/opt/ros/humble/share/rosidl_generator_c/cmake)
[0.955s] -- Found rosidl_adapter: 3.1.6 (/opt/ros/humble/share/rosidl_adapter/cmake)
[0.975s] -- Found rosidl_generator_cpp: 3.1.6 (/opt/ros/humble/share/rosidl_generator_cpp/cmake)
[1.023s] -- Using all available rosidl_typesupport_c: rosidl_typesupport_fastrtps_c;rosidl_typesupport_introspection_c
[1.066s] -- Using all available rosidl_typesupport_cpp: rosidl_typesupport_fastrtps_cpp;rosidl_typesupport_introspection_cpp
[1.198s] -- Found rmw_implementation_cmake: 6.1.2 (/opt/ros/humble/share/rmw_implementation_cmake/cmake)
[1.217s] -- Found rmw_fastrtps_cpp: 6.2.7 (/opt/ros/humble/share/rmw_fastrtps_cpp/cmake)
[1.613s] -- Using RMW implementation 'rmw_fastrtps_cpp' as default
[1.916s] -- Found rclpy: 3.3.15 (/opt/ros/humble/share/rclpy/cmake)
[1.921s] -- Found std_srvs: 4.2.4 (/opt/ros/humble/share/std_srvs/cmake)
[1.979s] -- Found rosidl_default_generators: 1.2.0 (/opt/ros/humble/share/rosidl_default_generators/cmake)
[2.825s] -- Found ament_cmake_ros: 0.10.0 (/opt/ros/humble/share/ament_cmake_ros/cmake)
[3.722s] -- Using all available rosidl_typesupport_c: rosidl_typesupport_fastrtps_c;rosidl_typesupport_introspection_c
[4.070s] -- Using all available rosidl_typesupport_cpp: rosidl_typesupport_fastrtps_cpp;rosidl_typesupport_introspection_cpp
[4.114s] -- Found python_cmake_module: 0.10.0 (/opt/ros/humble/share/python_cmake_module/cmake)
[4.172s] -- Using PYTHON_EXECUTABLE: /usr/bin/python3
[4.172s] -- Using PYTHON_INCLUDE_DIRS: /usr/include/python3.10
[4.172s] -- Using PYTHON_LIBRARIES: /usr/lib/x86_64-linux-gnu/libpython3.10.so
[4.328s] -- Configuring done
[4.694s] -- Generating done
[4.743s] -- Build files have been written to: /home/osboxes/ros2_ws/build/hwpub
[4.765s] Invoked command in '/home/osboxes/ros2_ws/build/hwpub' returned '0': CMAKE_PREFIX_PATH=/opt/ros/humble /usr/bin/cmake /home/osboxes/ros2_ws/src/hwpub -DCMAKE_INSTALL_PREFIX=/home/osboxes/ros2_ws/install/hwpub
[4.767s] Invoking command in '/home/osboxes/ros2_ws/build/hwpub': CMAKE_PREFIX_PATH=/opt/ros/humble /usr/bin/cmake --build /home/osboxes/ros2_ws/build/hwpub -- -j4 -l4
[4.910s] [35m[1mConsolidate compiler generated dependencies of target hwpub__rosidl_generator_c[0m
[4.923s] [  2%] Built target hwpub__cpp
[4.932s] [  2%] Built target ament_cmake_python_symlink_hwpub
[4.979s] [ 12%] Built target hwpub__rosidl_generator_c
[5.001s] [35m[1mConsolidate compiler generated dependencies of target hwpub__rosidl_typesupport_fastrtps_cpp[0m
[5.023s] [35m[1mConsolidate compiler generated dependencies of target hwpub__rosidl_typesupport_introspection_cpp[0m
[5.046s] [35m[1mConsolidate compiler generated dependencies of target hwpub__rosidl_typesupport_cpp[0m
[5.159s] [ 23%] Built target hwpub__rosidl_typesupport_introspection_cpp
[5.160s] [ 33%] Built target hwpub__rosidl_typesupport_fastrtps_cpp
[5.202s] [ 43%] Built target hwpub__rosidl_typesupport_cpp
[5.206s] [35m[1mConsolidate compiler generated dependencies of target hwpub__rosidl_typesupport_fastrtps_c[0m
[5.235s] [35m[1mConsolidate compiler generated dependencies of target hwpub__rosidl_typesupport_introspection_c[0m
[5.257s] [ 53%] Built target hwpub__rosidl_typesupport_fastrtps_c
[5.264s] [35m[1mConsolidate compiler generated dependencies of target hwpub__rosidl_typesupport_c[0m
[5.277s] [ 64%] Built target hwpub__rosidl_typesupport_introspection_c
[5.334s] [ 74%] Built target hwpub__rosidl_typesupport_c
[5.455s] [ 74%] Built target hwpub
[5.553s] [ 76%] Built target hwpub__py
[5.652s] [35m[1mConsolidate compiler generated dependencies of target hwpub__rosidl_generator_py[0m
[5.791s] [ 84%] Built target hwpub__rosidl_generator_py
[5.853s] [35m[1mConsolidate compiler generated dependencies of target hwpub__rosidl_typesupport_fastrtps_c__pyext[0m
[5.863s] [35m[1mConsolidate compiler generated dependencies of target hwpub__rosidl_typesupport_c__pyext[0m
[5.888s] [35m[1mConsolidate compiler generated dependencies of target hwpub__rosidl_typesupport_introspection_c__pyext[0m
[5.944s] [ 89%] Built target hwpub__rosidl_typesupport_c__pyext
[5.954s] [ 94%] Built target hwpub__rosidl_typesupport_fastrtps_c__pyext
[5.957s] [100%] Built target hwpub__rosidl_typesupport_introspection_c__pyext
[5.957s] running egg_info
[5.958s] writing hwpub.egg-info/PKG-INFO
[5.961s] writing dependency_links to hwpub.egg-info/dependency_links.txt
[5.963s] writing top-level names to hwpub.egg-info/top_level.txt
[5.970s] reading manifest file 'hwpub.egg-info/SOURCES.txt'
[5.973s] writing manifest file 'hwpub.egg-info/SOURCES.txt'
[6.068s] [100%] Built target ament_cmake_python_build_hwpub_egg
[6.129s] Invoked command in '/home/osboxes/ros2_ws/build/hwpub' returned '0': CMAKE_PREFIX_PATH=/opt/ros/humble /usr/bin/cmake --build /home/osboxes/ros2_ws/build/hwpub -- -j4 -l4
[6.195s] Invoking command in '/home/osboxes/ros2_ws/build/hwpub': CMAKE_PREFIX_PATH=/opt/ros/humble /usr/bin/cmake --install /home/osboxes/ros2_ws/build/hwpub
[6.222s] -- Install configuration: ""
[6.224s] -- Execute custom install script
[6.225s] -- Up-to-date symlink: /home/osboxes/ros2_ws/install/hwpub/share/ament_index/resource_index/rosidl_interfaces/hwpub
[6.229s] -- Up-to-date symlink: /home/osboxes/ros2_ws/install/hwpub/include/hwpub/hwpub/msg/detail/hwmsg__functions.h
[6.230s] -- Up-to-date symlink: /home/osboxes/ros2_ws/install/hwpub/include/hwpub/hwpub/msg/detail/hwmsg__struct.h
[6.232s] -- Up-to-date symlink: /home/osboxes/ros2_ws/install/hwpub/include/hwpub/hwpub/msg/detail/hwmsg__type_support.h
[6.232s] -- Up-to-date symlink: /home/osboxes/ros2_ws/install/hwpub/include/hwpub/hwpub/msg/hwmsg.h
[6.233s] -- Up-to-date symlink: /home/osboxes/ros2_ws/install/hwpub/include/hwpub/hwpub/msg/rosidl_generator_c__visibility_control.h
[6.235s] -- Up-to-date symlink: /home/osboxes/ros2_ws/install/hwpub/include/hwpub/hwpub/srv/customserv.h
[6.238s] -- Up-to-date symlink: /home/osboxes/ros2_ws/install/hwpub/include/hwpub/hwpub/srv/detail/customserv__functions.h
[6.239s] -- Up-to-date symlink: /home/osboxes/ros2_ws/install/hwpub/include/hwpub/hwpub/srv/detail/customserv__struct.h
[6.240s] -- Up-to-date symlink: /home/osboxes/ros2_ws/install/hwpub/include/hwpub/hwpub/srv/detail/customserv__type_support.h
[6.247s] -- Up-to-date symlink: /home/osboxes/ros2_ws/install/hwpub/share/hwpub/environment/library_path.sh
[6.250s] -- Up-to-date symlink: /home/osboxes/ros2_ws/install/hwpub/share/hwpub/environment/library_path.dsv
[6.252s] -- Up-to-date symlink: /home/osboxes/ros2_ws/install/hwpub/include/hwpub/hwpub/msg/detail/hwmsg__rosidl_typesupport_fastrtps_c.h
[6.255s] -- Up-to-date symlink: /home/osboxes/ros2_ws/install/hwpub/include/hwpub/hwpub/msg/rosidl_typesupport_fastrtps_c__visibility_control.h
[6.258s] -- Up-to-date symlink: /home/osboxes/ros2_ws/install/hwpub/include/hwpub/hwpub/srv/detail/customserv__rosidl_typesupport_fastrtps_c.h
[6.259s] -- Up-to-date symlink: /home/osboxes/ros2_ws/install/hwpub/include/hwpub/hwpub/msg/detail/hwmsg__builder.hpp
[6.260s] -- Up-to-date symlink: /home/osboxes/ros2_ws/install/hwpub/include/hwpub/hwpub/msg/detail/hwmsg__struct.hpp
[6.261s] -- Up-to-date symlink: /home/osboxes/ros2_ws/install/hwpub/include/hwpub/hwpub/msg/detail/hwmsg__traits.hpp
[6.263s] -- Up-to-date symlink: /home/osboxes/ros2_ws/install/hwpub/include/hwpub/hwpub/msg/detail/hwmsg__type_support.hpp
[6.264s] -- Up-to-date symlink: /home/osboxes/ros2_ws/install/hwpub/include/hwpub/hwpub/msg/hwmsg.hpp
[6.266s] -- Up-to-date symlink: /home/osboxes/ros2_ws/install/hwpub/include/hwpub/hwpub/msg/rosidl_generator_cpp__visibility_control.hpp
[6.269s] -- Up-to-date symlink: /home/osboxes/ros2_ws/install/hwpub/include/hwpub/hwpub/srv/customserv.hpp
[6.271s] -- Up-to-date symlink: /home/osboxes/ros2_ws/install/hwpub/include/hwpub/hwpub/srv/detail/customserv__builder.hpp
[6.272s] -- Up-to-date symlink: /home/osboxes/ros2_ws/install/hwpub/include/hwpub/hwpub/srv/detail/customserv__struct.hpp
[6.274s] -- Up-to-date symlink: /home/osboxes/ros2_ws/install/hwpub/include/hwpub/hwpub/srv/detail/customserv__traits.hpp
[6.275s] -- Up-to-date symlink: /home/osboxes/ros2_ws/install/hwpub/include/hwpub/hwpub/srv/detail/customserv__type_support.hpp
[6.276s] -- Up-to-date symlink: /home/osboxes/ros2_ws/install/hwpub/include/hwpub/hwpub/msg/detail/hwmsg__rosidl_typesupport_fastrtps_cpp.hpp
[6.277s] -- Up-to-date symlink: /home/osboxes/ros2_ws/install/hwpub/include/hwpub/hwpub/msg/rosidl_typesupport_fastrtps_cpp__visibility_control.h
[6.278s] -- Up-to-date symlink: /home/osboxes/ros2_ws/install/hwpub/include/hwpub/hwpub/srv/detail/customserv__rosidl_typesupport_fastrtps_cpp.hpp
[6.280s] -- Up-to-date symlink: /home/osboxes/ros2_ws/install/hwpub/include/hwpub/hwpub/msg/detail/hwmsg__rosidl_typesupport_introspection_c.h
[6.282s] -- Up-to-date symlink: /home/osboxes/ros2_ws/install/hwpub/include/hwpub/hwpub/msg/rosidl_typesupport_introspection_c__visibility_control.h
[6.284s] -- Up-to-date symlink: /home/osboxes/ros2_ws/install/hwpub/include/hwpub/hwpub/srv/detail/customserv__rosidl_typesupport_introspection_c.h
[6.285s] -- Up-to-date symlink: /home/osboxes/ros2_ws/install/hwpub/include/hwpub/hwpub/msg/detail/hwmsg__rosidl_typesupport_introspection_cpp.hpp
[6.287s] -- Up-to-date symlink: /home/osboxes/ros2_ws/install/hwpub/include/hwpub/hwpub/srv/detail/customserv__rosidl_typesupport_introspection_cpp.hpp
[6.289s] -- Up-to-date symlink: /home/osboxes/ros2_ws/install/hwpub/share/hwpub/environment/pythonpath.sh
[6.290s] -- Up-to-date symlink: /home/osboxes/ros2_ws/install/hwpub/share/hwpub/environment/pythonpath.dsv
[6.297s] -- Up-to-date symlink: /home/osboxes/ros2_ws/install/hwpub/local/lib/python3.10/dist-packages/hwpub-0.0.1-py3.10.egg-info/PKG-INFO
[6.299s] -- Up-to-date symlink: /home/osboxes/ros2_ws/install/hwpub/local/lib/python3.10/dist-packages/hwpub-0.0.1-py3.10.egg-info/SOURCES.txt
[6.301s] -- Up-to-date symlink: /home/osboxes/ros2_ws/install/hwpub/local/lib/python3.10/dist-packages/hwpub-0.0.1-py3.10.egg-info/dependency_links.txt
[6.302s] -- Up-to-date symlink: /home/osboxes/ros2_ws/install/hwpub/local/lib/python3.10/dist-packages/hwpub-0.0.1-py3.10.egg-info/top_level.txt
[6.305s] -- Up-to-date symlink: /home/osboxes/ros2_ws/install/hwpub/local/lib/python3.10/dist-packages/hwpub/__init__.py
[6.307s] -- Up-to-date symlink: /home/osboxes/ros2_ws/install/hwpub/local/lib/python3.10/dist-packages/hwpub/_hwpub_s.ep.rosidl_typesupport_c.c
[6.308s] -- Up-to-date symlink: /home/osboxes/ros2_ws/install/hwpub/local/lib/python3.10/dist-packages/hwpub/_hwpub_s.ep.rosidl_typesupport_fastrtps_c.c
[6.309s] -- Up-to-date symlink: /home/osboxes/ros2_ws/install/hwpub/local/lib/python3.10/dist-packages/hwpub/_hwpub_s.ep.rosidl_typesupport_introspection_c.c
[6.310s] -- Up-to-date symlink: /home/osboxes/ros2_ws/install/hwpub/local/lib/python3.10/dist-packages/hwpub/hwpub_s__rosidl_typesupport_c.cpython-310-x86_64-linux-gnu.so
[6.313s] -- Up-to-date symlink: /home/osboxes/ros2_ws/install/hwpub/local/lib/python3.10/dist-packages/hwpub/hwpub_s__rosidl_typesupport_fastrtps_c.cpython-310-x86_64-linux-gnu.so
[6.313s] -- Up-to-date symlink: /home/osboxes/ros2_ws/install/hwpub/local/lib/python3.10/dist-packages/hwpub/hwpub_s__rosidl_typesupport_introspection_c.cpython-310-x86_64-linux-gnu.so
[6.315s] -- Up-to-date symlink: /home/osboxes/ros2_ws/install/hwpub/local/lib/python3.10/dist-packages/hwpub/libhwpub__rosidl_generator_py.so
[6.317s] -- Up-to-date symlink: /home/osboxes/ros2_ws/install/hwpub/local/lib/python3.10/dist-packages/hwpub/msg/__init__.py
[6.319s] -- Up-to-date symlink: /home/osboxes/ros2_ws/install/hwpub/local/lib/python3.10/dist-packages/hwpub/msg/_hwmsg.py
[6.320s] -- Up-to-date symlink: /home/osboxes/ros2_ws/install/hwpub/local/lib/python3.10/dist-packages/hwpub/msg/_hwmsg_s.c
[6.323s] -- Up-to-date symlink: /home/osboxes/ros2_ws/install/hwpub/local/lib/python3.10/dist-packages/hwpub/srv/__init__.py
[6.326s] -- Up-to-date symlink: /home/osboxes/ros2_ws/install/hwpub/local/lib/python3.10/dist-packages/hwpub/srv/_customserv.py
[6.327s] -- Up-to-date symlink: /home/osboxes/ros2_ws/install/hwpub/local/lib/python3.10/dist-packages/hwpub/srv/_customserv_s.c
[6.329s] -- Up-to-date symlink: /home/osboxes/ros2_ws/install/hwpub/local/lib/python3.10/dist-packages/hwpub/hwpub_s__rosidl_typesupport_fastrtps_c.cpython-310-x86_64-linux-gnu.so
[6.330s] -- Up-to-date symlink: /home/osboxes/ros2_ws/install/hwpub/local/lib/python3.10/dist-packages/hwpub/hwpub_s__rosidl_typesupport_introspection_c.cpython-310-x86_64-linux-gnu.so
[6.331s] -- Up-to-date symlink: /home/osboxes/ros2_ws/install/hwpub/local/lib/python3.10/dist-packages/hwpub/hwpub_s__rosidl_typesupport_c.cpython-310-x86_64-linux-gnu.so
[6.335s] -- Up-to-date symlink: /home/osboxes/ros2_ws/install/hwpub/share/hwpub/msg/Hwmsg.idl
[6.338s] -- Up-to-date symlink: /home/osboxes/ros2_ws/install/hwpub/share/hwpub/srv/Customserv.idl
[6.338s] -- Up-to-date symlink: /home/osboxes/ros2_ws/install/hwpub/share/hwpub/msg/Hwmsg.msg
[6.339s] -- Up-to-date symlink: /home/osboxes/ros2_ws/install/hwpub/share/hwpub/srv/Customserv.srv
[6.341s] -- Up-to-date symlink: /home/osboxes/ros2_ws/install/hwpub/share/hwpub/srv/Customserv_Request.msg
[6.342s] -- Up-to-date symlink: /home/osboxes/ros2_ws/install/hwpub/share/hwpub/srv/Customserv_Response.msg
[6.345s] -- Up-to-date symlink: /home/osboxes/ros2_ws/install/hwpub/lib/hwpub/py_move_trajectory.py
[6.348s] -- Up-to-date symlink: /home/osboxes/ros2_ws/install/hwpub/share/ament_index/resource_index/package_run_dependencies/hwpub
[6.352s] -- Up-to-date symlink: /home/osboxes/ros2_ws/install/hwpub/share/ament_index/resource_index/parent_prefix_path/hwpub
[6.355s] -- Up-to-date symlink: /home/osboxes/ros2_ws/install/hwpub/share/hwpub/environment/ament_prefix_path.sh
[6.358s] -- Up-to-date symlink: /home/osboxes/ros2_ws/install/hwpub/share/hwpub/environment/ament_prefix_path.dsv
[6.359s] -- Up-to-date symlink: /home/osboxes/ros2_ws/install/hwpub/share/hwpub/environment/path.sh
[6.361s] -- Up-to-date symlink: /home/osboxes/ros2_ws/install/hwpub/share/hwpub/environment/path.dsv
[6.363s] -- Up-to-date symlink: /home/osboxes/ros2_ws/install/hwpub/share/hwpub/local_setup.bash
[6.366s] -- Up-to-date symlink: /home/osboxes/ros2_ws/install/hwpub/share/hwpub/local_setup.sh
[6.369s] -- Up-to-date symlink: /home/osboxes/ros2_ws/install/hwpub/share/hwpub/local_setup.zsh
[6.371s] -- Up-to-date symlink: /home/osboxes/ros2_ws/install/hwpub/share/hwpub/local_setup.dsv
[6.371s] -- Symlinking: /home/osboxes/ros2_ws/install/hwpub/share/hwpub/package.dsv
[6.411s] -- Up-to-date symlink: /home/osboxes/ros2_ws/install/hwpub/share/ament_index/resource_index/packages/hwpub
[6.414s] -- Up-to-date symlink: /home/osboxes/ros2_ws/install/hwpub/share/hwpub/cmake/rosidl_cmake-extras.cmake
[6.415s] -- Up-to-date symlink: /home/osboxes/ros2_ws/install/hwpub/share/hwpub/cmake/ament_cmake_export_dependencies-extras.cmake
[6.418s] -- Up-to-date symlink: /home/osboxes/ros2_ws/install/hwpub/share/hwpub/cmake/ament_cmake_export_include_directories-extras.cmake
[6.420s] -- Up-to-date symlink: /home/osboxes/ros2_ws/install/hwpub/share/hwpub/cmake/ament_cmake_export_libraries-extras.cmake
[6.421s] -- Up-to-date symlink: /home/osboxes/ros2_ws/install/hwpub/share/hwpub/cmake/ament_cmake_export_targets-extras.cmake
[6.422s] -- Up-to-date symlink: /home/osboxes/ros2_ws/install/hwpub/share/hwpub/cmake/rosidl_cmake_export_typesupport_targets-extras.cmake
[6.423s] -- Up-to-date symlink: /home/osboxes/ros2_ws/install/hwpub/share/hwpub/cmake/rosidl_cmake_export_typesupport_libraries-extras.cmake
[6.425s] -- Up-to-date symlink: /home/osboxes/ros2_ws/install/hwpub/share/hwpub/cmake/hwpubConfig.cmake
[6.428s] -- Up-to-date symlink: /home/osboxes/ros2_ws/install/hwpub/share/hwpub/cmake/hwpubConfig-version.cmake
[6.429s] -- Up-to-date symlink: /home/osboxes/ros2_ws/install/hwpub/share/hwpub/package.xml
[6.434s] -- Up-to-date: /home/osboxes/ros2_ws/install/hwpub/lib/libhwpub__rosidl_generator_c.so
[6.439s] -- Up-to-date: /home/osboxes/ros2_ws/install/hwpub/lib/libhwpub__rosidl_typesupport_fastrtps_c.so
[6.444s] -- Up-to-date: /home/osboxes/ros2_ws/install/hwpub/lib/libhwpub__rosidl_typesupport_fastrtps_cpp.so
[6.448s] -- Up-to-date: /home/osboxes/ros2_ws/install/hwpub/lib/libhwpub__rosidl_typesupport_introspection_c.so
[6.451s] -- Up-to-date: /home/osboxes/ros2_ws/install/hwpub/lib/libhwpub__rosidl_typesupport_c.so
[6.456s] -- Up-to-date: /home/osboxes/ros2_ws/install/hwpub/lib/libhwpub__rosidl_typesupport_introspection_cpp.so
[6.464s] -- Up-to-date: /home/osboxes/ros2_ws/install/hwpub/lib/libhwpub__rosidl_typesupport_cpp.so
[6.564s] Listing '/home/osboxes/ros2_ws/install/hwpub/local/lib/python3.10/dist-packages/hwpub'...
[6.564s] Compiling '/home/osboxes/ros2_ws/install/hwpub/local/lib/python3.10/dist-packages/hwpub/__init__.py'...
[6.564s] Listing '/home/osboxes/ros2_ws/install/hwpub/local/lib/python3.10/dist-packages/hwpub/msg'...
[6.565s] Listing '/home/osboxes/ros2_ws/install/hwpub/local/lib/python3.10/dist-packages/hwpub/srv'...
[6.587s] -- Up-to-date: /home/osboxes/ros2_ws/install/hwpub/lib/libhwpub__rosidl_generator_py.so
[6.595s] -- Up-to-date: /home/osboxes/ros2_ws/install/hwpub/share/hwpub/cmake/export_hwpub__rosidl_generator_cExport.cmake
[6.596s] -- Up-to-date: /home/osboxes/ros2_ws/install/hwpub/share/hwpub/cmake/export_hwpub__rosidl_generator_cExport-noconfig.cmake
[6.599s] -- Up-to-date: /home/osboxes/ros2_ws/install/hwpub/share/hwpub/cmake/export_hwpub__rosidl_typesupport_fastrtps_cExport.cmake
[6.600s] -- Up-to-date: /home/osboxes/ros2_ws/install/hwpub/share/hwpub/cmake/export_hwpub__rosidl_typesupport_fastrtps_cExport-noconfig.cmake
[6.600s] -- Up-to-date: /home/osboxes/ros2_ws/install/hwpub/share/hwpub/cmake/export_hwpub__rosidl_generator_cppExport.cmake
[6.602s] -- Up-to-date: /home/osboxes/ros2_ws/install/hwpub/share/hwpub/cmake/export_hwpub__rosidl_typesupport_fastrtps_cppExport.cmake
[6.603s] -- Up-to-date: /home/osboxes/ros2_ws/install/hwpub/share/hwpub/cmake/export_hwpub__rosidl_typesupport_fastrtps_cppExport-noconfig.cmake
[6.605s] -- Up-to-date: /home/osboxes/ros2_ws/install/hwpub/share/hwpub/cmake/hwpub__rosidl_typesupport_introspection_cExport.cmake
[6.606s] -- Up-to-date: /home/osboxes/ros2_ws/install/hwpub/share/hwpub/cmake/hwpub__rosidl_typesupport_introspection_cExport-noconfig.cmake
[6.607s] -- Up-to-date: /home/osboxes/ros2_ws/install/hwpub/share/hwpub/cmake/hwpub__rosidl_typesupport_cExport.cmake
[6.609s] -- Up-to-date: /home/osboxes/ros2_ws/install/hwpub/share/hwpub/cmake/hwpub__rosidl_typesupport_cExport-noconfig.cmake
[6.610s] -- Up-to-date: /home/osboxes/ros2_ws/install/hwpub/share/hwpub/cmake/hwpub__rosidl_typesupport_introspection_cppExport.cmake
[6.611s] -- Up-to-date: /home/osboxes/ros2_ws/install/hwpub/share/hwpub/cmake/hwpub__rosidl_typesupport_introspection_cppExport-noconfig.cmake
[6.612s] -- Up-to-date: /home/osboxes/ros2_ws/install/hwpub/share/hwpub/cmake/hwpub__rosidl_typesupport_cppExport.cmake
[6.613s] -- Up-to-date: /home/osboxes/ros2_ws/install/hwpub/share/hwpub/cmake/hwpub__rosidl_typesupport_cppExport-noconfig.cmake
[6.617s] -- Up-to-date: /home/osboxes/ros2_ws/install/hwpub/share/hwpub/cmake/export_hwpub__rosidl_generator_pyExport.cmake
[6.617s] -- Up-to-date: /home/osboxes/ros2_ws/install/hwpub/share/hwpub/cmake/export_hwpub__rosidl_generator_pyExport-noconfig.cmake
[6.628s] Invoked command in '/home/osboxes/ros2_ws/build/hwpub' returned '0': CMAKE_PREFIX_PATH=/opt/ros/humble /usr/bin/cmake --install /home/osboxes/ros2_ws/build/hwpub
