[0.277s] DEBUG:colcon:Command line arguments: ['/usr/bin/colcon', 'build', '--symlink-install']
[0.277s] DEBUG:colcon:Parsed command line arguments: Namespace(log_base=None, log_level=None, verb_name='build', build_base='build', install_base='install', merge_install=False, symlink_install=True, test_result_base=None, continue_on_error=False, executor='parallel', parallel_workers=2, event_handlers=None, ignore_user_meta=False, metas=['./colcon.meta'], base_paths=['.'], packages_ignore=None, packages_ignore_regex=None, paths=None, packages_up_to=None, packages_up_to_regex=None, packages_above=None, packages_above_and_dependencies=None, packages_above_depth=None, packages_select_by_dep=None, packages_skip_by_dep=None, packages_skip_up_to=None, packages_select_build_failed=False, packages_skip_build_finished=False, packages_select_test_failures=False, packages_skip_test_passed=False, packages_select=None, packages_skip=None, packages_select_regex=None, packages_skip_regex=None, packages_start=None, packages_end=None, allow_overriding=[], cmake_args=None, cmake_target=None, cmake_target_skip_unavailable=False, cmake_clean_cache=False, cmake_clean_first=False, cmake_force_configure=False, ament_cmake_args=None, catkin_cmake_args=None, catkin_skip_building_tests=False, mixin_files=None, mixin=None, verb_parser=<colcon_mixin.mixin.mixin_argument.MixinArgumentDecorator object at 0x71c6728e1510>, verb_extension=<colcon_core.verb.build.BuildVerb object at 0x71c672a6a410>, main=<bound method BuildVerb.main of <colcon_core.verb.build.BuildVerb object at 0x71c672a6a410>>, mixin_verb=('build',))
[0.692s] Level 1:colcon.colcon_core.package_discovery:discover_packages(colcon_meta) check parameters
[0.693s] Level 1:colcon.colcon_core.package_discovery:discover_packages(recursive) check parameters
[0.693s] Level 1:colcon.colcon_core.package_discovery:discover_packages(ignore) check parameters
[0.693s] Level 1:colcon.colcon_core.package_discovery:discover_packages(path) check parameters
[0.693s] Level 1:colcon.colcon_core.package_discovery:discover_packages(colcon_meta) discover
[0.693s] Level 1:colcon.colcon_core.package_discovery:discover_packages(recursive) discover
[0.693s] INFO:colcon.colcon_core.package_discovery:Crawling recursively for packages in '/home/ilija/ros2_ws/src/RINS'
[0.694s] Level 1:colcon.colcon_core.package_identification:_identify(.) by extensions ['ignore', 'ignore_ament_install']
[0.694s] Level 1:colcon.colcon_core.package_identification:_identify(.) by extension 'ignore'
[0.694s] Level 1:colcon.colcon_core.package_identification:_identify(.) by extension 'ignore_ament_install'
[0.694s] Level 1:colcon.colcon_core.package_identification:_identify(.) by extensions ['colcon_pkg']
[0.694s] Level 1:colcon.colcon_core.package_identification:_identify(.) by extension 'colcon_pkg'
[0.694s] Level 1:colcon.colcon_core.package_identification:_identify(.) by extensions ['colcon_meta']
[0.694s] Level 1:colcon.colcon_core.package_identification:_identify(.) by extension 'colcon_meta'
[0.695s] Level 1:colcon.colcon_core.package_identification:_identify(.) by extensions ['ros']
[0.695s] Level 1:colcon.colcon_core.package_identification:_identify(.) by extension 'ros'
[0.722s] Level 1:colcon.colcon_core.package_identification:_identify(.) by extensions ['cmake', 'python']
[0.722s] Level 1:colcon.colcon_core.package_identification:_identify(.) by extension 'cmake'
[0.722s] Level 1:colcon.colcon_core.package_identification:_identify(.) by extension 'python'
[0.722s] Level 1:colcon.colcon_core.package_identification:_identify(.) by extensions ['python_setup_py']
[0.722s] Level 1:colcon.colcon_core.package_identification:_identify(.) by extension 'python_setup_py'
[0.722s] Level 1:colcon.colcon_core.package_identification:_identify(build) by extensions ['ignore', 'ignore_ament_install']
[0.723s] Level 1:colcon.colcon_core.package_identification:_identify(build) by extension 'ignore'
[0.723s] Level 1:colcon.colcon_core.package_identification:_identify(build) ignored
[0.723s] Level 1:colcon.colcon_core.package_identification:_identify(install) by extensions ['ignore', 'ignore_ament_install']
[0.725s] Level 1:colcon.colcon_core.package_identification:_identify(install) by extension 'ignore'
[0.725s] Level 1:colcon.colcon_core.package_identification:_identify(install) ignored
[0.726s] Level 1:colcon.colcon_core.package_identification:_identify(log) by extensions ['ignore', 'ignore_ament_install']
[0.726s] Level 1:colcon.colcon_core.package_identification:_identify(log) by extension 'ignore'
[0.726s] Level 1:colcon.colcon_core.package_identification:_identify(log) ignored
[0.726s] Level 1:colcon.colcon_core.package_identification:_identify(src) by extensions ['ignore', 'ignore_ament_install']
[0.726s] Level 1:colcon.colcon_core.package_identification:_identify(src) by extension 'ignore'
[0.726s] Level 1:colcon.colcon_core.package_identification:_identify(src) by extension 'ignore_ament_install'
[0.727s] Level 1:colcon.colcon_core.package_identification:_identify(src) by extensions ['colcon_pkg']
[0.727s] Level 1:colcon.colcon_core.package_identification:_identify(src) by extension 'colcon_pkg'
[0.727s] Level 1:colcon.colcon_core.package_identification:_identify(src) by extensions ['colcon_meta']
[0.727s] Level 1:colcon.colcon_core.package_identification:_identify(src) by extension 'colcon_meta'
[0.727s] Level 1:colcon.colcon_core.package_identification:_identify(src) by extensions ['ros']
[0.727s] Level 1:colcon.colcon_core.package_identification:_identify(src) by extension 'ros'
[0.727s] Level 1:colcon.colcon_core.package_identification:_identify(src) by extensions ['cmake', 'python']
[0.727s] Level 1:colcon.colcon_core.package_identification:_identify(src) by extension 'cmake'
[0.727s] Level 1:colcon.colcon_core.package_identification:_identify(src) by extension 'python'
[0.727s] Level 1:colcon.colcon_core.package_identification:_identify(src) by extensions ['python_setup_py']
[0.727s] Level 1:colcon.colcon_core.package_identification:_identify(src) by extension 'python_setup_py'
[0.728s] Level 1:colcon.colcon_core.package_identification:_identify(src/dis_tutorial1) by extensions ['ignore', 'ignore_ament_install']
[0.728s] Level 1:colcon.colcon_core.package_identification:_identify(src/dis_tutorial1) by extension 'ignore'
[0.728s] Level 1:colcon.colcon_core.package_identification:_identify(src/dis_tutorial1) by extension 'ignore_ament_install'
[0.728s] Level 1:colcon.colcon_core.package_identification:_identify(src/dis_tutorial1) by extensions ['colcon_pkg']
[0.728s] Level 1:colcon.colcon_core.package_identification:_identify(src/dis_tutorial1) by extension 'colcon_pkg'
[0.728s] Level 1:colcon.colcon_core.package_identification:_identify(src/dis_tutorial1) by extensions ['colcon_meta']
[0.728s] Level 1:colcon.colcon_core.package_identification:_identify(src/dis_tutorial1) by extension 'colcon_meta'
[0.728s] Level 1:colcon.colcon_core.package_identification:_identify(src/dis_tutorial1) by extensions ['ros']
[0.729s] Level 1:colcon.colcon_core.package_identification:_identify(src/dis_tutorial1) by extension 'ros'
[0.735s] DEBUG:colcon.colcon_core.package_identification:Package 'src/dis_tutorial1' with type 'ros.ament_cmake' and name 'dis_tutorial1'
[0.735s] Level 1:colcon.colcon_core.package_identification:_identify(src/dis_tutorial2) by extensions ['ignore', 'ignore_ament_install']
[0.735s] Level 1:colcon.colcon_core.package_identification:_identify(src/dis_tutorial2) by extension 'ignore'
[0.735s] Level 1:colcon.colcon_core.package_identification:_identify(src/dis_tutorial2) by extension 'ignore_ament_install'
[0.735s] Level 1:colcon.colcon_core.package_identification:_identify(src/dis_tutorial2) by extensions ['colcon_pkg']
[0.736s] Level 1:colcon.colcon_core.package_identification:_identify(src/dis_tutorial2) by extension 'colcon_pkg'
[0.736s] Level 1:colcon.colcon_core.package_identification:_identify(src/dis_tutorial2) by extensions ['colcon_meta']
[0.736s] Level 1:colcon.colcon_core.package_identification:_identify(src/dis_tutorial2) by extension 'colcon_meta'
[0.736s] Level 1:colcon.colcon_core.package_identification:_identify(src/dis_tutorial2) by extensions ['ros']
[0.736s] Level 1:colcon.colcon_core.package_identification:_identify(src/dis_tutorial2) by extension 'ros'
[0.738s] DEBUG:colcon.colcon_core.package_identification:Package 'src/dis_tutorial2' with type 'ros.ament_python' and name 'dis_tutorial2'
[0.738s] Level 1:colcon.colcon_core.package_identification:_identify(src/hwpub) by extensions ['ignore', 'ignore_ament_install']
[0.739s] Level 1:colcon.colcon_core.package_identification:_identify(src/hwpub) by extension 'ignore'
[0.739s] Level 1:colcon.colcon_core.package_identification:_identify(src/hwpub) by extension 'ignore_ament_install'
[0.739s] Level 1:colcon.colcon_core.package_identification:_identify(src/hwpub) by extensions ['colcon_pkg']
[0.739s] Level 1:colcon.colcon_core.package_identification:_identify(src/hwpub) by extension 'colcon_pkg'
[0.739s] Level 1:colcon.colcon_core.package_identification:_identify(src/hwpub) by extensions ['colcon_meta']
[0.739s] Level 1:colcon.colcon_core.package_identification:_identify(src/hwpub) by extension 'colcon_meta'
[0.739s] Level 1:colcon.colcon_core.package_identification:_identify(src/hwpub) by extensions ['ros']
[0.739s] Level 1:colcon.colcon_core.package_identification:_identify(src/hwpub) by extension 'ros'
[0.742s] DEBUG:colcon.colcon_core.package_identification:Package 'src/hwpub' with type 'ros.ament_cmake' and name 'hwpub'
[0.742s] Level 1:colcon.colcon_core.package_discovery:discover_packages(recursive) using defaults
[0.742s] Level 1:colcon.colcon_core.package_discovery:discover_packages(ignore) discover
[0.742s] Level 1:colcon.colcon_core.package_discovery:discover_packages(ignore) using defaults
[0.742s] Level 1:colcon.colcon_core.package_discovery:discover_packages(path) discover
[0.742s] Level 1:colcon.colcon_core.package_discovery:discover_packages(path) using defaults
[0.819s] Level 1:colcon.colcon_core.package_discovery:discover_packages(prefix_path) check parameters
[0.819s] Level 1:colcon.colcon_core.package_discovery:discover_packages(prefix_path) discover
[0.824s] DEBUG:colcon.colcon_installed_package_information.package_discovery:Found 3 installed packages in /home/ilija/ros2_ws/src/RINS/install
[0.827s] DEBUG:colcon.colcon_installed_package_information.package_discovery:Found 271 installed packages in /opt/ros/humble
[0.830s] Level 1:colcon.colcon_core.package_discovery:discover_packages(prefix_path) using defaults
[0.916s] Level 5:colcon.colcon_core.verb:set package 'dis_tutorial1' build argument 'cmake_args' from command line to 'None'
[0.916s] Level 5:colcon.colcon_core.verb:set package 'dis_tutorial1' build argument 'cmake_target' from command line to 'None'
[0.916s] Level 5:colcon.colcon_core.verb:set package 'dis_tutorial1' build argument 'cmake_target_skip_unavailable' from command line to 'False'
[0.916s] Level 5:colcon.colcon_core.verb:set package 'dis_tutorial1' build argument 'cmake_clean_cache' from command line to 'False'
[0.916s] Level 5:colcon.colcon_core.verb:set package 'dis_tutorial1' build argument 'cmake_clean_first' from command line to 'False'
[0.916s] Level 5:colcon.colcon_core.verb:set package 'dis_tutorial1' build argument 'cmake_force_configure' from command line to 'False'
[0.916s] Level 5:colcon.colcon_core.verb:set package 'dis_tutorial1' build argument 'ament_cmake_args' from command line to 'None'
[0.917s] Level 5:colcon.colcon_core.verb:set package 'dis_tutorial1' build argument 'catkin_cmake_args' from command line to 'None'
[0.917s] Level 5:colcon.colcon_core.verb:set package 'dis_tutorial1' build argument 'catkin_skip_building_tests' from command line to 'False'
[0.917s] DEBUG:colcon.colcon_core.verb:Building package 'dis_tutorial1' with the following arguments: {'ament_cmake_args': None, 'build_base': '/home/ilija/ros2_ws/src/RINS/build/dis_tutorial1', 'catkin_cmake_args': None, 'catkin_skip_building_tests': False, 'cmake_args': None, 'cmake_clean_cache': False, 'cmake_clean_first': False, 'cmake_force_configure': False, 'cmake_target': None, 'cmake_target_skip_unavailable': False, 'install_base': '/home/ilija/ros2_ws/src/RINS/install/dis_tutorial1', 'merge_install': False, 'path': '/home/ilija/ros2_ws/src/RINS/src/dis_tutorial1', 'symlink_install': True, 'test_result_base': None}
[0.918s] Level 5:colcon.colcon_core.verb:set package 'dis_tutorial2' build argument 'cmake_args' from command line to 'None'
[0.918s] Level 5:colcon.colcon_core.verb:set package 'dis_tutorial2' build argument 'cmake_target' from command line to 'None'
[0.918s] Level 5:colcon.colcon_core.verb:set package 'dis_tutorial2' build argument 'cmake_target_skip_unavailable' from command line to 'False'
[0.918s] Level 5:colcon.colcon_core.verb:set package 'dis_tutorial2' build argument 'cmake_clean_cache' from command line to 'False'
[0.918s] Level 5:colcon.colcon_core.verb:set package 'dis_tutorial2' build argument 'cmake_clean_first' from command line to 'False'
[0.918s] Level 5:colcon.colcon_core.verb:set package 'dis_tutorial2' build argument 'cmake_force_configure' from command line to 'False'
[0.918s] Level 5:colcon.colcon_core.verb:set package 'dis_tutorial2' build argument 'ament_cmake_args' from command line to 'None'
[0.918s] Level 5:colcon.colcon_core.verb:set package 'dis_tutorial2' build argument 'catkin_cmake_args' from command line to 'None'
[0.918s] Level 5:colcon.colcon_core.verb:set package 'dis_tutorial2' build argument 'catkin_skip_building_tests' from command line to 'False'
[0.918s] DEBUG:colcon.colcon_core.verb:Building package 'dis_tutorial2' with the following arguments: {'ament_cmake_args': None, 'build_base': '/home/ilija/ros2_ws/src/RINS/build/dis_tutorial2', 'catkin_cmake_args': None, 'catkin_skip_building_tests': False, 'cmake_args': None, 'cmake_clean_cache': False, 'cmake_clean_first': False, 'cmake_force_configure': False, 'cmake_target': None, 'cmake_target_skip_unavailable': False, 'install_base': '/home/ilija/ros2_ws/src/RINS/install/dis_tutorial2', 'merge_install': False, 'path': '/home/ilija/ros2_ws/src/RINS/src/dis_tutorial2', 'symlink_install': True, 'test_result_base': None}
[0.919s] Level 5:colcon.colcon_core.verb:set package 'hwpub' build argument 'cmake_args' from command line to 'None'
[0.919s] Level 5:colcon.colcon_core.verb:set package 'hwpub' build argument 'cmake_target' from command line to 'None'
[0.919s] Level 5:colcon.colcon_core.verb:set package 'hwpub' build argument 'cmake_target_skip_unavailable' from command line to 'False'
[0.919s] Level 5:colcon.colcon_core.verb:set package 'hwpub' build argument 'cmake_clean_cache' from command line to 'False'
[0.919s] Level 5:colcon.colcon_core.verb:set package 'hwpub' build argument 'cmake_clean_first' from command line to 'False'
[0.919s] Level 5:colcon.colcon_core.verb:set package 'hwpub' build argument 'cmake_force_configure' from command line to 'False'
[0.919s] Level 5:colcon.colcon_core.verb:set package 'hwpub' build argument 'ament_cmake_args' from command line to 'None'
[0.919s] Level 5:colcon.colcon_core.verb:set package 'hwpub' build argument 'catkin_cmake_args' from command line to 'None'
[0.919s] Level 5:colcon.colcon_core.verb:set package 'hwpub' build argument 'catkin_skip_building_tests' from command line to 'False'
[0.919s] DEBUG:colcon.colcon_core.verb:Building package 'hwpub' with the following arguments: {'ament_cmake_args': None, 'build_base': '/home/ilija/ros2_ws/src/RINS/build/hwpub', 'catkin_cmake_args': None, 'catkin_skip_building_tests': False, 'cmake_args': None, 'cmake_clean_cache': False, 'cmake_clean_first': False, 'cmake_force_configure': False, 'cmake_target': None, 'cmake_target_skip_unavailable': False, 'install_base': '/home/ilija/ros2_ws/src/RINS/install/hwpub', 'merge_install': False, 'path': '/home/ilija/ros2_ws/src/RINS/src/hwpub', 'symlink_install': True, 'test_result_base': None}
[0.920s] INFO:colcon.colcon_core.executor:Executing jobs using 'parallel' executor
[0.923s] DEBUG:colcon.colcon_parallel_executor.executor.parallel:run_until_complete
[0.925s] INFO:colcon.colcon_ros.task.ament_cmake.build:Building ROS package in '/home/ilija/ros2_ws/src/RINS/src/dis_tutorial1' with build type 'ament_cmake'
[0.926s] INFO:colcon.colcon_cmake.task.cmake.build:Building CMake package in '/home/ilija/ros2_ws/src/RINS/src/dis_tutorial1'
[0.933s] INFO:colcon.colcon_core.plugin_system:Skipping extension 'colcon_core.shell.bat': Not used on non-Windows systems
[0.934s] INFO:colcon.colcon_core.shell:Skip shell extension 'powershell' for command environment: Not usable outside of PowerShell
[0.934s] DEBUG:colcon.colcon_core.shell:Skip shell extension 'dsv' for command environment
[0.945s] INFO:colcon.colcon_ros.task.ament_python.build:Building ROS package in '/home/ilija/ros2_ws/src/RINS/src/dis_tutorial2' with build type 'ament_python'
[0.946s] Level 1:colcon.colcon_core.shell:create_environment_hook('dis_tutorial2', 'ament_prefix_path')
[0.947s] INFO:colcon.colcon_core.shell:Creating environment hook '/home/ilija/ros2_ws/src/RINS/install/dis_tutorial2/share/dis_tutorial2/hook/ament_prefix_path.ps1'
[0.950s] INFO:colcon.colcon_core.shell:Creating environment descriptor '/home/ilija/ros2_ws/src/RINS/install/dis_tutorial2/share/dis_tutorial2/hook/ament_prefix_path.dsv'
[0.954s] INFO:colcon.colcon_core.shell:Creating environment hook '/home/ilija/ros2_ws/src/RINS/install/dis_tutorial2/share/dis_tutorial2/hook/ament_prefix_path.sh'
[0.957s] INFO:colcon.colcon_core.shell:Skip shell extension 'powershell' for command environment: Not usable outside of PowerShell
[0.958s] DEBUG:colcon.colcon_core.shell:Skip shell extension 'dsv' for command environment
[0.997s] DEBUG:colcon.colcon_core.event_handler.log_command:Invoking command in '/home/ilija/ros2_ws/src/RINS/build/dis_tutorial1': CMAKE_PREFIX_PATH=${CMAKE_PREFIX_PATH}:/home/ilija/ros2_ws/src/RINS/install/dis_tutorial2:/opt/ros/humble /usr/bin/cmake --build /home/ilija/ros2_ws/src/RINS/build/dis_tutorial1 -- -j2 -l2
[2.475s] INFO:colcon.colcon_core.task.python.build:Building Python package in '/home/ilija/ros2_ws/src/RINS/src/dis_tutorial2'
[2.478s] INFO:colcon.colcon_core.shell:Skip shell extension 'powershell' for command environment: Not usable outside of PowerShell
[2.481s] DEBUG:colcon.colcon_core.shell:Skip shell extension 'dsv' for command environment
[4.252s] DEBUG:colcon.colcon_core.event_handler.log_command:Invoked command in '/home/ilija/ros2_ws/src/RINS/build/dis_tutorial1' returned '0': CMAKE_PREFIX_PATH=${CMAKE_PREFIX_PATH}:/home/ilija/ros2_ws/src/RINS/install/dis_tutorial2:/opt/ros/humble /usr/bin/cmake --build /home/ilija/ros2_ws/src/RINS/build/dis_tutorial1 -- -j2 -l2
[4.292s] DEBUG:colcon.colcon_core.event_handler.log_command:Invoking command in '/home/ilija/ros2_ws/src/RINS/build/dis_tutorial1': CMAKE_PREFIX_PATH=${CMAKE_PREFIX_PATH}:/home/ilija/ros2_ws/src/RINS/install/dis_tutorial2:/opt/ros/humble /usr/bin/cmake --install /home/ilija/ros2_ws/src/RINS/build/dis_tutorial1
[4.351s] DEBUG:colcon.colcon_core.event_handler.log_command:Invoking command in '/home/ilija/ros2_ws/src/RINS/build/dis_tutorial2': PYTHONPATH=/home/ilija/ros2_ws/src/RINS/build/dis_tutorial2/prefix_override:/usr/lib/python3/dist-packages/colcon_core/task/python/colcon_distutils_commands:/home/ilija/ros2_ws/src/RINS/install/dis_tutorial2/lib/python3.10/site-packages:${PYTHONPATH} /usr/bin/python3 -W ignore:setup.py install is deprecated -W ignore:easy_install command is deprecated setup.py develop --editable --build-directory /home/ilija/ros2_ws/src/RINS/build/dis_tutorial2/build --no-deps symlink_data
[4.788s] Level 1:colcon.colcon_core.environment:create_environment_scripts_only(dis_tutorial1)
[4.789s] DEBUG:colcon.colcon_core.event_handler.log_command:Invoked command in '/home/ilija/ros2_ws/src/RINS/build/dis_tutorial1' returned '0': CMAKE_PREFIX_PATH=${CMAKE_PREFIX_PATH}:/home/ilija/ros2_ws/src/RINS/install/dis_tutorial2:/opt/ros/humble /usr/bin/cmake --install /home/ilija/ros2_ws/src/RINS/build/dis_tutorial1
[4.799s] Level 1:colcon.colcon_core.environment:checking '/home/ilija/ros2_ws/src/RINS/install/dis_tutorial1' for CMake module files
[4.803s] Level 1:colcon.colcon_core.environment:checking '/home/ilija/ros2_ws/src/RINS/install/dis_tutorial1' for CMake config files
[4.809s] Level 1:colcon.colcon_core.shell:create_environment_hook('dis_tutorial1', 'cmake_prefix_path')
[4.809s] INFO:colcon.colcon_core.shell:Creating environment hook '/home/ilija/ros2_ws/src/RINS/install/dis_tutorial1/share/dis_tutorial1/hook/cmake_prefix_path.ps1'
[4.811s] INFO:colcon.colcon_core.shell:Creating environment descriptor '/home/ilija/ros2_ws/src/RINS/install/dis_tutorial1/share/dis_tutorial1/hook/cmake_prefix_path.dsv'
[4.820s] INFO:colcon.colcon_core.shell:Creating environment hook '/home/ilija/ros2_ws/src/RINS/install/dis_tutorial1/share/dis_tutorial1/hook/cmake_prefix_path.sh'
[4.828s] Level 1:colcon.colcon_core.environment:checking '/home/ilija/ros2_ws/src/RINS/install/dis_tutorial1/lib'
[4.829s] Level 1:colcon.colcon_core.shell:create_environment_hook('dis_tutorial1', 'ld_library_path_lib')
[4.830s] INFO:colcon.colcon_core.shell:Creating environment hook '/home/ilija/ros2_ws/src/RINS/install/dis_tutorial1/share/dis_tutorial1/hook/ld_library_path_lib.ps1'
[4.832s] INFO:colcon.colcon_core.shell:Creating environment descriptor '/home/ilija/ros2_ws/src/RINS/install/dis_tutorial1/share/dis_tutorial1/hook/ld_library_path_lib.dsv'
[4.833s] INFO:colcon.colcon_core.shell:Creating environment hook '/home/ilija/ros2_ws/src/RINS/install/dis_tutorial1/share/dis_tutorial1/hook/ld_library_path_lib.sh'
[4.836s] Level 1:colcon.colcon_core.environment:checking '/home/ilija/ros2_ws/src/RINS/install/dis_tutorial1/bin'
[4.836s] Level 1:colcon.colcon_core.environment:checking '/home/ilija/ros2_ws/src/RINS/install/dis_tutorial1/lib/pkgconfig/dis_tutorial1.pc'
[4.837s] Level 1:colcon.colcon_core.environment:checking '/home/ilija/ros2_ws/src/RINS/install/dis_tutorial1/lib/python3.10/site-packages'
[4.838s] Level 1:colcon.colcon_core.environment:checking '/home/ilija/ros2_ws/src/RINS/install/dis_tutorial1/bin'
[4.839s] INFO:colcon.colcon_core.shell:Creating package script '/home/ilija/ros2_ws/src/RINS/install/dis_tutorial1/share/dis_tutorial1/package.ps1'
[4.842s] INFO:colcon.colcon_core.shell:Creating package descriptor '/home/ilija/ros2_ws/src/RINS/install/dis_tutorial1/share/dis_tutorial1/package.dsv'
[4.844s] INFO:colcon.colcon_core.shell:Creating package script '/home/ilija/ros2_ws/src/RINS/install/dis_tutorial1/share/dis_tutorial1/package.sh'
[4.848s] INFO:colcon.colcon_core.shell:Creating package script '/home/ilija/ros2_ws/src/RINS/install/dis_tutorial1/share/dis_tutorial1/package.bash'
[4.851s] INFO:colcon.colcon_core.shell:Creating package script '/home/ilija/ros2_ws/src/RINS/install/dis_tutorial1/share/dis_tutorial1/package.zsh'
[4.855s] Level 1:colcon.colcon_core.environment:create_file_with_runtime_dependencies(/home/ilija/ros2_ws/src/RINS/install/dis_tutorial1/share/colcon-core/packages/dis_tutorial1)
[4.858s] Level 1:colcon.colcon_core.environment:create_environment_scripts_only(dis_tutorial1)
[4.859s] Level 1:colcon.colcon_core.environment:checking '/home/ilija/ros2_ws/src/RINS/install/dis_tutorial1' for CMake module files
[4.862s] Level 1:colcon.colcon_core.environment:checking '/home/ilija/ros2_ws/src/RINS/install/dis_tutorial1' for CMake config files
[4.867s] Level 1:colcon.colcon_core.shell:create_environment_hook('dis_tutorial1', 'cmake_prefix_path')
[4.868s] INFO:colcon.colcon_core.shell:Creating environment hook '/home/ilija/ros2_ws/src/RINS/install/dis_tutorial1/share/dis_tutorial1/hook/cmake_prefix_path.ps1'
[4.870s] INFO:colcon.colcon_core.shell:Creating environment descriptor '/home/ilija/ros2_ws/src/RINS/install/dis_tutorial1/share/dis_tutorial1/hook/cmake_prefix_path.dsv'
[4.872s] INFO:colcon.colcon_core.shell:Creating environment hook '/home/ilija/ros2_ws/src/RINS/install/dis_tutorial1/share/dis_tutorial1/hook/cmake_prefix_path.sh'
[4.875s] Level 1:colcon.colcon_core.environment:checking '/home/ilija/ros2_ws/src/RINS/install/dis_tutorial1/lib'
[4.875s] Level 1:colcon.colcon_core.shell:create_environment_hook('dis_tutorial1', 'ld_library_path_lib')
[4.875s] INFO:colcon.colcon_core.shell:Creating environment hook '/home/ilija/ros2_ws/src/RINS/install/dis_tutorial1/share/dis_tutorial1/hook/ld_library_path_lib.ps1'
[4.877s] INFO:colcon.colcon_core.shell:Creating environment descriptor '/home/ilija/ros2_ws/src/RINS/install/dis_tutorial1/share/dis_tutorial1/hook/ld_library_path_lib.dsv'
[4.880s] INFO:colcon.colcon_core.shell:Creating environment hook '/home/ilija/ros2_ws/src/RINS/install/dis_tutorial1/share/dis_tutorial1/hook/ld_library_path_lib.sh'
[4.882s] Level 1:colcon.colcon_core.environment:checking '/home/ilija/ros2_ws/src/RINS/install/dis_tutorial1/bin'
[4.882s] Level 1:colcon.colcon_core.environment:checking '/home/ilija/ros2_ws/src/RINS/install/dis_tutorial1/lib/pkgconfig/dis_tutorial1.pc'
[4.883s] Level 1:colcon.colcon_core.environment:checking '/home/ilija/ros2_ws/src/RINS/install/dis_tutorial1/lib/python3.10/site-packages'
[4.884s] Level 1:colcon.colcon_core.environment:checking '/home/ilija/ros2_ws/src/RINS/install/dis_tutorial1/bin'
[4.884s] INFO:colcon.colcon_core.shell:Creating package script '/home/ilija/ros2_ws/src/RINS/install/dis_tutorial1/share/dis_tutorial1/package.ps1'
[4.888s] INFO:colcon.colcon_core.shell:Creating package descriptor '/home/ilija/ros2_ws/src/RINS/install/dis_tutorial1/share/dis_tutorial1/package.dsv'
[4.891s] INFO:colcon.colcon_core.shell:Creating package script '/home/ilija/ros2_ws/src/RINS/install/dis_tutorial1/share/dis_tutorial1/package.sh'
[4.894s] INFO:colcon.colcon_core.shell:Creating package script '/home/ilija/ros2_ws/src/RINS/install/dis_tutorial1/share/dis_tutorial1/package.bash'
[4.896s] INFO:colcon.colcon_core.shell:Creating package script '/home/ilija/ros2_ws/src/RINS/install/dis_tutorial1/share/dis_tutorial1/package.zsh'
[4.899s] Level 1:colcon.colcon_core.environment:create_file_with_runtime_dependencies(/home/ilija/ros2_ws/src/RINS/install/dis_tutorial1/share/colcon-core/packages/dis_tutorial1)
[4.903s] INFO:colcon.colcon_ros.task.ament_cmake.build:Building ROS package in '/home/ilija/ros2_ws/src/RINS/src/hwpub' with build type 'ament_cmake'
[4.903s] INFO:colcon.colcon_cmake.task.cmake.build:Building CMake package in '/home/ilija/ros2_ws/src/RINS/src/hwpub'
[4.904s] INFO:colcon.colcon_core.shell:Skip shell extension 'powershell' for command environment: Not usable outside of PowerShell
[4.904s] DEBUG:colcon.colcon_core.shell:Skip shell extension 'dsv' for command environment
[4.962s] DEBUG:colcon.colcon_core.event_handler.log_command:Invoking command in '/home/ilija/ros2_ws/src/RINS/build/hwpub': CMAKE_PREFIX_PATH=${CMAKE_PREFIX_PATH}:/home/ilija/ros2_ws/src/RINS/install/dis_tutorial2:/opt/ros/humble /usr/bin/cmake --build /home/ilija/ros2_ws/src/RINS/build/hwpub -- -j2 -l2
[7.101s] Level 1:colcon.colcon_core.shell:create_environment_hook('dis_tutorial2', 'pythonpath_develop')
[7.106s] INFO:colcon.colcon_core.shell:Creating environment hook '/home/ilija/ros2_ws/src/RINS/build/dis_tutorial2/share/dis_tutorial2/hook/pythonpath_develop.ps1'
[7.107s] DEBUG:colcon.colcon_core.event_handler.log_command:Invoked command in '/home/ilija/ros2_ws/src/RINS/build/dis_tutorial2' returned '0': PYTHONPATH=/home/ilija/ros2_ws/src/RINS/build/dis_tutorial2/prefix_override:/usr/lib/python3/dist-packages/colcon_core/task/python/colcon_distutils_commands:/home/ilija/ros2_ws/src/RINS/install/dis_tutorial2/lib/python3.10/site-packages:${PYTHONPATH} /usr/bin/python3 -W ignore:setup.py install is deprecated -W ignore:easy_install command is deprecated setup.py develop --editable --build-directory /home/ilija/ros2_ws/src/RINS/build/dis_tutorial2/build --no-deps symlink_data
[7.113s] INFO:colcon.colcon_core.shell:Creating environment descriptor '/home/ilija/ros2_ws/src/RINS/build/dis_tutorial2/share/dis_tutorial2/hook/pythonpath_develop.dsv'
[7.118s] INFO:colcon.colcon_core.shell:Creating environment hook '/home/ilija/ros2_ws/src/RINS/build/dis_tutorial2/share/dis_tutorial2/hook/pythonpath_develop.sh'
[7.124s] Level 1:colcon.colcon_core.environment:checking '/home/ilija/ros2_ws/src/RINS/install/dis_tutorial2' for CMake module files
[7.127s] Level 1:colcon.colcon_core.environment:checking '/home/ilija/ros2_ws/src/RINS/install/dis_tutorial2' for CMake config files
[7.131s] Level 1:colcon.colcon_core.environment:checking '/home/ilija/ros2_ws/src/RINS/install/dis_tutorial2/lib'
[7.133s] Level 1:colcon.colcon_core.environment:checking '/home/ilija/ros2_ws/src/RINS/install/dis_tutorial2/bin'
[7.134s] Level 1:colcon.colcon_core.environment:checking '/home/ilija/ros2_ws/src/RINS/install/dis_tutorial2/lib/pkgconfig/dis_tutorial2.pc'
[7.135s] Level 1:colcon.colcon_core.environment:checking '/home/ilija/ros2_ws/src/RINS/install/dis_tutorial2/lib/python3.10/site-packages'
[7.135s] Level 1:colcon.colcon_core.shell:create_environment_hook('dis_tutorial2', 'pythonpath')
[7.139s] INFO:colcon.colcon_core.shell:Creating environment hook '/home/ilija/ros2_ws/src/RINS/install/dis_tutorial2/share/dis_tutorial2/hook/pythonpath.ps1'
[7.143s] INFO:colcon.colcon_core.shell:Creating environment descriptor '/home/ilija/ros2_ws/src/RINS/install/dis_tutorial2/share/dis_tutorial2/hook/pythonpath.dsv'
[7.148s] INFO:colcon.colcon_core.shell:Creating environment hook '/home/ilija/ros2_ws/src/RINS/install/dis_tutorial2/share/dis_tutorial2/hook/pythonpath.sh'
[7.156s] Level 1:colcon.colcon_core.environment:checking '/home/ilija/ros2_ws/src/RINS/install/dis_tutorial2/bin'
[7.156s] Level 1:colcon.colcon_core.environment:create_environment_scripts_only(dis_tutorial2)
[7.158s] INFO:colcon.colcon_core.shell:Creating package script '/home/ilija/ros2_ws/src/RINS/install/dis_tutorial2/share/dis_tutorial2/package.ps1'
[7.161s] INFO:colcon.colcon_core.shell:Creating package descriptor '/home/ilija/ros2_ws/src/RINS/install/dis_tutorial2/share/dis_tutorial2/package.dsv'
[7.164s] INFO:colcon.colcon_core.shell:Creating package script '/home/ilija/ros2_ws/src/RINS/install/dis_tutorial2/share/dis_tutorial2/package.sh'
[7.168s] INFO:colcon.colcon_core.shell:Creating package script '/home/ilija/ros2_ws/src/RINS/install/dis_tutorial2/share/dis_tutorial2/package.bash'
[7.171s] INFO:colcon.colcon_core.shell:Creating package script '/home/ilija/ros2_ws/src/RINS/install/dis_tutorial2/share/dis_tutorial2/package.zsh'
[7.174s] Level 1:colcon.colcon_core.environment:create_file_with_runtime_dependencies(/home/ilija/ros2_ws/src/RINS/install/dis_tutorial2/share/colcon-core/packages/dis_tutorial2)
[7.415s] DEBUG:colcon.colcon_core.event_handler.log_command:Invoked command in '/home/ilija/ros2_ws/src/RINS/build/hwpub' returned '0': CMAKE_PREFIX_PATH=${CMAKE_PREFIX_PATH}:/home/ilija/ros2_ws/src/RINS/install/dis_tutorial2:/opt/ros/humble /usr/bin/cmake --build /home/ilija/ros2_ws/src/RINS/build/hwpub -- -j2 -l2
[7.423s] DEBUG:colcon.colcon_core.event_handler.log_command:Invoking command in '/home/ilija/ros2_ws/src/RINS/build/hwpub': CMAKE_PREFIX_PATH=${CMAKE_PREFIX_PATH}:/home/ilija/ros2_ws/src/RINS/install/dis_tutorial2:/opt/ros/humble /usr/bin/cmake --install /home/ilija/ros2_ws/src/RINS/build/hwpub
[7.710s] Level 1:colcon.colcon_core.environment:create_environment_scripts_only(hwpub)
[7.711s] Level 1:colcon.colcon_core.environment:checking '/home/ilija/ros2_ws/src/RINS/install/hwpub' for CMake module files
[7.712s] DEBUG:colcon.colcon_core.event_handler.log_command:Invoked command in '/home/ilija/ros2_ws/src/RINS/build/hwpub' returned '0': CMAKE_PREFIX_PATH=${CMAKE_PREFIX_PATH}:/home/ilija/ros2_ws/src/RINS/install/dis_tutorial2:/opt/ros/humble /usr/bin/cmake --install /home/ilija/ros2_ws/src/RINS/build/hwpub
[7.715s] Level 1:colcon.colcon_core.environment:checking '/home/ilija/ros2_ws/src/RINS/install/hwpub' for CMake config files
[7.718s] Level 1:colcon.colcon_core.shell:create_environment_hook('hwpub', 'cmake_prefix_path')
[7.719s] INFO:colcon.colcon_core.shell:Creating environment hook '/home/ilija/ros2_ws/src/RINS/install/hwpub/share/hwpub/hook/cmake_prefix_path.ps1'
[7.720s] INFO:colcon.colcon_core.shell:Creating environment descriptor '/home/ilija/ros2_ws/src/RINS/install/hwpub/share/hwpub/hook/cmake_prefix_path.dsv'
[7.722s] INFO:colcon.colcon_core.shell:Creating environment hook '/home/ilija/ros2_ws/src/RINS/install/hwpub/share/hwpub/hook/cmake_prefix_path.sh'
[7.724s] Level 1:colcon.colcon_core.environment:checking '/home/ilija/ros2_ws/src/RINS/install/hwpub/lib'
[7.725s] Level 1:colcon.colcon_core.shell:create_environment_hook('hwpub', 'ld_library_path_lib')
[7.725s] INFO:colcon.colcon_core.shell:Creating environment hook '/home/ilija/ros2_ws/src/RINS/install/hwpub/share/hwpub/hook/ld_library_path_lib.ps1'
[7.727s] INFO:colcon.colcon_core.shell:Creating environment descriptor '/home/ilija/ros2_ws/src/RINS/install/hwpub/share/hwpub/hook/ld_library_path_lib.dsv'
[7.729s] INFO:colcon.colcon_core.shell:Creating environment hook '/home/ilija/ros2_ws/src/RINS/install/hwpub/share/hwpub/hook/ld_library_path_lib.sh'
[7.730s] Level 1:colcon.colcon_core.environment:checking '/home/ilija/ros2_ws/src/RINS/install/hwpub/bin'
[7.731s] Level 1:colcon.colcon_core.environment:checking '/home/ilija/ros2_ws/src/RINS/install/hwpub/lib/pkgconfig/hwpub.pc'
[7.731s] Level 1:colcon.colcon_core.environment:checking '/home/ilija/ros2_ws/src/RINS/install/hwpub/lib/python3.10/site-packages'
[7.732s] Level 1:colcon.colcon_core.environment:checking '/home/ilija/ros2_ws/src/RINS/install/hwpub/bin'
[7.733s] INFO:colcon.colcon_core.shell:Creating package script '/home/ilija/ros2_ws/src/RINS/install/hwpub/share/hwpub/package.ps1'
[7.735s] INFO:colcon.colcon_core.shell:Creating package descriptor '/home/ilija/ros2_ws/src/RINS/install/hwpub/share/hwpub/package.dsv'
[7.737s] INFO:colcon.colcon_core.shell:Creating package script '/home/ilija/ros2_ws/src/RINS/install/hwpub/share/hwpub/package.sh'
[7.739s] INFO:colcon.colcon_core.shell:Creating package script '/home/ilija/ros2_ws/src/RINS/install/hwpub/share/hwpub/package.bash'
[7.740s] INFO:colcon.colcon_core.shell:Creating package script '/home/ilija/ros2_ws/src/RINS/install/hwpub/share/hwpub/package.zsh'
[7.742s] Level 1:colcon.colcon_core.environment:create_file_with_runtime_dependencies(/home/ilija/ros2_ws/src/RINS/install/hwpub/share/colcon-core/packages/hwpub)
[7.745s] Level 1:colcon.colcon_core.environment:create_environment_scripts_only(hwpub)
[7.746s] Level 1:colcon.colcon_core.environment:checking '/home/ilija/ros2_ws/src/RINS/install/hwpub' for CMake module files
[7.748s] Level 1:colcon.colcon_core.environment:checking '/home/ilija/ros2_ws/src/RINS/install/hwpub' for CMake config files
[7.750s] Level 1:colcon.colcon_core.shell:create_environment_hook('hwpub', 'cmake_prefix_path')
[7.751s] INFO:colcon.colcon_core.shell:Creating environment hook '/home/ilija/ros2_ws/src/RINS/install/hwpub/share/hwpub/hook/cmake_prefix_path.ps1'
[7.753s] INFO:colcon.colcon_core.shell:Creating environment descriptor '/home/ilija/ros2_ws/src/RINS/install/hwpub/share/hwpub/hook/cmake_prefix_path.dsv'
[7.754s] INFO:colcon.colcon_core.shell:Creating environment hook '/home/ilija/ros2_ws/src/RINS/install/hwpub/share/hwpub/hook/cmake_prefix_path.sh'
[7.757s] Level 1:colcon.colcon_core.environment:checking '/home/ilija/ros2_ws/src/RINS/install/hwpub/lib'
[7.757s] Level 1:colcon.colcon_core.shell:create_environment_hook('hwpub', 'ld_library_path_lib')
[7.758s] INFO:colcon.colcon_core.shell:Creating environment hook '/home/ilija/ros2_ws/src/RINS/install/hwpub/share/hwpub/hook/ld_library_path_lib.ps1'
[7.759s] INFO:colcon.colcon_core.shell:Creating environment descriptor '/home/ilija/ros2_ws/src/RINS/install/hwpub/share/hwpub/hook/ld_library_path_lib.dsv'
[7.761s] INFO:colcon.colcon_core.shell:Creating environment hook '/home/ilija/ros2_ws/src/RINS/install/hwpub/share/hwpub/hook/ld_library_path_lib.sh'
[7.764s] Level 1:colcon.colcon_core.environment:checking '/home/ilija/ros2_ws/src/RINS/install/hwpub/bin'
[7.764s] Level 1:colcon.colcon_core.environment:checking '/home/ilija/ros2_ws/src/RINS/install/hwpub/lib/pkgconfig/hwpub.pc'
[7.765s] Level 1:colcon.colcon_core.environment:checking '/home/ilija/ros2_ws/src/RINS/install/hwpub/lib/python3.10/site-packages'
[7.765s] Level 1:colcon.colcon_core.environment:checking '/home/ilija/ros2_ws/src/RINS/install/hwpub/bin'
[7.766s] INFO:colcon.colcon_core.shell:Creating package script '/home/ilija/ros2_ws/src/RINS/install/hwpub/share/hwpub/package.ps1'
[7.768s] INFO:colcon.colcon_core.shell:Creating package descriptor '/home/ilija/ros2_ws/src/RINS/install/hwpub/share/hwpub/package.dsv'
[7.770s] INFO:colcon.colcon_core.shell:Creating package script '/home/ilija/ros2_ws/src/RINS/install/hwpub/share/hwpub/package.sh'
[7.774s] INFO:colcon.colcon_core.shell:Creating package script '/home/ilija/ros2_ws/src/RINS/install/hwpub/share/hwpub/package.bash'
[7.778s] INFO:colcon.colcon_core.shell:Creating package script '/home/ilija/ros2_ws/src/RINS/install/hwpub/share/hwpub/package.zsh'
[7.781s] Level 1:colcon.colcon_core.environment:create_file_with_runtime_dependencies(/home/ilija/ros2_ws/src/RINS/install/hwpub/share/colcon-core/packages/hwpub)
[7.782s] DEBUG:colcon.colcon_parallel_executor.executor.parallel:closing loop
[7.783s] DEBUG:colcon.colcon_parallel_executor.executor.parallel:loop closed
[7.784s] DEBUG:colcon.colcon_parallel_executor.executor.parallel:run_until_complete finished with '0'
[7.784s] DEBUG:colcon.colcon_core.event_reactor:joining thread
[7.807s] INFO:colcon.colcon_core.plugin_system:Skipping extension 'colcon_notification.desktop_notification.terminal_notifier': Not used on non-Darwin systems
[7.807s] INFO:colcon.colcon_core.plugin_system:Skipping extension 'colcon_notification.desktop_notification.win32': Not used on non-Windows systems
[7.807s] INFO:colcon.colcon_notification.desktop_notification:Sending desktop notification using 'notify2'
[7.845s] DEBUG:colcon.colcon_core.event_reactor:joined thread
[7.846s] INFO:colcon.colcon_core.shell:Creating prefix script '/home/ilija/ros2_ws/src/RINS/install/local_setup.ps1'
[7.850s] INFO:colcon.colcon_core.shell:Creating prefix util module '/home/ilija/ros2_ws/src/RINS/install/_local_setup_util_ps1.py'
[7.856s] INFO:colcon.colcon_core.shell:Creating prefix chain script '/home/ilija/ros2_ws/src/RINS/install/setup.ps1'
[7.863s] INFO:colcon.colcon_core.shell:Creating prefix script '/home/ilija/ros2_ws/src/RINS/install/local_setup.sh'
[7.866s] INFO:colcon.colcon_core.shell:Creating prefix util module '/home/ilija/ros2_ws/src/RINS/install/_local_setup_util_sh.py'
[7.869s] INFO:colcon.colcon_core.shell:Creating prefix chain script '/home/ilija/ros2_ws/src/RINS/install/setup.sh'
[7.875s] INFO:colcon.colcon_core.shell:Creating prefix script '/home/ilija/ros2_ws/src/RINS/install/local_setup.bash'
[7.878s] INFO:colcon.colcon_core.shell:Creating prefix chain script '/home/ilija/ros2_ws/src/RINS/install/setup.bash'
[7.883s] INFO:colcon.colcon_core.shell:Creating prefix script '/home/ilija/ros2_ws/src/RINS/install/local_setup.zsh'
[7.886s] INFO:colcon.colcon_core.shell:Creating prefix chain script '/home/ilija/ros2_ws/src/RINS/install/setup.zsh'
