[0.063s] DEBUG:colcon:Command line arguments: ['/usr/bin/colcon', 'build']
[0.063s] DEBUG:colcon:Parsed command line arguments: Namespace(log_base=None, log_level=None, verb_name='build', build_base='build', install_base='install', merge_install=False, symlink_install=False, test_result_base=None, continue_on_error=False, executor='parallel', parallel_workers=16, event_handlers=None, ignore_user_meta=False, metas=['./colcon.meta'], base_paths=['.'], packages_ignore=None, packages_ignore_regex=None, paths=None, packages_up_to=None, packages_up_to_regex=None, packages_above=None, packages_above_and_dependencies=None, packages_above_depth=None, packages_select_by_dep=None, packages_skip_by_dep=None, packages_skip_up_to=None, packages_select_build_failed=False, packages_skip_build_finished=False, packages_select_test_failures=False, packages_skip_test_passed=False, packages_select=None, packages_skip=None, packages_select_regex=None, packages_skip_regex=None, packages_start=None, packages_end=None, allow_overriding=[], cmake_args=None, cmake_target=None, cmake_target_skip_unavailable=False, cmake_clean_cache=False, cmake_clean_first=False, cmake_force_configure=False, ament_cmake_args=None, catkin_cmake_args=None, catkin_skip_building_tests=False, mixin_files=None, mixin=None, verb_parser=<colcon_mixin.mixin.mixin_argument.MixinArgumentDecorator object at 0x702a1c3fe710>, verb_extension=<colcon_core.verb.build.BuildVerb object at 0x702a1c4fb6d0>, main=<bound method BuildVerb.main of <colcon_core.verb.build.BuildVerb object at 0x702a1c4fb6d0>>, mixin_verb=('build',))
[0.158s] Level 1:colcon.colcon_core.package_discovery:discover_packages(colcon_meta) check parameters
[0.158s] Level 1:colcon.colcon_core.package_discovery:discover_packages(recursive) check parameters
[0.158s] Level 1:colcon.colcon_core.package_discovery:discover_packages(ignore) check parameters
[0.158s] Level 1:colcon.colcon_core.package_discovery:discover_packages(path) check parameters
[0.158s] Level 1:colcon.colcon_core.package_discovery:discover_packages(colcon_meta) discover
[0.158s] Level 1:colcon.colcon_core.package_discovery:discover_packages(recursive) discover
[0.158s] INFO:colcon.colcon_core.package_discovery:Crawling recursively for packages in '/home/tau/colcon_ws'
[0.158s] Level 1:colcon.colcon_core.package_identification:_identify(.) by extensions ['ignore', 'ignore_ament_install']
[0.158s] Level 1:colcon.colcon_core.package_identification:_identify(.) by extension 'ignore'
[0.158s] Level 1:colcon.colcon_core.package_identification:_identify(.) by extension 'ignore_ament_install'
[0.158s] Level 1:colcon.colcon_core.package_identification:_identify(.) by extensions ['colcon_pkg']
[0.158s] Level 1:colcon.colcon_core.package_identification:_identify(.) by extension 'colcon_pkg'
[0.158s] Level 1:colcon.colcon_core.package_identification:_identify(.) by extensions ['colcon_meta']
[0.158s] Level 1:colcon.colcon_core.package_identification:_identify(.) by extension 'colcon_meta'
[0.158s] Level 1:colcon.colcon_core.package_identification:_identify(.) by extensions ['ros']
[0.158s] Level 1:colcon.colcon_core.package_identification:_identify(.) by extension 'ros'
[0.164s] Level 1:colcon.colcon_core.package_identification:_identify(.) by extensions ['cmake', 'python']
[0.164s] Level 1:colcon.colcon_core.package_identification:_identify(.) by extension 'cmake'
[0.164s] Level 1:colcon.colcon_core.package_identification:_identify(.) by extension 'python'
[0.164s] Level 1:colcon.colcon_core.package_identification:_identify(.) by extensions ['python_setup_py']
[0.164s] Level 1:colcon.colcon_core.package_identification:_identify(.) by extension 'python_setup_py'
[0.164s] Level 1:colcon.colcon_core.package_identification:_identify(build) by extensions ['ignore', 'ignore_ament_install']
[0.164s] Level 1:colcon.colcon_core.package_identification:_identify(build) by extension 'ignore'
[0.164s] Level 1:colcon.colcon_core.package_identification:_identify(build) ignored
[0.164s] Level 1:colcon.colcon_core.package_identification:_identify(install) by extensions ['ignore', 'ignore_ament_install']
[0.164s] Level 1:colcon.colcon_core.package_identification:_identify(install) by extension 'ignore'
[0.164s] Level 1:colcon.colcon_core.package_identification:_identify(install) ignored
[0.165s] Level 1:colcon.colcon_core.package_identification:_identify(log) by extensions ['ignore', 'ignore_ament_install']
[0.165s] Level 1:colcon.colcon_core.package_identification:_identify(log) by extension 'ignore'
[0.165s] Level 1:colcon.colcon_core.package_identification:_identify(log) ignored
[0.165s] Level 1:colcon.colcon_core.package_identification:_identify(src) by extensions ['ignore', 'ignore_ament_install']
[0.165s] Level 1:colcon.colcon_core.package_identification:_identify(src) by extension 'ignore'
[0.165s] Level 1:colcon.colcon_core.package_identification:_identify(src) by extension 'ignore_ament_install'
[0.165s] Level 1:colcon.colcon_core.package_identification:_identify(src) by extensions ['colcon_pkg']
[0.165s] Level 1:colcon.colcon_core.package_identification:_identify(src) by extension 'colcon_pkg'
[0.165s] Level 1:colcon.colcon_core.package_identification:_identify(src) by extensions ['colcon_meta']
[0.165s] Level 1:colcon.colcon_core.package_identification:_identify(src) by extension 'colcon_meta'
[0.165s] Level 1:colcon.colcon_core.package_identification:_identify(src) by extensions ['ros']
[0.165s] Level 1:colcon.colcon_core.package_identification:_identify(src) by extension 'ros'
[0.165s] Level 1:colcon.colcon_core.package_identification:_identify(src) by extensions ['cmake', 'python']
[0.165s] Level 1:colcon.colcon_core.package_identification:_identify(src) by extension 'cmake'
[0.165s] Level 1:colcon.colcon_core.package_identification:_identify(src) by extension 'python'
[0.165s] Level 1:colcon.colcon_core.package_identification:_identify(src) by extensions ['python_setup_py']
[0.165s] Level 1:colcon.colcon_core.package_identification:_identify(src) by extension 'python_setup_py'
[0.165s] Level 1:colcon.colcon_core.package_identification:_identify(src/dis_tutorial1) by extensions ['ignore', 'ignore_ament_install']
[0.165s] Level 1:colcon.colcon_core.package_identification:_identify(src/dis_tutorial1) by extension 'ignore'
[0.165s] Level 1:colcon.colcon_core.package_identification:_identify(src/dis_tutorial1) by extension 'ignore_ament_install'
[0.165s] Level 1:colcon.colcon_core.package_identification:_identify(src/dis_tutorial1) by extensions ['colcon_pkg']
[0.165s] Level 1:colcon.colcon_core.package_identification:_identify(src/dis_tutorial1) by extension 'colcon_pkg'
[0.165s] Level 1:colcon.colcon_core.package_identification:_identify(src/dis_tutorial1) by extensions ['colcon_meta']
[0.165s] Level 1:colcon.colcon_core.package_identification:_identify(src/dis_tutorial1) by extension 'colcon_meta'
[0.165s] Level 1:colcon.colcon_core.package_identification:_identify(src/dis_tutorial1) by extensions ['ros']
[0.165s] Level 1:colcon.colcon_core.package_identification:_identify(src/dis_tutorial1) by extension 'ros'
[0.167s] DEBUG:colcon.colcon_core.package_identification:Package 'src/dis_tutorial1' with type 'ros.ament_cmake' and name 'dis_tutorial1'
[0.167s] Level 1:colcon.colcon_core.package_identification:_identify(src/dis_tutorial2) by extensions ['ignore', 'ignore_ament_install']
[0.167s] Level 1:colcon.colcon_core.package_identification:_identify(src/dis_tutorial2) by extension 'ignore'
[0.167s] Level 1:colcon.colcon_core.package_identification:_identify(src/dis_tutorial2) by extension 'ignore_ament_install'
[0.167s] Level 1:colcon.colcon_core.package_identification:_identify(src/dis_tutorial2) by extensions ['colcon_pkg']
[0.167s] Level 1:colcon.colcon_core.package_identification:_identify(src/dis_tutorial2) by extension 'colcon_pkg'
[0.167s] Level 1:colcon.colcon_core.package_identification:_identify(src/dis_tutorial2) by extensions ['colcon_meta']
[0.167s] Level 1:colcon.colcon_core.package_identification:_identify(src/dis_tutorial2) by extension 'colcon_meta'
[0.167s] Level 1:colcon.colcon_core.package_identification:_identify(src/dis_tutorial2) by extensions ['ros']
[0.167s] Level 1:colcon.colcon_core.package_identification:_identify(src/dis_tutorial2) by extension 'ros'
[0.167s] DEBUG:colcon.colcon_core.package_identification:Package 'src/dis_tutorial2' with type 'ros.ament_python' and name 'dis_tutorial2'
[0.167s] Level 1:colcon.colcon_core.package_identification:_identify(src/dis_tutorial3) by extensions ['ignore', 'ignore_ament_install']
[0.167s] Level 1:colcon.colcon_core.package_identification:_identify(src/dis_tutorial3) by extension 'ignore'
[0.168s] Level 1:colcon.colcon_core.package_identification:_identify(src/dis_tutorial3) by extension 'ignore_ament_install'
[0.168s] Level 1:colcon.colcon_core.package_identification:_identify(src/dis_tutorial3) by extensions ['colcon_pkg']
[0.168s] Level 1:colcon.colcon_core.package_identification:_identify(src/dis_tutorial3) by extension 'colcon_pkg'
[0.168s] Level 1:colcon.colcon_core.package_identification:_identify(src/dis_tutorial3) by extensions ['colcon_meta']
[0.168s] Level 1:colcon.colcon_core.package_identification:_identify(src/dis_tutorial3) by extension 'colcon_meta'
[0.168s] Level 1:colcon.colcon_core.package_identification:_identify(src/dis_tutorial3) by extensions ['ros']
[0.168s] Level 1:colcon.colcon_core.package_identification:_identify(src/dis_tutorial3) by extension 'ros'
[0.168s] DEBUG:colcon.colcon_core.package_identification:Package 'src/dis_tutorial3' with type 'ros.ament_cmake' and name 'dis_tutorial3'
[0.168s] Level 1:colcon.colcon_core.package_identification:_identify(src/dis_tutorial4) by extensions ['ignore', 'ignore_ament_install']
[0.168s] Level 1:colcon.colcon_core.package_identification:_identify(src/dis_tutorial4) by extension 'ignore'
[0.168s] Level 1:colcon.colcon_core.package_identification:_identify(src/dis_tutorial4) by extension 'ignore_ament_install'
[0.168s] Level 1:colcon.colcon_core.package_identification:_identify(src/dis_tutorial4) by extensions ['colcon_pkg']
[0.168s] Level 1:colcon.colcon_core.package_identification:_identify(src/dis_tutorial4) by extension 'colcon_pkg'
[0.168s] Level 1:colcon.colcon_core.package_identification:_identify(src/dis_tutorial4) by extensions ['colcon_meta']
[0.168s] Level 1:colcon.colcon_core.package_identification:_identify(src/dis_tutorial4) by extension 'colcon_meta'
[0.168s] Level 1:colcon.colcon_core.package_identification:_identify(src/dis_tutorial4) by extensions ['ros']
[0.168s] Level 1:colcon.colcon_core.package_identification:_identify(src/dis_tutorial4) by extension 'ros'
[0.169s] DEBUG:colcon.colcon_core.package_identification:Package 'src/dis_tutorial4' with type 'ros.ament_cmake' and name 'dis_tutorial4'
[0.169s] Level 1:colcon.colcon_core.package_identification:_identify(src/hwpub) by extensions ['ignore', 'ignore_ament_install']
[0.169s] Level 1:colcon.colcon_core.package_identification:_identify(src/hwpub) by extension 'ignore'
[0.169s] Level 1:colcon.colcon_core.package_identification:_identify(src/hwpub) by extension 'ignore_ament_install'
[0.169s] Level 1:colcon.colcon_core.package_identification:_identify(src/hwpub) by extensions ['colcon_pkg']
[0.169s] Level 1:colcon.colcon_core.package_identification:_identify(src/hwpub) by extension 'colcon_pkg'
[0.169s] Level 1:colcon.colcon_core.package_identification:_identify(src/hwpub) by extensions ['colcon_meta']
[0.169s] Level 1:colcon.colcon_core.package_identification:_identify(src/hwpub) by extension 'colcon_meta'
[0.169s] Level 1:colcon.colcon_core.package_identification:_identify(src/hwpub) by extensions ['ros']
[0.169s] Level 1:colcon.colcon_core.package_identification:_identify(src/hwpub) by extension 'ros'
[0.170s] DEBUG:colcon.colcon_core.package_identification:Package 'src/hwpub' with type 'ros.ament_cmake' and name 'hwpub'
[0.170s] Level 1:colcon.colcon_core.package_discovery:discover_packages(recursive) using defaults
[0.170s] Level 1:colcon.colcon_core.package_discovery:discover_packages(ignore) discover
[0.170s] Level 1:colcon.colcon_core.package_discovery:discover_packages(ignore) using defaults
[0.170s] Level 1:colcon.colcon_core.package_discovery:discover_packages(path) discover
[0.170s] Level 1:colcon.colcon_core.package_discovery:discover_packages(path) using defaults
[0.186s] Level 1:colcon.colcon_core.package_discovery:discover_packages(prefix_path) check parameters
[0.186s] Level 1:colcon.colcon_core.package_discovery:discover_packages(prefix_path) discover
[0.188s] DEBUG:colcon.colcon_installed_package_information.package_discovery:Found 414 installed packages in /opt/ros/humble
[0.189s] Level 1:colcon.colcon_core.package_discovery:discover_packages(prefix_path) using defaults
[0.216s] Level 5:colcon.colcon_core.verb:set package 'dis_tutorial1' build argument 'cmake_args' from command line to 'None'
[0.216s] Level 5:colcon.colcon_core.verb:set package 'dis_tutorial1' build argument 'cmake_target' from command line to 'None'
[0.216s] Level 5:colcon.colcon_core.verb:set package 'dis_tutorial1' build argument 'cmake_target_skip_unavailable' from command line to 'False'
[0.216s] Level 5:colcon.colcon_core.verb:set package 'dis_tutorial1' build argument 'cmake_clean_cache' from command line to 'False'
[0.216s] Level 5:colcon.colcon_core.verb:set package 'dis_tutorial1' build argument 'cmake_clean_first' from command line to 'False'
[0.216s] Level 5:colcon.colcon_core.verb:set package 'dis_tutorial1' build argument 'cmake_force_configure' from command line to 'False'
[0.216s] Level 5:colcon.colcon_core.verb:set package 'dis_tutorial1' build argument 'ament_cmake_args' from command line to 'None'
[0.216s] Level 5:colcon.colcon_core.verb:set package 'dis_tutorial1' build argument 'catkin_cmake_args' from command line to 'None'
[0.216s] Level 5:colcon.colcon_core.verb:set package 'dis_tutorial1' build argument 'catkin_skip_building_tests' from command line to 'False'
[0.216s] DEBUG:colcon.colcon_core.verb:Building package 'dis_tutorial1' with the following arguments: {'ament_cmake_args': None, 'build_base': '/home/tau/colcon_ws/build/dis_tutorial1', 'catkin_cmake_args': None, 'catkin_skip_building_tests': False, 'cmake_args': None, 'cmake_clean_cache': False, 'cmake_clean_first': False, 'cmake_force_configure': False, 'cmake_target': None, 'cmake_target_skip_unavailable': False, 'install_base': '/home/tau/colcon_ws/install/dis_tutorial1', 'merge_install': False, 'path': '/home/tau/colcon_ws/src/dis_tutorial1', 'symlink_install': False, 'test_result_base': None}
[0.216s] Level 5:colcon.colcon_core.verb:set package 'dis_tutorial2' build argument 'cmake_args' from command line to 'None'
[0.216s] Level 5:colcon.colcon_core.verb:set package 'dis_tutorial2' build argument 'cmake_target' from command line to 'None'
[0.216s] Level 5:colcon.colcon_core.verb:set package 'dis_tutorial2' build argument 'cmake_target_skip_unavailable' from command line to 'False'
[0.216s] Level 5:colcon.colcon_core.verb:set package 'dis_tutorial2' build argument 'cmake_clean_cache' from command line to 'False'
[0.216s] Level 5:colcon.colcon_core.verb:set package 'dis_tutorial2' build argument 'cmake_clean_first' from command line to 'False'
[0.216s] Level 5:colcon.colcon_core.verb:set package 'dis_tutorial2' build argument 'cmake_force_configure' from command line to 'False'
[0.216s] Level 5:colcon.colcon_core.verb:set package 'dis_tutorial2' build argument 'ament_cmake_args' from command line to 'None'
[0.216s] Level 5:colcon.colcon_core.verb:set package 'dis_tutorial2' build argument 'catkin_cmake_args' from command line to 'None'
[0.216s] Level 5:colcon.colcon_core.verb:set package 'dis_tutorial2' build argument 'catkin_skip_building_tests' from command line to 'False'
[0.216s] DEBUG:colcon.colcon_core.verb:Building package 'dis_tutorial2' with the following arguments: {'ament_cmake_args': None, 'build_base': '/home/tau/colcon_ws/build/dis_tutorial2', 'catkin_cmake_args': None, 'catkin_skip_building_tests': False, 'cmake_args': None, 'cmake_clean_cache': False, 'cmake_clean_first': False, 'cmake_force_configure': False, 'cmake_target': None, 'cmake_target_skip_unavailable': False, 'install_base': '/home/tau/colcon_ws/install/dis_tutorial2', 'merge_install': False, 'path': '/home/tau/colcon_ws/src/dis_tutorial2', 'symlink_install': False, 'test_result_base': None}
[0.216s] Level 5:colcon.colcon_core.verb:set package 'dis_tutorial3' build argument 'cmake_args' from command line to 'None'
[0.216s] Level 5:colcon.colcon_core.verb:set package 'dis_tutorial3' build argument 'cmake_target' from command line to 'None'
[0.216s] Level 5:colcon.colcon_core.verb:set package 'dis_tutorial3' build argument 'cmake_target_skip_unavailable' from command line to 'False'
[0.216s] Level 5:colcon.colcon_core.verb:set package 'dis_tutorial3' build argument 'cmake_clean_cache' from command line to 'False'
[0.216s] Level 5:colcon.colcon_core.verb:set package 'dis_tutorial3' build argument 'cmake_clean_first' from command line to 'False'
[0.216s] Level 5:colcon.colcon_core.verb:set package 'dis_tutorial3' build argument 'cmake_force_configure' from command line to 'False'
[0.216s] Level 5:colcon.colcon_core.verb:set package 'dis_tutorial3' build argument 'ament_cmake_args' from command line to 'None'
[0.217s] Level 5:colcon.colcon_core.verb:set package 'dis_tutorial3' build argument 'catkin_cmake_args' from command line to 'None'
[0.217s] Level 5:colcon.colcon_core.verb:set package 'dis_tutorial3' build argument 'catkin_skip_building_tests' from command line to 'False'
[0.217s] DEBUG:colcon.colcon_core.verb:Building package 'dis_tutorial3' with the following arguments: {'ament_cmake_args': None, 'build_base': '/home/tau/colcon_ws/build/dis_tutorial3', 'catkin_cmake_args': None, 'catkin_skip_building_tests': False, 'cmake_args': None, 'cmake_clean_cache': False, 'cmake_clean_first': False, 'cmake_force_configure': False, 'cmake_target': None, 'cmake_target_skip_unavailable': False, 'install_base': '/home/tau/colcon_ws/install/dis_tutorial3', 'merge_install': False, 'path': '/home/tau/colcon_ws/src/dis_tutorial3', 'symlink_install': False, 'test_result_base': None}
[0.217s] Level 5:colcon.colcon_core.verb:set package 'dis_tutorial4' build argument 'cmake_args' from command line to 'None'
[0.217s] Level 5:colcon.colcon_core.verb:set package 'dis_tutorial4' build argument 'cmake_target' from command line to 'None'
[0.217s] Level 5:colcon.colcon_core.verb:set package 'dis_tutorial4' build argument 'cmake_target_skip_unavailable' from command line to 'False'
[0.217s] Level 5:colcon.colcon_core.verb:set package 'dis_tutorial4' build argument 'cmake_clean_cache' from command line to 'False'
[0.217s] Level 5:colcon.colcon_core.verb:set package 'dis_tutorial4' build argument 'cmake_clean_first' from command line to 'False'
[0.217s] Level 5:colcon.colcon_core.verb:set package 'dis_tutorial4' build argument 'cmake_force_configure' from command line to 'False'
[0.217s] Level 5:colcon.colcon_core.verb:set package 'dis_tutorial4' build argument 'ament_cmake_args' from command line to 'None'
[0.217s] Level 5:colcon.colcon_core.verb:set package 'dis_tutorial4' build argument 'catkin_cmake_args' from command line to 'None'
[0.217s] Level 5:colcon.colcon_core.verb:set package 'dis_tutorial4' build argument 'catkin_skip_building_tests' from command line to 'False'
[0.217s] DEBUG:colcon.colcon_core.verb:Building package 'dis_tutorial4' with the following arguments: {'ament_cmake_args': None, 'build_base': '/home/tau/colcon_ws/build/dis_tutorial4', 'catkin_cmake_args': None, 'catkin_skip_building_tests': False, 'cmake_args': None, 'cmake_clean_cache': False, 'cmake_clean_first': False, 'cmake_force_configure': False, 'cmake_target': None, 'cmake_target_skip_unavailable': False, 'install_base': '/home/tau/colcon_ws/install/dis_tutorial4', 'merge_install': False, 'path': '/home/tau/colcon_ws/src/dis_tutorial4', 'symlink_install': False, 'test_result_base': None}
[0.217s] Level 5:colcon.colcon_core.verb:set package 'hwpub' build argument 'cmake_args' from command line to 'None'
[0.217s] Level 5:colcon.colcon_core.verb:set package 'hwpub' build argument 'cmake_target' from command line to 'None'
[0.217s] Level 5:colcon.colcon_core.verb:set package 'hwpub' build argument 'cmake_target_skip_unavailable' from command line to 'False'
[0.217s] Level 5:colcon.colcon_core.verb:set package 'hwpub' build argument 'cmake_clean_cache' from command line to 'False'
[0.217s] Level 5:colcon.colcon_core.verb:set package 'hwpub' build argument 'cmake_clean_first' from command line to 'False'
[0.217s] Level 5:colcon.colcon_core.verb:set package 'hwpub' build argument 'cmake_force_configure' from command line to 'False'
[0.217s] Level 5:colcon.colcon_core.verb:set package 'hwpub' build argument 'ament_cmake_args' from command line to 'None'
[0.217s] Level 5:colcon.colcon_core.verb:set package 'hwpub' build argument 'catkin_cmake_args' from command line to 'None'
[0.217s] Level 5:colcon.colcon_core.verb:set package 'hwpub' build argument 'catkin_skip_building_tests' from command line to 'False'
[0.217s] DEBUG:colcon.colcon_core.verb:Building package 'hwpub' with the following arguments: {'ament_cmake_args': None, 'build_base': '/home/tau/colcon_ws/build/hwpub', 'catkin_cmake_args': None, 'catkin_skip_building_tests': False, 'cmake_args': None, 'cmake_clean_cache': False, 'cmake_clean_first': False, 'cmake_force_configure': False, 'cmake_target': None, 'cmake_target_skip_unavailable': False, 'install_base': '/home/tau/colcon_ws/install/hwpub', 'merge_install': False, 'path': '/home/tau/colcon_ws/src/hwpub', 'symlink_install': False, 'test_result_base': None}
[0.217s] INFO:colcon.colcon_core.executor:Executing jobs using 'parallel' executor
[0.218s] DEBUG:colcon.colcon_parallel_executor.executor.parallel:run_until_complete
[0.218s] INFO:colcon.colcon_ros.task.ament_cmake.build:Building ROS package in '/home/tau/colcon_ws/src/dis_tutorial1' with build type 'ament_cmake'
[0.218s] INFO:colcon.colcon_cmake.task.cmake.build:Building CMake package in '/home/tau/colcon_ws/src/dis_tutorial1'
[0.219s] INFO:colcon.colcon_core.plugin_system:Skipping extension 'colcon_core.shell.bat': Not used on non-Windows systems
[0.219s] INFO:colcon.colcon_core.shell:Skip shell extension 'powershell' for command environment: Not usable outside of PowerShell
[0.219s] DEBUG:colcon.colcon_core.shell:Skip shell extension 'dsv' for command environment
[0.221s] INFO:colcon.colcon_ros.task.ament_python.build:Building ROS package in '/home/tau/colcon_ws/src/dis_tutorial2' with build type 'ament_python'
[0.221s] Level 1:colcon.colcon_core.shell:create_environment_hook('dis_tutorial2', 'ament_prefix_path')
[0.221s] INFO:colcon.colcon_core.shell:Creating environment hook '/home/tau/colcon_ws/install/dis_tutorial2/share/dis_tutorial2/hook/ament_prefix_path.ps1'
[0.222s] INFO:colcon.colcon_core.shell:Creating environment descriptor '/home/tau/colcon_ws/install/dis_tutorial2/share/dis_tutorial2/hook/ament_prefix_path.dsv'
[0.222s] INFO:colcon.colcon_core.shell:Creating environment hook '/home/tau/colcon_ws/install/dis_tutorial2/share/dis_tutorial2/hook/ament_prefix_path.sh'
[0.222s] INFO:colcon.colcon_core.shell:Skip shell extension 'powershell' for command environment: Not usable outside of PowerShell
[0.222s] DEBUG:colcon.colcon_core.shell:Skip shell extension 'dsv' for command environment
[0.224s] INFO:colcon.colcon_ros.task.ament_cmake.build:Building ROS package in '/home/tau/colcon_ws/src/dis_tutorial3' with build type 'ament_cmake'
[0.224s] INFO:colcon.colcon_cmake.task.cmake.build:Building CMake package in '/home/tau/colcon_ws/src/dis_tutorial3'
[0.224s] INFO:colcon.colcon_core.shell:Skip shell extension 'powershell' for command environment: Not usable outside of PowerShell
[0.224s] DEBUG:colcon.colcon_core.shell:Skip shell extension 'dsv' for command environment
[0.226s] INFO:colcon.colcon_ros.task.ament_cmake.build:Building ROS package in '/home/tau/colcon_ws/src/dis_tutorial4' with build type 'ament_cmake'
[0.226s] INFO:colcon.colcon_cmake.task.cmake.build:Building CMake package in '/home/tau/colcon_ws/src/dis_tutorial4'
[0.226s] INFO:colcon.colcon_core.shell:Skip shell extension 'powershell' for command environment: Not usable outside of PowerShell
[0.226s] DEBUG:colcon.colcon_core.shell:Skip shell extension 'dsv' for command environment
[0.227s] INFO:colcon.colcon_ros.task.ament_cmake.build:Building ROS package in '/home/tau/colcon_ws/src/hwpub' with build type 'ament_cmake'
[0.227s] INFO:colcon.colcon_cmake.task.cmake.build:Building CMake package in '/home/tau/colcon_ws/src/hwpub'
[0.228s] INFO:colcon.colcon_core.shell:Skip shell extension 'powershell' for command environment: Not usable outside of PowerShell
[0.228s] DEBUG:colcon.colcon_core.shell:Skip shell extension 'dsv' for command environment
[0.232s] DEBUG:colcon.colcon_core.event_handler.log_command:Invoking command in '/home/tau/colcon_ws/build/dis_tutorial1': CMAKE_PREFIX_PATH=/opt/ros/humble /usr/bin/cmake /home/tau/colcon_ws/src/dis_tutorial1 -DCMAKE_INSTALL_PREFIX=/home/tau/colcon_ws/install/dis_tutorial1
[0.389s] INFO:colcon.colcon_core.task.python.build:Building Python package in '/home/tau/colcon_ws/src/dis_tutorial2'
[0.390s] INFO:colcon.colcon_core.shell:Skip shell extension 'powershell' for command environment: Not usable outside of PowerShell
[0.390s] DEBUG:colcon.colcon_core.shell:Skip shell extension 'dsv' for command environment
[0.393s] DEBUG:colcon.colcon_core.event_handler.log_command:Invoking command in '/home/tau/colcon_ws/build/dis_tutorial3': CMAKE_PREFIX_PATH=/opt/ros/humble /usr/bin/cmake /home/tau/colcon_ws/src/dis_tutorial3 -DCMAKE_INSTALL_PREFIX=/home/tau/colcon_ws/install/dis_tutorial3
[0.395s] DEBUG:colcon.colcon_core.event_handler.log_command:Invoking command in '/home/tau/colcon_ws/build/dis_tutorial4': CMAKE_PREFIX_PATH=/opt/ros/humble /usr/bin/cmake /home/tau/colcon_ws/src/dis_tutorial4 -DCMAKE_INSTALL_PREFIX=/home/tau/colcon_ws/install/dis_tutorial4
[0.397s] DEBUG:colcon.colcon_core.event_handler.log_command:Invoking command in '/home/tau/colcon_ws/build/hwpub': CMAKE_PREFIX_PATH=/opt/ros/humble /usr/bin/cmake /home/tau/colcon_ws/src/hwpub -DCMAKE_INSTALL_PREFIX=/home/tau/colcon_ws/install/hwpub
[0.631s] DEBUG:colcon.colcon_core.event_handler.log_command:Invoking command in '/home/tau/colcon_ws/src/dis_tutorial2': PYTHONPATH=/home/tau/colcon_ws/build/dis_tutorial2/prefix_override:/usr/lib/python3/dist-packages/colcon_core/task/python/colcon_distutils_commands:/home/tau/colcon_ws/install/dis_tutorial2/lib/python3.10/site-packages:${PYTHONPATH} /usr/bin/python3 -W ignore:setup.py install is deprecated -W ignore:easy_install command is deprecated setup.py egg_info --egg-base ../../build/dis_tutorial2 build --build-base /home/tau/colcon_ws/build/dis_tutorial2/build install --record /home/tau/colcon_ws/build/dis_tutorial2/install.log --single-version-externally-managed install_data
[0.847s] DEBUG:colcon.colcon_core.event_handler.log_command:Invoked command in '/home/tau/colcon_ws/src/dis_tutorial2' returned '0': PYTHONPATH=/home/tau/colcon_ws/build/dis_tutorial2/prefix_override:/usr/lib/python3/dist-packages/colcon_core/task/python/colcon_distutils_commands:/home/tau/colcon_ws/install/dis_tutorial2/lib/python3.10/site-packages:${PYTHONPATH} /usr/bin/python3 -W ignore:setup.py install is deprecated -W ignore:easy_install command is deprecated setup.py egg_info --egg-base ../../build/dis_tutorial2 build --build-base /home/tau/colcon_ws/build/dis_tutorial2/build install --record /home/tau/colcon_ws/build/dis_tutorial2/install.log --single-version-externally-managed install_data
[0.849s] Level 1:colcon.colcon_core.environment:checking '/home/tau/colcon_ws/install/dis_tutorial2' for CMake module files
[0.849s] Level 1:colcon.colcon_core.environment:checking '/home/tau/colcon_ws/install/dis_tutorial2' for CMake config files
[0.850s] Level 1:colcon.colcon_core.environment:checking '/home/tau/colcon_ws/install/dis_tutorial2/lib'
[0.850s] Level 1:colcon.colcon_core.environment:checking '/home/tau/colcon_ws/install/dis_tutorial2/bin'
[0.850s] Level 1:colcon.colcon_core.environment:checking '/home/tau/colcon_ws/install/dis_tutorial2/lib/pkgconfig/dis_tutorial2.pc'
[0.850s] Level 1:colcon.colcon_core.environment:checking '/home/tau/colcon_ws/install/dis_tutorial2/lib/python3.10/site-packages'
[0.850s] Level 1:colcon.colcon_core.shell:create_environment_hook('dis_tutorial2', 'pythonpath')
[0.850s] INFO:colcon.colcon_core.shell:Creating environment hook '/home/tau/colcon_ws/install/dis_tutorial2/share/dis_tutorial2/hook/pythonpath.ps1'
[0.850s] INFO:colcon.colcon_core.shell:Creating environment descriptor '/home/tau/colcon_ws/install/dis_tutorial2/share/dis_tutorial2/hook/pythonpath.dsv'
[0.851s] INFO:colcon.colcon_core.shell:Creating environment hook '/home/tau/colcon_ws/install/dis_tutorial2/share/dis_tutorial2/hook/pythonpath.sh'
[0.851s] Level 1:colcon.colcon_core.environment:checking '/home/tau/colcon_ws/install/dis_tutorial2/bin'
[0.851s] Level 1:colcon.colcon_core.environment:create_environment_scripts_only(dis_tutorial2)
[0.851s] INFO:colcon.colcon_core.shell:Creating package script '/home/tau/colcon_ws/install/dis_tutorial2/share/dis_tutorial2/package.ps1'
[0.852s] INFO:colcon.colcon_core.shell:Creating package descriptor '/home/tau/colcon_ws/install/dis_tutorial2/share/dis_tutorial2/package.dsv'
[0.852s] INFO:colcon.colcon_core.shell:Creating package script '/home/tau/colcon_ws/install/dis_tutorial2/share/dis_tutorial2/package.sh'
[0.853s] INFO:colcon.colcon_core.shell:Creating package script '/home/tau/colcon_ws/install/dis_tutorial2/share/dis_tutorial2/package.bash'
[0.853s] INFO:colcon.colcon_core.shell:Creating package script '/home/tau/colcon_ws/install/dis_tutorial2/share/dis_tutorial2/package.zsh'
[0.853s] Level 1:colcon.colcon_core.environment:create_file_with_runtime_dependencies(/home/tau/colcon_ws/install/dis_tutorial2/share/colcon-core/packages/dis_tutorial2)
[1.139s] DEBUG:colcon.colcon_core.event_handler.log_command:Invoked command in '/home/tau/colcon_ws/build/dis_tutorial3' returned '0': CMAKE_PREFIX_PATH=/opt/ros/humble /usr/bin/cmake /home/tau/colcon_ws/src/dis_tutorial3 -DCMAKE_INSTALL_PREFIX=/home/tau/colcon_ws/install/dis_tutorial3
[1.140s] DEBUG:colcon.colcon_core.event_handler.log_command:Invoking command in '/home/tau/colcon_ws/build/dis_tutorial3': CMAKE_PREFIX_PATH=/opt/ros/humble /usr/bin/cmake --build /home/tau/colcon_ws/build/dis_tutorial3 -- -j16 -l16
[1.164s] DEBUG:colcon.colcon_core.event_handler.log_command:Invoked command in '/home/tau/colcon_ws/build/dis_tutorial3' returned '0': CMAKE_PREFIX_PATH=/opt/ros/humble /usr/bin/cmake --build /home/tau/colcon_ws/build/dis_tutorial3 -- -j16 -l16
[1.170s] DEBUG:colcon.colcon_core.event_handler.log_command:Invoking command in '/home/tau/colcon_ws/build/dis_tutorial3': CMAKE_PREFIX_PATH=/opt/ros/humble /usr/bin/cmake --install /home/tau/colcon_ws/build/dis_tutorial3
[1.190s] Level 1:colcon.colcon_core.environment:create_environment_scripts_only(dis_tutorial3)
[1.190s] Level 1:colcon.colcon_core.environment:checking '/home/tau/colcon_ws/install/dis_tutorial3' for CMake module files
[1.190s] DEBUG:colcon.colcon_core.event_handler.log_command:Invoked command in '/home/tau/colcon_ws/build/dis_tutorial3' returned '0': CMAKE_PREFIX_PATH=/opt/ros/humble /usr/bin/cmake --install /home/tau/colcon_ws/build/dis_tutorial3
[1.191s] Level 1:colcon.colcon_core.environment:checking '/home/tau/colcon_ws/install/dis_tutorial3' for CMake config files
[1.191s] Level 1:colcon.colcon_core.shell:create_environment_hook('dis_tutorial3', 'cmake_prefix_path')
[1.191s] INFO:colcon.colcon_core.shell:Creating environment hook '/home/tau/colcon_ws/install/dis_tutorial3/share/dis_tutorial3/hook/cmake_prefix_path.ps1'
[1.191s] INFO:colcon.colcon_core.shell:Creating environment descriptor '/home/tau/colcon_ws/install/dis_tutorial3/share/dis_tutorial3/hook/cmake_prefix_path.dsv'
[1.191s] INFO:colcon.colcon_core.shell:Creating environment hook '/home/tau/colcon_ws/install/dis_tutorial3/share/dis_tutorial3/hook/cmake_prefix_path.sh'
[1.192s] Level 1:colcon.colcon_core.environment:checking '/home/tau/colcon_ws/install/dis_tutorial3/lib'
[1.192s] Level 1:colcon.colcon_core.environment:checking '/home/tau/colcon_ws/install/dis_tutorial3/bin'
[1.192s] Level 1:colcon.colcon_core.environment:checking '/home/tau/colcon_ws/install/dis_tutorial3/lib/pkgconfig/dis_tutorial3.pc'
[1.192s] Level 1:colcon.colcon_core.environment:checking '/home/tau/colcon_ws/install/dis_tutorial3/lib/python3.10/site-packages'
[1.192s] Level 1:colcon.colcon_core.environment:checking '/home/tau/colcon_ws/install/dis_tutorial3/bin'
[1.192s] INFO:colcon.colcon_core.shell:Creating package script '/home/tau/colcon_ws/install/dis_tutorial3/share/dis_tutorial3/package.ps1'
[1.192s] INFO:colcon.colcon_core.shell:Creating package descriptor '/home/tau/colcon_ws/install/dis_tutorial3/share/dis_tutorial3/package.dsv'
[1.193s] INFO:colcon.colcon_core.shell:Creating package script '/home/tau/colcon_ws/install/dis_tutorial3/share/dis_tutorial3/package.sh'
[1.193s] INFO:colcon.colcon_core.shell:Creating package script '/home/tau/colcon_ws/install/dis_tutorial3/share/dis_tutorial3/package.bash'
[1.193s] INFO:colcon.colcon_core.shell:Creating package script '/home/tau/colcon_ws/install/dis_tutorial3/share/dis_tutorial3/package.zsh'
[1.193s] Level 1:colcon.colcon_core.environment:create_file_with_runtime_dependencies(/home/tau/colcon_ws/install/dis_tutorial3/share/colcon-core/packages/dis_tutorial3)
[1.194s] Level 1:colcon.colcon_core.environment:create_environment_scripts_only(dis_tutorial3)
[1.194s] Level 1:colcon.colcon_core.environment:checking '/home/tau/colcon_ws/install/dis_tutorial3' for CMake module files
[1.194s] Level 1:colcon.colcon_core.environment:checking '/home/tau/colcon_ws/install/dis_tutorial3' for CMake config files
[1.194s] Level 1:colcon.colcon_core.shell:create_environment_hook('dis_tutorial3', 'cmake_prefix_path')
[1.194s] INFO:colcon.colcon_core.shell:Creating environment hook '/home/tau/colcon_ws/install/dis_tutorial3/share/dis_tutorial3/hook/cmake_prefix_path.ps1'
[1.194s] INFO:colcon.colcon_core.shell:Creating environment descriptor '/home/tau/colcon_ws/install/dis_tutorial3/share/dis_tutorial3/hook/cmake_prefix_path.dsv'
[1.194s] INFO:colcon.colcon_core.shell:Creating environment hook '/home/tau/colcon_ws/install/dis_tutorial3/share/dis_tutorial3/hook/cmake_prefix_path.sh'
[1.195s] Level 1:colcon.colcon_core.environment:checking '/home/tau/colcon_ws/install/dis_tutorial3/lib'
[1.195s] Level 1:colcon.colcon_core.environment:checking '/home/tau/colcon_ws/install/dis_tutorial3/bin'
[1.195s] Level 1:colcon.colcon_core.environment:checking '/home/tau/colcon_ws/install/dis_tutorial3/lib/pkgconfig/dis_tutorial3.pc'
[1.195s] Level 1:colcon.colcon_core.environment:checking '/home/tau/colcon_ws/install/dis_tutorial3/lib/python3.10/site-packages'
[1.195s] Level 1:colcon.colcon_core.environment:checking '/home/tau/colcon_ws/install/dis_tutorial3/bin'
[1.195s] INFO:colcon.colcon_core.shell:Creating package script '/home/tau/colcon_ws/install/dis_tutorial3/share/dis_tutorial3/package.ps1'
[1.196s] INFO:colcon.colcon_core.shell:Creating package descriptor '/home/tau/colcon_ws/install/dis_tutorial3/share/dis_tutorial3/package.dsv'
[1.196s] INFO:colcon.colcon_core.shell:Creating package script '/home/tau/colcon_ws/install/dis_tutorial3/share/dis_tutorial3/package.sh'
[1.196s] INFO:colcon.colcon_core.shell:Creating package script '/home/tau/colcon_ws/install/dis_tutorial3/share/dis_tutorial3/package.bash'
[1.196s] INFO:colcon.colcon_core.shell:Creating package script '/home/tau/colcon_ws/install/dis_tutorial3/share/dis_tutorial3/package.zsh'
[1.196s] Level 1:colcon.colcon_core.environment:create_file_with_runtime_dependencies(/home/tau/colcon_ws/install/dis_tutorial3/share/colcon-core/packages/dis_tutorial3)
[1.215s] DEBUG:colcon.colcon_core.event_handler.log_command:Invoked command in '/home/tau/colcon_ws/build/dis_tutorial4' returned '0': CMAKE_PREFIX_PATH=/opt/ros/humble /usr/bin/cmake /home/tau/colcon_ws/src/dis_tutorial4 -DCMAKE_INSTALL_PREFIX=/home/tau/colcon_ws/install/dis_tutorial4
[1.216s] DEBUG:colcon.colcon_core.event_handler.log_command:Invoking command in '/home/tau/colcon_ws/build/dis_tutorial4': CMAKE_PREFIX_PATH=/opt/ros/humble /usr/bin/cmake --build /home/tau/colcon_ws/build/dis_tutorial4 -- -j16 -l16
[1.242s] DEBUG:colcon.colcon_core.event_handler.log_command:Invoked command in '/home/tau/colcon_ws/build/dis_tutorial4' returned '0': CMAKE_PREFIX_PATH=/opt/ros/humble /usr/bin/cmake --build /home/tau/colcon_ws/build/dis_tutorial4 -- -j16 -l16
[1.244s] DEBUG:colcon.colcon_core.event_handler.log_command:Invoking command in '/home/tau/colcon_ws/build/dis_tutorial4': CMAKE_PREFIX_PATH=/opt/ros/humble /usr/bin/cmake --install /home/tau/colcon_ws/build/dis_tutorial4
[1.251s] Level 1:colcon.colcon_core.environment:create_environment_scripts_only(dis_tutorial4)
[1.251s] DEBUG:colcon.colcon_core.event_handler.log_command:Invoked command in '/home/tau/colcon_ws/build/dis_tutorial4' returned '0': CMAKE_PREFIX_PATH=/opt/ros/humble /usr/bin/cmake --install /home/tau/colcon_ws/build/dis_tutorial4
[1.252s] Level 1:colcon.colcon_core.environment:checking '/home/tau/colcon_ws/install/dis_tutorial4' for CMake module files
[1.252s] Level 1:colcon.colcon_core.environment:checking '/home/tau/colcon_ws/install/dis_tutorial4' for CMake config files
[1.252s] Level 1:colcon.colcon_core.shell:create_environment_hook('dis_tutorial4', 'cmake_prefix_path')
[1.252s] INFO:colcon.colcon_core.shell:Creating environment hook '/home/tau/colcon_ws/install/dis_tutorial4/share/dis_tutorial4/hook/cmake_prefix_path.ps1'
[1.253s] INFO:colcon.colcon_core.shell:Creating environment descriptor '/home/tau/colcon_ws/install/dis_tutorial4/share/dis_tutorial4/hook/cmake_prefix_path.dsv'
[1.253s] INFO:colcon.colcon_core.shell:Creating environment hook '/home/tau/colcon_ws/install/dis_tutorial4/share/dis_tutorial4/hook/cmake_prefix_path.sh'
[1.253s] Level 1:colcon.colcon_core.environment:checking '/home/tau/colcon_ws/install/dis_tutorial4/lib'
[1.253s] Level 1:colcon.colcon_core.environment:checking '/home/tau/colcon_ws/install/dis_tutorial4/bin'
[1.253s] Level 1:colcon.colcon_core.environment:checking '/home/tau/colcon_ws/install/dis_tutorial4/lib/pkgconfig/dis_tutorial4.pc'
[1.253s] Level 1:colcon.colcon_core.environment:checking '/home/tau/colcon_ws/install/dis_tutorial4/lib/python3.10/site-packages'
[1.253s] Level 1:colcon.colcon_core.environment:checking '/home/tau/colcon_ws/install/dis_tutorial4/bin'
[1.254s] INFO:colcon.colcon_core.shell:Creating package script '/home/tau/colcon_ws/install/dis_tutorial4/share/dis_tutorial4/package.ps1'
[1.254s] INFO:colcon.colcon_core.shell:Creating package descriptor '/home/tau/colcon_ws/install/dis_tutorial4/share/dis_tutorial4/package.dsv'
[1.254s] INFO:colcon.colcon_core.shell:Creating package script '/home/tau/colcon_ws/install/dis_tutorial4/share/dis_tutorial4/package.sh'
[1.254s] INFO:colcon.colcon_core.shell:Creating package script '/home/tau/colcon_ws/install/dis_tutorial4/share/dis_tutorial4/package.bash'
[1.255s] INFO:colcon.colcon_core.shell:Creating package script '/home/tau/colcon_ws/install/dis_tutorial4/share/dis_tutorial4/package.zsh'
[1.255s] Level 1:colcon.colcon_core.environment:create_file_with_runtime_dependencies(/home/tau/colcon_ws/install/dis_tutorial4/share/colcon-core/packages/dis_tutorial4)
[1.255s] Level 1:colcon.colcon_core.environment:create_environment_scripts_only(dis_tutorial4)
[1.255s] Level 1:colcon.colcon_core.environment:checking '/home/tau/colcon_ws/install/dis_tutorial4' for CMake module files
[1.256s] Level 1:colcon.colcon_core.environment:checking '/home/tau/colcon_ws/install/dis_tutorial4' for CMake config files
[1.256s] Level 1:colcon.colcon_core.shell:create_environment_hook('dis_tutorial4', 'cmake_prefix_path')
[1.256s] INFO:colcon.colcon_core.shell:Creating environment hook '/home/tau/colcon_ws/install/dis_tutorial4/share/dis_tutorial4/hook/cmake_prefix_path.ps1'
[1.256s] INFO:colcon.colcon_core.shell:Creating environment descriptor '/home/tau/colcon_ws/install/dis_tutorial4/share/dis_tutorial4/hook/cmake_prefix_path.dsv'
[1.257s] INFO:colcon.colcon_core.shell:Creating environment hook '/home/tau/colcon_ws/install/dis_tutorial4/share/dis_tutorial4/hook/cmake_prefix_path.sh'
[1.257s] Level 1:colcon.colcon_core.environment:checking '/home/tau/colcon_ws/install/dis_tutorial4/lib'
[1.257s] Level 1:colcon.colcon_core.environment:checking '/home/tau/colcon_ws/install/dis_tutorial4/bin'
[1.257s] Level 1:colcon.colcon_core.environment:checking '/home/tau/colcon_ws/install/dis_tutorial4/lib/pkgconfig/dis_tutorial4.pc'
[1.257s] Level 1:colcon.colcon_core.environment:checking '/home/tau/colcon_ws/install/dis_tutorial4/lib/python3.10/site-packages'
[1.257s] Level 1:colcon.colcon_core.environment:checking '/home/tau/colcon_ws/install/dis_tutorial4/bin'
[1.257s] INFO:colcon.colcon_core.shell:Creating package script '/home/tau/colcon_ws/install/dis_tutorial4/share/dis_tutorial4/package.ps1'
[1.258s] INFO:colcon.colcon_core.shell:Creating package descriptor '/home/tau/colcon_ws/install/dis_tutorial4/share/dis_tutorial4/package.dsv'
[1.258s] INFO:colcon.colcon_core.shell:Creating package script '/home/tau/colcon_ws/install/dis_tutorial4/share/dis_tutorial4/package.sh'
[1.258s] INFO:colcon.colcon_core.shell:Creating package script '/home/tau/colcon_ws/install/dis_tutorial4/share/dis_tutorial4/package.bash'
[1.259s] INFO:colcon.colcon_core.shell:Creating package script '/home/tau/colcon_ws/install/dis_tutorial4/share/dis_tutorial4/package.zsh'
[1.259s] Level 1:colcon.colcon_core.environment:create_file_with_runtime_dependencies(/home/tau/colcon_ws/install/dis_tutorial4/share/colcon-core/packages/dis_tutorial4)
[1.577s] DEBUG:colcon.colcon_core.event_handler.log_command:Invoked command in '/home/tau/colcon_ws/build/dis_tutorial1' returned '0': CMAKE_PREFIX_PATH=/opt/ros/humble /usr/bin/cmake /home/tau/colcon_ws/src/dis_tutorial1 -DCMAKE_INSTALL_PREFIX=/home/tau/colcon_ws/install/dis_tutorial1
[1.578s] DEBUG:colcon.colcon_core.event_handler.log_command:Invoking command in '/home/tau/colcon_ws/build/dis_tutorial1': CMAKE_PREFIX_PATH=/opt/ros/humble /usr/bin/cmake --build /home/tau/colcon_ws/build/dis_tutorial1 -- -j16 -l16
[1.707s] DEBUG:colcon.colcon_core.event_handler.log_command:Invoked command in '/home/tau/colcon_ws/build/hwpub' returned '0': CMAKE_PREFIX_PATH=/opt/ros/humble /usr/bin/cmake /home/tau/colcon_ws/src/hwpub -DCMAKE_INSTALL_PREFIX=/home/tau/colcon_ws/install/hwpub
[1.708s] DEBUG:colcon.colcon_core.event_handler.log_command:Invoking command in '/home/tau/colcon_ws/build/hwpub': CMAKE_PREFIX_PATH=/opt/ros/humble /usr/bin/cmake --build /home/tau/colcon_ws/build/hwpub -- -j16 -l16
[3.993s] DEBUG:colcon.colcon_core.event_handler.log_command:Invoked command in '/home/tau/colcon_ws/build/hwpub' returned '0': CMAKE_PREFIX_PATH=/opt/ros/humble /usr/bin/cmake --build /home/tau/colcon_ws/build/hwpub -- -j16 -l16
[3.995s] DEBUG:colcon.colcon_core.event_handler.log_command:Invoking command in '/home/tau/colcon_ws/build/hwpub': CMAKE_PREFIX_PATH=/opt/ros/humble /usr/bin/cmake --install /home/tau/colcon_ws/build/hwpub
[4.042s] Level 1:colcon.colcon_core.environment:create_environment_scripts_only(hwpub)
[4.043s] Level 1:colcon.colcon_core.environment:checking '/home/tau/colcon_ws/install/hwpub' for CMake module files
[4.044s] DEBUG:colcon.colcon_core.event_handler.log_command:Invoked command in '/home/tau/colcon_ws/build/hwpub' returned '0': CMAKE_PREFIX_PATH=/opt/ros/humble /usr/bin/cmake --install /home/tau/colcon_ws/build/hwpub
[4.044s] Level 1:colcon.colcon_core.environment:checking '/home/tau/colcon_ws/install/hwpub' for CMake config files
[4.045s] Level 1:colcon.colcon_core.shell:create_environment_hook('hwpub', 'cmake_prefix_path')
[4.045s] INFO:colcon.colcon_core.shell:Creating environment hook '/home/tau/colcon_ws/install/hwpub/share/hwpub/hook/cmake_prefix_path.ps1'
[4.046s] INFO:colcon.colcon_core.shell:Creating environment descriptor '/home/tau/colcon_ws/install/hwpub/share/hwpub/hook/cmake_prefix_path.dsv'
[4.046s] INFO:colcon.colcon_core.shell:Creating environment hook '/home/tau/colcon_ws/install/hwpub/share/hwpub/hook/cmake_prefix_path.sh'
[4.047s] Level 1:colcon.colcon_core.environment:checking '/home/tau/colcon_ws/install/hwpub/lib'
[4.047s] Level 1:colcon.colcon_core.shell:create_environment_hook('hwpub', 'ld_library_path_lib')
[4.048s] INFO:colcon.colcon_core.shell:Creating environment hook '/home/tau/colcon_ws/install/hwpub/share/hwpub/hook/ld_library_path_lib.ps1'
[4.048s] INFO:colcon.colcon_core.shell:Creating environment descriptor '/home/tau/colcon_ws/install/hwpub/share/hwpub/hook/ld_library_path_lib.dsv'
[4.048s] INFO:colcon.colcon_core.shell:Creating environment hook '/home/tau/colcon_ws/install/hwpub/share/hwpub/hook/ld_library_path_lib.sh'
[4.049s] Level 1:colcon.colcon_core.environment:checking '/home/tau/colcon_ws/install/hwpub/bin'
[4.049s] Level 1:colcon.colcon_core.environment:checking '/home/tau/colcon_ws/install/hwpub/lib/pkgconfig/hwpub.pc'
[4.049s] Level 1:colcon.colcon_core.environment:checking '/home/tau/colcon_ws/install/hwpub/lib/python3.10/site-packages'
[4.049s] Level 1:colcon.colcon_core.environment:checking '/home/tau/colcon_ws/install/hwpub/bin'
[4.050s] INFO:colcon.colcon_core.shell:Creating package script '/home/tau/colcon_ws/install/hwpub/share/hwpub/package.ps1'
[4.050s] INFO:colcon.colcon_core.shell:Creating package descriptor '/home/tau/colcon_ws/install/hwpub/share/hwpub/package.dsv'
[4.051s] INFO:colcon.colcon_core.shell:Creating package script '/home/tau/colcon_ws/install/hwpub/share/hwpub/package.sh'
[4.052s] INFO:colcon.colcon_core.shell:Creating package script '/home/tau/colcon_ws/install/hwpub/share/hwpub/package.bash'
[4.052s] INFO:colcon.colcon_core.shell:Creating package script '/home/tau/colcon_ws/install/hwpub/share/hwpub/package.zsh'
[4.052s] Level 1:colcon.colcon_core.environment:create_file_with_runtime_dependencies(/home/tau/colcon_ws/install/hwpub/share/colcon-core/packages/hwpub)
[4.053s] Level 1:colcon.colcon_core.environment:create_environment_scripts_only(hwpub)
[4.053s] Level 1:colcon.colcon_core.environment:checking '/home/tau/colcon_ws/install/hwpub' for CMake module files
[4.054s] Level 1:colcon.colcon_core.environment:checking '/home/tau/colcon_ws/install/hwpub' for CMake config files
[4.055s] Level 1:colcon.colcon_core.shell:create_environment_hook('hwpub', 'cmake_prefix_path')
[4.055s] INFO:colcon.colcon_core.shell:Creating environment hook '/home/tau/colcon_ws/install/hwpub/share/hwpub/hook/cmake_prefix_path.ps1'
[4.056s] INFO:colcon.colcon_core.shell:Creating environment descriptor '/home/tau/colcon_ws/install/hwpub/share/hwpub/hook/cmake_prefix_path.dsv'
[4.056s] INFO:colcon.colcon_core.shell:Creating environment hook '/home/tau/colcon_ws/install/hwpub/share/hwpub/hook/cmake_prefix_path.sh'
[4.057s] Level 1:colcon.colcon_core.environment:checking '/home/tau/colcon_ws/install/hwpub/lib'
[4.057s] Level 1:colcon.colcon_core.shell:create_environment_hook('hwpub', 'ld_library_path_lib')
[4.057s] INFO:colcon.colcon_core.shell:Creating environment hook '/home/tau/colcon_ws/install/hwpub/share/hwpub/hook/ld_library_path_lib.ps1'
[4.058s] INFO:colcon.colcon_core.shell:Creating environment descriptor '/home/tau/colcon_ws/install/hwpub/share/hwpub/hook/ld_library_path_lib.dsv'
[4.058s] INFO:colcon.colcon_core.shell:Creating environment hook '/home/tau/colcon_ws/install/hwpub/share/hwpub/hook/ld_library_path_lib.sh'
[4.058s] Level 1:colcon.colcon_core.environment:checking '/home/tau/colcon_ws/install/hwpub/bin'
[4.058s] Level 1:colcon.colcon_core.environment:checking '/home/tau/colcon_ws/install/hwpub/lib/pkgconfig/hwpub.pc'
[4.058s] Level 1:colcon.colcon_core.environment:checking '/home/tau/colcon_ws/install/hwpub/lib/python3.10/site-packages'
[4.058s] Level 1:colcon.colcon_core.environment:checking '/home/tau/colcon_ws/install/hwpub/bin'
[4.059s] INFO:colcon.colcon_core.shell:Creating package script '/home/tau/colcon_ws/install/hwpub/share/hwpub/package.ps1'
[4.059s] INFO:colcon.colcon_core.shell:Creating package descriptor '/home/tau/colcon_ws/install/hwpub/share/hwpub/package.dsv'
[4.059s] INFO:colcon.colcon_core.shell:Creating package script '/home/tau/colcon_ws/install/hwpub/share/hwpub/package.sh'
[4.060s] INFO:colcon.colcon_core.shell:Creating package script '/home/tau/colcon_ws/install/hwpub/share/hwpub/package.bash'
[4.060s] INFO:colcon.colcon_core.shell:Creating package script '/home/tau/colcon_ws/install/hwpub/share/hwpub/package.zsh'
[4.060s] Level 1:colcon.colcon_core.environment:create_file_with_runtime_dependencies(/home/tau/colcon_ws/install/hwpub/share/colcon-core/packages/hwpub)
[9.773s] DEBUG:colcon.colcon_core.event_handler.log_command:Invoked command in '/home/tau/colcon_ws/build/dis_tutorial1' returned '0': CMAKE_PREFIX_PATH=/opt/ros/humble /usr/bin/cmake --build /home/tau/colcon_ws/build/dis_tutorial1 -- -j16 -l16
[9.774s] DEBUG:colcon.colcon_core.event_handler.log_command:Invoking command in '/home/tau/colcon_ws/build/dis_tutorial1': CMAKE_PREFIX_PATH=/opt/ros/humble /usr/bin/cmake --install /home/tau/colcon_ws/build/dis_tutorial1
[9.817s] Level 1:colcon.colcon_core.environment:create_environment_scripts_only(dis_tutorial1)
[9.817s] Level 1:colcon.colcon_core.environment:checking '/home/tau/colcon_ws/install/dis_tutorial1' for CMake module files
[9.817s] DEBUG:colcon.colcon_core.event_handler.log_command:Invoked command in '/home/tau/colcon_ws/build/dis_tutorial1' returned '0': CMAKE_PREFIX_PATH=/opt/ros/humble /usr/bin/cmake --install /home/tau/colcon_ws/build/dis_tutorial1
[9.817s] Level 1:colcon.colcon_core.environment:checking '/home/tau/colcon_ws/install/dis_tutorial1' for CMake config files
[9.818s] Level 1:colcon.colcon_core.shell:create_environment_hook('dis_tutorial1', 'cmake_prefix_path')
[9.818s] INFO:colcon.colcon_core.shell:Creating environment hook '/home/tau/colcon_ws/install/dis_tutorial1/share/dis_tutorial1/hook/cmake_prefix_path.ps1'
[9.818s] INFO:colcon.colcon_core.shell:Creating environment descriptor '/home/tau/colcon_ws/install/dis_tutorial1/share/dis_tutorial1/hook/cmake_prefix_path.dsv'
[9.818s] INFO:colcon.colcon_core.shell:Creating environment hook '/home/tau/colcon_ws/install/dis_tutorial1/share/dis_tutorial1/hook/cmake_prefix_path.sh'
[9.819s] Level 1:colcon.colcon_core.environment:checking '/home/tau/colcon_ws/install/dis_tutorial1/lib'
[9.819s] Level 1:colcon.colcon_core.shell:create_environment_hook('dis_tutorial1', 'ld_library_path_lib')
[9.819s] INFO:colcon.colcon_core.shell:Creating environment hook '/home/tau/colcon_ws/install/dis_tutorial1/share/dis_tutorial1/hook/ld_library_path_lib.ps1'
[9.819s] INFO:colcon.colcon_core.shell:Creating environment descriptor '/home/tau/colcon_ws/install/dis_tutorial1/share/dis_tutorial1/hook/ld_library_path_lib.dsv'
[9.819s] INFO:colcon.colcon_core.shell:Creating environment hook '/home/tau/colcon_ws/install/dis_tutorial1/share/dis_tutorial1/hook/ld_library_path_lib.sh'
[9.819s] Level 1:colcon.colcon_core.environment:checking '/home/tau/colcon_ws/install/dis_tutorial1/bin'
[9.819s] Level 1:colcon.colcon_core.environment:checking '/home/tau/colcon_ws/install/dis_tutorial1/lib/pkgconfig/dis_tutorial1.pc'
[9.819s] Level 1:colcon.colcon_core.environment:checking '/home/tau/colcon_ws/install/dis_tutorial1/lib/python3.10/site-packages'
[9.820s] Level 1:colcon.colcon_core.environment:checking '/home/tau/colcon_ws/install/dis_tutorial1/bin'
[9.820s] INFO:colcon.colcon_core.shell:Creating package script '/home/tau/colcon_ws/install/dis_tutorial1/share/dis_tutorial1/package.ps1'
[9.820s] INFO:colcon.colcon_core.shell:Creating package descriptor '/home/tau/colcon_ws/install/dis_tutorial1/share/dis_tutorial1/package.dsv'
[9.820s] INFO:colcon.colcon_core.shell:Creating package script '/home/tau/colcon_ws/install/dis_tutorial1/share/dis_tutorial1/package.sh'
[9.820s] INFO:colcon.colcon_core.shell:Creating package script '/home/tau/colcon_ws/install/dis_tutorial1/share/dis_tutorial1/package.bash'
[9.821s] INFO:colcon.colcon_core.shell:Creating package script '/home/tau/colcon_ws/install/dis_tutorial1/share/dis_tutorial1/package.zsh'
[9.821s] Level 1:colcon.colcon_core.environment:create_file_with_runtime_dependencies(/home/tau/colcon_ws/install/dis_tutorial1/share/colcon-core/packages/dis_tutorial1)
[9.821s] Level 1:colcon.colcon_core.environment:create_environment_scripts_only(dis_tutorial1)
[9.821s] Level 1:colcon.colcon_core.environment:checking '/home/tau/colcon_ws/install/dis_tutorial1' for CMake module files
[9.822s] Level 1:colcon.colcon_core.environment:checking '/home/tau/colcon_ws/install/dis_tutorial1' for CMake config files
[9.822s] Level 1:colcon.colcon_core.shell:create_environment_hook('dis_tutorial1', 'cmake_prefix_path')
[9.822s] INFO:colcon.colcon_core.shell:Creating environment hook '/home/tau/colcon_ws/install/dis_tutorial1/share/dis_tutorial1/hook/cmake_prefix_path.ps1'
[9.822s] INFO:colcon.colcon_core.shell:Creating environment descriptor '/home/tau/colcon_ws/install/dis_tutorial1/share/dis_tutorial1/hook/cmake_prefix_path.dsv'
[9.822s] INFO:colcon.colcon_core.shell:Creating environment hook '/home/tau/colcon_ws/install/dis_tutorial1/share/dis_tutorial1/hook/cmake_prefix_path.sh'
[9.823s] Level 1:colcon.colcon_core.environment:checking '/home/tau/colcon_ws/install/dis_tutorial1/lib'
[9.823s] Level 1:colcon.colcon_core.shell:create_environment_hook('dis_tutorial1', 'ld_library_path_lib')
[9.823s] INFO:colcon.colcon_core.shell:Creating environment hook '/home/tau/colcon_ws/install/dis_tutorial1/share/dis_tutorial1/hook/ld_library_path_lib.ps1'
[9.823s] INFO:colcon.colcon_core.shell:Creating environment descriptor '/home/tau/colcon_ws/install/dis_tutorial1/share/dis_tutorial1/hook/ld_library_path_lib.dsv'
[9.823s] INFO:colcon.colcon_core.shell:Creating environment hook '/home/tau/colcon_ws/install/dis_tutorial1/share/dis_tutorial1/hook/ld_library_path_lib.sh'
[9.823s] Level 1:colcon.colcon_core.environment:checking '/home/tau/colcon_ws/install/dis_tutorial1/bin'
[9.824s] Level 1:colcon.colcon_core.environment:checking '/home/tau/colcon_ws/install/dis_tutorial1/lib/pkgconfig/dis_tutorial1.pc'
[9.824s] Level 1:colcon.colcon_core.environment:checking '/home/tau/colcon_ws/install/dis_tutorial1/lib/python3.10/site-packages'
[9.824s] Level 1:colcon.colcon_core.environment:checking '/home/tau/colcon_ws/install/dis_tutorial1/bin'
[9.824s] INFO:colcon.colcon_core.shell:Creating package script '/home/tau/colcon_ws/install/dis_tutorial1/share/dis_tutorial1/package.ps1'
[9.824s] INFO:colcon.colcon_core.shell:Creating package descriptor '/home/tau/colcon_ws/install/dis_tutorial1/share/dis_tutorial1/package.dsv'
[9.824s] INFO:colcon.colcon_core.shell:Creating package script '/home/tau/colcon_ws/install/dis_tutorial1/share/dis_tutorial1/package.sh'
[9.825s] INFO:colcon.colcon_core.shell:Creating package script '/home/tau/colcon_ws/install/dis_tutorial1/share/dis_tutorial1/package.bash'
[9.825s] INFO:colcon.colcon_core.shell:Creating package script '/home/tau/colcon_ws/install/dis_tutorial1/share/dis_tutorial1/package.zsh'
[9.825s] Level 1:colcon.colcon_core.environment:create_file_with_runtime_dependencies(/home/tau/colcon_ws/install/dis_tutorial1/share/colcon-core/packages/dis_tutorial1)
[9.825s] DEBUG:colcon.colcon_parallel_executor.executor.parallel:closing loop
[9.825s] DEBUG:colcon.colcon_parallel_executor.executor.parallel:loop closed
[9.825s] DEBUG:colcon.colcon_parallel_executor.executor.parallel:run_until_complete finished with '0'
[9.825s] DEBUG:colcon.colcon_core.event_reactor:joining thread
[9.828s] INFO:colcon.colcon_core.plugin_system:Skipping extension 'colcon_notification.desktop_notification.notify_send': Could not find 'notify-send'
[9.828s] INFO:colcon.colcon_core.plugin_system:Skipping extension 'colcon_notification.desktop_notification.terminal_notifier': Not used on non-Darwin systems
[9.828s] INFO:colcon.colcon_core.plugin_system:Skipping extension 'colcon_notification.desktop_notification.win32': Not used on non-Windows systems
[9.828s] INFO:colcon.colcon_notification.desktop_notification:Sending desktop notification using 'notify2'
[9.842s] DEBUG:colcon.colcon_core.event_reactor:joined thread
[9.842s] INFO:colcon.colcon_core.shell:Creating prefix script '/home/tau/colcon_ws/install/local_setup.ps1'
[9.843s] INFO:colcon.colcon_core.shell:Creating prefix util module '/home/tau/colcon_ws/install/_local_setup_util_ps1.py'
[9.843s] INFO:colcon.colcon_core.shell:Creating prefix chain script '/home/tau/colcon_ws/install/setup.ps1'
[9.844s] INFO:colcon.colcon_core.shell:Creating prefix script '/home/tau/colcon_ws/install/local_setup.sh'
[9.844s] INFO:colcon.colcon_core.shell:Creating prefix util module '/home/tau/colcon_ws/install/_local_setup_util_sh.py'
[9.844s] INFO:colcon.colcon_core.shell:Creating prefix chain script '/home/tau/colcon_ws/install/setup.sh'
[9.845s] INFO:colcon.colcon_core.shell:Creating prefix script '/home/tau/colcon_ws/install/local_setup.bash'
[9.845s] INFO:colcon.colcon_core.shell:Creating prefix chain script '/home/tau/colcon_ws/install/setup.bash'
[9.846s] INFO:colcon.colcon_core.shell:Creating prefix script '/home/tau/colcon_ws/install/local_setup.zsh'
[9.846s] INFO:colcon.colcon_core.shell:Creating prefix chain script '/home/tau/colcon_ws/install/setup.zsh'
