[0.096s] Invoking command in '/home/ilija/ros2_ws/src/RINS/build/dis_tutorial1': CMAKE_PREFIX_PATH=${CMAKE_PREFIX_PATH}:/home/ilija/ros2_ws/src/RINS/install/dis_tutorial2:/opt/ros/humble /usr/bin/cmake --build /home/ilija/ros2_ws/src/RINS/build/dis_tutorial1 -- -j2 -l2
[0.793s] [  1%] Built target dis_tutorial1__cpp
[0.823s] [ 10%] Built target dis_tutorial1__rosidl_generator_c
[0.946s] [ 13%] Built target simple_publisher
[0.981s] [ 13%] Built target ament_cmake_python_symlink_dis_tutorial1
[1.091s] [ 16%] Built target simple_subscriber
[1.142s] [ 19%] Built target simple_set_bool_server_node
[1.232s] [ 28%] Built target dis_tutorial1__rosidl_typesupport_cpp
[1.268s] [ 37%] Built target dis_tutorial1__rosidl_typesupport_fastrtps_c
[1.385s] [ 50%] Built target dis_tutorial1__rosidl_typesupport_fastrtps_cpp
[1.391s] [ 55%] Built target dis_tutorial1__rosidl_typesupport_introspection_c
[1.470s] [ 64%] Built target dis_tutorial1__rosidl_typesupport_c
[1.523s] [ 73%] Built target dis_tutorial1__rosidl_typesupport_introspection_cpp
[1.607s] [ 76%] Built target simple_client_node
[1.676s] [ 79%] Built target simple_server_node
[1.747s] [ 82%] Built target complete_node
[1.798s] [ 82%] Built target dis_tutorial1
[1.848s] [ 83%] Built target dis_tutorial1__py
[2.196s] [ 91%] Built target dis_tutorial1__rosidl_generator_py
[2.394s] [ 94%] Built target dis_tutorial1__rosidl_typesupport_fastrtps_c__pyext
[2.466s] [ 97%] Built target dis_tutorial1__rosidl_typesupport_introspection_c__pyext
[2.494s] running egg_info
[2.499s] writing dis_tutorial1.egg-info/PKG-INFO
[2.501s] writing dependency_links to dis_tutorial1.egg-info/dependency_links.txt
[2.507s] writing top-level names to dis_tutorial1.egg-info/top_level.txt
[2.517s] reading manifest file 'dis_tutorial1.egg-info/SOURCES.txt'
[2.520s] writing manifest file 'dis_tutorial1.egg-info/SOURCES.txt'
[2.531s] [100%] Built target dis_tutorial1__rosidl_typesupport_c__pyext
[2.594s] [100%] Built target ament_cmake_python_build_dis_tutorial1_egg
[2.634s] Invoked command in '/home/ilija/ros2_ws/src/RINS/build/dis_tutorial1' returned '0': CMAKE_PREFIX_PATH=${CMAKE_PREFIX_PATH}:/home/ilija/ros2_ws/src/RINS/install/dis_tutorial2:/opt/ros/humble /usr/bin/cmake --build /home/ilija/ros2_ws/src/RINS/build/dis_tutorial1 -- -j2 -l2
[2.665s] Invoking command in '/home/ilija/ros2_ws/src/RINS/build/dis_tutorial1': CMAKE_PREFIX_PATH=${CMAKE_PREFIX_PATH}:/home/ilija/ros2_ws/src/RINS/install/dis_tutorial2:/opt/ros/humble /usr/bin/cmake --install /home/ilija/ros2_ws/src/RINS/build/dis_tutorial1
[2.710s] -- Install configuration: ""
[2.717s] -- Execute custom install script
[2.724s] -- Up-to-date symlink: /home/ilija/ros2_ws/src/RINS/install/dis_tutorial1/share/ament_index/resource_index/rosidl_interfaces/dis_tutorial1
[2.730s] -- Up-to-date symlink: /home/ilija/ros2_ws/src/RINS/install/dis_tutorial1/include/dis_tutorial1/dis_tutorial1/msg/custom_message.h
[2.730s] -- Up-to-date symlink: /home/ilija/ros2_ws/src/RINS/install/dis_tutorial1/include/dis_tutorial1/dis_tutorial1/msg/custom_message2.h
[2.731s] -- Up-to-date symlink: /home/ilija/ros2_ws/src/RINS/install/dis_tutorial1/include/dis_tutorial1/dis_tutorial1/msg/detail/custom_message2__functions.h
[2.733s] -- Up-to-date symlink: /home/ilija/ros2_ws/src/RINS/install/dis_tutorial1/include/dis_tutorial1/dis_tutorial1/msg/detail/custom_message2__struct.h
[2.734s] -- Up-to-date symlink: /home/ilija/ros2_ws/src/RINS/install/dis_tutorial1/include/dis_tutorial1/dis_tutorial1/msg/detail/custom_message2__type_support.h
[2.735s] -- Up-to-date symlink: /home/ilija/ros2_ws/src/RINS/install/dis_tutorial1/include/dis_tutorial1/dis_tutorial1/msg/detail/custom_message__functions.h
[2.735s] -- Up-to-date symlink: /home/ilija/ros2_ws/src/RINS/install/dis_tutorial1/include/dis_tutorial1/dis_tutorial1/msg/detail/custom_message__struct.h
[2.736s] -- Up-to-date symlink: /home/ilija/ros2_ws/src/RINS/install/dis_tutorial1/include/dis_tutorial1/dis_tutorial1/msg/detail/custom_message__type_support.h
[2.739s] -- Up-to-date symlink: /home/ilija/ros2_ws/src/RINS/install/dis_tutorial1/include/dis_tutorial1/dis_tutorial1/msg/rosidl_generator_c__visibility_control.h
[2.739s] -- Up-to-date symlink: /home/ilija/ros2_ws/src/RINS/install/dis_tutorial1/include/dis_tutorial1/dis_tutorial1/srv/add_two_ints.h
[2.740s] -- Up-to-date symlink: /home/ilija/ros2_ws/src/RINS/install/dis_tutorial1/include/dis_tutorial1/dis_tutorial1/srv/detail/add_two_ints__functions.h
[2.740s] -- Up-to-date symlink: /home/ilija/ros2_ws/src/RINS/install/dis_tutorial1/include/dis_tutorial1/dis_tutorial1/srv/detail/add_two_ints__struct.h
[2.742s] -- Up-to-date symlink: /home/ilija/ros2_ws/src/RINS/install/dis_tutorial1/include/dis_tutorial1/dis_tutorial1/srv/detail/add_two_ints__type_support.h
[2.743s] -- Up-to-date symlink: /home/ilija/ros2_ws/src/RINS/install/dis_tutorial1/include/dis_tutorial1/dis_tutorial1/srv/detail/sum_service__functions.h
[2.743s] -- Up-to-date symlink: /home/ilija/ros2_ws/src/RINS/install/dis_tutorial1/include/dis_tutorial1/dis_tutorial1/srv/detail/sum_service__struct.h
[2.743s] -- Up-to-date symlink: /home/ilija/ros2_ws/src/RINS/install/dis_tutorial1/include/dis_tutorial1/dis_tutorial1/srv/detail/sum_service__type_support.h
[2.743s] -- Up-to-date symlink: /home/ilija/ros2_ws/src/RINS/install/dis_tutorial1/include/dis_tutorial1/dis_tutorial1/srv/sum_service.h
[2.747s] -- Up-to-date symlink: /home/ilija/ros2_ws/src/RINS/install/dis_tutorial1/share/dis_tutorial1/environment/library_path.sh
[2.748s] -- Up-to-date symlink: /home/ilija/ros2_ws/src/RINS/install/dis_tutorial1/share/dis_tutorial1/environment/library_path.dsv
[2.749s] -- Up-to-date symlink: /home/ilija/ros2_ws/src/RINS/install/dis_tutorial1/include/dis_tutorial1/dis_tutorial1/msg/detail/custom_message2__rosidl_typesupport_fastrtps_c.h
[2.749s] -- Up-to-date symlink: /home/ilija/ros2_ws/src/RINS/install/dis_tutorial1/include/dis_tutorial1/dis_tutorial1/msg/detail/custom_message__rosidl_typesupport_fastrtps_c.h
[2.750s] -- Up-to-date symlink: /home/ilija/ros2_ws/src/RINS/install/dis_tutorial1/include/dis_tutorial1/dis_tutorial1/msg/rosidl_typesupport_fastrtps_c__visibility_control.h
[2.750s] -- Up-to-date symlink: /home/ilija/ros2_ws/src/RINS/install/dis_tutorial1/include/dis_tutorial1/dis_tutorial1/srv/detail/add_two_ints__rosidl_typesupport_fastrtps_c.h
[2.751s] -- Up-to-date symlink: /home/ilija/ros2_ws/src/RINS/install/dis_tutorial1/include/dis_tutorial1/dis_tutorial1/srv/detail/sum_service__rosidl_typesupport_fastrtps_c.h
[2.754s] -- Up-to-date symlink: /home/ilija/ros2_ws/src/RINS/install/dis_tutorial1/include/dis_tutorial1/dis_tutorial1/msg/custom_message.hpp
[2.755s] -- Up-to-date symlink: /home/ilija/ros2_ws/src/RINS/install/dis_tutorial1/include/dis_tutorial1/dis_tutorial1/msg/custom_message2.hpp
[2.756s] -- Up-to-date symlink: /home/ilija/ros2_ws/src/RINS/install/dis_tutorial1/include/dis_tutorial1/dis_tutorial1/msg/detail/custom_message2__builder.hpp
[2.756s] -- Up-to-date symlink: /home/ilija/ros2_ws/src/RINS/install/dis_tutorial1/include/dis_tutorial1/dis_tutorial1/msg/detail/custom_message2__struct.hpp
[2.757s] -- Up-to-date symlink: /home/ilija/ros2_ws/src/RINS/install/dis_tutorial1/include/dis_tutorial1/dis_tutorial1/msg/detail/custom_message2__traits.hpp
[2.757s] -- Up-to-date symlink: /home/ilija/ros2_ws/src/RINS/install/dis_tutorial1/include/dis_tutorial1/dis_tutorial1/msg/detail/custom_message2__type_support.hpp
[2.758s] -- Up-to-date symlink: /home/ilija/ros2_ws/src/RINS/install/dis_tutorial1/include/dis_tutorial1/dis_tutorial1/msg/detail/custom_message__builder.hpp
[2.761s] -- Up-to-date symlink: /home/ilija/ros2_ws/src/RINS/install/dis_tutorial1/include/dis_tutorial1/dis_tutorial1/msg/detail/custom_message__struct.hpp
[2.763s] -- Up-to-date symlink: /home/ilija/ros2_ws/src/RINS/install/dis_tutorial1/include/dis_tutorial1/dis_tutorial1/msg/detail/custom_message__traits.hpp
[2.764s] -- Up-to-date symlink: /home/ilija/ros2_ws/src/RINS/install/dis_tutorial1/include/dis_tutorial1/dis_tutorial1/msg/detail/custom_message__type_support.hpp
[2.764s] -- Up-to-date symlink: /home/ilija/ros2_ws/src/RINS/install/dis_tutorial1/include/dis_tutorial1/dis_tutorial1/msg/rosidl_generator_cpp__visibility_control.hpp
[2.764s] -- Up-to-date symlink: /home/ilija/ros2_ws/src/RINS/install/dis_tutorial1/include/dis_tutorial1/dis_tutorial1/srv/add_two_ints.hpp
[2.764s] -- Up-to-date symlink: /home/ilija/ros2_ws/src/RINS/install/dis_tutorial1/include/dis_tutorial1/dis_tutorial1/srv/detail/add_two_ints__builder.hpp
[2.764s] -- Up-to-date symlink: /home/ilija/ros2_ws/src/RINS/install/dis_tutorial1/include/dis_tutorial1/dis_tutorial1/srv/detail/add_two_ints__struct.hpp
[2.764s] -- Up-to-date symlink: /home/ilija/ros2_ws/src/RINS/install/dis_tutorial1/include/dis_tutorial1/dis_tutorial1/srv/detail/add_two_ints__traits.hpp
[2.764s] -- Up-to-date symlink: /home/ilija/ros2_ws/src/RINS/install/dis_tutorial1/include/dis_tutorial1/dis_tutorial1/srv/detail/add_two_ints__type_support.hpp
[2.764s] -- Up-to-date symlink: /home/ilija/ros2_ws/src/RINS/install/dis_tutorial1/include/dis_tutorial1/dis_tutorial1/srv/detail/sum_service__builder.hpp
[2.765s] -- Up-to-date symlink: /home/ilija/ros2_ws/src/RINS/install/dis_tutorial1/include/dis_tutorial1/dis_tutorial1/srv/detail/sum_service__struct.hpp
[2.766s] -- Up-to-date symlink: /home/ilija/ros2_ws/src/RINS/install/dis_tutorial1/include/dis_tutorial1/dis_tutorial1/srv/detail/sum_service__traits.hpp
[2.767s] -- Up-to-date symlink: /home/ilija/ros2_ws/src/RINS/install/dis_tutorial1/include/dis_tutorial1/dis_tutorial1/srv/detail/sum_service__type_support.hpp
[2.769s] -- Up-to-date symlink: /home/ilija/ros2_ws/src/RINS/install/dis_tutorial1/include/dis_tutorial1/dis_tutorial1/srv/sum_service.hpp
[2.771s] -- Up-to-date symlink: /home/ilija/ros2_ws/src/RINS/install/dis_tutorial1/include/dis_tutorial1/dis_tutorial1/msg/detail/custom_message2__rosidl_typesupport_fastrtps_cpp.hpp
[2.772s] -- Up-to-date symlink: /home/ilija/ros2_ws/src/RINS/install/dis_tutorial1/include/dis_tutorial1/dis_tutorial1/msg/detail/custom_message__rosidl_typesupport_fastrtps_cpp.hpp
[2.774s] -- Up-to-date symlink: /home/ilija/ros2_ws/src/RINS/install/dis_tutorial1/include/dis_tutorial1/dis_tutorial1/msg/rosidl_typesupport_fastrtps_cpp__visibility_control.h
[2.774s] -- Up-to-date symlink: /home/ilija/ros2_ws/src/RINS/install/dis_tutorial1/include/dis_tutorial1/dis_tutorial1/srv/detail/add_two_ints__rosidl_typesupport_fastrtps_cpp.hpp
[2.776s] -- Up-to-date symlink: /home/ilija/ros2_ws/src/RINS/install/dis_tutorial1/include/dis_tutorial1/dis_tutorial1/srv/detail/sum_service__rosidl_typesupport_fastrtps_cpp.hpp
[2.778s] -- Up-to-date symlink: /home/ilija/ros2_ws/src/RINS/install/dis_tutorial1/include/dis_tutorial1/dis_tutorial1/msg/detail/custom_message2__rosidl_typesupport_introspection_c.h
[2.778s] -- Up-to-date symlink: /home/ilija/ros2_ws/src/RINS/install/dis_tutorial1/include/dis_tutorial1/dis_tutorial1/msg/detail/custom_message__rosidl_typesupport_introspection_c.h
[2.778s] -- Up-to-date symlink: /home/ilija/ros2_ws/src/RINS/install/dis_tutorial1/include/dis_tutorial1/dis_tutorial1/msg/rosidl_typesupport_introspection_c__visibility_control.h
[2.781s] -- Up-to-date symlink: /home/ilija/ros2_ws/src/RINS/install/dis_tutorial1/include/dis_tutorial1/dis_tutorial1/srv/detail/add_two_ints__rosidl_typesupport_introspection_c.h
[2.781s] -- Up-to-date symlink: /home/ilija/ros2_ws/src/RINS/install/dis_tutorial1/include/dis_tutorial1/dis_tutorial1/srv/detail/sum_service__rosidl_typesupport_introspection_c.h
[2.782s] -- Up-to-date symlink: /home/ilija/ros2_ws/src/RINS/install/dis_tutorial1/include/dis_tutorial1/dis_tutorial1/msg/detail/custom_message2__rosidl_typesupport_introspection_cpp.hpp
[2.784s] -- Up-to-date symlink: /home/ilija/ros2_ws/src/RINS/install/dis_tutorial1/include/dis_tutorial1/dis_tutorial1/msg/detail/custom_message__rosidl_typesupport_introspection_cpp.hpp
[2.784s] -- Up-to-date symlink: /home/ilija/ros2_ws/src/RINS/install/dis_tutorial1/include/dis_tutorial1/dis_tutorial1/srv/detail/add_two_ints__rosidl_typesupport_introspection_cpp.hpp
[2.786s] -- Up-to-date symlink: /home/ilija/ros2_ws/src/RINS/install/dis_tutorial1/include/dis_tutorial1/dis_tutorial1/srv/detail/sum_service__rosidl_typesupport_introspection_cpp.hpp
[2.788s] -- Up-to-date symlink: /home/ilija/ros2_ws/src/RINS/install/dis_tutorial1/share/dis_tutorial1/environment/pythonpath.sh
[2.788s] -- Up-to-date symlink: /home/ilija/ros2_ws/src/RINS/install/dis_tutorial1/share/dis_tutorial1/environment/pythonpath.dsv
[2.789s] -- Up-to-date symlink: /home/ilija/ros2_ws/src/RINS/install/dis_tutorial1/local/lib/python3.10/dist-packages/dis_tutorial1-0.0.1-py3.10.egg-info/PKG-INFO
[2.791s] -- Up-to-date symlink: /home/ilija/ros2_ws/src/RINS/install/dis_tutorial1/local/lib/python3.10/dist-packages/dis_tutorial1-0.0.1-py3.10.egg-info/SOURCES.txt
[2.792s] -- Up-to-date symlink: /home/ilija/ros2_ws/src/RINS/install/dis_tutorial1/local/lib/python3.10/dist-packages/dis_tutorial1-0.0.1-py3.10.egg-info/dependency_links.txt
[2.794s] -- Up-to-date symlink: /home/ilija/ros2_ws/src/RINS/install/dis_tutorial1/local/lib/python3.10/dist-packages/dis_tutorial1-0.0.1-py3.10.egg-info/top_level.txt
[2.795s] -- Up-to-date symlink: /home/ilija/ros2_ws/src/RINS/install/dis_tutorial1/local/lib/python3.10/dist-packages/dis_tutorial1/__init__.py
[2.796s] -- Up-to-date symlink: /home/ilija/ros2_ws/src/RINS/install/dis_tutorial1/local/lib/python3.10/dist-packages/dis_tutorial1/_dis_tutorial1_s.ep.rosidl_typesupport_c.c
[2.798s] -- Up-to-date symlink: /home/ilija/ros2_ws/src/RINS/install/dis_tutorial1/local/lib/python3.10/dist-packages/dis_tutorial1/_dis_tutorial1_s.ep.rosidl_typesupport_fastrtps_c.c
[2.799s] -- Up-to-date symlink: /home/ilija/ros2_ws/src/RINS/install/dis_tutorial1/local/lib/python3.10/dist-packages/dis_tutorial1/_dis_tutorial1_s.ep.rosidl_typesupport_introspection_c.c
[2.799s] -- Up-to-date symlink: /home/ilija/ros2_ws/src/RINS/install/dis_tutorial1/local/lib/python3.10/dist-packages/dis_tutorial1/dis_tutorial1_s__rosidl_typesupport_c.cpython-310-x86_64-linux-gnu.so
[2.801s] -- Up-to-date symlink: /home/ilija/ros2_ws/src/RINS/install/dis_tutorial1/local/lib/python3.10/dist-packages/dis_tutorial1/dis_tutorial1_s__rosidl_typesupport_fastrtps_c.cpython-310-x86_64-linux-gnu.so
[2.801s] -- Up-to-date symlink: /home/ilija/ros2_ws/src/RINS/install/dis_tutorial1/local/lib/python3.10/dist-packages/dis_tutorial1/dis_tutorial1_s__rosidl_typesupport_introspection_c.cpython-310-x86_64-linux-gnu.so
[2.802s] -- Up-to-date symlink: /home/ilija/ros2_ws/src/RINS/install/dis_tutorial1/local/lib/python3.10/dist-packages/dis_tutorial1/libdis_tutorial1__rosidl_generator_py.so
[2.802s] -- Up-to-date symlink: /home/ilija/ros2_ws/src/RINS/install/dis_tutorial1/local/lib/python3.10/dist-packages/dis_tutorial1/msg/__init__.py
[2.803s] -- Up-to-date symlink: /home/ilija/ros2_ws/src/RINS/install/dis_tutorial1/local/lib/python3.10/dist-packages/dis_tutorial1/msg/_custom_message.py
[2.804s] -- Up-to-date symlink: /home/ilija/ros2_ws/src/RINS/install/dis_tutorial1/local/lib/python3.10/dist-packages/dis_tutorial1/msg/_custom_message2.py
[2.804s] -- Up-to-date symlink: /home/ilija/ros2_ws/src/RINS/install/dis_tutorial1/local/lib/python3.10/dist-packages/dis_tutorial1/msg/_custom_message2_s.c
[2.806s] -- Up-to-date symlink: /home/ilija/ros2_ws/src/RINS/install/dis_tutorial1/local/lib/python3.10/dist-packages/dis_tutorial1/msg/_custom_message_s.c
[2.806s] -- Up-to-date symlink: /home/ilija/ros2_ws/src/RINS/install/dis_tutorial1/local/lib/python3.10/dist-packages/dis_tutorial1/srv/__init__.py
[2.806s] -- Up-to-date symlink: /home/ilija/ros2_ws/src/RINS/install/dis_tutorial1/local/lib/python3.10/dist-packages/dis_tutorial1/srv/_add_two_ints.py
[2.808s] -- Up-to-date symlink: /home/ilija/ros2_ws/src/RINS/install/dis_tutorial1/local/lib/python3.10/dist-packages/dis_tutorial1/srv/_add_two_ints_s.c
[2.809s] -- Up-to-date symlink: /home/ilija/ros2_ws/src/RINS/install/dis_tutorial1/local/lib/python3.10/dist-packages/dis_tutorial1/srv/_sum_service.py
[2.809s] -- Up-to-date symlink: /home/ilija/ros2_ws/src/RINS/install/dis_tutorial1/local/lib/python3.10/dist-packages/dis_tutorial1/srv/_sum_service_s.c
[2.810s] -- Up-to-date symlink: /home/ilija/ros2_ws/src/RINS/install/dis_tutorial1/local/lib/python3.10/dist-packages/dis_tutorial1/dis_tutorial1_s__rosidl_typesupport_fastrtps_c.cpython-310-x86_64-linux-gnu.so
[2.812s] -- Up-to-date symlink: /home/ilija/ros2_ws/src/RINS/install/dis_tutorial1/local/lib/python3.10/dist-packages/dis_tutorial1/dis_tutorial1_s__rosidl_typesupport_introspection_c.cpython-310-x86_64-linux-gnu.so
[2.814s] -- Up-to-date symlink: /home/ilija/ros2_ws/src/RINS/install/dis_tutorial1/local/lib/python3.10/dist-packages/dis_tutorial1/dis_tutorial1_s__rosidl_typesupport_c.cpython-310-x86_64-linux-gnu.so
[2.815s] -- Up-to-date symlink: /home/ilija/ros2_ws/src/RINS/install/dis_tutorial1/share/dis_tutorial1/msg/CustomMessage.idl
[2.816s] -- Up-to-date symlink: /home/ilija/ros2_ws/src/RINS/install/dis_tutorial1/share/dis_tutorial1/srv/AddTwoInts.idl
[2.818s] -- Up-to-date symlink: /home/ilija/ros2_ws/src/RINS/install/dis_tutorial1/share/dis_tutorial1/msg/CustomMessage2.idl
[2.818s] -- Up-to-date symlink: /home/ilija/ros2_ws/src/RINS/install/dis_tutorial1/share/dis_tutorial1/srv/SumService.idl
[2.820s] -- Up-to-date symlink: /home/ilija/ros2_ws/src/RINS/install/dis_tutorial1/share/dis_tutorial1/msg/CustomMessage.msg
[2.820s] -- Up-to-date symlink: /home/ilija/ros2_ws/src/RINS/install/dis_tutorial1/share/dis_tutorial1/srv/AddTwoInts.srv
[2.823s] -- Up-to-date symlink: /home/ilija/ros2_ws/src/RINS/install/dis_tutorial1/share/dis_tutorial1/srv/AddTwoInts_Request.msg
[2.823s] -- Up-to-date symlink: /home/ilija/ros2_ws/src/RINS/install/dis_tutorial1/share/dis_tutorial1/srv/AddTwoInts_Response.msg
[2.823s] -- Up-to-date symlink: /home/ilija/ros2_ws/src/RINS/install/dis_tutorial1/share/dis_tutorial1/msg/CustomMessage2.msg
[2.823s] -- Up-to-date symlink: /home/ilija/ros2_ws/src/RINS/install/dis_tutorial1/share/dis_tutorial1/srv/SumService.srv
[2.826s] -- Up-to-date symlink: /home/ilija/ros2_ws/src/RINS/install/dis_tutorial1/share/dis_tutorial1/srv/SumService_Request.msg
[2.826s] -- Up-to-date symlink: /home/ilija/ros2_ws/src/RINS/install/dis_tutorial1/share/dis_tutorial1/srv/SumService_Response.msg
[2.828s] -- Up-to-date symlink: /home/ilija/ros2_ws/src/RINS/install/dis_tutorial1/lib/dis_tutorial1/simple_publisher
[2.829s] -- Up-to-date symlink: /home/ilija/ros2_ws/src/RINS/install/dis_tutorial1/lib/dis_tutorial1/simple_subscriber
[2.829s] -- Up-to-date symlink: /home/ilija/ros2_ws/src/RINS/install/dis_tutorial1/lib/dis_tutorial1/simple_client_node
[2.830s] -- Up-to-date symlink: /home/ilija/ros2_ws/src/RINS/install/dis_tutorial1/lib/dis_tutorial1/simple_server_node
[2.832s] -- Up-to-date symlink: /home/ilija/ros2_ws/src/RINS/install/dis_tutorial1/lib/dis_tutorial1/complete_node
[2.833s] -- Up-to-date symlink: /home/ilija/ros2_ws/src/RINS/install/dis_tutorial1/lib/dis_tutorial1/simple_set_bool_server_node
[2.833s] -- Up-to-date symlink: /home/ilija/ros2_ws/src/RINS/install/dis_tutorial1/lib/dis_tutorial1/py_simple_publisher.py
[2.834s] -- Up-to-date symlink: /home/ilija/ros2_ws/src/RINS/install/dis_tutorial1/lib/dis_tutorial1/py_simple_subscriber.py
[2.835s] -- Up-to-date symlink: /home/ilija/ros2_ws/src/RINS/install/dis_tutorial1/lib/dis_tutorial1/py_simple_server_node.py
[2.836s] -- Up-to-date symlink: /home/ilija/ros2_ws/src/RINS/install/dis_tutorial1/lib/dis_tutorial1/py_simple_client_node.py
[2.838s] -- Up-to-date symlink: /home/ilija/ros2_ws/src/RINS/install/dis_tutorial1/lib/dis_tutorial1/py_complete_node.py
[2.839s] -- Up-to-date symlink: /home/ilija/ros2_ws/src/RINS/install/dis_tutorial1/lib/dis_tutorial1/py_draw_square.py
[2.839s] -- Up-to-date symlink: /home/ilija/ros2_ws/src/RINS/install/dis_tutorial1/lib/dis_tutorial1/publisher_node.py
[2.841s] -- Up-to-date symlink: /home/ilija/ros2_ws/src/RINS/install/dis_tutorial1/lib/dis_tutorial1/subscriber_node.py
[2.841s] -- Up-to-date symlink: /home/ilija/ros2_ws/src/RINS/install/dis_tutorial1/lib/dis_tutorial1/service_node.py
[2.843s] -- Up-to-date symlink: /home/ilija/ros2_ws/src/RINS/install/dis_tutorial1/lib/dis_tutorial1/client_node.py
[2.844s] -- Up-to-date symlink: /home/ilija/ros2_ws/src/RINS/install/dis_tutorial1/share/ament_index/resource_index/package_run_dependencies/dis_tutorial1
[2.844s] -- Up-to-date symlink: /home/ilija/ros2_ws/src/RINS/install/dis_tutorial1/share/ament_index/resource_index/parent_prefix_path/dis_tutorial1
[2.845s] -- Up-to-date symlink: /home/ilija/ros2_ws/src/RINS/install/dis_tutorial1/share/dis_tutorial1/environment/ament_prefix_path.sh
[2.847s] -- Up-to-date symlink: /home/ilija/ros2_ws/src/RINS/install/dis_tutorial1/share/dis_tutorial1/environment/ament_prefix_path.dsv
[2.847s] -- Up-to-date symlink: /home/ilija/ros2_ws/src/RINS/install/dis_tutorial1/share/dis_tutorial1/environment/path.sh
[2.848s] -- Up-to-date symlink: /home/ilija/ros2_ws/src/RINS/install/dis_tutorial1/share/dis_tutorial1/environment/path.dsv
[2.850s] -- Up-to-date symlink: /home/ilija/ros2_ws/src/RINS/install/dis_tutorial1/share/dis_tutorial1/local_setup.bash
[2.855s] -- Up-to-date symlink: /home/ilija/ros2_ws/src/RINS/install/dis_tutorial1/share/dis_tutorial1/local_setup.sh
[2.855s] -- Up-to-date symlink: /home/ilija/ros2_ws/src/RINS/install/dis_tutorial1/share/dis_tutorial1/local_setup.zsh
[2.858s] -- Up-to-date symlink: /home/ilija/ros2_ws/src/RINS/install/dis_tutorial1/share/dis_tutorial1/local_setup.dsv
[2.858s] -- Symlinking: /home/ilija/ros2_ws/src/RINS/install/dis_tutorial1/share/dis_tutorial1/package.dsv
[2.881s] -- Up-to-date symlink: /home/ilija/ros2_ws/src/RINS/install/dis_tutorial1/share/ament_index/resource_index/packages/dis_tutorial1
[2.883s] -- Up-to-date symlink: /home/ilija/ros2_ws/src/RINS/install/dis_tutorial1/share/dis_tutorial1/cmake/rosidl_cmake-extras.cmake
[2.884s] -- Up-to-date symlink: /home/ilija/ros2_ws/src/RINS/install/dis_tutorial1/share/dis_tutorial1/cmake/ament_cmake_export_dependencies-extras.cmake
[2.885s] -- Up-to-date symlink: /home/ilija/ros2_ws/src/RINS/install/dis_tutorial1/share/dis_tutorial1/cmake/ament_cmake_export_include_directories-extras.cmake
[2.887s] -- Up-to-date symlink: /home/ilija/ros2_ws/src/RINS/install/dis_tutorial1/share/dis_tutorial1/cmake/ament_cmake_export_libraries-extras.cmake
[2.887s] -- Up-to-date symlink: /home/ilija/ros2_ws/src/RINS/install/dis_tutorial1/share/dis_tutorial1/cmake/ament_cmake_export_targets-extras.cmake
[2.889s] -- Up-to-date symlink: /home/ilija/ros2_ws/src/RINS/install/dis_tutorial1/share/dis_tutorial1/cmake/rosidl_cmake_export_typesupport_targets-extras.cmake
[2.890s] -- Up-to-date symlink: /home/ilija/ros2_ws/src/RINS/install/dis_tutorial1/share/dis_tutorial1/cmake/rosidl_cmake_export_typesupport_libraries-extras.cmake
[2.891s] -- Up-to-date symlink: /home/ilija/ros2_ws/src/RINS/install/dis_tutorial1/share/dis_tutorial1/cmake/dis_tutorial1Config.cmake
[2.891s] -- Up-to-date symlink: /home/ilija/ros2_ws/src/RINS/install/dis_tutorial1/share/dis_tutorial1/cmake/dis_tutorial1Config-version.cmake
[2.892s] -- Up-to-date symlink: /home/ilija/ros2_ws/src/RINS/install/dis_tutorial1/share/dis_tutorial1/package.xml
[2.903s] -- Up-to-date: /home/ilija/ros2_ws/src/RINS/install/dis_tutorial1/lib/libdis_tutorial1__rosidl_generator_c.so
[2.904s] -- Up-to-date: /home/ilija/ros2_ws/src/RINS/install/dis_tutorial1/lib/libdis_tutorial1__rosidl_typesupport_fastrtps_c.so
[2.907s] -- Up-to-date: /home/ilija/ros2_ws/src/RINS/install/dis_tutorial1/lib/libdis_tutorial1__rosidl_typesupport_fastrtps_cpp.so
[2.910s] -- Up-to-date: /home/ilija/ros2_ws/src/RINS/install/dis_tutorial1/lib/libdis_tutorial1__rosidl_typesupport_introspection_c.so
[2.912s] -- Up-to-date: /home/ilija/ros2_ws/src/RINS/install/dis_tutorial1/lib/libdis_tutorial1__rosidl_typesupport_c.so
[2.916s] -- Up-to-date: /home/ilija/ros2_ws/src/RINS/install/dis_tutorial1/lib/libdis_tutorial1__rosidl_typesupport_introspection_cpp.so
[2.917s] -- Up-to-date: /home/ilija/ros2_ws/src/RINS/install/dis_tutorial1/lib/libdis_tutorial1__rosidl_typesupport_cpp.so
[2.983s] Listing '/home/ilija/ros2_ws/src/RINS/install/dis_tutorial1/local/lib/python3.10/dist-packages/dis_tutorial1'...
[2.984s] Listing '/home/ilija/ros2_ws/src/RINS/install/dis_tutorial1/local/lib/python3.10/dist-packages/dis_tutorial1/msg'...
[2.984s] Listing '/home/ilija/ros2_ws/src/RINS/install/dis_tutorial1/local/lib/python3.10/dist-packages/dis_tutorial1/srv'...
[2.999s] -- Up-to-date: /home/ilija/ros2_ws/src/RINS/install/dis_tutorial1/lib/libdis_tutorial1__rosidl_generator_py.so
[3.002s] -- Up-to-date: /home/ilija/ros2_ws/src/RINS/install/dis_tutorial1/share/dis_tutorial1/cmake/export_dis_tutorial1__rosidl_generator_cExport.cmake
[3.002s] -- Up-to-date: /home/ilija/ros2_ws/src/RINS/install/dis_tutorial1/share/dis_tutorial1/cmake/export_dis_tutorial1__rosidl_generator_cExport-noconfig.cmake
[3.003s] -- Up-to-date: /home/ilija/ros2_ws/src/RINS/install/dis_tutorial1/share/dis_tutorial1/cmake/export_dis_tutorial1__rosidl_typesupport_fastrtps_cExport.cmake
[3.003s] -- Up-to-date: /home/ilija/ros2_ws/src/RINS/install/dis_tutorial1/share/dis_tutorial1/cmake/export_dis_tutorial1__rosidl_typesupport_fastrtps_cExport-noconfig.cmake
[3.006s] -- Up-to-date: /home/ilija/ros2_ws/src/RINS/install/dis_tutorial1/share/dis_tutorial1/cmake/export_dis_tutorial1__rosidl_generator_cppExport.cmake
[3.007s] -- Up-to-date: /home/ilija/ros2_ws/src/RINS/install/dis_tutorial1/share/dis_tutorial1/cmake/export_dis_tutorial1__rosidl_typesupport_fastrtps_cppExport.cmake
[3.007s] -- Up-to-date: /home/ilija/ros2_ws/src/RINS/install/dis_tutorial1/share/dis_tutorial1/cmake/export_dis_tutorial1__rosidl_typesupport_fastrtps_cppExport-noconfig.cmake
[3.009s] -- Up-to-date: /home/ilija/ros2_ws/src/RINS/install/dis_tutorial1/share/dis_tutorial1/cmake/dis_tutorial1__rosidl_typesupport_introspection_cExport.cmake
[3.010s] -- Up-to-date: /home/ilija/ros2_ws/src/RINS/install/dis_tutorial1/share/dis_tutorial1/cmake/dis_tutorial1__rosidl_typesupport_introspection_cExport-noconfig.cmake
[3.012s] -- Up-to-date: /home/ilija/ros2_ws/src/RINS/install/dis_tutorial1/share/dis_tutorial1/cmake/dis_tutorial1__rosidl_typesupport_cExport.cmake
[3.013s] -- Up-to-date: /home/ilija/ros2_ws/src/RINS/install/dis_tutorial1/share/dis_tutorial1/cmake/dis_tutorial1__rosidl_typesupport_cExport-noconfig.cmake
[3.013s] -- Up-to-date: /home/ilija/ros2_ws/src/RINS/install/dis_tutorial1/share/dis_tutorial1/cmake/dis_tutorial1__rosidl_typesupport_introspection_cppExport.cmake
[3.014s] -- Up-to-date: /home/ilija/ros2_ws/src/RINS/install/dis_tutorial1/share/dis_tutorial1/cmake/dis_tutorial1__rosidl_typesupport_introspection_cppExport-noconfig.cmake
[3.016s] -- Up-to-date: /home/ilija/ros2_ws/src/RINS/install/dis_tutorial1/share/dis_tutorial1/cmake/dis_tutorial1__rosidl_typesupport_cppExport.cmake
[3.017s] -- Up-to-date: /home/ilija/ros2_ws/src/RINS/install/dis_tutorial1/share/dis_tutorial1/cmake/dis_tutorial1__rosidl_typesupport_cppExport-noconfig.cmake
[3.018s] -- Up-to-date: /home/ilija/ros2_ws/src/RINS/install/dis_tutorial1/share/dis_tutorial1/cmake/export_dis_tutorial1__rosidl_generator_pyExport.cmake
[3.021s] -- Up-to-date: /home/ilija/ros2_ws/src/RINS/install/dis_tutorial1/share/dis_tutorial1/cmake/export_dis_tutorial1__rosidl_generator_pyExport-noconfig.cmake
[3.026s] Invoked command in '/home/ilija/ros2_ws/src/RINS/build/dis_tutorial1' returned '0': CMAKE_PREFIX_PATH=${CMAKE_PREFIX_PATH}:/home/ilija/ros2_ws/src/RINS/install/dis_tutorial2:/opt/ros/humble /usr/bin/cmake --install /home/ilija/ros2_ws/src/RINS/build/dis_tutorial1
