[0.306s] Invoking command in '/home/tau/colcon_ws/build/hwpub': CMAKE_PREFIX_PATH=${CMAKE_PREFIX_PATH}:/home/tau/colcon_ws/install/dis_tutorial2:/opt/ros/humble /usr/bin/cmake --build /home/tau/colcon_ws/build/hwpub -- -j16 -l16
[0.388s] [ 10%] Built target hwpub__cpp
[0.388s] [ 12%] Built target hwpub__rosidl_generator_c
[0.436s] [ 12%] Built target ament_cmake_python_copy_hwpub
[0.436s] [ 23%] Built target hwpub__rosidl_typesupport_c
[0.436s] [ 33%] Built target hwpub__rosidl_typesupport_fastrtps_c
[0.436s] [ 43%] Built target hwpub__rosidl_typesupport_introspection_c
[0.436s] [ 53%] Built target hwpub__rosidl_typesupport_introspection_cpp
[0.456s] [ 64%] Built target hwpub__rosidl_typesupport_cpp
[0.459s] [ 74%] Built target hwpub__rosidl_typesupport_fastrtps_cpp
[0.487s] [ 74%] Built target hwpub
[0.510s] [ 76%] Built target hwpub__py
[0.539s] [ 84%] Built target hwpub__rosidl_generator_py
[0.573s] [ 89%] Built target hwpub__rosidl_typesupport_fastrtps_c__pyext
[0.575s] [ 94%] Built target hwpub__rosidl_typesupport_c__pyext
[0.575s] [100%] Built target hwpub__rosidl_typesupport_introspection_c__pyext
[0.721s] running egg_info
[0.722s] writing hwpub.egg-info/PKG-INFO
[0.722s] writing dependency_links to hwpub.egg-info/dependency_links.txt
[0.722s] writing top-level names to hwpub.egg-info/top_level.txt
[0.725s] reading manifest file 'hwpub.egg-info/SOURCES.txt'
[0.726s] writing manifest file 'hwpub.egg-info/SOURCES.txt'
[0.767s] [100%] Built target ament_cmake_python_build_hwpub_egg
[0.782s] Invoked command in '/home/tau/colcon_ws/build/hwpub' returned '0': CMAKE_PREFIX_PATH=${CMAKE_PREFIX_PATH}:/home/tau/colcon_ws/install/dis_tutorial2:/opt/ros/humble /usr/bin/cmake --build /home/tau/colcon_ws/build/hwpub -- -j16 -l16
[0.786s] Invoking command in '/home/tau/colcon_ws/build/hwpub': CMAKE_PREFIX_PATH=${CMAKE_PREFIX_PATH}:/home/tau/colcon_ws/install/dis_tutorial2:/opt/ros/humble /usr/bin/cmake --install /home/tau/colcon_ws/build/hwpub
[0.795s] -- Install configuration: ""
[0.795s] -- Up-to-date: /home/tau/colcon_ws/install/hwpub/share/ament_index/resource_index/rosidl_interfaces/hwpub
[0.795s] -- Up-to-date: /home/tau/colcon_ws/install/hwpub/include/hwpub/hwpub
[0.795s] -- Up-to-date: /home/tau/colcon_ws/install/hwpub/include/hwpub/hwpub/msg
[0.795s] -- Up-to-date: /home/tau/colcon_ws/install/hwpub/include/hwpub/hwpub/msg/hwmsg.h
[0.795s] -- Up-to-date: /home/tau/colcon_ws/install/hwpub/include/hwpub/hwpub/msg/rosidl_generator_c__visibility_control.h
[0.795s] -- Up-to-date: /home/tau/colcon_ws/install/hwpub/include/hwpub/hwpub/msg/detail
[0.796s] -- Up-to-date: /home/tau/colcon_ws/install/hwpub/include/hwpub/hwpub/msg/detail/hwmsg__struct.h
[0.796s] -- Up-to-date: /home/tau/colcon_ws/install/hwpub/include/hwpub/hwpub/msg/detail/hwmsg__functions.h
[0.796s] -- Up-to-date: /home/tau/colcon_ws/install/hwpub/include/hwpub/hwpub/msg/detail/hwmsg__type_support.h
[0.796s] -- Up-to-date: /home/tau/colcon_ws/install/hwpub/include/hwpub/hwpub/msg/detail/hwmsg__functions.c
[0.796s] -- Up-to-date: /home/tau/colcon_ws/install/hwpub/include/hwpub/hwpub/srv
[0.796s] -- Up-to-date: /home/tau/colcon_ws/install/hwpub/include/hwpub/hwpub/srv/customserv.h
[0.796s] -- Up-to-date: /home/tau/colcon_ws/install/hwpub/include/hwpub/hwpub/srv/detail
[0.796s] -- Up-to-date: /home/tau/colcon_ws/install/hwpub/include/hwpub/hwpub/srv/detail/customserv__functions.c
[0.796s] -- Up-to-date: /home/tau/colcon_ws/install/hwpub/include/hwpub/hwpub/srv/detail/customserv__struct.h
[0.796s] -- Up-to-date: /home/tau/colcon_ws/install/hwpub/include/hwpub/hwpub/srv/detail/customserv__type_support.h
[0.796s] -- Up-to-date: /home/tau/colcon_ws/install/hwpub/include/hwpub/hwpub/srv/detail/customserv__functions.h
[0.797s] -- Up-to-date: /home/tau/colcon_ws/install/hwpub/share/hwpub/environment/library_path.sh
[0.797s] -- Up-to-date: /home/tau/colcon_ws/install/hwpub/share/hwpub/environment/library_path.dsv
[0.797s] -- Up-to-date: /home/tau/colcon_ws/install/hwpub/lib/libhwpub__rosidl_generator_c.so
[0.797s] -- Up-to-date: /home/tau/colcon_ws/install/hwpub/include/hwpub/hwpub
[0.797s] -- Up-to-date: /home/tau/colcon_ws/install/hwpub/include/hwpub/hwpub/msg
[0.797s] -- Up-to-date: /home/tau/colcon_ws/install/hwpub/include/hwpub/hwpub/msg/rosidl_typesupport_fastrtps_c__visibility_control.h
[0.797s] -- Up-to-date: /home/tau/colcon_ws/install/hwpub/include/hwpub/hwpub/msg/detail
[0.797s] -- Up-to-date: /home/tau/colcon_ws/install/hwpub/include/hwpub/hwpub/msg/detail/hwmsg__rosidl_typesupport_fastrtps_c.h
[0.797s] -- Up-to-date: /home/tau/colcon_ws/install/hwpub/include/hwpub/hwpub/srv
[0.798s] -- Up-to-date: /home/tau/colcon_ws/install/hwpub/include/hwpub/hwpub/srv/detail
[0.798s] -- Up-to-date: /home/tau/colcon_ws/install/hwpub/include/hwpub/hwpub/srv/detail/customserv__rosidl_typesupport_fastrtps_c.h
[0.798s] -- Up-to-date: /home/tau/colcon_ws/install/hwpub/lib/libhwpub__rosidl_typesupport_fastrtps_c.so
[0.798s] -- Up-to-date: /home/tau/colcon_ws/install/hwpub/include/hwpub/hwpub
[0.798s] -- Up-to-date: /home/tau/colcon_ws/install/hwpub/include/hwpub/hwpub/msg
[0.798s] -- Up-to-date: /home/tau/colcon_ws/install/hwpub/include/hwpub/hwpub/msg/rosidl_generator_cpp__visibility_control.hpp
[0.798s] -- Up-to-date: /home/tau/colcon_ws/install/hwpub/include/hwpub/hwpub/msg/hwmsg.hpp
[0.798s] -- Up-to-date: /home/tau/colcon_ws/install/hwpub/include/hwpub/hwpub/msg/detail
[0.798s] -- Up-to-date: /home/tau/colcon_ws/install/hwpub/include/hwpub/hwpub/msg/detail/hwmsg__struct.hpp
[0.799s] -- Up-to-date: /home/tau/colcon_ws/install/hwpub/include/hwpub/hwpub/msg/detail/hwmsg__type_support.hpp
[0.799s] -- Up-to-date: /home/tau/colcon_ws/install/hwpub/include/hwpub/hwpub/msg/detail/hwmsg__builder.hpp
[0.799s] -- Up-to-date: /home/tau/colcon_ws/install/hwpub/include/hwpub/hwpub/msg/detail/hwmsg__traits.hpp
[0.799s] -- Up-to-date: /home/tau/colcon_ws/install/hwpub/include/hwpub/hwpub/srv
[0.799s] -- Up-to-date: /home/tau/colcon_ws/install/hwpub/include/hwpub/hwpub/srv/customserv.hpp
[0.799s] -- Up-to-date: /home/tau/colcon_ws/install/hwpub/include/hwpub/hwpub/srv/detail
[0.799s] -- Up-to-date: /home/tau/colcon_ws/install/hwpub/include/hwpub/hwpub/srv/detail/customserv__traits.hpp
[0.799s] -- Up-to-date: /home/tau/colcon_ws/install/hwpub/include/hwpub/hwpub/srv/detail/customserv__type_support.hpp
[0.799s] -- Up-to-date: /home/tau/colcon_ws/install/hwpub/include/hwpub/hwpub/srv/detail/customserv__builder.hpp
[0.799s] -- Up-to-date: /home/tau/colcon_ws/install/hwpub/include/hwpub/hwpub/srv/detail/customserv__struct.hpp
[0.799s] -- Up-to-date: /home/tau/colcon_ws/install/hwpub/include/hwpub/hwpub
[0.799s] -- Up-to-date: /home/tau/colcon_ws/install/hwpub/include/hwpub/hwpub/msg
[0.799s] -- Up-to-date: /home/tau/colcon_ws/install/hwpub/include/hwpub/hwpub/msg/rosidl_typesupport_fastrtps_cpp__visibility_control.h
[0.799s] -- Up-to-date: /home/tau/colcon_ws/install/hwpub/include/hwpub/hwpub/msg/detail
[0.799s] -- Up-to-date: /home/tau/colcon_ws/install/hwpub/include/hwpub/hwpub/msg/detail/hwmsg__rosidl_typesupport_fastrtps_cpp.hpp
[0.800s] -- Up-to-date: /home/tau/colcon_ws/install/hwpub/include/hwpub/hwpub/msg/detail/dds_fastrtps
[0.800s] -- Up-to-date: /home/tau/colcon_ws/install/hwpub/include/hwpub/hwpub/srv
[0.800s] -- Up-to-date: /home/tau/colcon_ws/install/hwpub/include/hwpub/hwpub/srv/detail
[0.800s] -- Up-to-date: /home/tau/colcon_ws/install/hwpub/include/hwpub/hwpub/srv/detail/customserv__rosidl_typesupport_fastrtps_cpp.hpp
[0.800s] -- Up-to-date: /home/tau/colcon_ws/install/hwpub/include/hwpub/hwpub/srv/detail/dds_fastrtps
[0.800s] -- Up-to-date: /home/tau/colcon_ws/install/hwpub/lib/libhwpub__rosidl_typesupport_fastrtps_cpp.so
[0.800s] -- Up-to-date: /home/tau/colcon_ws/install/hwpub/include/hwpub/hwpub
[0.800s] -- Up-to-date: /home/tau/colcon_ws/install/hwpub/include/hwpub/hwpub/msg
[0.800s] -- Up-to-date: /home/tau/colcon_ws/install/hwpub/include/hwpub/hwpub/msg/detail
[0.800s] -- Up-to-date: /home/tau/colcon_ws/install/hwpub/include/hwpub/hwpub/msg/detail/hwmsg__rosidl_typesupport_introspection_c.h
[0.800s] -- Up-to-date: /home/tau/colcon_ws/install/hwpub/include/hwpub/hwpub/msg/detail/hwmsg__type_support.c
[0.800s] -- Up-to-date: /home/tau/colcon_ws/install/hwpub/include/hwpub/hwpub/msg/rosidl_typesupport_introspection_c__visibility_control.h
[0.800s] -- Up-to-date: /home/tau/colcon_ws/install/hwpub/include/hwpub/hwpub/srv
[0.801s] -- Up-to-date: /home/tau/colcon_ws/install/hwpub/include/hwpub/hwpub/srv/detail
[0.801s] -- Up-to-date: /home/tau/colcon_ws/install/hwpub/include/hwpub/hwpub/srv/detail/customserv__type_support.c
[0.801s] -- Up-to-date: /home/tau/colcon_ws/install/hwpub/include/hwpub/hwpub/srv/detail/customserv__rosidl_typesupport_introspection_c.h
[0.801s] -- Up-to-date: /home/tau/colcon_ws/install/hwpub/lib/libhwpub__rosidl_typesupport_introspection_c.so
[0.801s] -- Up-to-date: /home/tau/colcon_ws/install/hwpub/lib/libhwpub__rosidl_typesupport_c.so
[0.801s] -- Up-to-date: /home/tau/colcon_ws/install/hwpub/include/hwpub/hwpub
[0.801s] -- Up-to-date: /home/tau/colcon_ws/install/hwpub/include/hwpub/hwpub/msg
[0.801s] -- Up-to-date: /home/tau/colcon_ws/install/hwpub/include/hwpub/hwpub/msg/detail
[0.801s] -- Up-to-date: /home/tau/colcon_ws/install/hwpub/include/hwpub/hwpub/msg/detail/hwmsg__type_support.cpp
[0.801s] -- Up-to-date: /home/tau/colcon_ws/install/hwpub/include/hwpub/hwpub/msg/detail/hwmsg__rosidl_typesupport_introspection_cpp.hpp
[0.801s] -- Up-to-date: /home/tau/colcon_ws/install/hwpub/include/hwpub/hwpub/srv
[0.802s] -- Up-to-date: /home/tau/colcon_ws/install/hwpub/include/hwpub/hwpub/srv/detail
[0.802s] -- Up-to-date: /home/tau/colcon_ws/install/hwpub/include/hwpub/hwpub/srv/detail/customserv__type_support.cpp
[0.802s] -- Up-to-date: /home/tau/colcon_ws/install/hwpub/include/hwpub/hwpub/srv/detail/customserv__rosidl_typesupport_introspection_cpp.hpp
[0.802s] -- Up-to-date: /home/tau/colcon_ws/install/hwpub/lib/libhwpub__rosidl_typesupport_introspection_cpp.so
[0.802s] -- Up-to-date: /home/tau/colcon_ws/install/hwpub/lib/libhwpub__rosidl_typesupport_cpp.so
[0.802s] -- Up-to-date: /home/tau/colcon_ws/install/hwpub/share/hwpub/environment/pythonpath.sh
[0.802s] -- Up-to-date: /home/tau/colcon_ws/install/hwpub/share/hwpub/environment/pythonpath.dsv
[0.802s] -- Up-to-date: /home/tau/colcon_ws/install/hwpub/local/lib/python3.10/dist-packages/hwpub-0.0.1-py3.10.egg-info
[0.802s] -- Installing: /home/tau/colcon_ws/install/hwpub/local/lib/python3.10/dist-packages/hwpub-0.0.1-py3.10.egg-info/dependency_links.txt
[0.802s] -- Installing: /home/tau/colcon_ws/install/hwpub/local/lib/python3.10/dist-packages/hwpub-0.0.1-py3.10.egg-info/PKG-INFO
[0.802s] -- Installing: /home/tau/colcon_ws/install/hwpub/local/lib/python3.10/dist-packages/hwpub-0.0.1-py3.10.egg-info/top_level.txt
[0.802s] -- Installing: /home/tau/colcon_ws/install/hwpub/local/lib/python3.10/dist-packages/hwpub-0.0.1-py3.10.egg-info/SOURCES.txt
[0.802s] -- Up-to-date: /home/tau/colcon_ws/install/hwpub/local/lib/python3.10/dist-packages/hwpub
[0.802s] -- Up-to-date: /home/tau/colcon_ws/install/hwpub/local/lib/python3.10/dist-packages/hwpub/libhwpub__rosidl_generator_py.so
[0.802s] -- Up-to-date: /home/tau/colcon_ws/install/hwpub/local/lib/python3.10/dist-packages/hwpub/msg
[0.803s] -- Up-to-date: /home/tau/colcon_ws/install/hwpub/local/lib/python3.10/dist-packages/hwpub/msg/_hwmsg.py
[0.803s] -- Up-to-date: /home/tau/colcon_ws/install/hwpub/local/lib/python3.10/dist-packages/hwpub/msg/__init__.py
[0.803s] -- Up-to-date: /home/tau/colcon_ws/install/hwpub/local/lib/python3.10/dist-packages/hwpub/msg/_hwmsg_s.c
[0.803s] -- Up-to-date: /home/tau/colcon_ws/install/hwpub/local/lib/python3.10/dist-packages/hwpub/__init__.py
[0.803s] -- Up-to-date: /home/tau/colcon_ws/install/hwpub/local/lib/python3.10/dist-packages/hwpub/hwpub_s__rosidl_typesupport_c.cpython-310-x86_64-linux-gnu.so
[0.803s] -- Up-to-date: /home/tau/colcon_ws/install/hwpub/local/lib/python3.10/dist-packages/hwpub/hwpub_s__rosidl_typesupport_introspection_c.cpython-310-x86_64-linux-gnu.so
[0.803s] -- Up-to-date: /home/tau/colcon_ws/install/hwpub/local/lib/python3.10/dist-packages/hwpub/hwpub_s__rosidl_typesupport_fastrtps_c.cpython-310-x86_64-linux-gnu.so
[0.803s] -- Up-to-date: /home/tau/colcon_ws/install/hwpub/local/lib/python3.10/dist-packages/hwpub/_hwpub_s.ep.rosidl_typesupport_c.c
[0.803s] -- Up-to-date: /home/tau/colcon_ws/install/hwpub/local/lib/python3.10/dist-packages/hwpub/srv
[0.803s] -- Up-to-date: /home/tau/colcon_ws/install/hwpub/local/lib/python3.10/dist-packages/hwpub/srv/__init__.py
[0.803s] -- Up-to-date: /home/tau/colcon_ws/install/hwpub/local/lib/python3.10/dist-packages/hwpub/srv/_customserv_s.c
[0.803s] -- Up-to-date: /home/tau/colcon_ws/install/hwpub/local/lib/python3.10/dist-packages/hwpub/srv/_customserv.py
[0.803s] -- Up-to-date: /home/tau/colcon_ws/install/hwpub/local/lib/python3.10/dist-packages/hwpub/_hwpub_s.ep.rosidl_typesupport_fastrtps_c.c
[0.803s] -- Up-to-date: /home/tau/colcon_ws/install/hwpub/local/lib/python3.10/dist-packages/hwpub/_hwpub_s.ep.rosidl_typesupport_introspection_c.c
[0.830s] Listing '/home/tau/colcon_ws/install/hwpub/local/lib/python3.10/dist-packages/hwpub'...
[0.830s] Listing '/home/tau/colcon_ws/install/hwpub/local/lib/python3.10/dist-packages/hwpub/msg'...
[0.830s] Listing '/home/tau/colcon_ws/install/hwpub/local/lib/python3.10/dist-packages/hwpub/srv'...
[0.835s] -- Up-to-date: /home/tau/colcon_ws/install/hwpub/local/lib/python3.10/dist-packages/hwpub/hwpub_s__rosidl_typesupport_fastrtps_c.cpython-310-x86_64-linux-gnu.so
[0.835s] -- Up-to-date: /home/tau/colcon_ws/install/hwpub/local/lib/python3.10/dist-packages/hwpub/hwpub_s__rosidl_typesupport_introspection_c.cpython-310-x86_64-linux-gnu.so
[0.835s] -- Up-to-date: /home/tau/colcon_ws/install/hwpub/local/lib/python3.10/dist-packages/hwpub/hwpub_s__rosidl_typesupport_c.cpython-310-x86_64-linux-gnu.so
[0.836s] -- Up-to-date: /home/tau/colcon_ws/install/hwpub/lib/libhwpub__rosidl_generator_py.so
[0.836s] -- Up-to-date: /home/tau/colcon_ws/install/hwpub/share/hwpub/msg/Hwmsg.idl
[0.836s] -- Up-to-date: /home/tau/colcon_ws/install/hwpub/share/hwpub/srv/Customserv.idl
[0.836s] -- Up-to-date: /home/tau/colcon_ws/install/hwpub/share/hwpub/msg/Hwmsg.msg
[0.836s] -- Up-to-date: /home/tau/colcon_ws/install/hwpub/share/hwpub/srv/Customserv.srv
[0.836s] -- Up-to-date: /home/tau/colcon_ws/install/hwpub/share/hwpub/srv/Customserv_Request.msg
[0.836s] -- Up-to-date: /home/tau/colcon_ws/install/hwpub/share/hwpub/srv/Customserv_Response.msg
[0.836s] -- Up-to-date: /home/tau/colcon_ws/install/hwpub/lib/hwpub/py_move_trajectory.py
[0.836s] -- Up-to-date: /home/tau/colcon_ws/install/hwpub/share/ament_index/resource_index/package_run_dependencies/hwpub
[0.836s] -- Up-to-date: /home/tau/colcon_ws/install/hwpub/share/ament_index/resource_index/parent_prefix_path/hwpub
[0.836s] -- Up-to-date: /home/tau/colcon_ws/install/hwpub/share/hwpub/environment/ament_prefix_path.sh
[0.836s] -- Up-to-date: /home/tau/colcon_ws/install/hwpub/share/hwpub/environment/ament_prefix_path.dsv
[0.836s] -- Up-to-date: /home/tau/colcon_ws/install/hwpub/share/hwpub/environment/path.sh
[0.837s] -- Up-to-date: /home/tau/colcon_ws/install/hwpub/share/hwpub/environment/path.dsv
[0.837s] -- Up-to-date: /home/tau/colcon_ws/install/hwpub/share/hwpub/local_setup.bash
[0.837s] -- Up-to-date: /home/tau/colcon_ws/install/hwpub/share/hwpub/local_setup.sh
[0.837s] -- Up-to-date: /home/tau/colcon_ws/install/hwpub/share/hwpub/local_setup.zsh
[0.837s] -- Up-to-date: /home/tau/colcon_ws/install/hwpub/share/hwpub/local_setup.dsv
[0.837s] -- Installing: /home/tau/colcon_ws/install/hwpub/share/hwpub/package.dsv
[0.837s] -- Up-to-date: /home/tau/colcon_ws/install/hwpub/share/ament_index/resource_index/packages/hwpub
[0.837s] -- Up-to-date: /home/tau/colcon_ws/install/hwpub/share/hwpub/cmake/export_hwpub__rosidl_generator_cExport.cmake
[0.838s] -- Up-to-date: /home/tau/colcon_ws/install/hwpub/share/hwpub/cmake/export_hwpub__rosidl_generator_cExport-noconfig.cmake
[0.838s] -- Up-to-date: /home/tau/colcon_ws/install/hwpub/share/hwpub/cmake/export_hwpub__rosidl_typesupport_fastrtps_cExport.cmake
[0.838s] -- Up-to-date: /home/tau/colcon_ws/install/hwpub/share/hwpub/cmake/export_hwpub__rosidl_typesupport_fastrtps_cExport-noconfig.cmake
[0.838s] -- Up-to-date: /home/tau/colcon_ws/install/hwpub/share/hwpub/cmake/export_hwpub__rosidl_generator_cppExport.cmake
[0.838s] -- Up-to-date: /home/tau/colcon_ws/install/hwpub/share/hwpub/cmake/export_hwpub__rosidl_typesupport_fastrtps_cppExport.cmake
[0.838s] -- Up-to-date: /home/tau/colcon_ws/install/hwpub/share/hwpub/cmake/export_hwpub__rosidl_typesupport_fastrtps_cppExport-noconfig.cmake
[0.838s] -- Up-to-date: /home/tau/colcon_ws/install/hwpub/share/hwpub/cmake/hwpub__rosidl_typesupport_introspection_cExport.cmake
[0.838s] -- Up-to-date: /home/tau/colcon_ws/install/hwpub/share/hwpub/cmake/hwpub__rosidl_typesupport_introspection_cExport-noconfig.cmake
[0.838s] -- Up-to-date: /home/tau/colcon_ws/install/hwpub/share/hwpub/cmake/hwpub__rosidl_typesupport_cExport.cmake
[0.838s] -- Up-to-date: /home/tau/colcon_ws/install/hwpub/share/hwpub/cmake/hwpub__rosidl_typesupport_cExport-noconfig.cmake
[0.838s] -- Up-to-date: /home/tau/colcon_ws/install/hwpub/share/hwpub/cmake/hwpub__rosidl_typesupport_introspection_cppExport.cmake
[0.838s] -- Up-to-date: /home/tau/colcon_ws/install/hwpub/share/hwpub/cmake/hwpub__rosidl_typesupport_introspection_cppExport-noconfig.cmake
[0.839s] -- Up-to-date: /home/tau/colcon_ws/install/hwpub/share/hwpub/cmake/hwpub__rosidl_typesupport_cppExport.cmake
[0.839s] -- Up-to-date: /home/tau/colcon_ws/install/hwpub/share/hwpub/cmake/hwpub__rosidl_typesupport_cppExport-noconfig.cmake
[0.839s] -- Up-to-date: /home/tau/colcon_ws/install/hwpub/share/hwpub/cmake/export_hwpub__rosidl_generator_pyExport.cmake
[0.839s] -- Up-to-date: /home/tau/colcon_ws/install/hwpub/share/hwpub/cmake/export_hwpub__rosidl_generator_pyExport-noconfig.cmake
[0.839s] -- Up-to-date: /home/tau/colcon_ws/install/hwpub/share/hwpub/cmake/rosidl_cmake-extras.cmake
[0.839s] -- Up-to-date: /home/tau/colcon_ws/install/hwpub/share/hwpub/cmake/ament_cmake_export_dependencies-extras.cmake
[0.839s] -- Up-to-date: /home/tau/colcon_ws/install/hwpub/share/hwpub/cmake/ament_cmake_export_include_directories-extras.cmake
[0.839s] -- Up-to-date: /home/tau/colcon_ws/install/hwpub/share/hwpub/cmake/ament_cmake_export_libraries-extras.cmake
[0.839s] -- Up-to-date: /home/tau/colcon_ws/install/hwpub/share/hwpub/cmake/ament_cmake_export_targets-extras.cmake
[0.839s] -- Up-to-date: /home/tau/colcon_ws/install/hwpub/share/hwpub/cmake/rosidl_cmake_export_typesupport_targets-extras.cmake
[0.839s] -- Up-to-date: /home/tau/colcon_ws/install/hwpub/share/hwpub/cmake/rosidl_cmake_export_typesupport_libraries-extras.cmake
[0.839s] -- Up-to-date: /home/tau/colcon_ws/install/hwpub/share/hwpub/cmake/hwpubConfig.cmake
[0.839s] -- Up-to-date: /home/tau/colcon_ws/install/hwpub/share/hwpub/cmake/hwpubConfig-version.cmake
[0.839s] -- Up-to-date: /home/tau/colcon_ws/install/hwpub/share/hwpub/package.xml
[0.842s] Invoked command in '/home/tau/colcon_ws/build/hwpub' returned '0': CMAKE_PREFIX_PATH=${CMAKE_PREFIX_PATH}:/home/tau/colcon_ws/install/dis_tutorial2:/opt/ros/humble /usr/bin/cmake --install /home/tau/colcon_ws/build/hwpub
