[0.037s] Invoking command in '/home/ilija/ros2_ws/src/RINS/build/dis_tutorial1': CMAKE_PREFIX_PATH=${CMAKE_PREFIX_PATH}:/home/ilija/ros2_ws/src/RINS/install/dis_tutorial2:/opt/ros/humble /usr/bin/cmake --build /home/ilija/ros2_ws/src/RINS/build/dis_tutorial1 -- -j2 -l2
[0.167s] [  1%] Built target dis_tutorial1__cpp
[0.197s] [ 10%] Built target dis_tutorial1__rosidl_generator_c
[0.290s] [ 10%] Built target ament_cmake_python_symlink_dis_tutorial1
[0.296s] [ 13%] Built target simple_publisher
[0.376s] [ 16%] Built target simple_set_bool_server_node
[0.396s] [ 19%] Built target simple_subscriber
[0.447s] [ 28%] Built target dis_tutorial1__rosidl_typesupport_cpp
[0.479s] [ 37%] Built target dis_tutorial1__rosidl_typesupport_fastrtps_c
[0.533s] [ 46%] Built target dis_tutorial1__rosidl_typesupport_introspection_c
[0.552s] [ 55%] Built target dis_tutorial1__rosidl_typesupport_fastrtps_cpp
[0.598s] [ 64%] Built target dis_tutorial1__rosidl_typesupport_c
[0.624s] [ 73%] Built target dis_tutorial1__rosidl_typesupport_introspection_cpp
[0.752s] [ 76%] Built target simple_client_node
[0.873s] [ 79%] Built target simple_server_node
[0.934s] [ 82%] Built target complete_node
[0.986s] [ 82%] Built target dis_tutorial1
[1.036s] [ 83%] Built target dis_tutorial1__py
[1.091s] [ 91%] Built target dis_tutorial1__rosidl_generator_py
[1.145s] [ 94%] Built target dis_tutorial1__rosidl_typesupport_fastrtps_c__pyext
[1.221s] [ 97%] Built target dis_tutorial1__rosidl_typesupport_introspection_c__pyext
[1.306s] running egg_info
[1.313s] writing dis_tutorial1.egg-info/PKG-INFO
[1.314s] writing dependency_links to dis_tutorial1.egg-info/dependency_links.txt
[1.314s] writing top-level names to dis_tutorial1.egg-info/top_level.txt
[1.329s] reading manifest file 'dis_tutorial1.egg-info/SOURCES.txt'
[1.329s] writing manifest file 'dis_tutorial1.egg-info/SOURCES.txt'
[1.334s] [100%] Built target dis_tutorial1__rosidl_typesupport_c__pyext
[1.400s] [100%] Built target ament_cmake_python_build_dis_tutorial1_egg
[1.427s] Invoked command in '/home/ilija/ros2_ws/src/RINS/build/dis_tutorial1' returned '0': CMAKE_PREFIX_PATH=${CMAKE_PREFIX_PATH}:/home/ilija/ros2_ws/src/RINS/install/dis_tutorial2:/opt/ros/humble /usr/bin/cmake --build /home/ilija/ros2_ws/src/RINS/build/dis_tutorial1 -- -j2 -l2
[1.448s] Invoking command in '/home/ilija/ros2_ws/src/RINS/build/dis_tutorial1': CMAKE_PREFIX_PATH=${CMAKE_PREFIX_PATH}:/home/ilija/ros2_ws/src/RINS/install/dis_tutorial2:/opt/ros/humble /usr/bin/cmake --install /home/ilija/ros2_ws/src/RINS/build/dis_tutorial1
[1.468s] -- Install configuration: ""
[1.469s] -- Execute custom install script
[1.471s] -- Up-to-date symlink: /home/ilija/ros2_ws/src/RINS/install/dis_tutorial1/share/ament_index/resource_index/rosidl_interfaces/dis_tutorial1
[1.473s] -- Up-to-date symlink: /home/ilija/ros2_ws/src/RINS/install/dis_tutorial1/include/dis_tutorial1/dis_tutorial1/msg/custom_message.h
[1.474s] -- Up-to-date symlink: /home/ilija/ros2_ws/src/RINS/install/dis_tutorial1/include/dis_tutorial1/dis_tutorial1/msg/custom_message2.h
[1.475s] -- Up-to-date symlink: /home/ilija/ros2_ws/src/RINS/install/dis_tutorial1/include/dis_tutorial1/dis_tutorial1/msg/detail/custom_message2__functions.h
[1.476s] -- Up-to-date symlink: /home/ilija/ros2_ws/src/RINS/install/dis_tutorial1/include/dis_tutorial1/dis_tutorial1/msg/detail/custom_message2__struct.h
[1.476s] -- Up-to-date symlink: /home/ilija/ros2_ws/src/RINS/install/dis_tutorial1/include/dis_tutorial1/dis_tutorial1/msg/detail/custom_message2__type_support.h
[1.477s] -- Up-to-date symlink: /home/ilija/ros2_ws/src/RINS/install/dis_tutorial1/include/dis_tutorial1/dis_tutorial1/msg/detail/custom_message__functions.h
[1.477s] -- Up-to-date symlink: /home/ilija/ros2_ws/src/RINS/install/dis_tutorial1/include/dis_tutorial1/dis_tutorial1/msg/detail/custom_message__struct.h
[1.478s] -- Up-to-date symlink: /home/ilija/ros2_ws/src/RINS/install/dis_tutorial1/include/dis_tutorial1/dis_tutorial1/msg/detail/custom_message__type_support.h
[1.479s] -- Up-to-date symlink: /home/ilija/ros2_ws/src/RINS/install/dis_tutorial1/include/dis_tutorial1/dis_tutorial1/msg/rosidl_generator_c__visibility_control.h
[1.480s] -- Up-to-date symlink: /home/ilija/ros2_ws/src/RINS/install/dis_tutorial1/include/dis_tutorial1/dis_tutorial1/srv/add_two_ints.h
[1.480s] -- Up-to-date symlink: /home/ilija/ros2_ws/src/RINS/install/dis_tutorial1/include/dis_tutorial1/dis_tutorial1/srv/detail/add_two_ints__functions.h
[1.481s] -- Up-to-date symlink: /home/ilija/ros2_ws/src/RINS/install/dis_tutorial1/include/dis_tutorial1/dis_tutorial1/srv/detail/add_two_ints__struct.h
[1.481s] -- Up-to-date symlink: /home/ilija/ros2_ws/src/RINS/install/dis_tutorial1/include/dis_tutorial1/dis_tutorial1/srv/detail/add_two_ints__type_support.h
[1.482s] -- Up-to-date symlink: /home/ilija/ros2_ws/src/RINS/install/dis_tutorial1/include/dis_tutorial1/dis_tutorial1/srv/detail/sum_service__functions.h
[1.483s] -- Up-to-date symlink: /home/ilija/ros2_ws/src/RINS/install/dis_tutorial1/include/dis_tutorial1/dis_tutorial1/srv/detail/sum_service__struct.h
[1.483s] -- Up-to-date symlink: /home/ilija/ros2_ws/src/RINS/install/dis_tutorial1/include/dis_tutorial1/dis_tutorial1/srv/detail/sum_service__type_support.h
[1.483s] -- Up-to-date symlink: /home/ilija/ros2_ws/src/RINS/install/dis_tutorial1/include/dis_tutorial1/dis_tutorial1/srv/sum_service.h
[1.484s] -- Up-to-date symlink: /home/ilija/ros2_ws/src/RINS/install/dis_tutorial1/share/dis_tutorial1/environment/library_path.sh
[1.485s] -- Up-to-date symlink: /home/ilija/ros2_ws/src/RINS/install/dis_tutorial1/share/dis_tutorial1/environment/library_path.dsv
[1.487s] -- Up-to-date symlink: /home/ilija/ros2_ws/src/RINS/install/dis_tutorial1/include/dis_tutorial1/dis_tutorial1/msg/detail/custom_message2__rosidl_typesupport_fastrtps_c.h
[1.488s] -- Up-to-date symlink: /home/ilija/ros2_ws/src/RINS/install/dis_tutorial1/include/dis_tutorial1/dis_tutorial1/msg/detail/custom_message__rosidl_typesupport_fastrtps_c.h
[1.488s] -- Up-to-date symlink: /home/ilija/ros2_ws/src/RINS/install/dis_tutorial1/include/dis_tutorial1/dis_tutorial1/msg/rosidl_typesupport_fastrtps_c__visibility_control.h
[1.488s] -- Up-to-date symlink: /home/ilija/ros2_ws/src/RINS/install/dis_tutorial1/include/dis_tutorial1/dis_tutorial1/srv/detail/add_two_ints__rosidl_typesupport_fastrtps_c.h
[1.490s] -- Up-to-date symlink: /home/ilija/ros2_ws/src/RINS/install/dis_tutorial1/include/dis_tutorial1/dis_tutorial1/srv/detail/sum_service__rosidl_typesupport_fastrtps_c.h
[1.490s] -- Up-to-date symlink: /home/ilija/ros2_ws/src/RINS/install/dis_tutorial1/include/dis_tutorial1/dis_tutorial1/msg/custom_message.hpp
[1.491s] -- Up-to-date symlink: /home/ilija/ros2_ws/src/RINS/install/dis_tutorial1/include/dis_tutorial1/dis_tutorial1/msg/custom_message2.hpp
[1.492s] -- Up-to-date symlink: /home/ilija/ros2_ws/src/RINS/install/dis_tutorial1/include/dis_tutorial1/dis_tutorial1/msg/detail/custom_message2__builder.hpp
[1.492s] -- Up-to-date symlink: /home/ilija/ros2_ws/src/RINS/install/dis_tutorial1/include/dis_tutorial1/dis_tutorial1/msg/detail/custom_message2__struct.hpp
[1.493s] -- Up-to-date symlink: /home/ilija/ros2_ws/src/RINS/install/dis_tutorial1/include/dis_tutorial1/dis_tutorial1/msg/detail/custom_message2__traits.hpp
[1.495s] -- Up-to-date symlink: /home/ilija/ros2_ws/src/RINS/install/dis_tutorial1/include/dis_tutorial1/dis_tutorial1/msg/detail/custom_message2__type_support.hpp
[1.496s] -- Up-to-date symlink: /home/ilija/ros2_ws/src/RINS/install/dis_tutorial1/include/dis_tutorial1/dis_tutorial1/msg/detail/custom_message__builder.hpp
[1.496s] -- Up-to-date symlink: /home/ilija/ros2_ws/src/RINS/install/dis_tutorial1/include/dis_tutorial1/dis_tutorial1/msg/detail/custom_message__struct.hpp
[1.497s] -- Up-to-date symlink: /home/ilija/ros2_ws/src/RINS/install/dis_tutorial1/include/dis_tutorial1/dis_tutorial1/msg/detail/custom_message__traits.hpp
[1.497s] -- Up-to-date symlink: /home/ilija/ros2_ws/src/RINS/install/dis_tutorial1/include/dis_tutorial1/dis_tutorial1/msg/detail/custom_message__type_support.hpp
[1.497s] -- Up-to-date symlink: /home/ilija/ros2_ws/src/RINS/install/dis_tutorial1/include/dis_tutorial1/dis_tutorial1/msg/rosidl_generator_cpp__visibility_control.hpp
[1.498s] -- Up-to-date symlink: /home/ilija/ros2_ws/src/RINS/install/dis_tutorial1/include/dis_tutorial1/dis_tutorial1/srv/add_two_ints.hpp
[1.498s] -- Up-to-date symlink: /home/ilija/ros2_ws/src/RINS/install/dis_tutorial1/include/dis_tutorial1/dis_tutorial1/srv/detail/add_two_ints__builder.hpp
[1.498s] -- Up-to-date symlink: /home/ilija/ros2_ws/src/RINS/install/dis_tutorial1/include/dis_tutorial1/dis_tutorial1/srv/detail/add_two_ints__struct.hpp
[1.499s] -- Up-to-date symlink: /home/ilija/ros2_ws/src/RINS/install/dis_tutorial1/include/dis_tutorial1/dis_tutorial1/srv/detail/add_two_ints__traits.hpp
[1.500s] -- Up-to-date symlink: /home/ilija/ros2_ws/src/RINS/install/dis_tutorial1/include/dis_tutorial1/dis_tutorial1/srv/detail/add_two_ints__type_support.hpp
[1.500s] -- Up-to-date symlink: /home/ilija/ros2_ws/src/RINS/install/dis_tutorial1/include/dis_tutorial1/dis_tutorial1/srv/detail/sum_service__builder.hpp
[1.501s] -- Up-to-date symlink: /home/ilija/ros2_ws/src/RINS/install/dis_tutorial1/include/dis_tutorial1/dis_tutorial1/srv/detail/sum_service__struct.hpp
[1.502s] -- Up-to-date symlink: /home/ilija/ros2_ws/src/RINS/install/dis_tutorial1/include/dis_tutorial1/dis_tutorial1/srv/detail/sum_service__traits.hpp
[1.503s] -- Up-to-date symlink: /home/ilija/ros2_ws/src/RINS/install/dis_tutorial1/include/dis_tutorial1/dis_tutorial1/srv/detail/sum_service__type_support.hpp
[1.504s] -- Up-to-date symlink: /home/ilija/ros2_ws/src/RINS/install/dis_tutorial1/include/dis_tutorial1/dis_tutorial1/srv/sum_service.hpp
[1.505s] -- Up-to-date symlink: /home/ilija/ros2_ws/src/RINS/install/dis_tutorial1/include/dis_tutorial1/dis_tutorial1/msg/detail/custom_message2__rosidl_typesupport_fastrtps_cpp.hpp
[1.505s] -- Up-to-date symlink: /home/ilija/ros2_ws/src/RINS/install/dis_tutorial1/include/dis_tutorial1/dis_tutorial1/msg/detail/custom_message__rosidl_typesupport_fastrtps_cpp.hpp
[1.507s] -- Up-to-date symlink: /home/ilija/ros2_ws/src/RINS/install/dis_tutorial1/include/dis_tutorial1/dis_tutorial1/msg/rosidl_typesupport_fastrtps_cpp__visibility_control.h
[1.507s] -- Up-to-date symlink: /home/ilija/ros2_ws/src/RINS/install/dis_tutorial1/include/dis_tutorial1/dis_tutorial1/srv/detail/add_two_ints__rosidl_typesupport_fastrtps_cpp.hpp
[1.509s] -- Up-to-date symlink: /home/ilija/ros2_ws/src/RINS/install/dis_tutorial1/include/dis_tutorial1/dis_tutorial1/srv/detail/sum_service__rosidl_typesupport_fastrtps_cpp.hpp
[1.509s] -- Up-to-date symlink: /home/ilija/ros2_ws/src/RINS/install/dis_tutorial1/include/dis_tutorial1/dis_tutorial1/msg/detail/custom_message2__rosidl_typesupport_introspection_c.h
[1.510s] -- Up-to-date symlink: /home/ilija/ros2_ws/src/RINS/install/dis_tutorial1/include/dis_tutorial1/dis_tutorial1/msg/detail/custom_message__rosidl_typesupport_introspection_c.h
[1.510s] -- Up-to-date symlink: /home/ilija/ros2_ws/src/RINS/install/dis_tutorial1/include/dis_tutorial1/dis_tutorial1/msg/rosidl_typesupport_introspection_c__visibility_control.h
[1.511s] -- Up-to-date symlink: /home/ilija/ros2_ws/src/RINS/install/dis_tutorial1/include/dis_tutorial1/dis_tutorial1/srv/detail/add_two_ints__rosidl_typesupport_introspection_c.h
[1.512s] -- Up-to-date symlink: /home/ilija/ros2_ws/src/RINS/install/dis_tutorial1/include/dis_tutorial1/dis_tutorial1/srv/detail/sum_service__rosidl_typesupport_introspection_c.h
[1.512s] -- Up-to-date symlink: /home/ilija/ros2_ws/src/RINS/install/dis_tutorial1/include/dis_tutorial1/dis_tutorial1/msg/detail/custom_message2__rosidl_typesupport_introspection_cpp.hpp
[1.513s] -- Up-to-date symlink: /home/ilija/ros2_ws/src/RINS/install/dis_tutorial1/include/dis_tutorial1/dis_tutorial1/msg/detail/custom_message__rosidl_typesupport_introspection_cpp.hpp
[1.514s] -- Up-to-date symlink: /home/ilija/ros2_ws/src/RINS/install/dis_tutorial1/include/dis_tutorial1/dis_tutorial1/srv/detail/add_two_ints__rosidl_typesupport_introspection_cpp.hpp
[1.514s] -- Up-to-date symlink: /home/ilija/ros2_ws/src/RINS/install/dis_tutorial1/include/dis_tutorial1/dis_tutorial1/srv/detail/sum_service__rosidl_typesupport_introspection_cpp.hpp
[1.515s] -- Up-to-date symlink: /home/ilija/ros2_ws/src/RINS/install/dis_tutorial1/share/dis_tutorial1/environment/pythonpath.sh
[1.516s] -- Up-to-date symlink: /home/ilija/ros2_ws/src/RINS/install/dis_tutorial1/share/dis_tutorial1/environment/pythonpath.dsv
[1.517s] -- Up-to-date symlink: /home/ilija/ros2_ws/src/RINS/install/dis_tutorial1/local/lib/python3.10/dist-packages/dis_tutorial1-0.0.1-py3.10.egg-info/PKG-INFO
[1.518s] -- Up-to-date symlink: /home/ilija/ros2_ws/src/RINS/install/dis_tutorial1/local/lib/python3.10/dist-packages/dis_tutorial1-0.0.1-py3.10.egg-info/SOURCES.txt
[1.519s] -- Up-to-date symlink: /home/ilija/ros2_ws/src/RINS/install/dis_tutorial1/local/lib/python3.10/dist-packages/dis_tutorial1-0.0.1-py3.10.egg-info/dependency_links.txt
[1.520s] -- Up-to-date symlink: /home/ilija/ros2_ws/src/RINS/install/dis_tutorial1/local/lib/python3.10/dist-packages/dis_tutorial1-0.0.1-py3.10.egg-info/top_level.txt
[1.520s] -- Up-to-date symlink: /home/ilija/ros2_ws/src/RINS/install/dis_tutorial1/local/lib/python3.10/dist-packages/dis_tutorial1/__init__.py
[1.521s] -- Up-to-date symlink: /home/ilija/ros2_ws/src/RINS/install/dis_tutorial1/local/lib/python3.10/dist-packages/dis_tutorial1/_dis_tutorial1_s.ep.rosidl_typesupport_c.c
[1.522s] -- Up-to-date symlink: /home/ilija/ros2_ws/src/RINS/install/dis_tutorial1/local/lib/python3.10/dist-packages/dis_tutorial1/_dis_tutorial1_s.ep.rosidl_typesupport_fastrtps_c.c
[1.522s] -- Up-to-date symlink: /home/ilija/ros2_ws/src/RINS/install/dis_tutorial1/local/lib/python3.10/dist-packages/dis_tutorial1/_dis_tutorial1_s.ep.rosidl_typesupport_introspection_c.c
[1.522s] -- Up-to-date symlink: /home/ilija/ros2_ws/src/RINS/install/dis_tutorial1/local/lib/python3.10/dist-packages/dis_tutorial1/dis_tutorial1_s__rosidl_typesupport_c.cpython-310-x86_64-linux-gnu.so
[1.523s] -- Up-to-date symlink: /home/ilija/ros2_ws/src/RINS/install/dis_tutorial1/local/lib/python3.10/dist-packages/dis_tutorial1/dis_tutorial1_s__rosidl_typesupport_fastrtps_c.cpython-310-x86_64-linux-gnu.so
[1.523s] -- Up-to-date symlink: /home/ilija/ros2_ws/src/RINS/install/dis_tutorial1/local/lib/python3.10/dist-packages/dis_tutorial1/dis_tutorial1_s__rosidl_typesupport_introspection_c.cpython-310-x86_64-linux-gnu.so
[1.524s] -- Up-to-date symlink: /home/ilija/ros2_ws/src/RINS/install/dis_tutorial1/local/lib/python3.10/dist-packages/dis_tutorial1/libdis_tutorial1__rosidl_generator_py.so
[1.527s] -- Up-to-date symlink: /home/ilija/ros2_ws/src/RINS/install/dis_tutorial1/local/lib/python3.10/dist-packages/dis_tutorial1/msg/__init__.py
[1.528s] -- Up-to-date symlink: /home/ilija/ros2_ws/src/RINS/install/dis_tutorial1/local/lib/python3.10/dist-packages/dis_tutorial1/msg/_custom_message.py
[1.528s] -- Up-to-date symlink: /home/ilija/ros2_ws/src/RINS/install/dis_tutorial1/local/lib/python3.10/dist-packages/dis_tutorial1/msg/_custom_message2.py
[1.529s] -- Up-to-date symlink: /home/ilija/ros2_ws/src/RINS/install/dis_tutorial1/local/lib/python3.10/dist-packages/dis_tutorial1/msg/_custom_message2_s.c
[1.529s] -- Up-to-date symlink: /home/ilija/ros2_ws/src/RINS/install/dis_tutorial1/local/lib/python3.10/dist-packages/dis_tutorial1/msg/_custom_message_s.c
[1.530s] -- Up-to-date symlink: /home/ilija/ros2_ws/src/RINS/install/dis_tutorial1/local/lib/python3.10/dist-packages/dis_tutorial1/srv/__init__.py
[1.537s] -- Up-to-date symlink: /home/ilija/ros2_ws/src/RINS/install/dis_tutorial1/local/lib/python3.10/dist-packages/dis_tutorial1/srv/_add_two_ints.py
[1.537s] -- Up-to-date symlink: /home/ilija/ros2_ws/src/RINS/install/dis_tutorial1/local/lib/python3.10/dist-packages/dis_tutorial1/srv/_add_two_ints_s.c
[1.538s] -- Up-to-date symlink: /home/ilija/ros2_ws/src/RINS/install/dis_tutorial1/local/lib/python3.10/dist-packages/dis_tutorial1/srv/_sum_service.py
[1.538s] -- Up-to-date symlink: /home/ilija/ros2_ws/src/RINS/install/dis_tutorial1/local/lib/python3.10/dist-packages/dis_tutorial1/srv/_sum_service_s.c
[1.538s] -- Up-to-date symlink: /home/ilija/ros2_ws/src/RINS/install/dis_tutorial1/local/lib/python3.10/dist-packages/dis_tutorial1/dis_tutorial1_s__rosidl_typesupport_fastrtps_c.cpython-310-x86_64-linux-gnu.so
[1.538s] -- Up-to-date symlink: /home/ilija/ros2_ws/src/RINS/install/dis_tutorial1/local/lib/python3.10/dist-packages/dis_tutorial1/dis_tutorial1_s__rosidl_typesupport_introspection_c.cpython-310-x86_64-linux-gnu.so
[1.538s] -- Up-to-date symlink: /home/ilija/ros2_ws/src/RINS/install/dis_tutorial1/local/lib/python3.10/dist-packages/dis_tutorial1/dis_tutorial1_s__rosidl_typesupport_c.cpython-310-x86_64-linux-gnu.so
[1.538s] -- Up-to-date symlink: /home/ilija/ros2_ws/src/RINS/install/dis_tutorial1/share/dis_tutorial1/msg/CustomMessage.idl
[1.538s] -- Up-to-date symlink: /home/ilija/ros2_ws/src/RINS/install/dis_tutorial1/share/dis_tutorial1/srv/AddTwoInts.idl
[1.540s] -- Up-to-date symlink: /home/ilija/ros2_ws/src/RINS/install/dis_tutorial1/share/dis_tutorial1/msg/CustomMessage2.idl
[1.543s] -- Up-to-date symlink: /home/ilija/ros2_ws/src/RINS/install/dis_tutorial1/share/dis_tutorial1/srv/SumService.idl
[1.543s] -- Up-to-date symlink: /home/ilija/ros2_ws/src/RINS/install/dis_tutorial1/share/dis_tutorial1/msg/CustomMessage.msg
[1.543s] -- Up-to-date symlink: /home/ilija/ros2_ws/src/RINS/install/dis_tutorial1/share/dis_tutorial1/srv/AddTwoInts.srv
[1.544s] -- Up-to-date symlink: /home/ilija/ros2_ws/src/RINS/install/dis_tutorial1/share/dis_tutorial1/srv/AddTwoInts_Request.msg
[1.544s] -- Up-to-date symlink: /home/ilija/ros2_ws/src/RINS/install/dis_tutorial1/share/dis_tutorial1/srv/AddTwoInts_Response.msg
[1.544s] -- Up-to-date symlink: /home/ilija/ros2_ws/src/RINS/install/dis_tutorial1/share/dis_tutorial1/msg/CustomMessage2.msg
[1.544s] -- Up-to-date symlink: /home/ilija/ros2_ws/src/RINS/install/dis_tutorial1/share/dis_tutorial1/srv/SumService.srv
[1.544s] -- Up-to-date symlink: /home/ilija/ros2_ws/src/RINS/install/dis_tutorial1/share/dis_tutorial1/srv/SumService_Request.msg
[1.548s] -- Up-to-date symlink: /home/ilija/ros2_ws/src/RINS/install/dis_tutorial1/share/dis_tutorial1/srv/SumService_Response.msg
[1.551s] -- Up-to-date symlink: /home/ilija/ros2_ws/src/RINS/install/dis_tutorial1/lib/dis_tutorial1/simple_publisher
[1.551s] -- Up-to-date symlink: /home/ilija/ros2_ws/src/RINS/install/dis_tutorial1/lib/dis_tutorial1/simple_subscriber
[1.551s] -- Up-to-date symlink: /home/ilija/ros2_ws/src/RINS/install/dis_tutorial1/lib/dis_tutorial1/simple_client_node
[1.551s] -- Up-to-date symlink: /home/ilija/ros2_ws/src/RINS/install/dis_tutorial1/lib/dis_tutorial1/simple_server_node
[1.551s] -- Up-to-date symlink: /home/ilija/ros2_ws/src/RINS/install/dis_tutorial1/lib/dis_tutorial1/complete_node
[1.551s] -- Up-to-date symlink: /home/ilija/ros2_ws/src/RINS/install/dis_tutorial1/lib/dis_tutorial1/simple_set_bool_server_node
[1.551s] -- Up-to-date symlink: /home/ilija/ros2_ws/src/RINS/install/dis_tutorial1/lib/dis_tutorial1/py_simple_publisher.py
[1.553s] -- Up-to-date symlink: /home/ilija/ros2_ws/src/RINS/install/dis_tutorial1/lib/dis_tutorial1/py_simple_subscriber.py
[1.553s] -- Up-to-date symlink: /home/ilija/ros2_ws/src/RINS/install/dis_tutorial1/lib/dis_tutorial1/py_simple_server_node.py
[1.554s] -- Up-to-date symlink: /home/ilija/ros2_ws/src/RINS/install/dis_tutorial1/lib/dis_tutorial1/py_simple_client_node.py
[1.554s] -- Up-to-date symlink: /home/ilija/ros2_ws/src/RINS/install/dis_tutorial1/lib/dis_tutorial1/py_complete_node.py
[1.555s] -- Up-to-date symlink: /home/ilija/ros2_ws/src/RINS/install/dis_tutorial1/lib/dis_tutorial1/py_draw_square.py
[1.556s] -- Up-to-date symlink: /home/ilija/ros2_ws/src/RINS/install/dis_tutorial1/lib/dis_tutorial1/publisher_node.py
[1.556s] -- Up-to-date symlink: /home/ilija/ros2_ws/src/RINS/install/dis_tutorial1/lib/dis_tutorial1/subscriber_node.py
[1.557s] -- Up-to-date symlink: /home/ilija/ros2_ws/src/RINS/install/dis_tutorial1/lib/dis_tutorial1/service_node.py
[1.558s] -- Up-to-date symlink: /home/ilija/ros2_ws/src/RINS/install/dis_tutorial1/lib/dis_tutorial1/client_node.py
[1.558s] -- Up-to-date symlink: /home/ilija/ros2_ws/src/RINS/install/dis_tutorial1/share/ament_index/resource_index/package_run_dependencies/dis_tutorial1
[1.559s] -- Up-to-date symlink: /home/ilija/ros2_ws/src/RINS/install/dis_tutorial1/share/ament_index/resource_index/parent_prefix_path/dis_tutorial1
[1.560s] -- Up-to-date symlink: /home/ilija/ros2_ws/src/RINS/install/dis_tutorial1/share/dis_tutorial1/environment/ament_prefix_path.sh
[1.560s] -- Up-to-date symlink: /home/ilija/ros2_ws/src/RINS/install/dis_tutorial1/share/dis_tutorial1/environment/ament_prefix_path.dsv
[1.560s] -- Up-to-date symlink: /home/ilija/ros2_ws/src/RINS/install/dis_tutorial1/share/dis_tutorial1/environment/path.sh
[1.561s] -- Up-to-date symlink: /home/ilija/ros2_ws/src/RINS/install/dis_tutorial1/share/dis_tutorial1/environment/path.dsv
[1.561s] -- Up-to-date symlink: /home/ilija/ros2_ws/src/RINS/install/dis_tutorial1/share/dis_tutorial1/local_setup.bash
[1.562s] -- Up-to-date symlink: /home/ilija/ros2_ws/src/RINS/install/dis_tutorial1/share/dis_tutorial1/local_setup.sh
[1.562s] -- Up-to-date symlink: /home/ilija/ros2_ws/src/RINS/install/dis_tutorial1/share/dis_tutorial1/local_setup.zsh
[1.563s] -- Up-to-date symlink: /home/ilija/ros2_ws/src/RINS/install/dis_tutorial1/share/dis_tutorial1/local_setup.dsv
[1.563s] -- Symlinking: /home/ilija/ros2_ws/src/RINS/install/dis_tutorial1/share/dis_tutorial1/package.dsv
[1.584s] -- Up-to-date symlink: /home/ilija/ros2_ws/src/RINS/install/dis_tutorial1/share/ament_index/resource_index/packages/dis_tutorial1
[1.585s] -- Up-to-date symlink: /home/ilija/ros2_ws/src/RINS/install/dis_tutorial1/share/dis_tutorial1/cmake/rosidl_cmake-extras.cmake
[1.585s] -- Up-to-date symlink: /home/ilija/ros2_ws/src/RINS/install/dis_tutorial1/share/dis_tutorial1/cmake/ament_cmake_export_dependencies-extras.cmake
[1.586s] -- Up-to-date symlink: /home/ilija/ros2_ws/src/RINS/install/dis_tutorial1/share/dis_tutorial1/cmake/ament_cmake_export_include_directories-extras.cmake
[1.587s] -- Up-to-date symlink: /home/ilija/ros2_ws/src/RINS/install/dis_tutorial1/share/dis_tutorial1/cmake/ament_cmake_export_libraries-extras.cmake
[1.588s] -- Up-to-date symlink: /home/ilija/ros2_ws/src/RINS/install/dis_tutorial1/share/dis_tutorial1/cmake/ament_cmake_export_targets-extras.cmake
[1.589s] -- Up-to-date symlink: /home/ilija/ros2_ws/src/RINS/install/dis_tutorial1/share/dis_tutorial1/cmake/rosidl_cmake_export_typesupport_targets-extras.cmake
[1.590s] -- Up-to-date symlink: /home/ilija/ros2_ws/src/RINS/install/dis_tutorial1/share/dis_tutorial1/cmake/rosidl_cmake_export_typesupport_libraries-extras.cmake
[1.590s] -- Up-to-date symlink: /home/ilija/ros2_ws/src/RINS/install/dis_tutorial1/share/dis_tutorial1/cmake/dis_tutorial1Config.cmake
[1.591s] -- Up-to-date symlink: /home/ilija/ros2_ws/src/RINS/install/dis_tutorial1/share/dis_tutorial1/cmake/dis_tutorial1Config-version.cmake
[1.592s] -- Up-to-date symlink: /home/ilija/ros2_ws/src/RINS/install/dis_tutorial1/share/dis_tutorial1/package.xml
[1.592s] -- Up-to-date: /home/ilija/ros2_ws/src/RINS/install/dis_tutorial1/lib/libdis_tutorial1__rosidl_generator_c.so
[1.594s] -- Up-to-date: /home/ilija/ros2_ws/src/RINS/install/dis_tutorial1/lib/libdis_tutorial1__rosidl_typesupport_fastrtps_c.so
[1.595s] -- Up-to-date: /home/ilija/ros2_ws/src/RINS/install/dis_tutorial1/lib/libdis_tutorial1__rosidl_typesupport_fastrtps_cpp.so
[1.596s] -- Up-to-date: /home/ilija/ros2_ws/src/RINS/install/dis_tutorial1/lib/libdis_tutorial1__rosidl_typesupport_introspection_c.so
[1.596s] -- Up-to-date: /home/ilija/ros2_ws/src/RINS/install/dis_tutorial1/lib/libdis_tutorial1__rosidl_typesupport_c.so
[1.597s] -- Up-to-date: /home/ilija/ros2_ws/src/RINS/install/dis_tutorial1/lib/libdis_tutorial1__rosidl_typesupport_introspection_cpp.so
[1.598s] -- Up-to-date: /home/ilija/ros2_ws/src/RINS/install/dis_tutorial1/lib/libdis_tutorial1__rosidl_typesupport_cpp.so
[1.666s] Listing '/home/ilija/ros2_ws/src/RINS/install/dis_tutorial1/local/lib/python3.10/dist-packages/dis_tutorial1'...
[1.666s] Listing '/home/ilija/ros2_ws/src/RINS/install/dis_tutorial1/local/lib/python3.10/dist-packages/dis_tutorial1/msg'...
[1.666s] Listing '/home/ilija/ros2_ws/src/RINS/install/dis_tutorial1/local/lib/python3.10/dist-packages/dis_tutorial1/srv'...
[1.676s] -- Up-to-date: /home/ilija/ros2_ws/src/RINS/install/dis_tutorial1/lib/libdis_tutorial1__rosidl_generator_py.so
[1.677s] -- Up-to-date: /home/ilija/ros2_ws/src/RINS/install/dis_tutorial1/share/dis_tutorial1/cmake/export_dis_tutorial1__rosidl_generator_cExport.cmake
[1.677s] -- Up-to-date: /home/ilija/ros2_ws/src/RINS/install/dis_tutorial1/share/dis_tutorial1/cmake/export_dis_tutorial1__rosidl_generator_cExport-noconfig.cmake
[1.678s] -- Up-to-date: /home/ilija/ros2_ws/src/RINS/install/dis_tutorial1/share/dis_tutorial1/cmake/export_dis_tutorial1__rosidl_typesupport_fastrtps_cExport.cmake
[1.678s] -- Up-to-date: /home/ilija/ros2_ws/src/RINS/install/dis_tutorial1/share/dis_tutorial1/cmake/export_dis_tutorial1__rosidl_typesupport_fastrtps_cExport-noconfig.cmake
[1.679s] -- Up-to-date: /home/ilija/ros2_ws/src/RINS/install/dis_tutorial1/share/dis_tutorial1/cmake/export_dis_tutorial1__rosidl_generator_cppExport.cmake
[1.679s] -- Up-to-date: /home/ilija/ros2_ws/src/RINS/install/dis_tutorial1/share/dis_tutorial1/cmake/export_dis_tutorial1__rosidl_typesupport_fastrtps_cppExport.cmake
[1.680s] -- Up-to-date: /home/ilija/ros2_ws/src/RINS/install/dis_tutorial1/share/dis_tutorial1/cmake/export_dis_tutorial1__rosidl_typesupport_fastrtps_cppExport-noconfig.cmake
[1.680s] -- Up-to-date: /home/ilija/ros2_ws/src/RINS/install/dis_tutorial1/share/dis_tutorial1/cmake/dis_tutorial1__rosidl_typesupport_introspection_cExport.cmake
[1.681s] -- Up-to-date: /home/ilija/ros2_ws/src/RINS/install/dis_tutorial1/share/dis_tutorial1/cmake/dis_tutorial1__rosidl_typesupport_introspection_cExport-noconfig.cmake
[1.681s] -- Up-to-date: /home/ilija/ros2_ws/src/RINS/install/dis_tutorial1/share/dis_tutorial1/cmake/dis_tutorial1__rosidl_typesupport_cExport.cmake
[1.681s] -- Up-to-date: /home/ilija/ros2_ws/src/RINS/install/dis_tutorial1/share/dis_tutorial1/cmake/dis_tutorial1__rosidl_typesupport_cExport-noconfig.cmake
[1.682s] -- Up-to-date: /home/ilija/ros2_ws/src/RINS/install/dis_tutorial1/share/dis_tutorial1/cmake/dis_tutorial1__rosidl_typesupport_introspection_cppExport.cmake
[1.683s] -- Up-to-date: /home/ilija/ros2_ws/src/RINS/install/dis_tutorial1/share/dis_tutorial1/cmake/dis_tutorial1__rosidl_typesupport_introspection_cppExport-noconfig.cmake
[1.684s] -- Up-to-date: /home/ilija/ros2_ws/src/RINS/install/dis_tutorial1/share/dis_tutorial1/cmake/dis_tutorial1__rosidl_typesupport_cppExport.cmake
[1.684s] -- Up-to-date: /home/ilija/ros2_ws/src/RINS/install/dis_tutorial1/share/dis_tutorial1/cmake/dis_tutorial1__rosidl_typesupport_cppExport-noconfig.cmake
[1.685s] -- Up-to-date: /home/ilija/ros2_ws/src/RINS/install/dis_tutorial1/share/dis_tutorial1/cmake/export_dis_tutorial1__rosidl_generator_pyExport.cmake
[1.685s] -- Up-to-date: /home/ilija/ros2_ws/src/RINS/install/dis_tutorial1/share/dis_tutorial1/cmake/export_dis_tutorial1__rosidl_generator_pyExport-noconfig.cmake
[1.693s] Invoked command in '/home/ilija/ros2_ws/src/RINS/build/dis_tutorial1' returned '0': CMAKE_PREFIX_PATH=${CMAKE_PREFIX_PATH}:/home/ilija/ros2_ws/src/RINS/install/dis_tutorial2:/opt/ros/humble /usr/bin/cmake --install /home/ilija/ros2_ws/src/RINS/build/dis_tutorial1
