[3.998s] Invoking command in '/home/osboxes/ros2_ws/src/dis_tutorial2': PYTHONPATH=/home/osboxes/ros2_ws/build/dis_tutorial2/prefix_override:/usr/lib/python3/dist-packages/colcon_core/task/python/colcon_distutils_commands:/home/osboxes/ros2_ws/install/dis_tutorial2/lib/python3.10/site-packages:${PYTHONPATH} /usr/bin/python3 -W ignore:setup.py install is deprecated -W ignore:easy_install command is deprecated setup.py egg_info --egg-base ../../build/dis_tutorial2 build --build-base /home/osboxes/ros2_ws/build/dis_tutorial2/build install --record /home/osboxes/ros2_ws/build/dis_tutorial2/install.log --single-version-externally-managed install_data
[5.857s] running egg_info
[5.860s] writing ../../build/dis_tutorial2/dis_tutorial2.egg-info/PKG-INFO
[5.860s] writing dependency_links to ../../build/dis_tutorial2/dis_tutorial2.egg-info/dependency_links.txt
[5.860s] writing entry points to ../../build/dis_tutorial2/dis_tutorial2.egg-info/entry_points.txt
[5.860s] writing requirements to ../../build/dis_tutorial2/dis_tutorial2.egg-info/requires.txt
[5.860s] writing top-level names to ../../build/dis_tutorial2/dis_tutorial2.egg-info/top_level.txt
[5.882s] reading manifest file '../../build/dis_tutorial2/dis_tutorial2.egg-info/SOURCES.txt'
[5.882s] writing manifest file '../../build/dis_tutorial2/dis_tutorial2.egg-info/SOURCES.txt'
[5.882s] running build
[5.883s] running build_py
[5.883s] running install
[5.883s] running install_lib
[5.884s] running install_data
[5.884s] running install_egg_info
[5.884s] removing '/home/osboxes/ros2_ws/install/dis_tutorial2/lib/python3.10/site-packages/dis_tutorial2-0.0.1-py3.10.egg-info' (and everything under it)
[5.884s] Copying ../../build/dis_tutorial2/dis_tutorial2.egg-info to /home/osboxes/ros2_ws/install/dis_tutorial2/lib/python3.10/site-packages/dis_tutorial2-0.0.1-py3.10.egg-info
[5.886s] running install_scripts
[5.953s] Installing achtung_die_turtle script to /home/osboxes/ros2_ws/install/dis_tutorial2/lib/dis_tutorial2
[5.953s] Installing go_to_position script to /home/osboxes/ros2_ws/install/dis_tutorial2/lib/dis_tutorial2
[5.953s] Installing intersection script to /home/osboxes/ros2_ws/install/dis_tutorial2/lib/dis_tutorial2
[5.954s] Installing random_velocity_publisher script to /home/osboxes/ros2_ws/install/dis_tutorial2/lib/dis_tutorial2
[5.954s] writing list of installed files to '/home/osboxes/ros2_ws/build/dis_tutorial2/install.log'
[6.105s] Invoked command in '/home/osboxes/ros2_ws/src/dis_tutorial2' returned '0': PYTHONPATH=/home/osboxes/ros2_ws/build/dis_tutorial2/prefix_override:/usr/lib/python3/dist-packages/colcon_core/task/python/colcon_distutils_commands:/home/osboxes/ros2_ws/install/dis_tutorial2/lib/python3.10/site-packages:${PYTHONPATH} /usr/bin/python3 -W ignore:setup.py install is deprecated -W ignore:easy_install command is deprecated setup.py egg_info --egg-base ../../build/dis_tutorial2 build --build-base /home/osboxes/ros2_ws/build/dis_tutorial2/build install --record /home/osboxes/ros2_ws/build/dis_tutorial2/install.log --single-version-externally-managed install_data
