[1.312s] Invoking command in '/home/osboxes/ros2_ws/build/dis_tutorial4': CMAKE_PREFIX_PATH=/opt/ros/humble /usr/bin/cmake --build /home/osboxes/ros2_ws/build/dis_tutorial4 -- -j4 -l4
[1.942s] Invoked command in '/home/osboxes/ros2_ws/build/dis_tutorial4' returned '0': CMAKE_PREFIX_PATH=/opt/ros/humble /usr/bin/cmake --build /home/osboxes/ros2_ws/build/dis_tutorial4 -- -j4 -l4
[1.956s] Invoking command in '/home/osboxes/ros2_ws/build/dis_tutorial4': CMAKE_PREFIX_PATH=/opt/ros/humble /usr/bin/cmake --install /home/osboxes/ros2_ws/build/dis_tutorial4
[2.018s] -- Install configuration: ""
[2.018s] -- Up-to-date: /home/osboxes/ros2_ws/install/dis_tutorial4/share/dis_tutorial4//launch
[2.018s] -- Up-to-date: /home/osboxes/ros2_ws/install/dis_tutorial4/share/dis_tutorial4//launch/create3_nodes.launch.py
[2.018s] -- Up-to-date: /home/osboxes/ros2_ws/install/dis_tutorial4/share/dis_tutorial4//launch/nav2.launch.py
[2.019s] -- Up-to-date: /home/osboxes/ros2_ws/install/dis_tutorial4/share/dis_tutorial4//launch/turtlebot4_spawn.launch.py
[2.019s] -- Up-to-date: /home/osboxes/ros2_ws/install/dis_tutorial4/share/dis_tutorial4//launch/turtlebot4_spawn_nav.launch.py
[2.019s] -- Up-to-date: /home/osboxes/ros2_ws/install/dis_tutorial4/share/dis_tutorial4//launch/ignition.launch.py
[2.025s] -- Up-to-date: /home/osboxes/ros2_ws/install/dis_tutorial4/share/dis_tutorial4//launch/localization.launch.py
[2.026s] -- Up-to-date: /home/osboxes/ros2_ws/install/dis_tutorial4/share/dis_tutorial4//launch/sim_turtlebot_slam.launch.py
[2.029s] -- Up-to-date: /home/osboxes/ros2_ws/install/dis_tutorial4/share/dis_tutorial4//launch/slam.launch.py
[2.029s] -- Up-to-date: /home/osboxes/ros2_ws/install/dis_tutorial4/share/dis_tutorial4//launch/sim_turtlebot_nav.launch.py
[2.029s] -- Up-to-date: /home/osboxes/ros2_ws/install/dis_tutorial4/share/dis_tutorial4//launch/dis_sim.launch.py
[2.030s] -- Up-to-date: /home/osboxes/ros2_ws/install/dis_tutorial4/lib/dis_tutorial4/map_goals.py
[2.041s] -- Up-to-date: /home/osboxes/ros2_ws/install/dis_tutorial4/lib/dis_tutorial4/transform_point.py
[2.045s] -- Up-to-date: /home/osboxes/ros2_ws/install/dis_tutorial4/share/ament_index/resource_index/package_run_dependencies/dis_tutorial4
[2.045s] -- Up-to-date: /home/osboxes/ros2_ws/install/dis_tutorial4/share/ament_index/resource_index/parent_prefix_path/dis_tutorial4
[2.045s] -- Up-to-date: /home/osboxes/ros2_ws/install/dis_tutorial4/share/dis_tutorial4/environment/ament_prefix_path.sh
[2.046s] -- Up-to-date: /home/osboxes/ros2_ws/install/dis_tutorial4/share/dis_tutorial4/environment/ament_prefix_path.dsv
[2.047s] -- Up-to-date: /home/osboxes/ros2_ws/install/dis_tutorial4/share/dis_tutorial4/environment/path.sh
[2.047s] -- Up-to-date: /home/osboxes/ros2_ws/install/dis_tutorial4/share/dis_tutorial4/environment/path.dsv
[2.047s] -- Up-to-date: /home/osboxes/ros2_ws/install/dis_tutorial4/share/dis_tutorial4/local_setup.bash
[2.047s] -- Up-to-date: /home/osboxes/ros2_ws/install/dis_tutorial4/share/dis_tutorial4/local_setup.sh
[2.049s] -- Up-to-date: /home/osboxes/ros2_ws/install/dis_tutorial4/share/dis_tutorial4/local_setup.zsh
[2.049s] -- Up-to-date: /home/osboxes/ros2_ws/install/dis_tutorial4/share/dis_tutorial4/local_setup.dsv
[2.049s] -- Up-to-date: /home/osboxes/ros2_ws/install/dis_tutorial4/share/dis_tutorial4/package.dsv
[2.049s] -- Up-to-date: /home/osboxes/ros2_ws/install/dis_tutorial4/share/ament_index/resource_index/packages/dis_tutorial4
[2.049s] -- Up-to-date: /home/osboxes/ros2_ws/install/dis_tutorial4/share/dis_tutorial4/cmake/dis_tutorial4Config.cmake
[2.050s] -- Up-to-date: /home/osboxes/ros2_ws/install/dis_tutorial4/share/dis_tutorial4/cmake/dis_tutorial4Config-version.cmake
[2.050s] -- Up-to-date: /home/osboxes/ros2_ws/install/dis_tutorial4/share/dis_tutorial4/package.xml
[2.051s] Invoked command in '/home/osboxes/ros2_ws/build/dis_tutorial4' returned '0': CMAKE_PREFIX_PATH=/opt/ros/humble /usr/bin/cmake --install /home/osboxes/ros2_ws/build/dis_tutorial4
