[0.025s] Invoking command in '/home/tau/colcon_ws/build/dis_tutorial1': CMAKE_PREFIX_PATH=${CMAKE_PREFIX_PATH}:/home/tau/colcon_ws/install/dis_tutorial2:/opt/ros/humble /usr/bin/cmake --build /home/tau/colcon_ws/build/dis_tutorial1 -- -j16 -l16
[0.324s] [  1%] Built target dis_tutorial1__cpp
[0.325s] [  9%] Built target dis_tutorial1__rosidl_generator_c
[0.325s] [ 13%] Built target simple_set_bool_server_node
[0.325s] [ 21%] Built target simple_publisher
[0.325s] [ 21%] Built target simple_subscriber
[0.325s] [ 21%] Built target ament_cmake_python_copy_dis_tutorial1
[0.325s] [ 31%] Built target dis_tutorial1__rosidl_typesupport_fastrtps_cpp
[0.325s] [ 39%] Built target dis_tutorial1__rosidl_typesupport_fastrtps_c
[0.325s] [ 52%] Built target dis_tutorial1__rosidl_typesupport_introspection_c
[0.325s] [ 60%] Built target dis_tutorial1__rosidl_typesupport_cpp
[0.325s] [ 68%] Built target dis_tutorial1__rosidl_typesupport_introspection_cpp
[0.325s] [ 45%] Built target dis_tutorial1__rosidl_typesupport_c
[0.325s] [ 76%] Built target simple_client_node
[0.325s] [ 76%] Built target complete_node
[0.325s] [ 80%] Built target simple_server_node
[0.325s] [ 80%] Built target dis_tutorial1
[0.326s] [ 82%] Built target dis_tutorial1__py
[0.326s] [ 88%] Built target dis_tutorial1__rosidl_generator_py
[0.326s] [ 98%] Built target dis_tutorial1__rosidl_typesupport_introspection_c__pyext
[0.326s] [ 98%] Built target dis_tutorial1__rosidl_typesupport_fastrtps_c__pyext
[0.326s] [100%] Built target dis_tutorial1__rosidl_typesupport_c__pyext
[0.361s] running egg_info
[0.361s] writing dis_tutorial1.egg-info/PKG-INFO
[0.362s] writing dependency_links to dis_tutorial1.egg-info/dependency_links.txt
[0.363s] writing top-level names to dis_tutorial1.egg-info/top_level.txt
[0.365s] reading manifest file 'dis_tutorial1.egg-info/SOURCES.txt'
[0.366s] writing manifest file 'dis_tutorial1.egg-info/SOURCES.txt'
[0.444s] [100%] Built target ament_cmake_python_build_dis_tutorial1_egg
[0.471s] Invoked command in '/home/tau/colcon_ws/build/dis_tutorial1' returned '0': CMAKE_PREFIX_PATH=${CMAKE_PREFIX_PATH}:/home/tau/colcon_ws/install/dis_tutorial2:/opt/ros/humble /usr/bin/cmake --build /home/tau/colcon_ws/build/dis_tutorial1 -- -j16 -l16
[0.472s] Invoking command in '/home/tau/colcon_ws/build/dis_tutorial1': CMAKE_PREFIX_PATH=${CMAKE_PREFIX_PATH}:/home/tau/colcon_ws/install/dis_tutorial2:/opt/ros/humble /usr/bin/cmake --install /home/tau/colcon_ws/build/dis_tutorial1
[0.485s] -- Install configuration: ""
[0.485s] -- Up-to-date: /home/tau/colcon_ws/install/dis_tutorial1/share/ament_index/resource_index/rosidl_interfaces/dis_tutorial1
[0.485s] -- Up-to-date: /home/tau/colcon_ws/install/dis_tutorial1/include/dis_tutorial1/dis_tutorial1
[0.485s] -- Up-to-date: /home/tau/colcon_ws/install/dis_tutorial1/include/dis_tutorial1/dis_tutorial1/msg
[0.485s] -- Up-to-date: /home/tau/colcon_ws/install/dis_tutorial1/include/dis_tutorial1/dis_tutorial1/msg/rosidl_generator_c__visibility_control.h
[0.485s] -- Up-to-date: /home/tau/colcon_ws/install/dis_tutorial1/include/dis_tutorial1/dis_tutorial1/msg/custom_message.h
[0.486s] -- Up-to-date: /home/tau/colcon_ws/install/dis_tutorial1/include/dis_tutorial1/dis_tutorial1/msg/detail
[0.486s] -- Up-to-date: /home/tau/colcon_ws/install/dis_tutorial1/include/dis_tutorial1/dis_tutorial1/msg/detail/custom_message__struct.h
[0.486s] -- Up-to-date: /home/tau/colcon_ws/install/dis_tutorial1/include/dis_tutorial1/dis_tutorial1/msg/detail/custom_message__type_support.h
[0.486s] -- Up-to-date: /home/tau/colcon_ws/install/dis_tutorial1/include/dis_tutorial1/dis_tutorial1/msg/detail/custom_message__functions.c
[0.486s] -- Up-to-date: /home/tau/colcon_ws/install/dis_tutorial1/include/dis_tutorial1/dis_tutorial1/msg/detail/custom_message__functions.h
[0.486s] -- Up-to-date: /home/tau/colcon_ws/install/dis_tutorial1/include/dis_tutorial1/dis_tutorial1/srv
[0.486s] -- Up-to-date: /home/tau/colcon_ws/install/dis_tutorial1/include/dis_tutorial1/dis_tutorial1/srv/add_two_ints.h
[0.486s] -- Up-to-date: /home/tau/colcon_ws/install/dis_tutorial1/include/dis_tutorial1/dis_tutorial1/srv/detail
[0.486s] -- Up-to-date: /home/tau/colcon_ws/install/dis_tutorial1/include/dis_tutorial1/dis_tutorial1/srv/detail/add_two_ints__type_support.h
[0.487s] -- Up-to-date: /home/tau/colcon_ws/install/dis_tutorial1/include/dis_tutorial1/dis_tutorial1/srv/detail/add_two_ints__functions.c
[0.487s] -- Up-to-date: /home/tau/colcon_ws/install/dis_tutorial1/include/dis_tutorial1/dis_tutorial1/srv/detail/add_two_ints__functions.h
[0.487s] -- Up-to-date: /home/tau/colcon_ws/install/dis_tutorial1/include/dis_tutorial1/dis_tutorial1/srv/detail/add_two_ints__struct.h
[0.487s] -- Up-to-date: /home/tau/colcon_ws/install/dis_tutorial1/share/dis_tutorial1/environment/library_path.sh
[0.487s] -- Up-to-date: /home/tau/colcon_ws/install/dis_tutorial1/share/dis_tutorial1/environment/library_path.dsv
[0.487s] -- Up-to-date: /home/tau/colcon_ws/install/dis_tutorial1/lib/libdis_tutorial1__rosidl_generator_c.so
[0.487s] -- Up-to-date: /home/tau/colcon_ws/install/dis_tutorial1/include/dis_tutorial1/dis_tutorial1
[0.487s] -- Up-to-date: /home/tau/colcon_ws/install/dis_tutorial1/include/dis_tutorial1/dis_tutorial1/msg
[0.487s] -- Up-to-date: /home/tau/colcon_ws/install/dis_tutorial1/include/dis_tutorial1/dis_tutorial1/msg/rosidl_typesupport_fastrtps_c__visibility_control.h
[0.488s] -- Up-to-date: /home/tau/colcon_ws/install/dis_tutorial1/include/dis_tutorial1/dis_tutorial1/msg/detail
[0.488s] -- Up-to-date: /home/tau/colcon_ws/install/dis_tutorial1/include/dis_tutorial1/dis_tutorial1/msg/detail/custom_message__rosidl_typesupport_fastrtps_c.h
[0.488s] -- Up-to-date: /home/tau/colcon_ws/install/dis_tutorial1/include/dis_tutorial1/dis_tutorial1/srv
[0.488s] -- Up-to-date: /home/tau/colcon_ws/install/dis_tutorial1/include/dis_tutorial1/dis_tutorial1/srv/detail
[0.488s] -- Up-to-date: /home/tau/colcon_ws/install/dis_tutorial1/include/dis_tutorial1/dis_tutorial1/srv/detail/add_two_ints__rosidl_typesupport_fastrtps_c.h
[0.489s] -- Up-to-date: /home/tau/colcon_ws/install/dis_tutorial1/lib/libdis_tutorial1__rosidl_typesupport_fastrtps_c.so
[0.489s] -- Up-to-date: /home/tau/colcon_ws/install/dis_tutorial1/include/dis_tutorial1/dis_tutorial1
[0.490s] -- Up-to-date: /home/tau/colcon_ws/install/dis_tutorial1/include/dis_tutorial1/dis_tutorial1/msg
[0.490s] -- Up-to-date: /home/tau/colcon_ws/install/dis_tutorial1/include/dis_tutorial1/dis_tutorial1/msg/rosidl_generator_cpp__visibility_control.hpp
[0.490s] -- Up-to-date: /home/tau/colcon_ws/install/dis_tutorial1/include/dis_tutorial1/dis_tutorial1/msg/custom_message.hpp
[0.490s] -- Up-to-date: /home/tau/colcon_ws/install/dis_tutorial1/include/dis_tutorial1/dis_tutorial1/msg/detail
[0.490s] -- Up-to-date: /home/tau/colcon_ws/install/dis_tutorial1/include/dis_tutorial1/dis_tutorial1/msg/detail/custom_message__traits.hpp
[0.490s] -- Up-to-date: /home/tau/colcon_ws/install/dis_tutorial1/include/dis_tutorial1/dis_tutorial1/msg/detail/custom_message__struct.hpp
[0.491s] -- Up-to-date: /home/tau/colcon_ws/install/dis_tutorial1/include/dis_tutorial1/dis_tutorial1/msg/detail/custom_message__builder.hpp
[0.491s] -- Up-to-date: /home/tau/colcon_ws/install/dis_tutorial1/include/dis_tutorial1/dis_tutorial1/msg/detail/custom_message__type_support.hpp
[0.491s] -- Up-to-date: /home/tau/colcon_ws/install/dis_tutorial1/include/dis_tutorial1/dis_tutorial1/srv
[0.492s] -- Up-to-date: /home/tau/colcon_ws/install/dis_tutorial1/include/dis_tutorial1/dis_tutorial1/srv/add_two_ints.hpp
[0.492s] -- Up-to-date: /home/tau/colcon_ws/install/dis_tutorial1/include/dis_tutorial1/dis_tutorial1/srv/detail
[0.492s] -- Up-to-date: /home/tau/colcon_ws/install/dis_tutorial1/include/dis_tutorial1/dis_tutorial1/srv/detail/add_two_ints__builder.hpp
[0.493s] -- Up-to-date: /home/tau/colcon_ws/install/dis_tutorial1/include/dis_tutorial1/dis_tutorial1/srv/detail/add_two_ints__type_support.hpp
[0.493s] -- Up-to-date: /home/tau/colcon_ws/install/dis_tutorial1/include/dis_tutorial1/dis_tutorial1/srv/detail/add_two_ints__traits.hpp
[0.493s] -- Up-to-date: /home/tau/colcon_ws/install/dis_tutorial1/include/dis_tutorial1/dis_tutorial1/srv/detail/add_two_ints__struct.hpp
[0.493s] -- Up-to-date: /home/tau/colcon_ws/install/dis_tutorial1/include/dis_tutorial1/dis_tutorial1
[0.493s] -- Up-to-date: /home/tau/colcon_ws/install/dis_tutorial1/include/dis_tutorial1/dis_tutorial1/msg
[0.494s] -- Up-to-date: /home/tau/colcon_ws/install/dis_tutorial1/include/dis_tutorial1/dis_tutorial1/msg/rosidl_typesupport_fastrtps_cpp__visibility_control.h
[0.494s] -- Up-to-date: /home/tau/colcon_ws/install/dis_tutorial1/include/dis_tutorial1/dis_tutorial1/msg/detail
[0.494s] -- Up-to-date: /home/tau/colcon_ws/install/dis_tutorial1/include/dis_tutorial1/dis_tutorial1/msg/detail/dds_fastrtps
[0.494s] -- Up-to-date: /home/tau/colcon_ws/install/dis_tutorial1/include/dis_tutorial1/dis_tutorial1/msg/detail/custom_message__rosidl_typesupport_fastrtps_cpp.hpp
[0.494s] -- Up-to-date: /home/tau/colcon_ws/install/dis_tutorial1/include/dis_tutorial1/dis_tutorial1/srv
[0.494s] -- Up-to-date: /home/tau/colcon_ws/install/dis_tutorial1/include/dis_tutorial1/dis_tutorial1/srv/detail
[0.494s] -- Up-to-date: /home/tau/colcon_ws/install/dis_tutorial1/include/dis_tutorial1/dis_tutorial1/srv/detail/dds_fastrtps
[0.495s] -- Up-to-date: /home/tau/colcon_ws/install/dis_tutorial1/include/dis_tutorial1/dis_tutorial1/srv/detail/add_two_ints__rosidl_typesupport_fastrtps_cpp.hpp
[0.495s] -- Up-to-date: /home/tau/colcon_ws/install/dis_tutorial1/lib/libdis_tutorial1__rosidl_typesupport_fastrtps_cpp.so
[0.495s] -- Up-to-date: /home/tau/colcon_ws/install/dis_tutorial1/include/dis_tutorial1/dis_tutorial1
[0.496s] -- Up-to-date: /home/tau/colcon_ws/install/dis_tutorial1/include/dis_tutorial1/dis_tutorial1/msg
[0.496s] -- Up-to-date: /home/tau/colcon_ws/install/dis_tutorial1/include/dis_tutorial1/dis_tutorial1/msg/detail
[0.496s] -- Up-to-date: /home/tau/colcon_ws/install/dis_tutorial1/include/dis_tutorial1/dis_tutorial1/msg/detail/custom_message__rosidl_typesupport_introspection_c.h
[0.496s] -- Up-to-date: /home/tau/colcon_ws/install/dis_tutorial1/include/dis_tutorial1/dis_tutorial1/msg/detail/custom_message__type_support.c
[0.496s] -- Up-to-date: /home/tau/colcon_ws/install/dis_tutorial1/include/dis_tutorial1/dis_tutorial1/msg/rosidl_typesupport_introspection_c__visibility_control.h
[0.496s] -- Up-to-date: /home/tau/colcon_ws/install/dis_tutorial1/include/dis_tutorial1/dis_tutorial1/srv
[0.496s] -- Up-to-date: /home/tau/colcon_ws/install/dis_tutorial1/include/dis_tutorial1/dis_tutorial1/srv/detail
[0.496s] -- Up-to-date: /home/tau/colcon_ws/install/dis_tutorial1/include/dis_tutorial1/dis_tutorial1/srv/detail/add_two_ints__type_support.c
[0.496s] -- Up-to-date: /home/tau/colcon_ws/install/dis_tutorial1/include/dis_tutorial1/dis_tutorial1/srv/detail/add_two_ints__rosidl_typesupport_introspection_c.h
[0.496s] -- Up-to-date: /home/tau/colcon_ws/install/dis_tutorial1/lib/libdis_tutorial1__rosidl_typesupport_introspection_c.so
[0.496s] -- Up-to-date: /home/tau/colcon_ws/install/dis_tutorial1/lib/libdis_tutorial1__rosidl_typesupport_c.so
[0.496s] -- Up-to-date: /home/tau/colcon_ws/install/dis_tutorial1/include/dis_tutorial1/dis_tutorial1
[0.496s] -- Up-to-date: /home/tau/colcon_ws/install/dis_tutorial1/include/dis_tutorial1/dis_tutorial1/msg
[0.496s] -- Up-to-date: /home/tau/colcon_ws/install/dis_tutorial1/include/dis_tutorial1/dis_tutorial1/msg/detail
[0.496s] -- Up-to-date: /home/tau/colcon_ws/install/dis_tutorial1/include/dis_tutorial1/dis_tutorial1/msg/detail/custom_message__rosidl_typesupport_introspection_cpp.hpp
[0.497s] -- Up-to-date: /home/tau/colcon_ws/install/dis_tutorial1/include/dis_tutorial1/dis_tutorial1/msg/detail/custom_message__type_support.cpp
[0.497s] -- Up-to-date: /home/tau/colcon_ws/install/dis_tutorial1/include/dis_tutorial1/dis_tutorial1/srv
[0.497s] -- Up-to-date: /home/tau/colcon_ws/install/dis_tutorial1/include/dis_tutorial1/dis_tutorial1/srv/detail
[0.497s] -- Up-to-date: /home/tau/colcon_ws/install/dis_tutorial1/include/dis_tutorial1/dis_tutorial1/srv/detail/add_two_ints__rosidl_typesupport_introspection_cpp.hpp
[0.497s] -- Up-to-date: /home/tau/colcon_ws/install/dis_tutorial1/include/dis_tutorial1/dis_tutorial1/srv/detail/add_two_ints__type_support.cpp
[0.497s] -- Up-to-date: /home/tau/colcon_ws/install/dis_tutorial1/lib/libdis_tutorial1__rosidl_typesupport_introspection_cpp.so
[0.497s] -- Up-to-date: /home/tau/colcon_ws/install/dis_tutorial1/lib/libdis_tutorial1__rosidl_typesupport_cpp.so
[0.497s] -- Up-to-date: /home/tau/colcon_ws/install/dis_tutorial1/share/dis_tutorial1/environment/pythonpath.sh
[0.497s] -- Up-to-date: /home/tau/colcon_ws/install/dis_tutorial1/share/dis_tutorial1/environment/pythonpath.dsv
[0.498s] -- Up-to-date: /home/tau/colcon_ws/install/dis_tutorial1/local/lib/python3.10/dist-packages/dis_tutorial1-0.0.1-py3.10.egg-info
[0.498s] -- Installing: /home/tau/colcon_ws/install/dis_tutorial1/local/lib/python3.10/dist-packages/dis_tutorial1-0.0.1-py3.10.egg-info/dependency_links.txt
[0.498s] -- Installing: /home/tau/colcon_ws/install/dis_tutorial1/local/lib/python3.10/dist-packages/dis_tutorial1-0.0.1-py3.10.egg-info/PKG-INFO
[0.498s] -- Installing: /home/tau/colcon_ws/install/dis_tutorial1/local/lib/python3.10/dist-packages/dis_tutorial1-0.0.1-py3.10.egg-info/top_level.txt
[0.498s] -- Installing: /home/tau/colcon_ws/install/dis_tutorial1/local/lib/python3.10/dist-packages/dis_tutorial1-0.0.1-py3.10.egg-info/SOURCES.txt
[0.498s] -- Up-to-date: /home/tau/colcon_ws/install/dis_tutorial1/local/lib/python3.10/dist-packages/dis_tutorial1
[0.498s] -- Up-to-date: /home/tau/colcon_ws/install/dis_tutorial1/local/lib/python3.10/dist-packages/dis_tutorial1/_dis_tutorial1_s.ep.rosidl_typesupport_fastrtps_c.c
[0.498s] -- Up-to-date: /home/tau/colcon_ws/install/dis_tutorial1/local/lib/python3.10/dist-packages/dis_tutorial1/dis_tutorial1_s__rosidl_typesupport_introspection_c.cpython-310-x86_64-linux-gnu.so
[0.498s] -- Up-to-date: /home/tau/colcon_ws/install/dis_tutorial1/local/lib/python3.10/dist-packages/dis_tutorial1/dis_tutorial1_s__rosidl_typesupport_c.cpython-310-x86_64-linux-gnu.so
[0.498s] -- Up-to-date: /home/tau/colcon_ws/install/dis_tutorial1/local/lib/python3.10/dist-packages/dis_tutorial1/msg
[0.498s] -- Up-to-date: /home/tau/colcon_ws/install/dis_tutorial1/local/lib/python3.10/dist-packages/dis_tutorial1/msg/_custom_message_s.c
[0.498s] -- Up-to-date: /home/tau/colcon_ws/install/dis_tutorial1/local/lib/python3.10/dist-packages/dis_tutorial1/msg/__init__.py
[0.499s] -- Up-to-date: /home/tau/colcon_ws/install/dis_tutorial1/local/lib/python3.10/dist-packages/dis_tutorial1/msg/_custom_message.py
[0.499s] -- Up-to-date: /home/tau/colcon_ws/install/dis_tutorial1/local/lib/python3.10/dist-packages/dis_tutorial1/__init__.py
[0.499s] -- Up-to-date: /home/tau/colcon_ws/install/dis_tutorial1/local/lib/python3.10/dist-packages/dis_tutorial1/_dis_tutorial1_s.ep.rosidl_typesupport_introspection_c.c
[0.499s] -- Up-to-date: /home/tau/colcon_ws/install/dis_tutorial1/local/lib/python3.10/dist-packages/dis_tutorial1/libdis_tutorial1__rosidl_generator_py.so
[0.499s] -- Up-to-date: /home/tau/colcon_ws/install/dis_tutorial1/local/lib/python3.10/dist-packages/dis_tutorial1/srv
[0.499s] -- Up-to-date: /home/tau/colcon_ws/install/dis_tutorial1/local/lib/python3.10/dist-packages/dis_tutorial1/srv/__init__.py
[0.499s] -- Up-to-date: /home/tau/colcon_ws/install/dis_tutorial1/local/lib/python3.10/dist-packages/dis_tutorial1/srv/_add_two_ints_s.c
[0.499s] -- Up-to-date: /home/tau/colcon_ws/install/dis_tutorial1/local/lib/python3.10/dist-packages/dis_tutorial1/srv/_add_two_ints.py
[0.499s] -- Up-to-date: /home/tau/colcon_ws/install/dis_tutorial1/local/lib/python3.10/dist-packages/dis_tutorial1/dis_tutorial1_s__rosidl_typesupport_fastrtps_c.cpython-310-x86_64-linux-gnu.so
[0.499s] -- Up-to-date: /home/tau/colcon_ws/install/dis_tutorial1/local/lib/python3.10/dist-packages/dis_tutorial1/_dis_tutorial1_s.ep.rosidl_typesupport_c.c
[0.526s] Listing '/home/tau/colcon_ws/install/dis_tutorial1/local/lib/python3.10/dist-packages/dis_tutorial1'...
[0.526s] Listing '/home/tau/colcon_ws/install/dis_tutorial1/local/lib/python3.10/dist-packages/dis_tutorial1/msg'...
[0.526s] Listing '/home/tau/colcon_ws/install/dis_tutorial1/local/lib/python3.10/dist-packages/dis_tutorial1/srv'...
[0.532s] -- Up-to-date: /home/tau/colcon_ws/install/dis_tutorial1/local/lib/python3.10/dist-packages/dis_tutorial1/dis_tutorial1_s__rosidl_typesupport_fastrtps_c.cpython-310-x86_64-linux-gnu.so
[0.532s] -- Up-to-date: /home/tau/colcon_ws/install/dis_tutorial1/local/lib/python3.10/dist-packages/dis_tutorial1/dis_tutorial1_s__rosidl_typesupport_introspection_c.cpython-310-x86_64-linux-gnu.so
[0.532s] -- Up-to-date: /home/tau/colcon_ws/install/dis_tutorial1/local/lib/python3.10/dist-packages/dis_tutorial1/dis_tutorial1_s__rosidl_typesupport_c.cpython-310-x86_64-linux-gnu.so
[0.532s] -- Up-to-date: /home/tau/colcon_ws/install/dis_tutorial1/lib/libdis_tutorial1__rosidl_generator_py.so
[0.532s] -- Up-to-date: /home/tau/colcon_ws/install/dis_tutorial1/share/dis_tutorial1/msg/CustomMessage.idl
[0.532s] -- Up-to-date: /home/tau/colcon_ws/install/dis_tutorial1/share/dis_tutorial1/srv/AddTwoInts.idl
[0.532s] -- Up-to-date: /home/tau/colcon_ws/install/dis_tutorial1/share/dis_tutorial1/msg/CustomMessage.msg
[0.532s] -- Up-to-date: /home/tau/colcon_ws/install/dis_tutorial1/share/dis_tutorial1/srv/AddTwoInts.srv
[0.532s] -- Up-to-date: /home/tau/colcon_ws/install/dis_tutorial1/share/dis_tutorial1/srv/AddTwoInts_Request.msg
[0.532s] -- Up-to-date: /home/tau/colcon_ws/install/dis_tutorial1/share/dis_tutorial1/srv/AddTwoInts_Response.msg
[0.532s] -- Up-to-date: /home/tau/colcon_ws/install/dis_tutorial1/lib/dis_tutorial1/simple_publisher
[0.533s] -- Up-to-date: /home/tau/colcon_ws/install/dis_tutorial1/lib/dis_tutorial1/simple_subscriber
[0.533s] -- Up-to-date: /home/tau/colcon_ws/install/dis_tutorial1/lib/dis_tutorial1/simple_client_node
[0.533s] -- Up-to-date: /home/tau/colcon_ws/install/dis_tutorial1/lib/dis_tutorial1/simple_server_node
[0.534s] -- Up-to-date: /home/tau/colcon_ws/install/dis_tutorial1/lib/dis_tutorial1/complete_node
[0.534s] -- Up-to-date: /home/tau/colcon_ws/install/dis_tutorial1/lib/dis_tutorial1/simple_set_bool_server_node
[0.534s] -- Up-to-date: /home/tau/colcon_ws/install/dis_tutorial1/lib/dis_tutorial1/py_simple_publisher.py
[0.534s] -- Up-to-date: /home/tau/colcon_ws/install/dis_tutorial1/lib/dis_tutorial1/py_simple_subscriber.py
[0.534s] -- Up-to-date: /home/tau/colcon_ws/install/dis_tutorial1/lib/dis_tutorial1/py_simple_server_node.py
[0.534s] -- Up-to-date: /home/tau/colcon_ws/install/dis_tutorial1/lib/dis_tutorial1/py_simple_client_node.py
[0.534s] -- Up-to-date: /home/tau/colcon_ws/install/dis_tutorial1/lib/dis_tutorial1/py_complete_node.py
[0.534s] -- Up-to-date: /home/tau/colcon_ws/install/dis_tutorial1/lib/dis_tutorial1/py_draw_square.py
[0.534s] -- Up-to-date: /home/tau/colcon_ws/install/dis_tutorial1/share/ament_index/resource_index/package_run_dependencies/dis_tutorial1
[0.534s] -- Up-to-date: /home/tau/colcon_ws/install/dis_tutorial1/share/ament_index/resource_index/parent_prefix_path/dis_tutorial1
[0.534s] -- Up-to-date: /home/tau/colcon_ws/install/dis_tutorial1/share/dis_tutorial1/environment/ament_prefix_path.sh
[0.534s] -- Up-to-date: /home/tau/colcon_ws/install/dis_tutorial1/share/dis_tutorial1/environment/ament_prefix_path.dsv
[0.534s] -- Up-to-date: /home/tau/colcon_ws/install/dis_tutorial1/share/dis_tutorial1/environment/path.sh
[0.535s] -- Up-to-date: /home/tau/colcon_ws/install/dis_tutorial1/share/dis_tutorial1/environment/path.dsv
[0.535s] -- Up-to-date: /home/tau/colcon_ws/install/dis_tutorial1/share/dis_tutorial1/local_setup.bash
[0.535s] -- Up-to-date: /home/tau/colcon_ws/install/dis_tutorial1/share/dis_tutorial1/local_setup.sh
[0.535s] -- Up-to-date: /home/tau/colcon_ws/install/dis_tutorial1/share/dis_tutorial1/local_setup.zsh
[0.535s] -- Up-to-date: /home/tau/colcon_ws/install/dis_tutorial1/share/dis_tutorial1/local_setup.dsv
[0.535s] -- Installing: /home/tau/colcon_ws/install/dis_tutorial1/share/dis_tutorial1/package.dsv
[0.535s] -- Up-to-date: /home/tau/colcon_ws/install/dis_tutorial1/share/ament_index/resource_index/packages/dis_tutorial1
[0.535s] -- Up-to-date: /home/tau/colcon_ws/install/dis_tutorial1/share/dis_tutorial1/cmake/export_dis_tutorial1__rosidl_generator_cExport.cmake
[0.535s] -- Up-to-date: /home/tau/colcon_ws/install/dis_tutorial1/share/dis_tutorial1/cmake/export_dis_tutorial1__rosidl_generator_cExport-noconfig.cmake
[0.535s] -- Up-to-date: /home/tau/colcon_ws/install/dis_tutorial1/share/dis_tutorial1/cmake/export_dis_tutorial1__rosidl_typesupport_fastrtps_cExport.cmake
[0.535s] -- Up-to-date: /home/tau/colcon_ws/install/dis_tutorial1/share/dis_tutorial1/cmake/export_dis_tutorial1__rosidl_typesupport_fastrtps_cExport-noconfig.cmake
[0.535s] -- Up-to-date: /home/tau/colcon_ws/install/dis_tutorial1/share/dis_tutorial1/cmake/export_dis_tutorial1__rosidl_generator_cppExport.cmake
[0.535s] -- Up-to-date: /home/tau/colcon_ws/install/dis_tutorial1/share/dis_tutorial1/cmake/export_dis_tutorial1__rosidl_typesupport_fastrtps_cppExport.cmake
[0.535s] -- Up-to-date: /home/tau/colcon_ws/install/dis_tutorial1/share/dis_tutorial1/cmake/export_dis_tutorial1__rosidl_typesupport_fastrtps_cppExport-noconfig.cmake
[0.535s] -- Up-to-date: /home/tau/colcon_ws/install/dis_tutorial1/share/dis_tutorial1/cmake/dis_tutorial1__rosidl_typesupport_introspection_cExport.cmake
[0.535s] -- Up-to-date: /home/tau/colcon_ws/install/dis_tutorial1/share/dis_tutorial1/cmake/dis_tutorial1__rosidl_typesupport_introspection_cExport-noconfig.cmake
[0.535s] -- Up-to-date: /home/tau/colcon_ws/install/dis_tutorial1/share/dis_tutorial1/cmake/dis_tutorial1__rosidl_typesupport_cExport.cmake
[0.535s] -- Up-to-date: /home/tau/colcon_ws/install/dis_tutorial1/share/dis_tutorial1/cmake/dis_tutorial1__rosidl_typesupport_cExport-noconfig.cmake
[0.535s] -- Up-to-date: /home/tau/colcon_ws/install/dis_tutorial1/share/dis_tutorial1/cmake/dis_tutorial1__rosidl_typesupport_introspection_cppExport.cmake
[0.535s] -- Up-to-date: /home/tau/colcon_ws/install/dis_tutorial1/share/dis_tutorial1/cmake/dis_tutorial1__rosidl_typesupport_introspection_cppExport-noconfig.cmake
[0.536s] -- Up-to-date: /home/tau/colcon_ws/install/dis_tutorial1/share/dis_tutorial1/cmake/dis_tutorial1__rosidl_typesupport_cppExport.cmake
[0.536s] -- Up-to-date: /home/tau/colcon_ws/install/dis_tutorial1/share/dis_tutorial1/cmake/dis_tutorial1__rosidl_typesupport_cppExport-noconfig.cmake
[0.536s] -- Up-to-date: /home/tau/colcon_ws/install/dis_tutorial1/share/dis_tutorial1/cmake/export_dis_tutorial1__rosidl_generator_pyExport.cmake
[0.536s] -- Up-to-date: /home/tau/colcon_ws/install/dis_tutorial1/share/dis_tutorial1/cmake/export_dis_tutorial1__rosidl_generator_pyExport-noconfig.cmake
[0.536s] -- Up-to-date: /home/tau/colcon_ws/install/dis_tutorial1/share/dis_tutorial1/cmake/rosidl_cmake-extras.cmake
[0.536s] -- Up-to-date: /home/tau/colcon_ws/install/dis_tutorial1/share/dis_tutorial1/cmake/ament_cmake_export_dependencies-extras.cmake
[0.536s] -- Up-to-date: /home/tau/colcon_ws/install/dis_tutorial1/share/dis_tutorial1/cmake/ament_cmake_export_include_directories-extras.cmake
[0.536s] -- Up-to-date: /home/tau/colcon_ws/install/dis_tutorial1/share/dis_tutorial1/cmake/ament_cmake_export_libraries-extras.cmake
[0.536s] -- Up-to-date: /home/tau/colcon_ws/install/dis_tutorial1/share/dis_tutorial1/cmake/ament_cmake_export_targets-extras.cmake
[0.536s] -- Up-to-date: /home/tau/colcon_ws/install/dis_tutorial1/share/dis_tutorial1/cmake/rosidl_cmake_export_typesupport_targets-extras.cmake
[0.536s] -- Up-to-date: /home/tau/colcon_ws/install/dis_tutorial1/share/dis_tutorial1/cmake/rosidl_cmake_export_typesupport_libraries-extras.cmake
[0.536s] -- Up-to-date: /home/tau/colcon_ws/install/dis_tutorial1/share/dis_tutorial1/cmake/dis_tutorial1Config.cmake
[0.536s] -- Up-to-date: /home/tau/colcon_ws/install/dis_tutorial1/share/dis_tutorial1/cmake/dis_tutorial1Config-version.cmake
[0.536s] -- Up-to-date: /home/tau/colcon_ws/install/dis_tutorial1/share/dis_tutorial1/package.xml
[0.539s] Invoked command in '/home/tau/colcon_ws/build/dis_tutorial1' returned '0': CMAKE_PREFIX_PATH=${CMAKE_PREFIX_PATH}:/home/tau/colcon_ws/install/dis_tutorial2:/opt/ros/humble /usr/bin/cmake --install /home/tau/colcon_ws/build/dis_tutorial1
