-- Found ament_cmake: 1.3.11 (/opt/ros/humble/share/ament_cmake/cmake)
-- Override CMake install command with custom implementation using symlinks instead of copying resources
-- Found rclcpp: 16.0.11 (/opt/ros/humble/share/rclcpp/cmake)
-- Found rosidl_generator_c: 3.1.6 (/opt/ros/humble/share/rosidl_generator_c/cmake)
-- Found rosidl_adapter: 3.1.6 (/opt/ros/humble/share/rosidl_adapter/cmake)
-- Found rosidl_generator_cpp: 3.1.6 (/opt/ros/humble/share/rosidl_generator_cpp/cmake)
-- Using all available rosidl_typesupport_c: rosidl_typesupport_fastrtps_c;rosidl_typesupport_introspection_c
-- Using all available rosidl_typesupport_cpp: rosidl_typesupport_fastrtps_cpp;rosidl_typesupport_introspection_cpp
-- Found rmw_implementation_cmake: 6.1.2 (/opt/ros/humble/share/rmw_implementation_cmake/cmake)
-- Found rmw_fastrtps_cpp: 6.2.7 (/opt/ros/humble/share/rmw_fastrtps_cpp/cmake)
-- Using RMW implementation 'rmw_fastrtps_cpp' as default
-- Found rclpy: 3.3.15 (/opt/ros/humble/share/rclpy/cmake)
-- Found std_srvs: 4.2.4 (/opt/ros/humble/share/std_srvs/cmake)
-- Found rosidl_default_generators: 1.2.0 (/opt/ros/humble/share/rosidl_default_generators/cmake)
-- Found ament_cmake_ros: 0.10.0 (/opt/ros/humble/share/ament_cmake_ros/cmake)
-- Using all available rosidl_typesupport_c: rosidl_typesupport_fastrtps_c;rosidl_typesupport_introspection_c
-- Using all available rosidl_typesupport_cpp: rosidl_typesupport_fastrtps_cpp;rosidl_typesupport_introspection_cpp
-- Found python_cmake_module: 0.10.0 (/opt/ros/humble/share/python_cmake_module/cmake)
-- Using PYTHON_EXECUTABLE: /usr/bin/python3
-- Using PYTHON_INCLUDE_DIRS: /usr/include/python3.10
-- Using PYTHON_LIBRARIES: /usr/lib/x86_64-linux-gnu/libpython3.10.so
-- Configuring done
-- Generating done
-- Build files have been written to: /home/osboxes/ros2_ws/build/hwpub
[35m[1mConsolidate compiler generated dependencies of target hwpub__rosidl_generator_c[0m
[  2%] Built target hwpub__cpp
[ 12%] Built target hwpub__rosidl_generator_c
[ 12%] Built target ament_cmake_python_symlink_hwpub
[35m[1mConsolidate compiler generated dependencies of target hwpub__rosidl_typesupport_fastrtps_cpp[0m
[35m[1mConsolidate compiler generated dependencies of target hwpub__rosidl_typesupport_cpp[0m
[35m[1mConsolidate compiler generated dependencies of target hwpub__rosidl_typesupport_fastrtps_c[0m
[ 23%] Built target hwpub__rosidl_typesupport_cpp
[ 33%] Built target hwpub__rosidl_typesupport_fastrtps_cpp
[35m[1mConsolidate compiler generated dependencies of target hwpub__rosidl_typesupport_introspection_cpp[0m
[35m[1mConsolidate compiler generated dependencies of target hwpub__rosidl_typesupport_c[0m
[35m[1mConsolidate compiler generated dependencies of target hwpub__rosidl_typesupport_introspection_c[0m
[ 43%] Built target hwpub__rosidl_typesupport_fastrtps_c
[ 53%] Built target hwpub__rosidl_typesupport_c
[ 64%] Built target hwpub__rosidl_typesupport_introspection_c
[ 74%] Built target hwpub__rosidl_typesupport_introspection_cpp
[ 74%] Built target hwpub
[ 76%] Built target hwpub__py
[35m[1mConsolidate compiler generated dependencies of target hwpub__rosidl_generator_py[0m
[ 84%] Built target hwpub__rosidl_generator_py
[35m[1mConsolidate compiler generated dependencies of target hwpub__rosidl_typesupport_fastrtps_c__pyext[0m
[35m[1mConsolidate compiler generated dependencies of target hwpub__rosidl_typesupport_c__pyext[0m
[35m[1mConsolidate compiler generated dependencies of target hwpub__rosidl_typesupport_introspection_c__pyext[0m
[ 89%] Built target hwpub__rosidl_typesupport_fastrtps_c__pyext
[ 94%] Built target hwpub__rosidl_typesupport_introspection_c__pyext
[100%] Built target hwpub__rosidl_typesupport_c__pyext
running egg_info
writing hwpub.egg-info/PKG-INFO
writing dependency_links to hwpub.egg-info/dependency_links.txt
writing top-level names to hwpub.egg-info/top_level.txt
reading manifest file 'hwpub.egg-info/SOURCES.txt'
writing manifest file 'hwpub.egg-info/SOURCES.txt'
[100%] Built target ament_cmake_python_build_hwpub_egg
-- Install configuration: ""
-- Execute custom install script
-- Up-to-date symlink: /home/osboxes/ros2_ws/install/hwpub/share/ament_index/resource_index/rosidl_interfaces/hwpub
-- Up-to-date symlink: /home/osboxes/ros2_ws/install/hwpub/include/hwpub/hwpub/msg/detail/hwmsg__functions.h
-- Up-to-date symlink: /home/osboxes/ros2_ws/install/hwpub/include/hwpub/hwpub/msg/detail/hwmsg__struct.h
-- Up-to-date symlink: /home/osboxes/ros2_ws/install/hwpub/include/hwpub/hwpub/msg/detail/hwmsg__type_support.h
-- Up-to-date symlink: /home/osboxes/ros2_ws/install/hwpub/include/hwpub/hwpub/msg/hwmsg.h
-- Up-to-date symlink: /home/osboxes/ros2_ws/install/hwpub/include/hwpub/hwpub/msg/rosidl_generator_c__visibility_control.h
-- Up-to-date symlink: /home/osboxes/ros2_ws/install/hwpub/include/hwpub/hwpub/srv/customserv.h
-- Up-to-date symlink: /home/osboxes/ros2_ws/install/hwpub/include/hwpub/hwpub/srv/detail/customserv__functions.h
-- Up-to-date symlink: /home/osboxes/ros2_ws/install/hwpub/include/hwpub/hwpub/srv/detail/customserv__struct.h
-- Up-to-date symlink: /home/osboxes/ros2_ws/install/hwpub/include/hwpub/hwpub/srv/detail/customserv__type_support.h
-- Up-to-date symlink: /home/osboxes/ros2_ws/install/hwpub/share/hwpub/environment/library_path.sh
-- Up-to-date symlink: /home/osboxes/ros2_ws/install/hwpub/share/hwpub/environment/library_path.dsv
-- Up-to-date symlink: /home/osboxes/ros2_ws/install/hwpub/include/hwpub/hwpub/msg/detail/hwmsg__rosidl_typesupport_fastrtps_c.h
-- Up-to-date symlink: /home/osboxes/ros2_ws/install/hwpub/include/hwpub/hwpub/msg/rosidl_typesupport_fastrtps_c__visibility_control.h
-- Up-to-date symlink: /home/osboxes/ros2_ws/install/hwpub/include/hwpub/hwpub/srv/detail/customserv__rosidl_typesupport_fastrtps_c.h
-- Up-to-date symlink: /home/osboxes/ros2_ws/install/hwpub/include/hwpub/hwpub/msg/detail/hwmsg__builder.hpp
-- Up-to-date symlink: /home/osboxes/ros2_ws/install/hwpub/include/hwpub/hwpub/msg/detail/hwmsg__struct.hpp
-- Up-to-date symlink: /home/osboxes/ros2_ws/install/hwpub/include/hwpub/hwpub/msg/detail/hwmsg__traits.hpp
-- Up-to-date symlink: /home/osboxes/ros2_ws/install/hwpub/include/hwpub/hwpub/msg/detail/hwmsg__type_support.hpp
-- Up-to-date symlink: /home/osboxes/ros2_ws/install/hwpub/include/hwpub/hwpub/msg/hwmsg.hpp
-- Up-to-date symlink: /home/osboxes/ros2_ws/install/hwpub/include/hwpub/hwpub/msg/rosidl_generator_cpp__visibility_control.hpp
-- Up-to-date symlink: /home/osboxes/ros2_ws/install/hwpub/include/hwpub/hwpub/srv/customserv.hpp
-- Up-to-date symlink: /home/osboxes/ros2_ws/install/hwpub/include/hwpub/hwpub/srv/detail/customserv__builder.hpp
-- Up-to-date symlink: /home/osboxes/ros2_ws/install/hwpub/include/hwpub/hwpub/srv/detail/customserv__struct.hpp
-- Up-to-date symlink: /home/osboxes/ros2_ws/install/hwpub/include/hwpub/hwpub/srv/detail/customserv__traits.hpp
-- Up-to-date symlink: /home/osboxes/ros2_ws/install/hwpub/include/hwpub/hwpub/srv/detail/customserv__type_support.hpp
-- Up-to-date symlink: /home/osboxes/ros2_ws/install/hwpub/include/hwpub/hwpub/msg/detail/hwmsg__rosidl_typesupport_fastrtps_cpp.hpp
-- Up-to-date symlink: /home/osboxes/ros2_ws/install/hwpub/include/hwpub/hwpub/msg/rosidl_typesupport_fastrtps_cpp__visibility_control.h
-- Up-to-date symlink: /home/osboxes/ros2_ws/install/hwpub/include/hwpub/hwpub/srv/detail/customserv__rosidl_typesupport_fastrtps_cpp.hpp
-- Up-to-date symlink: /home/osboxes/ros2_ws/install/hwpub/include/hwpub/hwpub/msg/detail/hwmsg__rosidl_typesupport_introspection_c.h
-- Up-to-date symlink: /home/osboxes/ros2_ws/install/hwpub/include/hwpub/hwpub/msg/rosidl_typesupport_introspection_c__visibility_control.h
-- Up-to-date symlink: /home/osboxes/ros2_ws/install/hwpub/include/hwpub/hwpub/srv/detail/customserv__rosidl_typesupport_introspection_c.h
-- Up-to-date symlink: /home/osboxes/ros2_ws/install/hwpub/include/hwpub/hwpub/msg/detail/hwmsg__rosidl_typesupport_introspection_cpp.hpp
-- Up-to-date symlink: /home/osboxes/ros2_ws/install/hwpub/include/hwpub/hwpub/srv/detail/customserv__rosidl_typesupport_introspection_cpp.hpp
-- Up-to-date symlink: /home/osboxes/ros2_ws/install/hwpub/share/hwpub/environment/pythonpath.sh
-- Up-to-date symlink: /home/osboxes/ros2_ws/install/hwpub/share/hwpub/environment/pythonpath.dsv
-- Up-to-date symlink: /home/osboxes/ros2_ws/install/hwpub/local/lib/python3.10/dist-packages/hwpub-0.0.1-py3.10.egg-info/PKG-INFO
-- Up-to-date symlink: /home/osboxes/ros2_ws/install/hwpub/local/lib/python3.10/dist-packages/hwpub-0.0.1-py3.10.egg-info/SOURCES.txt
-- Up-to-date symlink: /home/osboxes/ros2_ws/install/hwpub/local/lib/python3.10/dist-packages/hwpub-0.0.1-py3.10.egg-info/dependency_links.txt
-- Up-to-date symlink: /home/osboxes/ros2_ws/install/hwpub/local/lib/python3.10/dist-packages/hwpub-0.0.1-py3.10.egg-info/top_level.txt
-- Up-to-date symlink: /home/osboxes/ros2_ws/install/hwpub/local/lib/python3.10/dist-packages/hwpub/__init__.py
-- Up-to-date symlink: /home/osboxes/ros2_ws/install/hwpub/local/lib/python3.10/dist-packages/hwpub/_hwpub_s.ep.rosidl_typesupport_c.c
-- Up-to-date symlink: /home/osboxes/ros2_ws/install/hwpub/local/lib/python3.10/dist-packages/hwpub/_hwpub_s.ep.rosidl_typesupport_fastrtps_c.c
-- Up-to-date symlink: /home/osboxes/ros2_ws/install/hwpub/local/lib/python3.10/dist-packages/hwpub/_hwpub_s.ep.rosidl_typesupport_introspection_c.c
-- Up-to-date symlink: /home/osboxes/ros2_ws/install/hwpub/local/lib/python3.10/dist-packages/hwpub/hwpub_s__rosidl_typesupport_c.cpython-310-x86_64-linux-gnu.so
-- Up-to-date symlink: /home/osboxes/ros2_ws/install/hwpub/local/lib/python3.10/dist-packages/hwpub/hwpub_s__rosidl_typesupport_fastrtps_c.cpython-310-x86_64-linux-gnu.so
-- Up-to-date symlink: /home/osboxes/ros2_ws/install/hwpub/local/lib/python3.10/dist-packages/hwpub/hwpub_s__rosidl_typesupport_introspection_c.cpython-310-x86_64-linux-gnu.so
-- Up-to-date symlink: /home/osboxes/ros2_ws/install/hwpub/local/lib/python3.10/dist-packages/hwpub/libhwpub__rosidl_generator_py.so
-- Up-to-date symlink: /home/osboxes/ros2_ws/install/hwpub/local/lib/python3.10/dist-packages/hwpub/msg/__init__.py
-- Up-to-date symlink: /home/osboxes/ros2_ws/install/hwpub/local/lib/python3.10/dist-packages/hwpub/msg/_hwmsg.py
-- Up-to-date symlink: /home/osboxes/ros2_ws/install/hwpub/local/lib/python3.10/dist-packages/hwpub/msg/_hwmsg_s.c
-- Up-to-date symlink: /home/osboxes/ros2_ws/install/hwpub/local/lib/python3.10/dist-packages/hwpub/srv/__init__.py
-- Up-to-date symlink: /home/osboxes/ros2_ws/install/hwpub/local/lib/python3.10/dist-packages/hwpub/srv/_customserv.py
-- Up-to-date symlink: /home/osboxes/ros2_ws/install/hwpub/local/lib/python3.10/dist-packages/hwpub/srv/_customserv_s.c
-- Up-to-date symlink: /home/osboxes/ros2_ws/install/hwpub/local/lib/python3.10/dist-packages/hwpub/hwpub_s__rosidl_typesupport_fastrtps_c.cpython-310-x86_64-linux-gnu.so
-- Up-to-date symlink: /home/osboxes/ros2_ws/install/hwpub/local/lib/python3.10/dist-packages/hwpub/hwpub_s__rosidl_typesupport_introspection_c.cpython-310-x86_64-linux-gnu.so
-- Up-to-date symlink: /home/osboxes/ros2_ws/install/hwpub/local/lib/python3.10/dist-packages/hwpub/hwpub_s__rosidl_typesupport_c.cpython-310-x86_64-linux-gnu.so
-- Up-to-date symlink: /home/osboxes/ros2_ws/install/hwpub/share/hwpub/msg/Hwmsg.idl
-- Up-to-date symlink: /home/osboxes/ros2_ws/install/hwpub/share/hwpub/srv/Customserv.idl
-- Up-to-date symlink: /home/osboxes/ros2_ws/install/hwpub/share/hwpub/msg/Hwmsg.msg
-- Up-to-date symlink: /home/osboxes/ros2_ws/install/hwpub/share/hwpub/srv/Customserv.srv
-- Up-to-date symlink: /home/osboxes/ros2_ws/install/hwpub/share/hwpub/srv/Customserv_Request.msg
-- Up-to-date symlink: /home/osboxes/ros2_ws/install/hwpub/share/hwpub/srv/Customserv_Response.msg
-- Up-to-date symlink: /home/osboxes/ros2_ws/install/hwpub/lib/hwpub/py_move_trajectory.py
-- Up-to-date symlink: /home/osboxes/ros2_ws/install/hwpub/share/ament_index/resource_index/package_run_dependencies/hwpub
-- Up-to-date symlink: /home/osboxes/ros2_ws/install/hwpub/share/ament_index/resource_index/parent_prefix_path/hwpub
-- Up-to-date symlink: /home/osboxes/ros2_ws/install/hwpub/share/hwpub/environment/ament_prefix_path.sh
-- Up-to-date symlink: /home/osboxes/ros2_ws/install/hwpub/share/hwpub/environment/ament_prefix_path.dsv
-- Up-to-date symlink: /home/osboxes/ros2_ws/install/hwpub/share/hwpub/environment/path.sh
-- Up-to-date symlink: /home/osboxes/ros2_ws/install/hwpub/share/hwpub/environment/path.dsv
-- Up-to-date symlink: /home/osboxes/ros2_ws/install/hwpub/share/hwpub/local_setup.bash
-- Up-to-date symlink: /home/osboxes/ros2_ws/install/hwpub/share/hwpub/local_setup.sh
-- Up-to-date symlink: /home/osboxes/ros2_ws/install/hwpub/share/hwpub/local_setup.zsh
-- Up-to-date symlink: /home/osboxes/ros2_ws/install/hwpub/share/hwpub/local_setup.dsv
-- Symlinking: /home/osboxes/ros2_ws/install/hwpub/share/hwpub/package.dsv
-- Up-to-date symlink: /home/osboxes/ros2_ws/install/hwpub/share/ament_index/resource_index/packages/hwpub
-- Up-to-date symlink: /home/osboxes/ros2_ws/install/hwpub/share/hwpub/cmake/rosidl_cmake-extras.cmake
-- Up-to-date symlink: /home/osboxes/ros2_ws/install/hwpub/share/hwpub/cmake/ament_cmake_export_dependencies-extras.cmake
-- Up-to-date symlink: /home/osboxes/ros2_ws/install/hwpub/share/hwpub/cmake/ament_cmake_export_include_directories-extras.cmake
-- Up-to-date symlink: /home/osboxes/ros2_ws/install/hwpub/share/hwpub/cmake/ament_cmake_export_libraries-extras.cmake
-- Up-to-date symlink: /home/osboxes/ros2_ws/install/hwpub/share/hwpub/cmake/ament_cmake_export_targets-extras.cmake
-- Up-to-date symlink: /home/osboxes/ros2_ws/install/hwpub/share/hwpub/cmake/rosidl_cmake_export_typesupport_targets-extras.cmake
-- Up-to-date symlink: /home/osboxes/ros2_ws/install/hwpub/share/hwpub/cmake/rosidl_cmake_export_typesupport_libraries-extras.cmake
-- Up-to-date symlink: /home/osboxes/ros2_ws/install/hwpub/share/hwpub/cmake/hwpubConfig.cmake
-- Up-to-date symlink: /home/osboxes/ros2_ws/install/hwpub/share/hwpub/cmake/hwpubConfig-version.cmake
-- Up-to-date symlink: /home/osboxes/ros2_ws/install/hwpub/share/hwpub/package.xml
-- Up-to-date: /home/osboxes/ros2_ws/install/hwpub/lib/libhwpub__rosidl_generator_c.so
-- Up-to-date: /home/osboxes/ros2_ws/install/hwpub/lib/libhwpub__rosidl_typesupport_fastrtps_c.so
-- Up-to-date: /home/osboxes/ros2_ws/install/hwpub/lib/libhwpub__rosidl_typesupport_fastrtps_cpp.so
-- Up-to-date: /home/osboxes/ros2_ws/install/hwpub/lib/libhwpub__rosidl_typesupport_introspection_c.so
-- Up-to-date: /home/osboxes/ros2_ws/install/hwpub/lib/libhwpub__rosidl_typesupport_c.so
-- Up-to-date: /home/osboxes/ros2_ws/install/hwpub/lib/libhwpub__rosidl_typesupport_introspection_cpp.so
-- Up-to-date: /home/osboxes/ros2_ws/install/hwpub/lib/libhwpub__rosidl_typesupport_cpp.so
Listing '/home/osboxes/ros2_ws/install/hwpub/local/lib/python3.10/dist-packages/hwpub'...
Compiling '/home/osboxes/ros2_ws/install/hwpub/local/lib/python3.10/dist-packages/hwpub/__init__.py'...
Listing '/home/osboxes/ros2_ws/install/hwpub/local/lib/python3.10/dist-packages/hwpub/msg'...
Listing '/home/osboxes/ros2_ws/install/hwpub/local/lib/python3.10/dist-packages/hwpub/srv'...
-- Up-to-date: /home/osboxes/ros2_ws/install/hwpub/lib/libhwpub__rosidl_generator_py.so
-- Up-to-date: /home/osboxes/ros2_ws/install/hwpub/share/hwpub/cmake/export_hwpub__rosidl_generator_cExport.cmake
-- Up-to-date: /home/osboxes/ros2_ws/install/hwpub/share/hwpub/cmake/export_hwpub__rosidl_generator_cExport-noconfig.cmake
-- Up-to-date: /home/osboxes/ros2_ws/install/hwpub/share/hwpub/cmake/export_hwpub__rosidl_typesupport_fastrtps_cExport.cmake
-- Up-to-date: /home/osboxes/ros2_ws/install/hwpub/share/hwpub/cmake/export_hwpub__rosidl_typesupport_fastrtps_cExport-noconfig.cmake
-- Up-to-date: /home/osboxes/ros2_ws/install/hwpub/share/hwpub/cmake/export_hwpub__rosidl_generator_cppExport.cmake
-- Up-to-date: /home/osboxes/ros2_ws/install/hwpub/share/hwpub/cmake/export_hwpub__rosidl_typesupport_fastrtps_cppExport.cmake
-- Up-to-date: /home/osboxes/ros2_ws/install/hwpub/share/hwpub/cmake/export_hwpub__rosidl_typesupport_fastrtps_cppExport-noconfig.cmake
-- Up-to-date: /home/osboxes/ros2_ws/install/hwpub/share/hwpub/cmake/hwpub__rosidl_typesupport_introspection_cExport.cmake
-- Up-to-date: /home/osboxes/ros2_ws/install/hwpub/share/hwpub/cmake/hwpub__rosidl_typesupport_introspection_cExport-noconfig.cmake
-- Up-to-date: /home/osboxes/ros2_ws/install/hwpub/share/hwpub/cmake/hwpub__rosidl_typesupport_cExport.cmake
-- Up-to-date: /home/osboxes/ros2_ws/install/hwpub/share/hwpub/cmake/hwpub__rosidl_typesupport_cExport-noconfig.cmake
-- Up-to-date: /home/osboxes/ros2_ws/install/hwpub/share/hwpub/cmake/hwpub__rosidl_typesupport_introspection_cppExport.cmake
-- Up-to-date: /home/osboxes/ros2_ws/install/hwpub/share/hwpub/cmake/hwpub__rosidl_typesupport_introspection_cppExport-noconfig.cmake
-- Up-to-date: /home/osboxes/ros2_ws/install/hwpub/share/hwpub/cmake/hwpub__rosidl_typesupport_cppExport.cmake
-- Up-to-date: /home/osboxes/ros2_ws/install/hwpub/share/hwpub/cmake/hwpub__rosidl_typesupport_cppExport-noconfig.cmake
-- Up-to-date: /home/osboxes/ros2_ws/install/hwpub/share/hwpub/cmake/export_hwpub__rosidl_generator_pyExport.cmake
-- Up-to-date: /home/osboxes/ros2_ws/install/hwpub/share/hwpub/cmake/export_hwpub__rosidl_generator_pyExport-noconfig.cmake
