[0.289s] Invoking command in '/home/tau/colcon_ws/build/dis_tutorial5': CMAKE_PREFIX_PATH=${CMAKE_PREFIX_PATH}:/home/tau/colcon_ws/install/dis_tutorial2:/opt/ros/humble /usr/bin/cmake --build /home/tau/colcon_ws/build/dis_tutorial5 -- -j16 -l16
[0.397s] [ 50%] Built target planes
[0.398s] [ 66%] Built target pcl_forwarder
[0.398s] [100%] Built target cylinder_segmentation
[0.431s] Invoked command in '/home/tau/colcon_ws/build/dis_tutorial5' returned '0': CMAKE_PREFIX_PATH=${CMAKE_PREFIX_PATH}:/home/tau/colcon_ws/install/dis_tutorial2:/opt/ros/humble /usr/bin/cmake --build /home/tau/colcon_ws/build/dis_tutorial5 -- -j16 -l16
[0.434s] Invoking command in '/home/tau/colcon_ws/build/dis_tutorial5': CMAKE_PREFIX_PATH=${CMAKE_PREFIX_PATH}:/home/tau/colcon_ws/install/dis_tutorial2:/opt/ros/humble /usr/bin/cmake --install /home/tau/colcon_ws/build/dis_tutorial5
[0.443s] -- Install configuration: ""
[0.443s] -- Up-to-date: /home/tau/colcon_ws/install/dis_tutorial5/lib/dis_tutorial5/pcl_forwarder
[0.444s] -- Up-to-date: /home/tau/colcon_ws/install/dis_tutorial5/lib/dis_tutorial5/planes
[0.444s] -- Up-to-date: /home/tau/colcon_ws/install/dis_tutorial5/lib/dis_tutorial5/cylinder_segmentation
[0.444s] -- Installing: /home/tau/colcon_ws/install/dis_tutorial5/lib/dis_tutorial5/detect_rings.py
[0.445s] -- Up-to-date: /home/tau/colcon_ws/install/dis_tutorial5/share/ament_index/resource_index/package_run_dependencies/dis_tutorial5
[0.445s] -- Up-to-date: /home/tau/colcon_ws/install/dis_tutorial5/share/ament_index/resource_index/parent_prefix_path/dis_tutorial5
[0.445s] -- Up-to-date: /home/tau/colcon_ws/install/dis_tutorial5/share/dis_tutorial5/environment/ament_prefix_path.sh
[0.445s] -- Up-to-date: /home/tau/colcon_ws/install/dis_tutorial5/share/dis_tutorial5/environment/ament_prefix_path.dsv
[0.445s] -- Up-to-date: /home/tau/colcon_ws/install/dis_tutorial5/share/dis_tutorial5/environment/path.sh
[0.445s] -- Up-to-date: /home/tau/colcon_ws/install/dis_tutorial5/share/dis_tutorial5/environment/path.dsv
[0.445s] -- Up-to-date: /home/tau/colcon_ws/install/dis_tutorial5/share/dis_tutorial5/local_setup.bash
[0.446s] -- Up-to-date: /home/tau/colcon_ws/install/dis_tutorial5/share/dis_tutorial5/local_setup.sh
[0.446s] -- Up-to-date: /home/tau/colcon_ws/install/dis_tutorial5/share/dis_tutorial5/local_setup.zsh
[0.446s] -- Up-to-date: /home/tau/colcon_ws/install/dis_tutorial5/share/dis_tutorial5/local_setup.dsv
[0.446s] -- Installing: /home/tau/colcon_ws/install/dis_tutorial5/share/dis_tutorial5/package.dsv
[0.446s] -- Up-to-date: /home/tau/colcon_ws/install/dis_tutorial5/share/ament_index/resource_index/packages/dis_tutorial5
[0.446s] -- Up-to-date: /home/tau/colcon_ws/install/dis_tutorial5/share/dis_tutorial5/cmake/dis_tutorial5Config.cmake
[0.446s] -- Up-to-date: /home/tau/colcon_ws/install/dis_tutorial5/share/dis_tutorial5/cmake/dis_tutorial5Config-version.cmake
[0.446s] -- Up-to-date: /home/tau/colcon_ws/install/dis_tutorial5/share/dis_tutorial5/package.xml
[0.451s] Invoked command in '/home/tau/colcon_ws/build/dis_tutorial5' returned '0': CMAKE_PREFIX_PATH=${CMAKE_PREFIX_PATH}:/home/tau/colcon_ws/install/dis_tutorial2:/opt/ros/humble /usr/bin/cmake --install /home/tau/colcon_ws/build/dis_tutorial5
