[0.795s] Invoking command in '/home/osboxes/ros2_ws/build/dis_tutorial3': CMAKE_PREFIX_PATH=/opt/ros/humble /usr/bin/cmake --build /home/osboxes/ros2_ws/build/dis_tutorial3 -- -j4 -l4
[1.018s] Invoked command in '/home/osboxes/ros2_ws/build/dis_tutorial3' returned '0': CMAKE_PREFIX_PATH=/opt/ros/humble /usr/bin/cmake --build /home/osboxes/ros2_ws/build/dis_tutorial3 -- -j4 -l4
[1.094s] Invoking command in '/home/osboxes/ros2_ws/build/dis_tutorial3': CMAKE_PREFIX_PATH=/opt/ros/humble /usr/bin/cmake --install /home/osboxes/ros2_ws/build/dis_tutorial3
[1.209s] -- Install configuration: ""
[1.222s] -- Up-to-date: /home/osboxes/ros2_ws/install/dis_tutorial3/share/dis_tutorial3//launch
[1.227s] -- Up-to-date: /home/osboxes/ros2_ws/install/dis_tutorial3/share/dis_tutorial3//launch/create3_nodes.launch.py
[1.227s] -- Up-to-date: /home/osboxes/ros2_ws/install/dis_tutorial3/share/dis_tutorial3//launch/nav2.launch.py
[1.228s] -- Up-to-date: /home/osboxes/ros2_ws/install/dis_tutorial3/share/dis_tutorial3//launch/turtlebot4_spawn.launch.py
[1.228s] -- Up-to-date: /home/osboxes/ros2_ws/install/dis_tutorial3/share/dis_tutorial3//launch/turtlebot4_spawn_nav.launch.py
[1.229s] -- Up-to-date: /home/osboxes/ros2_ws/install/dis_tutorial3/share/dis_tutorial3//launch/ignition.launch.py
[1.229s] -- Up-to-date: /home/osboxes/ros2_ws/install/dis_tutorial3/share/dis_tutorial3//launch/localization.launch.py
[1.229s] -- Up-to-date: /home/osboxes/ros2_ws/install/dis_tutorial3/share/dis_tutorial3//launch/sim_turtlebot_slam.launch.py
[1.231s] -- Up-to-date: /home/osboxes/ros2_ws/install/dis_tutorial3/share/dis_tutorial3//launch/slam.launch.py
[1.231s] -- Up-to-date: /home/osboxes/ros2_ws/install/dis_tutorial3/share/dis_tutorial3//launch/sim_turtlebot_nav.launch.py
[1.231s] -- Up-to-date: /home/osboxes/ros2_ws/install/dis_tutorial3/share/dis_tutorial3//launch/dis_sim.launch.py
[1.232s] -- Up-to-date: /home/osboxes/ros2_ws/install/dis_tutorial3/share/dis_tutorial3//config
[1.235s] -- Up-to-date: /home/osboxes/ros2_ws/install/dis_tutorial3/share/dis_tutorial3//config/laser_filter_chain.yaml
[1.235s] -- Up-to-date: /home/osboxes/ros2_ws/install/dis_tutorial3/share/dis_tutorial3//config/localization.yaml
[1.236s] -- Up-to-date: /home/osboxes/ros2_ws/install/dis_tutorial3/share/dis_tutorial3//config/slam.yaml
[1.236s] -- Up-to-date: /home/osboxes/ros2_ws/install/dis_tutorial3/share/dis_tutorial3//config/nav2.yaml
[1.236s] -- Up-to-date: /home/osboxes/ros2_ws/install/dis_tutorial3/share/dis_tutorial3//worlds
[1.236s] -- Up-to-date: /home/osboxes/ros2_ws/install/dis_tutorial3/share/dis_tutorial3//worlds/task2_demo2.sdf
[1.237s] -- Up-to-date: /home/osboxes/ros2_ws/install/dis_tutorial3/share/dis_tutorial3//worlds/demo2.sdf
[1.237s] -- Up-to-date: /home/osboxes/ros2_ws/install/dis_tutorial3/share/dis_tutorial3//worlds/task2_demo1.sdf
[1.237s] -- Up-to-date: /home/osboxes/ros2_ws/install/dis_tutorial3/share/dis_tutorial3//worlds/dis_meshes
[1.239s] -- Up-to-date: /home/osboxes/ros2_ws/install/dis_tutorial3/share/dis_tutorial3//worlds/dis_meshes/person2.jpg
[1.239s] -- Up-to-date: /home/osboxes/ros2_ws/install/dis_tutorial3/share/dis_tutorial3//worlds/dis_meshes/parking_space.jpg
[1.240s] -- Up-to-date: /home/osboxes/ros2_ws/install/dis_tutorial3/share/dis_tutorial3//worlds/dis_meshes/map.dae
[1.240s] -- Up-to-date: /home/osboxes/ros2_ws/install/dis_tutorial3/share/dis_tutorial3//worlds/dis_meshes/qr1.jpg
[1.242s] -- Up-to-date: /home/osboxes/ros2_ws/install/dis_tutorial3/share/dis_tutorial3//worlds/dis_meshes/davinci.jpg
[1.242s] -- Up-to-date: /home/osboxes/ros2_ws/install/dis_tutorial3/share/dis_tutorial3//worlds/dis_meshes/fakering3.jpg
[1.243s] -- Up-to-date: /home/osboxes/ros2_ws/install/dis_tutorial3/share/dis_tutorial3//worlds/dis_meshes/qr2.jpg
[1.243s] -- Up-to-date: /home/osboxes/ros2_ws/install/dis_tutorial3/share/dis_tutorial3//worlds/dis_meshes/person4.jpg
[1.244s] -- Up-to-date: /home/osboxes/ros2_ws/install/dis_tutorial3/share/dis_tutorial3//worlds/dis_meshes/fakering1.jpg
[1.244s] -- Up-to-date: /home/osboxes/ros2_ws/install/dis_tutorial3/share/dis_tutorial3//worlds/dis_meshes/person1.jpg
[1.244s] -- Up-to-date: /home/osboxes/ros2_ws/install/dis_tutorial3/share/dis_tutorial3//worlds/dis_meshes/cylinders.jpg
[1.244s] -- Up-to-date: /home/osboxes/ros2_ws/install/dis_tutorial3/share/dis_tutorial3//worlds/dis_meshes/ground.jpg
[1.245s] -- Up-to-date: /home/osboxes/ros2_ws/install/dis_tutorial3/share/dis_tutorial3//worlds/dis_meshes/person3.jpg
[1.245s] -- Up-to-date: /home/osboxes/ros2_ws/install/dis_tutorial3/share/dis_tutorial3//worlds/dis_meshes/mona1.jpg
[1.245s] -- Up-to-date: /home/osboxes/ros2_ws/install/dis_tutorial3/share/dis_tutorial3//worlds/dis_meshes/wood.jpg
[1.245s] -- Up-to-date: /home/osboxes/ros2_ws/install/dis_tutorial3/share/dis_tutorial3//worlds/dis_meshes/fakering2.jpg
[1.245s] -- Up-to-date: /home/osboxes/ros2_ws/install/dis_tutorial3/share/dis_tutorial3//worlds/dis_meshes/objects.jpg
[1.250s] -- Up-to-date: /home/osboxes/ros2_ws/install/dis_tutorial3/share/dis_tutorial3//worlds/dis_meshes/map_colliders.dae
[1.252s] -- Up-to-date: /home/osboxes/ros2_ws/install/dis_tutorial3/share/dis_tutorial3//worlds/dis_meshes/person5.jpg
[1.253s] -- Up-to-date: /home/osboxes/ros2_ws/install/dis_tutorial3/share/dis_tutorial3//worlds/demo1_meshes
[1.253s] -- Up-to-date: /home/osboxes/ros2_ws/install/dis_tutorial3/share/dis_tutorial3//worlds/demo1_meshes/parking_space.jpg
[1.254s] -- Up-to-date: /home/osboxes/ros2_ws/install/dis_tutorial3/share/dis_tutorial3//worlds/demo1_meshes/map.dae
[1.254s] -- Up-to-date: /home/osboxes/ros2_ws/install/dis_tutorial3/share/dis_tutorial3//worlds/demo1_meshes/qr1.jpg
[1.257s] -- Up-to-date: /home/osboxes/ros2_ws/install/dis_tutorial3/share/dis_tutorial3//worlds/demo1_meshes/person11.png
[1.258s] -- Up-to-date: /home/osboxes/ros2_ws/install/dis_tutorial3/share/dis_tutorial3//worlds/demo1_meshes/person2.png
[1.258s] -- Up-to-date: /home/osboxes/ros2_ws/install/dis_tutorial3/share/dis_tutorial3//worlds/demo1_meshes/person4.png
[1.258s] -- Up-to-date: /home/osboxes/ros2_ws/install/dis_tutorial3/share/dis_tutorial3//worlds/demo1_meshes/person5.png
[1.264s] -- Up-to-date: /home/osboxes/ros2_ws/install/dis_tutorial3/share/dis_tutorial3//worlds/demo1_meshes/fakering3.jpg
[1.265s] -- Up-to-date: /home/osboxes/ros2_ws/install/dis_tutorial3/share/dis_tutorial3//worlds/demo1_meshes/qr2.jpg
[1.265s] -- Up-to-date: /home/osboxes/ros2_ws/install/dis_tutorial3/share/dis_tutorial3//worlds/demo1_meshes/fakering1.jpg
[1.265s] -- Up-to-date: /home/osboxes/ros2_ws/install/dis_tutorial3/share/dis_tutorial3//worlds/demo1_meshes/cylinders.jpg
[1.265s] -- Up-to-date: /home/osboxes/ros2_ws/install/dis_tutorial3/share/dis_tutorial3//worlds/demo1_meshes/person1.png
[1.265s] -- Up-to-date: /home/osboxes/ros2_ws/install/dis_tutorial3/share/dis_tutorial3//worlds/demo1_meshes/ground.jpg
[1.265s] -- Up-to-date: /home/osboxes/ros2_ws/install/dis_tutorial3/share/dis_tutorial3//worlds/demo1_meshes/fakering2.jpg
[1.266s] -- Up-to-date: /home/osboxes/ros2_ws/install/dis_tutorial3/share/dis_tutorial3//worlds/demo1_meshes/objects.jpg
[1.266s] -- Up-to-date: /home/osboxes/ros2_ws/install/dis_tutorial3/share/dis_tutorial3//worlds/demo1_meshes/map_colliders.dae
[1.266s] -- Up-to-date: /home/osboxes/ros2_ws/install/dis_tutorial3/share/dis_tutorial3//worlds/demo1_meshes/person3.png
[1.267s] -- Up-to-date: /home/osboxes/ros2_ws/install/dis_tutorial3/share/dis_tutorial3//worlds/demo2_meshes
[1.267s] -- Up-to-date: /home/osboxes/ros2_ws/install/dis_tutorial3/share/dis_tutorial3//worlds/demo2_meshes/parking_space.jpg
[1.267s] -- Up-to-date: /home/osboxes/ros2_ws/install/dis_tutorial3/share/dis_tutorial3//worlds/demo2_meshes/map.dae
[1.267s] -- Up-to-date: /home/osboxes/ros2_ws/install/dis_tutorial3/share/dis_tutorial3//worlds/demo2_meshes/qr1.jpg
[1.267s] -- Up-to-date: /home/osboxes/ros2_ws/install/dis_tutorial3/share/dis_tutorial3//worlds/demo2_meshes/person7.png
[1.268s] -- Up-to-date: /home/osboxes/ros2_ws/install/dis_tutorial3/share/dis_tutorial3//worlds/demo2_meshes/fakering3.jpg
[1.272s] -- Up-to-date: /home/osboxes/ros2_ws/install/dis_tutorial3/share/dis_tutorial3//worlds/demo2_meshes/person8.png
[1.272s] -- Up-to-date: /home/osboxes/ros2_ws/install/dis_tutorial3/share/dis_tutorial3//worlds/demo2_meshes/person20.png
[1.272s] -- Up-to-date: /home/osboxes/ros2_ws/install/dis_tutorial3/share/dis_tutorial3//worlds/demo2_meshes/qr2.jpg
[1.272s] -- Up-to-date: /home/osboxes/ros2_ws/install/dis_tutorial3/share/dis_tutorial3//worlds/demo2_meshes/person9.png
[1.273s] -- Up-to-date: /home/osboxes/ros2_ws/install/dis_tutorial3/share/dis_tutorial3//worlds/demo2_meshes/fakering1.jpg
[1.273s] -- Up-to-date: /home/osboxes/ros2_ws/install/dis_tutorial3/share/dis_tutorial3//worlds/demo2_meshes/person18.png
[1.278s] -- Up-to-date: /home/osboxes/ros2_ws/install/dis_tutorial3/share/dis_tutorial3//worlds/demo2_meshes/cylinders.jpg
[1.279s] -- Up-to-date: /home/osboxes/ros2_ws/install/dis_tutorial3/share/dis_tutorial3//worlds/demo2_meshes/ground.jpg
[1.279s] -- Up-to-date: /home/osboxes/ros2_ws/install/dis_tutorial3/share/dis_tutorial3//worlds/demo2_meshes/fakering2.jpg
[1.279s] -- Up-to-date: /home/osboxes/ros2_ws/install/dis_tutorial3/share/dis_tutorial3//worlds/demo2_meshes/objects.jpg
[1.279s] -- Up-to-date: /home/osboxes/ros2_ws/install/dis_tutorial3/share/dis_tutorial3//worlds/demo2_meshes/map_colliders.dae
[1.280s] -- Up-to-date: /home/osboxes/ros2_ws/install/dis_tutorial3/share/dis_tutorial3//worlds/demo2_meshes/person6.png
[1.281s] -- Up-to-date: /home/osboxes/ros2_ws/install/dis_tutorial3/share/dis_tutorial3//worlds/empty.sdf
[1.281s] -- Up-to-date: /home/osboxes/ros2_ws/install/dis_tutorial3/share/dis_tutorial3//worlds/task3.sdf
[1.281s] -- Up-to-date: /home/osboxes/ros2_ws/install/dis_tutorial3/share/dis_tutorial3//worlds/task2_demo2_meshes
[1.281s] -- Up-to-date: /home/osboxes/ros2_ws/install/dis_tutorial3/share/dis_tutorial3//worlds/task2_demo2_meshes/parking_space.jpg
[1.282s] -- Up-to-date: /home/osboxes/ros2_ws/install/dis_tutorial3/share/dis_tutorial3//worlds/task2_demo2_meshes/map.dae
[1.282s] -- Up-to-date: /home/osboxes/ros2_ws/install/dis_tutorial3/share/dis_tutorial3//worlds/task2_demo2_meshes/fakering3.jpg
[1.282s] -- Up-to-date: /home/osboxes/ros2_ws/install/dis_tutorial3/share/dis_tutorial3//worlds/task2_demo2_meshes/fakering1.jpg
[1.282s] -- Up-to-date: /home/osboxes/ros2_ws/install/dis_tutorial3/share/dis_tutorial3//worlds/task2_demo2_meshes/cylinders.jpg
[1.282s] -- Up-to-date: /home/osboxes/ros2_ws/install/dis_tutorial3/share/dis_tutorial3//worlds/task2_demo2_meshes/ground.jpg
[1.302s] -- Up-to-date: /home/osboxes/ros2_ws/install/dis_tutorial3/share/dis_tutorial3//worlds/task2_demo2_meshes/fakering2.jpg
[1.303s] -- Up-to-date: /home/osboxes/ros2_ws/install/dis_tutorial3/share/dis_tutorial3//worlds/task2_demo2_meshes/objects.jpg
[1.303s] -- Up-to-date: /home/osboxes/ros2_ws/install/dis_tutorial3/share/dis_tutorial3//worlds/task2_demo2_meshes/map_colliders.dae
[1.303s] -- Up-to-date: /home/osboxes/ros2_ws/install/dis_tutorial3/share/dis_tutorial3//worlds/dis.sdf
[1.305s] -- Up-to-date: /home/osboxes/ros2_ws/install/dis_tutorial3/share/dis_tutorial3//worlds/demo1.sdf
[1.305s] -- Up-to-date: /home/osboxes/ros2_ws/install/dis_tutorial3/share/dis_tutorial3//worlds/task3_meshes
[1.305s] -- Up-to-date: /home/osboxes/ros2_ws/install/dis_tutorial3/share/dis_tutorial3//worlds/task3_meshes/parking_space.jpg
[1.305s] -- Up-to-date: /home/osboxes/ros2_ws/install/dis_tutorial3/share/dis_tutorial3//worlds/task3_meshes/easy_anomona_0.png
[1.305s] -- Up-to-date: /home/osboxes/ros2_ws/install/dis_tutorial3/share/dis_tutorial3//worlds/task3_meshes/anomona_3.png
[1.306s] -- Up-to-date: /home/osboxes/ros2_ws/install/dis_tutorial3/share/dis_tutorial3//worlds/task3_meshes/easy_anomona_4.png
[1.307s] -- Up-to-date: /home/osboxes/ros2_ws/install/dis_tutorial3/share/dis_tutorial3//worlds/task3_meshes/villager2.png
[1.307s] -- Up-to-date: /home/osboxes/ros2_ws/install/dis_tutorial3/share/dis_tutorial3//worlds/task3_meshes/map.dae
[1.307s] -- Up-to-date: /home/osboxes/ros2_ws/install/dis_tutorial3/share/dis_tutorial3//worlds/task3_meshes/fakering3.jpg
[1.308s] -- Up-to-date: /home/osboxes/ros2_ws/install/dis_tutorial3/share/dis_tutorial3//worlds/task3_meshes/villager1.png
[1.308s] -- Up-to-date: /home/osboxes/ros2_ws/install/dis_tutorial3/share/dis_tutorial3//worlds/task3_meshes/mona.png
[1.309s] -- Up-to-date: /home/osboxes/ros2_ws/install/dis_tutorial3/share/dis_tutorial3//worlds/task3_meshes/qr_cheat.png
[1.309s] -- Up-to-date: /home/osboxes/ros2_ws/install/dis_tutorial3/share/dis_tutorial3//worlds/task3_meshes/easy_anomona_1.png
[1.311s] -- Up-to-date: /home/osboxes/ros2_ws/install/dis_tutorial3/share/dis_tutorial3//worlds/task3_meshes/fakering1.jpg
[1.311s] -- Up-to-date: /home/osboxes/ros2_ws/install/dis_tutorial3/share/dis_tutorial3//worlds/task3_meshes/anomona_4.png
[1.312s] -- Up-to-date: /home/osboxes/ros2_ws/install/dis_tutorial3/share/dis_tutorial3//worlds/task3_meshes/anomona_1.png
[1.312s] -- Up-to-date: /home/osboxes/ros2_ws/install/dis_tutorial3/share/dis_tutorial3//worlds/task3_meshes/anomona_0.png
[1.312s] -- Up-to-date: /home/osboxes/ros2_ws/install/dis_tutorial3/share/dis_tutorial3//worlds/task3_meshes/cylinders.jpg
[1.312s] -- Up-to-date: /home/osboxes/ros2_ws/install/dis_tutorial3/share/dis_tutorial3//worlds/task3_meshes/villager5.png
[1.312s] -- Up-to-date: /home/osboxes/ros2_ws/install/dis_tutorial3/share/dis_tutorial3//worlds/task3_meshes/easy_anomona_3.png
[1.313s] -- Up-to-date: /home/osboxes/ros2_ws/install/dis_tutorial3/share/dis_tutorial3//worlds/task3_meshes/ground.jpg
[1.313s] -- Up-to-date: /home/osboxes/ros2_ws/install/dis_tutorial3/share/dis_tutorial3//worlds/task3_meshes/easy_anomona_2.png
[1.316s] -- Up-to-date: /home/osboxes/ros2_ws/install/dis_tutorial3/share/dis_tutorial3//worlds/task3_meshes/villager3.png
[1.322s] -- Up-to-date: /home/osboxes/ros2_ws/install/dis_tutorial3/share/dis_tutorial3//worlds/task3_meshes/anomona_2.png
[1.322s] -- Up-to-date: /home/osboxes/ros2_ws/install/dis_tutorial3/share/dis_tutorial3//worlds/task3_meshes/fakering2.jpg
[1.323s] -- Up-to-date: /home/osboxes/ros2_ws/install/dis_tutorial3/share/dis_tutorial3//worlds/task3_meshes/objects.jpg
[1.323s] -- Up-to-date: /home/osboxes/ros2_ws/install/dis_tutorial3/share/dis_tutorial3//worlds/task3_meshes/villager4.png
[1.323s] -- Up-to-date: /home/osboxes/ros2_ws/install/dis_tutorial3/share/dis_tutorial3//worlds/task3_meshes/map_colliders.dae
[1.324s] -- Up-to-date: /home/osboxes/ros2_ws/install/dis_tutorial3/share/dis_tutorial3//worlds/task3_meshes/qr_url.png
[1.325s] -- Up-to-date: /home/osboxes/ros2_ws/install/dis_tutorial3/share/dis_tutorial3//worlds/task3_meshes/qr_wrong.png
[1.325s] -- Up-to-date: /home/osboxes/ros2_ws/install/dis_tutorial3/share/dis_tutorial3//worlds/task2_demo1_meshes
[1.326s] -- Up-to-date: /home/osboxes/ros2_ws/install/dis_tutorial3/share/dis_tutorial3//worlds/task2_demo1_meshes/parking_space.jpg
[1.326s] -- Up-to-date: /home/osboxes/ros2_ws/install/dis_tutorial3/share/dis_tutorial3//worlds/task2_demo1_meshes/map.dae
[1.329s] -- Up-to-date: /home/osboxes/ros2_ws/install/dis_tutorial3/share/dis_tutorial3//worlds/task2_demo1_meshes/fakering3.jpg
[1.329s] -- Up-to-date: /home/osboxes/ros2_ws/install/dis_tutorial3/share/dis_tutorial3//worlds/task2_demo1_meshes/fakering1.jpg
[1.329s] -- Up-to-date: /home/osboxes/ros2_ws/install/dis_tutorial3/share/dis_tutorial3//worlds/task2_demo1_meshes/cylinders.jpg
[1.330s] -- Up-to-date: /home/osboxes/ros2_ws/install/dis_tutorial3/share/dis_tutorial3//worlds/task2_demo1_meshes/ground.jpg
[1.330s] -- Up-to-date: /home/osboxes/ros2_ws/install/dis_tutorial3/share/dis_tutorial3//worlds/task2_demo1_meshes/fakering2.jpg
[1.330s] -- Up-to-date: /home/osboxes/ros2_ws/install/dis_tutorial3/share/dis_tutorial3//worlds/task2_demo1_meshes/objects.jpg
[1.331s] -- Up-to-date: /home/osboxes/ros2_ws/install/dis_tutorial3/share/dis_tutorial3//worlds/task2_demo1_meshes/map_colliders.dae
[1.334s] -- Up-to-date: /home/osboxes/ros2_ws/install/dis_tutorial3/share/dis_tutorial3//maps
[1.334s] -- Up-to-date: /home/osboxes/ros2_ws/install/dis_tutorial3/share/dis_tutorial3//maps/map.yaml
[1.334s] -- Up-to-date: /home/osboxes/ros2_ws/install/dis_tutorial3/share/dis_tutorial3//maps/map.pgm
[1.335s] -- Up-to-date: /home/osboxes/ros2_ws/install/dis_tutorial3/lib/dis_tutorial3/detect_people.py
[1.335s] -- Up-to-date: /home/osboxes/ros2_ws/install/dis_tutorial3/lib/dis_tutorial3/robot_commander.py
[1.335s] -- Up-to-date: /home/osboxes/ros2_ws/install/dis_tutorial3/share/ament_index/resource_index/package_run_dependencies/dis_tutorial3
[1.335s] -- Up-to-date: /home/osboxes/ros2_ws/install/dis_tutorial3/share/ament_index/resource_index/parent_prefix_path/dis_tutorial3
[1.336s] -- Up-to-date: /home/osboxes/ros2_ws/install/dis_tutorial3/share/dis_tutorial3/environment/ament_prefix_path.sh
[1.336s] -- Up-to-date: /home/osboxes/ros2_ws/install/dis_tutorial3/share/dis_tutorial3/environment/ament_prefix_path.dsv
[1.336s] -- Up-to-date: /home/osboxes/ros2_ws/install/dis_tutorial3/share/dis_tutorial3/environment/path.sh
[1.340s] -- Up-to-date: /home/osboxes/ros2_ws/install/dis_tutorial3/share/dis_tutorial3/environment/path.dsv
[1.341s] -- Up-to-date: /home/osboxes/ros2_ws/install/dis_tutorial3/share/dis_tutorial3/local_setup.bash
[1.341s] -- Up-to-date: /home/osboxes/ros2_ws/install/dis_tutorial3/share/dis_tutorial3/local_setup.sh
[1.341s] -- Up-to-date: /home/osboxes/ros2_ws/install/dis_tutorial3/share/dis_tutorial3/local_setup.zsh
[1.341s] -- Up-to-date: /home/osboxes/ros2_ws/install/dis_tutorial3/share/dis_tutorial3/local_setup.dsv
[1.341s] -- Installing: /home/osboxes/ros2_ws/install/dis_tutorial3/share/dis_tutorial3/package.dsv
[1.342s] -- Up-to-date: /home/osboxes/ros2_ws/install/dis_tutorial3/share/ament_index/resource_index/packages/dis_tutorial3
[1.342s] -- Up-to-date: /home/osboxes/ros2_ws/install/dis_tutorial3/share/dis_tutorial3/cmake/dis_tutorial3Config.cmake
[1.344s] -- Up-to-date: /home/osboxes/ros2_ws/install/dis_tutorial3/share/dis_tutorial3/cmake/dis_tutorial3Config-version.cmake
[1.345s] -- Up-to-date: /home/osboxes/ros2_ws/install/dis_tutorial3/share/dis_tutorial3/package.xml
[1.429s] Invoked command in '/home/osboxes/ros2_ws/build/dis_tutorial3' returned '0': CMAKE_PREFIX_PATH=/opt/ros/humble /usr/bin/cmake --install /home/osboxes/ros2_ws/build/dis_tutorial3
