[1.123s] Invoking command in '/home/osboxes/ros2_ws/build/dis_tutorial2': PYTHONPATH=/home/osboxes/ros2_ws/build/dis_tutorial2/prefix_override:/usr/lib/python3/dist-packages/colcon_core/task/python/colcon_distutils_commands:/home/osboxes/ros2_ws/install/dis_tutorial2/lib/python3.10/site-packages:${PYTHONPATH} /usr/bin/python3 -W ignore:setup.py install is deprecated -W ignore:easy_install command is deprecated setup.py develop --editable --build-directory /home/osboxes/ros2_ws/build/dis_tutorial2/build --no-deps symlink_data
[1.583s] running develop
[1.821s] running egg_info
[1.822s] writing dis_tutorial2.egg-info/PKG-INFO
[1.822s] writing dependency_links to dis_tutorial2.egg-info/dependency_links.txt
[1.823s] writing entry points to dis_tutorial2.egg-info/entry_points.txt
[1.824s] writing requirements to dis_tutorial2.egg-info/requires.txt
[1.824s] writing top-level names to dis_tutorial2.egg-info/top_level.txt
[1.827s] reading manifest file 'dis_tutorial2.egg-info/SOURCES.txt'
[1.828s] writing manifest file 'dis_tutorial2.egg-info/SOURCES.txt'
[1.829s] running build_ext
[1.830s] Creating /home/osboxes/ros2_ws/install/dis_tutorial2/lib/python3.10/site-packages/dis-tutorial2.egg-link (link to .)
[1.831s] Installing achtung_die_turtle script to /home/osboxes/ros2_ws/install/dis_tutorial2/lib/dis_tutorial2
[1.831s] Installing go_to_position script to /home/osboxes/ros2_ws/install/dis_tutorial2/lib/dis_tutorial2
[1.831s] Installing intersection script to /home/osboxes/ros2_ws/install/dis_tutorial2/lib/dis_tutorial2
[1.831s] Installing random_velocity_publisher script to /home/osboxes/ros2_ws/install/dis_tutorial2/lib/dis_tutorial2
[1.831s] Installing turtle_move script to /home/osboxes/ros2_ws/install/dis_tutorial2/lib/dis_tutorial2
[1.832s] 
[1.832s] Installed /home/osboxes/ros2_ws/build/dis_tutorial2
[1.832s] running symlink_data
[1.874s] Invoked command in '/home/osboxes/ros2_ws/build/dis_tutorial2' returned '0': PYTHONPATH=/home/osboxes/ros2_ws/build/dis_tutorial2/prefix_override:/usr/lib/python3/dist-packages/colcon_core/task/python/colcon_distutils_commands:/home/osboxes/ros2_ws/install/dis_tutorial2/lib/python3.10/site-packages:${PYTHONPATH} /usr/bin/python3 -W ignore:setup.py install is deprecated -W ignore:easy_install command is deprecated setup.py develop --editable --build-directory /home/osboxes/ros2_ws/build/dis_tutorial2/build --no-deps symlink_data
