[0.052s] Invoking command in '/home/ilija/ros2_ws/src/RINS/build/hwpub': CMAKE_PREFIX_PATH=${CMAKE_PREFIX_PATH}:/home/ilija/ros2_ws/src/RINS/install/dis_tutorial2:/opt/ros/humble /usr/bin/cmake --build /home/ilija/ros2_ws/src/RINS/build/hwpub -- -j2 -l2
[0.464s] [  2%] Built target hwpub__cpp
[0.498s] [ 12%] Built target hwpub__rosidl_generator_c
[0.630s] [ 12%] Built target ament_cmake_python_symlink_hwpub
[0.650s] [ 23%] Built target hwpub__rosidl_typesupport_cpp
[0.753s] [ 33%] Built target hwpub__rosidl_typesupport_fastrtps_c
[0.784s] [ 43%] Built target hwpub__rosidl_typesupport_fastrtps_cpp
[0.859s] [ 53%] Built target hwpub__rosidl_typesupport_introspection_c
[0.924s] [ 64%] Built target hwpub__rosidl_typesupport_c
[0.985s] [ 74%] Built target hwpub__rosidl_typesupport_introspection_cpp
[1.107s] [ 74%] Built target hwpub
[1.220s] [ 76%] Built target hwpub__py
[1.333s] [ 84%] Built target hwpub__rosidl_generator_py
[1.444s] [ 89%] Built target hwpub__rosidl_typesupport_fastrtps_c__pyext
[1.564s] [ 94%] Built target hwpub__rosidl_typesupport_introspection_c__pyext
[1.692s] [100%] Built target hwpub__rosidl_typesupport_c__pyext
[1.859s] running egg_info
[1.861s] writing hwpub.egg-info/PKG-INFO
[1.863s] writing dependency_links to hwpub.egg-info/dependency_links.txt
[1.865s] writing top-level names to hwpub.egg-info/top_level.txt
[1.874s] reading manifest file 'hwpub.egg-info/SOURCES.txt'
[1.876s] writing manifest file 'hwpub.egg-info/SOURCES.txt'
[1.972s] [100%] Built target ament_cmake_python_build_hwpub_egg
[2.024s] Invoked command in '/home/ilija/ros2_ws/src/RINS/build/hwpub' returned '0': CMAKE_PREFIX_PATH=${CMAKE_PREFIX_PATH}:/home/ilija/ros2_ws/src/RINS/install/dis_tutorial2:/opt/ros/humble /usr/bin/cmake --build /home/ilija/ros2_ws/src/RINS/build/hwpub -- -j2 -l2
[2.036s] Invoking command in '/home/ilija/ros2_ws/src/RINS/build/hwpub': CMAKE_PREFIX_PATH=${CMAKE_PREFIX_PATH}:/home/ilija/ros2_ws/src/RINS/install/dis_tutorial2:/opt/ros/humble /usr/bin/cmake --install /home/ilija/ros2_ws/src/RINS/build/hwpub
[2.065s] -- Install configuration: ""
[2.069s] -- Execute custom install script
[2.073s] -- Up-to-date symlink: /home/ilija/ros2_ws/src/RINS/install/hwpub/share/ament_index/resource_index/rosidl_interfaces/hwpub
[2.076s] -- Up-to-date symlink: /home/ilija/ros2_ws/src/RINS/install/hwpub/include/hwpub/hwpub/msg/detail/hwmsg__functions.h
[2.079s] -- Up-to-date symlink: /home/ilija/ros2_ws/src/RINS/install/hwpub/include/hwpub/hwpub/msg/detail/hwmsg__struct.h
[2.080s] -- Up-to-date symlink: /home/ilija/ros2_ws/src/RINS/install/hwpub/include/hwpub/hwpub/msg/detail/hwmsg__type_support.h
[2.083s] -- Up-to-date symlink: /home/ilija/ros2_ws/src/RINS/install/hwpub/include/hwpub/hwpub/msg/hwmsg.h
[2.087s] -- Up-to-date symlink: /home/ilija/ros2_ws/src/RINS/install/hwpub/include/hwpub/hwpub/msg/rosidl_generator_c__visibility_control.h
[2.090s] -- Up-to-date symlink: /home/ilija/ros2_ws/src/RINS/install/hwpub/include/hwpub/hwpub/srv/customserv.h
[2.091s] -- Up-to-date symlink: /home/ilija/ros2_ws/src/RINS/install/hwpub/include/hwpub/hwpub/srv/detail/customserv__functions.h
[2.094s] -- Up-to-date symlink: /home/ilija/ros2_ws/src/RINS/install/hwpub/include/hwpub/hwpub/srv/detail/customserv__struct.h
[2.097s] -- Up-to-date symlink: /home/ilija/ros2_ws/src/RINS/install/hwpub/include/hwpub/hwpub/srv/detail/customserv__type_support.h
[2.102s] -- Up-to-date symlink: /home/ilija/ros2_ws/src/RINS/install/hwpub/share/hwpub/environment/library_path.sh
[2.103s] -- Up-to-date symlink: /home/ilija/ros2_ws/src/RINS/install/hwpub/share/hwpub/environment/library_path.dsv
[2.106s] -- Up-to-date symlink: /home/ilija/ros2_ws/src/RINS/install/hwpub/include/hwpub/hwpub/msg/detail/hwmsg__rosidl_typesupport_fastrtps_c.h
[2.108s] -- Up-to-date symlink: /home/ilija/ros2_ws/src/RINS/install/hwpub/include/hwpub/hwpub/msg/rosidl_typesupport_fastrtps_c__visibility_control.h
[2.110s] -- Up-to-date symlink: /home/ilija/ros2_ws/src/RINS/install/hwpub/include/hwpub/hwpub/srv/detail/customserv__rosidl_typesupport_fastrtps_c.h
[2.113s] -- Up-to-date symlink: /home/ilija/ros2_ws/src/RINS/install/hwpub/include/hwpub/hwpub/msg/detail/hwmsg__builder.hpp
[2.115s] -- Up-to-date symlink: /home/ilija/ros2_ws/src/RINS/install/hwpub/include/hwpub/hwpub/msg/detail/hwmsg__struct.hpp
[2.117s] -- Up-to-date symlink: /home/ilija/ros2_ws/src/RINS/install/hwpub/include/hwpub/hwpub/msg/detail/hwmsg__traits.hpp
[2.119s] -- Up-to-date symlink: /home/ilija/ros2_ws/src/RINS/install/hwpub/include/hwpub/hwpub/msg/detail/hwmsg__type_support.hpp
[2.121s] -- Up-to-date symlink: /home/ilija/ros2_ws/src/RINS/install/hwpub/include/hwpub/hwpub/msg/hwmsg.hpp
[2.123s] -- Up-to-date symlink: /home/ilija/ros2_ws/src/RINS/install/hwpub/include/hwpub/hwpub/msg/rosidl_generator_cpp__visibility_control.hpp
[2.125s] -- Up-to-date symlink: /home/ilija/ros2_ws/src/RINS/install/hwpub/include/hwpub/hwpub/srv/customserv.hpp
[2.127s] -- Up-to-date symlink: /home/ilija/ros2_ws/src/RINS/install/hwpub/include/hwpub/hwpub/srv/detail/customserv__builder.hpp
[2.129s] -- Up-to-date symlink: /home/ilija/ros2_ws/src/RINS/install/hwpub/include/hwpub/hwpub/srv/detail/customserv__struct.hpp
[2.131s] -- Up-to-date symlink: /home/ilija/ros2_ws/src/RINS/install/hwpub/include/hwpub/hwpub/srv/detail/customserv__traits.hpp
[2.133s] -- Up-to-date symlink: /home/ilija/ros2_ws/src/RINS/install/hwpub/include/hwpub/hwpub/srv/detail/customserv__type_support.hpp
[2.137s] -- Up-to-date symlink: /home/ilija/ros2_ws/src/RINS/install/hwpub/include/hwpub/hwpub/msg/detail/hwmsg__rosidl_typesupport_fastrtps_cpp.hpp
[2.138s] -- Up-to-date symlink: /home/ilija/ros2_ws/src/RINS/install/hwpub/include/hwpub/hwpub/msg/rosidl_typesupport_fastrtps_cpp__visibility_control.h
[2.140s] -- Up-to-date symlink: /home/ilija/ros2_ws/src/RINS/install/hwpub/include/hwpub/hwpub/srv/detail/customserv__rosidl_typesupport_fastrtps_cpp.hpp
[2.144s] -- Up-to-date symlink: /home/ilija/ros2_ws/src/RINS/install/hwpub/include/hwpub/hwpub/msg/detail/hwmsg__rosidl_typesupport_introspection_c.h
[2.145s] -- Up-to-date symlink: /home/ilija/ros2_ws/src/RINS/install/hwpub/include/hwpub/hwpub/msg/rosidl_typesupport_introspection_c__visibility_control.h
[2.147s] -- Up-to-date symlink: /home/ilija/ros2_ws/src/RINS/install/hwpub/include/hwpub/hwpub/srv/detail/customserv__rosidl_typesupport_introspection_c.h
[2.150s] -- Up-to-date symlink: /home/ilija/ros2_ws/src/RINS/install/hwpub/include/hwpub/hwpub/msg/detail/hwmsg__rosidl_typesupport_introspection_cpp.hpp
[2.152s] -- Up-to-date symlink: /home/ilija/ros2_ws/src/RINS/install/hwpub/include/hwpub/hwpub/srv/detail/customserv__rosidl_typesupport_introspection_cpp.hpp
[2.154s] -- Up-to-date symlink: /home/ilija/ros2_ws/src/RINS/install/hwpub/share/hwpub/environment/pythonpath.sh
[2.154s] -- Up-to-date symlink: /home/ilija/ros2_ws/src/RINS/install/hwpub/share/hwpub/environment/pythonpath.dsv
[2.155s] -- Up-to-date symlink: /home/ilija/ros2_ws/src/RINS/install/hwpub/local/lib/python3.10/dist-packages/hwpub-0.0.1-py3.10.egg-info/PKG-INFO
[2.159s] -- Up-to-date symlink: /home/ilija/ros2_ws/src/RINS/install/hwpub/local/lib/python3.10/dist-packages/hwpub-0.0.1-py3.10.egg-info/SOURCES.txt
[2.161s] -- Up-to-date symlink: /home/ilija/ros2_ws/src/RINS/install/hwpub/local/lib/python3.10/dist-packages/hwpub-0.0.1-py3.10.egg-info/dependency_links.txt
[2.162s] -- Up-to-date symlink: /home/ilija/ros2_ws/src/RINS/install/hwpub/local/lib/python3.10/dist-packages/hwpub-0.0.1-py3.10.egg-info/top_level.txt
[2.166s] -- Up-to-date symlink: /home/ilija/ros2_ws/src/RINS/install/hwpub/local/lib/python3.10/dist-packages/hwpub/__init__.py
[2.168s] -- Up-to-date symlink: /home/ilija/ros2_ws/src/RINS/install/hwpub/local/lib/python3.10/dist-packages/hwpub/_hwpub_s.ep.rosidl_typesupport_c.c
[2.171s] -- Up-to-date symlink: /home/ilija/ros2_ws/src/RINS/install/hwpub/local/lib/python3.10/dist-packages/hwpub/_hwpub_s.ep.rosidl_typesupport_fastrtps_c.c
[2.171s] -- Up-to-date symlink: /home/ilija/ros2_ws/src/RINS/install/hwpub/local/lib/python3.10/dist-packages/hwpub/_hwpub_s.ep.rosidl_typesupport_introspection_c.c
[2.173s] -- Up-to-date symlink: /home/ilija/ros2_ws/src/RINS/install/hwpub/local/lib/python3.10/dist-packages/hwpub/hwpub_s__rosidl_typesupport_c.cpython-310-x86_64-linux-gnu.so
[2.175s] -- Up-to-date symlink: /home/ilija/ros2_ws/src/RINS/install/hwpub/local/lib/python3.10/dist-packages/hwpub/hwpub_s__rosidl_typesupport_fastrtps_c.cpython-310-x86_64-linux-gnu.so
[2.177s] -- Up-to-date symlink: /home/ilija/ros2_ws/src/RINS/install/hwpub/local/lib/python3.10/dist-packages/hwpub/hwpub_s__rosidl_typesupport_introspection_c.cpython-310-x86_64-linux-gnu.so
[2.178s] -- Up-to-date symlink: /home/ilija/ros2_ws/src/RINS/install/hwpub/local/lib/python3.10/dist-packages/hwpub/libhwpub__rosidl_generator_py.so
[2.180s] -- Up-to-date symlink: /home/ilija/ros2_ws/src/RINS/install/hwpub/local/lib/python3.10/dist-packages/hwpub/msg/__init__.py
[2.183s] -- Up-to-date symlink: /home/ilija/ros2_ws/src/RINS/install/hwpub/local/lib/python3.10/dist-packages/hwpub/msg/_hwmsg.py
[2.183s] -- Up-to-date symlink: /home/ilija/ros2_ws/src/RINS/install/hwpub/local/lib/python3.10/dist-packages/hwpub/msg/_hwmsg_s.c
[2.187s] -- Up-to-date symlink: /home/ilija/ros2_ws/src/RINS/install/hwpub/local/lib/python3.10/dist-packages/hwpub/srv/__init__.py
[2.190s] -- Up-to-date symlink: /home/ilija/ros2_ws/src/RINS/install/hwpub/local/lib/python3.10/dist-packages/hwpub/srv/_customserv.py
[2.190s] -- Up-to-date symlink: /home/ilija/ros2_ws/src/RINS/install/hwpub/local/lib/python3.10/dist-packages/hwpub/srv/_customserv_s.c
[2.193s] -- Up-to-date symlink: /home/ilija/ros2_ws/src/RINS/install/hwpub/local/lib/python3.10/dist-packages/hwpub/hwpub_s__rosidl_typesupport_fastrtps_c.cpython-310-x86_64-linux-gnu.so
[2.196s] -- Up-to-date symlink: /home/ilija/ros2_ws/src/RINS/install/hwpub/local/lib/python3.10/dist-packages/hwpub/hwpub_s__rosidl_typesupport_introspection_c.cpython-310-x86_64-linux-gnu.so
[2.199s] -- Up-to-date symlink: /home/ilija/ros2_ws/src/RINS/install/hwpub/local/lib/python3.10/dist-packages/hwpub/hwpub_s__rosidl_typesupport_c.cpython-310-x86_64-linux-gnu.so
[2.201s] -- Up-to-date symlink: /home/ilija/ros2_ws/src/RINS/install/hwpub/share/hwpub/msg/Hwmsg.idl
[2.203s] -- Up-to-date symlink: /home/ilija/ros2_ws/src/RINS/install/hwpub/share/hwpub/srv/Customserv.idl
[2.204s] -- Up-to-date symlink: /home/ilija/ros2_ws/src/RINS/install/hwpub/share/hwpub/msg/Hwmsg.msg
[2.205s] -- Up-to-date symlink: /home/ilija/ros2_ws/src/RINS/install/hwpub/share/hwpub/srv/Customserv.srv
[2.207s] -- Up-to-date symlink: /home/ilija/ros2_ws/src/RINS/install/hwpub/share/hwpub/srv/Customserv_Request.msg
[2.209s] -- Up-to-date symlink: /home/ilija/ros2_ws/src/RINS/install/hwpub/share/hwpub/srv/Customserv_Response.msg
[2.211s] -- Up-to-date symlink: /home/ilija/ros2_ws/src/RINS/install/hwpub/lib/hwpub/py_move_trajectory.py
[2.212s] -- Up-to-date symlink: /home/ilija/ros2_ws/src/RINS/install/hwpub/share/ament_index/resource_index/package_run_dependencies/hwpub
[2.214s] -- Up-to-date symlink: /home/ilija/ros2_ws/src/RINS/install/hwpub/share/ament_index/resource_index/parent_prefix_path/hwpub
[2.214s] -- Up-to-date symlink: /home/ilija/ros2_ws/src/RINS/install/hwpub/share/hwpub/environment/ament_prefix_path.sh
[2.215s] -- Up-to-date symlink: /home/ilija/ros2_ws/src/RINS/install/hwpub/share/hwpub/environment/ament_prefix_path.dsv
[2.215s] -- Up-to-date symlink: /home/ilija/ros2_ws/src/RINS/install/hwpub/share/hwpub/environment/path.sh
[2.217s] -- Up-to-date symlink: /home/ilija/ros2_ws/src/RINS/install/hwpub/share/hwpub/environment/path.dsv
[2.219s] -- Up-to-date symlink: /home/ilija/ros2_ws/src/RINS/install/hwpub/share/hwpub/local_setup.bash
[2.221s] -- Up-to-date symlink: /home/ilija/ros2_ws/src/RINS/install/hwpub/share/hwpub/local_setup.sh
[2.223s] -- Up-to-date symlink: /home/ilija/ros2_ws/src/RINS/install/hwpub/share/hwpub/local_setup.zsh
[2.224s] -- Up-to-date symlink: /home/ilija/ros2_ws/src/RINS/install/hwpub/share/hwpub/local_setup.dsv
[2.224s] -- Symlinking: /home/ilija/ros2_ws/src/RINS/install/hwpub/share/hwpub/package.dsv
[2.265s] -- Up-to-date symlink: /home/ilija/ros2_ws/src/RINS/install/hwpub/share/ament_index/resource_index/packages/hwpub
[2.268s] -- Up-to-date symlink: /home/ilija/ros2_ws/src/RINS/install/hwpub/share/hwpub/cmake/rosidl_cmake-extras.cmake
[2.269s] -- Up-to-date symlink: /home/ilija/ros2_ws/src/RINS/install/hwpub/share/hwpub/cmake/ament_cmake_export_dependencies-extras.cmake
[2.273s] -- Up-to-date symlink: /home/ilija/ros2_ws/src/RINS/install/hwpub/share/hwpub/cmake/ament_cmake_export_include_directories-extras.cmake
[2.275s] -- Up-to-date symlink: /home/ilija/ros2_ws/src/RINS/install/hwpub/share/hwpub/cmake/ament_cmake_export_libraries-extras.cmake
[2.278s] -- Up-to-date symlink: /home/ilija/ros2_ws/src/RINS/install/hwpub/share/hwpub/cmake/ament_cmake_export_targets-extras.cmake
[2.280s] -- Up-to-date symlink: /home/ilija/ros2_ws/src/RINS/install/hwpub/share/hwpub/cmake/rosidl_cmake_export_typesupport_targets-extras.cmake
[2.283s] -- Up-to-date symlink: /home/ilija/ros2_ws/src/RINS/install/hwpub/share/hwpub/cmake/rosidl_cmake_export_typesupport_libraries-extras.cmake
[2.284s] -- Up-to-date symlink: /home/ilija/ros2_ws/src/RINS/install/hwpub/share/hwpub/cmake/hwpubConfig.cmake
[2.286s] -- Up-to-date symlink: /home/ilija/ros2_ws/src/RINS/install/hwpub/share/hwpub/cmake/hwpubConfig-version.cmake
[2.286s] -- Up-to-date symlink: /home/ilija/ros2_ws/src/RINS/install/hwpub/share/hwpub/package.xml
[2.288s] -- Up-to-date: /home/ilija/ros2_ws/src/RINS/install/hwpub/lib/libhwpub__rosidl_generator_c.so
[2.290s] -- Up-to-date: /home/ilija/ros2_ws/src/RINS/install/hwpub/lib/libhwpub__rosidl_typesupport_fastrtps_c.so
[2.293s] -- Up-to-date: /home/ilija/ros2_ws/src/RINS/install/hwpub/lib/libhwpub__rosidl_typesupport_fastrtps_cpp.so
[2.294s] -- Up-to-date: /home/ilija/ros2_ws/src/RINS/install/hwpub/lib/libhwpub__rosidl_typesupport_introspection_c.so
[2.294s] -- Up-to-date: /home/ilija/ros2_ws/src/RINS/install/hwpub/lib/libhwpub__rosidl_typesupport_c.so
[2.296s] -- Up-to-date: /home/ilija/ros2_ws/src/RINS/install/hwpub/lib/libhwpub__rosidl_typesupport_introspection_cpp.so
[2.298s] -- Up-to-date: /home/ilija/ros2_ws/src/RINS/install/hwpub/lib/libhwpub__rosidl_typesupport_cpp.so
[2.408s] Listing '/home/ilija/ros2_ws/src/RINS/install/hwpub/local/lib/python3.10/dist-packages/hwpub'...
[2.409s] Listing '/home/ilija/ros2_ws/src/RINS/install/hwpub/local/lib/python3.10/dist-packages/hwpub/msg'...
[2.409s] Listing '/home/ilija/ros2_ws/src/RINS/install/hwpub/local/lib/python3.10/dist-packages/hwpub/srv'...
[2.423s] -- Up-to-date: /home/ilija/ros2_ws/src/RINS/install/hwpub/lib/libhwpub__rosidl_generator_py.so
[2.424s] -- Up-to-date: /home/ilija/ros2_ws/src/RINS/install/hwpub/share/hwpub/cmake/export_hwpub__rosidl_generator_cExport.cmake
[2.425s] -- Up-to-date: /home/ilija/ros2_ws/src/RINS/install/hwpub/share/hwpub/cmake/export_hwpub__rosidl_generator_cExport-noconfig.cmake
[2.427s] -- Up-to-date: /home/ilija/ros2_ws/src/RINS/install/hwpub/share/hwpub/cmake/export_hwpub__rosidl_typesupport_fastrtps_cExport.cmake
[2.427s] -- Up-to-date: /home/ilija/ros2_ws/src/RINS/install/hwpub/share/hwpub/cmake/export_hwpub__rosidl_typesupport_fastrtps_cExport-noconfig.cmake
[2.428s] -- Up-to-date: /home/ilija/ros2_ws/src/RINS/install/hwpub/share/hwpub/cmake/export_hwpub__rosidl_generator_cppExport.cmake
[2.429s] -- Up-to-date: /home/ilija/ros2_ws/src/RINS/install/hwpub/share/hwpub/cmake/export_hwpub__rosidl_typesupport_fastrtps_cppExport.cmake
[2.430s] -- Up-to-date: /home/ilija/ros2_ws/src/RINS/install/hwpub/share/hwpub/cmake/export_hwpub__rosidl_typesupport_fastrtps_cppExport-noconfig.cmake
[2.430s] -- Up-to-date: /home/ilija/ros2_ws/src/RINS/install/hwpub/share/hwpub/cmake/hwpub__rosidl_typesupport_introspection_cExport.cmake
[2.431s] -- Up-to-date: /home/ilija/ros2_ws/src/RINS/install/hwpub/share/hwpub/cmake/hwpub__rosidl_typesupport_introspection_cExport-noconfig.cmake
[2.431s] -- Up-to-date: /home/ilija/ros2_ws/src/RINS/install/hwpub/share/hwpub/cmake/hwpub__rosidl_typesupport_cExport.cmake
[2.431s] -- Up-to-date: /home/ilija/ros2_ws/src/RINS/install/hwpub/share/hwpub/cmake/hwpub__rosidl_typesupport_cExport-noconfig.cmake
[2.432s] -- Up-to-date: /home/ilija/ros2_ws/src/RINS/install/hwpub/share/hwpub/cmake/hwpub__rosidl_typesupport_introspection_cppExport.cmake
[2.433s] -- Up-to-date: /home/ilija/ros2_ws/src/RINS/install/hwpub/share/hwpub/cmake/hwpub__rosidl_typesupport_introspection_cppExport-noconfig.cmake
[2.433s] -- Up-to-date: /home/ilija/ros2_ws/src/RINS/install/hwpub/share/hwpub/cmake/hwpub__rosidl_typesupport_cppExport.cmake
[2.434s] -- Up-to-date: /home/ilija/ros2_ws/src/RINS/install/hwpub/share/hwpub/cmake/hwpub__rosidl_typesupport_cppExport-noconfig.cmake
[2.436s] -- Up-to-date: /home/ilija/ros2_ws/src/RINS/install/hwpub/share/hwpub/cmake/export_hwpub__rosidl_generator_pyExport.cmake
[2.436s] -- Up-to-date: /home/ilija/ros2_ws/src/RINS/install/hwpub/share/hwpub/cmake/export_hwpub__rosidl_generator_pyExport-noconfig.cmake
[2.446s] Invoked command in '/home/ilija/ros2_ws/src/RINS/build/hwpub' returned '0': CMAKE_PREFIX_PATH=${CMAKE_PREFIX_PATH}:/home/ilija/ros2_ws/src/RINS/install/dis_tutorial2:/opt/ros/humble /usr/bin/cmake --install /home/ilija/ros2_ws/src/RINS/build/hwpub
