[0.409s] Invoking command in '/home/tau/colcon_ws/src/dis_tutorial2': PYTHONPATH=/home/tau/colcon_ws/build/dis_tutorial2/prefix_override:/usr/lib/python3/dist-packages/colcon_core/task/python/colcon_distutils_commands:/home/tau/colcon_ws/install/dis_tutorial2/lib/python3.10/site-packages:${PYTHONPATH} /usr/bin/python3 -W ignore:setup.py install is deprecated -W ignore:easy_install command is deprecated setup.py egg_info --egg-base ../../build/dis_tutorial2 build --build-base /home/tau/colcon_ws/build/dis_tutorial2/build install --record /home/tau/colcon_ws/build/dis_tutorial2/install.log --single-version-externally-managed install_data
[0.584s] running egg_info
[0.584s] creating ../../build/dis_tutorial2/dis_tutorial2.egg-info
[0.584s] writing ../../build/dis_tutorial2/dis_tutorial2.egg-info/PKG-INFO
[0.584s] writing dependency_links to ../../build/dis_tutorial2/dis_tutorial2.egg-info/dependency_links.txt
[0.584s] writing entry points to ../../build/dis_tutorial2/dis_tutorial2.egg-info/entry_points.txt
[0.584s] writing requirements to ../../build/dis_tutorial2/dis_tutorial2.egg-info/requires.txt
[0.585s] writing top-level names to ../../build/dis_tutorial2/dis_tutorial2.egg-info/top_level.txt
[0.585s] writing manifest file '../../build/dis_tutorial2/dis_tutorial2.egg-info/SOURCES.txt'
[0.586s] reading manifest file '../../build/dis_tutorial2/dis_tutorial2.egg-info/SOURCES.txt'
[0.587s] writing manifest file '../../build/dis_tutorial2/dis_tutorial2.egg-info/SOURCES.txt'
[0.587s] running build
[0.587s] running build_py
[0.587s] creating /home/tau/colcon_ws/build/dis_tutorial2/build
[0.587s] creating /home/tau/colcon_ws/build/dis_tutorial2/build/lib
[0.587s] creating /home/tau/colcon_ws/build/dis_tutorial2/build/lib/dis_tutorial2
[0.587s] copying dis_tutorial2/__init__.py -> /home/tau/colcon_ws/build/dis_tutorial2/build/lib/dis_tutorial2
[0.587s] copying dis_tutorial2/go_to_position_simple_node.py -> /home/tau/colcon_ws/build/dis_tutorial2/build/lib/dis_tutorial2
[0.587s] copying dis_tutorial2/achtung_die_turtles.py -> /home/tau/colcon_ws/build/dis_tutorial2/build/lib/dis_tutorial2
[0.587s] copying dis_tutorial2/random_velocity_publisher_node.py -> /home/tau/colcon_ws/build/dis_tutorial2/build/lib/dis_tutorial2
[0.587s] running install
[0.588s] running install_lib
[0.588s] creating /home/tau/colcon_ws/install/dis_tutorial2/lib/python3.10/site-packages/dis_tutorial2
[0.588s] copying /home/tau/colcon_ws/build/dis_tutorial2/build/lib/dis_tutorial2/__init__.py -> /home/tau/colcon_ws/install/dis_tutorial2/lib/python3.10/site-packages/dis_tutorial2
[0.588s] copying /home/tau/colcon_ws/build/dis_tutorial2/build/lib/dis_tutorial2/go_to_position_simple_node.py -> /home/tau/colcon_ws/install/dis_tutorial2/lib/python3.10/site-packages/dis_tutorial2
[0.588s] copying /home/tau/colcon_ws/build/dis_tutorial2/build/lib/dis_tutorial2/achtung_die_turtles.py -> /home/tau/colcon_ws/install/dis_tutorial2/lib/python3.10/site-packages/dis_tutorial2
[0.588s] copying /home/tau/colcon_ws/build/dis_tutorial2/build/lib/dis_tutorial2/random_velocity_publisher_node.py -> /home/tau/colcon_ws/install/dis_tutorial2/lib/python3.10/site-packages/dis_tutorial2
[0.589s] byte-compiling /home/tau/colcon_ws/install/dis_tutorial2/lib/python3.10/site-packages/dis_tutorial2/__init__.py to __init__.cpython-310.pyc
[0.589s] byte-compiling /home/tau/colcon_ws/install/dis_tutorial2/lib/python3.10/site-packages/dis_tutorial2/go_to_position_simple_node.py to go_to_position_simple_node.cpython-310.pyc
[0.590s] byte-compiling /home/tau/colcon_ws/install/dis_tutorial2/lib/python3.10/site-packages/dis_tutorial2/achtung_die_turtles.py to achtung_die_turtles.cpython-310.pyc
[0.591s] byte-compiling /home/tau/colcon_ws/install/dis_tutorial2/lib/python3.10/site-packages/dis_tutorial2/random_velocity_publisher_node.py to random_velocity_publisher_node.cpython-310.pyc
[0.591s] running install_data
[0.591s] creating /home/tau/colcon_ws/install/dis_tutorial2/share/ament_index
[0.591s] creating /home/tau/colcon_ws/install/dis_tutorial2/share/ament_index/resource_index
[0.591s] creating /home/tau/colcon_ws/install/dis_tutorial2/share/ament_index/resource_index/packages
[0.591s] copying resource/dis_tutorial2 -> /home/tau/colcon_ws/install/dis_tutorial2/share/ament_index/resource_index/packages
[0.592s] copying package.xml -> /home/tau/colcon_ws/install/dis_tutorial2/share/dis_tutorial2
[0.592s] creating /home/tau/colcon_ws/install/dis_tutorial2/share/dis_tutorial2/launch
[0.592s] copying launch/example_launch.xml -> /home/tau/colcon_ws/install/dis_tutorial2/share/dis_tutorial2/launch
[0.592s] copying launch/example_launch.yaml -> /home/tau/colcon_ws/install/dis_tutorial2/share/dis_tutorial2/launch
[0.592s] copying launch/example_launch.py -> /home/tau/colcon_ws/install/dis_tutorial2/share/dis_tutorial2/launch
[0.592s] copying launch/go_to_position_launch.py -> /home/tau/colcon_ws/install/dis_tutorial2/share/dis_tutorial2/launch
[0.592s] running install_egg_info
[0.593s] Copying ../../build/dis_tutorial2/dis_tutorial2.egg-info to /home/tau/colcon_ws/install/dis_tutorial2/lib/python3.10/site-packages/dis_tutorial2-0.0.1-py3.10.egg-info
[0.594s] running install_scripts
[0.608s] Installing achtung_die_turtle script to /home/tau/colcon_ws/install/dis_tutorial2/lib/dis_tutorial2
[0.609s] Installing go_to_position script to /home/tau/colcon_ws/install/dis_tutorial2/lib/dis_tutorial2
[0.609s] Installing intersection script to /home/tau/colcon_ws/install/dis_tutorial2/lib/dis_tutorial2
[0.609s] Installing random_velocity_publisher script to /home/tau/colcon_ws/install/dis_tutorial2/lib/dis_tutorial2
[0.609s] writing list of installed files to '/home/tau/colcon_ws/build/dis_tutorial2/install.log'
[0.626s] Invoked command in '/home/tau/colcon_ws/src/dis_tutorial2' returned '0': PYTHONPATH=/home/tau/colcon_ws/build/dis_tutorial2/prefix_override:/usr/lib/python3/dist-packages/colcon_core/task/python/colcon_distutils_commands:/home/tau/colcon_ws/install/dis_tutorial2/lib/python3.10/site-packages:${PYTHONPATH} /usr/bin/python3 -W ignore:setup.py install is deprecated -W ignore:easy_install command is deprecated setup.py egg_info --egg-base ../../build/dis_tutorial2 build --build-base /home/tau/colcon_ws/build/dis_tutorial2/build install --record /home/tau/colcon_ws/build/dis_tutorial2/install.log --single-version-externally-managed install_data
