[0.164s] Invoking command in '/home/osboxes/ros2_ws/build/dis_tutorial1': CMAKE_PREFIX_PATH=/opt/ros/humble /usr/bin/cmake --build /home/osboxes/ros2_ws/build/dis_tutorial1 -- -j4 -l4
[1.696s] [  1%] Built target dis_tutorial1__cpp
[1.696s] [  5%] Built target simple_publisher
[1.696s] [  9%] Built target simple_subscriber
[1.697s] [ 13%] Built target simple_set_bool_server_node
[1.697s] [ 21%] Built target dis_tutorial1__rosidl_typesupport_cpp
[1.697s] [ 29%] Built target dis_tutorial1__rosidl_typesupport_fastrtps_cpp
[1.697s] [ 37%] Built target dis_tutorial1__rosidl_typesupport_introspection_cpp
[1.926s] [ 41%] Built target simple_client_node
[2.079s] [ 45%] Built target simple_server_node
[2.245s] [ 49%] Built target complete_node
[2.698s] [ 49%] Built target ament_cmake_python_copy_dis_tutorial1
[2.929s] [ 56%] Built target dis_tutorial1__rosidl_generator_c
[4.544s] running egg_info
[4.555s] writing dis_tutorial1.egg-info/PKG-INFO
[4.556s] writing dependency_links to dis_tutorial1.egg-info/dependency_links.txt
[4.556s] writing top-level names to dis_tutorial1.egg-info/top_level.txt
[4.573s] reading manifest file 'dis_tutorial1.egg-info/SOURCES.txt'
[4.573s] writing manifest file 'dis_tutorial1.egg-info/SOURCES.txt'
[4.765s] [ 56%] Built target ament_cmake_python_build_dis_tutorial1_egg
[5.084s] [ 64%] Built target dis_tutorial1__rosidl_typesupport_c
[5.247s] [ 72%] Built target dis_tutorial1__rosidl_typesupport_introspection_c
[5.351s] [ 80%] Built target dis_tutorial1__rosidl_typesupport_fastrtps_c
[5.489s] [ 80%] Built target dis_tutorial1
[5.713s] [ 82%] Built target dis_tutorial1__py
[5.983s] [ 88%] Built target dis_tutorial1__rosidl_generator_py
[6.128s] [ 92%] Built target dis_tutorial1__rosidl_typesupport_fastrtps_c__pyext
[6.245s] [ 96%] Built target dis_tutorial1__rosidl_typesupport_c__pyext
[6.361s] [100%] Built target dis_tutorial1__rosidl_typesupport_introspection_c__pyext
[6.410s] Invoked command in '/home/osboxes/ros2_ws/build/dis_tutorial1' returned '0': CMAKE_PREFIX_PATH=/opt/ros/humble /usr/bin/cmake --build /home/osboxes/ros2_ws/build/dis_tutorial1 -- -j4 -l4
[6.420s] Invoking command in '/home/osboxes/ros2_ws/build/dis_tutorial1': CMAKE_PREFIX_PATH=/opt/ros/humble /usr/bin/cmake --install /home/osboxes/ros2_ws/build/dis_tutorial1
[6.503s] -- Install configuration: ""
[6.503s] -- Up-to-date: /home/osboxes/ros2_ws/install/dis_tutorial1/share/ament_index/resource_index/rosidl_interfaces/dis_tutorial1
[6.503s] -- Up-to-date: /home/osboxes/ros2_ws/install/dis_tutorial1/include/dis_tutorial1/dis_tutorial1
[6.504s] -- Up-to-date: /home/osboxes/ros2_ws/install/dis_tutorial1/include/dis_tutorial1/dis_tutorial1/msg
[6.504s] -- Up-to-date: /home/osboxes/ros2_ws/install/dis_tutorial1/include/dis_tutorial1/dis_tutorial1/msg/rosidl_generator_c__visibility_control.h
[6.504s] -- Up-to-date: /home/osboxes/ros2_ws/install/dis_tutorial1/include/dis_tutorial1/dis_tutorial1/msg/custom_message.h
[6.504s] -- Up-to-date: /home/osboxes/ros2_ws/install/dis_tutorial1/include/dis_tutorial1/dis_tutorial1/msg/detail
[6.504s] -- Up-to-date: /home/osboxes/ros2_ws/install/dis_tutorial1/include/dis_tutorial1/dis_tutorial1/msg/detail/custom_message__type_support.h
[6.505s] -- Up-to-date: /home/osboxes/ros2_ws/install/dis_tutorial1/include/dis_tutorial1/dis_tutorial1/msg/detail/custom_message__functions.h
[6.505s] -- Up-to-date: /home/osboxes/ros2_ws/install/dis_tutorial1/include/dis_tutorial1/dis_tutorial1/msg/detail/custom_message__struct.h
[6.505s] -- Up-to-date: /home/osboxes/ros2_ws/install/dis_tutorial1/include/dis_tutorial1/dis_tutorial1/msg/detail/custom_message__functions.c
[6.505s] -- Up-to-date: /home/osboxes/ros2_ws/install/dis_tutorial1/include/dis_tutorial1/dis_tutorial1/srv
[6.518s] -- Up-to-date: /home/osboxes/ros2_ws/install/dis_tutorial1/include/dis_tutorial1/dis_tutorial1/srv/detail
[6.520s] -- Up-to-date: /home/osboxes/ros2_ws/install/dis_tutorial1/include/dis_tutorial1/dis_tutorial1/srv/detail/add_two_ints__functions.h
[6.520s] -- Up-to-date: /home/osboxes/ros2_ws/install/dis_tutorial1/include/dis_tutorial1/dis_tutorial1/srv/detail/add_two_ints__functions.c
[6.520s] -- Up-to-date: /home/osboxes/ros2_ws/install/dis_tutorial1/include/dis_tutorial1/dis_tutorial1/srv/detail/add_two_ints__struct.h
[6.523s] -- Up-to-date: /home/osboxes/ros2_ws/install/dis_tutorial1/include/dis_tutorial1/dis_tutorial1/srv/detail/add_two_ints__type_support.h
[6.524s] -- Up-to-date: /home/osboxes/ros2_ws/install/dis_tutorial1/include/dis_tutorial1/dis_tutorial1/srv/add_two_ints.h
[6.525s] -- Up-to-date: /home/osboxes/ros2_ws/install/dis_tutorial1/share/dis_tutorial1/environment/library_path.sh
[6.529s] -- Up-to-date: /home/osboxes/ros2_ws/install/dis_tutorial1/share/dis_tutorial1/environment/library_path.dsv
[6.530s] -- Up-to-date: /home/osboxes/ros2_ws/install/dis_tutorial1/lib/libdis_tutorial1__rosidl_generator_c.so
[6.533s] -- Up-to-date: /home/osboxes/ros2_ws/install/dis_tutorial1/include/dis_tutorial1/dis_tutorial1
[6.533s] -- Up-to-date: /home/osboxes/ros2_ws/install/dis_tutorial1/include/dis_tutorial1/dis_tutorial1/msg
[6.533s] -- Up-to-date: /home/osboxes/ros2_ws/install/dis_tutorial1/include/dis_tutorial1/dis_tutorial1/msg/detail
[6.537s] -- Up-to-date: /home/osboxes/ros2_ws/install/dis_tutorial1/include/dis_tutorial1/dis_tutorial1/msg/detail/custom_message__rosidl_typesupport_fastrtps_c.h
[6.538s] -- Up-to-date: /home/osboxes/ros2_ws/install/dis_tutorial1/include/dis_tutorial1/dis_tutorial1/msg/rosidl_typesupport_fastrtps_c__visibility_control.h
[6.542s] -- Up-to-date: /home/osboxes/ros2_ws/install/dis_tutorial1/include/dis_tutorial1/dis_tutorial1/srv
[6.543s] -- Up-to-date: /home/osboxes/ros2_ws/install/dis_tutorial1/include/dis_tutorial1/dis_tutorial1/srv/detail
[6.546s] -- Up-to-date: /home/osboxes/ros2_ws/install/dis_tutorial1/include/dis_tutorial1/dis_tutorial1/srv/detail/add_two_ints__rosidl_typesupport_fastrtps_c.h
[6.546s] -- Up-to-date: /home/osboxes/ros2_ws/install/dis_tutorial1/lib/libdis_tutorial1__rosidl_typesupport_fastrtps_c.so
[6.546s] -- Up-to-date: /home/osboxes/ros2_ws/install/dis_tutorial1/include/dis_tutorial1/dis_tutorial1
[6.547s] -- Up-to-date: /home/osboxes/ros2_ws/install/dis_tutorial1/include/dis_tutorial1/dis_tutorial1/msg
[6.547s] -- Up-to-date: /home/osboxes/ros2_ws/install/dis_tutorial1/include/dis_tutorial1/dis_tutorial1/msg/rosidl_generator_cpp__visibility_control.hpp
[6.547s] -- Up-to-date: /home/osboxes/ros2_ws/install/dis_tutorial1/include/dis_tutorial1/dis_tutorial1/msg/custom_message.hpp
[6.554s] -- Up-to-date: /home/osboxes/ros2_ws/install/dis_tutorial1/include/dis_tutorial1/dis_tutorial1/msg/detail
[6.554s] -- Up-to-date: /home/osboxes/ros2_ws/install/dis_tutorial1/include/dis_tutorial1/dis_tutorial1/msg/detail/custom_message__builder.hpp
[6.554s] -- Up-to-date: /home/osboxes/ros2_ws/install/dis_tutorial1/include/dis_tutorial1/dis_tutorial1/msg/detail/custom_message__traits.hpp
[6.555s] -- Up-to-date: /home/osboxes/ros2_ws/install/dis_tutorial1/include/dis_tutorial1/dis_tutorial1/msg/detail/custom_message__struct.hpp
[6.559s] -- Up-to-date: /home/osboxes/ros2_ws/install/dis_tutorial1/include/dis_tutorial1/dis_tutorial1/msg/detail/custom_message__type_support.hpp
[6.561s] -- Up-to-date: /home/osboxes/ros2_ws/install/dis_tutorial1/include/dis_tutorial1/dis_tutorial1/srv
[6.565s] -- Up-to-date: /home/osboxes/ros2_ws/install/dis_tutorial1/include/dis_tutorial1/dis_tutorial1/srv/add_two_ints.hpp
[6.565s] -- Up-to-date: /home/osboxes/ros2_ws/install/dis_tutorial1/include/dis_tutorial1/dis_tutorial1/srv/detail
[6.567s] -- Up-to-date: /home/osboxes/ros2_ws/install/dis_tutorial1/include/dis_tutorial1/dis_tutorial1/srv/detail/add_two_ints__type_support.hpp
[6.567s] -- Up-to-date: /home/osboxes/ros2_ws/install/dis_tutorial1/include/dis_tutorial1/dis_tutorial1/srv/detail/add_two_ints__builder.hpp
[6.567s] -- Up-to-date: /home/osboxes/ros2_ws/install/dis_tutorial1/include/dis_tutorial1/dis_tutorial1/srv/detail/add_two_ints__traits.hpp
[6.568s] -- Up-to-date: /home/osboxes/ros2_ws/install/dis_tutorial1/include/dis_tutorial1/dis_tutorial1/srv/detail/add_two_ints__struct.hpp
[6.568s] -- Up-to-date: /home/osboxes/ros2_ws/install/dis_tutorial1/include/dis_tutorial1/dis_tutorial1
[6.575s] -- Up-to-date: /home/osboxes/ros2_ws/install/dis_tutorial1/include/dis_tutorial1/dis_tutorial1/msg
[6.576s] -- Up-to-date: /home/osboxes/ros2_ws/install/dis_tutorial1/include/dis_tutorial1/dis_tutorial1/msg/rosidl_typesupport_fastrtps_cpp__visibility_control.h
[6.576s] -- Up-to-date: /home/osboxes/ros2_ws/install/dis_tutorial1/include/dis_tutorial1/dis_tutorial1/msg/detail
[6.576s] -- Up-to-date: /home/osboxes/ros2_ws/install/dis_tutorial1/include/dis_tutorial1/dis_tutorial1/msg/detail/dds_fastrtps
[6.579s] -- Up-to-date: /home/osboxes/ros2_ws/install/dis_tutorial1/include/dis_tutorial1/dis_tutorial1/msg/detail/custom_message__rosidl_typesupport_fastrtps_cpp.hpp
[6.580s] -- Up-to-date: /home/osboxes/ros2_ws/install/dis_tutorial1/include/dis_tutorial1/dis_tutorial1/srv
[6.581s] -- Up-to-date: /home/osboxes/ros2_ws/install/dis_tutorial1/include/dis_tutorial1/dis_tutorial1/srv/detail
[6.581s] -- Up-to-date: /home/osboxes/ros2_ws/install/dis_tutorial1/include/dis_tutorial1/dis_tutorial1/srv/detail/dds_fastrtps
[6.581s] -- Up-to-date: /home/osboxes/ros2_ws/install/dis_tutorial1/include/dis_tutorial1/dis_tutorial1/srv/detail/add_two_ints__rosidl_typesupport_fastrtps_cpp.hpp
[6.581s] -- Up-to-date: /home/osboxes/ros2_ws/install/dis_tutorial1/lib/libdis_tutorial1__rosidl_typesupport_fastrtps_cpp.so
[6.587s] -- Up-to-date: /home/osboxes/ros2_ws/install/dis_tutorial1/include/dis_tutorial1/dis_tutorial1
[6.588s] -- Up-to-date: /home/osboxes/ros2_ws/install/dis_tutorial1/include/dis_tutorial1/dis_tutorial1/msg
[6.588s] -- Up-to-date: /home/osboxes/ros2_ws/install/dis_tutorial1/include/dis_tutorial1/dis_tutorial1/msg/rosidl_typesupport_introspection_c__visibility_control.h
[6.588s] -- Up-to-date: /home/osboxes/ros2_ws/install/dis_tutorial1/include/dis_tutorial1/dis_tutorial1/msg/detail
[6.588s] -- Up-to-date: /home/osboxes/ros2_ws/install/dis_tutorial1/include/dis_tutorial1/dis_tutorial1/msg/detail/custom_message__type_support.c
[6.588s] -- Up-to-date: /home/osboxes/ros2_ws/install/dis_tutorial1/include/dis_tutorial1/dis_tutorial1/msg/detail/custom_message__rosidl_typesupport_introspection_c.h
[6.589s] -- Up-to-date: /home/osboxes/ros2_ws/install/dis_tutorial1/include/dis_tutorial1/dis_tutorial1/srv
[6.592s] -- Up-to-date: /home/osboxes/ros2_ws/install/dis_tutorial1/include/dis_tutorial1/dis_tutorial1/srv/detail
[6.592s] -- Up-to-date: /home/osboxes/ros2_ws/install/dis_tutorial1/include/dis_tutorial1/dis_tutorial1/srv/detail/add_two_ints__type_support.c
[6.594s] -- Up-to-date: /home/osboxes/ros2_ws/install/dis_tutorial1/include/dis_tutorial1/dis_tutorial1/srv/detail/add_two_ints__rosidl_typesupport_introspection_c.h
[6.597s] -- Up-to-date: /home/osboxes/ros2_ws/install/dis_tutorial1/lib/libdis_tutorial1__rosidl_typesupport_introspection_c.so
[6.597s] -- Up-to-date: /home/osboxes/ros2_ws/install/dis_tutorial1/lib/libdis_tutorial1__rosidl_typesupport_c.so
[6.597s] -- Up-to-date: /home/osboxes/ros2_ws/install/dis_tutorial1/include/dis_tutorial1/dis_tutorial1
[6.597s] -- Up-to-date: /home/osboxes/ros2_ws/install/dis_tutorial1/include/dis_tutorial1/dis_tutorial1/msg
[6.597s] -- Up-to-date: /home/osboxes/ros2_ws/install/dis_tutorial1/include/dis_tutorial1/dis_tutorial1/msg/detail
[6.598s] -- Up-to-date: /home/osboxes/ros2_ws/install/dis_tutorial1/include/dis_tutorial1/dis_tutorial1/msg/detail/custom_message__type_support.cpp
[6.598s] -- Up-to-date: /home/osboxes/ros2_ws/install/dis_tutorial1/include/dis_tutorial1/dis_tutorial1/msg/detail/custom_message__rosidl_typesupport_introspection_cpp.hpp
[6.598s] -- Up-to-date: /home/osboxes/ros2_ws/install/dis_tutorial1/include/dis_tutorial1/dis_tutorial1/srv
[6.598s] -- Up-to-date: /home/osboxes/ros2_ws/install/dis_tutorial1/include/dis_tutorial1/dis_tutorial1/srv/detail
[6.603s] -- Up-to-date: /home/osboxes/ros2_ws/install/dis_tutorial1/include/dis_tutorial1/dis_tutorial1/srv/detail/add_two_ints__rosidl_typesupport_introspection_cpp.hpp
[6.603s] -- Up-to-date: /home/osboxes/ros2_ws/install/dis_tutorial1/include/dis_tutorial1/dis_tutorial1/srv/detail/add_two_ints__type_support.cpp
[6.604s] -- Up-to-date: /home/osboxes/ros2_ws/install/dis_tutorial1/lib/libdis_tutorial1__rosidl_typesupport_introspection_cpp.so
[6.605s] -- Up-to-date: /home/osboxes/ros2_ws/install/dis_tutorial1/lib/libdis_tutorial1__rosidl_typesupport_cpp.so
[6.605s] -- Up-to-date: /home/osboxes/ros2_ws/install/dis_tutorial1/share/dis_tutorial1/environment/pythonpath.sh
[6.605s] -- Up-to-date: /home/osboxes/ros2_ws/install/dis_tutorial1/share/dis_tutorial1/environment/pythonpath.dsv
[6.605s] -- Up-to-date: /home/osboxes/ros2_ws/install/dis_tutorial1/local/lib/python3.10/dist-packages/dis_tutorial1-0.0.1-py3.10.egg-info
[6.605s] -- Installing: /home/osboxes/ros2_ws/install/dis_tutorial1/local/lib/python3.10/dist-packages/dis_tutorial1-0.0.1-py3.10.egg-info/SOURCES.txt
[6.605s] -- Installing: /home/osboxes/ros2_ws/install/dis_tutorial1/local/lib/python3.10/dist-packages/dis_tutorial1-0.0.1-py3.10.egg-info/PKG-INFO
[6.605s] -- Installing: /home/osboxes/ros2_ws/install/dis_tutorial1/local/lib/python3.10/dist-packages/dis_tutorial1-0.0.1-py3.10.egg-info/dependency_links.txt
[6.609s] -- Installing: /home/osboxes/ros2_ws/install/dis_tutorial1/local/lib/python3.10/dist-packages/dis_tutorial1-0.0.1-py3.10.egg-info/top_level.txt
[6.609s] -- Up-to-date: /home/osboxes/ros2_ws/install/dis_tutorial1/local/lib/python3.10/dist-packages/dis_tutorial1
[6.610s] -- Up-to-date: /home/osboxes/ros2_ws/install/dis_tutorial1/local/lib/python3.10/dist-packages/dis_tutorial1/dis_tutorial1_s__rosidl_typesupport_fastrtps_c.cpython-310-x86_64-linux-gnu.so
[6.610s] -- Up-to-date: /home/osboxes/ros2_ws/install/dis_tutorial1/local/lib/python3.10/dist-packages/dis_tutorial1/_dis_tutorial1_s.ep.rosidl_typesupport_introspection_c.c
[6.614s] -- Up-to-date: /home/osboxes/ros2_ws/install/dis_tutorial1/local/lib/python3.10/dist-packages/dis_tutorial1/dis_tutorial1_s__rosidl_typesupport_c.cpython-310-x86_64-linux-gnu.so
[6.614s] -- Up-to-date: /home/osboxes/ros2_ws/install/dis_tutorial1/local/lib/python3.10/dist-packages/dis_tutorial1/msg
[6.614s] -- Up-to-date: /home/osboxes/ros2_ws/install/dis_tutorial1/local/lib/python3.10/dist-packages/dis_tutorial1/msg/__init__.py
[6.614s] -- Up-to-date: /home/osboxes/ros2_ws/install/dis_tutorial1/local/lib/python3.10/dist-packages/dis_tutorial1/msg/_custom_message_s.c
[6.614s] -- Up-to-date: /home/osboxes/ros2_ws/install/dis_tutorial1/local/lib/python3.10/dist-packages/dis_tutorial1/msg/_custom_message.py
[6.614s] -- Up-to-date: /home/osboxes/ros2_ws/install/dis_tutorial1/local/lib/python3.10/dist-packages/dis_tutorial1/dis_tutorial1_s__rosidl_typesupport_introspection_c.cpython-310-x86_64-linux-gnu.so
[6.614s] -- Up-to-date: /home/osboxes/ros2_ws/install/dis_tutorial1/local/lib/python3.10/dist-packages/dis_tutorial1/libdis_tutorial1__rosidl_generator_py.so
[6.614s] -- Up-to-date: /home/osboxes/ros2_ws/install/dis_tutorial1/local/lib/python3.10/dist-packages/dis_tutorial1/__init__.py
[6.614s] -- Up-to-date: /home/osboxes/ros2_ws/install/dis_tutorial1/local/lib/python3.10/dist-packages/dis_tutorial1/_dis_tutorial1_s.ep.rosidl_typesupport_fastrtps_c.c
[6.614s] -- Up-to-date: /home/osboxes/ros2_ws/install/dis_tutorial1/local/lib/python3.10/dist-packages/dis_tutorial1/_dis_tutorial1_s.ep.rosidl_typesupport_c.c
[6.614s] -- Up-to-date: /home/osboxes/ros2_ws/install/dis_tutorial1/local/lib/python3.10/dist-packages/dis_tutorial1/srv
[6.614s] -- Up-to-date: /home/osboxes/ros2_ws/install/dis_tutorial1/local/lib/python3.10/dist-packages/dis_tutorial1/srv/_add_two_ints.py
[6.614s] -- Up-to-date: /home/osboxes/ros2_ws/install/dis_tutorial1/local/lib/python3.10/dist-packages/dis_tutorial1/srv/_add_two_ints_s.c
[6.615s] -- Up-to-date: /home/osboxes/ros2_ws/install/dis_tutorial1/local/lib/python3.10/dist-packages/dis_tutorial1/srv/__init__.py
[6.686s] Listing '/home/osboxes/ros2_ws/install/dis_tutorial1/local/lib/python3.10/dist-packages/dis_tutorial1'...
[6.688s] Listing '/home/osboxes/ros2_ws/install/dis_tutorial1/local/lib/python3.10/dist-packages/dis_tutorial1/msg'...
[6.688s] Listing '/home/osboxes/ros2_ws/install/dis_tutorial1/local/lib/python3.10/dist-packages/dis_tutorial1/srv'...
[6.695s] -- Up-to-date: /home/osboxes/ros2_ws/install/dis_tutorial1/local/lib/python3.10/dist-packages/dis_tutorial1/dis_tutorial1_s__rosidl_typesupport_fastrtps_c.cpython-310-x86_64-linux-gnu.so
[6.695s] -- Up-to-date: /home/osboxes/ros2_ws/install/dis_tutorial1/local/lib/python3.10/dist-packages/dis_tutorial1/dis_tutorial1_s__rosidl_typesupport_introspection_c.cpython-310-x86_64-linux-gnu.so
[6.695s] -- Up-to-date: /home/osboxes/ros2_ws/install/dis_tutorial1/local/lib/python3.10/dist-packages/dis_tutorial1/dis_tutorial1_s__rosidl_typesupport_c.cpython-310-x86_64-linux-gnu.so
[6.699s] -- Up-to-date: /home/osboxes/ros2_ws/install/dis_tutorial1/lib/libdis_tutorial1__rosidl_generator_py.so
[6.699s] -- Up-to-date: /home/osboxes/ros2_ws/install/dis_tutorial1/share/dis_tutorial1/msg/CustomMessage.idl
[6.699s] -- Up-to-date: /home/osboxes/ros2_ws/install/dis_tutorial1/share/dis_tutorial1/srv/AddTwoInts.idl
[6.699s] -- Up-to-date: /home/osboxes/ros2_ws/install/dis_tutorial1/share/dis_tutorial1/msg/CustomMessage.msg
[6.699s] -- Up-to-date: /home/osboxes/ros2_ws/install/dis_tutorial1/share/dis_tutorial1/srv/AddTwoInts.srv
[6.699s] -- Up-to-date: /home/osboxes/ros2_ws/install/dis_tutorial1/share/dis_tutorial1/srv/AddTwoInts_Request.msg
[6.699s] -- Up-to-date: /home/osboxes/ros2_ws/install/dis_tutorial1/share/dis_tutorial1/srv/AddTwoInts_Response.msg
[6.699s] -- Up-to-date: /home/osboxes/ros2_ws/install/dis_tutorial1/lib/dis_tutorial1/simple_publisher
[6.699s] -- Up-to-date: /home/osboxes/ros2_ws/install/dis_tutorial1/lib/dis_tutorial1/simple_subscriber
[6.701s] -- Up-to-date: /home/osboxes/ros2_ws/install/dis_tutorial1/lib/dis_tutorial1/simple_client_node
[6.702s] -- Up-to-date: /home/osboxes/ros2_ws/install/dis_tutorial1/lib/dis_tutorial1/simple_server_node
[6.703s] -- Up-to-date: /home/osboxes/ros2_ws/install/dis_tutorial1/lib/dis_tutorial1/complete_node
[6.703s] -- Up-to-date: /home/osboxes/ros2_ws/install/dis_tutorial1/lib/dis_tutorial1/simple_set_bool_server_node
[6.703s] -- Up-to-date: /home/osboxes/ros2_ws/install/dis_tutorial1/lib/dis_tutorial1/py_simple_publisher.py
[6.703s] -- Up-to-date: /home/osboxes/ros2_ws/install/dis_tutorial1/lib/dis_tutorial1/py_simple_subscriber.py
[6.704s] -- Up-to-date: /home/osboxes/ros2_ws/install/dis_tutorial1/lib/dis_tutorial1/py_simple_server_node.py
[6.704s] -- Up-to-date: /home/osboxes/ros2_ws/install/dis_tutorial1/lib/dis_tutorial1/py_simple_client_node.py
[6.704s] -- Up-to-date: /home/osboxes/ros2_ws/install/dis_tutorial1/lib/dis_tutorial1/py_complete_node.py
[6.704s] -- Up-to-date: /home/osboxes/ros2_ws/install/dis_tutorial1/lib/dis_tutorial1/py_draw_square.py
[6.704s] -- Up-to-date: /home/osboxes/ros2_ws/install/dis_tutorial1/share/ament_index/resource_index/package_run_dependencies/dis_tutorial1
[6.704s] -- Up-to-date: /home/osboxes/ros2_ws/install/dis_tutorial1/share/ament_index/resource_index/parent_prefix_path/dis_tutorial1
[6.704s] -- Up-to-date: /home/osboxes/ros2_ws/install/dis_tutorial1/share/dis_tutorial1/environment/ament_prefix_path.sh
[6.704s] -- Up-to-date: /home/osboxes/ros2_ws/install/dis_tutorial1/share/dis_tutorial1/environment/ament_prefix_path.dsv
[6.706s] -- Up-to-date: /home/osboxes/ros2_ws/install/dis_tutorial1/share/dis_tutorial1/environment/path.sh
[6.706s] -- Up-to-date: /home/osboxes/ros2_ws/install/dis_tutorial1/share/dis_tutorial1/environment/path.dsv
[6.706s] -- Up-to-date: /home/osboxes/ros2_ws/install/dis_tutorial1/share/dis_tutorial1/local_setup.bash
[6.707s] -- Up-to-date: /home/osboxes/ros2_ws/install/dis_tutorial1/share/dis_tutorial1/local_setup.sh
[6.707s] -- Up-to-date: /home/osboxes/ros2_ws/install/dis_tutorial1/share/dis_tutorial1/local_setup.zsh
[6.707s] -- Up-to-date: /home/osboxes/ros2_ws/install/dis_tutorial1/share/dis_tutorial1/local_setup.dsv
[6.707s] -- Installing: /home/osboxes/ros2_ws/install/dis_tutorial1/share/dis_tutorial1/package.dsv
[6.707s] -- Up-to-date: /home/osboxes/ros2_ws/install/dis_tutorial1/share/ament_index/resource_index/packages/dis_tutorial1
[6.707s] -- Up-to-date: /home/osboxes/ros2_ws/install/dis_tutorial1/share/dis_tutorial1/cmake/export_dis_tutorial1__rosidl_generator_cExport.cmake
[6.707s] -- Up-to-date: /home/osboxes/ros2_ws/install/dis_tutorial1/share/dis_tutorial1/cmake/export_dis_tutorial1__rosidl_generator_cExport-noconfig.cmake
[6.707s] -- Up-to-date: /home/osboxes/ros2_ws/install/dis_tutorial1/share/dis_tutorial1/cmake/export_dis_tutorial1__rosidl_typesupport_fastrtps_cExport.cmake
[6.707s] -- Up-to-date: /home/osboxes/ros2_ws/install/dis_tutorial1/share/dis_tutorial1/cmake/export_dis_tutorial1__rosidl_typesupport_fastrtps_cExport-noconfig.cmake
[6.707s] -- Up-to-date: /home/osboxes/ros2_ws/install/dis_tutorial1/share/dis_tutorial1/cmake/export_dis_tutorial1__rosidl_generator_cppExport.cmake
[6.707s] -- Up-to-date: /home/osboxes/ros2_ws/install/dis_tutorial1/share/dis_tutorial1/cmake/export_dis_tutorial1__rosidl_typesupport_fastrtps_cppExport.cmake
[6.707s] -- Up-to-date: /home/osboxes/ros2_ws/install/dis_tutorial1/share/dis_tutorial1/cmake/export_dis_tutorial1__rosidl_typesupport_fastrtps_cppExport-noconfig.cmake
[6.708s] -- Up-to-date: /home/osboxes/ros2_ws/install/dis_tutorial1/share/dis_tutorial1/cmake/dis_tutorial1__rosidl_typesupport_introspection_cExport.cmake
[6.708s] -- Up-to-date: /home/osboxes/ros2_ws/install/dis_tutorial1/share/dis_tutorial1/cmake/dis_tutorial1__rosidl_typesupport_introspection_cExport-noconfig.cmake
[6.708s] -- Up-to-date: /home/osboxes/ros2_ws/install/dis_tutorial1/share/dis_tutorial1/cmake/dis_tutorial1__rosidl_typesupport_cExport.cmake
[6.708s] -- Up-to-date: /home/osboxes/ros2_ws/install/dis_tutorial1/share/dis_tutorial1/cmake/dis_tutorial1__rosidl_typesupport_cExport-noconfig.cmake
[6.708s] -- Up-to-date: /home/osboxes/ros2_ws/install/dis_tutorial1/share/dis_tutorial1/cmake/dis_tutorial1__rosidl_typesupport_introspection_cppExport.cmake
[6.708s] -- Up-to-date: /home/osboxes/ros2_ws/install/dis_tutorial1/share/dis_tutorial1/cmake/dis_tutorial1__rosidl_typesupport_introspection_cppExport-noconfig.cmake
[6.710s] -- Up-to-date: /home/osboxes/ros2_ws/install/dis_tutorial1/share/dis_tutorial1/cmake/dis_tutorial1__rosidl_typesupport_cppExport.cmake
[6.716s] -- Up-to-date: /home/osboxes/ros2_ws/install/dis_tutorial1/share/dis_tutorial1/cmake/dis_tutorial1__rosidl_typesupport_cppExport-noconfig.cmake
[6.720s] -- Up-to-date: /home/osboxes/ros2_ws/install/dis_tutorial1/share/dis_tutorial1/cmake/export_dis_tutorial1__rosidl_generator_pyExport.cmake
[6.720s] -- Up-to-date: /home/osboxes/ros2_ws/install/dis_tutorial1/share/dis_tutorial1/cmake/export_dis_tutorial1__rosidl_generator_pyExport-noconfig.cmake
[6.728s] -- Up-to-date: /home/osboxes/ros2_ws/install/dis_tutorial1/share/dis_tutorial1/cmake/rosidl_cmake-extras.cmake
[6.728s] -- Up-to-date: /home/osboxes/ros2_ws/install/dis_tutorial1/share/dis_tutorial1/cmake/ament_cmake_export_dependencies-extras.cmake
[6.728s] -- Up-to-date: /home/osboxes/ros2_ws/install/dis_tutorial1/share/dis_tutorial1/cmake/ament_cmake_export_include_directories-extras.cmake
[6.728s] -- Up-to-date: /home/osboxes/ros2_ws/install/dis_tutorial1/share/dis_tutorial1/cmake/ament_cmake_export_libraries-extras.cmake
[6.729s] -- Up-to-date: /home/osboxes/ros2_ws/install/dis_tutorial1/share/dis_tutorial1/cmake/ament_cmake_export_targets-extras.cmake
[6.729s] -- Up-to-date: /home/osboxes/ros2_ws/install/dis_tutorial1/share/dis_tutorial1/cmake/rosidl_cmake_export_typesupport_targets-extras.cmake
[6.733s] -- Up-to-date: /home/osboxes/ros2_ws/install/dis_tutorial1/share/dis_tutorial1/cmake/rosidl_cmake_export_typesupport_libraries-extras.cmake
[6.733s] -- Up-to-date: /home/osboxes/ros2_ws/install/dis_tutorial1/share/dis_tutorial1/cmake/dis_tutorial1Config.cmake
[6.733s] -- Up-to-date: /home/osboxes/ros2_ws/install/dis_tutorial1/share/dis_tutorial1/cmake/dis_tutorial1Config-version.cmake
[6.736s] -- Up-to-date: /home/osboxes/ros2_ws/install/dis_tutorial1/share/dis_tutorial1/package.xml
[6.736s] Invoked command in '/home/osboxes/ros2_ws/build/dis_tutorial1' returned '0': CMAKE_PREFIX_PATH=/opt/ros/humble /usr/bin/cmake --install /home/osboxes/ros2_ws/build/dis_tutorial1
