[0.287s] DEBUG:colcon:Command line arguments: ['/usr/bin/colcon', 'build', '--symlink-install']
[0.287s] DEBUG:colcon:Parsed command line arguments: Namespace(log_base=None, log_level=None, verb_name='build', build_base='build', install_base='install', merge_install=False, symlink_install=True, test_result_base=None, continue_on_error=False, executor='parallel', parallel_workers=2, event_handlers=None, ignore_user_meta=False, metas=['./colcon.meta'], base_paths=['.'], packages_ignore=None, packages_ignore_regex=None, paths=None, packages_up_to=None, packages_up_to_regex=None, packages_above=None, packages_above_and_dependencies=None, packages_above_depth=None, packages_select_by_dep=None, packages_skip_by_dep=None, packages_skip_up_to=None, packages_select_build_failed=False, packages_skip_build_finished=False, packages_select_test_failures=False, packages_skip_test_passed=False, packages_select=None, packages_skip=None, packages_select_regex=None, packages_skip_regex=None, packages_start=None, packages_end=None, allow_overriding=[], cmake_args=None, cmake_target=None, cmake_target_skip_unavailable=False, cmake_clean_cache=False, cmake_clean_first=False, cmake_force_configure=False, ament_cmake_args=None, catkin_cmake_args=None, catkin_skip_building_tests=False, mixin_files=None, mixin=None, verb_parser=<colcon_mixin.mixin.mixin_argument.MixinArgumentDecorator object at 0x75350cf1d510>, verb_extension=<colcon_core.verb.build.BuildVerb object at 0x75350d02a410>, main=<bound method BuildVerb.main of <colcon_core.verb.build.BuildVerb object at 0x75350d02a410>>, mixin_verb=('build',))
[0.694s] Level 1:colcon.colcon_core.package_discovery:discover_packages(colcon_meta) check parameters
[0.694s] Level 1:colcon.colcon_core.package_discovery:discover_packages(recursive) check parameters
[0.694s] Level 1:colcon.colcon_core.package_discovery:discover_packages(ignore) check parameters
[0.694s] Level 1:colcon.colcon_core.package_discovery:discover_packages(path) check parameters
[0.694s] Level 1:colcon.colcon_core.package_discovery:discover_packages(colcon_meta) discover
[0.695s] Level 1:colcon.colcon_core.package_discovery:discover_packages(recursive) discover
[0.695s] INFO:colcon.colcon_core.package_discovery:Crawling recursively for packages in '/home/ilija/ros2_ws/src/RINS'
[0.695s] Level 1:colcon.colcon_core.package_identification:_identify(.) by extensions ['ignore', 'ignore_ament_install']
[0.695s] Level 1:colcon.colcon_core.package_identification:_identify(.) by extension 'ignore'
[0.695s] Level 1:colcon.colcon_core.package_identification:_identify(.) by extension 'ignore_ament_install'
[0.695s] Level 1:colcon.colcon_core.package_identification:_identify(.) by extensions ['colcon_pkg']
[0.695s] Level 1:colcon.colcon_core.package_identification:_identify(.) by extension 'colcon_pkg'
[0.696s] Level 1:colcon.colcon_core.package_identification:_identify(.) by extensions ['colcon_meta']
[0.696s] Level 1:colcon.colcon_core.package_identification:_identify(.) by extension 'colcon_meta'
[0.696s] Level 1:colcon.colcon_core.package_identification:_identify(.) by extensions ['ros']
[0.696s] Level 1:colcon.colcon_core.package_identification:_identify(.) by extension 'ros'
[0.727s] Level 1:colcon.colcon_core.package_identification:_identify(.) by extensions ['cmake', 'python']
[0.727s] Level 1:colcon.colcon_core.package_identification:_identify(.) by extension 'cmake'
[0.727s] Level 1:colcon.colcon_core.package_identification:_identify(.) by extension 'python'
[0.727s] Level 1:colcon.colcon_core.package_identification:_identify(.) by extensions ['python_setup_py']
[0.728s] Level 1:colcon.colcon_core.package_identification:_identify(.) by extension 'python_setup_py'
[0.728s] Level 1:colcon.colcon_core.package_identification:_identify(build) by extensions ['ignore', 'ignore_ament_install']
[0.728s] Level 1:colcon.colcon_core.package_identification:_identify(build) by extension 'ignore'
[0.728s] Level 1:colcon.colcon_core.package_identification:_identify(build) ignored
[0.728s] Level 1:colcon.colcon_core.package_identification:_identify(install) by extensions ['ignore', 'ignore_ament_install']
[0.729s] Level 1:colcon.colcon_core.package_identification:_identify(install) by extension 'ignore'
[0.729s] Level 1:colcon.colcon_core.package_identification:_identify(install) ignored
[0.729s] Level 1:colcon.colcon_core.package_identification:_identify(log) by extensions ['ignore', 'ignore_ament_install']
[0.729s] Level 1:colcon.colcon_core.package_identification:_identify(log) by extension 'ignore'
[0.729s] Level 1:colcon.colcon_core.package_identification:_identify(log) ignored
[0.730s] Level 1:colcon.colcon_core.package_identification:_identify(src) by extensions ['ignore', 'ignore_ament_install']
[0.730s] Level 1:colcon.colcon_core.package_identification:_identify(src) by extension 'ignore'
[0.730s] Level 1:colcon.colcon_core.package_identification:_identify(src) by extension 'ignore_ament_install'
[0.730s] Level 1:colcon.colcon_core.package_identification:_identify(src) by extensions ['colcon_pkg']
[0.730s] Level 1:colcon.colcon_core.package_identification:_identify(src) by extension 'colcon_pkg'
[0.730s] Level 1:colcon.colcon_core.package_identification:_identify(src) by extensions ['colcon_meta']
[0.730s] Level 1:colcon.colcon_core.package_identification:_identify(src) by extension 'colcon_meta'
[0.730s] Level 1:colcon.colcon_core.package_identification:_identify(src) by extensions ['ros']
[0.730s] Level 1:colcon.colcon_core.package_identification:_identify(src) by extension 'ros'
[0.731s] Level 1:colcon.colcon_core.package_identification:_identify(src) by extensions ['cmake', 'python']
[0.731s] Level 1:colcon.colcon_core.package_identification:_identify(src) by extension 'cmake'
[0.731s] Level 1:colcon.colcon_core.package_identification:_identify(src) by extension 'python'
[0.731s] Level 1:colcon.colcon_core.package_identification:_identify(src) by extensions ['python_setup_py']
[0.731s] Level 1:colcon.colcon_core.package_identification:_identify(src) by extension 'python_setup_py'
[0.731s] Level 1:colcon.colcon_core.package_identification:_identify(src/dis_tutorial1) by extensions ['ignore', 'ignore_ament_install']
[0.731s] Level 1:colcon.colcon_core.package_identification:_identify(src/dis_tutorial1) by extension 'ignore'
[0.732s] Level 1:colcon.colcon_core.package_identification:_identify(src/dis_tutorial1) by extension 'ignore_ament_install'
[0.732s] Level 1:colcon.colcon_core.package_identification:_identify(src/dis_tutorial1) by extensions ['colcon_pkg']
[0.732s] Level 1:colcon.colcon_core.package_identification:_identify(src/dis_tutorial1) by extension 'colcon_pkg'
[0.732s] Level 1:colcon.colcon_core.package_identification:_identify(src/dis_tutorial1) by extensions ['colcon_meta']
[0.732s] Level 1:colcon.colcon_core.package_identification:_identify(src/dis_tutorial1) by extension 'colcon_meta'
[0.732s] Level 1:colcon.colcon_core.package_identification:_identify(src/dis_tutorial1) by extensions ['ros']
[0.732s] Level 1:colcon.colcon_core.package_identification:_identify(src/dis_tutorial1) by extension 'ros'
[0.738s] DEBUG:colcon.colcon_core.package_identification:Package 'src/dis_tutorial1' with type 'ros.ament_cmake' and name 'dis_tutorial1'
[0.739s] Level 1:colcon.colcon_core.package_identification:_identify(src/dis_tutorial2) by extensions ['ignore', 'ignore_ament_install']
[0.739s] Level 1:colcon.colcon_core.package_identification:_identify(src/dis_tutorial2) by extension 'ignore'
[0.739s] Level 1:colcon.colcon_core.package_identification:_identify(src/dis_tutorial2) by extension 'ignore_ament_install'
[0.739s] Level 1:colcon.colcon_core.package_identification:_identify(src/dis_tutorial2) by extensions ['colcon_pkg']
[0.739s] Level 1:colcon.colcon_core.package_identification:_identify(src/dis_tutorial2) by extension 'colcon_pkg'
[0.739s] Level 1:colcon.colcon_core.package_identification:_identify(src/dis_tutorial2) by extensions ['colcon_meta']
[0.739s] Level 1:colcon.colcon_core.package_identification:_identify(src/dis_tutorial2) by extension 'colcon_meta'
[0.739s] Level 1:colcon.colcon_core.package_identification:_identify(src/dis_tutorial2) by extensions ['ros']
[0.739s] Level 1:colcon.colcon_core.package_identification:_identify(src/dis_tutorial2) by extension 'ros'
[0.742s] DEBUG:colcon.colcon_core.package_identification:Package 'src/dis_tutorial2' with type 'ros.ament_python' and name 'dis_tutorial2'
[0.742s] Level 1:colcon.colcon_core.package_identification:_identify(src/hwpub) by extensions ['ignore', 'ignore_ament_install']
[0.742s] Level 1:colcon.colcon_core.package_identification:_identify(src/hwpub) by extension 'ignore'
[0.742s] Level 1:colcon.colcon_core.package_identification:_identify(src/hwpub) by extension 'ignore_ament_install'
[0.742s] Level 1:colcon.colcon_core.package_identification:_identify(src/hwpub) by extensions ['colcon_pkg']
[0.742s] Level 1:colcon.colcon_core.package_identification:_identify(src/hwpub) by extension 'colcon_pkg'
[0.743s] Level 1:colcon.colcon_core.package_identification:_identify(src/hwpub) by extensions ['colcon_meta']
[0.743s] Level 1:colcon.colcon_core.package_identification:_identify(src/hwpub) by extension 'colcon_meta'
[0.743s] Level 1:colcon.colcon_core.package_identification:_identify(src/hwpub) by extensions ['ros']
[0.743s] Level 1:colcon.colcon_core.package_identification:_identify(src/hwpub) by extension 'ros'
[0.745s] DEBUG:colcon.colcon_core.package_identification:Package 'src/hwpub' with type 'ros.ament_cmake' and name 'hwpub'
[0.745s] Level 1:colcon.colcon_core.package_discovery:discover_packages(recursive) using defaults
[0.745s] Level 1:colcon.colcon_core.package_discovery:discover_packages(ignore) discover
[0.745s] Level 1:colcon.colcon_core.package_discovery:discover_packages(ignore) using defaults
[0.745s] Level 1:colcon.colcon_core.package_discovery:discover_packages(path) discover
[0.745s] Level 1:colcon.colcon_core.package_discovery:discover_packages(path) using defaults
[0.823s] Level 1:colcon.colcon_core.package_discovery:discover_packages(prefix_path) check parameters
[0.824s] Level 1:colcon.colcon_core.package_discovery:discover_packages(prefix_path) discover
[0.828s] DEBUG:colcon.colcon_installed_package_information.package_discovery:Found 3 installed packages in /home/ilija/ros2_ws/src/RINS/install
[0.833s] DEBUG:colcon.colcon_installed_package_information.package_discovery:Found 271 installed packages in /opt/ros/humble
[0.837s] Level 1:colcon.colcon_core.package_discovery:discover_packages(prefix_path) using defaults
[0.925s] Level 5:colcon.colcon_core.verb:set package 'dis_tutorial1' build argument 'cmake_args' from command line to 'None'
[0.926s] Level 5:colcon.colcon_core.verb:set package 'dis_tutorial1' build argument 'cmake_target' from command line to 'None'
[0.926s] Level 5:colcon.colcon_core.verb:set package 'dis_tutorial1' build argument 'cmake_target_skip_unavailable' from command line to 'False'
[0.926s] Level 5:colcon.colcon_core.verb:set package 'dis_tutorial1' build argument 'cmake_clean_cache' from command line to 'False'
[0.926s] Level 5:colcon.colcon_core.verb:set package 'dis_tutorial1' build argument 'cmake_clean_first' from command line to 'False'
[0.926s] Level 5:colcon.colcon_core.verb:set package 'dis_tutorial1' build argument 'cmake_force_configure' from command line to 'False'
[0.926s] Level 5:colcon.colcon_core.verb:set package 'dis_tutorial1' build argument 'ament_cmake_args' from command line to 'None'
[0.926s] Level 5:colcon.colcon_core.verb:set package 'dis_tutorial1' build argument 'catkin_cmake_args' from command line to 'None'
[0.926s] Level 5:colcon.colcon_core.verb:set package 'dis_tutorial1' build argument 'catkin_skip_building_tests' from command line to 'False'
[0.926s] DEBUG:colcon.colcon_core.verb:Building package 'dis_tutorial1' with the following arguments: {'ament_cmake_args': None, 'build_base': '/home/ilija/ros2_ws/src/RINS/build/dis_tutorial1', 'catkin_cmake_args': None, 'catkin_skip_building_tests': False, 'cmake_args': None, 'cmake_clean_cache': False, 'cmake_clean_first': False, 'cmake_force_configure': False, 'cmake_target': None, 'cmake_target_skip_unavailable': False, 'install_base': '/home/ilija/ros2_ws/src/RINS/install/dis_tutorial1', 'merge_install': False, 'path': '/home/ilija/ros2_ws/src/RINS/src/dis_tutorial1', 'symlink_install': True, 'test_result_base': None}
[0.927s] Level 5:colcon.colcon_core.verb:set package 'dis_tutorial2' build argument 'cmake_args' from command line to 'None'
[0.927s] Level 5:colcon.colcon_core.verb:set package 'dis_tutorial2' build argument 'cmake_target' from command line to 'None'
[0.927s] Level 5:colcon.colcon_core.verb:set package 'dis_tutorial2' build argument 'cmake_target_skip_unavailable' from command line to 'False'
[0.927s] Level 5:colcon.colcon_core.verb:set package 'dis_tutorial2' build argument 'cmake_clean_cache' from command line to 'False'
[0.927s] Level 5:colcon.colcon_core.verb:set package 'dis_tutorial2' build argument 'cmake_clean_first' from command line to 'False'
[0.927s] Level 5:colcon.colcon_core.verb:set package 'dis_tutorial2' build argument 'cmake_force_configure' from command line to 'False'
[0.927s] Level 5:colcon.colcon_core.verb:set package 'dis_tutorial2' build argument 'ament_cmake_args' from command line to 'None'
[0.927s] Level 5:colcon.colcon_core.verb:set package 'dis_tutorial2' build argument 'catkin_cmake_args' from command line to 'None'
[0.927s] Level 5:colcon.colcon_core.verb:set package 'dis_tutorial2' build argument 'catkin_skip_building_tests' from command line to 'False'
[0.928s] DEBUG:colcon.colcon_core.verb:Building package 'dis_tutorial2' with the following arguments: {'ament_cmake_args': None, 'build_base': '/home/ilija/ros2_ws/src/RINS/build/dis_tutorial2', 'catkin_cmake_args': None, 'catkin_skip_building_tests': False, 'cmake_args': None, 'cmake_clean_cache': False, 'cmake_clean_first': False, 'cmake_force_configure': False, 'cmake_target': None, 'cmake_target_skip_unavailable': False, 'install_base': '/home/ilija/ros2_ws/src/RINS/install/dis_tutorial2', 'merge_install': False, 'path': '/home/ilija/ros2_ws/src/RINS/src/dis_tutorial2', 'symlink_install': True, 'test_result_base': None}
[0.928s] Level 5:colcon.colcon_core.verb:set package 'hwpub' build argument 'cmake_args' from command line to 'None'
[0.928s] Level 5:colcon.colcon_core.verb:set package 'hwpub' build argument 'cmake_target' from command line to 'None'
[0.928s] Level 5:colcon.colcon_core.verb:set package 'hwpub' build argument 'cmake_target_skip_unavailable' from command line to 'False'
[0.928s] Level 5:colcon.colcon_core.verb:set package 'hwpub' build argument 'cmake_clean_cache' from command line to 'False'
[0.929s] Level 5:colcon.colcon_core.verb:set package 'hwpub' build argument 'cmake_clean_first' from command line to 'False'
[0.929s] Level 5:colcon.colcon_core.verb:set package 'hwpub' build argument 'cmake_force_configure' from command line to 'False'
[0.929s] Level 5:colcon.colcon_core.verb:set package 'hwpub' build argument 'ament_cmake_args' from command line to 'None'
[0.929s] Level 5:colcon.colcon_core.verb:set package 'hwpub' build argument 'catkin_cmake_args' from command line to 'None'
[0.929s] Level 5:colcon.colcon_core.verb:set package 'hwpub' build argument 'catkin_skip_building_tests' from command line to 'False'
[0.929s] DEBUG:colcon.colcon_core.verb:Building package 'hwpub' with the following arguments: {'ament_cmake_args': None, 'build_base': '/home/ilija/ros2_ws/src/RINS/build/hwpub', 'catkin_cmake_args': None, 'catkin_skip_building_tests': False, 'cmake_args': None, 'cmake_clean_cache': False, 'cmake_clean_first': False, 'cmake_force_configure': False, 'cmake_target': None, 'cmake_target_skip_unavailable': False, 'install_base': '/home/ilija/ros2_ws/src/RINS/install/hwpub', 'merge_install': False, 'path': '/home/ilija/ros2_ws/src/RINS/src/hwpub', 'symlink_install': True, 'test_result_base': None}
[0.929s] INFO:colcon.colcon_core.executor:Executing jobs using 'parallel' executor
[0.936s] DEBUG:colcon.colcon_parallel_executor.executor.parallel:run_until_complete
[0.937s] INFO:colcon.colcon_ros.task.ament_cmake.build:Building ROS package in '/home/ilija/ros2_ws/src/RINS/src/dis_tutorial1' with build type 'ament_cmake'
[0.937s] INFO:colcon.colcon_cmake.task.cmake.build:Building CMake package in '/home/ilija/ros2_ws/src/RINS/src/dis_tutorial1'
[0.944s] INFO:colcon.colcon_core.plugin_system:Skipping extension 'colcon_core.shell.bat': Not used on non-Windows systems
[0.944s] INFO:colcon.colcon_core.shell:Skip shell extension 'powershell' for command environment: Not usable outside of PowerShell
[0.944s] DEBUG:colcon.colcon_core.shell:Skip shell extension 'dsv' for command environment
[0.959s] INFO:colcon.colcon_ros.task.ament_python.build:Building ROS package in '/home/ilija/ros2_ws/src/RINS/src/dis_tutorial2' with build type 'ament_python'
[0.960s] Level 1:colcon.colcon_core.shell:create_environment_hook('dis_tutorial2', 'ament_prefix_path')
[0.962s] INFO:colcon.colcon_core.shell:Creating environment hook '/home/ilija/ros2_ws/src/RINS/install/dis_tutorial2/share/dis_tutorial2/hook/ament_prefix_path.ps1'
[0.969s] INFO:colcon.colcon_core.shell:Creating environment descriptor '/home/ilija/ros2_ws/src/RINS/install/dis_tutorial2/share/dis_tutorial2/hook/ament_prefix_path.dsv'
[0.973s] INFO:colcon.colcon_core.shell:Creating environment hook '/home/ilija/ros2_ws/src/RINS/install/dis_tutorial2/share/dis_tutorial2/hook/ament_prefix_path.sh'
[0.976s] INFO:colcon.colcon_core.shell:Skip shell extension 'powershell' for command environment: Not usable outside of PowerShell
[0.977s] DEBUG:colcon.colcon_core.shell:Skip shell extension 'dsv' for command environment
[1.022s] DEBUG:colcon.colcon_core.event_handler.log_command:Invoking command in '/home/ilija/ros2_ws/src/RINS/build/dis_tutorial1': CMAKE_PREFIX_PATH=${CMAKE_PREFIX_PATH}:/home/ilija/ros2_ws/src/RINS/install/dis_tutorial2:/opt/ros/humble /usr/bin/cmake --build /home/ilija/ros2_ws/src/RINS/build/dis_tutorial1 -- -j2 -l2
[2.602s] INFO:colcon.colcon_core.task.python.build:Building Python package in '/home/ilija/ros2_ws/src/RINS/src/dis_tutorial2'
[2.605s] INFO:colcon.colcon_core.shell:Skip shell extension 'powershell' for command environment: Not usable outside of PowerShell
[2.606s] DEBUG:colcon.colcon_core.shell:Skip shell extension 'dsv' for command environment
[4.424s] DEBUG:colcon.colcon_core.event_handler.log_command:Invoked command in '/home/ilija/ros2_ws/src/RINS/build/dis_tutorial1' returned '0': CMAKE_PREFIX_PATH=${CMAKE_PREFIX_PATH}:/home/ilija/ros2_ws/src/RINS/install/dis_tutorial2:/opt/ros/humble /usr/bin/cmake --build /home/ilija/ros2_ws/src/RINS/build/dis_tutorial1 -- -j2 -l2
[4.478s] DEBUG:colcon.colcon_core.event_handler.log_command:Invoking command in '/home/ilija/ros2_ws/src/RINS/build/dis_tutorial1': CMAKE_PREFIX_PATH=${CMAKE_PREFIX_PATH}:/home/ilija/ros2_ws/src/RINS/install/dis_tutorial2:/opt/ros/humble /usr/bin/cmake --install /home/ilija/ros2_ws/src/RINS/build/dis_tutorial1
[4.496s] DEBUG:colcon.colcon_core.event_handler.log_command:Invoking command in '/home/ilija/ros2_ws/src/RINS/build/dis_tutorial2': PYTHONPATH=/home/ilija/ros2_ws/src/RINS/build/dis_tutorial2/prefix_override:/usr/lib/python3/dist-packages/colcon_core/task/python/colcon_distutils_commands:/home/ilija/ros2_ws/src/RINS/install/dis_tutorial2/lib/python3.10/site-packages:${PYTHONPATH} /usr/bin/python3 -W ignore:setup.py install is deprecated -W ignore:easy_install command is deprecated setup.py develop --editable --build-directory /home/ilija/ros2_ws/src/RINS/build/dis_tutorial2/build --no-deps symlink_data
[4.902s] Level 1:colcon.colcon_core.environment:create_environment_scripts_only(dis_tutorial1)
[4.903s] DEBUG:colcon.colcon_core.event_handler.log_command:Invoked command in '/home/ilija/ros2_ws/src/RINS/build/dis_tutorial1' returned '0': CMAKE_PREFIX_PATH=${CMAKE_PREFIX_PATH}:/home/ilija/ros2_ws/src/RINS/install/dis_tutorial2:/opt/ros/humble /usr/bin/cmake --install /home/ilija/ros2_ws/src/RINS/build/dis_tutorial1
[4.911s] Level 1:colcon.colcon_core.environment:checking '/home/ilija/ros2_ws/src/RINS/install/dis_tutorial1' for CMake module files
[4.914s] Level 1:colcon.colcon_core.environment:checking '/home/ilija/ros2_ws/src/RINS/install/dis_tutorial1' for CMake config files
[4.918s] Level 1:colcon.colcon_core.shell:create_environment_hook('dis_tutorial1', 'cmake_prefix_path')
[4.920s] INFO:colcon.colcon_core.shell:Creating environment hook '/home/ilija/ros2_ws/src/RINS/install/dis_tutorial1/share/dis_tutorial1/hook/cmake_prefix_path.ps1'
[4.922s] INFO:colcon.colcon_core.shell:Creating environment descriptor '/home/ilija/ros2_ws/src/RINS/install/dis_tutorial1/share/dis_tutorial1/hook/cmake_prefix_path.dsv'
[4.924s] INFO:colcon.colcon_core.shell:Creating environment hook '/home/ilija/ros2_ws/src/RINS/install/dis_tutorial1/share/dis_tutorial1/hook/cmake_prefix_path.sh'
[4.928s] Level 1:colcon.colcon_core.environment:checking '/home/ilija/ros2_ws/src/RINS/install/dis_tutorial1/lib'
[4.929s] Level 1:colcon.colcon_core.shell:create_environment_hook('dis_tutorial1', 'ld_library_path_lib')
[4.929s] INFO:colcon.colcon_core.shell:Creating environment hook '/home/ilija/ros2_ws/src/RINS/install/dis_tutorial1/share/dis_tutorial1/hook/ld_library_path_lib.ps1'
[4.932s] INFO:colcon.colcon_core.shell:Creating environment descriptor '/home/ilija/ros2_ws/src/RINS/install/dis_tutorial1/share/dis_tutorial1/hook/ld_library_path_lib.dsv'
[4.934s] INFO:colcon.colcon_core.shell:Creating environment hook '/home/ilija/ros2_ws/src/RINS/install/dis_tutorial1/share/dis_tutorial1/hook/ld_library_path_lib.sh'
[4.939s] Level 1:colcon.colcon_core.environment:checking '/home/ilija/ros2_ws/src/RINS/install/dis_tutorial1/bin'
[4.939s] Level 1:colcon.colcon_core.environment:checking '/home/ilija/ros2_ws/src/RINS/install/dis_tutorial1/lib/pkgconfig/dis_tutorial1.pc'
[4.941s] Level 1:colcon.colcon_core.environment:checking '/home/ilija/ros2_ws/src/RINS/install/dis_tutorial1/lib/python3.10/site-packages'
[4.942s] Level 1:colcon.colcon_core.environment:checking '/home/ilija/ros2_ws/src/RINS/install/dis_tutorial1/bin'
[4.946s] INFO:colcon.colcon_core.shell:Creating package script '/home/ilija/ros2_ws/src/RINS/install/dis_tutorial1/share/dis_tutorial1/package.ps1'
[4.950s] INFO:colcon.colcon_core.shell:Creating package descriptor '/home/ilija/ros2_ws/src/RINS/install/dis_tutorial1/share/dis_tutorial1/package.dsv'
[4.953s] INFO:colcon.colcon_core.shell:Creating package script '/home/ilija/ros2_ws/src/RINS/install/dis_tutorial1/share/dis_tutorial1/package.sh'
[4.956s] INFO:colcon.colcon_core.shell:Creating package script '/home/ilija/ros2_ws/src/RINS/install/dis_tutorial1/share/dis_tutorial1/package.bash'
[4.960s] INFO:colcon.colcon_core.shell:Creating package script '/home/ilija/ros2_ws/src/RINS/install/dis_tutorial1/share/dis_tutorial1/package.zsh'
[4.962s] Level 1:colcon.colcon_core.environment:create_file_with_runtime_dependencies(/home/ilija/ros2_ws/src/RINS/install/dis_tutorial1/share/colcon-core/packages/dis_tutorial1)
[4.965s] Level 1:colcon.colcon_core.environment:create_environment_scripts_only(dis_tutorial1)
[4.966s] Level 1:colcon.colcon_core.environment:checking '/home/ilija/ros2_ws/src/RINS/install/dis_tutorial1' for CMake module files
[4.968s] Level 1:colcon.colcon_core.environment:checking '/home/ilija/ros2_ws/src/RINS/install/dis_tutorial1' for CMake config files
[4.972s] Level 1:colcon.colcon_core.shell:create_environment_hook('dis_tutorial1', 'cmake_prefix_path')
[4.973s] INFO:colcon.colcon_core.shell:Creating environment hook '/home/ilija/ros2_ws/src/RINS/install/dis_tutorial1/share/dis_tutorial1/hook/cmake_prefix_path.ps1'
[4.975s] INFO:colcon.colcon_core.shell:Creating environment descriptor '/home/ilija/ros2_ws/src/RINS/install/dis_tutorial1/share/dis_tutorial1/hook/cmake_prefix_path.dsv'
[4.978s] INFO:colcon.colcon_core.shell:Creating environment hook '/home/ilija/ros2_ws/src/RINS/install/dis_tutorial1/share/dis_tutorial1/hook/cmake_prefix_path.sh'
[4.982s] Level 1:colcon.colcon_core.environment:checking '/home/ilija/ros2_ws/src/RINS/install/dis_tutorial1/lib'
[4.982s] Level 1:colcon.colcon_core.shell:create_environment_hook('dis_tutorial1', 'ld_library_path_lib')
[4.983s] INFO:colcon.colcon_core.shell:Creating environment hook '/home/ilija/ros2_ws/src/RINS/install/dis_tutorial1/share/dis_tutorial1/hook/ld_library_path_lib.ps1'
[4.985s] INFO:colcon.colcon_core.shell:Creating environment descriptor '/home/ilija/ros2_ws/src/RINS/install/dis_tutorial1/share/dis_tutorial1/hook/ld_library_path_lib.dsv'
[4.988s] INFO:colcon.colcon_core.shell:Creating environment hook '/home/ilija/ros2_ws/src/RINS/install/dis_tutorial1/share/dis_tutorial1/hook/ld_library_path_lib.sh'
[4.990s] Level 1:colcon.colcon_core.environment:checking '/home/ilija/ros2_ws/src/RINS/install/dis_tutorial1/bin'
[4.991s] Level 1:colcon.colcon_core.environment:checking '/home/ilija/ros2_ws/src/RINS/install/dis_tutorial1/lib/pkgconfig/dis_tutorial1.pc'
[4.992s] Level 1:colcon.colcon_core.environment:checking '/home/ilija/ros2_ws/src/RINS/install/dis_tutorial1/lib/python3.10/site-packages'
[4.993s] Level 1:colcon.colcon_core.environment:checking '/home/ilija/ros2_ws/src/RINS/install/dis_tutorial1/bin'
[4.994s] INFO:colcon.colcon_core.shell:Creating package script '/home/ilija/ros2_ws/src/RINS/install/dis_tutorial1/share/dis_tutorial1/package.ps1'
[4.997s] INFO:colcon.colcon_core.shell:Creating package descriptor '/home/ilija/ros2_ws/src/RINS/install/dis_tutorial1/share/dis_tutorial1/package.dsv'
[5.000s] INFO:colcon.colcon_core.shell:Creating package script '/home/ilija/ros2_ws/src/RINS/install/dis_tutorial1/share/dis_tutorial1/package.sh'
[5.002s] INFO:colcon.colcon_core.shell:Creating package script '/home/ilija/ros2_ws/src/RINS/install/dis_tutorial1/share/dis_tutorial1/package.bash'
[5.005s] INFO:colcon.colcon_core.shell:Creating package script '/home/ilija/ros2_ws/src/RINS/install/dis_tutorial1/share/dis_tutorial1/package.zsh'
[5.009s] Level 1:colcon.colcon_core.environment:create_file_with_runtime_dependencies(/home/ilija/ros2_ws/src/RINS/install/dis_tutorial1/share/colcon-core/packages/dis_tutorial1)
[5.014s] INFO:colcon.colcon_ros.task.ament_cmake.build:Building ROS package in '/home/ilija/ros2_ws/src/RINS/src/hwpub' with build type 'ament_cmake'
[5.015s] INFO:colcon.colcon_cmake.task.cmake.build:Building CMake package in '/home/ilija/ros2_ws/src/RINS/src/hwpub'
[5.016s] INFO:colcon.colcon_core.shell:Skip shell extension 'powershell' for command environment: Not usable outside of PowerShell
[5.016s] DEBUG:colcon.colcon_core.shell:Skip shell extension 'dsv' for command environment
[5.076s] DEBUG:colcon.colcon_core.event_handler.log_command:Invoking command in '/home/ilija/ros2_ws/src/RINS/build/hwpub': CMAKE_PREFIX_PATH=${CMAKE_PREFIX_PATH}:/home/ilija/ros2_ws/src/RINS/install/dis_tutorial2:/opt/ros/humble /usr/bin/cmake --build /home/ilija/ros2_ws/src/RINS/build/hwpub -- -j2 -l2
[7.213s] Level 1:colcon.colcon_core.shell:create_environment_hook('dis_tutorial2', 'pythonpath_develop')
[7.214s] INFO:colcon.colcon_core.shell:Creating environment hook '/home/ilija/ros2_ws/src/RINS/build/dis_tutorial2/share/dis_tutorial2/hook/pythonpath_develop.ps1'
[7.220s] INFO:colcon.colcon_core.shell:Creating environment descriptor '/home/ilija/ros2_ws/src/RINS/build/dis_tutorial2/share/dis_tutorial2/hook/pythonpath_develop.dsv'
[7.222s] DEBUG:colcon.colcon_core.event_handler.log_command:Invoked command in '/home/ilija/ros2_ws/src/RINS/build/dis_tutorial2' returned '0': PYTHONPATH=/home/ilija/ros2_ws/src/RINS/build/dis_tutorial2/prefix_override:/usr/lib/python3/dist-packages/colcon_core/task/python/colcon_distutils_commands:/home/ilija/ros2_ws/src/RINS/install/dis_tutorial2/lib/python3.10/site-packages:${PYTHONPATH} /usr/bin/python3 -W ignore:setup.py install is deprecated -W ignore:easy_install command is deprecated setup.py develop --editable --build-directory /home/ilija/ros2_ws/src/RINS/build/dis_tutorial2/build --no-deps symlink_data
[7.223s] INFO:colcon.colcon_core.shell:Creating environment hook '/home/ilija/ros2_ws/src/RINS/build/dis_tutorial2/share/dis_tutorial2/hook/pythonpath_develop.sh'
[7.229s] Level 1:colcon.colcon_core.environment:checking '/home/ilija/ros2_ws/src/RINS/install/dis_tutorial2' for CMake module files
[7.233s] Level 1:colcon.colcon_core.environment:checking '/home/ilija/ros2_ws/src/RINS/install/dis_tutorial2' for CMake config files
[7.239s] Level 1:colcon.colcon_core.environment:checking '/home/ilija/ros2_ws/src/RINS/install/dis_tutorial2/lib'
[7.239s] Level 1:colcon.colcon_core.environment:checking '/home/ilija/ros2_ws/src/RINS/install/dis_tutorial2/bin'
[7.239s] Level 1:colcon.colcon_core.environment:checking '/home/ilija/ros2_ws/src/RINS/install/dis_tutorial2/lib/pkgconfig/dis_tutorial2.pc'
[7.242s] Level 1:colcon.colcon_core.environment:checking '/home/ilija/ros2_ws/src/RINS/install/dis_tutorial2/lib/python3.10/site-packages'
[7.243s] Level 1:colcon.colcon_core.shell:create_environment_hook('dis_tutorial2', 'pythonpath')
[7.244s] INFO:colcon.colcon_core.shell:Creating environment hook '/home/ilija/ros2_ws/src/RINS/install/dis_tutorial2/share/dis_tutorial2/hook/pythonpath.ps1'
[7.246s] INFO:colcon.colcon_core.shell:Creating environment descriptor '/home/ilija/ros2_ws/src/RINS/install/dis_tutorial2/share/dis_tutorial2/hook/pythonpath.dsv'
[7.248s] INFO:colcon.colcon_core.shell:Creating environment hook '/home/ilija/ros2_ws/src/RINS/install/dis_tutorial2/share/dis_tutorial2/hook/pythonpath.sh'
[7.252s] Level 1:colcon.colcon_core.environment:checking '/home/ilija/ros2_ws/src/RINS/install/dis_tutorial2/bin'
[7.252s] Level 1:colcon.colcon_core.environment:create_environment_scripts_only(dis_tutorial2)
[7.254s] INFO:colcon.colcon_core.shell:Creating package script '/home/ilija/ros2_ws/src/RINS/install/dis_tutorial2/share/dis_tutorial2/package.ps1'
[7.256s] INFO:colcon.colcon_core.shell:Creating package descriptor '/home/ilija/ros2_ws/src/RINS/install/dis_tutorial2/share/dis_tutorial2/package.dsv'
[7.259s] INFO:colcon.colcon_core.shell:Creating package script '/home/ilija/ros2_ws/src/RINS/install/dis_tutorial2/share/dis_tutorial2/package.sh'
[7.261s] INFO:colcon.colcon_core.shell:Creating package script '/home/ilija/ros2_ws/src/RINS/install/dis_tutorial2/share/dis_tutorial2/package.bash'
[7.263s] INFO:colcon.colcon_core.shell:Creating package script '/home/ilija/ros2_ws/src/RINS/install/dis_tutorial2/share/dis_tutorial2/package.zsh'
[7.266s] Level 1:colcon.colcon_core.environment:create_file_with_runtime_dependencies(/home/ilija/ros2_ws/src/RINS/install/dis_tutorial2/share/colcon-core/packages/dis_tutorial2)
[7.709s] DEBUG:colcon.colcon_core.event_handler.log_command:Invoked command in '/home/ilija/ros2_ws/src/RINS/build/hwpub' returned '0': CMAKE_PREFIX_PATH=${CMAKE_PREFIX_PATH}:/home/ilija/ros2_ws/src/RINS/install/dis_tutorial2:/opt/ros/humble /usr/bin/cmake --build /home/ilija/ros2_ws/src/RINS/build/hwpub -- -j2 -l2
[7.721s] DEBUG:colcon.colcon_core.event_handler.log_command:Invoking command in '/home/ilija/ros2_ws/src/RINS/build/hwpub': CMAKE_PREFIX_PATH=${CMAKE_PREFIX_PATH}:/home/ilija/ros2_ws/src/RINS/install/dis_tutorial2:/opt/ros/humble /usr/bin/cmake --install /home/ilija/ros2_ws/src/RINS/build/hwpub
[8.019s] Level 1:colcon.colcon_core.environment:create_environment_scripts_only(hwpub)
[8.020s] Level 1:colcon.colcon_core.environment:checking '/home/ilija/ros2_ws/src/RINS/install/hwpub' for CMake module files
[8.022s] DEBUG:colcon.colcon_core.event_handler.log_command:Invoked command in '/home/ilija/ros2_ws/src/RINS/build/hwpub' returned '0': CMAKE_PREFIX_PATH=${CMAKE_PREFIX_PATH}:/home/ilija/ros2_ws/src/RINS/install/dis_tutorial2:/opt/ros/humble /usr/bin/cmake --install /home/ilija/ros2_ws/src/RINS/build/hwpub
[8.024s] Level 1:colcon.colcon_core.environment:checking '/home/ilija/ros2_ws/src/RINS/install/hwpub' for CMake config files
[8.027s] Level 1:colcon.colcon_core.shell:create_environment_hook('hwpub', 'cmake_prefix_path')
[8.028s] INFO:colcon.colcon_core.shell:Creating environment hook '/home/ilija/ros2_ws/src/RINS/install/hwpub/share/hwpub/hook/cmake_prefix_path.ps1'
[8.030s] INFO:colcon.colcon_core.shell:Creating environment descriptor '/home/ilija/ros2_ws/src/RINS/install/hwpub/share/hwpub/hook/cmake_prefix_path.dsv'
[8.032s] INFO:colcon.colcon_core.shell:Creating environment hook '/home/ilija/ros2_ws/src/RINS/install/hwpub/share/hwpub/hook/cmake_prefix_path.sh'
[8.034s] Level 1:colcon.colcon_core.environment:checking '/home/ilija/ros2_ws/src/RINS/install/hwpub/lib'
[8.034s] Level 1:colcon.colcon_core.shell:create_environment_hook('hwpub', 'ld_library_path_lib')
[8.035s] INFO:colcon.colcon_core.shell:Creating environment hook '/home/ilija/ros2_ws/src/RINS/install/hwpub/share/hwpub/hook/ld_library_path_lib.ps1'
[8.037s] INFO:colcon.colcon_core.shell:Creating environment descriptor '/home/ilija/ros2_ws/src/RINS/install/hwpub/share/hwpub/hook/ld_library_path_lib.dsv'
[8.038s] INFO:colcon.colcon_core.shell:Creating environment hook '/home/ilija/ros2_ws/src/RINS/install/hwpub/share/hwpub/hook/ld_library_path_lib.sh'
[8.040s] Level 1:colcon.colcon_core.environment:checking '/home/ilija/ros2_ws/src/RINS/install/hwpub/bin'
[8.041s] Level 1:colcon.colcon_core.environment:checking '/home/ilija/ros2_ws/src/RINS/install/hwpub/lib/pkgconfig/hwpub.pc'
[8.041s] Level 1:colcon.colcon_core.environment:checking '/home/ilija/ros2_ws/src/RINS/install/hwpub/lib/python3.10/site-packages'
[8.042s] Level 1:colcon.colcon_core.environment:checking '/home/ilija/ros2_ws/src/RINS/install/hwpub/bin'
[8.042s] INFO:colcon.colcon_core.shell:Creating package script '/home/ilija/ros2_ws/src/RINS/install/hwpub/share/hwpub/package.ps1'
[8.045s] INFO:colcon.colcon_core.shell:Creating package descriptor '/home/ilija/ros2_ws/src/RINS/install/hwpub/share/hwpub/package.dsv'
[8.046s] INFO:colcon.colcon_core.shell:Creating package script '/home/ilija/ros2_ws/src/RINS/install/hwpub/share/hwpub/package.sh'
[8.048s] INFO:colcon.colcon_core.shell:Creating package script '/home/ilija/ros2_ws/src/RINS/install/hwpub/share/hwpub/package.bash'
[8.050s] INFO:colcon.colcon_core.shell:Creating package script '/home/ilija/ros2_ws/src/RINS/install/hwpub/share/hwpub/package.zsh'
[8.051s] Level 1:colcon.colcon_core.environment:create_file_with_runtime_dependencies(/home/ilija/ros2_ws/src/RINS/install/hwpub/share/colcon-core/packages/hwpub)
[8.053s] Level 1:colcon.colcon_core.environment:create_environment_scripts_only(hwpub)
[8.054s] Level 1:colcon.colcon_core.environment:checking '/home/ilija/ros2_ws/src/RINS/install/hwpub' for CMake module files
[8.056s] Level 1:colcon.colcon_core.environment:checking '/home/ilija/ros2_ws/src/RINS/install/hwpub' for CMake config files
[8.059s] Level 1:colcon.colcon_core.shell:create_environment_hook('hwpub', 'cmake_prefix_path')
[8.059s] INFO:colcon.colcon_core.shell:Creating environment hook '/home/ilija/ros2_ws/src/RINS/install/hwpub/share/hwpub/hook/cmake_prefix_path.ps1'
[8.061s] INFO:colcon.colcon_core.shell:Creating environment descriptor '/home/ilija/ros2_ws/src/RINS/install/hwpub/share/hwpub/hook/cmake_prefix_path.dsv'
[8.062s] INFO:colcon.colcon_core.shell:Creating environment hook '/home/ilija/ros2_ws/src/RINS/install/hwpub/share/hwpub/hook/cmake_prefix_path.sh'
[8.066s] Level 1:colcon.colcon_core.environment:checking '/home/ilija/ros2_ws/src/RINS/install/hwpub/lib'
[8.066s] Level 1:colcon.colcon_core.shell:create_environment_hook('hwpub', 'ld_library_path_lib')
[8.068s] INFO:colcon.colcon_core.shell:Creating environment hook '/home/ilija/ros2_ws/src/RINS/install/hwpub/share/hwpub/hook/ld_library_path_lib.ps1'
[8.071s] INFO:colcon.colcon_core.shell:Creating environment descriptor '/home/ilija/ros2_ws/src/RINS/install/hwpub/share/hwpub/hook/ld_library_path_lib.dsv'
[8.072s] INFO:colcon.colcon_core.shell:Creating environment hook '/home/ilija/ros2_ws/src/RINS/install/hwpub/share/hwpub/hook/ld_library_path_lib.sh'
[8.074s] Level 1:colcon.colcon_core.environment:checking '/home/ilija/ros2_ws/src/RINS/install/hwpub/bin'
[8.075s] Level 1:colcon.colcon_core.environment:checking '/home/ilija/ros2_ws/src/RINS/install/hwpub/lib/pkgconfig/hwpub.pc'
[8.075s] Level 1:colcon.colcon_core.environment:checking '/home/ilija/ros2_ws/src/RINS/install/hwpub/lib/python3.10/site-packages'
[8.075s] Level 1:colcon.colcon_core.environment:checking '/home/ilija/ros2_ws/src/RINS/install/hwpub/bin'
[8.076s] INFO:colcon.colcon_core.shell:Creating package script '/home/ilija/ros2_ws/src/RINS/install/hwpub/share/hwpub/package.ps1'
[8.078s] INFO:colcon.colcon_core.shell:Creating package descriptor '/home/ilija/ros2_ws/src/RINS/install/hwpub/share/hwpub/package.dsv'
[8.081s] INFO:colcon.colcon_core.shell:Creating package script '/home/ilija/ros2_ws/src/RINS/install/hwpub/share/hwpub/package.sh'
[8.083s] INFO:colcon.colcon_core.shell:Creating package script '/home/ilija/ros2_ws/src/RINS/install/hwpub/share/hwpub/package.bash'
[8.085s] INFO:colcon.colcon_core.shell:Creating package script '/home/ilija/ros2_ws/src/RINS/install/hwpub/share/hwpub/package.zsh'
[8.088s] Level 1:colcon.colcon_core.environment:create_file_with_runtime_dependencies(/home/ilija/ros2_ws/src/RINS/install/hwpub/share/colcon-core/packages/hwpub)
[8.090s] DEBUG:colcon.colcon_parallel_executor.executor.parallel:closing loop
[8.090s] DEBUG:colcon.colcon_parallel_executor.executor.parallel:loop closed
[8.091s] DEBUG:colcon.colcon_parallel_executor.executor.parallel:run_until_complete finished with '0'
[8.091s] DEBUG:colcon.colcon_core.event_reactor:joining thread
[8.111s] INFO:colcon.colcon_core.plugin_system:Skipping extension 'colcon_notification.desktop_notification.terminal_notifier': Not used on non-Darwin systems
[8.112s] INFO:colcon.colcon_core.plugin_system:Skipping extension 'colcon_notification.desktop_notification.win32': Not used on non-Windows systems
[8.112s] INFO:colcon.colcon_notification.desktop_notification:Sending desktop notification using 'notify2'
[8.159s] DEBUG:colcon.colcon_core.event_reactor:joined thread
[8.160s] INFO:colcon.colcon_core.shell:Creating prefix script '/home/ilija/ros2_ws/src/RINS/install/local_setup.ps1'
[8.165s] INFO:colcon.colcon_core.shell:Creating prefix util module '/home/ilija/ros2_ws/src/RINS/install/_local_setup_util_ps1.py'
[8.171s] INFO:colcon.colcon_core.shell:Creating prefix chain script '/home/ilija/ros2_ws/src/RINS/install/setup.ps1'
[8.177s] INFO:colcon.colcon_core.shell:Creating prefix script '/home/ilija/ros2_ws/src/RINS/install/local_setup.sh'
[8.181s] INFO:colcon.colcon_core.shell:Creating prefix util module '/home/ilija/ros2_ws/src/RINS/install/_local_setup_util_sh.py'
[8.184s] INFO:colcon.colcon_core.shell:Creating prefix chain script '/home/ilija/ros2_ws/src/RINS/install/setup.sh'
[8.189s] INFO:colcon.colcon_core.shell:Creating prefix script '/home/ilija/ros2_ws/src/RINS/install/local_setup.bash'
[8.191s] INFO:colcon.colcon_core.shell:Creating prefix chain script '/home/ilija/ros2_ws/src/RINS/install/setup.bash'
[8.197s] INFO:colcon.colcon_core.shell:Creating prefix script '/home/ilija/ros2_ws/src/RINS/install/local_setup.zsh'
[8.200s] INFO:colcon.colcon_core.shell:Creating prefix chain script '/home/ilija/ros2_ws/src/RINS/install/setup.zsh'
