[0.747s] Invoking command in '/home/tau/colcon_ws/src/dis_tutorial2': PYTHONPATH=/home/tau/colcon_ws/build/dis_tutorial2/prefix_override:/usr/lib/python3/dist-packages/colcon_core/task/python/colcon_distutils_commands:/home/tau/colcon_ws/install/dis_tutorial2/lib/python3.10/site-packages:${PYTHONPATH} /usr/bin/python3 -W ignore:setup.py install is deprecated -W ignore:easy_install command is deprecated setup.py egg_info --egg-base ../../build/dis_tutorial2 build --build-base /home/tau/colcon_ws/build/dis_tutorial2/build install --record /home/tau/colcon_ws/build/dis_tutorial2/install.log --single-version-externally-managed install_data
[0.954s] running egg_info
[0.954s] writing ../../build/dis_tutorial2/dis_tutorial2.egg-info/PKG-INFO
[0.954s] writing dependency_links to ../../build/dis_tutorial2/dis_tutorial2.egg-info/dependency_links.txt
[0.954s] writing entry points to ../../build/dis_tutorial2/dis_tutorial2.egg-info/entry_points.txt
[0.954s] writing requirements to ../../build/dis_tutorial2/dis_tutorial2.egg-info/requires.txt
[0.955s] writing top-level names to ../../build/dis_tutorial2/dis_tutorial2.egg-info/top_level.txt
[0.956s] reading manifest file '../../build/dis_tutorial2/dis_tutorial2.egg-info/SOURCES.txt'
[0.956s] writing manifest file '../../build/dis_tutorial2/dis_tutorial2.egg-info/SOURCES.txt'
[0.956s] running build
[0.956s] running build_py
[0.957s] running install
[0.957s] running install_lib
[0.958s] running install_data
[0.958s] running install_egg_info
[0.959s] removing '/home/tau/colcon_ws/install/dis_tutorial2/lib/python3.10/site-packages/dis_tutorial2-0.0.1-py3.10.egg-info' (and everything under it)
[0.959s] Copying ../../build/dis_tutorial2/dis_tutorial2.egg-info to /home/tau/colcon_ws/install/dis_tutorial2/lib/python3.10/site-packages/dis_tutorial2-0.0.1-py3.10.egg-info
[0.960s] running install_scripts
[0.979s] Installing achtung_die_turtle script to /home/tau/colcon_ws/install/dis_tutorial2/lib/dis_tutorial2
[0.979s] Installing go_to_position script to /home/tau/colcon_ws/install/dis_tutorial2/lib/dis_tutorial2
[0.980s] Installing intersection script to /home/tau/colcon_ws/install/dis_tutorial2/lib/dis_tutorial2
[0.980s] Installing random_velocity_publisher script to /home/tau/colcon_ws/install/dis_tutorial2/lib/dis_tutorial2
[0.980s] writing list of installed files to '/home/tau/colcon_ws/build/dis_tutorial2/install.log'
[1.007s] Invoked command in '/home/tau/colcon_ws/src/dis_tutorial2' returned '0': PYTHONPATH=/home/tau/colcon_ws/build/dis_tutorial2/prefix_override:/usr/lib/python3/dist-packages/colcon_core/task/python/colcon_distutils_commands:/home/tau/colcon_ws/install/dis_tutorial2/lib/python3.10/site-packages:${PYTHONPATH} /usr/bin/python3 -W ignore:setup.py install is deprecated -W ignore:easy_install command is deprecated setup.py egg_info --egg-base ../../build/dis_tutorial2 build --build-base /home/tau/colcon_ws/build/dis_tutorial2/build install --record /home/tau/colcon_ws/build/dis_tutorial2/install.log --single-version-externally-managed install_data
