[0.072s] Invoking command in '/home/ilija/ros2_ws/src/RINS/build/dis_tutorial1': CMAKE_PREFIX_PATH=${CMAKE_PREFIX_PATH}:/home/ilija/ros2_ws/src/RINS/install/dis_tutorial2:/opt/ros/humble /usr/bin/cmake --build /home/ilija/ros2_ws/src/RINS/build/dis_tutorial1 -- -j2 -l2
[0.288s] [  1%] Built target dis_tutorial1__cpp
[0.312s] [35m[1mConsolidate compiler generated dependencies of target dis_tutorial1__rosidl_generator_c[0m
[0.387s] [  1%] Built target ament_cmake_python_symlink_dis_tutorial1
[0.394s] [ 10%] Built target dis_tutorial1__rosidl_generator_c
[0.431s] [35m[1mConsolidate compiler generated dependencies of target simple_subscriber[0m
[0.466s] [35m[1mConsolidate compiler generated dependencies of target simple_publisher[0m
[0.471s] [ 13%] Built target simple_subscriber
[0.502s] [35m[1mConsolidate compiler generated dependencies of target simple_set_bool_server_node[0m
[0.551s] [ 16%] Built target simple_publisher
[0.570s] [ 19%] Built target simple_set_bool_server_node
[0.595s] [35m[1mConsolidate compiler generated dependencies of target dis_tutorial1__rosidl_typesupport_fastrtps_c[0m
[0.599s] [35m[1mConsolidate compiler generated dependencies of target dis_tutorial1__rosidl_typesupport_cpp[0m
[0.657s] [ 28%] Built target dis_tutorial1__rosidl_typesupport_fastrtps_c
[0.679s] [ 37%] Built target dis_tutorial1__rosidl_typesupport_cpp
[0.710s] [35m[1mConsolidate compiler generated dependencies of target dis_tutorial1__rosidl_typesupport_fastrtps_cpp[0m
[0.743s] [35m[1mConsolidate compiler generated dependencies of target dis_tutorial1__rosidl_typesupport_introspection_c[0m
[0.746s] [ 46%] Built target dis_tutorial1__rosidl_typesupport_fastrtps_cpp
[0.786s] [ 55%] Built target dis_tutorial1__rosidl_typesupport_introspection_c
[0.797s] [35m[1mConsolidate compiler generated dependencies of target dis_tutorial1__rosidl_typesupport_c[0m
[0.811s] [35m[1mConsolidate compiler generated dependencies of target dis_tutorial1__rosidl_typesupport_introspection_cpp[0m
[0.856s] [ 70%] Built target dis_tutorial1__rosidl_typesupport_introspection_cpp
[0.857s] [ 73%] Built target dis_tutorial1__rosidl_typesupport_c
[0.917s] [35m[1mConsolidate compiler generated dependencies of target simple_client_node[0m
[1.001s] [ 76%] Built target simple_client_node
[1.092s] [35m[1mConsolidate compiler generated dependencies of target simple_server_node[0m
[1.188s] [ 79%] Built target simple_server_node
[1.243s] [35m[1mConsolidate compiler generated dependencies of target complete_node[0m
[1.330s] [ 82%] Built target complete_node
[1.428s] [ 82%] Built target dis_tutorial1
[1.528s] running egg_info
[1.530s] writing dis_tutorial1.egg-info/PKG-INFO
[1.531s] writing dependency_links to dis_tutorial1.egg-info/dependency_links.txt
[1.531s] writing top-level names to dis_tutorial1.egg-info/top_level.txt
[1.537s] reading manifest file 'dis_tutorial1.egg-info/SOURCES.txt'
[1.543s] [ 83%] Built target dis_tutorial1__py
[1.543s] writing manifest file 'dis_tutorial1.egg-info/SOURCES.txt'
[1.604s] [35m[1mConsolidate compiler generated dependencies of target dis_tutorial1__rosidl_generator_py[0m
[1.646s] [ 91%] Built target dis_tutorial1__rosidl_generator_py
[1.672s] [35m[1mConsolidate compiler generated dependencies of target dis_tutorial1__rosidl_typesupport_fastrtps_c__pyext[0m
[1.672s] [ 91%] Built target ament_cmake_python_build_dis_tutorial1_egg
[1.721s] [35m[1mConsolidate compiler generated dependencies of target dis_tutorial1__rosidl_typesupport_introspection_c__pyext[0m
[1.722s] [ 94%] Built target dis_tutorial1__rosidl_typesupport_fastrtps_c__pyext
[1.743s] [ 97%] Built target dis_tutorial1__rosidl_typesupport_introspection_c__pyext
[1.759s] [35m[1mConsolidate compiler generated dependencies of target dis_tutorial1__rosidl_typesupport_c__pyext[0m
[1.792s] [100%] Built target dis_tutorial1__rosidl_typesupport_c__pyext
[1.820s] Invoked command in '/home/ilija/ros2_ws/src/RINS/build/dis_tutorial1' returned '0': CMAKE_PREFIX_PATH=${CMAKE_PREFIX_PATH}:/home/ilija/ros2_ws/src/RINS/install/dis_tutorial2:/opt/ros/humble /usr/bin/cmake --build /home/ilija/ros2_ws/src/RINS/build/dis_tutorial1 -- -j2 -l2
[1.853s] Invoking command in '/home/ilija/ros2_ws/src/RINS/build/dis_tutorial1': CMAKE_PREFIX_PATH=${CMAKE_PREFIX_PATH}:/home/ilija/ros2_ws/src/RINS/install/dis_tutorial2:/opt/ros/humble /usr/bin/cmake --install /home/ilija/ros2_ws/src/RINS/build/dis_tutorial1
[1.873s] -- Install configuration: ""
[1.874s] -- Execute custom install script
[1.874s] -- Up-to-date symlink: /home/ilija/ros2_ws/src/RINS/install/dis_tutorial1/share/ament_index/resource_index/rosidl_interfaces/dis_tutorial1
[1.875s] -- Up-to-date symlink: /home/ilija/ros2_ws/src/RINS/install/dis_tutorial1/include/dis_tutorial1/dis_tutorial1/msg/custom_message.h
[1.875s] -- Up-to-date symlink: /home/ilija/ros2_ws/src/RINS/install/dis_tutorial1/include/dis_tutorial1/dis_tutorial1/msg/custom_message2.h
[1.876s] -- Up-to-date symlink: /home/ilija/ros2_ws/src/RINS/install/dis_tutorial1/include/dis_tutorial1/dis_tutorial1/msg/detail/custom_message2__functions.h
[1.878s] -- Up-to-date symlink: /home/ilija/ros2_ws/src/RINS/install/dis_tutorial1/include/dis_tutorial1/dis_tutorial1/msg/detail/custom_message2__struct.h
[1.878s] -- Up-to-date symlink: /home/ilija/ros2_ws/src/RINS/install/dis_tutorial1/include/dis_tutorial1/dis_tutorial1/msg/detail/custom_message2__type_support.h
[1.878s] -- Up-to-date symlink: /home/ilija/ros2_ws/src/RINS/install/dis_tutorial1/include/dis_tutorial1/dis_tutorial1/msg/detail/custom_message__functions.h
[1.881s] -- Up-to-date symlink: /home/ilija/ros2_ws/src/RINS/install/dis_tutorial1/include/dis_tutorial1/dis_tutorial1/msg/detail/custom_message__struct.h
[1.881s] -- Up-to-date symlink: /home/ilija/ros2_ws/src/RINS/install/dis_tutorial1/include/dis_tutorial1/dis_tutorial1/msg/detail/custom_message__type_support.h
[1.881s] -- Up-to-date symlink: /home/ilija/ros2_ws/src/RINS/install/dis_tutorial1/include/dis_tutorial1/dis_tutorial1/msg/rosidl_generator_c__visibility_control.h
[1.881s] -- Up-to-date symlink: /home/ilija/ros2_ws/src/RINS/install/dis_tutorial1/include/dis_tutorial1/dis_tutorial1/srv/add_two_ints.h
[1.882s] -- Up-to-date symlink: /home/ilija/ros2_ws/src/RINS/install/dis_tutorial1/include/dis_tutorial1/dis_tutorial1/srv/detail/add_two_ints__functions.h
[1.882s] -- Up-to-date symlink: /home/ilija/ros2_ws/src/RINS/install/dis_tutorial1/include/dis_tutorial1/dis_tutorial1/srv/detail/add_two_ints__struct.h
[1.882s] -- Up-to-date symlink: /home/ilija/ros2_ws/src/RINS/install/dis_tutorial1/include/dis_tutorial1/dis_tutorial1/srv/detail/add_two_ints__type_support.h
[1.882s] -- Up-to-date symlink: /home/ilija/ros2_ws/src/RINS/install/dis_tutorial1/include/dis_tutorial1/dis_tutorial1/srv/detail/sum_service__functions.h
[1.882s] -- Up-to-date symlink: /home/ilija/ros2_ws/src/RINS/install/dis_tutorial1/include/dis_tutorial1/dis_tutorial1/srv/detail/sum_service__struct.h
[1.882s] -- Up-to-date symlink: /home/ilija/ros2_ws/src/RINS/install/dis_tutorial1/include/dis_tutorial1/dis_tutorial1/srv/detail/sum_service__type_support.h
[1.882s] -- Up-to-date symlink: /home/ilija/ros2_ws/src/RINS/install/dis_tutorial1/include/dis_tutorial1/dis_tutorial1/srv/sum_service.h
[1.882s] -- Up-to-date symlink: /home/ilija/ros2_ws/src/RINS/install/dis_tutorial1/share/dis_tutorial1/environment/library_path.sh
[1.882s] -- Up-to-date symlink: /home/ilija/ros2_ws/src/RINS/install/dis_tutorial1/share/dis_tutorial1/environment/library_path.dsv
[1.883s] -- Up-to-date symlink: /home/ilija/ros2_ws/src/RINS/install/dis_tutorial1/include/dis_tutorial1/dis_tutorial1/msg/detail/custom_message2__rosidl_typesupport_fastrtps_c.h
[1.883s] -- Up-to-date symlink: /home/ilija/ros2_ws/src/RINS/install/dis_tutorial1/include/dis_tutorial1/dis_tutorial1/msg/detail/custom_message__rosidl_typesupport_fastrtps_c.h
[1.883s] -- Up-to-date symlink: /home/ilija/ros2_ws/src/RINS/install/dis_tutorial1/include/dis_tutorial1/dis_tutorial1/msg/rosidl_typesupport_fastrtps_c__visibility_control.h
[1.883s] -- Up-to-date symlink: /home/ilija/ros2_ws/src/RINS/install/dis_tutorial1/include/dis_tutorial1/dis_tutorial1/srv/detail/add_two_ints__rosidl_typesupport_fastrtps_c.h
[1.883s] -- Up-to-date symlink: /home/ilija/ros2_ws/src/RINS/install/dis_tutorial1/include/dis_tutorial1/dis_tutorial1/srv/detail/sum_service__rosidl_typesupport_fastrtps_c.h
[1.883s] -- Up-to-date symlink: /home/ilija/ros2_ws/src/RINS/install/dis_tutorial1/include/dis_tutorial1/dis_tutorial1/msg/custom_message.hpp
[1.884s] -- Up-to-date symlink: /home/ilija/ros2_ws/src/RINS/install/dis_tutorial1/include/dis_tutorial1/dis_tutorial1/msg/custom_message2.hpp
[1.884s] -- Up-to-date symlink: /home/ilija/ros2_ws/src/RINS/install/dis_tutorial1/include/dis_tutorial1/dis_tutorial1/msg/detail/custom_message2__builder.hpp
[1.885s] -- Up-to-date symlink: /home/ilija/ros2_ws/src/RINS/install/dis_tutorial1/include/dis_tutorial1/dis_tutorial1/msg/detail/custom_message2__struct.hpp
[1.886s] -- Up-to-date symlink: /home/ilija/ros2_ws/src/RINS/install/dis_tutorial1/include/dis_tutorial1/dis_tutorial1/msg/detail/custom_message2__traits.hpp
[1.886s] -- Up-to-date symlink: /home/ilija/ros2_ws/src/RINS/install/dis_tutorial1/include/dis_tutorial1/dis_tutorial1/msg/detail/custom_message2__type_support.hpp
[1.886s] -- Up-to-date symlink: /home/ilija/ros2_ws/src/RINS/install/dis_tutorial1/include/dis_tutorial1/dis_tutorial1/msg/detail/custom_message__builder.hpp
[1.886s] -- Up-to-date symlink: /home/ilija/ros2_ws/src/RINS/install/dis_tutorial1/include/dis_tutorial1/dis_tutorial1/msg/detail/custom_message__struct.hpp
[1.886s] -- Up-to-date symlink: /home/ilija/ros2_ws/src/RINS/install/dis_tutorial1/include/dis_tutorial1/dis_tutorial1/msg/detail/custom_message__traits.hpp
[1.886s] -- Up-to-date symlink: /home/ilija/ros2_ws/src/RINS/install/dis_tutorial1/include/dis_tutorial1/dis_tutorial1/msg/detail/custom_message__type_support.hpp
[1.887s] -- Up-to-date symlink: /home/ilija/ros2_ws/src/RINS/install/dis_tutorial1/include/dis_tutorial1/dis_tutorial1/msg/rosidl_generator_cpp__visibility_control.hpp
[1.889s] -- Up-to-date symlink: /home/ilija/ros2_ws/src/RINS/install/dis_tutorial1/include/dis_tutorial1/dis_tutorial1/srv/add_two_ints.hpp
[1.889s] -- Up-to-date symlink: /home/ilija/ros2_ws/src/RINS/install/dis_tutorial1/include/dis_tutorial1/dis_tutorial1/srv/detail/add_two_ints__builder.hpp
[1.889s] -- Up-to-date symlink: /home/ilija/ros2_ws/src/RINS/install/dis_tutorial1/include/dis_tutorial1/dis_tutorial1/srv/detail/add_two_ints__struct.hpp
[1.889s] -- Up-to-date symlink: /home/ilija/ros2_ws/src/RINS/install/dis_tutorial1/include/dis_tutorial1/dis_tutorial1/srv/detail/add_two_ints__traits.hpp
[1.889s] -- Up-to-date symlink: /home/ilija/ros2_ws/src/RINS/install/dis_tutorial1/include/dis_tutorial1/dis_tutorial1/srv/detail/add_two_ints__type_support.hpp
[1.889s] -- Up-to-date symlink: /home/ilija/ros2_ws/src/RINS/install/dis_tutorial1/include/dis_tutorial1/dis_tutorial1/srv/detail/sum_service__builder.hpp
[1.890s] -- Up-to-date symlink: /home/ilija/ros2_ws/src/RINS/install/dis_tutorial1/include/dis_tutorial1/dis_tutorial1/srv/detail/sum_service__struct.hpp
[1.891s] -- Up-to-date symlink: /home/ilija/ros2_ws/src/RINS/install/dis_tutorial1/include/dis_tutorial1/dis_tutorial1/srv/detail/sum_service__traits.hpp
[1.892s] -- Up-to-date symlink: /home/ilija/ros2_ws/src/RINS/install/dis_tutorial1/include/dis_tutorial1/dis_tutorial1/srv/detail/sum_service__type_support.hpp
[1.892s] -- Up-to-date symlink: /home/ilija/ros2_ws/src/RINS/install/dis_tutorial1/include/dis_tutorial1/dis_tutorial1/srv/sum_service.hpp
[1.892s] -- Up-to-date symlink: /home/ilija/ros2_ws/src/RINS/install/dis_tutorial1/include/dis_tutorial1/dis_tutorial1/msg/detail/custom_message2__rosidl_typesupport_fastrtps_cpp.hpp
[1.892s] -- Up-to-date symlink: /home/ilija/ros2_ws/src/RINS/install/dis_tutorial1/include/dis_tutorial1/dis_tutorial1/msg/detail/custom_message__rosidl_typesupport_fastrtps_cpp.hpp
[1.895s] -- Up-to-date symlink: /home/ilija/ros2_ws/src/RINS/install/dis_tutorial1/include/dis_tutorial1/dis_tutorial1/msg/rosidl_typesupport_fastrtps_cpp__visibility_control.h
[1.895s] -- Up-to-date symlink: /home/ilija/ros2_ws/src/RINS/install/dis_tutorial1/include/dis_tutorial1/dis_tutorial1/srv/detail/add_two_ints__rosidl_typesupport_fastrtps_cpp.hpp
[1.895s] -- Up-to-date symlink: /home/ilija/ros2_ws/src/RINS/install/dis_tutorial1/include/dis_tutorial1/dis_tutorial1/srv/detail/sum_service__rosidl_typesupport_fastrtps_cpp.hpp
[1.895s] -- Up-to-date symlink: /home/ilija/ros2_ws/src/RINS/install/dis_tutorial1/include/dis_tutorial1/dis_tutorial1/msg/detail/custom_message2__rosidl_typesupport_introspection_c.h
[1.895s] -- Up-to-date symlink: /home/ilija/ros2_ws/src/RINS/install/dis_tutorial1/include/dis_tutorial1/dis_tutorial1/msg/detail/custom_message__rosidl_typesupport_introspection_c.h
[1.897s] -- Up-to-date symlink: /home/ilija/ros2_ws/src/RINS/install/dis_tutorial1/include/dis_tutorial1/dis_tutorial1/msg/rosidl_typesupport_introspection_c__visibility_control.h
[1.897s] -- Up-to-date symlink: /home/ilija/ros2_ws/src/RINS/install/dis_tutorial1/include/dis_tutorial1/dis_tutorial1/srv/detail/add_two_ints__rosidl_typesupport_introspection_c.h
[1.897s] -- Up-to-date symlink: /home/ilija/ros2_ws/src/RINS/install/dis_tutorial1/include/dis_tutorial1/dis_tutorial1/srv/detail/sum_service__rosidl_typesupport_introspection_c.h
[1.897s] -- Up-to-date symlink: /home/ilija/ros2_ws/src/RINS/install/dis_tutorial1/include/dis_tutorial1/dis_tutorial1/msg/detail/custom_message2__rosidl_typesupport_introspection_cpp.hpp
[1.898s] -- Up-to-date symlink: /home/ilija/ros2_ws/src/RINS/install/dis_tutorial1/include/dis_tutorial1/dis_tutorial1/msg/detail/custom_message__rosidl_typesupport_introspection_cpp.hpp
[1.898s] -- Up-to-date symlink: /home/ilija/ros2_ws/src/RINS/install/dis_tutorial1/include/dis_tutorial1/dis_tutorial1/srv/detail/add_two_ints__rosidl_typesupport_introspection_cpp.hpp
[1.898s] -- Up-to-date symlink: /home/ilija/ros2_ws/src/RINS/install/dis_tutorial1/include/dis_tutorial1/dis_tutorial1/srv/detail/sum_service__rosidl_typesupport_introspection_cpp.hpp
[1.898s] -- Up-to-date symlink: /home/ilija/ros2_ws/src/RINS/install/dis_tutorial1/share/dis_tutorial1/environment/pythonpath.sh
[1.898s] -- Up-to-date symlink: /home/ilija/ros2_ws/src/RINS/install/dis_tutorial1/share/dis_tutorial1/environment/pythonpath.dsv
[1.898s] -- Up-to-date symlink: /home/ilija/ros2_ws/src/RINS/install/dis_tutorial1/local/lib/python3.10/dist-packages/dis_tutorial1-0.0.1-py3.10.egg-info/PKG-INFO
[1.898s] -- Up-to-date symlink: /home/ilija/ros2_ws/src/RINS/install/dis_tutorial1/local/lib/python3.10/dist-packages/dis_tutorial1-0.0.1-py3.10.egg-info/SOURCES.txt
[1.898s] -- Up-to-date symlink: /home/ilija/ros2_ws/src/RINS/install/dis_tutorial1/local/lib/python3.10/dist-packages/dis_tutorial1-0.0.1-py3.10.egg-info/dependency_links.txt
[1.901s] -- Up-to-date symlink: /home/ilija/ros2_ws/src/RINS/install/dis_tutorial1/local/lib/python3.10/dist-packages/dis_tutorial1-0.0.1-py3.10.egg-info/top_level.txt
[1.901s] -- Up-to-date symlink: /home/ilija/ros2_ws/src/RINS/install/dis_tutorial1/local/lib/python3.10/dist-packages/dis_tutorial1/__init__.py
[1.901s] -- Up-to-date symlink: /home/ilija/ros2_ws/src/RINS/install/dis_tutorial1/local/lib/python3.10/dist-packages/dis_tutorial1/_dis_tutorial1_s.ep.rosidl_typesupport_c.c
[1.901s] -- Up-to-date symlink: /home/ilija/ros2_ws/src/RINS/install/dis_tutorial1/local/lib/python3.10/dist-packages/dis_tutorial1/_dis_tutorial1_s.ep.rosidl_typesupport_fastrtps_c.c
[1.901s] -- Up-to-date symlink: /home/ilija/ros2_ws/src/RINS/install/dis_tutorial1/local/lib/python3.10/dist-packages/dis_tutorial1/_dis_tutorial1_s.ep.rosidl_typesupport_introspection_c.c
[1.902s] -- Up-to-date symlink: /home/ilija/ros2_ws/src/RINS/install/dis_tutorial1/local/lib/python3.10/dist-packages/dis_tutorial1/dis_tutorial1_s__rosidl_typesupport_c.cpython-310-x86_64-linux-gnu.so
[1.902s] -- Up-to-date symlink: /home/ilija/ros2_ws/src/RINS/install/dis_tutorial1/local/lib/python3.10/dist-packages/dis_tutorial1/dis_tutorial1_s__rosidl_typesupport_fastrtps_c.cpython-310-x86_64-linux-gnu.so
[1.904s] -- Up-to-date symlink: /home/ilija/ros2_ws/src/RINS/install/dis_tutorial1/local/lib/python3.10/dist-packages/dis_tutorial1/dis_tutorial1_s__rosidl_typesupport_introspection_c.cpython-310-x86_64-linux-gnu.so
[1.904s] -- Up-to-date symlink: /home/ilija/ros2_ws/src/RINS/install/dis_tutorial1/local/lib/python3.10/dist-packages/dis_tutorial1/libdis_tutorial1__rosidl_generator_py.so
[1.904s] -- Up-to-date symlink: /home/ilija/ros2_ws/src/RINS/install/dis_tutorial1/local/lib/python3.10/dist-packages/dis_tutorial1/msg/__init__.py
[1.905s] -- Up-to-date symlink: /home/ilija/ros2_ws/src/RINS/install/dis_tutorial1/local/lib/python3.10/dist-packages/dis_tutorial1/msg/_custom_message.py
[1.905s] -- Up-to-date symlink: /home/ilija/ros2_ws/src/RINS/install/dis_tutorial1/local/lib/python3.10/dist-packages/dis_tutorial1/msg/_custom_message2.py
[1.905s] -- Up-to-date symlink: /home/ilija/ros2_ws/src/RINS/install/dis_tutorial1/local/lib/python3.10/dist-packages/dis_tutorial1/msg/_custom_message2_s.c
[1.905s] -- Up-to-date symlink: /home/ilija/ros2_ws/src/RINS/install/dis_tutorial1/local/lib/python3.10/dist-packages/dis_tutorial1/msg/_custom_message_s.c
[1.905s] -- Up-to-date symlink: /home/ilija/ros2_ws/src/RINS/install/dis_tutorial1/local/lib/python3.10/dist-packages/dis_tutorial1/srv/__init__.py
[1.905s] -- Up-to-date symlink: /home/ilija/ros2_ws/src/RINS/install/dis_tutorial1/local/lib/python3.10/dist-packages/dis_tutorial1/srv/_add_two_ints.py
[1.905s] -- Up-to-date symlink: /home/ilija/ros2_ws/src/RINS/install/dis_tutorial1/local/lib/python3.10/dist-packages/dis_tutorial1/srv/_add_two_ints_s.c
[1.906s] -- Up-to-date symlink: /home/ilija/ros2_ws/src/RINS/install/dis_tutorial1/local/lib/python3.10/dist-packages/dis_tutorial1/srv/_sum_service.py
[1.908s] -- Up-to-date symlink: /home/ilija/ros2_ws/src/RINS/install/dis_tutorial1/local/lib/python3.10/dist-packages/dis_tutorial1/srv/_sum_service_s.c
[1.908s] -- Up-to-date symlink: /home/ilija/ros2_ws/src/RINS/install/dis_tutorial1/local/lib/python3.10/dist-packages/dis_tutorial1/dis_tutorial1_s__rosidl_typesupport_fastrtps_c.cpython-310-x86_64-linux-gnu.so
[1.908s] -- Up-to-date symlink: /home/ilija/ros2_ws/src/RINS/install/dis_tutorial1/local/lib/python3.10/dist-packages/dis_tutorial1/dis_tutorial1_s__rosidl_typesupport_introspection_c.cpython-310-x86_64-linux-gnu.so
[1.908s] -- Up-to-date symlink: /home/ilija/ros2_ws/src/RINS/install/dis_tutorial1/local/lib/python3.10/dist-packages/dis_tutorial1/dis_tutorial1_s__rosidl_typesupport_c.cpython-310-x86_64-linux-gnu.so
[1.909s] -- Up-to-date symlink: /home/ilija/ros2_ws/src/RINS/install/dis_tutorial1/share/dis_tutorial1/msg/CustomMessage.idl
[1.909s] -- Up-to-date symlink: /home/ilija/ros2_ws/src/RINS/install/dis_tutorial1/share/dis_tutorial1/srv/AddTwoInts.idl
[1.909s] -- Up-to-date symlink: /home/ilija/ros2_ws/src/RINS/install/dis_tutorial1/share/dis_tutorial1/msg/CustomMessage2.idl
[1.909s] -- Up-to-date symlink: /home/ilija/ros2_ws/src/RINS/install/dis_tutorial1/share/dis_tutorial1/srv/SumService.idl
[1.909s] -- Up-to-date symlink: /home/ilija/ros2_ws/src/RINS/install/dis_tutorial1/share/dis_tutorial1/msg/CustomMessage.msg
[1.909s] -- Up-to-date symlink: /home/ilija/ros2_ws/src/RINS/install/dis_tutorial1/share/dis_tutorial1/srv/AddTwoInts.srv
[1.909s] -- Up-to-date symlink: /home/ilija/ros2_ws/src/RINS/install/dis_tutorial1/share/dis_tutorial1/srv/AddTwoInts_Request.msg
[1.909s] -- Up-to-date symlink: /home/ilija/ros2_ws/src/RINS/install/dis_tutorial1/share/dis_tutorial1/srv/AddTwoInts_Response.msg
[1.909s] -- Up-to-date symlink: /home/ilija/ros2_ws/src/RINS/install/dis_tutorial1/share/dis_tutorial1/msg/CustomMessage2.msg
[1.909s] -- Up-to-date symlink: /home/ilija/ros2_ws/src/RINS/install/dis_tutorial1/share/dis_tutorial1/srv/SumService.srv
[1.909s] -- Up-to-date symlink: /home/ilija/ros2_ws/src/RINS/install/dis_tutorial1/share/dis_tutorial1/srv/SumService_Request.msg
[1.909s] -- Up-to-date symlink: /home/ilija/ros2_ws/src/RINS/install/dis_tutorial1/share/dis_tutorial1/srv/SumService_Response.msg
[1.909s] -- Up-to-date symlink: /home/ilija/ros2_ws/src/RINS/install/dis_tutorial1/lib/dis_tutorial1/simple_publisher
[1.910s] -- Up-to-date symlink: /home/ilija/ros2_ws/src/RINS/install/dis_tutorial1/lib/dis_tutorial1/simple_subscriber
[1.910s] -- Up-to-date symlink: /home/ilija/ros2_ws/src/RINS/install/dis_tutorial1/lib/dis_tutorial1/simple_client_node
[1.910s] -- Up-to-date symlink: /home/ilija/ros2_ws/src/RINS/install/dis_tutorial1/lib/dis_tutorial1/simple_server_node
[1.910s] -- Up-to-date symlink: /home/ilija/ros2_ws/src/RINS/install/dis_tutorial1/lib/dis_tutorial1/complete_node
[1.910s] -- Up-to-date symlink: /home/ilija/ros2_ws/src/RINS/install/dis_tutorial1/lib/dis_tutorial1/simple_set_bool_server_node
[1.910s] -- Up-to-date symlink: /home/ilija/ros2_ws/src/RINS/install/dis_tutorial1/lib/dis_tutorial1/py_simple_publisher.py
[1.910s] -- Up-to-date symlink: /home/ilija/ros2_ws/src/RINS/install/dis_tutorial1/lib/dis_tutorial1/py_simple_subscriber.py
[1.911s] -- Up-to-date symlink: /home/ilija/ros2_ws/src/RINS/install/dis_tutorial1/lib/dis_tutorial1/py_simple_server_node.py
[1.913s] -- Up-to-date symlink: /home/ilija/ros2_ws/src/RINS/install/dis_tutorial1/lib/dis_tutorial1/py_simple_client_node.py
[1.914s] -- Up-to-date symlink: /home/ilija/ros2_ws/src/RINS/install/dis_tutorial1/lib/dis_tutorial1/py_complete_node.py
[1.914s] -- Up-to-date symlink: /home/ilija/ros2_ws/src/RINS/install/dis_tutorial1/lib/dis_tutorial1/py_draw_square.py
[1.914s] -- Up-to-date symlink: /home/ilija/ros2_ws/src/RINS/install/dis_tutorial1/lib/dis_tutorial1/publisher_node.py
[1.914s] -- Up-to-date symlink: /home/ilija/ros2_ws/src/RINS/install/dis_tutorial1/lib/dis_tutorial1/subscriber_node.py
[1.914s] -- Up-to-date symlink: /home/ilija/ros2_ws/src/RINS/install/dis_tutorial1/lib/dis_tutorial1/service_node.py
[1.914s] -- Up-to-date symlink: /home/ilija/ros2_ws/src/RINS/install/dis_tutorial1/lib/dis_tutorial1/client_node.py
[1.914s] -- Up-to-date symlink: /home/ilija/ros2_ws/src/RINS/install/dis_tutorial1/share/ament_index/resource_index/package_run_dependencies/dis_tutorial1
[1.915s] -- Up-to-date symlink: /home/ilija/ros2_ws/src/RINS/install/dis_tutorial1/share/ament_index/resource_index/parent_prefix_path/dis_tutorial1
[1.915s] -- Up-to-date symlink: /home/ilija/ros2_ws/src/RINS/install/dis_tutorial1/share/dis_tutorial1/environment/ament_prefix_path.sh
[1.915s] -- Up-to-date symlink: /home/ilija/ros2_ws/src/RINS/install/dis_tutorial1/share/dis_tutorial1/environment/ament_prefix_path.dsv
[1.915s] -- Up-to-date symlink: /home/ilija/ros2_ws/src/RINS/install/dis_tutorial1/share/dis_tutorial1/environment/path.sh
[1.915s] -- Up-to-date symlink: /home/ilija/ros2_ws/src/RINS/install/dis_tutorial1/share/dis_tutorial1/environment/path.dsv
[1.915s] -- Up-to-date symlink: /home/ilija/ros2_ws/src/RINS/install/dis_tutorial1/share/dis_tutorial1/local_setup.bash
[1.915s] -- Up-to-date symlink: /home/ilija/ros2_ws/src/RINS/install/dis_tutorial1/share/dis_tutorial1/local_setup.sh
[1.915s] -- Up-to-date symlink: /home/ilija/ros2_ws/src/RINS/install/dis_tutorial1/share/dis_tutorial1/local_setup.zsh
[1.916s] -- Up-to-date symlink: /home/ilija/ros2_ws/src/RINS/install/dis_tutorial1/share/dis_tutorial1/local_setup.dsv
[1.916s] -- Symlinking: /home/ilija/ros2_ws/src/RINS/install/dis_tutorial1/share/dis_tutorial1/package.dsv
[1.937s] -- Up-to-date symlink: /home/ilija/ros2_ws/src/RINS/install/dis_tutorial1/share/ament_index/resource_index/packages/dis_tutorial1
[1.938s] -- Up-to-date symlink: /home/ilija/ros2_ws/src/RINS/install/dis_tutorial1/share/dis_tutorial1/cmake/rosidl_cmake-extras.cmake
[1.938s] -- Up-to-date symlink: /home/ilija/ros2_ws/src/RINS/install/dis_tutorial1/share/dis_tutorial1/cmake/ament_cmake_export_dependencies-extras.cmake
[1.939s] -- Up-to-date symlink: /home/ilija/ros2_ws/src/RINS/install/dis_tutorial1/share/dis_tutorial1/cmake/ament_cmake_export_include_directories-extras.cmake
[1.939s] -- Up-to-date symlink: /home/ilija/ros2_ws/src/RINS/install/dis_tutorial1/share/dis_tutorial1/cmake/ament_cmake_export_libraries-extras.cmake
[1.940s] -- Up-to-date symlink: /home/ilija/ros2_ws/src/RINS/install/dis_tutorial1/share/dis_tutorial1/cmake/ament_cmake_export_targets-extras.cmake
[1.940s] -- Up-to-date symlink: /home/ilija/ros2_ws/src/RINS/install/dis_tutorial1/share/dis_tutorial1/cmake/rosidl_cmake_export_typesupport_targets-extras.cmake
[1.941s] -- Up-to-date symlink: /home/ilija/ros2_ws/src/RINS/install/dis_tutorial1/share/dis_tutorial1/cmake/rosidl_cmake_export_typesupport_libraries-extras.cmake
[1.941s] -- Up-to-date symlink: /home/ilija/ros2_ws/src/RINS/install/dis_tutorial1/share/dis_tutorial1/cmake/dis_tutorial1Config.cmake
[1.942s] -- Up-to-date symlink: /home/ilija/ros2_ws/src/RINS/install/dis_tutorial1/share/dis_tutorial1/cmake/dis_tutorial1Config-version.cmake
[1.943s] -- Up-to-date symlink: /home/ilija/ros2_ws/src/RINS/install/dis_tutorial1/share/dis_tutorial1/package.xml
[1.944s] -- Up-to-date: /home/ilija/ros2_ws/src/RINS/install/dis_tutorial1/lib/libdis_tutorial1__rosidl_generator_c.so
[1.945s] -- Up-to-date: /home/ilija/ros2_ws/src/RINS/install/dis_tutorial1/lib/libdis_tutorial1__rosidl_typesupport_fastrtps_c.so
[1.946s] -- Up-to-date: /home/ilija/ros2_ws/src/RINS/install/dis_tutorial1/lib/libdis_tutorial1__rosidl_typesupport_fastrtps_cpp.so
[1.947s] -- Up-to-date: /home/ilija/ros2_ws/src/RINS/install/dis_tutorial1/lib/libdis_tutorial1__rosidl_typesupport_introspection_c.so
[1.949s] -- Up-to-date: /home/ilija/ros2_ws/src/RINS/install/dis_tutorial1/lib/libdis_tutorial1__rosidl_typesupport_c.so
[1.949s] -- Up-to-date: /home/ilija/ros2_ws/src/RINS/install/dis_tutorial1/lib/libdis_tutorial1__rosidl_typesupport_introspection_cpp.so
[1.950s] -- Up-to-date: /home/ilija/ros2_ws/src/RINS/install/dis_tutorial1/lib/libdis_tutorial1__rosidl_typesupport_cpp.so
[2.012s] Listing '/home/ilija/ros2_ws/src/RINS/install/dis_tutorial1/local/lib/python3.10/dist-packages/dis_tutorial1'...
[2.012s] Listing '/home/ilija/ros2_ws/src/RINS/install/dis_tutorial1/local/lib/python3.10/dist-packages/dis_tutorial1/msg'...
[2.013s] Listing '/home/ilija/ros2_ws/src/RINS/install/dis_tutorial1/local/lib/python3.10/dist-packages/dis_tutorial1/srv'...
[2.023s] -- Up-to-date: /home/ilija/ros2_ws/src/RINS/install/dis_tutorial1/lib/libdis_tutorial1__rosidl_generator_py.so
[2.024s] -- Up-to-date: /home/ilija/ros2_ws/src/RINS/install/dis_tutorial1/share/dis_tutorial1/cmake/export_dis_tutorial1__rosidl_generator_cExport.cmake
[2.024s] -- Up-to-date: /home/ilija/ros2_ws/src/RINS/install/dis_tutorial1/share/dis_tutorial1/cmake/export_dis_tutorial1__rosidl_generator_cExport-noconfig.cmake
[2.024s] -- Up-to-date: /home/ilija/ros2_ws/src/RINS/install/dis_tutorial1/share/dis_tutorial1/cmake/export_dis_tutorial1__rosidl_typesupport_fastrtps_cExport.cmake
[2.024s] -- Up-to-date: /home/ilija/ros2_ws/src/RINS/install/dis_tutorial1/share/dis_tutorial1/cmake/export_dis_tutorial1__rosidl_typesupport_fastrtps_cExport-noconfig.cmake
[2.027s] -- Up-to-date: /home/ilija/ros2_ws/src/RINS/install/dis_tutorial1/share/dis_tutorial1/cmake/export_dis_tutorial1__rosidl_generator_cppExport.cmake
[2.027s] -- Up-to-date: /home/ilija/ros2_ws/src/RINS/install/dis_tutorial1/share/dis_tutorial1/cmake/export_dis_tutorial1__rosidl_typesupport_fastrtps_cppExport.cmake
[2.027s] -- Up-to-date: /home/ilija/ros2_ws/src/RINS/install/dis_tutorial1/share/dis_tutorial1/cmake/export_dis_tutorial1__rosidl_typesupport_fastrtps_cppExport-noconfig.cmake
[2.027s] -- Up-to-date: /home/ilija/ros2_ws/src/RINS/install/dis_tutorial1/share/dis_tutorial1/cmake/dis_tutorial1__rosidl_typesupport_introspection_cExport.cmake
[2.027s] -- Up-to-date: /home/ilija/ros2_ws/src/RINS/install/dis_tutorial1/share/dis_tutorial1/cmake/dis_tutorial1__rosidl_typesupport_introspection_cExport-noconfig.cmake
[2.027s] -- Up-to-date: /home/ilija/ros2_ws/src/RINS/install/dis_tutorial1/share/dis_tutorial1/cmake/dis_tutorial1__rosidl_typesupport_cExport.cmake
[2.027s] -- Up-to-date: /home/ilija/ros2_ws/src/RINS/install/dis_tutorial1/share/dis_tutorial1/cmake/dis_tutorial1__rosidl_typesupport_cExport-noconfig.cmake
[2.027s] -- Up-to-date: /home/ilija/ros2_ws/src/RINS/install/dis_tutorial1/share/dis_tutorial1/cmake/dis_tutorial1__rosidl_typesupport_introspection_cppExport.cmake
[2.027s] -- Up-to-date: /home/ilija/ros2_ws/src/RINS/install/dis_tutorial1/share/dis_tutorial1/cmake/dis_tutorial1__rosidl_typesupport_introspection_cppExport-noconfig.cmake
[2.027s] -- Up-to-date: /home/ilija/ros2_ws/src/RINS/install/dis_tutorial1/share/dis_tutorial1/cmake/dis_tutorial1__rosidl_typesupport_cppExport.cmake
[2.027s] -- Up-to-date: /home/ilija/ros2_ws/src/RINS/install/dis_tutorial1/share/dis_tutorial1/cmake/dis_tutorial1__rosidl_typesupport_cppExport-noconfig.cmake
[2.028s] -- Up-to-date: /home/ilija/ros2_ws/src/RINS/install/dis_tutorial1/share/dis_tutorial1/cmake/export_dis_tutorial1__rosidl_generator_pyExport.cmake
[2.028s] -- Up-to-date: /home/ilija/ros2_ws/src/RINS/install/dis_tutorial1/share/dis_tutorial1/cmake/export_dis_tutorial1__rosidl_generator_pyExport-noconfig.cmake
[2.030s] Invoked command in '/home/ilija/ros2_ws/src/RINS/build/dis_tutorial1' returned '0': CMAKE_PREFIX_PATH=${CMAKE_PREFIX_PATH}:/home/ilija/ros2_ws/src/RINS/install/dis_tutorial2:/opt/ros/humble /usr/bin/cmake --install /home/ilija/ros2_ws/src/RINS/build/dis_tutorial1
