[0.086s] DEBUG:colcon:Command line arguments: ['/usr/bin/colcon', 'build']
[0.086s] DEBUG:colcon:Parsed command line arguments: Namespace(log_base=None, log_level=None, verb_name='build', build_base='build', install_base='install', merge_install=False, symlink_install=False, test_result_base=None, continue_on_error=False, executor='parallel', parallel_workers=16, event_handlers=None, ignore_user_meta=False, metas=['./colcon.meta'], base_paths=['.'], packages_ignore=None, packages_ignore_regex=None, paths=None, packages_up_to=None, packages_up_to_regex=None, packages_above=None, packages_above_and_dependencies=None, packages_above_depth=None, packages_select_by_dep=None, packages_skip_by_dep=None, packages_skip_up_to=None, packages_select_build_failed=False, packages_skip_build_finished=False, packages_select_test_failures=False, packages_skip_test_passed=False, packages_select=None, packages_skip=None, packages_select_regex=None, packages_skip_regex=None, packages_start=None, packages_end=None, allow_overriding=[], cmake_args=None, cmake_target=None, cmake_target_skip_unavailable=False, cmake_clean_cache=False, cmake_clean_first=False, cmake_force_configure=False, ament_cmake_args=None, catkin_cmake_args=None, catkin_skip_building_tests=False, mixin_files=None, mixin=None, verb_parser=<colcon_mixin.mixin.mixin_argument.MixinArgumentDecorator object at 0x73a0da4474c0>, verb_extension=<colcon_core.verb.build.BuildVerb object at 0x73a0da5943a0>, main=<bound method BuildVerb.main of <colcon_core.verb.build.BuildVerb object at 0x73a0da5943a0>>, mixin_verb=('build',))
[0.217s] Level 1:colcon.colcon_core.package_discovery:discover_packages(colcon_meta) check parameters
[0.217s] Level 1:colcon.colcon_core.package_discovery:discover_packages(recursive) check parameters
[0.217s] Level 1:colcon.colcon_core.package_discovery:discover_packages(ignore) check parameters
[0.217s] Level 1:colcon.colcon_core.package_discovery:discover_packages(path) check parameters
[0.217s] Level 1:colcon.colcon_core.package_discovery:discover_packages(colcon_meta) discover
[0.217s] Level 1:colcon.colcon_core.package_discovery:discover_packages(recursive) discover
[0.217s] INFO:colcon.colcon_core.package_discovery:Crawling recursively for packages in '/home/tau/colcon_ws'
[0.217s] Level 1:colcon.colcon_core.package_identification:_identify(.) by extensions ['ignore', 'ignore_ament_install']
[0.217s] Level 1:colcon.colcon_core.package_identification:_identify(.) by extension 'ignore'
[0.217s] Level 1:colcon.colcon_core.package_identification:_identify(.) by extension 'ignore_ament_install'
[0.217s] Level 1:colcon.colcon_core.package_identification:_identify(.) by extensions ['colcon_pkg']
[0.217s] Level 1:colcon.colcon_core.package_identification:_identify(.) by extension 'colcon_pkg'
[0.217s] Level 1:colcon.colcon_core.package_identification:_identify(.) by extensions ['colcon_meta']
[0.217s] Level 1:colcon.colcon_core.package_identification:_identify(.) by extension 'colcon_meta'
[0.217s] Level 1:colcon.colcon_core.package_identification:_identify(.) by extensions ['ros']
[0.217s] Level 1:colcon.colcon_core.package_identification:_identify(.) by extension 'ros'
[0.226s] Level 1:colcon.colcon_core.package_identification:_identify(.) by extensions ['cmake', 'python']
[0.226s] Level 1:colcon.colcon_core.package_identification:_identify(.) by extension 'cmake'
[0.226s] Level 1:colcon.colcon_core.package_identification:_identify(.) by extension 'python'
[0.226s] Level 1:colcon.colcon_core.package_identification:_identify(.) by extensions ['python_setup_py']
[0.226s] Level 1:colcon.colcon_core.package_identification:_identify(.) by extension 'python_setup_py'
[0.226s] Level 1:colcon.colcon_core.package_identification:_identify(3dringdataset) by extensions ['ignore', 'ignore_ament_install']
[0.226s] Level 1:colcon.colcon_core.package_identification:_identify(3dringdataset) by extension 'ignore'
[0.226s] Level 1:colcon.colcon_core.package_identification:_identify(3dringdataset) by extension 'ignore_ament_install'
[0.226s] Level 1:colcon.colcon_core.package_identification:_identify(3dringdataset) by extensions ['colcon_pkg']
[0.226s] Level 1:colcon.colcon_core.package_identification:_identify(3dringdataset) by extension 'colcon_pkg'
[0.226s] Level 1:colcon.colcon_core.package_identification:_identify(3dringdataset) by extensions ['colcon_meta']
[0.226s] Level 1:colcon.colcon_core.package_identification:_identify(3dringdataset) by extension 'colcon_meta'
[0.226s] Level 1:colcon.colcon_core.package_identification:_identify(3dringdataset) by extensions ['ros']
[0.226s] Level 1:colcon.colcon_core.package_identification:_identify(3dringdataset) by extension 'ros'
[0.226s] Level 1:colcon.colcon_core.package_identification:_identify(3dringdataset) by extensions ['cmake', 'python']
[0.226s] Level 1:colcon.colcon_core.package_identification:_identify(3dringdataset) by extension 'cmake'
[0.226s] Level 1:colcon.colcon_core.package_identification:_identify(3dringdataset) by extension 'python'
[0.226s] Level 1:colcon.colcon_core.package_identification:_identify(3dringdataset) by extensions ['python_setup_py']
[0.226s] Level 1:colcon.colcon_core.package_identification:_identify(3dringdataset) by extension 'python_setup_py'
[0.226s] Level 1:colcon.colcon_core.package_identification:_identify(3dringdataset/labels) by extensions ['ignore', 'ignore_ament_install']
[0.227s] Level 1:colcon.colcon_core.package_identification:_identify(3dringdataset/labels) by extension 'ignore'
[0.227s] Level 1:colcon.colcon_core.package_identification:_identify(3dringdataset/labels) by extension 'ignore_ament_install'
[0.227s] Level 1:colcon.colcon_core.package_identification:_identify(3dringdataset/labels) by extensions ['colcon_pkg']
[0.227s] Level 1:colcon.colcon_core.package_identification:_identify(3dringdataset/labels) by extension 'colcon_pkg'
[0.227s] Level 1:colcon.colcon_core.package_identification:_identify(3dringdataset/labels) by extensions ['colcon_meta']
[0.227s] Level 1:colcon.colcon_core.package_identification:_identify(3dringdataset/labels) by extension 'colcon_meta'
[0.227s] Level 1:colcon.colcon_core.package_identification:_identify(3dringdataset/labels) by extensions ['ros']
[0.227s] Level 1:colcon.colcon_core.package_identification:_identify(3dringdataset/labels) by extension 'ros'
[0.227s] Level 1:colcon.colcon_core.package_identification:_identify(3dringdataset/labels) by extensions ['cmake', 'python']
[0.227s] Level 1:colcon.colcon_core.package_identification:_identify(3dringdataset/labels) by extension 'cmake'
[0.227s] Level 1:colcon.colcon_core.package_identification:_identify(3dringdataset/labels) by extension 'python'
[0.227s] Level 1:colcon.colcon_core.package_identification:_identify(3dringdataset/labels) by extensions ['python_setup_py']
[0.227s] Level 1:colcon.colcon_core.package_identification:_identify(3dringdataset/labels) by extension 'python_setup_py'
[0.227s] Level 1:colcon.colcon_core.package_identification:_identify(3dringdataset/runs) by extensions ['ignore', 'ignore_ament_install']
[0.227s] Level 1:colcon.colcon_core.package_identification:_identify(3dringdataset/runs) by extension 'ignore'
[0.227s] Level 1:colcon.colcon_core.package_identification:_identify(3dringdataset/runs) by extension 'ignore_ament_install'
[0.227s] Level 1:colcon.colcon_core.package_identification:_identify(3dringdataset/runs) by extensions ['colcon_pkg']
[0.227s] Level 1:colcon.colcon_core.package_identification:_identify(3dringdataset/runs) by extension 'colcon_pkg'
[0.227s] Level 1:colcon.colcon_core.package_identification:_identify(3dringdataset/runs) by extensions ['colcon_meta']
[0.227s] Level 1:colcon.colcon_core.package_identification:_identify(3dringdataset/runs) by extension 'colcon_meta'
[0.227s] Level 1:colcon.colcon_core.package_identification:_identify(3dringdataset/runs) by extensions ['ros']
[0.227s] Level 1:colcon.colcon_core.package_identification:_identify(3dringdataset/runs) by extension 'ros'
[0.227s] Level 1:colcon.colcon_core.package_identification:_identify(3dringdataset/runs) by extensions ['cmake', 'python']
[0.227s] Level 1:colcon.colcon_core.package_identification:_identify(3dringdataset/runs) by extension 'cmake'
[0.227s] Level 1:colcon.colcon_core.package_identification:_identify(3dringdataset/runs) by extension 'python'
[0.227s] Level 1:colcon.colcon_core.package_identification:_identify(3dringdataset/runs) by extensions ['python_setup_py']
[0.227s] Level 1:colcon.colcon_core.package_identification:_identify(3dringdataset/runs) by extension 'python_setup_py'
[0.227s] Level 1:colcon.colcon_core.package_identification:_identify(3dringdataset/runs/detect) by extensions ['ignore', 'ignore_ament_install']
[0.227s] Level 1:colcon.colcon_core.package_identification:_identify(3dringdataset/runs/detect) by extension 'ignore'
[0.227s] Level 1:colcon.colcon_core.package_identification:_identify(3dringdataset/runs/detect) by extension 'ignore_ament_install'
[0.227s] Level 1:colcon.colcon_core.package_identification:_identify(3dringdataset/runs/detect) by extensions ['colcon_pkg']
[0.227s] Level 1:colcon.colcon_core.package_identification:_identify(3dringdataset/runs/detect) by extension 'colcon_pkg'
[0.227s] Level 1:colcon.colcon_core.package_identification:_identify(3dringdataset/runs/detect) by extensions ['colcon_meta']
[0.227s] Level 1:colcon.colcon_core.package_identification:_identify(3dringdataset/runs/detect) by extension 'colcon_meta'
[0.228s] Level 1:colcon.colcon_core.package_identification:_identify(3dringdataset/runs/detect) by extensions ['ros']
[0.228s] Level 1:colcon.colcon_core.package_identification:_identify(3dringdataset/runs/detect) by extension 'ros'
[0.228s] Level 1:colcon.colcon_core.package_identification:_identify(3dringdataset/runs/detect) by extensions ['cmake', 'python']
[0.228s] Level 1:colcon.colcon_core.package_identification:_identify(3dringdataset/runs/detect) by extension 'cmake'
[0.228s] Level 1:colcon.colcon_core.package_identification:_identify(3dringdataset/runs/detect) by extension 'python'
[0.228s] Level 1:colcon.colcon_core.package_identification:_identify(3dringdataset/runs/detect) by extensions ['python_setup_py']
[0.228s] Level 1:colcon.colcon_core.package_identification:_identify(3dringdataset/runs/detect) by extension 'python_setup_py'
[0.228s] Level 1:colcon.colcon_core.package_identification:_identify(3dringdataset/runs/detect/train) by extensions ['ignore', 'ignore_ament_install']
[0.228s] Level 1:colcon.colcon_core.package_identification:_identify(3dringdataset/runs/detect/train) by extension 'ignore'
[0.228s] Level 1:colcon.colcon_core.package_identification:_identify(3dringdataset/runs/detect/train) by extension 'ignore_ament_install'
[0.228s] Level 1:colcon.colcon_core.package_identification:_identify(3dringdataset/runs/detect/train) by extensions ['colcon_pkg']
[0.228s] Level 1:colcon.colcon_core.package_identification:_identify(3dringdataset/runs/detect/train) by extension 'colcon_pkg'
[0.228s] Level 1:colcon.colcon_core.package_identification:_identify(3dringdataset/runs/detect/train) by extensions ['colcon_meta']
[0.228s] Level 1:colcon.colcon_core.package_identification:_identify(3dringdataset/runs/detect/train) by extension 'colcon_meta'
[0.228s] Level 1:colcon.colcon_core.package_identification:_identify(3dringdataset/runs/detect/train) by extensions ['ros']
[0.228s] Level 1:colcon.colcon_core.package_identification:_identify(3dringdataset/runs/detect/train) by extension 'ros'
[0.228s] Level 1:colcon.colcon_core.package_identification:_identify(3dringdataset/runs/detect/train) by extensions ['cmake', 'python']
[0.228s] Level 1:colcon.colcon_core.package_identification:_identify(3dringdataset/runs/detect/train) by extension 'cmake'
[0.228s] Level 1:colcon.colcon_core.package_identification:_identify(3dringdataset/runs/detect/train) by extension 'python'
[0.228s] Level 1:colcon.colcon_core.package_identification:_identify(3dringdataset/runs/detect/train) by extensions ['python_setup_py']
[0.228s] Level 1:colcon.colcon_core.package_identification:_identify(3dringdataset/runs/detect/train) by extension 'python_setup_py'
[0.228s] Level 1:colcon.colcon_core.package_identification:_identify(3dringdataset/runs/detect/train/weights) by extensions ['ignore', 'ignore_ament_install']
[0.228s] Level 1:colcon.colcon_core.package_identification:_identify(3dringdataset/runs/detect/train/weights) by extension 'ignore'
[0.228s] Level 1:colcon.colcon_core.package_identification:_identify(3dringdataset/runs/detect/train/weights) by extension 'ignore_ament_install'
[0.229s] Level 1:colcon.colcon_core.package_identification:_identify(3dringdataset/runs/detect/train/weights) by extensions ['colcon_pkg']
[0.229s] Level 1:colcon.colcon_core.package_identification:_identify(3dringdataset/runs/detect/train/weights) by extension 'colcon_pkg'
[0.229s] Level 1:colcon.colcon_core.package_identification:_identify(3dringdataset/runs/detect/train/weights) by extensions ['colcon_meta']
[0.229s] Level 1:colcon.colcon_core.package_identification:_identify(3dringdataset/runs/detect/train/weights) by extension 'colcon_meta'
[0.229s] Level 1:colcon.colcon_core.package_identification:_identify(3dringdataset/runs/detect/train/weights) by extensions ['ros']
[0.229s] Level 1:colcon.colcon_core.package_identification:_identify(3dringdataset/runs/detect/train/weights) by extension 'ros'
[0.229s] Level 1:colcon.colcon_core.package_identification:_identify(3dringdataset/runs/detect/train/weights) by extensions ['cmake', 'python']
[0.229s] Level 1:colcon.colcon_core.package_identification:_identify(3dringdataset/runs/detect/train/weights) by extension 'cmake'
[0.229s] Level 1:colcon.colcon_core.package_identification:_identify(3dringdataset/runs/detect/train/weights) by extension 'python'
[0.229s] Level 1:colcon.colcon_core.package_identification:_identify(3dringdataset/runs/detect/train/weights) by extensions ['python_setup_py']
[0.229s] Level 1:colcon.colcon_core.package_identification:_identify(3dringdataset/runs/detect/train/weights) by extension 'python_setup_py'
[0.229s] Level 1:colcon.colcon_core.package_identification:_identify(3dringdataset/runs/detect/train2) by extensions ['ignore', 'ignore_ament_install']
[0.229s] Level 1:colcon.colcon_core.package_identification:_identify(3dringdataset/runs/detect/train2) by extension 'ignore'
[0.229s] Level 1:colcon.colcon_core.package_identification:_identify(3dringdataset/runs/detect/train2) by extension 'ignore_ament_install'
[0.229s] Level 1:colcon.colcon_core.package_identification:_identify(3dringdataset/runs/detect/train2) by extensions ['colcon_pkg']
[0.229s] Level 1:colcon.colcon_core.package_identification:_identify(3dringdataset/runs/detect/train2) by extension 'colcon_pkg'
[0.229s] Level 1:colcon.colcon_core.package_identification:_identify(3dringdataset/runs/detect/train2) by extensions ['colcon_meta']
[0.229s] Level 1:colcon.colcon_core.package_identification:_identify(3dringdataset/runs/detect/train2) by extension 'colcon_meta'
[0.229s] Level 1:colcon.colcon_core.package_identification:_identify(3dringdataset/runs/detect/train2) by extensions ['ros']
[0.229s] Level 1:colcon.colcon_core.package_identification:_identify(3dringdataset/runs/detect/train2) by extension 'ros'
[0.229s] Level 1:colcon.colcon_core.package_identification:_identify(3dringdataset/runs/detect/train2) by extensions ['cmake', 'python']
[0.229s] Level 1:colcon.colcon_core.package_identification:_identify(3dringdataset/runs/detect/train2) by extension 'cmake'
[0.229s] Level 1:colcon.colcon_core.package_identification:_identify(3dringdataset/runs/detect/train2) by extension 'python'
[0.229s] Level 1:colcon.colcon_core.package_identification:_identify(3dringdataset/runs/detect/train2) by extensions ['python_setup_py']
[0.229s] Level 1:colcon.colcon_core.package_identification:_identify(3dringdataset/runs/detect/train2) by extension 'python_setup_py'
[0.229s] Level 1:colcon.colcon_core.package_identification:_identify(3dringdataset/runs/detect/train2/weights) by extensions ['ignore', 'ignore_ament_install']
[0.229s] Level 1:colcon.colcon_core.package_identification:_identify(3dringdataset/runs/detect/train2/weights) by extension 'ignore'
[0.229s] Level 1:colcon.colcon_core.package_identification:_identify(3dringdataset/runs/detect/train2/weights) by extension 'ignore_ament_install'
[0.229s] Level 1:colcon.colcon_core.package_identification:_identify(3dringdataset/runs/detect/train2/weights) by extensions ['colcon_pkg']
[0.230s] Level 1:colcon.colcon_core.package_identification:_identify(3dringdataset/runs/detect/train2/weights) by extension 'colcon_pkg'
[0.230s] Level 1:colcon.colcon_core.package_identification:_identify(3dringdataset/runs/detect/train2/weights) by extensions ['colcon_meta']
[0.230s] Level 1:colcon.colcon_core.package_identification:_identify(3dringdataset/runs/detect/train2/weights) by extension 'colcon_meta'
[0.230s] Level 1:colcon.colcon_core.package_identification:_identify(3dringdataset/runs/detect/train2/weights) by extensions ['ros']
[0.230s] Level 1:colcon.colcon_core.package_identification:_identify(3dringdataset/runs/detect/train2/weights) by extension 'ros'
[0.230s] Level 1:colcon.colcon_core.package_identification:_identify(3dringdataset/runs/detect/train2/weights) by extensions ['cmake', 'python']
[0.230s] Level 1:colcon.colcon_core.package_identification:_identify(3dringdataset/runs/detect/train2/weights) by extension 'cmake'
[0.230s] Level 1:colcon.colcon_core.package_identification:_identify(3dringdataset/runs/detect/train2/weights) by extension 'python'
[0.230s] Level 1:colcon.colcon_core.package_identification:_identify(3dringdataset/runs/detect/train2/weights) by extensions ['python_setup_py']
[0.230s] Level 1:colcon.colcon_core.package_identification:_identify(3dringdataset/runs/detect/train2/weights) by extension 'python_setup_py'
[0.230s] Level 1:colcon.colcon_core.package_identification:_identify(3dringdataset/train) by extensions ['ignore', 'ignore_ament_install']
[0.230s] Level 1:colcon.colcon_core.package_identification:_identify(3dringdataset/train) by extension 'ignore'
[0.230s] Level 1:colcon.colcon_core.package_identification:_identify(3dringdataset/train) by extension 'ignore_ament_install'
[0.230s] Level 1:colcon.colcon_core.package_identification:_identify(3dringdataset/train) by extensions ['colcon_pkg']
[0.230s] Level 1:colcon.colcon_core.package_identification:_identify(3dringdataset/train) by extension 'colcon_pkg'
[0.230s] Level 1:colcon.colcon_core.package_identification:_identify(3dringdataset/train) by extensions ['colcon_meta']
[0.230s] Level 1:colcon.colcon_core.package_identification:_identify(3dringdataset/train) by extension 'colcon_meta'
[0.230s] Level 1:colcon.colcon_core.package_identification:_identify(3dringdataset/train) by extensions ['ros']
[0.230s] Level 1:colcon.colcon_core.package_identification:_identify(3dringdataset/train) by extension 'ros'
[0.230s] Level 1:colcon.colcon_core.package_identification:_identify(3dringdataset/train) by extensions ['cmake', 'python']
[0.230s] Level 1:colcon.colcon_core.package_identification:_identify(3dringdataset/train) by extension 'cmake'
[0.230s] Level 1:colcon.colcon_core.package_identification:_identify(3dringdataset/train) by extension 'python'
[0.230s] Level 1:colcon.colcon_core.package_identification:_identify(3dringdataset/train) by extensions ['python_setup_py']
[0.230s] Level 1:colcon.colcon_core.package_identification:_identify(3dringdataset/train) by extension 'python_setup_py'
[0.230s] Level 1:colcon.colcon_core.package_identification:_identify(3dringdataset/train/ring) by extensions ['ignore', 'ignore_ament_install']
[0.230s] Level 1:colcon.colcon_core.package_identification:_identify(3dringdataset/train/ring) by extension 'ignore'
[0.230s] Level 1:colcon.colcon_core.package_identification:_identify(3dringdataset/train/ring) by extension 'ignore_ament_install'
[0.230s] Level 1:colcon.colcon_core.package_identification:_identify(3dringdataset/train/ring) by extensions ['colcon_pkg']
[0.230s] Level 1:colcon.colcon_core.package_identification:_identify(3dringdataset/train/ring) by extension 'colcon_pkg'
[0.230s] Level 1:colcon.colcon_core.package_identification:_identify(3dringdataset/train/ring) by extensions ['colcon_meta']
[0.230s] Level 1:colcon.colcon_core.package_identification:_identify(3dringdataset/train/ring) by extension 'colcon_meta'
[0.230s] Level 1:colcon.colcon_core.package_identification:_identify(3dringdataset/train/ring) by extensions ['ros']
[0.231s] Level 1:colcon.colcon_core.package_identification:_identify(3dringdataset/train/ring) by extension 'ros'
[0.231s] Level 1:colcon.colcon_core.package_identification:_identify(3dringdataset/train/ring) by extensions ['cmake', 'python']
[0.231s] Level 1:colcon.colcon_core.package_identification:_identify(3dringdataset/train/ring) by extension 'cmake'
[0.231s] Level 1:colcon.colcon_core.package_identification:_identify(3dringdataset/train/ring) by extension 'python'
[0.231s] Level 1:colcon.colcon_core.package_identification:_identify(3dringdataset/train/ring) by extensions ['python_setup_py']
[0.231s] Level 1:colcon.colcon_core.package_identification:_identify(3dringdataset/train/ring) by extension 'python_setup_py'
[0.231s] Level 1:colcon.colcon_core.package_identification:_identify(3dringdataset/val) by extensions ['ignore', 'ignore_ament_install']
[0.231s] Level 1:colcon.colcon_core.package_identification:_identify(3dringdataset/val) by extension 'ignore'
[0.231s] Level 1:colcon.colcon_core.package_identification:_identify(3dringdataset/val) by extension 'ignore_ament_install'
[0.231s] Level 1:colcon.colcon_core.package_identification:_identify(3dringdataset/val) by extensions ['colcon_pkg']
[0.231s] Level 1:colcon.colcon_core.package_identification:_identify(3dringdataset/val) by extension 'colcon_pkg'
[0.231s] Level 1:colcon.colcon_core.package_identification:_identify(3dringdataset/val) by extensions ['colcon_meta']
[0.231s] Level 1:colcon.colcon_core.package_identification:_identify(3dringdataset/val) by extension 'colcon_meta'
[0.231s] Level 1:colcon.colcon_core.package_identification:_identify(3dringdataset/val) by extensions ['ros']
[0.231s] Level 1:colcon.colcon_core.package_identification:_identify(3dringdataset/val) by extension 'ros'
[0.231s] Level 1:colcon.colcon_core.package_identification:_identify(3dringdataset/val) by extensions ['cmake', 'python']
[0.231s] Level 1:colcon.colcon_core.package_identification:_identify(3dringdataset/val) by extension 'cmake'
[0.231s] Level 1:colcon.colcon_core.package_identification:_identify(3dringdataset/val) by extension 'python'
[0.231s] Level 1:colcon.colcon_core.package_identification:_identify(3dringdataset/val) by extensions ['python_setup_py']
[0.231s] Level 1:colcon.colcon_core.package_identification:_identify(3dringdataset/val) by extension 'python_setup_py'
[0.231s] Level 1:colcon.colcon_core.package_identification:_identify(3dringdataset/val/ring) by extensions ['ignore', 'ignore_ament_install']
[0.231s] Level 1:colcon.colcon_core.package_identification:_identify(3dringdataset/val/ring) by extension 'ignore'
[0.231s] Level 1:colcon.colcon_core.package_identification:_identify(3dringdataset/val/ring) by extension 'ignore_ament_install'
[0.231s] Level 1:colcon.colcon_core.package_identification:_identify(3dringdataset/val/ring) by extensions ['colcon_pkg']
[0.231s] Level 1:colcon.colcon_core.package_identification:_identify(3dringdataset/val/ring) by extension 'colcon_pkg'
[0.231s] Level 1:colcon.colcon_core.package_identification:_identify(3dringdataset/val/ring) by extensions ['colcon_meta']
[0.231s] Level 1:colcon.colcon_core.package_identification:_identify(3dringdataset/val/ring) by extension 'colcon_meta'
[0.231s] Level 1:colcon.colcon_core.package_identification:_identify(3dringdataset/val/ring) by extensions ['ros']
[0.231s] Level 1:colcon.colcon_core.package_identification:_identify(3dringdataset/val/ring) by extension 'ros'
[0.232s] Level 1:colcon.colcon_core.package_identification:_identify(3dringdataset/val/ring) by extensions ['cmake', 'python']
[0.232s] Level 1:colcon.colcon_core.package_identification:_identify(3dringdataset/val/ring) by extension 'cmake'
[0.232s] Level 1:colcon.colcon_core.package_identification:_identify(3dringdataset/val/ring) by extension 'python'
[0.232s] Level 1:colcon.colcon_core.package_identification:_identify(3dringdataset/val/ring) by extensions ['python_setup_py']
[0.232s] Level 1:colcon.colcon_core.package_identification:_identify(3dringdataset/val/ring) by extension 'python_setup_py'
[0.232s] Level 1:colcon.colcon_core.package_identification:_identify(build) by extensions ['ignore', 'ignore_ament_install']
[0.232s] Level 1:colcon.colcon_core.package_identification:_identify(build) by extension 'ignore'
[0.232s] Level 1:colcon.colcon_core.package_identification:_identify(build) ignored
[0.232s] Level 1:colcon.colcon_core.package_identification:_identify(install) by extensions ['ignore', 'ignore_ament_install']
[0.232s] Level 1:colcon.colcon_core.package_identification:_identify(install) by extension 'ignore'
[0.232s] Level 1:colcon.colcon_core.package_identification:_identify(install) ignored
[0.232s] Level 1:colcon.colcon_core.package_identification:_identify(log) by extensions ['ignore', 'ignore_ament_install']
[0.232s] Level 1:colcon.colcon_core.package_identification:_identify(log) by extension 'ignore'
[0.232s] Level 1:colcon.colcon_core.package_identification:_identify(log) ignored
[0.232s] Level 1:colcon.colcon_core.package_identification:_identify(path) by extensions ['ignore', 'ignore_ament_install']
[0.232s] Level 1:colcon.colcon_core.package_identification:_identify(path) by extension 'ignore'
[0.232s] Level 1:colcon.colcon_core.package_identification:_identify(path) by extension 'ignore_ament_install'
[0.232s] Level 1:colcon.colcon_core.package_identification:_identify(path) by extensions ['colcon_pkg']
[0.232s] Level 1:colcon.colcon_core.package_identification:_identify(path) by extension 'colcon_pkg'
[0.232s] Level 1:colcon.colcon_core.package_identification:_identify(path) by extensions ['colcon_meta']
[0.232s] Level 1:colcon.colcon_core.package_identification:_identify(path) by extension 'colcon_meta'
[0.232s] Level 1:colcon.colcon_core.package_identification:_identify(path) by extensions ['ros']
[0.232s] Level 1:colcon.colcon_core.package_identification:_identify(path) by extension 'ros'
[0.232s] Level 1:colcon.colcon_core.package_identification:_identify(path) by extensions ['cmake', 'python']
[0.232s] Level 1:colcon.colcon_core.package_identification:_identify(path) by extension 'cmake'
[0.232s] Level 1:colcon.colcon_core.package_identification:_identify(path) by extension 'python'
[0.232s] Level 1:colcon.colcon_core.package_identification:_identify(path) by extensions ['python_setup_py']
[0.233s] Level 1:colcon.colcon_core.package_identification:_identify(path) by extension 'python_setup_py'
[0.233s] Level 1:colcon.colcon_core.package_identification:_identify(path/to) by extensions ['ignore', 'ignore_ament_install']
[0.233s] Level 1:colcon.colcon_core.package_identification:_identify(path/to) by extension 'ignore'
[0.233s] Level 1:colcon.colcon_core.package_identification:_identify(path/to) by extension 'ignore_ament_install'
[0.233s] Level 1:colcon.colcon_core.package_identification:_identify(path/to) by extensions ['colcon_pkg']
[0.233s] Level 1:colcon.colcon_core.package_identification:_identify(path/to) by extension 'colcon_pkg'
[0.233s] Level 1:colcon.colcon_core.package_identification:_identify(path/to) by extensions ['colcon_meta']
[0.233s] Level 1:colcon.colcon_core.package_identification:_identify(path/to) by extension 'colcon_meta'
[0.233s] Level 1:colcon.colcon_core.package_identification:_identify(path/to) by extensions ['ros']
[0.233s] Level 1:colcon.colcon_core.package_identification:_identify(path/to) by extension 'ros'
[0.233s] Level 1:colcon.colcon_core.package_identification:_identify(path/to) by extensions ['cmake', 'python']
[0.233s] Level 1:colcon.colcon_core.package_identification:_identify(path/to) by extension 'cmake'
[0.233s] Level 1:colcon.colcon_core.package_identification:_identify(path/to) by extension 'python'
[0.233s] Level 1:colcon.colcon_core.package_identification:_identify(path/to) by extensions ['python_setup_py']
[0.233s] Level 1:colcon.colcon_core.package_identification:_identify(path/to) by extension 'python_setup_py'
[0.233s] Level 1:colcon.colcon_core.package_identification:_identify(src) by extensions ['ignore', 'ignore_ament_install']
[0.233s] Level 1:colcon.colcon_core.package_identification:_identify(src) by extension 'ignore'
[0.233s] Level 1:colcon.colcon_core.package_identification:_identify(src) by extension 'ignore_ament_install'
[0.233s] Level 1:colcon.colcon_core.package_identification:_identify(src) by extensions ['colcon_pkg']
[0.233s] Level 1:colcon.colcon_core.package_identification:_identify(src) by extension 'colcon_pkg'
[0.233s] Level 1:colcon.colcon_core.package_identification:_identify(src) by extensions ['colcon_meta']
[0.233s] Level 1:colcon.colcon_core.package_identification:_identify(src) by extension 'colcon_meta'
[0.233s] Level 1:colcon.colcon_core.package_identification:_identify(src) by extensions ['ros']
[0.233s] Level 1:colcon.colcon_core.package_identification:_identify(src) by extension 'ros'
[0.233s] Level 1:colcon.colcon_core.package_identification:_identify(src) by extensions ['cmake', 'python']
[0.233s] Level 1:colcon.colcon_core.package_identification:_identify(src) by extension 'cmake'
[0.233s] Level 1:colcon.colcon_core.package_identification:_identify(src) by extension 'python'
[0.234s] Level 1:colcon.colcon_core.package_identification:_identify(src) by extensions ['python_setup_py']
[0.234s] Level 1:colcon.colcon_core.package_identification:_identify(src) by extension 'python_setup_py'
[0.234s] Level 1:colcon.colcon_core.package_identification:_identify(src/dis_tutorial1) by extensions ['ignore', 'ignore_ament_install']
[0.234s] Level 1:colcon.colcon_core.package_identification:_identify(src/dis_tutorial1) by extension 'ignore'
[0.234s] Level 1:colcon.colcon_core.package_identification:_identify(src/dis_tutorial1) by extension 'ignore_ament_install'
[0.234s] Level 1:colcon.colcon_core.package_identification:_identify(src/dis_tutorial1) by extensions ['colcon_pkg']
[0.234s] Level 1:colcon.colcon_core.package_identification:_identify(src/dis_tutorial1) by extension 'colcon_pkg'
[0.234s] Level 1:colcon.colcon_core.package_identification:_identify(src/dis_tutorial1) by extensions ['colcon_meta']
[0.234s] Level 1:colcon.colcon_core.package_identification:_identify(src/dis_tutorial1) by extension 'colcon_meta'
[0.234s] Level 1:colcon.colcon_core.package_identification:_identify(src/dis_tutorial1) by extensions ['ros']
[0.234s] Level 1:colcon.colcon_core.package_identification:_identify(src/dis_tutorial1) by extension 'ros'
[0.237s] DEBUG:colcon.colcon_core.package_identification:Package 'src/dis_tutorial1' with type 'ros.ament_cmake' and name 'dis_tutorial1'
[0.237s] Level 1:colcon.colcon_core.package_identification:_identify(src/dis_tutorial2) by extensions ['ignore', 'ignore_ament_install']
[0.237s] Level 1:colcon.colcon_core.package_identification:_identify(src/dis_tutorial2) by extension 'ignore'
[0.237s] Level 1:colcon.colcon_core.package_identification:_identify(src/dis_tutorial2) by extension 'ignore_ament_install'
[0.237s] Level 1:colcon.colcon_core.package_identification:_identify(src/dis_tutorial2) by extensions ['colcon_pkg']
[0.237s] Level 1:colcon.colcon_core.package_identification:_identify(src/dis_tutorial2) by extension 'colcon_pkg'
[0.237s] Level 1:colcon.colcon_core.package_identification:_identify(src/dis_tutorial2) by extensions ['colcon_meta']
[0.237s] Level 1:colcon.colcon_core.package_identification:_identify(src/dis_tutorial2) by extension 'colcon_meta'
[0.237s] Level 1:colcon.colcon_core.package_identification:_identify(src/dis_tutorial2) by extensions ['ros']
[0.237s] Level 1:colcon.colcon_core.package_identification:_identify(src/dis_tutorial2) by extension 'ros'
[0.238s] DEBUG:colcon.colcon_core.package_identification:Package 'src/dis_tutorial2' with type 'ros.ament_python' and name 'dis_tutorial2'
[0.238s] Level 1:colcon.colcon_core.package_identification:_identify(src/dis_tutorial3) by extensions ['ignore', 'ignore_ament_install']
[0.238s] Level 1:colcon.colcon_core.package_identification:_identify(src/dis_tutorial3) by extension 'ignore'
[0.238s] Level 1:colcon.colcon_core.package_identification:_identify(src/dis_tutorial3) by extension 'ignore_ament_install'
[0.238s] Level 1:colcon.colcon_core.package_identification:_identify(src/dis_tutorial3) by extensions ['colcon_pkg']
[0.238s] Level 1:colcon.colcon_core.package_identification:_identify(src/dis_tutorial3) by extension 'colcon_pkg'
[0.238s] Level 1:colcon.colcon_core.package_identification:_identify(src/dis_tutorial3) by extensions ['colcon_meta']
[0.238s] Level 1:colcon.colcon_core.package_identification:_identify(src/dis_tutorial3) by extension 'colcon_meta'
[0.238s] Level 1:colcon.colcon_core.package_identification:_identify(src/dis_tutorial3) by extensions ['ros']
[0.238s] Level 1:colcon.colcon_core.package_identification:_identify(src/dis_tutorial3) by extension 'ros'
[0.239s] DEBUG:colcon.colcon_core.package_identification:Package 'src/dis_tutorial3' with type 'ros.ament_cmake' and name 'dis_tutorial3'
[0.239s] Level 1:colcon.colcon_core.package_identification:_identify(src/dis_tutorial4) by extensions ['ignore', 'ignore_ament_install']
[0.239s] Level 1:colcon.colcon_core.package_identification:_identify(src/dis_tutorial4) by extension 'ignore'
[0.239s] Level 1:colcon.colcon_core.package_identification:_identify(src/dis_tutorial4) by extension 'ignore_ament_install'
[0.239s] Level 1:colcon.colcon_core.package_identification:_identify(src/dis_tutorial4) by extensions ['colcon_pkg']
[0.239s] Level 1:colcon.colcon_core.package_identification:_identify(src/dis_tutorial4) by extension 'colcon_pkg'
[0.239s] Level 1:colcon.colcon_core.package_identification:_identify(src/dis_tutorial4) by extensions ['colcon_meta']
[0.239s] Level 1:colcon.colcon_core.package_identification:_identify(src/dis_tutorial4) by extension 'colcon_meta'
[0.239s] Level 1:colcon.colcon_core.package_identification:_identify(src/dis_tutorial4) by extensions ['ros']
[0.239s] Level 1:colcon.colcon_core.package_identification:_identify(src/dis_tutorial4) by extension 'ros'
[0.240s] DEBUG:colcon.colcon_core.package_identification:Package 'src/dis_tutorial4' with type 'ros.ament_cmake' and name 'dis_tutorial4'
[0.240s] Level 1:colcon.colcon_core.package_identification:_identify(src/hwpub) by extensions ['ignore', 'ignore_ament_install']
[0.240s] Level 1:colcon.colcon_core.package_identification:_identify(src/hwpub) by extension 'ignore'
[0.240s] Level 1:colcon.colcon_core.package_identification:_identify(src/hwpub) by extension 'ignore_ament_install'
[0.240s] Level 1:colcon.colcon_core.package_identification:_identify(src/hwpub) by extensions ['colcon_pkg']
[0.240s] Level 1:colcon.colcon_core.package_identification:_identify(src/hwpub) by extension 'colcon_pkg'
[0.241s] Level 1:colcon.colcon_core.package_identification:_identify(src/hwpub) by extensions ['colcon_meta']
[0.241s] Level 1:colcon.colcon_core.package_identification:_identify(src/hwpub) by extension 'colcon_meta'
[0.241s] Level 1:colcon.colcon_core.package_identification:_identify(src/hwpub) by extensions ['ros']
[0.241s] Level 1:colcon.colcon_core.package_identification:_identify(src/hwpub) by extension 'ros'
[0.241s] DEBUG:colcon.colcon_core.package_identification:Package 'src/hwpub' with type 'ros.ament_cmake' and name 'hwpub'
[0.241s] Level 1:colcon.colcon_core.package_discovery:discover_packages(recursive) using defaults
[0.241s] Level 1:colcon.colcon_core.package_discovery:discover_packages(ignore) discover
[0.241s] Level 1:colcon.colcon_core.package_discovery:discover_packages(ignore) using defaults
[0.241s] Level 1:colcon.colcon_core.package_discovery:discover_packages(path) discover
[0.241s] Level 1:colcon.colcon_core.package_discovery:discover_packages(path) using defaults
[0.268s] Level 1:colcon.colcon_core.package_discovery:discover_packages(prefix_path) check parameters
[0.268s] Level 1:colcon.colcon_core.package_discovery:discover_packages(prefix_path) discover
[0.269s] DEBUG:colcon.colcon_installed_package_information.package_discovery:Found 5 installed packages in /home/tau/colcon_ws/install
[0.271s] DEBUG:colcon.colcon_installed_package_information.package_discovery:Found 414 installed packages in /opt/ros/humble
[0.272s] Level 1:colcon.colcon_core.package_discovery:discover_packages(prefix_path) using defaults
[0.308s] Level 5:colcon.colcon_core.verb:set package 'dis_tutorial1' build argument 'cmake_args' from command line to 'None'
[0.309s] Level 5:colcon.colcon_core.verb:set package 'dis_tutorial1' build argument 'cmake_target' from command line to 'None'
[0.309s] Level 5:colcon.colcon_core.verb:set package 'dis_tutorial1' build argument 'cmake_target_skip_unavailable' from command line to 'False'
[0.309s] Level 5:colcon.colcon_core.verb:set package 'dis_tutorial1' build argument 'cmake_clean_cache' from command line to 'False'
[0.309s] Level 5:colcon.colcon_core.verb:set package 'dis_tutorial1' build argument 'cmake_clean_first' from command line to 'False'
[0.309s] Level 5:colcon.colcon_core.verb:set package 'dis_tutorial1' build argument 'cmake_force_configure' from command line to 'False'
[0.309s] Level 5:colcon.colcon_core.verb:set package 'dis_tutorial1' build argument 'ament_cmake_args' from command line to 'None'
[0.309s] Level 5:colcon.colcon_core.verb:set package 'dis_tutorial1' build argument 'catkin_cmake_args' from command line to 'None'
[0.309s] Level 5:colcon.colcon_core.verb:set package 'dis_tutorial1' build argument 'catkin_skip_building_tests' from command line to 'False'
[0.309s] DEBUG:colcon.colcon_core.verb:Building package 'dis_tutorial1' with the following arguments: {'ament_cmake_args': None, 'build_base': '/home/tau/colcon_ws/build/dis_tutorial1', 'catkin_cmake_args': None, 'catkin_skip_building_tests': False, 'cmake_args': None, 'cmake_clean_cache': False, 'cmake_clean_first': False, 'cmake_force_configure': False, 'cmake_target': None, 'cmake_target_skip_unavailable': False, 'install_base': '/home/tau/colcon_ws/install/dis_tutorial1', 'merge_install': False, 'path': '/home/tau/colcon_ws/src/dis_tutorial1', 'symlink_install': False, 'test_result_base': None}
[0.309s] Level 5:colcon.colcon_core.verb:set package 'dis_tutorial2' build argument 'cmake_args' from command line to 'None'
[0.309s] Level 5:colcon.colcon_core.verb:set package 'dis_tutorial2' build argument 'cmake_target' from command line to 'None'
[0.309s] Level 5:colcon.colcon_core.verb:set package 'dis_tutorial2' build argument 'cmake_target_skip_unavailable' from command line to 'False'
[0.309s] Level 5:colcon.colcon_core.verb:set package 'dis_tutorial2' build argument 'cmake_clean_cache' from command line to 'False'
[0.309s] Level 5:colcon.colcon_core.verb:set package 'dis_tutorial2' build argument 'cmake_clean_first' from command line to 'False'
[0.309s] Level 5:colcon.colcon_core.verb:set package 'dis_tutorial2' build argument 'cmake_force_configure' from command line to 'False'
[0.309s] Level 5:colcon.colcon_core.verb:set package 'dis_tutorial2' build argument 'ament_cmake_args' from command line to 'None'
[0.309s] Level 5:colcon.colcon_core.verb:set package 'dis_tutorial2' build argument 'catkin_cmake_args' from command line to 'None'
[0.309s] Level 5:colcon.colcon_core.verb:set package 'dis_tutorial2' build argument 'catkin_skip_building_tests' from command line to 'False'
[0.309s] DEBUG:colcon.colcon_core.verb:Building package 'dis_tutorial2' with the following arguments: {'ament_cmake_args': None, 'build_base': '/home/tau/colcon_ws/build/dis_tutorial2', 'catkin_cmake_args': None, 'catkin_skip_building_tests': False, 'cmake_args': None, 'cmake_clean_cache': False, 'cmake_clean_first': False, 'cmake_force_configure': False, 'cmake_target': None, 'cmake_target_skip_unavailable': False, 'install_base': '/home/tau/colcon_ws/install/dis_tutorial2', 'merge_install': False, 'path': '/home/tau/colcon_ws/src/dis_tutorial2', 'symlink_install': False, 'test_result_base': None}
[0.309s] Level 5:colcon.colcon_core.verb:set package 'dis_tutorial3' build argument 'cmake_args' from command line to 'None'
[0.309s] Level 5:colcon.colcon_core.verb:set package 'dis_tutorial3' build argument 'cmake_target' from command line to 'None'
[0.309s] Level 5:colcon.colcon_core.verb:set package 'dis_tutorial3' build argument 'cmake_target_skip_unavailable' from command line to 'False'
[0.309s] Level 5:colcon.colcon_core.verb:set package 'dis_tutorial3' build argument 'cmake_clean_cache' from command line to 'False'
[0.309s] Level 5:colcon.colcon_core.verb:set package 'dis_tutorial3' build argument 'cmake_clean_first' from command line to 'False'
[0.309s] Level 5:colcon.colcon_core.verb:set package 'dis_tutorial3' build argument 'cmake_force_configure' from command line to 'False'
[0.310s] Level 5:colcon.colcon_core.verb:set package 'dis_tutorial3' build argument 'ament_cmake_args' from command line to 'None'
[0.310s] Level 5:colcon.colcon_core.verb:set package 'dis_tutorial3' build argument 'catkin_cmake_args' from command line to 'None'
[0.310s] Level 5:colcon.colcon_core.verb:set package 'dis_tutorial3' build argument 'catkin_skip_building_tests' from command line to 'False'
[0.310s] DEBUG:colcon.colcon_core.verb:Building package 'dis_tutorial3' with the following arguments: {'ament_cmake_args': None, 'build_base': '/home/tau/colcon_ws/build/dis_tutorial3', 'catkin_cmake_args': None, 'catkin_skip_building_tests': False, 'cmake_args': None, 'cmake_clean_cache': False, 'cmake_clean_first': False, 'cmake_force_configure': False, 'cmake_target': None, 'cmake_target_skip_unavailable': False, 'install_base': '/home/tau/colcon_ws/install/dis_tutorial3', 'merge_install': False, 'path': '/home/tau/colcon_ws/src/dis_tutorial3', 'symlink_install': False, 'test_result_base': None}
[0.310s] Level 5:colcon.colcon_core.verb:set package 'dis_tutorial4' build argument 'cmake_args' from command line to 'None'
[0.310s] Level 5:colcon.colcon_core.verb:set package 'dis_tutorial4' build argument 'cmake_target' from command line to 'None'
[0.310s] Level 5:colcon.colcon_core.verb:set package 'dis_tutorial4' build argument 'cmake_target_skip_unavailable' from command line to 'False'
[0.310s] Level 5:colcon.colcon_core.verb:set package 'dis_tutorial4' build argument 'cmake_clean_cache' from command line to 'False'
[0.310s] Level 5:colcon.colcon_core.verb:set package 'dis_tutorial4' build argument 'cmake_clean_first' from command line to 'False'
[0.310s] Level 5:colcon.colcon_core.verb:set package 'dis_tutorial4' build argument 'cmake_force_configure' from command line to 'False'
[0.310s] Level 5:colcon.colcon_core.verb:set package 'dis_tutorial4' build argument 'ament_cmake_args' from command line to 'None'
[0.310s] Level 5:colcon.colcon_core.verb:set package 'dis_tutorial4' build argument 'catkin_cmake_args' from command line to 'None'
[0.310s] Level 5:colcon.colcon_core.verb:set package 'dis_tutorial4' build argument 'catkin_skip_building_tests' from command line to 'False'
[0.310s] DEBUG:colcon.colcon_core.verb:Building package 'dis_tutorial4' with the following arguments: {'ament_cmake_args': None, 'build_base': '/home/tau/colcon_ws/build/dis_tutorial4', 'catkin_cmake_args': None, 'catkin_skip_building_tests': False, 'cmake_args': None, 'cmake_clean_cache': False, 'cmake_clean_first': False, 'cmake_force_configure': False, 'cmake_target': None, 'cmake_target_skip_unavailable': False, 'install_base': '/home/tau/colcon_ws/install/dis_tutorial4', 'merge_install': False, 'path': '/home/tau/colcon_ws/src/dis_tutorial4', 'symlink_install': False, 'test_result_base': None}
[0.310s] Level 5:colcon.colcon_core.verb:set package 'hwpub' build argument 'cmake_args' from command line to 'None'
[0.310s] Level 5:colcon.colcon_core.verb:set package 'hwpub' build argument 'cmake_target' from command line to 'None'
[0.310s] Level 5:colcon.colcon_core.verb:set package 'hwpub' build argument 'cmake_target_skip_unavailable' from command line to 'False'
[0.310s] Level 5:colcon.colcon_core.verb:set package 'hwpub' build argument 'cmake_clean_cache' from command line to 'False'
[0.310s] Level 5:colcon.colcon_core.verb:set package 'hwpub' build argument 'cmake_clean_first' from command line to 'False'
[0.310s] Level 5:colcon.colcon_core.verb:set package 'hwpub' build argument 'cmake_force_configure' from command line to 'False'
[0.310s] Level 5:colcon.colcon_core.verb:set package 'hwpub' build argument 'ament_cmake_args' from command line to 'None'
[0.310s] Level 5:colcon.colcon_core.verb:set package 'hwpub' build argument 'catkin_cmake_args' from command line to 'None'
[0.310s] Level 5:colcon.colcon_core.verb:set package 'hwpub' build argument 'catkin_skip_building_tests' from command line to 'False'
[0.310s] DEBUG:colcon.colcon_core.verb:Building package 'hwpub' with the following arguments: {'ament_cmake_args': None, 'build_base': '/home/tau/colcon_ws/build/hwpub', 'catkin_cmake_args': None, 'catkin_skip_building_tests': False, 'cmake_args': None, 'cmake_clean_cache': False, 'cmake_clean_first': False, 'cmake_force_configure': False, 'cmake_target': None, 'cmake_target_skip_unavailable': False, 'install_base': '/home/tau/colcon_ws/install/hwpub', 'merge_install': False, 'path': '/home/tau/colcon_ws/src/hwpub', 'symlink_install': False, 'test_result_base': None}
[0.311s] INFO:colcon.colcon_core.executor:Executing jobs using 'parallel' executor
[0.311s] DEBUG:colcon.colcon_parallel_executor.executor.parallel:run_until_complete
[0.312s] INFO:colcon.colcon_ros.task.ament_cmake.build:Building ROS package in '/home/tau/colcon_ws/src/dis_tutorial1' with build type 'ament_cmake'
[0.312s] INFO:colcon.colcon_cmake.task.cmake.build:Building CMake package in '/home/tau/colcon_ws/src/dis_tutorial1'
[0.313s] INFO:colcon.colcon_core.plugin_system:Skipping extension 'colcon_core.shell.bat': Not used on non-Windows systems
[0.313s] INFO:colcon.colcon_core.shell:Skip shell extension 'powershell' for command environment: Not usable outside of PowerShell
[0.313s] DEBUG:colcon.colcon_core.shell:Skip shell extension 'dsv' for command environment
[0.316s] INFO:colcon.colcon_ros.task.ament_python.build:Building ROS package in '/home/tau/colcon_ws/src/dis_tutorial2' with build type 'ament_python'
[0.316s] Level 1:colcon.colcon_core.shell:create_environment_hook('dis_tutorial2', 'ament_prefix_path')
[0.316s] INFO:colcon.colcon_core.shell:Creating environment hook '/home/tau/colcon_ws/install/dis_tutorial2/share/dis_tutorial2/hook/ament_prefix_path.ps1'
[0.317s] INFO:colcon.colcon_core.shell:Creating environment descriptor '/home/tau/colcon_ws/install/dis_tutorial2/share/dis_tutorial2/hook/ament_prefix_path.dsv'
[0.317s] INFO:colcon.colcon_core.shell:Creating environment hook '/home/tau/colcon_ws/install/dis_tutorial2/share/dis_tutorial2/hook/ament_prefix_path.sh'
[0.317s] INFO:colcon.colcon_core.shell:Skip shell extension 'powershell' for command environment: Not usable outside of PowerShell
[0.317s] DEBUG:colcon.colcon_core.shell:Skip shell extension 'dsv' for command environment
[0.320s] INFO:colcon.colcon_ros.task.ament_cmake.build:Building ROS package in '/home/tau/colcon_ws/src/dis_tutorial3' with build type 'ament_cmake'
[0.320s] INFO:colcon.colcon_cmake.task.cmake.build:Building CMake package in '/home/tau/colcon_ws/src/dis_tutorial3'
[0.320s] INFO:colcon.colcon_core.shell:Skip shell extension 'powershell' for command environment: Not usable outside of PowerShell
[0.320s] DEBUG:colcon.colcon_core.shell:Skip shell extension 'dsv' for command environment
[0.323s] INFO:colcon.colcon_ros.task.ament_cmake.build:Building ROS package in '/home/tau/colcon_ws/src/dis_tutorial4' with build type 'ament_cmake'
[0.323s] INFO:colcon.colcon_cmake.task.cmake.build:Building CMake package in '/home/tau/colcon_ws/src/dis_tutorial4'
[0.323s] INFO:colcon.colcon_core.shell:Skip shell extension 'powershell' for command environment: Not usable outside of PowerShell
[0.323s] DEBUG:colcon.colcon_core.shell:Skip shell extension 'dsv' for command environment
[0.326s] INFO:colcon.colcon_ros.task.ament_cmake.build:Building ROS package in '/home/tau/colcon_ws/src/hwpub' with build type 'ament_cmake'
[0.326s] INFO:colcon.colcon_cmake.task.cmake.build:Building CMake package in '/home/tau/colcon_ws/src/hwpub'
[0.326s] INFO:colcon.colcon_core.shell:Skip shell extension 'powershell' for command environment: Not usable outside of PowerShell
[0.326s] DEBUG:colcon.colcon_core.shell:Skip shell extension 'dsv' for command environment
[0.336s] DEBUG:colcon.colcon_core.event_handler.log_command:Invoking command in '/home/tau/colcon_ws/build/dis_tutorial1': CMAKE_PREFIX_PATH=${CMAKE_PREFIX_PATH}:/home/tau/colcon_ws/install/dis_tutorial2:/opt/ros/humble /usr/bin/cmake --build /home/tau/colcon_ws/build/dis_tutorial1 -- -j16 -l16
[0.600s] INFO:colcon.colcon_core.task.python.build:Building Python package in '/home/tau/colcon_ws/src/dis_tutorial2'
[0.600s] INFO:colcon.colcon_core.shell:Skip shell extension 'powershell' for command environment: Not usable outside of PowerShell
[0.600s] DEBUG:colcon.colcon_core.shell:Skip shell extension 'dsv' for command environment
[0.608s] DEBUG:colcon.colcon_core.event_handler.log_command:Invoking command in '/home/tau/colcon_ws/build/dis_tutorial3': CMAKE_PREFIX_PATH=${CMAKE_PREFIX_PATH}:/home/tau/colcon_ws/install/dis_tutorial2:/opt/ros/humble /usr/bin/cmake --build /home/tau/colcon_ws/build/dis_tutorial3 -- -j16 -l16
[0.611s] DEBUG:colcon.colcon_core.event_handler.log_command:Invoking command in '/home/tau/colcon_ws/build/dis_tutorial4': CMAKE_PREFIX_PATH=${CMAKE_PREFIX_PATH}:/home/tau/colcon_ws/install/dis_tutorial2:/opt/ros/humble /usr/bin/cmake --build /home/tau/colcon_ws/build/dis_tutorial4 -- -j16 -l16
[0.621s] DEBUG:colcon.colcon_core.event_handler.log_command:Invoking command in '/home/tau/colcon_ws/build/hwpub': CMAKE_PREFIX_PATH=${CMAKE_PREFIX_PATH}:/home/tau/colcon_ws/install/dis_tutorial2:/opt/ros/humble /usr/bin/cmake --build /home/tau/colcon_ws/build/hwpub -- -j16 -l16
[0.653s] DEBUG:colcon.colcon_core.event_handler.log_command:Invoked command in '/home/tau/colcon_ws/build/dis_tutorial4' returned '0': CMAKE_PREFIX_PATH=${CMAKE_PREFIX_PATH}:/home/tau/colcon_ws/install/dis_tutorial2:/opt/ros/humble /usr/bin/cmake --build /home/tau/colcon_ws/build/dis_tutorial4 -- -j16 -l16
[0.666s] DEBUG:colcon.colcon_core.event_handler.log_command:Invoking command in '/home/tau/colcon_ws/build/dis_tutorial4': CMAKE_PREFIX_PATH=${CMAKE_PREFIX_PATH}:/home/tau/colcon_ws/install/dis_tutorial2:/opt/ros/humble /usr/bin/cmake --install /home/tau/colcon_ws/build/dis_tutorial4
[0.683s] Level 1:colcon.colcon_core.environment:create_environment_scripts_only(dis_tutorial4)
[0.685s] DEBUG:colcon.colcon_core.event_handler.log_command:Invoked command in '/home/tau/colcon_ws/build/dis_tutorial4' returned '0': CMAKE_PREFIX_PATH=${CMAKE_PREFIX_PATH}:/home/tau/colcon_ws/install/dis_tutorial2:/opt/ros/humble /usr/bin/cmake --install /home/tau/colcon_ws/build/dis_tutorial4
[0.688s] Level 1:colcon.colcon_core.environment:checking '/home/tau/colcon_ws/install/dis_tutorial4' for CMake module files
[0.690s] Level 1:colcon.colcon_core.environment:checking '/home/tau/colcon_ws/install/dis_tutorial4' for CMake config files
[0.690s] Level 1:colcon.colcon_core.shell:create_environment_hook('dis_tutorial4', 'cmake_prefix_path')
[0.691s] INFO:colcon.colcon_core.shell:Creating environment hook '/home/tau/colcon_ws/install/dis_tutorial4/share/dis_tutorial4/hook/cmake_prefix_path.ps1'
[0.692s] INFO:colcon.colcon_core.shell:Creating environment descriptor '/home/tau/colcon_ws/install/dis_tutorial4/share/dis_tutorial4/hook/cmake_prefix_path.dsv'
[0.693s] INFO:colcon.colcon_core.shell:Creating environment hook '/home/tau/colcon_ws/install/dis_tutorial4/share/dis_tutorial4/hook/cmake_prefix_path.sh'
[0.694s] Level 1:colcon.colcon_core.environment:checking '/home/tau/colcon_ws/install/dis_tutorial4/lib'
[0.694s] Level 1:colcon.colcon_core.environment:checking '/home/tau/colcon_ws/install/dis_tutorial4/bin'
[0.694s] Level 1:colcon.colcon_core.environment:checking '/home/tau/colcon_ws/install/dis_tutorial4/lib/pkgconfig/dis_tutorial4.pc'
[0.695s] Level 1:colcon.colcon_core.environment:checking '/home/tau/colcon_ws/install/dis_tutorial4/lib/python3.10/site-packages'
[0.695s] Level 1:colcon.colcon_core.environment:checking '/home/tau/colcon_ws/install/dis_tutorial4/bin'
[0.695s] INFO:colcon.colcon_core.shell:Creating package script '/home/tau/colcon_ws/install/dis_tutorial4/share/dis_tutorial4/package.ps1'
[0.697s] INFO:colcon.colcon_core.shell:Creating package descriptor '/home/tau/colcon_ws/install/dis_tutorial4/share/dis_tutorial4/package.dsv'
[0.697s] INFO:colcon.colcon_core.shell:Creating package script '/home/tau/colcon_ws/install/dis_tutorial4/share/dis_tutorial4/package.sh'
[0.698s] INFO:colcon.colcon_core.shell:Creating package script '/home/tau/colcon_ws/install/dis_tutorial4/share/dis_tutorial4/package.bash'
[0.699s] INFO:colcon.colcon_core.shell:Creating package script '/home/tau/colcon_ws/install/dis_tutorial4/share/dis_tutorial4/package.zsh'
[0.700s] Level 1:colcon.colcon_core.environment:create_file_with_runtime_dependencies(/home/tau/colcon_ws/install/dis_tutorial4/share/colcon-core/packages/dis_tutorial4)
[0.701s] Level 1:colcon.colcon_core.environment:create_environment_scripts_only(dis_tutorial4)
[0.701s] Level 1:colcon.colcon_core.environment:checking '/home/tau/colcon_ws/install/dis_tutorial4' for CMake module files
[0.703s] Level 1:colcon.colcon_core.environment:checking '/home/tau/colcon_ws/install/dis_tutorial4' for CMake config files
[0.703s] Level 1:colcon.colcon_core.shell:create_environment_hook('dis_tutorial4', 'cmake_prefix_path')
[0.703s] INFO:colcon.colcon_core.shell:Creating environment hook '/home/tau/colcon_ws/install/dis_tutorial4/share/dis_tutorial4/hook/cmake_prefix_path.ps1'
[0.704s] INFO:colcon.colcon_core.shell:Creating environment descriptor '/home/tau/colcon_ws/install/dis_tutorial4/share/dis_tutorial4/hook/cmake_prefix_path.dsv'
[0.704s] INFO:colcon.colcon_core.shell:Creating environment hook '/home/tau/colcon_ws/install/dis_tutorial4/share/dis_tutorial4/hook/cmake_prefix_path.sh'
[0.705s] Level 1:colcon.colcon_core.environment:checking '/home/tau/colcon_ws/install/dis_tutorial4/lib'
[0.705s] Level 1:colcon.colcon_core.environment:checking '/home/tau/colcon_ws/install/dis_tutorial4/bin'
[0.705s] Level 1:colcon.colcon_core.environment:checking '/home/tau/colcon_ws/install/dis_tutorial4/lib/pkgconfig/dis_tutorial4.pc'
[0.707s] Level 1:colcon.colcon_core.environment:checking '/home/tau/colcon_ws/install/dis_tutorial4/lib/python3.10/site-packages'
[0.707s] Level 1:colcon.colcon_core.environment:checking '/home/tau/colcon_ws/install/dis_tutorial4/bin'
[0.708s] INFO:colcon.colcon_core.shell:Creating package script '/home/tau/colcon_ws/install/dis_tutorial4/share/dis_tutorial4/package.ps1'
[0.709s] INFO:colcon.colcon_core.shell:Creating package descriptor '/home/tau/colcon_ws/install/dis_tutorial4/share/dis_tutorial4/package.dsv'
[0.710s] INFO:colcon.colcon_core.shell:Creating package script '/home/tau/colcon_ws/install/dis_tutorial4/share/dis_tutorial4/package.sh'
[0.711s] INFO:colcon.colcon_core.shell:Creating package script '/home/tau/colcon_ws/install/dis_tutorial4/share/dis_tutorial4/package.bash'
[0.713s] INFO:colcon.colcon_core.shell:Creating package script '/home/tau/colcon_ws/install/dis_tutorial4/share/dis_tutorial4/package.zsh'
[0.714s] Level 1:colcon.colcon_core.environment:create_file_with_runtime_dependencies(/home/tau/colcon_ws/install/dis_tutorial4/share/colcon-core/packages/dis_tutorial4)
[0.726s] DEBUG:colcon.colcon_core.event_handler.log_command:Invoked command in '/home/tau/colcon_ws/build/dis_tutorial1' returned '0': CMAKE_PREFIX_PATH=${CMAKE_PREFIX_PATH}:/home/tau/colcon_ws/install/dis_tutorial2:/opt/ros/humble /usr/bin/cmake --build /home/tau/colcon_ws/build/dis_tutorial1 -- -j16 -l16
[0.729s] DEBUG:colcon.colcon_core.event_handler.log_command:Invoking command in '/home/tau/colcon_ws/build/dis_tutorial1': CMAKE_PREFIX_PATH=${CMAKE_PREFIX_PATH}:/home/tau/colcon_ws/install/dis_tutorial2:/opt/ros/humble /usr/bin/cmake --install /home/tau/colcon_ws/build/dis_tutorial1
[0.798s] Level 1:colcon.colcon_core.environment:create_environment_scripts_only(dis_tutorial1)
[0.798s] DEBUG:colcon.colcon_core.event_handler.log_command:Invoked command in '/home/tau/colcon_ws/build/dis_tutorial1' returned '0': CMAKE_PREFIX_PATH=${CMAKE_PREFIX_PATH}:/home/tau/colcon_ws/install/dis_tutorial2:/opt/ros/humble /usr/bin/cmake --install /home/tau/colcon_ws/build/dis_tutorial1
[0.799s] Level 1:colcon.colcon_core.environment:checking '/home/tau/colcon_ws/install/dis_tutorial1' for CMake module files
[0.799s] Level 1:colcon.colcon_core.environment:checking '/home/tau/colcon_ws/install/dis_tutorial1' for CMake config files
[0.800s] Level 1:colcon.colcon_core.shell:create_environment_hook('dis_tutorial1', 'cmake_prefix_path')
[0.800s] INFO:colcon.colcon_core.shell:Creating environment hook '/home/tau/colcon_ws/install/dis_tutorial1/share/dis_tutorial1/hook/cmake_prefix_path.ps1'
[0.801s] INFO:colcon.colcon_core.shell:Creating environment descriptor '/home/tau/colcon_ws/install/dis_tutorial1/share/dis_tutorial1/hook/cmake_prefix_path.dsv'
[0.801s] INFO:colcon.colcon_core.shell:Creating environment hook '/home/tau/colcon_ws/install/dis_tutorial1/share/dis_tutorial1/hook/cmake_prefix_path.sh'
[0.802s] Level 1:colcon.colcon_core.environment:checking '/home/tau/colcon_ws/install/dis_tutorial1/lib'
[0.802s] Level 1:colcon.colcon_core.shell:create_environment_hook('dis_tutorial1', 'ld_library_path_lib')
[0.802s] INFO:colcon.colcon_core.shell:Creating environment hook '/home/tau/colcon_ws/install/dis_tutorial1/share/dis_tutorial1/hook/ld_library_path_lib.ps1'
[0.802s] INFO:colcon.colcon_core.shell:Creating environment descriptor '/home/tau/colcon_ws/install/dis_tutorial1/share/dis_tutorial1/hook/ld_library_path_lib.dsv'
[0.803s] INFO:colcon.colcon_core.shell:Creating environment hook '/home/tau/colcon_ws/install/dis_tutorial1/share/dis_tutorial1/hook/ld_library_path_lib.sh'
[0.803s] Level 1:colcon.colcon_core.environment:checking '/home/tau/colcon_ws/install/dis_tutorial1/bin'
[0.803s] Level 1:colcon.colcon_core.environment:checking '/home/tau/colcon_ws/install/dis_tutorial1/lib/pkgconfig/dis_tutorial1.pc'
[0.804s] Level 1:colcon.colcon_core.environment:checking '/home/tau/colcon_ws/install/dis_tutorial1/lib/python3.10/site-packages'
[0.804s] Level 1:colcon.colcon_core.environment:checking '/home/tau/colcon_ws/install/dis_tutorial1/bin'
[0.804s] INFO:colcon.colcon_core.shell:Creating package script '/home/tau/colcon_ws/install/dis_tutorial1/share/dis_tutorial1/package.ps1'
[0.805s] INFO:colcon.colcon_core.shell:Creating package descriptor '/home/tau/colcon_ws/install/dis_tutorial1/share/dis_tutorial1/package.dsv'
[0.805s] INFO:colcon.colcon_core.shell:Creating package script '/home/tau/colcon_ws/install/dis_tutorial1/share/dis_tutorial1/package.sh'
[0.806s] INFO:colcon.colcon_core.shell:Creating package script '/home/tau/colcon_ws/install/dis_tutorial1/share/dis_tutorial1/package.bash'
[0.806s] INFO:colcon.colcon_core.shell:Creating package script '/home/tau/colcon_ws/install/dis_tutorial1/share/dis_tutorial1/package.zsh'
[0.807s] Level 1:colcon.colcon_core.environment:create_file_with_runtime_dependencies(/home/tau/colcon_ws/install/dis_tutorial1/share/colcon-core/packages/dis_tutorial1)
[0.807s] Level 1:colcon.colcon_core.environment:create_environment_scripts_only(dis_tutorial1)
[0.808s] Level 1:colcon.colcon_core.environment:checking '/home/tau/colcon_ws/install/dis_tutorial1' for CMake module files
[0.809s] Level 1:colcon.colcon_core.environment:checking '/home/tau/colcon_ws/install/dis_tutorial1' for CMake config files
[0.810s] Level 1:colcon.colcon_core.shell:create_environment_hook('dis_tutorial1', 'cmake_prefix_path')
[0.810s] INFO:colcon.colcon_core.shell:Creating environment hook '/home/tau/colcon_ws/install/dis_tutorial1/share/dis_tutorial1/hook/cmake_prefix_path.ps1'
[0.811s] INFO:colcon.colcon_core.shell:Creating environment descriptor '/home/tau/colcon_ws/install/dis_tutorial1/share/dis_tutorial1/hook/cmake_prefix_path.dsv'
[0.811s] INFO:colcon.colcon_core.shell:Creating environment hook '/home/tau/colcon_ws/install/dis_tutorial1/share/dis_tutorial1/hook/cmake_prefix_path.sh'
[0.812s] Level 1:colcon.colcon_core.environment:checking '/home/tau/colcon_ws/install/dis_tutorial1/lib'
[0.812s] Level 1:colcon.colcon_core.shell:create_environment_hook('dis_tutorial1', 'ld_library_path_lib')
[0.812s] INFO:colcon.colcon_core.shell:Creating environment hook '/home/tau/colcon_ws/install/dis_tutorial1/share/dis_tutorial1/hook/ld_library_path_lib.ps1'
[0.814s] INFO:colcon.colcon_core.shell:Creating environment descriptor '/home/tau/colcon_ws/install/dis_tutorial1/share/dis_tutorial1/hook/ld_library_path_lib.dsv'
[0.814s] INFO:colcon.colcon_core.shell:Creating environment hook '/home/tau/colcon_ws/install/dis_tutorial1/share/dis_tutorial1/hook/ld_library_path_lib.sh'
[0.815s] Level 1:colcon.colcon_core.environment:checking '/home/tau/colcon_ws/install/dis_tutorial1/bin'
[0.815s] Level 1:colcon.colcon_core.environment:checking '/home/tau/colcon_ws/install/dis_tutorial1/lib/pkgconfig/dis_tutorial1.pc'
[0.815s] Level 1:colcon.colcon_core.environment:checking '/home/tau/colcon_ws/install/dis_tutorial1/lib/python3.10/site-packages'
[0.816s] Level 1:colcon.colcon_core.environment:checking '/home/tau/colcon_ws/install/dis_tutorial1/bin'
[0.816s] INFO:colcon.colcon_core.shell:Creating package script '/home/tau/colcon_ws/install/dis_tutorial1/share/dis_tutorial1/package.ps1'
[0.817s] INFO:colcon.colcon_core.shell:Creating package descriptor '/home/tau/colcon_ws/install/dis_tutorial1/share/dis_tutorial1/package.dsv'
[0.818s] INFO:colcon.colcon_core.shell:Creating package script '/home/tau/colcon_ws/install/dis_tutorial1/share/dis_tutorial1/package.sh'
[0.819s] INFO:colcon.colcon_core.shell:Creating package script '/home/tau/colcon_ws/install/dis_tutorial1/share/dis_tutorial1/package.bash'
[0.819s] INFO:colcon.colcon_core.shell:Creating package script '/home/tau/colcon_ws/install/dis_tutorial1/share/dis_tutorial1/package.zsh'
[0.820s] Level 1:colcon.colcon_core.environment:create_file_with_runtime_dependencies(/home/tau/colcon_ws/install/dis_tutorial1/share/colcon-core/packages/dis_tutorial1)
[1.024s] DEBUG:colcon.colcon_core.event_handler.log_command:Invoking command in '/home/tau/colcon_ws/src/dis_tutorial2': PYTHONPATH=/home/tau/colcon_ws/build/dis_tutorial2/prefix_override:/usr/lib/python3/dist-packages/colcon_core/task/python/colcon_distutils_commands:/home/tau/colcon_ws/install/dis_tutorial2/lib/python3.10/site-packages:${PYTHONPATH} /usr/bin/python3 -W ignore:setup.py install is deprecated -W ignore:easy_install command is deprecated setup.py egg_info --egg-base ../../build/dis_tutorial2 build --build-base /home/tau/colcon_ws/build/dis_tutorial2/build install --record /home/tau/colcon_ws/build/dis_tutorial2/install.log --single-version-externally-managed install_data
[1.033s] DEBUG:colcon.colcon_core.event_handler.log_command:Invoked command in '/home/tau/colcon_ws/build/hwpub' returned '0': CMAKE_PREFIX_PATH=${CMAKE_PREFIX_PATH}:/home/tau/colcon_ws/install/dis_tutorial2:/opt/ros/humble /usr/bin/cmake --build /home/tau/colcon_ws/build/hwpub -- -j16 -l16
[1.035s] DEBUG:colcon.colcon_core.event_handler.log_command:Invoking command in '/home/tau/colcon_ws/build/hwpub': CMAKE_PREFIX_PATH=${CMAKE_PREFIX_PATH}:/home/tau/colcon_ws/install/dis_tutorial2:/opt/ros/humble /usr/bin/cmake --install /home/tau/colcon_ws/build/hwpub
[1.090s] Level 1:colcon.colcon_core.environment:create_environment_scripts_only(hwpub)
[1.090s] Level 1:colcon.colcon_core.environment:checking '/home/tau/colcon_ws/install/hwpub' for CMake module files
[1.091s] DEBUG:colcon.colcon_core.event_handler.log_command:Invoked command in '/home/tau/colcon_ws/build/hwpub' returned '0': CMAKE_PREFIX_PATH=${CMAKE_PREFIX_PATH}:/home/tau/colcon_ws/install/dis_tutorial2:/opt/ros/humble /usr/bin/cmake --install /home/tau/colcon_ws/build/hwpub
[1.091s] Level 1:colcon.colcon_core.environment:checking '/home/tau/colcon_ws/install/hwpub' for CMake config files
[1.092s] Level 1:colcon.colcon_core.shell:create_environment_hook('hwpub', 'cmake_prefix_path')
[1.092s] INFO:colcon.colcon_core.shell:Creating environment hook '/home/tau/colcon_ws/install/hwpub/share/hwpub/hook/cmake_prefix_path.ps1'
[1.093s] INFO:colcon.colcon_core.shell:Creating environment descriptor '/home/tau/colcon_ws/install/hwpub/share/hwpub/hook/cmake_prefix_path.dsv'
[1.093s] INFO:colcon.colcon_core.shell:Creating environment hook '/home/tau/colcon_ws/install/hwpub/share/hwpub/hook/cmake_prefix_path.sh'
[1.094s] Level 1:colcon.colcon_core.environment:checking '/home/tau/colcon_ws/install/hwpub/lib'
[1.094s] Level 1:colcon.colcon_core.shell:create_environment_hook('hwpub', 'ld_library_path_lib')
[1.095s] INFO:colcon.colcon_core.shell:Creating environment hook '/home/tau/colcon_ws/install/hwpub/share/hwpub/hook/ld_library_path_lib.ps1'
[1.095s] INFO:colcon.colcon_core.shell:Creating environment descriptor '/home/tau/colcon_ws/install/hwpub/share/hwpub/hook/ld_library_path_lib.dsv'
[1.095s] INFO:colcon.colcon_core.shell:Creating environment hook '/home/tau/colcon_ws/install/hwpub/share/hwpub/hook/ld_library_path_lib.sh'
[1.095s] Level 1:colcon.colcon_core.environment:checking '/home/tau/colcon_ws/install/hwpub/bin'
[1.096s] Level 1:colcon.colcon_core.environment:checking '/home/tau/colcon_ws/install/hwpub/lib/pkgconfig/hwpub.pc'
[1.096s] Level 1:colcon.colcon_core.environment:checking '/home/tau/colcon_ws/install/hwpub/lib/python3.10/site-packages'
[1.096s] Level 1:colcon.colcon_core.environment:checking '/home/tau/colcon_ws/install/hwpub/bin'
[1.096s] INFO:colcon.colcon_core.shell:Creating package script '/home/tau/colcon_ws/install/hwpub/share/hwpub/package.ps1'
[1.096s] INFO:colcon.colcon_core.shell:Creating package descriptor '/home/tau/colcon_ws/install/hwpub/share/hwpub/package.dsv'
[1.097s] INFO:colcon.colcon_core.shell:Creating package script '/home/tau/colcon_ws/install/hwpub/share/hwpub/package.sh'
[1.097s] INFO:colcon.colcon_core.shell:Creating package script '/home/tau/colcon_ws/install/hwpub/share/hwpub/package.bash'
[1.097s] INFO:colcon.colcon_core.shell:Creating package script '/home/tau/colcon_ws/install/hwpub/share/hwpub/package.zsh'
[1.098s] Level 1:colcon.colcon_core.environment:create_file_with_runtime_dependencies(/home/tau/colcon_ws/install/hwpub/share/colcon-core/packages/hwpub)
[1.098s] Level 1:colcon.colcon_core.environment:create_environment_scripts_only(hwpub)
[1.098s] Level 1:colcon.colcon_core.environment:checking '/home/tau/colcon_ws/install/hwpub' for CMake module files
[1.099s] Level 1:colcon.colcon_core.environment:checking '/home/tau/colcon_ws/install/hwpub' for CMake config files
[1.099s] Level 1:colcon.colcon_core.shell:create_environment_hook('hwpub', 'cmake_prefix_path')
[1.099s] INFO:colcon.colcon_core.shell:Creating environment hook '/home/tau/colcon_ws/install/hwpub/share/hwpub/hook/cmake_prefix_path.ps1'
[1.100s] INFO:colcon.colcon_core.shell:Creating environment descriptor '/home/tau/colcon_ws/install/hwpub/share/hwpub/hook/cmake_prefix_path.dsv'
[1.100s] INFO:colcon.colcon_core.shell:Creating environment hook '/home/tau/colcon_ws/install/hwpub/share/hwpub/hook/cmake_prefix_path.sh'
[1.101s] Level 1:colcon.colcon_core.environment:checking '/home/tau/colcon_ws/install/hwpub/lib'
[1.101s] Level 1:colcon.colcon_core.shell:create_environment_hook('hwpub', 'ld_library_path_lib')
[1.101s] INFO:colcon.colcon_core.shell:Creating environment hook '/home/tau/colcon_ws/install/hwpub/share/hwpub/hook/ld_library_path_lib.ps1'
[1.101s] INFO:colcon.colcon_core.shell:Creating environment descriptor '/home/tau/colcon_ws/install/hwpub/share/hwpub/hook/ld_library_path_lib.dsv'
[1.101s] INFO:colcon.colcon_core.shell:Creating environment hook '/home/tau/colcon_ws/install/hwpub/share/hwpub/hook/ld_library_path_lib.sh'
[1.102s] Level 1:colcon.colcon_core.environment:checking '/home/tau/colcon_ws/install/hwpub/bin'
[1.102s] Level 1:colcon.colcon_core.environment:checking '/home/tau/colcon_ws/install/hwpub/lib/pkgconfig/hwpub.pc'
[1.102s] Level 1:colcon.colcon_core.environment:checking '/home/tau/colcon_ws/install/hwpub/lib/python3.10/site-packages'
[1.102s] Level 1:colcon.colcon_core.environment:checking '/home/tau/colcon_ws/install/hwpub/bin'
[1.102s] INFO:colcon.colcon_core.shell:Creating package script '/home/tau/colcon_ws/install/hwpub/share/hwpub/package.ps1'
[1.103s] INFO:colcon.colcon_core.shell:Creating package descriptor '/home/tau/colcon_ws/install/hwpub/share/hwpub/package.dsv'
[1.104s] INFO:colcon.colcon_core.shell:Creating package script '/home/tau/colcon_ws/install/hwpub/share/hwpub/package.sh'
[1.104s] INFO:colcon.colcon_core.shell:Creating package script '/home/tau/colcon_ws/install/hwpub/share/hwpub/package.bash'
[1.104s] INFO:colcon.colcon_core.shell:Creating package script '/home/tau/colcon_ws/install/hwpub/share/hwpub/package.zsh'
[1.105s] Level 1:colcon.colcon_core.environment:create_file_with_runtime_dependencies(/home/tau/colcon_ws/install/hwpub/share/colcon-core/packages/hwpub)
[1.255s] DEBUG:colcon.colcon_core.event_handler.log_command:Invoked command in '/home/tau/colcon_ws/build/dis_tutorial3' returned '0': CMAKE_PREFIX_PATH=${CMAKE_PREFIX_PATH}:/home/tau/colcon_ws/install/dis_tutorial2:/opt/ros/humble /usr/bin/cmake --build /home/tau/colcon_ws/build/dis_tutorial3 -- -j16 -l16
[1.257s] DEBUG:colcon.colcon_core.event_handler.log_command:Invoking command in '/home/tau/colcon_ws/build/dis_tutorial3': CMAKE_PREFIX_PATH=${CMAKE_PREFIX_PATH}:/home/tau/colcon_ws/install/dis_tutorial2:/opt/ros/humble /usr/bin/cmake --install /home/tau/colcon_ws/build/dis_tutorial3
[1.267s] Level 1:colcon.colcon_core.environment:create_environment_scripts_only(dis_tutorial3)
[1.268s] Level 1:colcon.colcon_core.environment:checking '/home/tau/colcon_ws/install/dis_tutorial3' for CMake module files
[1.271s] DEBUG:colcon.colcon_core.event_handler.log_command:Invoked command in '/home/tau/colcon_ws/build/dis_tutorial3' returned '0': CMAKE_PREFIX_PATH=${CMAKE_PREFIX_PATH}:/home/tau/colcon_ws/install/dis_tutorial2:/opt/ros/humble /usr/bin/cmake --install /home/tau/colcon_ws/build/dis_tutorial3
[1.271s] Level 1:colcon.colcon_core.environment:checking '/home/tau/colcon_ws/install/dis_tutorial3' for CMake config files
[1.271s] Level 1:colcon.colcon_core.shell:create_environment_hook('dis_tutorial3', 'cmake_prefix_path')
[1.271s] INFO:colcon.colcon_core.shell:Creating environment hook '/home/tau/colcon_ws/install/dis_tutorial3/share/dis_tutorial3/hook/cmake_prefix_path.ps1'
[1.272s] INFO:colcon.colcon_core.shell:Creating environment descriptor '/home/tau/colcon_ws/install/dis_tutorial3/share/dis_tutorial3/hook/cmake_prefix_path.dsv'
[1.272s] INFO:colcon.colcon_core.shell:Creating environment hook '/home/tau/colcon_ws/install/dis_tutorial3/share/dis_tutorial3/hook/cmake_prefix_path.sh'
[1.272s] Level 1:colcon.colcon_core.environment:checking '/home/tau/colcon_ws/install/dis_tutorial3/lib'
[1.273s] Level 1:colcon.colcon_core.environment:checking '/home/tau/colcon_ws/install/dis_tutorial3/bin'
[1.273s] Level 1:colcon.colcon_core.environment:checking '/home/tau/colcon_ws/install/dis_tutorial3/lib/pkgconfig/dis_tutorial3.pc'
[1.273s] Level 1:colcon.colcon_core.environment:checking '/home/tau/colcon_ws/install/dis_tutorial3/lib/python3.10/site-packages'
[1.273s] Level 1:colcon.colcon_core.environment:checking '/home/tau/colcon_ws/install/dis_tutorial3/bin'
[1.273s] INFO:colcon.colcon_core.shell:Creating package script '/home/tau/colcon_ws/install/dis_tutorial3/share/dis_tutorial3/package.ps1'
[1.274s] INFO:colcon.colcon_core.shell:Creating package descriptor '/home/tau/colcon_ws/install/dis_tutorial3/share/dis_tutorial3/package.dsv'
[1.274s] INFO:colcon.colcon_core.shell:Creating package script '/home/tau/colcon_ws/install/dis_tutorial3/share/dis_tutorial3/package.sh'
[1.274s] INFO:colcon.colcon_core.shell:Creating package script '/home/tau/colcon_ws/install/dis_tutorial3/share/dis_tutorial3/package.bash'
[1.275s] INFO:colcon.colcon_core.shell:Creating package script '/home/tau/colcon_ws/install/dis_tutorial3/share/dis_tutorial3/package.zsh'
[1.275s] Level 1:colcon.colcon_core.environment:create_file_with_runtime_dependencies(/home/tau/colcon_ws/install/dis_tutorial3/share/colcon-core/packages/dis_tutorial3)
[1.275s] Level 1:colcon.colcon_core.environment:create_environment_scripts_only(dis_tutorial3)
[1.276s] Level 1:colcon.colcon_core.environment:checking '/home/tau/colcon_ws/install/dis_tutorial3' for CMake module files
[1.276s] Level 1:colcon.colcon_core.environment:checking '/home/tau/colcon_ws/install/dis_tutorial3' for CMake config files
[1.276s] Level 1:colcon.colcon_core.shell:create_environment_hook('dis_tutorial3', 'cmake_prefix_path')
[1.277s] INFO:colcon.colcon_core.shell:Creating environment hook '/home/tau/colcon_ws/install/dis_tutorial3/share/dis_tutorial3/hook/cmake_prefix_path.ps1'
[1.277s] INFO:colcon.colcon_core.shell:Creating environment descriptor '/home/tau/colcon_ws/install/dis_tutorial3/share/dis_tutorial3/hook/cmake_prefix_path.dsv'
[1.277s] INFO:colcon.colcon_core.shell:Creating environment hook '/home/tau/colcon_ws/install/dis_tutorial3/share/dis_tutorial3/hook/cmake_prefix_path.sh'
[1.278s] Level 1:colcon.colcon_core.environment:checking '/home/tau/colcon_ws/install/dis_tutorial3/lib'
[1.278s] Level 1:colcon.colcon_core.environment:checking '/home/tau/colcon_ws/install/dis_tutorial3/bin'
[1.278s] Level 1:colcon.colcon_core.environment:checking '/home/tau/colcon_ws/install/dis_tutorial3/lib/pkgconfig/dis_tutorial3.pc'
[1.278s] Level 1:colcon.colcon_core.environment:checking '/home/tau/colcon_ws/install/dis_tutorial3/lib/python3.10/site-packages'
[1.278s] Level 1:colcon.colcon_core.environment:checking '/home/tau/colcon_ws/install/dis_tutorial3/bin'
[1.279s] INFO:colcon.colcon_core.shell:Creating package script '/home/tau/colcon_ws/install/dis_tutorial3/share/dis_tutorial3/package.ps1'
[1.279s] INFO:colcon.colcon_core.shell:Creating package descriptor '/home/tau/colcon_ws/install/dis_tutorial3/share/dis_tutorial3/package.dsv'
[1.280s] INFO:colcon.colcon_core.shell:Creating package script '/home/tau/colcon_ws/install/dis_tutorial3/share/dis_tutorial3/package.sh'
[1.280s] INFO:colcon.colcon_core.shell:Creating package script '/home/tau/colcon_ws/install/dis_tutorial3/share/dis_tutorial3/package.bash'
[1.280s] INFO:colcon.colcon_core.shell:Creating package script '/home/tau/colcon_ws/install/dis_tutorial3/share/dis_tutorial3/package.zsh'
[1.281s] Level 1:colcon.colcon_core.environment:create_file_with_runtime_dependencies(/home/tau/colcon_ws/install/dis_tutorial3/share/colcon-core/packages/dis_tutorial3)
[1.308s] Level 1:colcon.colcon_core.environment:checking '/home/tau/colcon_ws/install/dis_tutorial2' for CMake module files
[1.308s] DEBUG:colcon.colcon_core.event_handler.log_command:Invoked command in '/home/tau/colcon_ws/src/dis_tutorial2' returned '0': PYTHONPATH=/home/tau/colcon_ws/build/dis_tutorial2/prefix_override:/usr/lib/python3/dist-packages/colcon_core/task/python/colcon_distutils_commands:/home/tau/colcon_ws/install/dis_tutorial2/lib/python3.10/site-packages:${PYTHONPATH} /usr/bin/python3 -W ignore:setup.py install is deprecated -W ignore:easy_install command is deprecated setup.py egg_info --egg-base ../../build/dis_tutorial2 build --build-base /home/tau/colcon_ws/build/dis_tutorial2/build install --record /home/tau/colcon_ws/build/dis_tutorial2/install.log --single-version-externally-managed install_data
[1.309s] Level 1:colcon.colcon_core.environment:checking '/home/tau/colcon_ws/install/dis_tutorial2' for CMake config files
[1.310s] Level 1:colcon.colcon_core.environment:checking '/home/tau/colcon_ws/install/dis_tutorial2/lib'
[1.310s] Level 1:colcon.colcon_core.environment:checking '/home/tau/colcon_ws/install/dis_tutorial2/bin'
[1.310s] Level 1:colcon.colcon_core.environment:checking '/home/tau/colcon_ws/install/dis_tutorial2/lib/pkgconfig/dis_tutorial2.pc'
[1.310s] Level 1:colcon.colcon_core.environment:checking '/home/tau/colcon_ws/install/dis_tutorial2/lib/python3.10/site-packages'
[1.310s] Level 1:colcon.colcon_core.shell:create_environment_hook('dis_tutorial2', 'pythonpath')
[1.311s] INFO:colcon.colcon_core.shell:Creating environment hook '/home/tau/colcon_ws/install/dis_tutorial2/share/dis_tutorial2/hook/pythonpath.ps1'
[1.311s] INFO:colcon.colcon_core.shell:Creating environment descriptor '/home/tau/colcon_ws/install/dis_tutorial2/share/dis_tutorial2/hook/pythonpath.dsv'
[1.312s] INFO:colcon.colcon_core.shell:Creating environment hook '/home/tau/colcon_ws/install/dis_tutorial2/share/dis_tutorial2/hook/pythonpath.sh'
[1.312s] Level 1:colcon.colcon_core.environment:checking '/home/tau/colcon_ws/install/dis_tutorial2/bin'
[1.312s] Level 1:colcon.colcon_core.environment:create_environment_scripts_only(dis_tutorial2)
[1.313s] INFO:colcon.colcon_core.shell:Creating package script '/home/tau/colcon_ws/install/dis_tutorial2/share/dis_tutorial2/package.ps1'
[1.314s] INFO:colcon.colcon_core.shell:Creating package descriptor '/home/tau/colcon_ws/install/dis_tutorial2/share/dis_tutorial2/package.dsv'
[1.314s] INFO:colcon.colcon_core.shell:Creating package script '/home/tau/colcon_ws/install/dis_tutorial2/share/dis_tutorial2/package.sh'
[1.314s] INFO:colcon.colcon_core.shell:Creating package script '/home/tau/colcon_ws/install/dis_tutorial2/share/dis_tutorial2/package.bash'
[1.314s] INFO:colcon.colcon_core.shell:Creating package script '/home/tau/colcon_ws/install/dis_tutorial2/share/dis_tutorial2/package.zsh'
[1.315s] Level 1:colcon.colcon_core.environment:create_file_with_runtime_dependencies(/home/tau/colcon_ws/install/dis_tutorial2/share/colcon-core/packages/dis_tutorial2)
[1.315s] DEBUG:colcon.colcon_parallel_executor.executor.parallel:closing loop
[1.316s] DEBUG:colcon.colcon_parallel_executor.executor.parallel:loop closed
[1.316s] DEBUG:colcon.colcon_parallel_executor.executor.parallel:run_until_complete finished with '0'
[1.316s] DEBUG:colcon.colcon_core.event_reactor:joining thread
[1.320s] INFO:colcon.colcon_core.plugin_system:Skipping extension 'colcon_notification.desktop_notification.notify_send': Could not find 'notify-send'
[1.320s] INFO:colcon.colcon_core.plugin_system:Skipping extension 'colcon_notification.desktop_notification.terminal_notifier': Not used on non-Darwin systems
[1.320s] INFO:colcon.colcon_core.plugin_system:Skipping extension 'colcon_notification.desktop_notification.win32': Not used on non-Windows systems
[1.320s] INFO:colcon.colcon_notification.desktop_notification:Sending desktop notification using 'notify2'
[1.341s] DEBUG:colcon.colcon_core.event_reactor:joined thread
[1.341s] INFO:colcon.colcon_core.shell:Creating prefix script '/home/tau/colcon_ws/install/local_setup.ps1'
[1.342s] INFO:colcon.colcon_core.shell:Creating prefix util module '/home/tau/colcon_ws/install/_local_setup_util_ps1.py'
[1.344s] INFO:colcon.colcon_core.shell:Creating prefix chain script '/home/tau/colcon_ws/install/setup.ps1'
[1.344s] INFO:colcon.colcon_core.shell:Creating prefix script '/home/tau/colcon_ws/install/local_setup.sh'
[1.345s] INFO:colcon.colcon_core.shell:Creating prefix util module '/home/tau/colcon_ws/install/_local_setup_util_sh.py'
[1.345s] INFO:colcon.colcon_core.shell:Creating prefix chain script '/home/tau/colcon_ws/install/setup.sh'
[1.346s] INFO:colcon.colcon_core.shell:Creating prefix script '/home/tau/colcon_ws/install/local_setup.bash'
[1.346s] INFO:colcon.colcon_core.shell:Creating prefix chain script '/home/tau/colcon_ws/install/setup.bash'
[1.347s] INFO:colcon.colcon_core.shell:Creating prefix script '/home/tau/colcon_ws/install/local_setup.zsh'
[1.347s] INFO:colcon.colcon_core.shell:Creating prefix chain script '/home/tau/colcon_ws/install/setup.zsh'
