[0.297s] Invoking command in '/home/tau/colcon_ws/build/dis_tutorial5': CMAKE_PREFIX_PATH=${CMAKE_PREFIX_PATH}:/home/tau/colcon_ws/install/dis_tutorial2:/opt/ros/humble /usr/bin/cmake --build /home/tau/colcon_ws/build/dis_tutorial5 -- -j16 -l16
[0.403s] [ 33%] Built target planes
[0.416s] [ 66%] Built target cylinder_segmentation
[0.417s] [100%] Built target pcl_forwarder
[0.434s] Invoked command in '/home/tau/colcon_ws/build/dis_tutorial5' returned '0': CMAKE_PREFIX_PATH=${CMAKE_PREFIX_PATH}:/home/tau/colcon_ws/install/dis_tutorial2:/opt/ros/humble /usr/bin/cmake --build /home/tau/colcon_ws/build/dis_tutorial5 -- -j16 -l16
[0.438s] Invoking command in '/home/tau/colcon_ws/build/dis_tutorial5': CMAKE_PREFIX_PATH=${CMAKE_PREFIX_PATH}:/home/tau/colcon_ws/install/dis_tutorial2:/opt/ros/humble /usr/bin/cmake --install /home/tau/colcon_ws/build/dis_tutorial5
[0.456s] -- Install configuration: ""
[0.457s] -- Up-to-date: /home/tau/colcon_ws/install/dis_tutorial5/lib/dis_tutorial5/pcl_forwarder
[0.457s] -- Up-to-date: /home/tau/colcon_ws/install/dis_tutorial5/lib/dis_tutorial5/planes
[0.457s] -- Up-to-date: /home/tau/colcon_ws/install/dis_tutorial5/lib/dis_tutorial5/cylinder_segmentation
[0.458s] -- Installing: /home/tau/colcon_ws/install/dis_tutorial5/lib/dis_tutorial5/detect_rings.py
[0.458s] -- Up-to-date: /home/tau/colcon_ws/install/dis_tutorial5/share/ament_index/resource_index/package_run_dependencies/dis_tutorial5
[0.458s] -- Up-to-date: /home/tau/colcon_ws/install/dis_tutorial5/share/ament_index/resource_index/parent_prefix_path/dis_tutorial5
[0.458s] -- Up-to-date: /home/tau/colcon_ws/install/dis_tutorial5/share/dis_tutorial5/environment/ament_prefix_path.sh
[0.458s] -- Up-to-date: /home/tau/colcon_ws/install/dis_tutorial5/share/dis_tutorial5/environment/ament_prefix_path.dsv
[0.458s] -- Up-to-date: /home/tau/colcon_ws/install/dis_tutorial5/share/dis_tutorial5/environment/path.sh
[0.458s] -- Up-to-date: /home/tau/colcon_ws/install/dis_tutorial5/share/dis_tutorial5/environment/path.dsv
[0.458s] -- Up-to-date: /home/tau/colcon_ws/install/dis_tutorial5/share/dis_tutorial5/local_setup.bash
[0.458s] -- Up-to-date: /home/tau/colcon_ws/install/dis_tutorial5/share/dis_tutorial5/local_setup.sh
[0.458s] -- Up-to-date: /home/tau/colcon_ws/install/dis_tutorial5/share/dis_tutorial5/local_setup.zsh
[0.458s] -- Up-to-date: /home/tau/colcon_ws/install/dis_tutorial5/share/dis_tutorial5/local_setup.dsv
[0.458s] -- Installing: /home/tau/colcon_ws/install/dis_tutorial5/share/dis_tutorial5/package.dsv
[0.458s] -- Up-to-date: /home/tau/colcon_ws/install/dis_tutorial5/share/ament_index/resource_index/packages/dis_tutorial5
[0.459s] -- Up-to-date: /home/tau/colcon_ws/install/dis_tutorial5/share/dis_tutorial5/cmake/dis_tutorial5Config.cmake
[0.459s] -- Up-to-date: /home/tau/colcon_ws/install/dis_tutorial5/share/dis_tutorial5/cmake/dis_tutorial5Config-version.cmake
[0.459s] -- Up-to-date: /home/tau/colcon_ws/install/dis_tutorial5/share/dis_tutorial5/package.xml
[0.460s] Invoked command in '/home/tau/colcon_ws/build/dis_tutorial5' returned '0': CMAKE_PREFIX_PATH=${CMAKE_PREFIX_PATH}:/home/tau/colcon_ws/install/dis_tutorial2:/opt/ros/humble /usr/bin/cmake --install /home/tau/colcon_ws/build/dis_tutorial5
