[0.915s] Invoking command in '/home/osboxes/ros2_ws/build/dis_tutorial3': CMAKE_PREFIX_PATH=/opt/ros/humble /usr/bin/cmake --build /home/osboxes/ros2_ws/build/dis_tutorial3 -- -j4 -l4
[1.011s] Invoked command in '/home/osboxes/ros2_ws/build/dis_tutorial3' returned '0': CMAKE_PREFIX_PATH=/opt/ros/humble /usr/bin/cmake --build /home/osboxes/ros2_ws/build/dis_tutorial3 -- -j4 -l4
[1.041s] Invoking command in '/home/osboxes/ros2_ws/build/dis_tutorial3': CMAKE_PREFIX_PATH=/opt/ros/humble /usr/bin/cmake --install /home/osboxes/ros2_ws/build/dis_tutorial3
[1.063s] -- Install configuration: ""
[1.064s] -- Installing: /home/osboxes/ros2_ws/install/dis_tutorial3/share/dis_tutorial3//launch
[1.064s] -- Installing: /home/osboxes/ros2_ws/install/dis_tutorial3/share/dis_tutorial3//launch/create3_nodes.launch.py
[1.064s] -- Installing: /home/osboxes/ros2_ws/install/dis_tutorial3/share/dis_tutorial3//launch/nav2.launch.py
[1.065s] -- Installing: /home/osboxes/ros2_ws/install/dis_tutorial3/share/dis_tutorial3//launch/turtlebot4_spawn.launch.py
[1.066s] -- Installing: /home/osboxes/ros2_ws/install/dis_tutorial3/share/dis_tutorial3//launch/turtlebot4_spawn_nav.launch.py
[1.070s] -- Installing: /home/osboxes/ros2_ws/install/dis_tutorial3/share/dis_tutorial3//launch/ignition.launch.py
[1.072s] -- Installing: /home/osboxes/ros2_ws/install/dis_tutorial3/share/dis_tutorial3//launch/localization.launch.py
[1.072s] -- Installing: /home/osboxes/ros2_ws/install/dis_tutorial3/share/dis_tutorial3//launch/sim_turtlebot_slam.launch.py
[1.073s] -- Installing: /home/osboxes/ros2_ws/install/dis_tutorial3/share/dis_tutorial3//launch/slam.launch.py
[1.074s] -- Installing: /home/osboxes/ros2_ws/install/dis_tutorial3/share/dis_tutorial3//launch/sim_turtlebot_nav.launch.py
[1.078s] -- Installing: /home/osboxes/ros2_ws/install/dis_tutorial3/share/dis_tutorial3//launch/dis_sim.launch.py
[1.079s] -- Installing: /home/osboxes/ros2_ws/install/dis_tutorial3/share/dis_tutorial3//config
[1.080s] -- Installing: /home/osboxes/ros2_ws/install/dis_tutorial3/share/dis_tutorial3//config/laser_filter_chain.yaml
[1.084s] -- Installing: /home/osboxes/ros2_ws/install/dis_tutorial3/share/dis_tutorial3//config/localization.yaml
[1.085s] -- Installing: /home/osboxes/ros2_ws/install/dis_tutorial3/share/dis_tutorial3//config/slam.yaml
[1.086s] -- Installing: /home/osboxes/ros2_ws/install/dis_tutorial3/share/dis_tutorial3//config/nav2.yaml
[1.091s] -- Installing: /home/osboxes/ros2_ws/install/dis_tutorial3/share/dis_tutorial3//worlds
[1.094s] -- Installing: /home/osboxes/ros2_ws/install/dis_tutorial3/share/dis_tutorial3//worlds/task2_demo2.sdf
[1.095s] -- Installing: /home/osboxes/ros2_ws/install/dis_tutorial3/share/dis_tutorial3//worlds/demo2.sdf
[1.095s] -- Installing: /home/osboxes/ros2_ws/install/dis_tutorial3/share/dis_tutorial3//worlds/task2_demo1.sdf
[1.096s] -- Installing: /home/osboxes/ros2_ws/install/dis_tutorial3/share/dis_tutorial3//worlds/dis_meshes
[1.101s] -- Installing: /home/osboxes/ros2_ws/install/dis_tutorial3/share/dis_tutorial3//worlds/dis_meshes/person2.jpg
[1.106s] -- Installing: /home/osboxes/ros2_ws/install/dis_tutorial3/share/dis_tutorial3//worlds/dis_meshes/parking_space.jpg
[1.114s] -- Installing: /home/osboxes/ros2_ws/install/dis_tutorial3/share/dis_tutorial3//worlds/dis_meshes/map.dae
[1.118s] -- Installing: /home/osboxes/ros2_ws/install/dis_tutorial3/share/dis_tutorial3//worlds/dis_meshes/qr1.jpg
[1.123s] -- Installing: /home/osboxes/ros2_ws/install/dis_tutorial3/share/dis_tutorial3//worlds/dis_meshes/davinci.jpg
[1.125s] -- Installing: /home/osboxes/ros2_ws/install/dis_tutorial3/share/dis_tutorial3//worlds/dis_meshes/fakering3.jpg
[1.128s] -- Installing: /home/osboxes/ros2_ws/install/dis_tutorial3/share/dis_tutorial3//worlds/dis_meshes/qr2.jpg
[1.136s] -- Installing: /home/osboxes/ros2_ws/install/dis_tutorial3/share/dis_tutorial3//worlds/dis_meshes/person4.jpg
[1.138s] -- Installing: /home/osboxes/ros2_ws/install/dis_tutorial3/share/dis_tutorial3//worlds/dis_meshes/fakering1.jpg
[1.141s] -- Installing: /home/osboxes/ros2_ws/install/dis_tutorial3/share/dis_tutorial3//worlds/dis_meshes/person1.jpg
[1.147s] -- Installing: /home/osboxes/ros2_ws/install/dis_tutorial3/share/dis_tutorial3//worlds/dis_meshes/cylinders.jpg
[1.149s] -- Installing: /home/osboxes/ros2_ws/install/dis_tutorial3/share/dis_tutorial3//worlds/dis_meshes/ground.jpg
[1.155s] -- Installing: /home/osboxes/ros2_ws/install/dis_tutorial3/share/dis_tutorial3//worlds/dis_meshes/person3.jpg
[1.162s] -- Installing: /home/osboxes/ros2_ws/install/dis_tutorial3/share/dis_tutorial3//worlds/dis_meshes/mona1.jpg
[1.171s] -- Installing: /home/osboxes/ros2_ws/install/dis_tutorial3/share/dis_tutorial3//worlds/dis_meshes/wood.jpg
[1.176s] -- Installing: /home/osboxes/ros2_ws/install/dis_tutorial3/share/dis_tutorial3//worlds/dis_meshes/fakering2.jpg
[1.176s] -- Installing: /home/osboxes/ros2_ws/install/dis_tutorial3/share/dis_tutorial3//worlds/dis_meshes/objects.jpg
[1.176s] -- Installing: /home/osboxes/ros2_ws/install/dis_tutorial3/share/dis_tutorial3//worlds/dis_meshes/map_colliders.dae
[1.181s] -- Installing: /home/osboxes/ros2_ws/install/dis_tutorial3/share/dis_tutorial3//worlds/dis_meshes/person5.jpg
[1.183s] -- Installing: /home/osboxes/ros2_ws/install/dis_tutorial3/share/dis_tutorial3//worlds/demo1_meshes
[1.184s] -- Installing: /home/osboxes/ros2_ws/install/dis_tutorial3/share/dis_tutorial3//worlds/demo1_meshes/parking_space.jpg
[1.189s] -- Installing: /home/osboxes/ros2_ws/install/dis_tutorial3/share/dis_tutorial3//worlds/demo1_meshes/map.dae
[1.195s] -- Installing: /home/osboxes/ros2_ws/install/dis_tutorial3/share/dis_tutorial3//worlds/demo1_meshes/qr1.jpg
[1.200s] -- Installing: /home/osboxes/ros2_ws/install/dis_tutorial3/share/dis_tutorial3//worlds/demo1_meshes/person11.png
[1.203s] -- Installing: /home/osboxes/ros2_ws/install/dis_tutorial3/share/dis_tutorial3//worlds/demo1_meshes/person2.png
[1.210s] -- Installing: /home/osboxes/ros2_ws/install/dis_tutorial3/share/dis_tutorial3//worlds/demo1_meshes/person4.png
[1.215s] -- Installing: /home/osboxes/ros2_ws/install/dis_tutorial3/share/dis_tutorial3//worlds/demo1_meshes/person5.png
[1.229s] -- Installing: /home/osboxes/ros2_ws/install/dis_tutorial3/share/dis_tutorial3//worlds/demo1_meshes/fakering3.jpg
[1.231s] -- Installing: /home/osboxes/ros2_ws/install/dis_tutorial3/share/dis_tutorial3//worlds/demo1_meshes/qr2.jpg
[1.243s] -- Installing: /home/osboxes/ros2_ws/install/dis_tutorial3/share/dis_tutorial3//worlds/demo1_meshes/fakering1.jpg
[1.246s] -- Installing: /home/osboxes/ros2_ws/install/dis_tutorial3/share/dis_tutorial3//worlds/demo1_meshes/cylinders.jpg
[1.247s] -- Installing: /home/osboxes/ros2_ws/install/dis_tutorial3/share/dis_tutorial3//worlds/demo1_meshes/person1.png
[1.265s] -- Installing: /home/osboxes/ros2_ws/install/dis_tutorial3/share/dis_tutorial3//worlds/demo1_meshes/ground.jpg
[1.269s] -- Installing: /home/osboxes/ros2_ws/install/dis_tutorial3/share/dis_tutorial3//worlds/demo1_meshes/fakering2.jpg
[1.275s] -- Installing: /home/osboxes/ros2_ws/install/dis_tutorial3/share/dis_tutorial3//worlds/demo1_meshes/objects.jpg
[1.280s] -- Installing: /home/osboxes/ros2_ws/install/dis_tutorial3/share/dis_tutorial3//worlds/demo1_meshes/map_colliders.dae
[1.293s] -- Installing: /home/osboxes/ros2_ws/install/dis_tutorial3/share/dis_tutorial3//worlds/demo1_meshes/person3.png
[1.309s] -- Installing: /home/osboxes/ros2_ws/install/dis_tutorial3/share/dis_tutorial3//worlds/demo2_meshes
[1.309s] -- Installing: /home/osboxes/ros2_ws/install/dis_tutorial3/share/dis_tutorial3//worlds/demo2_meshes/parking_space.jpg
[1.310s] -- Installing: /home/osboxes/ros2_ws/install/dis_tutorial3/share/dis_tutorial3//worlds/demo2_meshes/map.dae
[1.319s] -- Installing: /home/osboxes/ros2_ws/install/dis_tutorial3/share/dis_tutorial3//worlds/demo2_meshes/qr1.jpg
[1.323s] -- Installing: /home/osboxes/ros2_ws/install/dis_tutorial3/share/dis_tutorial3//worlds/demo2_meshes/person7.png
[1.334s] -- Installing: /home/osboxes/ros2_ws/install/dis_tutorial3/share/dis_tutorial3//worlds/demo2_meshes/fakering3.jpg
[1.334s] -- Installing: /home/osboxes/ros2_ws/install/dis_tutorial3/share/dis_tutorial3//worlds/demo2_meshes/person8.png
[1.349s] -- Installing: /home/osboxes/ros2_ws/install/dis_tutorial3/share/dis_tutorial3//worlds/demo2_meshes/person20.png
[1.356s] -- Installing: /home/osboxes/ros2_ws/install/dis_tutorial3/share/dis_tutorial3//worlds/demo2_meshes/qr2.jpg
[1.362s] -- Installing: /home/osboxes/ros2_ws/install/dis_tutorial3/share/dis_tutorial3//worlds/demo2_meshes/person9.png
[1.372s] -- Installing: /home/osboxes/ros2_ws/install/dis_tutorial3/share/dis_tutorial3//worlds/demo2_meshes/fakering1.jpg
[1.378s] -- Installing: /home/osboxes/ros2_ws/install/dis_tutorial3/share/dis_tutorial3//worlds/demo2_meshes/person18.png
[1.392s] -- Installing: /home/osboxes/ros2_ws/install/dis_tutorial3/share/dis_tutorial3//worlds/demo2_meshes/cylinders.jpg
[1.394s] -- Installing: /home/osboxes/ros2_ws/install/dis_tutorial3/share/dis_tutorial3//worlds/demo2_meshes/ground.jpg
[1.397s] -- Installing: /home/osboxes/ros2_ws/install/dis_tutorial3/share/dis_tutorial3//worlds/demo2_meshes/fakering2.jpg
[1.402s] -- Installing: /home/osboxes/ros2_ws/install/dis_tutorial3/share/dis_tutorial3//worlds/demo2_meshes/objects.jpg
[1.409s] -- Installing: /home/osboxes/ros2_ws/install/dis_tutorial3/share/dis_tutorial3//worlds/demo2_meshes/map_colliders.dae
[1.412s] -- Installing: /home/osboxes/ros2_ws/install/dis_tutorial3/share/dis_tutorial3//worlds/demo2_meshes/person6.png
[1.423s] -- Installing: /home/osboxes/ros2_ws/install/dis_tutorial3/share/dis_tutorial3//worlds/empty.sdf
[1.427s] -- Installing: /home/osboxes/ros2_ws/install/dis_tutorial3/share/dis_tutorial3//worlds/task3.sdf
[1.433s] -- Installing: /home/osboxes/ros2_ws/install/dis_tutorial3/share/dis_tutorial3//worlds/task2_demo2_meshes
[1.433s] -- Installing: /home/osboxes/ros2_ws/install/dis_tutorial3/share/dis_tutorial3//worlds/task2_demo2_meshes/parking_space.jpg
[1.435s] -- Installing: /home/osboxes/ros2_ws/install/dis_tutorial3/share/dis_tutorial3//worlds/task2_demo2_meshes/map.dae
[1.448s] -- Installing: /home/osboxes/ros2_ws/install/dis_tutorial3/share/dis_tutorial3//worlds/task2_demo2_meshes/fakering3.jpg
[1.450s] -- Installing: /home/osboxes/ros2_ws/install/dis_tutorial3/share/dis_tutorial3//worlds/task2_demo2_meshes/fakering1.jpg
[1.455s] -- Installing: /home/osboxes/ros2_ws/install/dis_tutorial3/share/dis_tutorial3//worlds/task2_demo2_meshes/cylinders.jpg
[1.455s] -- Installing: /home/osboxes/ros2_ws/install/dis_tutorial3/share/dis_tutorial3//worlds/task2_demo2_meshes/ground.jpg
[1.462s] -- Installing: /home/osboxes/ros2_ws/install/dis_tutorial3/share/dis_tutorial3//worlds/task2_demo2_meshes/fakering2.jpg
[1.462s] -- Installing: /home/osboxes/ros2_ws/install/dis_tutorial3/share/dis_tutorial3//worlds/task2_demo2_meshes/objects.jpg
[1.464s] -- Installing: /home/osboxes/ros2_ws/install/dis_tutorial3/share/dis_tutorial3//worlds/task2_demo2_meshes/map_colliders.dae
[1.471s] -- Installing: /home/osboxes/ros2_ws/install/dis_tutorial3/share/dis_tutorial3//worlds/dis.sdf
[1.479s] -- Installing: /home/osboxes/ros2_ws/install/dis_tutorial3/share/dis_tutorial3//worlds/demo1.sdf
[1.479s] -- Installing: /home/osboxes/ros2_ws/install/dis_tutorial3/share/dis_tutorial3//worlds/task3_meshes
[1.484s] -- Installing: /home/osboxes/ros2_ws/install/dis_tutorial3/share/dis_tutorial3//worlds/task3_meshes/parking_space.jpg
[1.485s] -- Installing: /home/osboxes/ros2_ws/install/dis_tutorial3/share/dis_tutorial3//worlds/task3_meshes/easy_anomona_0.png
[1.499s] -- Installing: /home/osboxes/ros2_ws/install/dis_tutorial3/share/dis_tutorial3//worlds/task3_meshes/anomona_3.png
[1.507s] -- Installing: /home/osboxes/ros2_ws/install/dis_tutorial3/share/dis_tutorial3//worlds/task3_meshes/easy_anomona_4.png
[1.516s] -- Installing: /home/osboxes/ros2_ws/install/dis_tutorial3/share/dis_tutorial3//worlds/task3_meshes/villager2.png
[1.521s] -- Installing: /home/osboxes/ros2_ws/install/dis_tutorial3/share/dis_tutorial3//worlds/task3_meshes/map.dae
[1.539s] -- Installing: /home/osboxes/ros2_ws/install/dis_tutorial3/share/dis_tutorial3//worlds/task3_meshes/fakering3.jpg
[1.542s] -- Installing: /home/osboxes/ros2_ws/install/dis_tutorial3/share/dis_tutorial3//worlds/task3_meshes/villager1.png
[1.549s] -- Installing: /home/osboxes/ros2_ws/install/dis_tutorial3/share/dis_tutorial3//worlds/task3_meshes/mona.png
[1.560s] -- Installing: /home/osboxes/ros2_ws/install/dis_tutorial3/share/dis_tutorial3//worlds/task3_meshes/qr_cheat.png
[1.562s] -- Installing: /home/osboxes/ros2_ws/install/dis_tutorial3/share/dis_tutorial3//worlds/task3_meshes/easy_anomona_1.png
[1.568s] -- Installing: /home/osboxes/ros2_ws/install/dis_tutorial3/share/dis_tutorial3//worlds/task3_meshes/fakering1.jpg
[1.571s] -- Installing: /home/osboxes/ros2_ws/install/dis_tutorial3/share/dis_tutorial3//worlds/task3_meshes/anomona_4.png
[1.587s] -- Installing: /home/osboxes/ros2_ws/install/dis_tutorial3/share/dis_tutorial3//worlds/task3_meshes/anomona_1.png
[1.608s] -- Installing: /home/osboxes/ros2_ws/install/dis_tutorial3/share/dis_tutorial3//worlds/task3_meshes/anomona_0.png
[1.630s] -- Installing: /home/osboxes/ros2_ws/install/dis_tutorial3/share/dis_tutorial3//worlds/task3_meshes/cylinders.jpg
[1.633s] -- Installing: /home/osboxes/ros2_ws/install/dis_tutorial3/share/dis_tutorial3//worlds/task3_meshes/villager5.png
[1.652s] -- Installing: /home/osboxes/ros2_ws/install/dis_tutorial3/share/dis_tutorial3//worlds/task3_meshes/easy_anomona_3.png
[1.678s] -- Installing: /home/osboxes/ros2_ws/install/dis_tutorial3/share/dis_tutorial3//worlds/task3_meshes/ground.jpg
[1.689s] -- Installing: /home/osboxes/ros2_ws/install/dis_tutorial3/share/dis_tutorial3//worlds/task3_meshes/easy_anomona_2.png
[1.701s] -- Installing: /home/osboxes/ros2_ws/install/dis_tutorial3/share/dis_tutorial3//worlds/task3_meshes/villager3.png
[1.718s] -- Installing: /home/osboxes/ros2_ws/install/dis_tutorial3/share/dis_tutorial3//worlds/task3_meshes/anomona_2.png
[1.741s] -- Installing: /home/osboxes/ros2_ws/install/dis_tutorial3/share/dis_tutorial3//worlds/task3_meshes/fakering2.jpg
[1.753s] -- Installing: /home/osboxes/ros2_ws/install/dis_tutorial3/share/dis_tutorial3//worlds/task3_meshes/objects.jpg
[1.761s] -- Installing: /home/osboxes/ros2_ws/install/dis_tutorial3/share/dis_tutorial3//worlds/task3_meshes/villager4.png
[1.766s] -- Installing: /home/osboxes/ros2_ws/install/dis_tutorial3/share/dis_tutorial3//worlds/task3_meshes/map_colliders.dae
[1.787s] -- Installing: /home/osboxes/ros2_ws/install/dis_tutorial3/share/dis_tutorial3//worlds/task3_meshes/qr_url.png
[1.789s] -- Installing: /home/osboxes/ros2_ws/install/dis_tutorial3/share/dis_tutorial3//worlds/task3_meshes/qr_wrong.png
[1.798s] -- Installing: /home/osboxes/ros2_ws/install/dis_tutorial3/share/dis_tutorial3//worlds/task2_demo1_meshes
[1.800s] -- Installing: /home/osboxes/ros2_ws/install/dis_tutorial3/share/dis_tutorial3//worlds/task2_demo1_meshes/parking_space.jpg
[1.806s] -- Installing: /home/osboxes/ros2_ws/install/dis_tutorial3/share/dis_tutorial3//worlds/task2_demo1_meshes/map.dae
[1.829s] -- Installing: /home/osboxes/ros2_ws/install/dis_tutorial3/share/dis_tutorial3//worlds/task2_demo1_meshes/fakering3.jpg
[1.831s] -- Installing: /home/osboxes/ros2_ws/install/dis_tutorial3/share/dis_tutorial3//worlds/task2_demo1_meshes/fakering1.jpg
[1.840s] -- Installing: /home/osboxes/ros2_ws/install/dis_tutorial3/share/dis_tutorial3//worlds/task2_demo1_meshes/cylinders.jpg
[1.842s] -- Installing: /home/osboxes/ros2_ws/install/dis_tutorial3/share/dis_tutorial3//worlds/task2_demo1_meshes/ground.jpg
[1.858s] -- Installing: /home/osboxes/ros2_ws/install/dis_tutorial3/share/dis_tutorial3//worlds/task2_demo1_meshes/fakering2.jpg
[1.858s] -- Installing: /home/osboxes/ros2_ws/install/dis_tutorial3/share/dis_tutorial3//worlds/task2_demo1_meshes/objects.jpg
[1.859s] -- Installing: /home/osboxes/ros2_ws/install/dis_tutorial3/share/dis_tutorial3//worlds/task2_demo1_meshes/map_colliders.dae
[1.867s] -- Installing: /home/osboxes/ros2_ws/install/dis_tutorial3/share/dis_tutorial3//maps
[1.867s] -- Installing: /home/osboxes/ros2_ws/install/dis_tutorial3/share/dis_tutorial3//maps/map.yaml
[1.878s] -- Installing: /home/osboxes/ros2_ws/install/dis_tutorial3/share/dis_tutorial3//maps/map.pgm
[1.878s] -- Installing: /home/osboxes/ros2_ws/install/dis_tutorial3/lib/dis_tutorial3/detect_people.py
[1.881s] -- Installing: /home/osboxes/ros2_ws/install/dis_tutorial3/lib/dis_tutorial3/robot_commander.py
[1.882s] -- Installing: /home/osboxes/ros2_ws/install/dis_tutorial3/share/ament_index/resource_index/package_run_dependencies/dis_tutorial3
[1.882s] -- Installing: /home/osboxes/ros2_ws/install/dis_tutorial3/share/ament_index/resource_index/parent_prefix_path/dis_tutorial3
[1.882s] -- Installing: /home/osboxes/ros2_ws/install/dis_tutorial3/share/dis_tutorial3/environment/ament_prefix_path.sh
[1.883s] -- Installing: /home/osboxes/ros2_ws/install/dis_tutorial3/share/dis_tutorial3/environment/ament_prefix_path.dsv
[1.883s] -- Installing: /home/osboxes/ros2_ws/install/dis_tutorial3/share/dis_tutorial3/environment/path.sh
[1.890s] -- Installing: /home/osboxes/ros2_ws/install/dis_tutorial3/share/dis_tutorial3/environment/path.dsv
[1.892s] -- Installing: /home/osboxes/ros2_ws/install/dis_tutorial3/share/dis_tutorial3/local_setup.bash
[1.892s] -- Installing: /home/osboxes/ros2_ws/install/dis_tutorial3/share/dis_tutorial3/local_setup.sh
[1.893s] -- Installing: /home/osboxes/ros2_ws/install/dis_tutorial3/share/dis_tutorial3/local_setup.zsh
[1.893s] -- Installing: /home/osboxes/ros2_ws/install/dis_tutorial3/share/dis_tutorial3/local_setup.dsv
[1.893s] -- Installing: /home/osboxes/ros2_ws/install/dis_tutorial3/share/dis_tutorial3/package.dsv
[1.893s] -- Installing: /home/osboxes/ros2_ws/install/dis_tutorial3/share/ament_index/resource_index/packages/dis_tutorial3
[1.895s] -- Installing: /home/osboxes/ros2_ws/install/dis_tutorial3/share/dis_tutorial3/cmake/dis_tutorial3Config.cmake
[1.901s] -- Installing: /home/osboxes/ros2_ws/install/dis_tutorial3/share/dis_tutorial3/cmake/dis_tutorial3Config-version.cmake
[1.901s] -- Installing: /home/osboxes/ros2_ws/install/dis_tutorial3/share/dis_tutorial3/package.xml
[1.920s] Invoked command in '/home/osboxes/ros2_ws/build/dis_tutorial3' returned '0': CMAKE_PREFIX_PATH=/opt/ros/humble /usr/bin/cmake --install /home/osboxes/ros2_ws/build/dis_tutorial3
