[0.121s] Invoking command in '/home/osboxes/ros2_ws/build/hwpub': CMAKE_PREFIX_PATH=/opt/ros/humble /usr/bin/cmake --build /home/osboxes/ros2_ws/build/hwpub -- -j4 -l4
[0.421s] [  2%] Built target hwpub__cpp
[0.617s] [  2%] Built target ament_cmake_python_copy_hwpub
[0.710s] [35m[1mConsolidate compiler generated dependencies of target hwpub__rosidl_typesupport_fastrtps_cpp[0m
[0.782s] [ 12%] Built target hwpub__rosidl_typesupport_fastrtps_cpp
[0.858s] [35m[1mConsolidate compiler generated dependencies of target hwpub__rosidl_typesupport_introspection_cpp[0m
[0.983s] [ 23%] Built target hwpub__rosidl_typesupport_introspection_cpp
[2.443s] running egg_info
[2.455s] writing hwpub.egg-info/PKG-INFO
[2.455s] writing dependency_links to hwpub.egg-info/dependency_links.txt
[2.455s] writing top-level names to hwpub.egg-info/top_level.txt
[2.470s] reading manifest file 'hwpub.egg-info/SOURCES.txt'
[2.472s] writing manifest file 'hwpub.egg-info/SOURCES.txt'
[2.681s] [ 23%] Built target ament_cmake_python_build_hwpub_egg
[2.821s] [35m[1mConsolidate compiler generated dependencies of target hwpub__rosidl_typesupport_cpp[0m
[2.955s] [ 33%] Built target hwpub__rosidl_typesupport_cpp
[3.084s] [35m[1mConsolidate compiler generated dependencies of target hwpub__rosidl_generator_c[0m
[3.166s] [ 43%] Built target hwpub__rosidl_generator_c
[3.200s] [35m[1mConsolidate compiler generated dependencies of target hwpub__rosidl_typesupport_fastrtps_c[0m
[3.286s] [ 53%] Built target hwpub__rosidl_typesupport_fastrtps_c
[3.390s] [35m[1mConsolidate compiler generated dependencies of target hwpub__rosidl_typesupport_c[0m
[3.490s] [ 64%] Built target hwpub__rosidl_typesupport_c
[3.567s] [35m[1mConsolidate compiler generated dependencies of target hwpub__rosidl_typesupport_introspection_c[0m
[3.673s] [ 74%] Built target hwpub__rosidl_typesupport_introspection_c
[3.784s] [ 74%] Built target hwpub
[3.938s] [ 76%] Built target hwpub__py
[3.958s] [35m[1mConsolidate compiler generated dependencies of target hwpub__rosidl_generator_py[0m
[4.056s] [ 84%] Built target hwpub__rosidl_generator_py
[4.099s] [35m[1mConsolidate compiler generated dependencies of target hwpub__rosidl_typesupport_fastrtps_c__pyext[0m
[4.212s] [ 89%] Built target hwpub__rosidl_typesupport_fastrtps_c__pyext
[4.254s] [35m[1mConsolidate compiler generated dependencies of target hwpub__rosidl_typesupport_c__pyext[0m
[4.318s] [ 94%] Built target hwpub__rosidl_typesupport_c__pyext
[4.359s] [35m[1mConsolidate compiler generated dependencies of target hwpub__rosidl_typesupport_introspection_c__pyext[0m
[4.414s] [100%] Built target hwpub__rosidl_typesupport_introspection_c__pyext
[4.450s] Invoked command in '/home/osboxes/ros2_ws/build/hwpub' returned '0': CMAKE_PREFIX_PATH=/opt/ros/humble /usr/bin/cmake --build /home/osboxes/ros2_ws/build/hwpub -- -j4 -l4
[4.451s] Invoking command in '/home/osboxes/ros2_ws/build/hwpub': CMAKE_PREFIX_PATH=/opt/ros/humble /usr/bin/cmake --install /home/osboxes/ros2_ws/build/hwpub
[4.474s] -- Install configuration: ""
[4.474s] -- Up-to-date: /home/osboxes/ros2_ws/install/hwpub/share/ament_index/resource_index/rosidl_interfaces/hwpub
[4.474s] -- Up-to-date: /home/osboxes/ros2_ws/install/hwpub/include/hwpub/hwpub
[4.476s] -- Up-to-date: /home/osboxes/ros2_ws/install/hwpub/include/hwpub/hwpub/msg
[4.476s] -- Up-to-date: /home/osboxes/ros2_ws/install/hwpub/include/hwpub/hwpub/msg/rosidl_generator_c__visibility_control.h
[4.476s] -- Up-to-date: /home/osboxes/ros2_ws/install/hwpub/include/hwpub/hwpub/msg/hwmsg.h
[4.476s] -- Up-to-date: /home/osboxes/ros2_ws/install/hwpub/include/hwpub/hwpub/msg/detail
[4.476s] -- Up-to-date: /home/osboxes/ros2_ws/install/hwpub/include/hwpub/hwpub/msg/detail/hwmsg__struct.h
[4.476s] -- Up-to-date: /home/osboxes/ros2_ws/install/hwpub/include/hwpub/hwpub/msg/detail/hwmsg__functions.h
[4.476s] -- Up-to-date: /home/osboxes/ros2_ws/install/hwpub/include/hwpub/hwpub/msg/detail/hwmsg__functions.c
[4.476s] -- Up-to-date: /home/osboxes/ros2_ws/install/hwpub/include/hwpub/hwpub/msg/detail/hwmsg__type_support.h
[4.477s] -- Up-to-date: /home/osboxes/ros2_ws/install/hwpub/include/hwpub/hwpub/srv
[4.477s] -- Up-to-date: /home/osboxes/ros2_ws/install/hwpub/include/hwpub/hwpub/srv/customserv.h
[4.477s] -- Up-to-date: /home/osboxes/ros2_ws/install/hwpub/include/hwpub/hwpub/srv/detail
[4.477s] -- Up-to-date: /home/osboxes/ros2_ws/install/hwpub/include/hwpub/hwpub/srv/detail/customserv__functions.c
[4.477s] -- Up-to-date: /home/osboxes/ros2_ws/install/hwpub/include/hwpub/hwpub/srv/detail/customserv__functions.h
[4.477s] -- Up-to-date: /home/osboxes/ros2_ws/install/hwpub/include/hwpub/hwpub/srv/detail/customserv__type_support.h
[4.477s] -- Up-to-date: /home/osboxes/ros2_ws/install/hwpub/include/hwpub/hwpub/srv/detail/customserv__struct.h
[4.478s] -- Up-to-date: /home/osboxes/ros2_ws/install/hwpub/share/hwpub/environment/library_path.sh
[4.478s] -- Up-to-date: /home/osboxes/ros2_ws/install/hwpub/share/hwpub/environment/library_path.dsv
[4.478s] -- Up-to-date: /home/osboxes/ros2_ws/install/hwpub/lib/libhwpub__rosidl_generator_c.so
[4.478s] -- Up-to-date: /home/osboxes/ros2_ws/install/hwpub/include/hwpub/hwpub
[4.478s] -- Up-to-date: /home/osboxes/ros2_ws/install/hwpub/include/hwpub/hwpub/msg
[4.479s] -- Up-to-date: /home/osboxes/ros2_ws/install/hwpub/include/hwpub/hwpub/msg/detail
[4.479s] -- Up-to-date: /home/osboxes/ros2_ws/install/hwpub/include/hwpub/hwpub/msg/detail/hwmsg__rosidl_typesupport_fastrtps_c.h
[4.479s] -- Up-to-date: /home/osboxes/ros2_ws/install/hwpub/include/hwpub/hwpub/msg/rosidl_typesupport_fastrtps_c__visibility_control.h
[4.479s] -- Up-to-date: /home/osboxes/ros2_ws/install/hwpub/include/hwpub/hwpub/srv
[4.480s] -- Up-to-date: /home/osboxes/ros2_ws/install/hwpub/include/hwpub/hwpub/srv/detail
[4.480s] -- Up-to-date: /home/osboxes/ros2_ws/install/hwpub/include/hwpub/hwpub/srv/detail/customserv__rosidl_typesupport_fastrtps_c.h
[4.480s] -- Up-to-date: /home/osboxes/ros2_ws/install/hwpub/lib/libhwpub__rosidl_typesupport_fastrtps_c.so
[4.480s] -- Up-to-date: /home/osboxes/ros2_ws/install/hwpub/include/hwpub/hwpub
[4.480s] -- Up-to-date: /home/osboxes/ros2_ws/install/hwpub/include/hwpub/hwpub/msg
[4.481s] -- Up-to-date: /home/osboxes/ros2_ws/install/hwpub/include/hwpub/hwpub/msg/hwmsg.hpp
[4.481s] -- Up-to-date: /home/osboxes/ros2_ws/install/hwpub/include/hwpub/hwpub/msg/rosidl_generator_cpp__visibility_control.hpp
[4.481s] -- Up-to-date: /home/osboxes/ros2_ws/install/hwpub/include/hwpub/hwpub/msg/detail
[4.481s] -- Up-to-date: /home/osboxes/ros2_ws/install/hwpub/include/hwpub/hwpub/msg/detail/hwmsg__traits.hpp
[4.481s] -- Up-to-date: /home/osboxes/ros2_ws/install/hwpub/include/hwpub/hwpub/msg/detail/hwmsg__builder.hpp
[4.481s] -- Up-to-date: /home/osboxes/ros2_ws/install/hwpub/include/hwpub/hwpub/msg/detail/hwmsg__type_support.hpp
[4.481s] -- Up-to-date: /home/osboxes/ros2_ws/install/hwpub/include/hwpub/hwpub/msg/detail/hwmsg__struct.hpp
[4.481s] -- Up-to-date: /home/osboxes/ros2_ws/install/hwpub/include/hwpub/hwpub/srv
[4.482s] -- Up-to-date: /home/osboxes/ros2_ws/install/hwpub/include/hwpub/hwpub/srv/customserv.hpp
[4.482s] -- Up-to-date: /home/osboxes/ros2_ws/install/hwpub/include/hwpub/hwpub/srv/detail
[4.482s] -- Up-to-date: /home/osboxes/ros2_ws/install/hwpub/include/hwpub/hwpub/srv/detail/customserv__type_support.hpp
[4.482s] -- Up-to-date: /home/osboxes/ros2_ws/install/hwpub/include/hwpub/hwpub/srv/detail/customserv__builder.hpp
[4.483s] -- Up-to-date: /home/osboxes/ros2_ws/install/hwpub/include/hwpub/hwpub/srv/detail/customserv__traits.hpp
[4.483s] -- Up-to-date: /home/osboxes/ros2_ws/install/hwpub/include/hwpub/hwpub/srv/detail/customserv__struct.hpp
[4.483s] -- Up-to-date: /home/osboxes/ros2_ws/install/hwpub/include/hwpub/hwpub
[4.483s] -- Up-to-date: /home/osboxes/ros2_ws/install/hwpub/include/hwpub/hwpub/msg
[4.483s] -- Up-to-date: /home/osboxes/ros2_ws/install/hwpub/include/hwpub/hwpub/msg/rosidl_typesupport_fastrtps_cpp__visibility_control.h
[4.484s] -- Up-to-date: /home/osboxes/ros2_ws/install/hwpub/include/hwpub/hwpub/msg/detail
[4.484s] -- Up-to-date: /home/osboxes/ros2_ws/install/hwpub/include/hwpub/hwpub/msg/detail/dds_fastrtps
[4.484s] -- Up-to-date: /home/osboxes/ros2_ws/install/hwpub/include/hwpub/hwpub/msg/detail/hwmsg__rosidl_typesupport_fastrtps_cpp.hpp
[4.484s] -- Up-to-date: /home/osboxes/ros2_ws/install/hwpub/include/hwpub/hwpub/srv
[4.484s] -- Up-to-date: /home/osboxes/ros2_ws/install/hwpub/include/hwpub/hwpub/srv/detail
[4.485s] -- Up-to-date: /home/osboxes/ros2_ws/install/hwpub/include/hwpub/hwpub/srv/detail/dds_fastrtps
[4.485s] -- Up-to-date: /home/osboxes/ros2_ws/install/hwpub/include/hwpub/hwpub/srv/detail/customserv__rosidl_typesupport_fastrtps_cpp.hpp
[4.485s] -- Up-to-date: /home/osboxes/ros2_ws/install/hwpub/lib/libhwpub__rosidl_typesupport_fastrtps_cpp.so
[4.486s] -- Up-to-date: /home/osboxes/ros2_ws/install/hwpub/include/hwpub/hwpub
[4.486s] -- Up-to-date: /home/osboxes/ros2_ws/install/hwpub/include/hwpub/hwpub/msg
[4.486s] -- Up-to-date: /home/osboxes/ros2_ws/install/hwpub/include/hwpub/hwpub/msg/rosidl_typesupport_introspection_c__visibility_control.h
[4.486s] -- Up-to-date: /home/osboxes/ros2_ws/install/hwpub/include/hwpub/hwpub/msg/detail
[4.486s] -- Up-to-date: /home/osboxes/ros2_ws/install/hwpub/include/hwpub/hwpub/msg/detail/hwmsg__type_support.c
[4.486s] -- Up-to-date: /home/osboxes/ros2_ws/install/hwpub/include/hwpub/hwpub/msg/detail/hwmsg__rosidl_typesupport_introspection_c.h
[4.487s] -- Up-to-date: /home/osboxes/ros2_ws/install/hwpub/include/hwpub/hwpub/srv
[4.487s] -- Up-to-date: /home/osboxes/ros2_ws/install/hwpub/include/hwpub/hwpub/srv/detail
[4.487s] -- Up-to-date: /home/osboxes/ros2_ws/install/hwpub/include/hwpub/hwpub/srv/detail/customserv__type_support.c
[4.487s] -- Up-to-date: /home/osboxes/ros2_ws/install/hwpub/include/hwpub/hwpub/srv/detail/customserv__rosidl_typesupport_introspection_c.h
[4.487s] -- Up-to-date: /home/osboxes/ros2_ws/install/hwpub/lib/libhwpub__rosidl_typesupport_introspection_c.so
[4.487s] -- Up-to-date: /home/osboxes/ros2_ws/install/hwpub/lib/libhwpub__rosidl_typesupport_c.so
[4.488s] -- Up-to-date: /home/osboxes/ros2_ws/install/hwpub/include/hwpub/hwpub
[4.488s] -- Up-to-date: /home/osboxes/ros2_ws/install/hwpub/include/hwpub/hwpub/msg
[4.488s] -- Up-to-date: /home/osboxes/ros2_ws/install/hwpub/include/hwpub/hwpub/msg/detail
[4.488s] -- Up-to-date: /home/osboxes/ros2_ws/install/hwpub/include/hwpub/hwpub/msg/detail/hwmsg__type_support.cpp
[4.488s] -- Up-to-date: /home/osboxes/ros2_ws/install/hwpub/include/hwpub/hwpub/msg/detail/hwmsg__rosidl_typesupport_introspection_cpp.hpp
[4.489s] -- Up-to-date: /home/osboxes/ros2_ws/install/hwpub/include/hwpub/hwpub/srv
[4.489s] -- Up-to-date: /home/osboxes/ros2_ws/install/hwpub/include/hwpub/hwpub/srv/detail
[4.489s] -- Up-to-date: /home/osboxes/ros2_ws/install/hwpub/include/hwpub/hwpub/srv/detail/customserv__type_support.cpp
[4.489s] -- Up-to-date: /home/osboxes/ros2_ws/install/hwpub/include/hwpub/hwpub/srv/detail/customserv__rosidl_typesupport_introspection_cpp.hpp
[4.490s] -- Up-to-date: /home/osboxes/ros2_ws/install/hwpub/lib/libhwpub__rosidl_typesupport_introspection_cpp.so
[4.490s] -- Up-to-date: /home/osboxes/ros2_ws/install/hwpub/lib/libhwpub__rosidl_typesupport_cpp.so
[4.490s] -- Up-to-date: /home/osboxes/ros2_ws/install/hwpub/share/hwpub/environment/pythonpath.sh
[4.490s] -- Up-to-date: /home/osboxes/ros2_ws/install/hwpub/share/hwpub/environment/pythonpath.dsv
[4.490s] -- Up-to-date: /home/osboxes/ros2_ws/install/hwpub/local/lib/python3.10/dist-packages/hwpub-0.0.1-py3.10.egg-info
[4.491s] -- Installing: /home/osboxes/ros2_ws/install/hwpub/local/lib/python3.10/dist-packages/hwpub-0.0.1-py3.10.egg-info/SOURCES.txt
[4.491s] -- Installing: /home/osboxes/ros2_ws/install/hwpub/local/lib/python3.10/dist-packages/hwpub-0.0.1-py3.10.egg-info/PKG-INFO
[4.491s] -- Installing: /home/osboxes/ros2_ws/install/hwpub/local/lib/python3.10/dist-packages/hwpub-0.0.1-py3.10.egg-info/dependency_links.txt
[4.492s] -- Installing: /home/osboxes/ros2_ws/install/hwpub/local/lib/python3.10/dist-packages/hwpub-0.0.1-py3.10.egg-info/top_level.txt
[4.492s] -- Up-to-date: /home/osboxes/ros2_ws/install/hwpub/local/lib/python3.10/dist-packages/hwpub
[4.492s] -- Up-to-date: /home/osboxes/ros2_ws/install/hwpub/local/lib/python3.10/dist-packages/hwpub/_hwpub_s.ep.rosidl_typesupport_fastrtps_c.c
[4.492s] -- Up-to-date: /home/osboxes/ros2_ws/install/hwpub/local/lib/python3.10/dist-packages/hwpub/_hwpub_s.ep.rosidl_typesupport_introspection_c.c
[4.492s] -- Up-to-date: /home/osboxes/ros2_ws/install/hwpub/local/lib/python3.10/dist-packages/hwpub/_hwpub_s.ep.rosidl_typesupport_c.c
[4.492s] -- Up-to-date: /home/osboxes/ros2_ws/install/hwpub/local/lib/python3.10/dist-packages/hwpub/msg
[4.492s] -- Up-to-date: /home/osboxes/ros2_ws/install/hwpub/local/lib/python3.10/dist-packages/hwpub/msg/_hwmsg_s.c
[4.492s] -- Up-to-date: /home/osboxes/ros2_ws/install/hwpub/local/lib/python3.10/dist-packages/hwpub/msg/_hwmsg.py
[4.492s] -- Up-to-date: /home/osboxes/ros2_ws/install/hwpub/local/lib/python3.10/dist-packages/hwpub/msg/__init__.py
[4.492s] -- Up-to-date: /home/osboxes/ros2_ws/install/hwpub/local/lib/python3.10/dist-packages/hwpub/hwpub_s__rosidl_typesupport_introspection_c.cpython-310-x86_64-linux-gnu.so
[4.492s] -- Up-to-date: /home/osboxes/ros2_ws/install/hwpub/local/lib/python3.10/dist-packages/hwpub/libhwpub__rosidl_generator_py.so
[4.492s] -- Up-to-date: /home/osboxes/ros2_ws/install/hwpub/local/lib/python3.10/dist-packages/hwpub/hwpub_s__rosidl_typesupport_fastrtps_c.cpython-310-x86_64-linux-gnu.so
[4.493s] -- Up-to-date: /home/osboxes/ros2_ws/install/hwpub/local/lib/python3.10/dist-packages/hwpub/hwpub_s__rosidl_typesupport_c.cpython-310-x86_64-linux-gnu.so
[4.494s] -- Up-to-date: /home/osboxes/ros2_ws/install/hwpub/local/lib/python3.10/dist-packages/hwpub/__init__.py
[4.494s] -- Up-to-date: /home/osboxes/ros2_ws/install/hwpub/local/lib/python3.10/dist-packages/hwpub/srv
[4.494s] -- Up-to-date: /home/osboxes/ros2_ws/install/hwpub/local/lib/python3.10/dist-packages/hwpub/srv/_customserv.py
[4.495s] -- Up-to-date: /home/osboxes/ros2_ws/install/hwpub/local/lib/python3.10/dist-packages/hwpub/srv/_customserv_s.c
[4.495s] -- Up-to-date: /home/osboxes/ros2_ws/install/hwpub/local/lib/python3.10/dist-packages/hwpub/srv/__init__.py
[4.640s] Listing '/home/osboxes/ros2_ws/install/hwpub/local/lib/python3.10/dist-packages/hwpub'...
[4.640s] Listing '/home/osboxes/ros2_ws/install/hwpub/local/lib/python3.10/dist-packages/hwpub/msg'...
[4.641s] Listing '/home/osboxes/ros2_ws/install/hwpub/local/lib/python3.10/dist-packages/hwpub/srv'...
[4.662s] -- Up-to-date: /home/osboxes/ros2_ws/install/hwpub/local/lib/python3.10/dist-packages/hwpub/hwpub_s__rosidl_typesupport_fastrtps_c.cpython-310-x86_64-linux-gnu.so
[4.667s] -- Up-to-date: /home/osboxes/ros2_ws/install/hwpub/local/lib/python3.10/dist-packages/hwpub/hwpub_s__rosidl_typesupport_introspection_c.cpython-310-x86_64-linux-gnu.so
[4.667s] -- Up-to-date: /home/osboxes/ros2_ws/install/hwpub/local/lib/python3.10/dist-packages/hwpub/hwpub_s__rosidl_typesupport_c.cpython-310-x86_64-linux-gnu.so
[4.672s] -- Up-to-date: /home/osboxes/ros2_ws/install/hwpub/lib/libhwpub__rosidl_generator_py.so
[4.673s] -- Up-to-date: /home/osboxes/ros2_ws/install/hwpub/share/hwpub/msg/Hwmsg.idl
[4.674s] -- Up-to-date: /home/osboxes/ros2_ws/install/hwpub/share/hwpub/srv/Customserv.idl
[4.675s] -- Up-to-date: /home/osboxes/ros2_ws/install/hwpub/share/hwpub/msg/Hwmsg.msg
[4.678s] -- Up-to-date: /home/osboxes/ros2_ws/install/hwpub/share/hwpub/srv/Customserv.srv
[4.678s] -- Up-to-date: /home/osboxes/ros2_ws/install/hwpub/share/hwpub/srv/Customserv_Request.msg
[4.678s] -- Up-to-date: /home/osboxes/ros2_ws/install/hwpub/share/hwpub/srv/Customserv_Response.msg
[4.678s] -- Up-to-date: /home/osboxes/ros2_ws/install/hwpub/lib/hwpub/py_move_trajectory.py
[4.678s] -- Up-to-date: /home/osboxes/ros2_ws/install/hwpub/share/ament_index/resource_index/package_run_dependencies/hwpub
[4.678s] -- Up-to-date: /home/osboxes/ros2_ws/install/hwpub/share/ament_index/resource_index/parent_prefix_path/hwpub
[4.679s] -- Up-to-date: /home/osboxes/ros2_ws/install/hwpub/share/hwpub/environment/ament_prefix_path.sh
[4.679s] -- Up-to-date: /home/osboxes/ros2_ws/install/hwpub/share/hwpub/environment/ament_prefix_path.dsv
[4.679s] -- Up-to-date: /home/osboxes/ros2_ws/install/hwpub/share/hwpub/environment/path.sh
[4.679s] -- Up-to-date: /home/osboxes/ros2_ws/install/hwpub/share/hwpub/environment/path.dsv
[4.680s] -- Up-to-date: /home/osboxes/ros2_ws/install/hwpub/share/hwpub/local_setup.bash
[4.681s] -- Up-to-date: /home/osboxes/ros2_ws/install/hwpub/share/hwpub/local_setup.sh
[4.681s] -- Up-to-date: /home/osboxes/ros2_ws/install/hwpub/share/hwpub/local_setup.zsh
[4.681s] -- Up-to-date: /home/osboxes/ros2_ws/install/hwpub/share/hwpub/local_setup.dsv
[4.682s] -- Installing: /home/osboxes/ros2_ws/install/hwpub/share/hwpub/package.dsv
[4.683s] -- Up-to-date: /home/osboxes/ros2_ws/install/hwpub/share/ament_index/resource_index/packages/hwpub
[4.684s] -- Up-to-date: /home/osboxes/ros2_ws/install/hwpub/share/hwpub/cmake/export_hwpub__rosidl_generator_cExport.cmake
[4.685s] -- Up-to-date: /home/osboxes/ros2_ws/install/hwpub/share/hwpub/cmake/export_hwpub__rosidl_generator_cExport-noconfig.cmake
[4.686s] -- Up-to-date: /home/osboxes/ros2_ws/install/hwpub/share/hwpub/cmake/export_hwpub__rosidl_typesupport_fastrtps_cExport.cmake
[4.688s] -- Up-to-date: /home/osboxes/ros2_ws/install/hwpub/share/hwpub/cmake/export_hwpub__rosidl_typesupport_fastrtps_cExport-noconfig.cmake
[4.690s] -- Up-to-date: /home/osboxes/ros2_ws/install/hwpub/share/hwpub/cmake/export_hwpub__rosidl_generator_cppExport.cmake
[4.691s] -- Up-to-date: /home/osboxes/ros2_ws/install/hwpub/share/hwpub/cmake/export_hwpub__rosidl_typesupport_fastrtps_cppExport.cmake
[4.691s] -- Up-to-date: /home/osboxes/ros2_ws/install/hwpub/share/hwpub/cmake/export_hwpub__rosidl_typesupport_fastrtps_cppExport-noconfig.cmake
[4.692s] -- Up-to-date: /home/osboxes/ros2_ws/install/hwpub/share/hwpub/cmake/hwpub__rosidl_typesupport_introspection_cExport.cmake
[4.692s] -- Up-to-date: /home/osboxes/ros2_ws/install/hwpub/share/hwpub/cmake/hwpub__rosidl_typesupport_introspection_cExport-noconfig.cmake
[4.693s] -- Up-to-date: /home/osboxes/ros2_ws/install/hwpub/share/hwpub/cmake/hwpub__rosidl_typesupport_cExport.cmake
[4.695s] -- Up-to-date: /home/osboxes/ros2_ws/install/hwpub/share/hwpub/cmake/hwpub__rosidl_typesupport_cExport-noconfig.cmake
[4.695s] -- Up-to-date: /home/osboxes/ros2_ws/install/hwpub/share/hwpub/cmake/hwpub__rosidl_typesupport_introspection_cppExport.cmake
[4.698s] -- Up-to-date: /home/osboxes/ros2_ws/install/hwpub/share/hwpub/cmake/hwpub__rosidl_typesupport_introspection_cppExport-noconfig.cmake
[4.699s] -- Up-to-date: /home/osboxes/ros2_ws/install/hwpub/share/hwpub/cmake/hwpub__rosidl_typesupport_cppExport.cmake
[4.699s] -- Up-to-date: /home/osboxes/ros2_ws/install/hwpub/share/hwpub/cmake/hwpub__rosidl_typesupport_cppExport-noconfig.cmake
[4.699s] -- Up-to-date: /home/osboxes/ros2_ws/install/hwpub/share/hwpub/cmake/export_hwpub__rosidl_generator_pyExport.cmake
[4.700s] -- Up-to-date: /home/osboxes/ros2_ws/install/hwpub/share/hwpub/cmake/export_hwpub__rosidl_generator_pyExport-noconfig.cmake
[4.701s] -- Up-to-date: /home/osboxes/ros2_ws/install/hwpub/share/hwpub/cmake/rosidl_cmake-extras.cmake
[4.701s] -- Up-to-date: /home/osboxes/ros2_ws/install/hwpub/share/hwpub/cmake/ament_cmake_export_dependencies-extras.cmake
[4.701s] -- Up-to-date: /home/osboxes/ros2_ws/install/hwpub/share/hwpub/cmake/ament_cmake_export_include_directories-extras.cmake
[4.702s] -- Up-to-date: /home/osboxes/ros2_ws/install/hwpub/share/hwpub/cmake/ament_cmake_export_libraries-extras.cmake
[4.706s] -- Up-to-date: /home/osboxes/ros2_ws/install/hwpub/share/hwpub/cmake/ament_cmake_export_targets-extras.cmake
[4.706s] -- Up-to-date: /home/osboxes/ros2_ws/install/hwpub/share/hwpub/cmake/rosidl_cmake_export_typesupport_targets-extras.cmake
[4.706s] -- Up-to-date: /home/osboxes/ros2_ws/install/hwpub/share/hwpub/cmake/rosidl_cmake_export_typesupport_libraries-extras.cmake
[4.707s] -- Up-to-date: /home/osboxes/ros2_ws/install/hwpub/share/hwpub/cmake/hwpubConfig.cmake
[4.707s] -- Up-to-date: /home/osboxes/ros2_ws/install/hwpub/share/hwpub/cmake/hwpubConfig-version.cmake
[4.708s] -- Up-to-date: /home/osboxes/ros2_ws/install/hwpub/share/hwpub/package.xml
[4.710s] Invoked command in '/home/osboxes/ros2_ws/build/hwpub' returned '0': CMAKE_PREFIX_PATH=/opt/ros/humble /usr/bin/cmake --install /home/osboxes/ros2_ws/build/hwpub
