[0.300s] Invoking command in '/home/tau/colcon_ws/build/dis_tutorial5': CMAKE_PREFIX_PATH=${CMAKE_PREFIX_PATH}:/home/tau/colcon_ws/install/dis_tutorial2:/opt/ros/humble /usr/bin/cmake /home/tau/colcon_ws/src/dis_tutorial5 -DCMAKE_INSTALL_PREFIX=/home/tau/colcon_ws/install/dis_tutorial5
[0.362s] -- The C compiler identification is GNU 11.4.0
[0.447s] -- The CXX compiler identification is GNU 11.4.0
[0.455s] -- Detecting C compiler ABI info
[0.542s] -- Detecting C compiler ABI info - done
[0.550s] -- Check for working C compiler: /usr/bin/cc - skipped
[0.552s] -- Detecting C compile features
[0.552s] -- Detecting C compile features - done
[0.554s] -- Detecting CXX compiler ABI info
[0.632s] -- Detecting CXX compiler ABI info - done
[0.639s] -- Check for working CXX compiler: /usr/bin/c++ - skipped
[0.640s] -- Detecting CXX compile features
[0.640s] -- Detecting CXX compile features - done
[0.644s] -- Found ament_cmake: 1.3.11 (/opt/ros/humble/share/ament_cmake/cmake)
[0.803s] -- Found Python3: /usr/bin/python3 (found version "3.10.12") found components: Interpreter 
[0.899s] -- Found rclcpp: 16.0.11 (/opt/ros/humble/share/rclcpp/cmake)
[0.941s] -- Found rosidl_generator_c: 3.1.6 (/opt/ros/humble/share/rosidl_generator_c/cmake)
[0.947s] -- Found rosidl_adapter: 3.1.6 (/opt/ros/humble/share/rosidl_adapter/cmake)
[0.955s] -- Found rosidl_generator_cpp: 3.1.6 (/opt/ros/humble/share/rosidl_generator_cpp/cmake)
[0.966s] -- Using all available rosidl_typesupport_c: rosidl_typesupport_fastrtps_c;rosidl_typesupport_introspection_c
[0.982s] -- Using all available rosidl_typesupport_cpp: rosidl_typesupport_fastrtps_cpp;rosidl_typesupport_introspection_cpp
[1.025s] -- Found rmw_implementation_cmake: 6.1.2 (/opt/ros/humble/share/rmw_implementation_cmake/cmake)
[1.027s] -- Found rmw_fastrtps_cpp: 6.2.7 (/opt/ros/humble/share/rmw_fastrtps_cpp/cmake)
[1.095s] -- Found OpenSSL: /usr/lib/x86_64-linux-gnu/libcrypto.so (found version "3.0.2")  
[1.119s] -- Found FastRTPS: /opt/ros/humble/include  
[1.158s] -- Using RMW implementation 'rmw_fastrtps_cpp' as default
[1.166s] -- Looking for pthread.h
[1.224s] -- Looking for pthread.h - found
[1.224s] -- Performing Test CMAKE_HAVE_LIBC_PTHREAD
[1.282s] -- Performing Test CMAKE_HAVE_LIBC_PTHREAD - Success
[1.283s] -- Found Threads: TRUE  
[1.328s] -- Found rclpy: 3.3.15 (/opt/ros/humble/share/rclpy/cmake)
[1.330s] -- Found geometry_msgs: 4.2.4 (/opt/ros/humble/share/geometry_msgs/cmake)
[1.342s] -- Found visualization_msgs: 4.2.4 (/opt/ros/humble/share/visualization_msgs/cmake)
[1.379s] -- Found tf2: 0.25.12 (/opt/ros/humble/share/tf2/cmake)
[1.389s] -- Found tf2_geometry_msgs: 0.25.12 (/opt/ros/humble/share/tf2_geometry_msgs/cmake)
[1.404s] -- Found eigen3_cmake_module: 0.1.1 (/opt/ros/humble/share/eigen3_cmake_module/cmake)
[1.404s] -- Found Eigen3: TRUE (found version "3.4.0") 
[1.405s] -- Ensuring Eigen3 include directory is part of orocos-kdl CMake target
[1.488s] -- Found pcl_conversions: 2.4.5 (/opt/ros/humble/share/pcl_conversions/cmake)
[1.519s] -- Checking for module 'eigen3'
[1.528s] --   Found eigen3, version 3.4.0
[1.553s] -- Found Eigen: /usr/include/eigen3 (Required is at least version "3.1") 
[1.553s] -- Eigen found (include: /usr/include/eigen3, version: 3.4.0)
[1.584s] -- Checking for module 'flann'
[1.593s] --   Found flann, version 1.9.1
[1.624s] -- Found FLANN: /usr/lib/x86_64-linux-gnu/libflann_cpp.so  
[1.624s] -- FLANN found (include: /usr/include, lib: /usr/lib/x86_64-linux-gnu/libflann_cpp.so)
[2.378s] -- Checking for module 'libusb-1.0'
[2.389s] --   Found libusb-1.0, version 1.0.25
[2.415s] -- Found libusb: /usr/lib/x86_64-linux-gnu/libusb-1.0.so  
[2.416s] -- OpenNI found (version: 1.5.4.0, include: /usr/include/ni, lib: /usr/lib/libOpenNI.so;libusb::libusb)
[2.459s] -- OpenNI2 found (version: 2.2.0.33, include: /usr/include/openni2, lib: /usr/lib/x86_64-linux-gnu/libOpenNI2.so;libusb::libusb)
[2.594s] -- Eigen found (include: /usr/include/eigen3, version: 3.4.0)
[2.601s] -- OpenNI found (version: 1.5.4.0, include: /usr/include/ni, lib: /usr/lib/libOpenNI.so;libusb::libusb)
[2.606s] -- OpenNI2 found (version: 2.2.0.33, include: /usr/include/openni2, lib: /usr/lib/x86_64-linux-gnu/libOpenNI2.so;libusb::libusb)
[2.730s] -- Found Qhull version 8.0.2
[2.870s] -- OpenNI found (version: 1.5.4.0, include: /usr/include/ni, lib: /usr/lib/libOpenNI.so;libusb::libusb)
[2.990s] -- Found PCL_COMMON: /usr/lib/x86_64-linux-gnu/libpcl_common.so  
[2.991s] -- Found PCL_KDTREE: /usr/lib/x86_64-linux-gnu/libpcl_kdtree.so  
[2.992s] -- Found PCL_OCTREE: /usr/lib/x86_64-linux-gnu/libpcl_octree.so  
[2.993s] -- Found PCL_SEARCH: /usr/lib/x86_64-linux-gnu/libpcl_search.so  
[2.993s] -- Found PCL_SAMPLE_CONSENSUS: /usr/lib/x86_64-linux-gnu/libpcl_sample_consensus.so  
[2.994s] -- Found PCL_FILTERS: /usr/lib/x86_64-linux-gnu/libpcl_filters.so  
[2.995s] -- Found PCL_2D: /usr/include/pcl-1.12  
[2.995s] -- Found PCL_GEOMETRY: /usr/include/pcl-1.12  
[2.996s] -- Found PCL_IO: /usr/lib/x86_64-linux-gnu/libpcl_io.so  
[2.997s] -- Found PCL_FEATURES: /usr/lib/x86_64-linux-gnu/libpcl_features.so  
[2.997s] -- Found PCL_ML: /usr/lib/x86_64-linux-gnu/libpcl_ml.so  
[2.998s] -- Found PCL_SEGMENTATION: /usr/lib/x86_64-linux-gnu/libpcl_segmentation.so  
[2.999s] -- Found PCL_VISUALIZATION: /usr/lib/x86_64-linux-gnu/libpcl_visualization.so  
[3.000s] -- Found PCL_SURFACE: /usr/lib/x86_64-linux-gnu/libpcl_surface.so  
[3.001s] -- Found PCL_REGISTRATION: /usr/lib/x86_64-linux-gnu/libpcl_registration.so  
[3.002s] -- Found PCL_KEYPOINTS: /usr/lib/x86_64-linux-gnu/libpcl_keypoints.so  
[3.003s] -- Found PCL_TRACKING: /usr/lib/x86_64-linux-gnu/libpcl_tracking.so  
[3.004s] -- Found PCL_RECOGNITION: /usr/lib/x86_64-linux-gnu/libpcl_recognition.so  
[3.005s] -- Found PCL_STEREO: /usr/lib/x86_64-linux-gnu/libpcl_stereo.so  
[3.005s] -- Found PCL_APPS: /usr/lib/x86_64-linux-gnu/libpcl_apps.so  
[3.006s] -- Found PCL_IN_HAND_SCANNER: /usr/include/pcl-1.12  
[3.006s] -- Found PCL_MODELER: /usr/include/pcl-1.12  
[3.007s] -- Found PCL_POINT_CLOUD_EDITOR: /usr/include/pcl-1.12  
[3.008s] -- Found PCL_OUTOFCORE: /usr/lib/x86_64-linux-gnu/libpcl_outofcore.so  
[3.009s] -- Found PCL_PEOPLE: /usr/lib/x86_64-linux-gnu/libpcl_people.so  
[3.010s] [33mCMake Warning (dev) at CMakeLists.txt:27 (find_package):
[3.010s]   Policy CMP0074 is not set: find_package uses <PackageName>_ROOT variables.
[3.010s]   Run "cmake --help-policy CMP0074" for policy details.  Use the cmake_policy
[3.010s]   command to set the policy and suppress this warning.
[3.010s] 
[3.011s]   CMake variable PCL_ROOT is set to:
[3.011s] 
[3.011s]     /usr
[3.011s] 
[3.011s]   For compatibility, CMake is ignoring the variable.
[3.011s] This warning is for project developers.  Use -Wno-dev to suppress it.
[3.011s] [0m
[3.100s] -- Configuring done
[3.157s] -- Generating done
[3.179s] -- Build files have been written to: /home/tau/colcon_ws/build/dis_tutorial5
[3.198s] Invoked command in '/home/tau/colcon_ws/build/dis_tutorial5' returned '0': CMAKE_PREFIX_PATH=${CMAKE_PREFIX_PATH}:/home/tau/colcon_ws/install/dis_tutorial2:/opt/ros/humble /usr/bin/cmake /home/tau/colcon_ws/src/dis_tutorial5 -DCMAKE_INSTALL_PREFIX=/home/tau/colcon_ws/install/dis_tutorial5
[3.200s] Invoking command in '/home/tau/colcon_ws/build/dis_tutorial5': CMAKE_PREFIX_PATH=${CMAKE_PREFIX_PATH}:/home/tau/colcon_ws/install/dis_tutorial2:/opt/ros/humble /usr/bin/cmake --build /home/tau/colcon_ws/build/dis_tutorial5 -- -j16 -l16
[3.248s] [ 50%] [32mBuilding CXX object CMakeFiles/cylinder_segmentation.dir/src/cylinder_segmentation.cpp.o[0m
[3.248s] [ 50%] [32mBuilding CXX object CMakeFiles/planes.dir/src/planes.cpp.o[0m
[3.248s] [ 50%] [32mBuilding CXX object CMakeFiles/pcl_forwarder.dir/src/forwarder.cpp.o[0m
[15.288s] [ 66%] [32m[1mLinking CXX executable pcl_forwarder[0m
[16.087s] [ 66%] Built target pcl_forwarder
[16.271s] [ 83%] [32m[1mLinking CXX executable planes[0m
[17.812s] [ 83%] Built target planes
[19.181s] [100%] [32m[1mLinking CXX executable cylinder_segmentation[0m
[22.186s] [100%] Built target cylinder_segmentation
[22.198s] Invoked command in '/home/tau/colcon_ws/build/dis_tutorial5' returned '0': CMAKE_PREFIX_PATH=${CMAKE_PREFIX_PATH}:/home/tau/colcon_ws/install/dis_tutorial2:/opt/ros/humble /usr/bin/cmake --build /home/tau/colcon_ws/build/dis_tutorial5 -- -j16 -l16
[22.199s] Invoking command in '/home/tau/colcon_ws/build/dis_tutorial5': CMAKE_PREFIX_PATH=${CMAKE_PREFIX_PATH}:/home/tau/colcon_ws/install/dis_tutorial2:/opt/ros/humble /usr/bin/cmake --install /home/tau/colcon_ws/build/dis_tutorial5
[22.204s] -- Install configuration: ""
[22.205s] -- Installing: /home/tau/colcon_ws/install/dis_tutorial5/lib/dis_tutorial5/pcl_forwarder
[22.207s] -- Set runtime path of "/home/tau/colcon_ws/install/dis_tutorial5/lib/dis_tutorial5/pcl_forwarder" to ""
[22.207s] -- Installing: /home/tau/colcon_ws/install/dis_tutorial5/lib/dis_tutorial5/planes
[22.208s] -- Set runtime path of "/home/tau/colcon_ws/install/dis_tutorial5/lib/dis_tutorial5/planes" to ""
[22.208s] -- Installing: /home/tau/colcon_ws/install/dis_tutorial5/lib/dis_tutorial5/cylinder_segmentation
[22.212s] -- Set runtime path of "/home/tau/colcon_ws/install/dis_tutorial5/lib/dis_tutorial5/cylinder_segmentation" to ""
[22.212s] -- Installing: /home/tau/colcon_ws/install/dis_tutorial5/lib/dis_tutorial5/detect_rings.py
[22.212s] -- Installing: /home/tau/colcon_ws/install/dis_tutorial5/share/ament_index/resource_index/package_run_dependencies/dis_tutorial5
[22.212s] -- Installing: /home/tau/colcon_ws/install/dis_tutorial5/share/ament_index/resource_index/parent_prefix_path/dis_tutorial5
[22.212s] -- Installing: /home/tau/colcon_ws/install/dis_tutorial5/share/dis_tutorial5/environment/ament_prefix_path.sh
[22.213s] -- Installing: /home/tau/colcon_ws/install/dis_tutorial5/share/dis_tutorial5/environment/ament_prefix_path.dsv
[22.213s] -- Installing: /home/tau/colcon_ws/install/dis_tutorial5/share/dis_tutorial5/environment/path.sh
[22.213s] -- Installing: /home/tau/colcon_ws/install/dis_tutorial5/share/dis_tutorial5/environment/path.dsv
[22.213s] -- Installing: /home/tau/colcon_ws/install/dis_tutorial5/share/dis_tutorial5/local_setup.bash
[22.213s] -- Installing: /home/tau/colcon_ws/install/dis_tutorial5/share/dis_tutorial5/local_setup.sh
[22.213s] -- Installing: /home/tau/colcon_ws/install/dis_tutorial5/share/dis_tutorial5/local_setup.zsh
[22.213s] -- Installing: /home/tau/colcon_ws/install/dis_tutorial5/share/dis_tutorial5/local_setup.dsv
[22.213s] -- Installing: /home/tau/colcon_ws/install/dis_tutorial5/share/dis_tutorial5/package.dsv
[22.213s] -- Installing: /home/tau/colcon_ws/install/dis_tutorial5/share/ament_index/resource_index/packages/dis_tutorial5
[22.213s] -- Installing: /home/tau/colcon_ws/install/dis_tutorial5/share/dis_tutorial5/cmake/dis_tutorial5Config.cmake
[22.213s] -- Installing: /home/tau/colcon_ws/install/dis_tutorial5/share/dis_tutorial5/cmake/dis_tutorial5Config-version.cmake
[22.213s] -- Installing: /home/tau/colcon_ws/install/dis_tutorial5/share/dis_tutorial5/package.xml
[22.218s] Invoked command in '/home/tau/colcon_ws/build/dis_tutorial5' returned '0': CMAKE_PREFIX_PATH=${CMAKE_PREFIX_PATH}:/home/tau/colcon_ws/install/dis_tutorial2:/opt/ros/humble /usr/bin/cmake --install /home/tau/colcon_ws/build/dis_tutorial5
