[0.643s] Invoking command in '/home/osboxes/ros2_ws/build/dis_tutorial4': CMAKE_PREFIX_PATH=/opt/ros/humble /usr/bin/cmake /home/osboxes/ros2_ws/src/dis_tutorial4 -DCMAKE_INSTALL_PREFIX=/home/osboxes/ros2_ws/install/dis_tutorial4
[0.807s] -- The C compiler identification is GNU 11.4.0
[0.995s] -- The CXX compiler identification is GNU 11.4.0
[1.022s] -- Detecting C compiler ABI info
[1.227s] -- Detecting C compiler ABI info - done
[1.241s] -- Check for working C compiler: /usr/bin/cc - skipped
[1.241s] -- Detecting C compile features
[1.242s] -- Detecting C compile features - done
[1.251s] -- Detecting CXX compiler ABI info
[1.500s] -- Detecting CXX compiler ABI info - done
[1.520s] -- Check for working CXX compiler: /usr/bin/c++ - skipped
[1.523s] -- Detecting CXX compile features
[1.529s] -- Detecting CXX compile features - done
[1.530s] -- Found ament_cmake: 1.3.11 (/opt/ros/humble/share/ament_cmake/cmake)
[1.953s] -- Found Python3: /usr/bin/python3 (found version "3.10.12") found components: Interpreter 
[2.268s] -- Found rclcpp: 16.0.11 (/opt/ros/humble/share/rclcpp/cmake)
[2.460s] -- Found rosidl_generator_c: 3.1.6 (/opt/ros/humble/share/rosidl_generator_c/cmake)
[2.476s] -- Found rosidl_adapter: 3.1.6 (/opt/ros/humble/share/rosidl_adapter/cmake)
[2.518s] -- Found rosidl_generator_cpp: 3.1.6 (/opt/ros/humble/share/rosidl_generator_cpp/cmake)
[2.567s] -- Using all available rosidl_typesupport_c: rosidl_typesupport_fastrtps_c;rosidl_typesupport_introspection_c
[2.620s] -- Using all available rosidl_typesupport_cpp: rosidl_typesupport_fastrtps_cpp;rosidl_typesupport_introspection_cpp
[2.804s] -- Found rmw_implementation_cmake: 6.1.2 (/opt/ros/humble/share/rmw_implementation_cmake/cmake)
[2.819s] -- Found rmw_fastrtps_cpp: 6.2.7 (/opt/ros/humble/share/rmw_fastrtps_cpp/cmake)
[3.163s] -- Found OpenSSL: /usr/lib/x86_64-linux-gnu/libcrypto.so (found version "3.0.2")  
[3.234s] -- Found FastRTPS: /opt/ros/humble/include  
[3.306s] -- Using RMW implementation 'rmw_fastrtps_cpp' as default
[3.320s] -- Looking for pthread.h
[3.531s] -- Looking for pthread.h - found
[3.532s] -- Performing Test CMAKE_HAVE_LIBC_PTHREAD
[3.792s] -- Performing Test CMAKE_HAVE_LIBC_PTHREAD - Success
[3.795s] -- Found Threads: TRUE  
[3.936s] -- Found rclpy: 3.3.15 (/opt/ros/humble/share/rclpy/cmake)
[3.936s] -- Found std_srvs: 4.2.4 (/opt/ros/humble/share/std_srvs/cmake)
[3.953s] -- Found action_msgs: 1.2.1 (/opt/ros/humble/share/action_msgs/cmake)
[4.128s] -- Configuring incomplete, errors occurred!
[4.128s] See also "/home/osboxes/ros2_ws/build/dis_tutorial4/CMakeFiles/CMakeOutput.log".
[4.128s] [31mCMake Error at CMakeLists.txt:21 (find_package):
[4.128s]   By not providing "Findnav2_msgs.cmake" in CMAKE_MODULE_PATH this project
[4.128s]   has asked CMake to find a package configuration file provided by
[4.128s]   "nav2_msgs", but CMake did not find one.
[4.128s] 
[4.128s]   Could not find a package configuration file provided by "nav2_msgs" with
[4.128s]   any of the following names:
[4.128s] 
[4.128s]     nav2_msgsConfig.cmake
[4.129s]     nav2_msgs-config.cmake
[4.129s] 
[4.129s]   Add the installation prefix of "nav2_msgs" to CMAKE_PREFIX_PATH or set
[4.129s]   "nav2_msgs_DIR" to a directory containing one of the above files.  If
[4.129s]   "nav2_msgs" provides a separate development package or SDK, be sure it has
[4.129s]   been installed.
[4.129s] 
[4.129s] [0m
[4.148s] Invoked command in '/home/osboxes/ros2_ws/build/dis_tutorial4' returned '1': CMAKE_PREFIX_PATH=/opt/ros/humble /usr/bin/cmake /home/osboxes/ros2_ws/src/dis_tutorial4 -DCMAKE_INSTALL_PREFIX=/home/osboxes/ros2_ws/install/dis_tutorial4
