[0.022s] Invoking command in '/home/ilija/ros2_ws/src/RINS/build/hwpub': CMAKE_PREFIX_PATH=/opt/ros/humble /usr/bin/cmake /home/ilija/ros2_ws/src/RINS/src/hwpub -DAMENT_CMAKE_SYMLINK_INSTALL=1 -DCMAKE_INSTALL_PREFIX=/home/ilija/ros2_ws/src/RINS/install/hwpub
[0.148s] -- The C compiler identification is GNU 11.4.0
[0.270s] -- The CXX compiler identification is GNU 11.4.0
[0.286s] -- Detecting C compiler ABI info
[0.439s] -- Detecting C compiler ABI info - done
[0.455s] -- Check for working C compiler: /usr/bin/cc - skipped
[0.457s] -- Detecting C compile features
[0.458s] -- Detecting C compile features - done
[0.464s] -- Detecting CXX compiler ABI info
[0.648s] -- Detecting CXX compiler ABI info - done
[0.658s] -- Check for working CXX compiler: /usr/bin/c++ - skipped
[0.659s] -- Detecting CXX compile features
[0.659s] -- Detecting CXX compile features - done
[0.668s] -- Found ament_cmake: 1.3.11 (/opt/ros/humble/share/ament_cmake/cmake)
[0.946s] -- Found Python3: /usr/bin/python3 (found version "3.10.12") found components: Interpreter 
[1.062s] -- Override CMake install command with custom implementation using symlinks instead of copying resources
[1.105s] -- Found rclcpp: 16.0.11 (/opt/ros/humble/share/rclcpp/cmake)
[1.150s] -- Found rosidl_generator_c: 3.1.6 (/opt/ros/humble/share/rosidl_generator_c/cmake)
[1.156s] -- Found rosidl_adapter: 3.1.6 (/opt/ros/humble/share/rosidl_adapter/cmake)
[1.167s] -- Found rosidl_generator_cpp: 3.1.6 (/opt/ros/humble/share/rosidl_generator_cpp/cmake)
[1.187s] -- Using all available rosidl_typesupport_c: rosidl_typesupport_fastrtps_c;rosidl_typesupport_introspection_c
[1.218s] -- Using all available rosidl_typesupport_cpp: rosidl_typesupport_fastrtps_cpp;rosidl_typesupport_introspection_cpp
[1.303s] -- Found rmw_implementation_cmake: 6.1.2 (/opt/ros/humble/share/rmw_implementation_cmake/cmake)
[1.305s] -- Found rmw_fastrtps_cpp: 6.2.7 (/opt/ros/humble/share/rmw_fastrtps_cpp/cmake)
[1.514s] -- Found OpenSSL: /usr/lib/x86_64-linux-gnu/libcrypto.so (found version "3.0.2")  
[1.563s] -- Found FastRTPS: /opt/ros/humble/include  
[1.641s] -- Using RMW implementation 'rmw_fastrtps_cpp' as default
[1.654s] -- Looking for pthread.h
[1.823s] -- Looking for pthread.h - found
[1.824s] -- Performing Test CMAKE_HAVE_LIBC_PTHREAD
[1.984s] -- Performing Test CMAKE_HAVE_LIBC_PTHREAD - Success
[1.987s] -- Found Threads: TRUE  
[2.075s] -- Found rclpy: 3.3.15 (/opt/ros/humble/share/rclpy/cmake)
[2.078s] -- Found std_srvs: 4.2.4 (/opt/ros/humble/share/std_srvs/cmake)
[2.101s] -- Found rosidl_default_generators: 1.2.0 (/opt/ros/humble/share/rosidl_default_generators/cmake)
[2.948s] -- Found ament_cmake_ros: 0.10.0 (/opt/ros/humble/share/ament_cmake_ros/cmake)
[4.036s] -- Using all available rosidl_typesupport_c: rosidl_typesupport_fastrtps_c;rosidl_typesupport_introspection_c
[4.478s] -- Using all available rosidl_typesupport_cpp: rosidl_typesupport_fastrtps_cpp;rosidl_typesupport_introspection_cpp
[4.564s] -- Found PythonInterp: /usr/bin/python3 (found suitable version "3.10.12", minimum required is "3.6") 
[4.569s] -- Found python_cmake_module: 0.10.0 (/opt/ros/humble/share/python_cmake_module/cmake)
[4.654s] -- Found PythonLibs: /usr/lib/x86_64-linux-gnu/libpython3.10.so (found suitable version "3.10.12", minimum required is "3.5") 
[4.655s] -- Using PYTHON_EXECUTABLE: /usr/bin/python3
[4.655s] -- Using PYTHON_INCLUDE_DIRS: /usr/include/python3.10
[4.655s] -- Using PYTHON_LIBRARIES: /usr/lib/x86_64-linux-gnu/libpython3.10.so
[4.740s] -- Found PythonExtra: .so  
[4.971s] -- Configuring done
[5.089s] -- Generating done
[5.139s] -- Build files have been written to: /home/ilija/ros2_ws/src/RINS/build/hwpub
[5.190s] Invoked command in '/home/ilija/ros2_ws/src/RINS/build/hwpub' returned '0': CMAKE_PREFIX_PATH=/opt/ros/humble /usr/bin/cmake /home/ilija/ros2_ws/src/RINS/src/hwpub -DAMENT_CMAKE_SYMLINK_INSTALL=1 -DCMAKE_INSTALL_PREFIX=/home/ilija/ros2_ws/src/RINS/install/hwpub
[5.191s] Invoking command in '/home/ilija/ros2_ws/src/RINS/build/hwpub': CMAKE_PREFIX_PATH=/opt/ros/humble /usr/bin/cmake --build /home/ilija/ros2_ws/src/RINS/build/hwpub -- -j2 -l2
[5.384s] [  2%] [34m[1mGenerating C code for ROS interfaces[0m
[5.492s] [  5%] [34m[1mGenerating C++ code for ROS interfaces[0m
[7.260s] [  7%] [32mBuilding C object CMakeFiles/hwpub__rosidl_generator_c.dir/rosidl_generator_c/hwpub/msg/detail/hwmsg__functions.c.o[0m
[7.474s] [  7%] Built target hwpub__cpp
[7.530s] [ 10%] [32mBuilding C object CMakeFiles/hwpub__rosidl_generator_c.dir/rosidl_generator_c/hwpub/srv/detail/customserv__functions.c.o[0m
[7.652s] [ 10%] Built target ament_cmake_python_symlink_hwpub
[7.684s] [ 12%] [34m[1mGenerating C++ type support dispatch for ROS interfaces[0m
[7.920s] [ 15%] [32m[1mLinking C shared library libhwpub__rosidl_generator_c.so[0m
[8.193s] [ 15%] Built target hwpub__rosidl_generator_c
[8.266s] [ 17%] [34m[1mGenerating C++ type support for eProsima Fast-RTPS[0m
[8.758s] [ 20%] [32mBuilding CXX object CMakeFiles/hwpub__rosidl_typesupport_cpp.dir/rosidl_typesupport_cpp/hwpub/msg/hwmsg__type_support.cpp.o[0m
[9.648s] [ 23%] [32mBuilding CXX object CMakeFiles/hwpub__rosidl_typesupport_fastrtps_cpp.dir/rosidl_typesupport_fastrtps_cpp/hwpub/msg/detail/dds_fastrtps/hwmsg__type_support.cpp.o[0m
[10.406s] [ 25%] [32mBuilding CXX object CMakeFiles/hwpub__rosidl_typesupport_cpp.dir/rosidl_typesupport_cpp/hwpub/srv/customserv__type_support.cpp.o[0m
[12.333s] [ 28%] [32m[1mLinking CXX shared library libhwpub__rosidl_typesupport_cpp.so[0m
[12.416s] [ 30%] [32mBuilding CXX object CMakeFiles/hwpub__rosidl_typesupport_fastrtps_cpp.dir/rosidl_typesupport_fastrtps_cpp/hwpub/srv/detail/dds_fastrtps/customserv__type_support.cpp.o[0m
[12.571s] [ 30%] Built target hwpub__rosidl_typesupport_cpp
[12.617s] [ 33%] [34m[1mGenerating C introspection for ROS interfaces[0m
[13.834s] [ 35%] [32mBuilding C object CMakeFiles/hwpub__rosidl_typesupport_introspection_c.dir/rosidl_typesupport_introspection_c/hwpub/msg/detail/hwmsg__type_support.c.o[0m
[13.964s] [ 38%] [32mBuilding C object CMakeFiles/hwpub__rosidl_typesupport_introspection_c.dir/rosidl_typesupport_introspection_c/hwpub/srv/detail/customserv__type_support.c.o[0m
[14.118s] [ 41%] [32m[1mLinking C shared library libhwpub__rosidl_typesupport_introspection_c.so[0m
[14.259s] [ 43%] [32m[1mLinking CXX shared library libhwpub__rosidl_typesupport_fastrtps_cpp.so[0m
[14.281s] [ 43%] Built target hwpub__rosidl_typesupport_introspection_c
[14.329s] [ 46%] [34m[1mGenerating C type support dispatch for ROS interfaces[0m
[14.688s] [ 46%] Built target hwpub__rosidl_typesupport_fastrtps_cpp
[14.767s] [ 48%] [34m[1mGenerating C++ introspection for ROS interfaces[0m
[15.502s] [ 51%] [32mBuilding CXX object CMakeFiles/hwpub__rosidl_typesupport_c.dir/rosidl_typesupport_c/hwpub/msg/hwmsg__type_support.cpp.o[0m
[15.820s] [ 53%] [32mBuilding CXX object CMakeFiles/hwpub__rosidl_typesupport_c.dir/rosidl_typesupport_c/hwpub/srv/customserv__type_support.cpp.o[0m
[15.996s] [ 56%] [32m[1mLinking CXX shared library libhwpub__rosidl_typesupport_c.so[0m
[16.045s] [ 58%] [32mBuilding CXX object CMakeFiles/hwpub__rosidl_typesupport_introspection_cpp.dir/rosidl_typesupport_introspection_cpp/hwpub/msg/detail/hwmsg__type_support.cpp.o[0m
[16.573s] [ 58%] Built target hwpub__rosidl_typesupport_c
[18.184s] running egg_info
[18.190s] creating hwpub.egg-info
[18.190s] writing hwpub.egg-info/PKG-INFO
[18.193s] writing dependency_links to hwpub.egg-info/dependency_links.txt
[18.193s] writing top-level names to hwpub.egg-info/top_level.txt
[18.199s] writing manifest file 'hwpub.egg-info/SOURCES.txt'
[18.207s] reading manifest file 'hwpub.egg-info/SOURCES.txt'
[18.208s] writing manifest file 'hwpub.egg-info/SOURCES.txt'
[18.294s] [ 58%] Built target ament_cmake_python_build_hwpub_egg
[18.323s] [ 61%] [34m[1mGenerating C type support for eProsima Fast-RTPS[0m
[19.755s] [ 64%] [32mBuilding CXX object CMakeFiles/hwpub__rosidl_typesupport_fastrtps_c.dir/rosidl_typesupport_fastrtps_c/hwpub/msg/detail/hwmsg__type_support_c.cpp.o[0m
[19.793s] [ 66%] [32mBuilding CXX object CMakeFiles/hwpub__rosidl_typesupport_introspection_cpp.dir/rosidl_typesupport_introspection_cpp/hwpub/srv/detail/customserv__type_support.cpp.o[0m
[22.046s] [ 69%] [32mBuilding CXX object CMakeFiles/hwpub__rosidl_typesupport_fastrtps_c.dir/rosidl_typesupport_fastrtps_c/hwpub/srv/detail/customserv__type_support_c.cpp.o[0m
[23.202s] [ 71%] [32m[1mLinking CXX shared library libhwpub__rosidl_typesupport_introspection_cpp.so[0m
[23.631s] [ 71%] Built target hwpub__rosidl_typesupport_introspection_cpp
[23.919s] [ 74%] [32m[1mLinking CXX shared library libhwpub__rosidl_typesupport_fastrtps_c.so[0m
[24.433s] [ 74%] Built target hwpub__rosidl_typesupport_fastrtps_c
[24.537s] [ 74%] Built target hwpub
[24.627s] [ 76%] [34m[1mGenerating Python code for ROS interfaces[0m
[26.053s] [ 76%] Built target hwpub__py
[26.149s] [ 79%] [32mBuilding C object CMakeFiles/hwpub__rosidl_generator_py.dir/rosidl_generator_py/hwpub/msg/_hwmsg_s.c.o[0m
[26.155s] [ 82%] [32mBuilding C object CMakeFiles/hwpub__rosidl_generator_py.dir/rosidl_generator_py/hwpub/srv/_customserv_s.c.o[0m
[27.265s] [ 84%] [32m[1mLinking C shared library rosidl_generator_py/hwpub/libhwpub__rosidl_generator_py.so[0m
[27.368s] [ 84%] Built target hwpub__rosidl_generator_py
[27.455s] [ 87%] [32mBuilding C object CMakeFiles/hwpub__rosidl_typesupport_fastrtps_c__pyext.dir/rosidl_generator_py/hwpub/_hwpub_s.ep.rosidl_typesupport_fastrtps_c.c.o[0m
[27.470s] [ 89%] [32mBuilding C object CMakeFiles/hwpub__rosidl_typesupport_introspection_c__pyext.dir/rosidl_generator_py/hwpub/_hwpub_s.ep.rosidl_typesupport_introspection_c.c.o[0m
[27.914s] [ 92%] [32m[1mLinking C shared library rosidl_generator_py/hwpub/hwpub_s__rosidl_typesupport_introspection_c.cpython-310-x86_64-linux-gnu.so[0m
[28.055s] [ 94%] [32m[1mLinking C shared library rosidl_generator_py/hwpub/hwpub_s__rosidl_typesupport_fastrtps_c.cpython-310-x86_64-linux-gnu.so[0m
[28.091s] [ 94%] Built target hwpub__rosidl_typesupport_introspection_c__pyext
[28.206s] [ 97%] [32mBuilding C object CMakeFiles/hwpub__rosidl_typesupport_c__pyext.dir/rosidl_generator_py/hwpub/_hwpub_s.ep.rosidl_typesupport_c.c.o[0m
[28.238s] [ 97%] Built target hwpub__rosidl_typesupport_fastrtps_c__pyext
[28.497s] [100%] [32m[1mLinking C shared library rosidl_generator_py/hwpub/hwpub_s__rosidl_typesupport_c.cpython-310-x86_64-linux-gnu.so[0m
[28.588s] [100%] Built target hwpub__rosidl_typesupport_c__pyext
[28.681s] Invoked command in '/home/ilija/ros2_ws/src/RINS/build/hwpub' returned '0': CMAKE_PREFIX_PATH=/opt/ros/humble /usr/bin/cmake --build /home/ilija/ros2_ws/src/RINS/build/hwpub -- -j2 -l2
[28.726s] Invoking command in '/home/ilija/ros2_ws/src/RINS/build/hwpub': CMAKE_PREFIX_PATH=/opt/ros/humble /usr/bin/cmake --install /home/ilija/ros2_ws/src/RINS/build/hwpub
[28.769s] -- Install configuration: ""
[28.771s] -- Execute custom install script
[28.775s] -- Symlinking: /home/ilija/ros2_ws/src/RINS/install/hwpub/share/ament_index/resource_index/rosidl_interfaces/hwpub
[28.855s] -- Symlinking: /home/ilija/ros2_ws/src/RINS/install/hwpub/include/hwpub/hwpub/msg/detail/hwmsg__functions.h
[28.897s] -- Symlinking: /home/ilija/ros2_ws/src/RINS/install/hwpub/include/hwpub/hwpub/msg/detail/hwmsg__struct.h
[28.959s] -- Symlinking: /home/ilija/ros2_ws/src/RINS/install/hwpub/include/hwpub/hwpub/msg/detail/hwmsg__type_support.h
[29.039s] -- Symlinking: /home/ilija/ros2_ws/src/RINS/install/hwpub/include/hwpub/hwpub/msg/hwmsg.h
[29.094s] -- Symlinking: /home/ilija/ros2_ws/src/RINS/install/hwpub/include/hwpub/hwpub/msg/rosidl_generator_c__visibility_control.h
[29.150s] -- Symlinking: /home/ilija/ros2_ws/src/RINS/install/hwpub/include/hwpub/hwpub/srv/customserv.h
[29.203s] -- Symlinking: /home/ilija/ros2_ws/src/RINS/install/hwpub/include/hwpub/hwpub/srv/detail/customserv__functions.h
[29.273s] -- Symlinking: /home/ilija/ros2_ws/src/RINS/install/hwpub/include/hwpub/hwpub/srv/detail/customserv__struct.h
[29.308s] -- Symlinking: /home/ilija/ros2_ws/src/RINS/install/hwpub/include/hwpub/hwpub/srv/detail/customserv__type_support.h
[29.346s] -- Symlinking: /home/ilija/ros2_ws/src/RINS/install/hwpub/share/hwpub/environment/library_path.sh
[29.392s] -- Symlinking: /home/ilija/ros2_ws/src/RINS/install/hwpub/share/hwpub/environment/library_path.dsv
[29.428s] -- Symlinking: /home/ilija/ros2_ws/src/RINS/install/hwpub/include/hwpub/hwpub/msg/detail/hwmsg__rosidl_typesupport_fastrtps_c.h
[29.471s] -- Symlinking: /home/ilija/ros2_ws/src/RINS/install/hwpub/include/hwpub/hwpub/msg/rosidl_typesupport_fastrtps_c__visibility_control.h
[29.510s] -- Symlinking: /home/ilija/ros2_ws/src/RINS/install/hwpub/include/hwpub/hwpub/srv/detail/customserv__rosidl_typesupport_fastrtps_c.h
[29.562s] -- Symlinking: /home/ilija/ros2_ws/src/RINS/install/hwpub/include/hwpub/hwpub/msg/detail/hwmsg__builder.hpp
[29.601s] -- Symlinking: /home/ilija/ros2_ws/src/RINS/install/hwpub/include/hwpub/hwpub/msg/detail/hwmsg__struct.hpp
[29.648s] -- Symlinking: /home/ilija/ros2_ws/src/RINS/install/hwpub/include/hwpub/hwpub/msg/detail/hwmsg__traits.hpp
[29.689s] -- Symlinking: /home/ilija/ros2_ws/src/RINS/install/hwpub/include/hwpub/hwpub/msg/detail/hwmsg__type_support.hpp
[29.733s] -- Symlinking: /home/ilija/ros2_ws/src/RINS/install/hwpub/include/hwpub/hwpub/msg/hwmsg.hpp
[29.773s] -- Symlinking: /home/ilija/ros2_ws/src/RINS/install/hwpub/include/hwpub/hwpub/msg/rosidl_generator_cpp__visibility_control.hpp
[29.829s] -- Symlinking: /home/ilija/ros2_ws/src/RINS/install/hwpub/include/hwpub/hwpub/srv/customserv.hpp
[29.873s] -- Symlinking: /home/ilija/ros2_ws/src/RINS/install/hwpub/include/hwpub/hwpub/srv/detail/customserv__builder.hpp
[29.893s] -- Symlinking: /home/ilija/ros2_ws/src/RINS/install/hwpub/include/hwpub/hwpub/srv/detail/customserv__struct.hpp
[29.915s] -- Symlinking: /home/ilija/ros2_ws/src/RINS/install/hwpub/include/hwpub/hwpub/srv/detail/customserv__traits.hpp
[29.938s] -- Symlinking: /home/ilija/ros2_ws/src/RINS/install/hwpub/include/hwpub/hwpub/srv/detail/customserv__type_support.hpp
[29.981s] -- Symlinking: /home/ilija/ros2_ws/src/RINS/install/hwpub/include/hwpub/hwpub/msg/detail/hwmsg__rosidl_typesupport_fastrtps_cpp.hpp
[30.044s] -- Symlinking: /home/ilija/ros2_ws/src/RINS/install/hwpub/include/hwpub/hwpub/msg/rosidl_typesupport_fastrtps_cpp__visibility_control.h
[30.082s] -- Symlinking: /home/ilija/ros2_ws/src/RINS/install/hwpub/include/hwpub/hwpub/srv/detail/customserv__rosidl_typesupport_fastrtps_cpp.hpp
[30.120s] -- Symlinking: /home/ilija/ros2_ws/src/RINS/install/hwpub/include/hwpub/hwpub/msg/detail/hwmsg__rosidl_typesupport_introspection_c.h
[30.164s] -- Symlinking: /home/ilija/ros2_ws/src/RINS/install/hwpub/include/hwpub/hwpub/msg/rosidl_typesupport_introspection_c__visibility_control.h
[30.201s] -- Symlinking: /home/ilija/ros2_ws/src/RINS/install/hwpub/include/hwpub/hwpub/srv/detail/customserv__rosidl_typesupport_introspection_c.h
[30.240s] -- Symlinking: /home/ilija/ros2_ws/src/RINS/install/hwpub/include/hwpub/hwpub/msg/detail/hwmsg__rosidl_typesupport_introspection_cpp.hpp
[30.284s] -- Symlinking: /home/ilija/ros2_ws/src/RINS/install/hwpub/include/hwpub/hwpub/srv/detail/customserv__rosidl_typesupport_introspection_cpp.hpp
[30.326s] -- Symlinking: /home/ilija/ros2_ws/src/RINS/install/hwpub/share/hwpub/environment/pythonpath.sh
[30.368s] -- Symlinking: /home/ilija/ros2_ws/src/RINS/install/hwpub/share/hwpub/environment/pythonpath.dsv
[30.419s] -- Symlinking: /home/ilija/ros2_ws/src/RINS/install/hwpub/local/lib/python3.10/dist-packages/hwpub-0.0.1-py3.10.egg-info/PKG-INFO
[30.455s] -- Symlinking: /home/ilija/ros2_ws/src/RINS/install/hwpub/local/lib/python3.10/dist-packages/hwpub-0.0.1-py3.10.egg-info/SOURCES.txt
[30.499s] -- Symlinking: /home/ilija/ros2_ws/src/RINS/install/hwpub/local/lib/python3.10/dist-packages/hwpub-0.0.1-py3.10.egg-info/dependency_links.txt
[30.537s] -- Symlinking: /home/ilija/ros2_ws/src/RINS/install/hwpub/local/lib/python3.10/dist-packages/hwpub-0.0.1-py3.10.egg-info/top_level.txt
[30.563s] -- Symlinking: /home/ilija/ros2_ws/src/RINS/install/hwpub/local/lib/python3.10/dist-packages/hwpub/__init__.py
[30.583s] -- Symlinking: /home/ilija/ros2_ws/src/RINS/install/hwpub/local/lib/python3.10/dist-packages/hwpub/_hwpub_s.ep.rosidl_typesupport_c.c
[30.606s] -- Symlinking: /home/ilija/ros2_ws/src/RINS/install/hwpub/local/lib/python3.10/dist-packages/hwpub/_hwpub_s.ep.rosidl_typesupport_fastrtps_c.c
[30.643s] -- Symlinking: /home/ilija/ros2_ws/src/RINS/install/hwpub/local/lib/python3.10/dist-packages/hwpub/_hwpub_s.ep.rosidl_typesupport_introspection_c.c
[30.686s] -- Symlinking: /home/ilija/ros2_ws/src/RINS/install/hwpub/local/lib/python3.10/dist-packages/hwpub/hwpub_s__rosidl_typesupport_c.cpython-310-x86_64-linux-gnu.so
[30.712s] -- Symlinking: /home/ilija/ros2_ws/src/RINS/install/hwpub/local/lib/python3.10/dist-packages/hwpub/hwpub_s__rosidl_typesupport_fastrtps_c.cpython-310-x86_64-linux-gnu.so
[30.733s] -- Symlinking: /home/ilija/ros2_ws/src/RINS/install/hwpub/local/lib/python3.10/dist-packages/hwpub/hwpub_s__rosidl_typesupport_introspection_c.cpython-310-x86_64-linux-gnu.so
[30.755s] -- Symlinking: /home/ilija/ros2_ws/src/RINS/install/hwpub/local/lib/python3.10/dist-packages/hwpub/libhwpub__rosidl_generator_py.so
[30.774s] -- Symlinking: /home/ilija/ros2_ws/src/RINS/install/hwpub/local/lib/python3.10/dist-packages/hwpub/msg/__init__.py
[30.812s] -- Symlinking: /home/ilija/ros2_ws/src/RINS/install/hwpub/local/lib/python3.10/dist-packages/hwpub/msg/_hwmsg.py
[30.858s] -- Symlinking: /home/ilija/ros2_ws/src/RINS/install/hwpub/local/lib/python3.10/dist-packages/hwpub/msg/_hwmsg_s.c
[30.908s] -- Symlinking: /home/ilija/ros2_ws/src/RINS/install/hwpub/local/lib/python3.10/dist-packages/hwpub/srv/__init__.py
[30.943s] -- Symlinking: /home/ilija/ros2_ws/src/RINS/install/hwpub/local/lib/python3.10/dist-packages/hwpub/srv/_customserv.py
[30.994s] -- Symlinking: /home/ilija/ros2_ws/src/RINS/install/hwpub/local/lib/python3.10/dist-packages/hwpub/srv/_customserv_s.c
[31.036s] -- Up-to-date symlink: /home/ilija/ros2_ws/src/RINS/install/hwpub/local/lib/python3.10/dist-packages/hwpub/hwpub_s__rosidl_typesupport_fastrtps_c.cpython-310-x86_64-linux-gnu.so
[31.040s] -- Up-to-date symlink: /home/ilija/ros2_ws/src/RINS/install/hwpub/local/lib/python3.10/dist-packages/hwpub/hwpub_s__rosidl_typesupport_introspection_c.cpython-310-x86_64-linux-gnu.so
[31.040s] -- Up-to-date symlink: /home/ilija/ros2_ws/src/RINS/install/hwpub/local/lib/python3.10/dist-packages/hwpub/hwpub_s__rosidl_typesupport_c.cpython-310-x86_64-linux-gnu.so
[31.040s] -- Symlinking: /home/ilija/ros2_ws/src/RINS/install/hwpub/share/hwpub/msg/Hwmsg.idl
[31.085s] -- Symlinking: /home/ilija/ros2_ws/src/RINS/install/hwpub/share/hwpub/srv/Customserv.idl
[31.122s] -- Symlinking: /home/ilija/ros2_ws/src/RINS/install/hwpub/share/hwpub/msg/Hwmsg.msg
[31.171s] -- Symlinking: /home/ilija/ros2_ws/src/RINS/install/hwpub/share/hwpub/srv/Customserv.srv
[31.212s] -- Symlinking: /home/ilija/ros2_ws/src/RINS/install/hwpub/share/hwpub/srv/Customserv_Request.msg
[31.257s] -- Symlinking: /home/ilija/ros2_ws/src/RINS/install/hwpub/share/hwpub/srv/Customserv_Response.msg
[31.304s] -- Symlinking: /home/ilija/ros2_ws/src/RINS/install/hwpub/lib/hwpub/py_move_trajectory.py
[31.344s] -- Symlinking: /home/ilija/ros2_ws/src/RINS/install/hwpub/share/ament_index/resource_index/package_run_dependencies/hwpub
[31.389s] -- Symlinking: /home/ilija/ros2_ws/src/RINS/install/hwpub/share/ament_index/resource_index/parent_prefix_path/hwpub
[31.431s] -- Symlinking: /home/ilija/ros2_ws/src/RINS/install/hwpub/share/hwpub/environment/ament_prefix_path.sh
[31.451s] -- Symlinking: /home/ilija/ros2_ws/src/RINS/install/hwpub/share/hwpub/environment/ament_prefix_path.dsv
[31.492s] -- Symlinking: /home/ilija/ros2_ws/src/RINS/install/hwpub/share/hwpub/environment/path.sh
[31.530s] -- Symlinking: /home/ilija/ros2_ws/src/RINS/install/hwpub/share/hwpub/environment/path.dsv
[31.568s] -- Symlinking: /home/ilija/ros2_ws/src/RINS/install/hwpub/share/hwpub/local_setup.bash
[31.607s] -- Symlinking: /home/ilija/ros2_ws/src/RINS/install/hwpub/share/hwpub/local_setup.sh
[31.620s] -- Symlinking: /home/ilija/ros2_ws/src/RINS/install/hwpub/share/hwpub/local_setup.zsh
[31.645s] -- Symlinking: /home/ilija/ros2_ws/src/RINS/install/hwpub/share/hwpub/local_setup.dsv
[31.681s] -- Symlinking: /home/ilija/ros2_ws/src/RINS/install/hwpub/share/hwpub/package.dsv
[31.717s] -- Symlinking: /home/ilija/ros2_ws/src/RINS/install/hwpub/share/ament_index/resource_index/packages/hwpub
[31.745s] -- Symlinking: /home/ilija/ros2_ws/src/RINS/install/hwpub/share/hwpub/cmake/rosidl_cmake-extras.cmake
[31.785s] -- Symlinking: /home/ilija/ros2_ws/src/RINS/install/hwpub/share/hwpub/cmake/ament_cmake_export_dependencies-extras.cmake
[31.823s] -- Symlinking: /home/ilija/ros2_ws/src/RINS/install/hwpub/share/hwpub/cmake/ament_cmake_export_include_directories-extras.cmake
[31.840s] -- Symlinking: /home/ilija/ros2_ws/src/RINS/install/hwpub/share/hwpub/cmake/ament_cmake_export_libraries-extras.cmake
[31.855s] -- Symlinking: /home/ilija/ros2_ws/src/RINS/install/hwpub/share/hwpub/cmake/ament_cmake_export_targets-extras.cmake
[31.876s] -- Symlinking: /home/ilija/ros2_ws/src/RINS/install/hwpub/share/hwpub/cmake/rosidl_cmake_export_typesupport_targets-extras.cmake
[31.894s] -- Symlinking: /home/ilija/ros2_ws/src/RINS/install/hwpub/share/hwpub/cmake/rosidl_cmake_export_typesupport_libraries-extras.cmake
[31.910s] -- Symlinking: /home/ilija/ros2_ws/src/RINS/install/hwpub/share/hwpub/cmake/hwpubConfig.cmake
[31.929s] -- Symlinking: /home/ilija/ros2_ws/src/RINS/install/hwpub/share/hwpub/cmake/hwpubConfig-version.cmake
[31.949s] -- Symlinking: /home/ilija/ros2_ws/src/RINS/install/hwpub/share/hwpub/package.xml
[31.970s] -- Installing: /home/ilija/ros2_ws/src/RINS/install/hwpub/lib/libhwpub__rosidl_generator_c.so
[31.971s] -- Set runtime path of "/home/ilija/ros2_ws/src/RINS/install/hwpub/lib/libhwpub__rosidl_generator_c.so" to ""
[31.971s] -- Installing: /home/ilija/ros2_ws/src/RINS/install/hwpub/lib/libhwpub__rosidl_typesupport_fastrtps_c.so
[31.975s] -- Set runtime path of "/home/ilija/ros2_ws/src/RINS/install/hwpub/lib/libhwpub__rosidl_typesupport_fastrtps_c.so" to ""
[31.976s] -- Installing: /home/ilija/ros2_ws/src/RINS/install/hwpub/lib/libhwpub__rosidl_typesupport_fastrtps_cpp.so
[31.976s] -- Set runtime path of "/home/ilija/ros2_ws/src/RINS/install/hwpub/lib/libhwpub__rosidl_typesupport_fastrtps_cpp.so" to ""
[31.976s] -- Installing: /home/ilija/ros2_ws/src/RINS/install/hwpub/lib/libhwpub__rosidl_typesupport_introspection_c.so
[31.978s] -- Set runtime path of "/home/ilija/ros2_ws/src/RINS/install/hwpub/lib/libhwpub__rosidl_typesupport_introspection_c.so" to ""
[31.978s] -- Installing: /home/ilija/ros2_ws/src/RINS/install/hwpub/lib/libhwpub__rosidl_typesupport_c.so
[31.981s] -- Set runtime path of "/home/ilija/ros2_ws/src/RINS/install/hwpub/lib/libhwpub__rosidl_typesupport_c.so" to ""
[31.981s] -- Installing: /home/ilija/ros2_ws/src/RINS/install/hwpub/lib/libhwpub__rosidl_typesupport_introspection_cpp.so
[31.983s] -- Set runtime path of "/home/ilija/ros2_ws/src/RINS/install/hwpub/lib/libhwpub__rosidl_typesupport_introspection_cpp.so" to ""
[31.986s] -- Installing: /home/ilija/ros2_ws/src/RINS/install/hwpub/lib/libhwpub__rosidl_typesupport_cpp.so
[31.986s] -- Set runtime path of "/home/ilija/ros2_ws/src/RINS/install/hwpub/lib/libhwpub__rosidl_typesupport_cpp.so" to ""
[32.084s] Listing '/home/ilija/ros2_ws/src/RINS/install/hwpub/local/lib/python3.10/dist-packages/hwpub'...
[32.084s] Compiling '/home/ilija/ros2_ws/src/RINS/install/hwpub/local/lib/python3.10/dist-packages/hwpub/__init__.py'...
[32.084s] Listing '/home/ilija/ros2_ws/src/RINS/install/hwpub/local/lib/python3.10/dist-packages/hwpub/msg'...
[32.084s] Compiling '/home/ilija/ros2_ws/src/RINS/install/hwpub/local/lib/python3.10/dist-packages/hwpub/msg/__init__.py'...
[32.084s] Compiling '/home/ilija/ros2_ws/src/RINS/install/hwpub/local/lib/python3.10/dist-packages/hwpub/msg/_hwmsg.py'...
[32.085s] Listing '/home/ilija/ros2_ws/src/RINS/install/hwpub/local/lib/python3.10/dist-packages/hwpub/srv'...
[32.085s] Compiling '/home/ilija/ros2_ws/src/RINS/install/hwpub/local/lib/python3.10/dist-packages/hwpub/srv/__init__.py'...
[32.085s] Compiling '/home/ilija/ros2_ws/src/RINS/install/hwpub/local/lib/python3.10/dist-packages/hwpub/srv/_customserv.py'...
[32.100s] -- Installing: /home/ilija/ros2_ws/src/RINS/install/hwpub/lib/libhwpub__rosidl_generator_py.so
[32.103s] -- Set runtime path of "/home/ilija/ros2_ws/src/RINS/install/hwpub/lib/libhwpub__rosidl_generator_py.so" to ""
[32.103s] -- Installing: /home/ilija/ros2_ws/src/RINS/install/hwpub/share/hwpub/cmake/export_hwpub__rosidl_generator_cExport.cmake
[32.104s] -- Installing: /home/ilija/ros2_ws/src/RINS/install/hwpub/share/hwpub/cmake/export_hwpub__rosidl_generator_cExport-noconfig.cmake
[32.106s] -- Installing: /home/ilija/ros2_ws/src/RINS/install/hwpub/share/hwpub/cmake/export_hwpub__rosidl_typesupport_fastrtps_cExport.cmake
[32.107s] -- Installing: /home/ilija/ros2_ws/src/RINS/install/hwpub/share/hwpub/cmake/export_hwpub__rosidl_typesupport_fastrtps_cExport-noconfig.cmake
[32.107s] -- Installing: /home/ilija/ros2_ws/src/RINS/install/hwpub/share/hwpub/cmake/export_hwpub__rosidl_generator_cppExport.cmake
[32.108s] -- Installing: /home/ilija/ros2_ws/src/RINS/install/hwpub/share/hwpub/cmake/export_hwpub__rosidl_typesupport_fastrtps_cppExport.cmake
[32.108s] -- Installing: /home/ilija/ros2_ws/src/RINS/install/hwpub/share/hwpub/cmake/export_hwpub__rosidl_typesupport_fastrtps_cppExport-noconfig.cmake
[32.110s] -- Installing: /home/ilija/ros2_ws/src/RINS/install/hwpub/share/hwpub/cmake/hwpub__rosidl_typesupport_introspection_cExport.cmake
[32.110s] -- Installing: /home/ilija/ros2_ws/src/RINS/install/hwpub/share/hwpub/cmake/hwpub__rosidl_typesupport_introspection_cExport-noconfig.cmake
[32.112s] -- Installing: /home/ilija/ros2_ws/src/RINS/install/hwpub/share/hwpub/cmake/hwpub__rosidl_typesupport_cExport.cmake
[32.112s] -- Installing: /home/ilija/ros2_ws/src/RINS/install/hwpub/share/hwpub/cmake/hwpub__rosidl_typesupport_cExport-noconfig.cmake
[32.113s] -- Installing: /home/ilija/ros2_ws/src/RINS/install/hwpub/share/hwpub/cmake/hwpub__rosidl_typesupport_introspection_cppExport.cmake
[32.113s] -- Installing: /home/ilija/ros2_ws/src/RINS/install/hwpub/share/hwpub/cmake/hwpub__rosidl_typesupport_introspection_cppExport-noconfig.cmake
[32.115s] -- Installing: /home/ilija/ros2_ws/src/RINS/install/hwpub/share/hwpub/cmake/hwpub__rosidl_typesupport_cppExport.cmake
[32.115s] -- Installing: /home/ilija/ros2_ws/src/RINS/install/hwpub/share/hwpub/cmake/hwpub__rosidl_typesupport_cppExport-noconfig.cmake
[32.115s] -- Installing: /home/ilija/ros2_ws/src/RINS/install/hwpub/share/hwpub/cmake/export_hwpub__rosidl_generator_pyExport.cmake
[32.117s] -- Installing: /home/ilija/ros2_ws/src/RINS/install/hwpub/share/hwpub/cmake/export_hwpub__rosidl_generator_pyExport-noconfig.cmake
[32.127s] Invoked command in '/home/ilija/ros2_ws/src/RINS/build/hwpub' returned '0': CMAKE_PREFIX_PATH=/opt/ros/humble /usr/bin/cmake --install /home/ilija/ros2_ws/src/RINS/build/hwpub
