[3.528s] Invoking command in '/home/ilija/ros2_ws/src/RINS/build/dis_tutorial2': PYTHONPATH=/home/ilija/ros2_ws/src/RINS/build/dis_tutorial2/prefix_override:/usr/lib/python3/dist-packages/colcon_core/task/python/colcon_distutils_commands:/home/ilija/ros2_ws/src/RINS/install/dis_tutorial2/lib/python3.10/site-packages:${PYTHONPATH} /usr/bin/python3 -W ignore:setup.py install is deprecated -W ignore:easy_install command is deprecated setup.py develop --editable --build-directory /home/ilija/ros2_ws/src/RINS/build/dis_tutorial2/build --no-deps symlink_data
[4.838s] running develop
[5.845s] running egg_info
[5.851s] writing dis_tutorial2.egg-info/PKG-INFO
[5.851s] writing dependency_links to dis_tutorial2.egg-info/dependency_links.txt
[5.856s] writing entry points to dis_tutorial2.egg-info/entry_points.txt
[5.859s] writing requirements to dis_tutorial2.egg-info/requires.txt
[5.862s] writing top-level names to dis_tutorial2.egg-info/top_level.txt
[5.884s] reading manifest file 'dis_tutorial2.egg-info/SOURCES.txt'
[5.897s] writing manifest file 'dis_tutorial2.egg-info/SOURCES.txt'
[5.905s] running build_ext
[5.907s] Creating /home/ilija/ros2_ws/src/RINS/install/dis_tutorial2/lib/python3.10/site-packages/dis-tutorial2.egg-link (link to .)
[5.914s] Installing achtung_die_turtle script to /home/ilija/ros2_ws/src/RINS/install/dis_tutorial2/lib/dis_tutorial2
[5.920s] Installing go_to_position script to /home/ilija/ros2_ws/src/RINS/install/dis_tutorial2/lib/dis_tutorial2
[5.920s] Installing intersection script to /home/ilija/ros2_ws/src/RINS/install/dis_tutorial2/lib/dis_tutorial2
[5.921s] Installing random_velocity_publisher script to /home/ilija/ros2_ws/src/RINS/install/dis_tutorial2/lib/dis_tutorial2
[5.927s] Installing turtle_move script to /home/ilija/ros2_ws/src/RINS/install/dis_tutorial2/lib/dis_tutorial2
[5.936s] 
[5.937s] Installed /home/ilija/ros2_ws/src/RINS/build/dis_tutorial2
[5.939s] running symlink_data
[6.121s] Invoked command in '/home/ilija/ros2_ws/src/RINS/build/dis_tutorial2' returned '0': PYTHONPATH=/home/ilija/ros2_ws/src/RINS/build/dis_tutorial2/prefix_override:/usr/lib/python3/dist-packages/colcon_core/task/python/colcon_distutils_commands:/home/ilija/ros2_ws/src/RINS/install/dis_tutorial2/lib/python3.10/site-packages:${PYTHONPATH} /usr/bin/python3 -W ignore:setup.py install is deprecated -W ignore:easy_install command is deprecated setup.py develop --editable --build-directory /home/ilija/ros2_ws/src/RINS/build/dis_tutorial2/build --no-deps symlink_data
