[0.968s] Invoking command in '/home/osboxes/ros2_ws/build/dis_tutorial4': CMAKE_PREFIX_PATH=/opt/ros/humble /usr/bin/cmake /home/osboxes/ros2_ws/src/dis_tutorial4 -DCMAKE_INSTALL_PREFIX=/home/osboxes/ros2_ws/install/dis_tutorial4
[1.027s] -- Found ament_cmake: 1.3.11 (/opt/ros/humble/share/ament_cmake/cmake)
[1.683s] -- Found rclcpp: 16.0.11 (/opt/ros/humble/share/rclcpp/cmake)
[1.787s] -- Found rosidl_generator_c: 3.1.6 (/opt/ros/humble/share/rosidl_generator_c/cmake)
[1.809s] -- Found rosidl_adapter: 3.1.6 (/opt/ros/humble/share/rosidl_adapter/cmake)
[1.838s] -- Found rosidl_generator_cpp: 3.1.6 (/opt/ros/humble/share/rosidl_generator_cpp/cmake)
[1.868s] -- Using all available rosidl_typesupport_c: rosidl_typesupport_fastrtps_c;rosidl_typesupport_introspection_c
[1.893s] -- Using all available rosidl_typesupport_cpp: rosidl_typesupport_fastrtps_cpp;rosidl_typesupport_introspection_cpp
[2.021s] -- Found rmw_implementation_cmake: 6.1.2 (/opt/ros/humble/share/rmw_implementation_cmake/cmake)
[2.036s] -- Found rmw_fastrtps_cpp: 6.2.7 (/opt/ros/humble/share/rmw_fastrtps_cpp/cmake)
[2.781s] -- Using RMW implementation 'rmw_fastrtps_cpp' as default
[3.339s] -- Found rclpy: 3.3.15 (/opt/ros/humble/share/rclpy/cmake)
[3.339s] -- Found std_srvs: 4.2.4 (/opt/ros/humble/share/std_srvs/cmake)
[3.454s] -- Found action_msgs: 1.2.1 (/opt/ros/humble/share/action_msgs/cmake)
[3.699s] -- Found nav2_msgs: 1.1.18 (/opt/ros/humble/share/nav2_msgs/cmake)
[4.288s] -- Found visualization_msgs: 4.2.4 (/opt/ros/humble/share/visualization_msgs/cmake)
[5.268s] -- Configuring done
[5.318s] -- Generating done
[5.349s] -- Build files have been written to: /home/osboxes/ros2_ws/build/dis_tutorial4
[5.417s] Invoked command in '/home/osboxes/ros2_ws/build/dis_tutorial4' returned '0': CMAKE_PREFIX_PATH=/opt/ros/humble /usr/bin/cmake /home/osboxes/ros2_ws/src/dis_tutorial4 -DCMAKE_INSTALL_PREFIX=/home/osboxes/ros2_ws/install/dis_tutorial4
[5.431s] Invoking command in '/home/osboxes/ros2_ws/build/dis_tutorial4': CMAKE_PREFIX_PATH=/opt/ros/humble /usr/bin/cmake --build /home/osboxes/ros2_ws/build/dis_tutorial4 -- -j4 -l4
[5.944s] Invoked command in '/home/osboxes/ros2_ws/build/dis_tutorial4' returned '0': CMAKE_PREFIX_PATH=/opt/ros/humble /usr/bin/cmake --build /home/osboxes/ros2_ws/build/dis_tutorial4 -- -j4 -l4
[5.973s] Invoking command in '/home/osboxes/ros2_ws/build/dis_tutorial4': CMAKE_PREFIX_PATH=/opt/ros/humble /usr/bin/cmake --install /home/osboxes/ros2_ws/build/dis_tutorial4
[6.019s] -- Install configuration: ""
[6.021s] -- Installing: /home/osboxes/ros2_ws/install/dis_tutorial4/share/dis_tutorial4//launch
[6.021s] -- Installing: /home/osboxes/ros2_ws/install/dis_tutorial4/share/dis_tutorial4//launch/create3_nodes.launch.py
[6.021s] -- Installing: /home/osboxes/ros2_ws/install/dis_tutorial4/share/dis_tutorial4//launch/nav2.launch.py
[6.021s] -- Installing: /home/osboxes/ros2_ws/install/dis_tutorial4/share/dis_tutorial4//launch/turtlebot4_spawn.launch.py
[6.022s] -- Installing: /home/osboxes/ros2_ws/install/dis_tutorial4/share/dis_tutorial4//launch/turtlebot4_spawn_nav.launch.py
[6.022s] -- Installing: /home/osboxes/ros2_ws/install/dis_tutorial4/share/dis_tutorial4//launch/ignition.launch.py
[6.022s] -- Installing: /home/osboxes/ros2_ws/install/dis_tutorial4/share/dis_tutorial4//launch/localization.launch.py
[6.026s] -- Installing: /home/osboxes/ros2_ws/install/dis_tutorial4/share/dis_tutorial4//launch/sim_turtlebot_slam.launch.py
[6.026s] -- Installing: /home/osboxes/ros2_ws/install/dis_tutorial4/share/dis_tutorial4//launch/slam.launch.py
[6.026s] -- Installing: /home/osboxes/ros2_ws/install/dis_tutorial4/share/dis_tutorial4//launch/sim_turtlebot_nav.launch.py
[6.027s] -- Installing: /home/osboxes/ros2_ws/install/dis_tutorial4/share/dis_tutorial4//launch/dis_sim.launch.py
[6.028s] -- Installing: /home/osboxes/ros2_ws/install/dis_tutorial4/lib/dis_tutorial4/map_goals.py
[6.028s] -- Installing: /home/osboxes/ros2_ws/install/dis_tutorial4/lib/dis_tutorial4/transform_point.py
[6.029s] -- Installing: /home/osboxes/ros2_ws/install/dis_tutorial4/share/ament_index/resource_index/package_run_dependencies/dis_tutorial4
[6.029s] -- Installing: /home/osboxes/ros2_ws/install/dis_tutorial4/share/ament_index/resource_index/parent_prefix_path/dis_tutorial4
[6.029s] -- Installing: /home/osboxes/ros2_ws/install/dis_tutorial4/share/dis_tutorial4/environment/ament_prefix_path.sh
[6.034s] -- Installing: /home/osboxes/ros2_ws/install/dis_tutorial4/share/dis_tutorial4/environment/ament_prefix_path.dsv
[6.034s] -- Installing: /home/osboxes/ros2_ws/install/dis_tutorial4/share/dis_tutorial4/environment/path.sh
[6.034s] -- Installing: /home/osboxes/ros2_ws/install/dis_tutorial4/share/dis_tutorial4/environment/path.dsv
[6.036s] -- Installing: /home/osboxes/ros2_ws/install/dis_tutorial4/share/dis_tutorial4/local_setup.bash
[6.036s] -- Installing: /home/osboxes/ros2_ws/install/dis_tutorial4/share/dis_tutorial4/local_setup.sh
[6.042s] -- Installing: /home/osboxes/ros2_ws/install/dis_tutorial4/share/dis_tutorial4/local_setup.zsh
[6.042s] -- Installing: /home/osboxes/ros2_ws/install/dis_tutorial4/share/dis_tutorial4/local_setup.dsv
[6.043s] -- Installing: /home/osboxes/ros2_ws/install/dis_tutorial4/share/dis_tutorial4/package.dsv
[6.046s] -- Installing: /home/osboxes/ros2_ws/install/dis_tutorial4/share/ament_index/resource_index/packages/dis_tutorial4
[6.050s] -- Installing: /home/osboxes/ros2_ws/install/dis_tutorial4/share/dis_tutorial4/cmake/dis_tutorial4Config.cmake
[6.051s] -- Installing: /home/osboxes/ros2_ws/install/dis_tutorial4/share/dis_tutorial4/cmake/dis_tutorial4Config-version.cmake
[6.051s] -- Installing: /home/osboxes/ros2_ws/install/dis_tutorial4/share/dis_tutorial4/package.xml
[6.067s] Invoked command in '/home/osboxes/ros2_ws/build/dis_tutorial4' returned '0': CMAKE_PREFIX_PATH=/opt/ros/humble /usr/bin/cmake --install /home/osboxes/ros2_ws/build/dis_tutorial4
