[0.863s] Invoking command in '/home/tau/colcon_ws/src/dis_tutorial2': PYTHONPATH=/home/tau/colcon_ws/build/dis_tutorial2/prefix_override:/usr/lib/python3/dist-packages/colcon_core/task/python/colcon_distutils_commands:/home/tau/colcon_ws/install/dis_tutorial2/lib/python3.10/site-packages:${PYTHONPATH} /usr/bin/python3 -W ignore:setup.py install is deprecated -W ignore:easy_install command is deprecated setup.py egg_info --egg-base ../../build/dis_tutorial2 build --build-base /home/tau/colcon_ws/build/dis_tutorial2/build install --record /home/tau/colcon_ws/build/dis_tutorial2/install.log --single-version-externally-managed install_data
[1.126s] running egg_info
[1.126s] writing ../../build/dis_tutorial2/dis_tutorial2.egg-info/PKG-INFO
[1.127s] writing dependency_links to ../../build/dis_tutorial2/dis_tutorial2.egg-info/dependency_links.txt
[1.127s] writing entry points to ../../build/dis_tutorial2/dis_tutorial2.egg-info/entry_points.txt
[1.127s] writing requirements to ../../build/dis_tutorial2/dis_tutorial2.egg-info/requires.txt
[1.127s] writing top-level names to ../../build/dis_tutorial2/dis_tutorial2.egg-info/top_level.txt
[1.129s] reading manifest file '../../build/dis_tutorial2/dis_tutorial2.egg-info/SOURCES.txt'
[1.129s] writing manifest file '../../build/dis_tutorial2/dis_tutorial2.egg-info/SOURCES.txt'
[1.129s] running build
[1.129s] running build_py
[1.130s] running install
[1.130s] running install_lib
[1.131s] running install_data
[1.131s] running install_egg_info
[1.133s] removing '/home/tau/colcon_ws/install/dis_tutorial2/lib/python3.10/site-packages/dis_tutorial2-0.0.1-py3.10.egg-info' (and everything under it)
[1.133s] Copying ../../build/dis_tutorial2/dis_tutorial2.egg-info to /home/tau/colcon_ws/install/dis_tutorial2/lib/python3.10/site-packages/dis_tutorial2-0.0.1-py3.10.egg-info
[1.134s] running install_scripts
[1.159s] Installing achtung_die_turtle script to /home/tau/colcon_ws/install/dis_tutorial2/lib/dis_tutorial2
[1.159s] Installing go_to_position script to /home/tau/colcon_ws/install/dis_tutorial2/lib/dis_tutorial2
[1.159s] Installing intersection script to /home/tau/colcon_ws/install/dis_tutorial2/lib/dis_tutorial2
[1.159s] Installing random_velocity_publisher script to /home/tau/colcon_ws/install/dis_tutorial2/lib/dis_tutorial2
[1.160s] writing list of installed files to '/home/tau/colcon_ws/build/dis_tutorial2/install.log'
[1.188s] Invoked command in '/home/tau/colcon_ws/src/dis_tutorial2' returned '0': PYTHONPATH=/home/tau/colcon_ws/build/dis_tutorial2/prefix_override:/usr/lib/python3/dist-packages/colcon_core/task/python/colcon_distutils_commands:/home/tau/colcon_ws/install/dis_tutorial2/lib/python3.10/site-packages:${PYTHONPATH} /usr/bin/python3 -W ignore:setup.py install is deprecated -W ignore:easy_install command is deprecated setup.py egg_info --egg-base ../../build/dis_tutorial2 build --build-base /home/tau/colcon_ws/build/dis_tutorial2/build install --record /home/tau/colcon_ws/build/dis_tutorial2/install.log --single-version-externally-managed install_data
