[1.709s] Invoking command in '/home/osboxes/ros2_ws/build/dis_tutorial2': PYTHONPATH=/home/osboxes/ros2_ws/build/dis_tutorial2/prefix_override:/usr/lib/python3/dist-packages/colcon_core/task/python/colcon_distutils_commands:/home/osboxes/ros2_ws/install/dis_tutorial2/lib/python3.10/site-packages:${PYTHONPATH} /usr/bin/python3 -W ignore:setup.py install is deprecated -W ignore:easy_install command is deprecated setup.py develop --uninstall --editable --build-directory /home/osboxes/ros2_ws/build/dis_tutorial2/build
[2.535s] running develop
[2.894s] Removing /home/osboxes/ros2_ws/install/dis_tutorial2/lib/python3.10/site-packages/dis-tutorial2.egg-link (link to .)
[2.925s] Invoked command in '/home/osboxes/ros2_ws/build/dis_tutorial2' returned '0': PYTHONPATH=/home/osboxes/ros2_ws/build/dis_tutorial2/prefix_override:/usr/lib/python3/dist-packages/colcon_core/task/python/colcon_distutils_commands:/home/osboxes/ros2_ws/install/dis_tutorial2/lib/python3.10/site-packages:${PYTHONPATH} /usr/bin/python3 -W ignore:setup.py install is deprecated -W ignore:easy_install command is deprecated setup.py develop --uninstall --editable --build-directory /home/osboxes/ros2_ws/build/dis_tutorial2/build
[2.932s] Invoking command in '/home/osboxes/ros2_ws/src/dis_tutorial2': PYTHONPATH=/home/osboxes/ros2_ws/build/dis_tutorial2/prefix_override:/usr/lib/python3/dist-packages/colcon_core/task/python/colcon_distutils_commands:/home/osboxes/ros2_ws/install/dis_tutorial2/lib/python3.10/site-packages:${PYTHONPATH} /usr/bin/python3 -W ignore:setup.py install is deprecated -W ignore:easy_install command is deprecated setup.py egg_info --egg-base ../../build/dis_tutorial2 build --build-base /home/osboxes/ros2_ws/build/dis_tutorial2/build install --record /home/osboxes/ros2_ws/build/dis_tutorial2/install.log --single-version-externally-managed install_data --force
[3.498s] running egg_info
[3.498s] writing ../../build/dis_tutorial2/dis_tutorial2.egg-info/PKG-INFO
[3.498s] writing dependency_links to ../../build/dis_tutorial2/dis_tutorial2.egg-info/dependency_links.txt
[3.500s] writing entry points to ../../build/dis_tutorial2/dis_tutorial2.egg-info/entry_points.txt
[3.500s] writing requirements to ../../build/dis_tutorial2/dis_tutorial2.egg-info/requires.txt
[3.500s] writing top-level names to ../../build/dis_tutorial2/dis_tutorial2.egg-info/top_level.txt
[3.501s] reading manifest file '../../build/dis_tutorial2/dis_tutorial2.egg-info/SOURCES.txt'
[3.503s] writing manifest file '../../build/dis_tutorial2/dis_tutorial2.egg-info/SOURCES.txt'
[3.504s] running build
[3.504s] running build_py
[3.504s] creating /home/osboxes/ros2_ws/build/dis_tutorial2/build
[3.504s] creating /home/osboxes/ros2_ws/build/dis_tutorial2/build/lib
[3.505s] creating /home/osboxes/ros2_ws/build/dis_tutorial2/build/lib/dis_tutorial2
[3.507s] copying dis_tutorial2/turtle_move.py -> /home/osboxes/ros2_ws/build/dis_tutorial2/build/lib/dis_tutorial2
[3.510s] copying dis_tutorial2/random_velocity_publisher_node.py -> /home/osboxes/ros2_ws/build/dis_tutorial2/build/lib/dis_tutorial2
[3.510s] copying dis_tutorial2/go_to_position_simple_node.py -> /home/osboxes/ros2_ws/build/dis_tutorial2/build/lib/dis_tutorial2
[3.511s] copying dis_tutorial2/__init__.py -> /home/osboxes/ros2_ws/build/dis_tutorial2/build/lib/dis_tutorial2
[3.511s] copying dis_tutorial2/achtung_die_turtles.py -> /home/osboxes/ros2_ws/build/dis_tutorial2/build/lib/dis_tutorial2
[3.511s] running install
[3.511s] running install_lib
[3.511s] creating /home/osboxes/ros2_ws/install/dis_tutorial2/lib/python3.10/site-packages/dis_tutorial2
[3.511s] copying /home/osboxes/ros2_ws/build/dis_tutorial2/build/lib/dis_tutorial2/turtle_move.py -> /home/osboxes/ros2_ws/install/dis_tutorial2/lib/python3.10/site-packages/dis_tutorial2
[3.511s] copying /home/osboxes/ros2_ws/build/dis_tutorial2/build/lib/dis_tutorial2/random_velocity_publisher_node.py -> /home/osboxes/ros2_ws/install/dis_tutorial2/lib/python3.10/site-packages/dis_tutorial2
[3.512s] copying /home/osboxes/ros2_ws/build/dis_tutorial2/build/lib/dis_tutorial2/go_to_position_simple_node.py -> /home/osboxes/ros2_ws/install/dis_tutorial2/lib/python3.10/site-packages/dis_tutorial2
[3.512s] copying /home/osboxes/ros2_ws/build/dis_tutorial2/build/lib/dis_tutorial2/__init__.py -> /home/osboxes/ros2_ws/install/dis_tutorial2/lib/python3.10/site-packages/dis_tutorial2
[3.512s] copying /home/osboxes/ros2_ws/build/dis_tutorial2/build/lib/dis_tutorial2/achtung_die_turtles.py -> /home/osboxes/ros2_ws/install/dis_tutorial2/lib/python3.10/site-packages/dis_tutorial2
[3.512s] byte-compiling /home/osboxes/ros2_ws/install/dis_tutorial2/lib/python3.10/site-packages/dis_tutorial2/turtle_move.py to turtle_move.cpython-310.pyc
[3.513s] byte-compiling /home/osboxes/ros2_ws/install/dis_tutorial2/lib/python3.10/site-packages/dis_tutorial2/random_velocity_publisher_node.py to random_velocity_publisher_node.cpython-310.pyc
[3.514s] byte-compiling /home/osboxes/ros2_ws/install/dis_tutorial2/lib/python3.10/site-packages/dis_tutorial2/go_to_position_simple_node.py to go_to_position_simple_node.cpython-310.pyc
[3.515s] byte-compiling /home/osboxes/ros2_ws/install/dis_tutorial2/lib/python3.10/site-packages/dis_tutorial2/__init__.py to __init__.cpython-310.pyc
[3.516s] byte-compiling /home/osboxes/ros2_ws/install/dis_tutorial2/lib/python3.10/site-packages/dis_tutorial2/achtung_die_turtles.py to achtung_die_turtles.cpython-310.pyc
[3.518s] running install_data
[3.520s] copying resource/dis_tutorial2 -> /home/osboxes/ros2_ws/install/dis_tutorial2/share/ament_index/resource_index/packages
[3.528s] copying package.xml -> /home/osboxes/ros2_ws/install/dis_tutorial2/share/dis_tutorial2
[3.529s] copying launch/example_launch.py -> /home/osboxes/ros2_ws/install/dis_tutorial2/share/dis_tutorial2/launch
[3.529s] copying launch/example_launch.xml -> /home/osboxes/ros2_ws/install/dis_tutorial2/share/dis_tutorial2/launch
[3.532s] copying launch/go_to_position_launch.py -> /home/osboxes/ros2_ws/install/dis_tutorial2/share/dis_tutorial2/launch
[3.535s] copying launch/example_launch.yaml -> /home/osboxes/ros2_ws/install/dis_tutorial2/share/dis_tutorial2/launch
[3.539s] copying srv/MoveTurtle.srv -> /home/osboxes/ros2_ws/install/dis_tutorial2/share/dis_tutorial2/srv
[3.544s] running install_egg_info
[3.546s] Copying ../../build/dis_tutorial2/dis_tutorial2.egg-info to /home/osboxes/ros2_ws/install/dis_tutorial2/lib/python3.10/site-packages/dis_tutorial2-0.0.1-py3.10.egg-info
[3.550s] running install_scripts
[3.587s] Installing achtung_die_turtle script to /home/osboxes/ros2_ws/install/dis_tutorial2/lib/dis_tutorial2
[3.588s] Installing go_to_position script to /home/osboxes/ros2_ws/install/dis_tutorial2/lib/dis_tutorial2
[3.589s] Installing intersection script to /home/osboxes/ros2_ws/install/dis_tutorial2/lib/dis_tutorial2
[3.590s] Installing random_velocity_publisher script to /home/osboxes/ros2_ws/install/dis_tutorial2/lib/dis_tutorial2
[3.592s] Installing turtle_move script to /home/osboxes/ros2_ws/install/dis_tutorial2/lib/dis_tutorial2
[3.593s] writing list of installed files to '/home/osboxes/ros2_ws/build/dis_tutorial2/install.log'
[3.631s] Invoked command in '/home/osboxes/ros2_ws/src/dis_tutorial2' returned '0': PYTHONPATH=/home/osboxes/ros2_ws/build/dis_tutorial2/prefix_override:/usr/lib/python3/dist-packages/colcon_core/task/python/colcon_distutils_commands:/home/osboxes/ros2_ws/install/dis_tutorial2/lib/python3.10/site-packages:${PYTHONPATH} /usr/bin/python3 -W ignore:setup.py install is deprecated -W ignore:easy_install command is deprecated setup.py egg_info --egg-base ../../build/dis_tutorial2 build --build-base /home/osboxes/ros2_ws/build/dis_tutorial2/build install --record /home/osboxes/ros2_ws/build/dis_tutorial2/install.log --single-version-externally-managed install_data --force
