[0.053s] Invoking command in '/home/ilija/ros2_ws/src/RINS/build/hwpub': CMAKE_PREFIX_PATH=${CMAKE_PREFIX_PATH}:/home/ilija/ros2_ws/src/RINS/install/dis_tutorial2:/opt/ros/humble /usr/bin/cmake --build /home/ilija/ros2_ws/src/RINS/build/hwpub -- -j2 -l2
[0.356s] [  2%] Built target hwpub__cpp
[0.456s] [ 12%] Built target hwpub__rosidl_generator_c
[0.579s] [ 12%] Built target ament_cmake_python_symlink_hwpub
[0.644s] [ 23%] Built target hwpub__rosidl_typesupport_cpp
[0.793s] [ 33%] Built target hwpub__rosidl_typesupport_fastrtps_c
[0.793s] [ 43%] Built target hwpub__rosidl_typesupport_fastrtps_cpp
[0.987s] [ 53%] Built target hwpub__rosidl_typesupport_introspection_c
[1.047s] [ 64%] Built target hwpub__rosidl_typesupport_c
[1.238s] [ 74%] Built target hwpub__rosidl_typesupport_introspection_cpp
[1.462s] [ 74%] Built target hwpub
[1.687s] [ 76%] Built target hwpub__py
[1.944s] [ 84%] Built target hwpub__rosidl_generator_py
[2.146s] [ 89%] Built target hwpub__rosidl_typesupport_fastrtps_c__pyext
[2.287s] [ 94%] Built target hwpub__rosidl_typesupport_introspection_c__pyext
[2.412s] [100%] Built target hwpub__rosidl_typesupport_c__pyext
[2.484s] running egg_info
[2.488s] writing hwpub.egg-info/PKG-INFO
[2.490s] writing dependency_links to hwpub.egg-info/dependency_links.txt
[2.493s] writing top-level names to hwpub.egg-info/top_level.txt
[2.500s] reading manifest file 'hwpub.egg-info/SOURCES.txt'
[2.501s] writing manifest file 'hwpub.egg-info/SOURCES.txt'
[2.595s] [100%] Built target ament_cmake_python_build_hwpub_egg
[2.641s] Invoked command in '/home/ilija/ros2_ws/src/RINS/build/hwpub' returned '0': CMAKE_PREFIX_PATH=${CMAKE_PREFIX_PATH}:/home/ilija/ros2_ws/src/RINS/install/dis_tutorial2:/opt/ros/humble /usr/bin/cmake --build /home/ilija/ros2_ws/src/RINS/build/hwpub -- -j2 -l2
[2.649s] Invoking command in '/home/ilija/ros2_ws/src/RINS/build/hwpub': CMAKE_PREFIX_PATH=${CMAKE_PREFIX_PATH}:/home/ilija/ros2_ws/src/RINS/install/dis_tutorial2:/opt/ros/humble /usr/bin/cmake --install /home/ilija/ros2_ws/src/RINS/build/hwpub
[2.676s] -- Install configuration: ""
[2.678s] -- Execute custom install script
[2.681s] -- Up-to-date symlink: /home/ilija/ros2_ws/src/RINS/install/hwpub/share/ament_index/resource_index/rosidl_interfaces/hwpub
[2.682s] -- Up-to-date symlink: /home/ilija/ros2_ws/src/RINS/install/hwpub/include/hwpub/hwpub/msg/detail/hwmsg__functions.h
[2.682s] -- Up-to-date symlink: /home/ilija/ros2_ws/src/RINS/install/hwpub/include/hwpub/hwpub/msg/detail/hwmsg__struct.h
[2.683s] -- Up-to-date symlink: /home/ilija/ros2_ws/src/RINS/install/hwpub/include/hwpub/hwpub/msg/detail/hwmsg__type_support.h
[2.684s] -- Up-to-date symlink: /home/ilija/ros2_ws/src/RINS/install/hwpub/include/hwpub/hwpub/msg/hwmsg.h
[2.685s] -- Up-to-date symlink: /home/ilija/ros2_ws/src/RINS/install/hwpub/include/hwpub/hwpub/msg/rosidl_generator_c__visibility_control.h
[2.685s] -- Up-to-date symlink: /home/ilija/ros2_ws/src/RINS/install/hwpub/include/hwpub/hwpub/srv/customserv.h
[2.688s] -- Up-to-date symlink: /home/ilija/ros2_ws/src/RINS/install/hwpub/include/hwpub/hwpub/srv/detail/customserv__functions.h
[2.688s] -- Up-to-date symlink: /home/ilija/ros2_ws/src/RINS/install/hwpub/include/hwpub/hwpub/srv/detail/customserv__struct.h
[2.688s] -- Up-to-date symlink: /home/ilija/ros2_ws/src/RINS/install/hwpub/include/hwpub/hwpub/srv/detail/customserv__type_support.h
[2.689s] -- Up-to-date symlink: /home/ilija/ros2_ws/src/RINS/install/hwpub/share/hwpub/environment/library_path.sh
[2.689s] -- Up-to-date symlink: /home/ilija/ros2_ws/src/RINS/install/hwpub/share/hwpub/environment/library_path.dsv
[2.692s] -- Up-to-date symlink: /home/ilija/ros2_ws/src/RINS/install/hwpub/include/hwpub/hwpub/msg/detail/hwmsg__rosidl_typesupport_fastrtps_c.h
[2.693s] -- Up-to-date symlink: /home/ilija/ros2_ws/src/RINS/install/hwpub/include/hwpub/hwpub/msg/rosidl_typesupport_fastrtps_c__visibility_control.h
[2.693s] -- Up-to-date symlink: /home/ilija/ros2_ws/src/RINS/install/hwpub/include/hwpub/hwpub/srv/detail/customserv__rosidl_typesupport_fastrtps_c.h
[2.695s] -- Up-to-date symlink: /home/ilija/ros2_ws/src/RINS/install/hwpub/include/hwpub/hwpub/msg/detail/hwmsg__builder.hpp
[2.696s] -- Up-to-date symlink: /home/ilija/ros2_ws/src/RINS/install/hwpub/include/hwpub/hwpub/msg/detail/hwmsg__struct.hpp
[2.696s] -- Up-to-date symlink: /home/ilija/ros2_ws/src/RINS/install/hwpub/include/hwpub/hwpub/msg/detail/hwmsg__traits.hpp
[2.697s] -- Up-to-date symlink: /home/ilija/ros2_ws/src/RINS/install/hwpub/include/hwpub/hwpub/msg/detail/hwmsg__type_support.hpp
[2.697s] -- Up-to-date symlink: /home/ilija/ros2_ws/src/RINS/install/hwpub/include/hwpub/hwpub/msg/hwmsg.hpp
[2.698s] -- Up-to-date symlink: /home/ilija/ros2_ws/src/RINS/install/hwpub/include/hwpub/hwpub/msg/rosidl_generator_cpp__visibility_control.hpp
[2.699s] -- Up-to-date symlink: /home/ilija/ros2_ws/src/RINS/install/hwpub/include/hwpub/hwpub/srv/customserv.hpp
[2.700s] -- Up-to-date symlink: /home/ilija/ros2_ws/src/RINS/install/hwpub/include/hwpub/hwpub/srv/detail/customserv__builder.hpp
[2.701s] -- Up-to-date symlink: /home/ilija/ros2_ws/src/RINS/install/hwpub/include/hwpub/hwpub/srv/detail/customserv__struct.hpp
[2.702s] -- Up-to-date symlink: /home/ilija/ros2_ws/src/RINS/install/hwpub/include/hwpub/hwpub/srv/detail/customserv__traits.hpp
[2.702s] -- Up-to-date symlink: /home/ilija/ros2_ws/src/RINS/install/hwpub/include/hwpub/hwpub/srv/detail/customserv__type_support.hpp
[2.706s] -- Up-to-date symlink: /home/ilija/ros2_ws/src/RINS/install/hwpub/include/hwpub/hwpub/msg/detail/hwmsg__rosidl_typesupport_fastrtps_cpp.hpp
[2.706s] -- Up-to-date symlink: /home/ilija/ros2_ws/src/RINS/install/hwpub/include/hwpub/hwpub/msg/rosidl_typesupport_fastrtps_cpp__visibility_control.h
[2.707s] -- Up-to-date symlink: /home/ilija/ros2_ws/src/RINS/install/hwpub/include/hwpub/hwpub/srv/detail/customserv__rosidl_typesupport_fastrtps_cpp.hpp
[2.710s] -- Up-to-date symlink: /home/ilija/ros2_ws/src/RINS/install/hwpub/include/hwpub/hwpub/msg/detail/hwmsg__rosidl_typesupport_introspection_c.h
[2.710s] -- Up-to-date symlink: /home/ilija/ros2_ws/src/RINS/install/hwpub/include/hwpub/hwpub/msg/rosidl_typesupport_introspection_c__visibility_control.h
[2.710s] -- Up-to-date symlink: /home/ilija/ros2_ws/src/RINS/install/hwpub/include/hwpub/hwpub/srv/detail/customserv__rosidl_typesupport_introspection_c.h
[2.711s] -- Up-to-date symlink: /home/ilija/ros2_ws/src/RINS/install/hwpub/include/hwpub/hwpub/msg/detail/hwmsg__rosidl_typesupport_introspection_cpp.hpp
[2.711s] -- Up-to-date symlink: /home/ilija/ros2_ws/src/RINS/install/hwpub/include/hwpub/hwpub/srv/detail/customserv__rosidl_typesupport_introspection_cpp.hpp
[2.712s] -- Up-to-date symlink: /home/ilija/ros2_ws/src/RINS/install/hwpub/share/hwpub/environment/pythonpath.sh
[2.712s] -- Up-to-date symlink: /home/ilija/ros2_ws/src/RINS/install/hwpub/share/hwpub/environment/pythonpath.dsv
[2.713s] -- Up-to-date symlink: /home/ilija/ros2_ws/src/RINS/install/hwpub/local/lib/python3.10/dist-packages/hwpub-0.0.1-py3.10.egg-info/PKG-INFO
[2.713s] -- Up-to-date symlink: /home/ilija/ros2_ws/src/RINS/install/hwpub/local/lib/python3.10/dist-packages/hwpub-0.0.1-py3.10.egg-info/SOURCES.txt
[2.714s] -- Up-to-date symlink: /home/ilija/ros2_ws/src/RINS/install/hwpub/local/lib/python3.10/dist-packages/hwpub-0.0.1-py3.10.egg-info/dependency_links.txt
[2.715s] -- Up-to-date symlink: /home/ilija/ros2_ws/src/RINS/install/hwpub/local/lib/python3.10/dist-packages/hwpub-0.0.1-py3.10.egg-info/top_level.txt
[2.719s] -- Up-to-date symlink: /home/ilija/ros2_ws/src/RINS/install/hwpub/local/lib/python3.10/dist-packages/hwpub/__init__.py
[2.720s] -- Up-to-date symlink: /home/ilija/ros2_ws/src/RINS/install/hwpub/local/lib/python3.10/dist-packages/hwpub/_hwpub_s.ep.rosidl_typesupport_c.c
[2.720s] -- Up-to-date symlink: /home/ilija/ros2_ws/src/RINS/install/hwpub/local/lib/python3.10/dist-packages/hwpub/_hwpub_s.ep.rosidl_typesupport_fastrtps_c.c
[2.720s] -- Up-to-date symlink: /home/ilija/ros2_ws/src/RINS/install/hwpub/local/lib/python3.10/dist-packages/hwpub/_hwpub_s.ep.rosidl_typesupport_introspection_c.c
[2.721s] -- Up-to-date symlink: /home/ilija/ros2_ws/src/RINS/install/hwpub/local/lib/python3.10/dist-packages/hwpub/hwpub_s__rosidl_typesupport_c.cpython-310-x86_64-linux-gnu.so
[2.725s] -- Up-to-date symlink: /home/ilija/ros2_ws/src/RINS/install/hwpub/local/lib/python3.10/dist-packages/hwpub/hwpub_s__rosidl_typesupport_fastrtps_c.cpython-310-x86_64-linux-gnu.so
[2.726s] -- Up-to-date symlink: /home/ilija/ros2_ws/src/RINS/install/hwpub/local/lib/python3.10/dist-packages/hwpub/hwpub_s__rosidl_typesupport_introspection_c.cpython-310-x86_64-linux-gnu.so
[2.726s] -- Up-to-date symlink: /home/ilija/ros2_ws/src/RINS/install/hwpub/local/lib/python3.10/dist-packages/hwpub/libhwpub__rosidl_generator_py.so
[2.726s] -- Up-to-date symlink: /home/ilija/ros2_ws/src/RINS/install/hwpub/local/lib/python3.10/dist-packages/hwpub/msg/__init__.py
[2.727s] -- Up-to-date symlink: /home/ilija/ros2_ws/src/RINS/install/hwpub/local/lib/python3.10/dist-packages/hwpub/msg/_hwmsg.py
[2.727s] -- Up-to-date symlink: /home/ilija/ros2_ws/src/RINS/install/hwpub/local/lib/python3.10/dist-packages/hwpub/msg/_hwmsg_s.c
[2.727s] -- Up-to-date symlink: /home/ilija/ros2_ws/src/RINS/install/hwpub/local/lib/python3.10/dist-packages/hwpub/srv/__init__.py
[2.728s] -- Up-to-date symlink: /home/ilija/ros2_ws/src/RINS/install/hwpub/local/lib/python3.10/dist-packages/hwpub/srv/_customserv.py
[2.729s] -- Up-to-date symlink: /home/ilija/ros2_ws/src/RINS/install/hwpub/local/lib/python3.10/dist-packages/hwpub/srv/_customserv_s.c
[2.730s] -- Up-to-date symlink: /home/ilija/ros2_ws/src/RINS/install/hwpub/local/lib/python3.10/dist-packages/hwpub/hwpub_s__rosidl_typesupport_fastrtps_c.cpython-310-x86_64-linux-gnu.so
[2.731s] -- Up-to-date symlink: /home/ilija/ros2_ws/src/RINS/install/hwpub/local/lib/python3.10/dist-packages/hwpub/hwpub_s__rosidl_typesupport_introspection_c.cpython-310-x86_64-linux-gnu.so
[2.732s] -- Up-to-date symlink: /home/ilija/ros2_ws/src/RINS/install/hwpub/local/lib/python3.10/dist-packages/hwpub/hwpub_s__rosidl_typesupport_c.cpython-310-x86_64-linux-gnu.so
[2.733s] -- Up-to-date symlink: /home/ilija/ros2_ws/src/RINS/install/hwpub/share/hwpub/msg/Hwmsg.idl
[2.734s] -- Up-to-date symlink: /home/ilija/ros2_ws/src/RINS/install/hwpub/share/hwpub/srv/Customserv.idl
[2.735s] -- Up-to-date symlink: /home/ilija/ros2_ws/src/RINS/install/hwpub/share/hwpub/msg/Hwmsg.msg
[2.736s] -- Up-to-date symlink: /home/ilija/ros2_ws/src/RINS/install/hwpub/share/hwpub/srv/Customserv.srv
[2.736s] -- Up-to-date symlink: /home/ilija/ros2_ws/src/RINS/install/hwpub/share/hwpub/srv/Customserv_Request.msg
[2.737s] -- Up-to-date symlink: /home/ilija/ros2_ws/src/RINS/install/hwpub/share/hwpub/srv/Customserv_Response.msg
[2.738s] -- Up-to-date symlink: /home/ilija/ros2_ws/src/RINS/install/hwpub/lib/hwpub/py_move_trajectory.py
[2.739s] -- Up-to-date symlink: /home/ilija/ros2_ws/src/RINS/install/hwpub/share/ament_index/resource_index/package_run_dependencies/hwpub
[2.739s] -- Up-to-date symlink: /home/ilija/ros2_ws/src/RINS/install/hwpub/share/ament_index/resource_index/parent_prefix_path/hwpub
[2.740s] -- Up-to-date symlink: /home/ilija/ros2_ws/src/RINS/install/hwpub/share/hwpub/environment/ament_prefix_path.sh
[2.742s] -- Up-to-date symlink: /home/ilija/ros2_ws/src/RINS/install/hwpub/share/hwpub/environment/ament_prefix_path.dsv
[2.742s] -- Up-to-date symlink: /home/ilija/ros2_ws/src/RINS/install/hwpub/share/hwpub/environment/path.sh
[2.743s] -- Up-to-date symlink: /home/ilija/ros2_ws/src/RINS/install/hwpub/share/hwpub/environment/path.dsv
[2.744s] -- Up-to-date symlink: /home/ilija/ros2_ws/src/RINS/install/hwpub/share/hwpub/local_setup.bash
[2.744s] -- Up-to-date symlink: /home/ilija/ros2_ws/src/RINS/install/hwpub/share/hwpub/local_setup.sh
[2.746s] -- Up-to-date symlink: /home/ilija/ros2_ws/src/RINS/install/hwpub/share/hwpub/local_setup.zsh
[2.747s] -- Up-to-date symlink: /home/ilija/ros2_ws/src/RINS/install/hwpub/share/hwpub/local_setup.dsv
[2.747s] -- Symlinking: /home/ilija/ros2_ws/src/RINS/install/hwpub/share/hwpub/package.dsv
[2.786s] -- Up-to-date symlink: /home/ilija/ros2_ws/src/RINS/install/hwpub/share/ament_index/resource_index/packages/hwpub
[2.787s] -- Up-to-date symlink: /home/ilija/ros2_ws/src/RINS/install/hwpub/share/hwpub/cmake/rosidl_cmake-extras.cmake
[2.788s] -- Up-to-date symlink: /home/ilija/ros2_ws/src/RINS/install/hwpub/share/hwpub/cmake/ament_cmake_export_dependencies-extras.cmake
[2.789s] -- Up-to-date symlink: /home/ilija/ros2_ws/src/RINS/install/hwpub/share/hwpub/cmake/ament_cmake_export_include_directories-extras.cmake
[2.790s] -- Up-to-date symlink: /home/ilija/ros2_ws/src/RINS/install/hwpub/share/hwpub/cmake/ament_cmake_export_libraries-extras.cmake
[2.791s] -- Up-to-date symlink: /home/ilija/ros2_ws/src/RINS/install/hwpub/share/hwpub/cmake/ament_cmake_export_targets-extras.cmake
[2.791s] -- Up-to-date symlink: /home/ilija/ros2_ws/src/RINS/install/hwpub/share/hwpub/cmake/rosidl_cmake_export_typesupport_targets-extras.cmake
[2.792s] -- Up-to-date symlink: /home/ilija/ros2_ws/src/RINS/install/hwpub/share/hwpub/cmake/rosidl_cmake_export_typesupport_libraries-extras.cmake
[2.794s] -- Up-to-date symlink: /home/ilija/ros2_ws/src/RINS/install/hwpub/share/hwpub/cmake/hwpubConfig.cmake
[2.794s] -- Up-to-date symlink: /home/ilija/ros2_ws/src/RINS/install/hwpub/share/hwpub/cmake/hwpubConfig-version.cmake
[2.794s] -- Up-to-date symlink: /home/ilija/ros2_ws/src/RINS/install/hwpub/share/hwpub/package.xml
[2.795s] -- Up-to-date: /home/ilija/ros2_ws/src/RINS/install/hwpub/lib/libhwpub__rosidl_generator_c.so
[2.797s] -- Up-to-date: /home/ilija/ros2_ws/src/RINS/install/hwpub/lib/libhwpub__rosidl_typesupport_fastrtps_c.so
[2.797s] -- Up-to-date: /home/ilija/ros2_ws/src/RINS/install/hwpub/lib/libhwpub__rosidl_typesupport_fastrtps_cpp.so
[2.799s] -- Up-to-date: /home/ilija/ros2_ws/src/RINS/install/hwpub/lib/libhwpub__rosidl_typesupport_introspection_c.so
[2.799s] -- Up-to-date: /home/ilija/ros2_ws/src/RINS/install/hwpub/lib/libhwpub__rosidl_typesupport_c.so
[2.800s] -- Up-to-date: /home/ilija/ros2_ws/src/RINS/install/hwpub/lib/libhwpub__rosidl_typesupport_introspection_cpp.so
[2.802s] -- Up-to-date: /home/ilija/ros2_ws/src/RINS/install/hwpub/lib/libhwpub__rosidl_typesupport_cpp.so
[2.899s] Listing '/home/ilija/ros2_ws/src/RINS/install/hwpub/local/lib/python3.10/dist-packages/hwpub'...
[2.900s] Listing '/home/ilija/ros2_ws/src/RINS/install/hwpub/local/lib/python3.10/dist-packages/hwpub/msg'...
[2.900s] Listing '/home/ilija/ros2_ws/src/RINS/install/hwpub/local/lib/python3.10/dist-packages/hwpub/srv'...
[2.914s] -- Up-to-date: /home/ilija/ros2_ws/src/RINS/install/hwpub/lib/libhwpub__rosidl_generator_py.so
[2.915s] -- Up-to-date: /home/ilija/ros2_ws/src/RINS/install/hwpub/share/hwpub/cmake/export_hwpub__rosidl_generator_cExport.cmake
[2.919s] -- Up-to-date: /home/ilija/ros2_ws/src/RINS/install/hwpub/share/hwpub/cmake/export_hwpub__rosidl_generator_cExport-noconfig.cmake
[2.920s] -- Up-to-date: /home/ilija/ros2_ws/src/RINS/install/hwpub/share/hwpub/cmake/export_hwpub__rosidl_typesupport_fastrtps_cExport.cmake
[2.921s] -- Up-to-date: /home/ilija/ros2_ws/src/RINS/install/hwpub/share/hwpub/cmake/export_hwpub__rosidl_typesupport_fastrtps_cExport-noconfig.cmake
[2.922s] -- Up-to-date: /home/ilija/ros2_ws/src/RINS/install/hwpub/share/hwpub/cmake/export_hwpub__rosidl_generator_cppExport.cmake
[2.922s] -- Up-to-date: /home/ilija/ros2_ws/src/RINS/install/hwpub/share/hwpub/cmake/export_hwpub__rosidl_typesupport_fastrtps_cppExport.cmake
[2.922s] -- Up-to-date: /home/ilija/ros2_ws/src/RINS/install/hwpub/share/hwpub/cmake/export_hwpub__rosidl_typesupport_fastrtps_cppExport-noconfig.cmake
[2.923s] -- Up-to-date: /home/ilija/ros2_ws/src/RINS/install/hwpub/share/hwpub/cmake/hwpub__rosidl_typesupport_introspection_cExport.cmake
[2.923s] -- Up-to-date: /home/ilija/ros2_ws/src/RINS/install/hwpub/share/hwpub/cmake/hwpub__rosidl_typesupport_introspection_cExport-noconfig.cmake
[2.923s] -- Up-to-date: /home/ilija/ros2_ws/src/RINS/install/hwpub/share/hwpub/cmake/hwpub__rosidl_typesupport_cExport.cmake
[2.924s] -- Up-to-date: /home/ilija/ros2_ws/src/RINS/install/hwpub/share/hwpub/cmake/hwpub__rosidl_typesupport_cExport-noconfig.cmake
[2.924s] -- Up-to-date: /home/ilija/ros2_ws/src/RINS/install/hwpub/share/hwpub/cmake/hwpub__rosidl_typesupport_introspection_cppExport.cmake
[2.924s] -- Up-to-date: /home/ilija/ros2_ws/src/RINS/install/hwpub/share/hwpub/cmake/hwpub__rosidl_typesupport_introspection_cppExport-noconfig.cmake
[2.926s] -- Up-to-date: /home/ilija/ros2_ws/src/RINS/install/hwpub/share/hwpub/cmake/hwpub__rosidl_typesupport_cppExport.cmake
[2.926s] -- Up-to-date: /home/ilija/ros2_ws/src/RINS/install/hwpub/share/hwpub/cmake/hwpub__rosidl_typesupport_cppExport-noconfig.cmake
[2.926s] -- Up-to-date: /home/ilija/ros2_ws/src/RINS/install/hwpub/share/hwpub/cmake/export_hwpub__rosidl_generator_pyExport.cmake
[2.927s] -- Up-to-date: /home/ilija/ros2_ws/src/RINS/install/hwpub/share/hwpub/cmake/export_hwpub__rosidl_generator_pyExport-noconfig.cmake
[2.934s] Invoked command in '/home/ilija/ros2_ws/src/RINS/build/hwpub' returned '0': CMAKE_PREFIX_PATH=${CMAKE_PREFIX_PATH}:/home/ilija/ros2_ws/src/RINS/install/dis_tutorial2:/opt/ros/humble /usr/bin/cmake --install /home/ilija/ros2_ws/src/RINS/build/hwpub
