[0.104s] Invoking command in '/home/ilija/ros2_ws/src/RINS/build/hwpub': CMAKE_PREFIX_PATH=${CMAKE_PREFIX_PATH}:/home/ilija/ros2_ws/src/RINS/install/dis_tutorial2:/opt/ros/humble /usr/bin/cmake --build /home/ilija/ros2_ws/src/RINS/build/hwpub -- -j2 -l2
[0.391s] [  2%] Built target hwpub__cpp
[0.449s] [ 12%] Built target hwpub__rosidl_generator_c
[0.608s] [ 23%] Built target hwpub__rosidl_typesupport_cpp
[0.654s] [ 23%] Built target ament_cmake_python_symlink_hwpub
[0.822s] [ 33%] Built target hwpub__rosidl_typesupport_fastrtps_c
[0.865s] [ 43%] Built target hwpub__rosidl_typesupport_fastrtps_cpp
[1.022s] [ 53%] Built target hwpub__rosidl_typesupport_c
[1.026s] [ 64%] Built target hwpub__rosidl_typesupport_introspection_c
[1.154s] [ 74%] Built target hwpub__rosidl_typesupport_introspection_cpp
[1.268s] [ 74%] Built target hwpub
[1.390s] [ 76%] Built target hwpub__py
[1.520s] [ 84%] Built target hwpub__rosidl_generator_py
[1.654s] [ 89%] Built target hwpub__rosidl_typesupport_fastrtps_c__pyext
[1.772s] [ 94%] Built target hwpub__rosidl_typesupport_introspection_c__pyext
[1.911s] [100%] Built target hwpub__rosidl_typesupport_c__pyext
[2.502s] running egg_info
[2.504s] writing hwpub.egg-info/PKG-INFO
[2.506s] writing dependency_links to hwpub.egg-info/dependency_links.txt
[2.508s] writing top-level names to hwpub.egg-info/top_level.txt
[2.517s] reading manifest file 'hwpub.egg-info/SOURCES.txt'
[2.518s] writing manifest file 'hwpub.egg-info/SOURCES.txt'
[2.618s] [100%] Built target ament_cmake_python_build_hwpub_egg
[2.663s] Invoked command in '/home/ilija/ros2_ws/src/RINS/build/hwpub' returned '0': CMAKE_PREFIX_PATH=${CMAKE_PREFIX_PATH}:/home/ilija/ros2_ws/src/RINS/install/dis_tutorial2:/opt/ros/humble /usr/bin/cmake --build /home/ilija/ros2_ws/src/RINS/build/hwpub -- -j2 -l2
[2.674s] Invoking command in '/home/ilija/ros2_ws/src/RINS/build/hwpub': CMAKE_PREFIX_PATH=${CMAKE_PREFIX_PATH}:/home/ilija/ros2_ws/src/RINS/install/dis_tutorial2:/opt/ros/humble /usr/bin/cmake --install /home/ilija/ros2_ws/src/RINS/build/hwpub
[2.706s] -- Install configuration: ""
[2.708s] -- Execute custom install script
[2.712s] -- Up-to-date symlink: /home/ilija/ros2_ws/src/RINS/install/hwpub/share/ament_index/resource_index/rosidl_interfaces/hwpub
[2.713s] -- Up-to-date symlink: /home/ilija/ros2_ws/src/RINS/install/hwpub/include/hwpub/hwpub/msg/detail/hwmsg__functions.h
[2.713s] -- Up-to-date symlink: /home/ilija/ros2_ws/src/RINS/install/hwpub/include/hwpub/hwpub/msg/detail/hwmsg__struct.h
[2.714s] -- Up-to-date symlink: /home/ilija/ros2_ws/src/RINS/install/hwpub/include/hwpub/hwpub/msg/detail/hwmsg__type_support.h
[2.714s] -- Up-to-date symlink: /home/ilija/ros2_ws/src/RINS/install/hwpub/include/hwpub/hwpub/msg/hwmsg.h
[2.715s] -- Up-to-date symlink: /home/ilija/ros2_ws/src/RINS/install/hwpub/include/hwpub/hwpub/msg/rosidl_generator_c__visibility_control.h
[2.716s] -- Up-to-date symlink: /home/ilija/ros2_ws/src/RINS/install/hwpub/include/hwpub/hwpub/srv/customserv.h
[2.719s] -- Up-to-date symlink: /home/ilija/ros2_ws/src/RINS/install/hwpub/include/hwpub/hwpub/srv/detail/customserv__functions.h
[2.719s] -- Up-to-date symlink: /home/ilija/ros2_ws/src/RINS/install/hwpub/include/hwpub/hwpub/srv/detail/customserv__struct.h
[2.719s] -- Up-to-date symlink: /home/ilija/ros2_ws/src/RINS/install/hwpub/include/hwpub/hwpub/srv/detail/customserv__type_support.h
[2.719s] -- Up-to-date symlink: /home/ilija/ros2_ws/src/RINS/install/hwpub/share/hwpub/environment/library_path.sh
[2.719s] -- Up-to-date symlink: /home/ilija/ros2_ws/src/RINS/install/hwpub/share/hwpub/environment/library_path.dsv
[2.723s] -- Up-to-date symlink: /home/ilija/ros2_ws/src/RINS/install/hwpub/include/hwpub/hwpub/msg/detail/hwmsg__rosidl_typesupport_fastrtps_c.h
[2.723s] -- Up-to-date symlink: /home/ilija/ros2_ws/src/RINS/install/hwpub/include/hwpub/hwpub/msg/rosidl_typesupport_fastrtps_c__visibility_control.h
[2.724s] -- Up-to-date symlink: /home/ilija/ros2_ws/src/RINS/install/hwpub/include/hwpub/hwpub/srv/detail/customserv__rosidl_typesupport_fastrtps_c.h
[2.726s] -- Up-to-date symlink: /home/ilija/ros2_ws/src/RINS/install/hwpub/include/hwpub/hwpub/msg/detail/hwmsg__builder.hpp
[2.728s] -- Up-to-date symlink: /home/ilija/ros2_ws/src/RINS/install/hwpub/include/hwpub/hwpub/msg/detail/hwmsg__struct.hpp
[2.728s] -- Up-to-date symlink: /home/ilija/ros2_ws/src/RINS/install/hwpub/include/hwpub/hwpub/msg/detail/hwmsg__traits.hpp
[2.729s] -- Up-to-date symlink: /home/ilija/ros2_ws/src/RINS/install/hwpub/include/hwpub/hwpub/msg/detail/hwmsg__type_support.hpp
[2.730s] -- Up-to-date symlink: /home/ilija/ros2_ws/src/RINS/install/hwpub/include/hwpub/hwpub/msg/hwmsg.hpp
[2.730s] -- Up-to-date symlink: /home/ilija/ros2_ws/src/RINS/install/hwpub/include/hwpub/hwpub/msg/rosidl_generator_cpp__visibility_control.hpp
[2.731s] -- Up-to-date symlink: /home/ilija/ros2_ws/src/RINS/install/hwpub/include/hwpub/hwpub/srv/customserv.hpp
[2.733s] -- Up-to-date symlink: /home/ilija/ros2_ws/src/RINS/install/hwpub/include/hwpub/hwpub/srv/detail/customserv__builder.hpp
[2.733s] -- Up-to-date symlink: /home/ilija/ros2_ws/src/RINS/install/hwpub/include/hwpub/hwpub/srv/detail/customserv__struct.hpp
[2.734s] -- Up-to-date symlink: /home/ilija/ros2_ws/src/RINS/install/hwpub/include/hwpub/hwpub/srv/detail/customserv__traits.hpp
[2.734s] -- Up-to-date symlink: /home/ilija/ros2_ws/src/RINS/install/hwpub/include/hwpub/hwpub/srv/detail/customserv__type_support.hpp
[2.736s] -- Up-to-date symlink: /home/ilija/ros2_ws/src/RINS/install/hwpub/include/hwpub/hwpub/msg/detail/hwmsg__rosidl_typesupport_fastrtps_cpp.hpp
[2.736s] -- Up-to-date symlink: /home/ilija/ros2_ws/src/RINS/install/hwpub/include/hwpub/hwpub/msg/rosidl_typesupport_fastrtps_cpp__visibility_control.h
[2.737s] -- Up-to-date symlink: /home/ilija/ros2_ws/src/RINS/install/hwpub/include/hwpub/hwpub/srv/detail/customserv__rosidl_typesupport_fastrtps_cpp.hpp
[2.739s] -- Up-to-date symlink: /home/ilija/ros2_ws/src/RINS/install/hwpub/include/hwpub/hwpub/msg/detail/hwmsg__rosidl_typesupport_introspection_c.h
[2.739s] -- Up-to-date symlink: /home/ilija/ros2_ws/src/RINS/install/hwpub/include/hwpub/hwpub/msg/rosidl_typesupport_introspection_c__visibility_control.h
[2.740s] -- Up-to-date symlink: /home/ilija/ros2_ws/src/RINS/install/hwpub/include/hwpub/hwpub/srv/detail/customserv__rosidl_typesupport_introspection_c.h
[2.741s] -- Up-to-date symlink: /home/ilija/ros2_ws/src/RINS/install/hwpub/include/hwpub/hwpub/msg/detail/hwmsg__rosidl_typesupport_introspection_cpp.hpp
[2.741s] -- Up-to-date symlink: /home/ilija/ros2_ws/src/RINS/install/hwpub/include/hwpub/hwpub/srv/detail/customserv__rosidl_typesupport_introspection_cpp.hpp
[2.742s] -- Up-to-date symlink: /home/ilija/ros2_ws/src/RINS/install/hwpub/share/hwpub/environment/pythonpath.sh
[2.743s] -- Up-to-date symlink: /home/ilija/ros2_ws/src/RINS/install/hwpub/share/hwpub/environment/pythonpath.dsv
[2.744s] -- Up-to-date symlink: /home/ilija/ros2_ws/src/RINS/install/hwpub/local/lib/python3.10/dist-packages/hwpub-0.0.1-py3.10.egg-info/PKG-INFO
[2.745s] -- Up-to-date symlink: /home/ilija/ros2_ws/src/RINS/install/hwpub/local/lib/python3.10/dist-packages/hwpub-0.0.1-py3.10.egg-info/SOURCES.txt
[2.746s] -- Up-to-date symlink: /home/ilija/ros2_ws/src/RINS/install/hwpub/local/lib/python3.10/dist-packages/hwpub-0.0.1-py3.10.egg-info/dependency_links.txt
[2.747s] -- Up-to-date symlink: /home/ilija/ros2_ws/src/RINS/install/hwpub/local/lib/python3.10/dist-packages/hwpub-0.0.1-py3.10.egg-info/top_level.txt
[2.750s] -- Up-to-date symlink: /home/ilija/ros2_ws/src/RINS/install/hwpub/local/lib/python3.10/dist-packages/hwpub/__init__.py
[2.750s] -- Up-to-date symlink: /home/ilija/ros2_ws/src/RINS/install/hwpub/local/lib/python3.10/dist-packages/hwpub/_hwpub_s.ep.rosidl_typesupport_c.c
[2.750s] -- Up-to-date symlink: /home/ilija/ros2_ws/src/RINS/install/hwpub/local/lib/python3.10/dist-packages/hwpub/_hwpub_s.ep.rosidl_typesupport_fastrtps_c.c
[2.751s] -- Up-to-date symlink: /home/ilija/ros2_ws/src/RINS/install/hwpub/local/lib/python3.10/dist-packages/hwpub/_hwpub_s.ep.rosidl_typesupport_introspection_c.c
[2.753s] -- Up-to-date symlink: /home/ilija/ros2_ws/src/RINS/install/hwpub/local/lib/python3.10/dist-packages/hwpub/hwpub_s__rosidl_typesupport_c.cpython-310-x86_64-linux-gnu.so
[2.753s] -- Up-to-date symlink: /home/ilija/ros2_ws/src/RINS/install/hwpub/local/lib/python3.10/dist-packages/hwpub/hwpub_s__rosidl_typesupport_fastrtps_c.cpython-310-x86_64-linux-gnu.so
[2.754s] -- Up-to-date symlink: /home/ilija/ros2_ws/src/RINS/install/hwpub/local/lib/python3.10/dist-packages/hwpub/hwpub_s__rosidl_typesupport_introspection_c.cpython-310-x86_64-linux-gnu.so
[2.754s] -- Up-to-date symlink: /home/ilija/ros2_ws/src/RINS/install/hwpub/local/lib/python3.10/dist-packages/hwpub/libhwpub__rosidl_generator_py.so
[2.755s] -- Up-to-date symlink: /home/ilija/ros2_ws/src/RINS/install/hwpub/local/lib/python3.10/dist-packages/hwpub/msg/__init__.py
[2.755s] -- Up-to-date symlink: /home/ilija/ros2_ws/src/RINS/install/hwpub/local/lib/python3.10/dist-packages/hwpub/msg/_hwmsg.py
[2.756s] -- Up-to-date symlink: /home/ilija/ros2_ws/src/RINS/install/hwpub/local/lib/python3.10/dist-packages/hwpub/msg/_hwmsg_s.c
[2.757s] -- Up-to-date symlink: /home/ilija/ros2_ws/src/RINS/install/hwpub/local/lib/python3.10/dist-packages/hwpub/srv/__init__.py
[2.757s] -- Up-to-date symlink: /home/ilija/ros2_ws/src/RINS/install/hwpub/local/lib/python3.10/dist-packages/hwpub/srv/_customserv.py
[2.758s] -- Up-to-date symlink: /home/ilija/ros2_ws/src/RINS/install/hwpub/local/lib/python3.10/dist-packages/hwpub/srv/_customserv_s.c
[2.760s] -- Up-to-date symlink: /home/ilija/ros2_ws/src/RINS/install/hwpub/local/lib/python3.10/dist-packages/hwpub/hwpub_s__rosidl_typesupport_fastrtps_c.cpython-310-x86_64-linux-gnu.so
[2.761s] -- Up-to-date symlink: /home/ilija/ros2_ws/src/RINS/install/hwpub/local/lib/python3.10/dist-packages/hwpub/hwpub_s__rosidl_typesupport_introspection_c.cpython-310-x86_64-linux-gnu.so
[2.762s] -- Up-to-date symlink: /home/ilija/ros2_ws/src/RINS/install/hwpub/local/lib/python3.10/dist-packages/hwpub/hwpub_s__rosidl_typesupport_c.cpython-310-x86_64-linux-gnu.so
[2.765s] -- Up-to-date symlink: /home/ilija/ros2_ws/src/RINS/install/hwpub/share/hwpub/msg/Hwmsg.idl
[2.765s] -- Up-to-date symlink: /home/ilija/ros2_ws/src/RINS/install/hwpub/share/hwpub/srv/Customserv.idl
[2.766s] -- Up-to-date symlink: /home/ilija/ros2_ws/src/RINS/install/hwpub/share/hwpub/msg/Hwmsg.msg
[2.766s] -- Up-to-date symlink: /home/ilija/ros2_ws/src/RINS/install/hwpub/share/hwpub/srv/Customserv.srv
[2.767s] -- Up-to-date symlink: /home/ilija/ros2_ws/src/RINS/install/hwpub/share/hwpub/srv/Customserv_Request.msg
[2.768s] -- Up-to-date symlink: /home/ilija/ros2_ws/src/RINS/install/hwpub/share/hwpub/srv/Customserv_Response.msg
[2.769s] -- Up-to-date symlink: /home/ilija/ros2_ws/src/RINS/install/hwpub/lib/hwpub/py_move_trajectory.py
[2.769s] -- Up-to-date symlink: /home/ilija/ros2_ws/src/RINS/install/hwpub/share/ament_index/resource_index/package_run_dependencies/hwpub
[2.770s] -- Up-to-date symlink: /home/ilija/ros2_ws/src/RINS/install/hwpub/share/ament_index/resource_index/parent_prefix_path/hwpub
[2.772s] -- Up-to-date symlink: /home/ilija/ros2_ws/src/RINS/install/hwpub/share/hwpub/environment/ament_prefix_path.sh
[2.773s] -- Up-to-date symlink: /home/ilija/ros2_ws/src/RINS/install/hwpub/share/hwpub/environment/ament_prefix_path.dsv
[2.774s] -- Up-to-date symlink: /home/ilija/ros2_ws/src/RINS/install/hwpub/share/hwpub/environment/path.sh
[2.775s] -- Up-to-date symlink: /home/ilija/ros2_ws/src/RINS/install/hwpub/share/hwpub/environment/path.dsv
[2.776s] -- Up-to-date symlink: /home/ilija/ros2_ws/src/RINS/install/hwpub/share/hwpub/local_setup.bash
[2.777s] -- Up-to-date symlink: /home/ilija/ros2_ws/src/RINS/install/hwpub/share/hwpub/local_setup.sh
[2.778s] -- Up-to-date symlink: /home/ilija/ros2_ws/src/RINS/install/hwpub/share/hwpub/local_setup.zsh
[2.779s] -- Up-to-date symlink: /home/ilija/ros2_ws/src/RINS/install/hwpub/share/hwpub/local_setup.dsv
[2.780s] -- Symlinking: /home/ilija/ros2_ws/src/RINS/install/hwpub/share/hwpub/package.dsv
[2.821s] -- Up-to-date symlink: /home/ilija/ros2_ws/src/RINS/install/hwpub/share/ament_index/resource_index/packages/hwpub
[2.822s] -- Up-to-date symlink: /home/ilija/ros2_ws/src/RINS/install/hwpub/share/hwpub/cmake/rosidl_cmake-extras.cmake
[2.822s] -- Up-to-date symlink: /home/ilija/ros2_ws/src/RINS/install/hwpub/share/hwpub/cmake/ament_cmake_export_dependencies-extras.cmake
[2.825s] -- Up-to-date symlink: /home/ilija/ros2_ws/src/RINS/install/hwpub/share/hwpub/cmake/ament_cmake_export_include_directories-extras.cmake
[2.826s] -- Up-to-date symlink: /home/ilija/ros2_ws/src/RINS/install/hwpub/share/hwpub/cmake/ament_cmake_export_libraries-extras.cmake
[2.828s] -- Up-to-date symlink: /home/ilija/ros2_ws/src/RINS/install/hwpub/share/hwpub/cmake/ament_cmake_export_targets-extras.cmake
[2.829s] -- Up-to-date symlink: /home/ilija/ros2_ws/src/RINS/install/hwpub/share/hwpub/cmake/rosidl_cmake_export_typesupport_targets-extras.cmake
[2.830s] -- Up-to-date symlink: /home/ilija/ros2_ws/src/RINS/install/hwpub/share/hwpub/cmake/rosidl_cmake_export_typesupport_libraries-extras.cmake
[2.830s] -- Up-to-date symlink: /home/ilija/ros2_ws/src/RINS/install/hwpub/share/hwpub/cmake/hwpubConfig.cmake
[2.830s] -- Up-to-date symlink: /home/ilija/ros2_ws/src/RINS/install/hwpub/share/hwpub/cmake/hwpubConfig-version.cmake
[2.834s] -- Up-to-date symlink: /home/ilija/ros2_ws/src/RINS/install/hwpub/share/hwpub/package.xml
[2.835s] -- Up-to-date: /home/ilija/ros2_ws/src/RINS/install/hwpub/lib/libhwpub__rosidl_generator_c.so
[2.836s] -- Up-to-date: /home/ilija/ros2_ws/src/RINS/install/hwpub/lib/libhwpub__rosidl_typesupport_fastrtps_c.so
[2.837s] -- Up-to-date: /home/ilija/ros2_ws/src/RINS/install/hwpub/lib/libhwpub__rosidl_typesupport_fastrtps_cpp.so
[2.839s] -- Up-to-date: /home/ilija/ros2_ws/src/RINS/install/hwpub/lib/libhwpub__rosidl_typesupport_introspection_c.so
[2.841s] -- Up-to-date: /home/ilija/ros2_ws/src/RINS/install/hwpub/lib/libhwpub__rosidl_typesupport_c.so
[2.842s] -- Up-to-date: /home/ilija/ros2_ws/src/RINS/install/hwpub/lib/libhwpub__rosidl_typesupport_introspection_cpp.so
[2.843s] -- Up-to-date: /home/ilija/ros2_ws/src/RINS/install/hwpub/lib/libhwpub__rosidl_typesupport_cpp.so
[2.957s] Listing '/home/ilija/ros2_ws/src/RINS/install/hwpub/local/lib/python3.10/dist-packages/hwpub'...
[2.957s] Listing '/home/ilija/ros2_ws/src/RINS/install/hwpub/local/lib/python3.10/dist-packages/hwpub/msg'...
[2.957s] Listing '/home/ilija/ros2_ws/src/RINS/install/hwpub/local/lib/python3.10/dist-packages/hwpub/srv'...
[2.971s] -- Up-to-date: /home/ilija/ros2_ws/src/RINS/install/hwpub/lib/libhwpub__rosidl_generator_py.so
[2.971s] -- Up-to-date: /home/ilija/ros2_ws/src/RINS/install/hwpub/share/hwpub/cmake/export_hwpub__rosidl_generator_cExport.cmake
[2.971s] -- Up-to-date: /home/ilija/ros2_ws/src/RINS/install/hwpub/share/hwpub/cmake/export_hwpub__rosidl_generator_cExport-noconfig.cmake
[2.972s] -- Up-to-date: /home/ilija/ros2_ws/src/RINS/install/hwpub/share/hwpub/cmake/export_hwpub__rosidl_typesupport_fastrtps_cExport.cmake
[2.972s] -- Up-to-date: /home/ilija/ros2_ws/src/RINS/install/hwpub/share/hwpub/cmake/export_hwpub__rosidl_typesupport_fastrtps_cExport-noconfig.cmake
[2.973s] -- Up-to-date: /home/ilija/ros2_ws/src/RINS/install/hwpub/share/hwpub/cmake/export_hwpub__rosidl_generator_cppExport.cmake
[2.973s] -- Up-to-date: /home/ilija/ros2_ws/src/RINS/install/hwpub/share/hwpub/cmake/export_hwpub__rosidl_typesupport_fastrtps_cppExport.cmake
[2.974s] -- Up-to-date: /home/ilija/ros2_ws/src/RINS/install/hwpub/share/hwpub/cmake/export_hwpub__rosidl_typesupport_fastrtps_cppExport-noconfig.cmake
[2.975s] -- Up-to-date: /home/ilija/ros2_ws/src/RINS/install/hwpub/share/hwpub/cmake/hwpub__rosidl_typesupport_introspection_cExport.cmake
[2.975s] -- Up-to-date: /home/ilija/ros2_ws/src/RINS/install/hwpub/share/hwpub/cmake/hwpub__rosidl_typesupport_introspection_cExport-noconfig.cmake
[2.976s] -- Up-to-date: /home/ilija/ros2_ws/src/RINS/install/hwpub/share/hwpub/cmake/hwpub__rosidl_typesupport_cExport.cmake
[2.976s] -- Up-to-date: /home/ilija/ros2_ws/src/RINS/install/hwpub/share/hwpub/cmake/hwpub__rosidl_typesupport_cExport-noconfig.cmake
[2.976s] -- Up-to-date: /home/ilija/ros2_ws/src/RINS/install/hwpub/share/hwpub/cmake/hwpub__rosidl_typesupport_introspection_cppExport.cmake
[2.976s] -- Up-to-date: /home/ilija/ros2_ws/src/RINS/install/hwpub/share/hwpub/cmake/hwpub__rosidl_typesupport_introspection_cppExport-noconfig.cmake
[2.976s] -- Up-to-date: /home/ilija/ros2_ws/src/RINS/install/hwpub/share/hwpub/cmake/hwpub__rosidl_typesupport_cppExport.cmake
[2.976s] -- Up-to-date: /home/ilija/ros2_ws/src/RINS/install/hwpub/share/hwpub/cmake/hwpub__rosidl_typesupport_cppExport-noconfig.cmake
[2.977s] -- Up-to-date: /home/ilija/ros2_ws/src/RINS/install/hwpub/share/hwpub/cmake/export_hwpub__rosidl_generator_pyExport.cmake
[2.977s] -- Up-to-date: /home/ilija/ros2_ws/src/RINS/install/hwpub/share/hwpub/cmake/export_hwpub__rosidl_generator_pyExport-noconfig.cmake
[2.987s] Invoked command in '/home/ilija/ros2_ws/src/RINS/build/hwpub' returned '0': CMAKE_PREFIX_PATH=${CMAKE_PREFIX_PATH}:/home/ilija/ros2_ws/src/RINS/install/dis_tutorial2:/opt/ros/humble /usr/bin/cmake --install /home/ilija/ros2_ws/src/RINS/build/hwpub
