[0.010s] Invoking command in '/home/osboxes/ros2_ws/build/hwpub': CMAKE_PREFIX_PATH=/opt/ros/humble /usr/bin/cmake /home/osboxes/ros2_ws/src/hwpub -DCMAKE_INSTALL_PREFIX=/home/osboxes/ros2_ws/install/hwpub
[0.201s] -- The C compiler identification is GNU 11.4.0
[0.429s] -- The CXX compiler identification is GNU 11.4.0
[0.463s] -- Detecting C compiler ABI info
[0.658s] -- Detecting C compiler ABI info - done
[0.674s] -- Check for working C compiler: /usr/bin/cc - skipped
[0.674s] -- Detecting C compile features
[0.675s] -- Detecting C compile features - done
[0.682s] -- Detecting CXX compiler ABI info
[0.948s] -- Detecting CXX compiler ABI info - done
[0.965s] -- Check for working CXX compiler: /usr/bin/c++ - skipped
[0.967s] -- Detecting CXX compile features
[0.970s] -- Detecting CXX compile features - done
[0.974s] -- Found ament_cmake: 1.3.11 (/opt/ros/humble/share/ament_cmake/cmake)
[1.311s] -- Found Python3: /usr/bin/python3 (found version "3.10.12") found components: Interpreter 
[1.488s] -- Found rclcpp: 16.0.11 (/opt/ros/humble/share/rclcpp/cmake)
[1.544s] -- Found rosidl_generator_c: 3.1.6 (/opt/ros/humble/share/rosidl_generator_c/cmake)
[1.558s] -- Found rosidl_adapter: 3.1.6 (/opt/ros/humble/share/rosidl_adapter/cmake)
[1.581s] -- Found rosidl_generator_cpp: 3.1.6 (/opt/ros/humble/share/rosidl_generator_cpp/cmake)
[1.606s] -- Using all available rosidl_typesupport_c: rosidl_typesupport_fastrtps_c;rosidl_typesupport_introspection_c
[1.635s] -- Using all available rosidl_typesupport_cpp: rosidl_typesupport_fastrtps_cpp;rosidl_typesupport_introspection_cpp
[1.709s] -- Found rmw_implementation_cmake: 6.1.2 (/opt/ros/humble/share/rmw_implementation_cmake/cmake)
[1.717s] -- Found rmw_fastrtps_cpp: 6.2.7 (/opt/ros/humble/share/rmw_fastrtps_cpp/cmake)
[1.940s] -- Found OpenSSL: /usr/lib/x86_64-linux-gnu/libcrypto.so (found version "3.0.2")  
[2.027s] -- Found FastRTPS: /opt/ros/humble/include  
[2.133s] -- Using RMW implementation 'rmw_fastrtps_cpp' as default
[2.151s] -- Looking for pthread.h
[2.395s] -- Looking for pthread.h - found
[2.395s] -- Performing Test CMAKE_HAVE_LIBC_PTHREAD
[2.619s] -- Performing Test CMAKE_HAVE_LIBC_PTHREAD - Success
[2.621s] -- Found Threads: TRUE  
[2.727s] -- Found rclpy: 3.3.15 (/opt/ros/humble/share/rclpy/cmake)
[2.730s] -- Found std_srvs: 4.2.4 (/opt/ros/humble/share/std_srvs/cmake)
[2.759s] -- Found rosidl_default_generators: 1.2.0 (/opt/ros/humble/share/rosidl_default_generators/cmake)
[3.479s] -- Found ament_cmake_ros: 0.10.0 (/opt/ros/humble/share/ament_cmake_ros/cmake)
[4.293s] -- Using all available rosidl_typesupport_c: rosidl_typesupport_fastrtps_c;rosidl_typesupport_introspection_c
[4.604s] -- Using all available rosidl_typesupport_cpp: rosidl_typesupport_fastrtps_cpp;rosidl_typesupport_introspection_cpp
[4.649s] -- Found PythonInterp: /usr/bin/python3 (found suitable version "3.10.12", minimum required is "3.6") 
[4.651s] -- Found python_cmake_module: 0.10.0 (/opt/ros/humble/share/python_cmake_module/cmake)
[4.687s] -- Found PythonLibs: /usr/lib/x86_64-linux-gnu/libpython3.10.so (found suitable version "3.10.12", minimum required is "3.5") 
[4.688s] -- Using PYTHON_EXECUTABLE: /usr/bin/python3
[4.688s] -- Using PYTHON_INCLUDE_DIRS: /usr/include/python3.10
[4.688s] -- Using PYTHON_LIBRARIES: /usr/lib/x86_64-linux-gnu/libpython3.10.so
[4.730s] -- Found PythonExtra: .so  
[4.841s] -- Configuring done
[4.960s] -- Generating done
[4.984s] -- Build files have been written to: /home/osboxes/ros2_ws/build/hwpub
