[0.165s] Invoking command in '/home/tau/colcon_ws/src/build/dis_tutorial4': CMAKE_PREFIX_PATH=${CMAKE_PREFIX_PATH}:/home/tau/colcon_ws/install/dis_tutorial2:/opt/ros/humble /usr/bin/cmake /home/tau/colcon_ws/src/dis_tutorial4 -DCMAKE_INSTALL_PREFIX=/home/tau/colcon_ws/src/install/dis_tutorial4
[0.198s] -- The C compiler identification is GNU 11.4.0
[0.232s] -- The CXX compiler identification is GNU 11.4.0
[0.236s] -- Detecting C compiler ABI info
[0.281s] -- Detecting C compiler ABI info - done
[0.285s] -- Check for working C compiler: /usr/bin/cc - skipped
[0.285s] -- Detecting C compile features
[0.286s] -- Detecting C compile features - done
[0.288s] -- Detecting CXX compiler ABI info
[0.339s] -- Detecting CXX compiler ABI info - done
[0.345s] -- Check for working CXX compiler: /usr/bin/c++ - skipped
[0.345s] -- Detecting CXX compile features
[0.345s] -- Detecting CXX compile features - done
[0.347s] -- Found ament_cmake: 1.3.11 (/opt/ros/humble/share/ament_cmake/cmake)
[0.458s] -- Found Python3: /usr/bin/python3 (found version "3.10.12") found components: Interpreter 
[0.532s] -- Found rclcpp: 16.0.11 (/opt/ros/humble/share/rclcpp/cmake)
[0.566s] -- Found rosidl_generator_c: 3.1.6 (/opt/ros/humble/share/rosidl_generator_c/cmake)
[0.570s] -- Found rosidl_adapter: 3.1.6 (/opt/ros/humble/share/rosidl_adapter/cmake)
[0.577s] -- Found rosidl_generator_cpp: 3.1.6 (/opt/ros/humble/share/rosidl_generator_cpp/cmake)
[0.586s] -- Using all available rosidl_typesupport_c: rosidl_typesupport_fastrtps_c;rosidl_typesupport_introspection_c
[0.597s] -- Using all available rosidl_typesupport_cpp: rosidl_typesupport_fastrtps_cpp;rosidl_typesupport_introspection_cpp
[0.630s] -- Found rmw_implementation_cmake: 6.1.2 (/opt/ros/humble/share/rmw_implementation_cmake/cmake)
[0.632s] -- Found rmw_fastrtps_cpp: 6.2.7 (/opt/ros/humble/share/rmw_fastrtps_cpp/cmake)
[0.691s] -- Found OpenSSL: /usr/lib/x86_64-linux-gnu/libcrypto.so (found version "3.0.2")  
[0.711s] -- Found FastRTPS: /opt/ros/humble/include  
[0.742s] -- Using RMW implementation 'rmw_fastrtps_cpp' as default
[0.749s] -- Looking for pthread.h
[0.797s] -- Looking for pthread.h - found
[0.797s] -- Performing Test CMAKE_HAVE_LIBC_PTHREAD
[0.844s] -- Performing Test CMAKE_HAVE_LIBC_PTHREAD - Success
[0.844s] -- Found Threads: TRUE  
[0.888s] -- Found rclpy: 3.3.15 (/opt/ros/humble/share/rclpy/cmake)
[0.890s] -- Found std_srvs: 4.2.4 (/opt/ros/humble/share/std_srvs/cmake)
[0.899s] -- Found action_msgs: 1.2.1 (/opt/ros/humble/share/action_msgs/cmake)
[0.923s] -- Found nav2_msgs: 1.1.18 (/opt/ros/humble/share/nav2_msgs/cmake)
[0.970s] -- Found visualization_msgs: 4.2.4 (/opt/ros/humble/share/visualization_msgs/cmake)
[1.052s] -- Configuring done
[1.056s] -- Generating done
[1.057s] -- Build files have been written to: /home/tau/colcon_ws/src/build/dis_tutorial4
[1.065s] Invoked command in '/home/tau/colcon_ws/src/build/dis_tutorial4' returned '0': CMAKE_PREFIX_PATH=${CMAKE_PREFIX_PATH}:/home/tau/colcon_ws/install/dis_tutorial2:/opt/ros/humble /usr/bin/cmake /home/tau/colcon_ws/src/dis_tutorial4 -DCMAKE_INSTALL_PREFIX=/home/tau/colcon_ws/src/install/dis_tutorial4
[1.066s] Invoking command in '/home/tau/colcon_ws/src/build/dis_tutorial4': CMAKE_PREFIX_PATH=${CMAKE_PREFIX_PATH}:/home/tau/colcon_ws/install/dis_tutorial2:/opt/ros/humble /usr/bin/cmake --build /home/tau/colcon_ws/src/build/dis_tutorial4 -- -j16 -l16
[1.090s] Invoked command in '/home/tau/colcon_ws/src/build/dis_tutorial4' returned '0': CMAKE_PREFIX_PATH=${CMAKE_PREFIX_PATH}:/home/tau/colcon_ws/install/dis_tutorial2:/opt/ros/humble /usr/bin/cmake --build /home/tau/colcon_ws/src/build/dis_tutorial4 -- -j16 -l16
[1.092s] Invoking command in '/home/tau/colcon_ws/src/build/dis_tutorial4': CMAKE_PREFIX_PATH=${CMAKE_PREFIX_PATH}:/home/tau/colcon_ws/install/dis_tutorial2:/opt/ros/humble /usr/bin/cmake --install /home/tau/colcon_ws/src/build/dis_tutorial4
[1.096s] -- Install configuration: ""
[1.096s] -- Installing: /home/tau/colcon_ws/src/install/dis_tutorial4/share/dis_tutorial4//launch
[1.096s] -- Installing: /home/tau/colcon_ws/src/install/dis_tutorial4/share/dis_tutorial4//launch/slam.launch.py
[1.096s] -- Installing: /home/tau/colcon_ws/src/install/dis_tutorial4/share/dis_tutorial4//launch/create3_nodes.launch.py
[1.096s] -- Installing: /home/tau/colcon_ws/src/install/dis_tutorial4/share/dis_tutorial4//launch/dis_sim.launch.py
[1.096s] -- Installing: /home/tau/colcon_ws/src/install/dis_tutorial4/share/dis_tutorial4//launch/ignition.launch.py
[1.096s] -- Installing: /home/tau/colcon_ws/src/install/dis_tutorial4/share/dis_tutorial4//launch/turtlebot4_spawn_nav.launch.py
[1.097s] -- Installing: /home/tau/colcon_ws/src/install/dis_tutorial4/share/dis_tutorial4//launch/sim_turtlebot_nav.launch.py
[1.097s] -- Installing: /home/tau/colcon_ws/src/install/dis_tutorial4/share/dis_tutorial4//launch/nav2.launch.py
[1.097s] -- Installing: /home/tau/colcon_ws/src/install/dis_tutorial4/share/dis_tutorial4//launch/turtlebot4_spawn.launch.py
[1.097s] -- Installing: /home/tau/colcon_ws/src/install/dis_tutorial4/share/dis_tutorial4//launch/localization.launch.py
[1.097s] -- Installing: /home/tau/colcon_ws/src/install/dis_tutorial4/share/dis_tutorial4//launch/sim_turtlebot_slam.launch.py
[1.097s] -- Installing: /home/tau/colcon_ws/src/install/dis_tutorial4/lib/dis_tutorial4/map_goals.py
[1.097s] -- Installing: /home/tau/colcon_ws/src/install/dis_tutorial4/lib/dis_tutorial4/transform_point.py
[1.097s] -- Installing: /home/tau/colcon_ws/src/install/dis_tutorial4/share/ament_index/resource_index/package_run_dependencies/dis_tutorial4
[1.097s] -- Installing: /home/tau/colcon_ws/src/install/dis_tutorial4/share/ament_index/resource_index/parent_prefix_path/dis_tutorial4
[1.098s] -- Installing: /home/tau/colcon_ws/src/install/dis_tutorial4/share/dis_tutorial4/environment/ament_prefix_path.sh
[1.098s] -- Installing: /home/tau/colcon_ws/src/install/dis_tutorial4/share/dis_tutorial4/environment/ament_prefix_path.dsv
[1.098s] -- Installing: /home/tau/colcon_ws/src/install/dis_tutorial4/share/dis_tutorial4/environment/path.sh
[1.098s] -- Installing: /home/tau/colcon_ws/src/install/dis_tutorial4/share/dis_tutorial4/environment/path.dsv
[1.098s] -- Installing: /home/tau/colcon_ws/src/install/dis_tutorial4/share/dis_tutorial4/local_setup.bash
[1.098s] -- Installing: /home/tau/colcon_ws/src/install/dis_tutorial4/share/dis_tutorial4/local_setup.sh
[1.098s] -- Installing: /home/tau/colcon_ws/src/install/dis_tutorial4/share/dis_tutorial4/local_setup.zsh
[1.098s] -- Installing: /home/tau/colcon_ws/src/install/dis_tutorial4/share/dis_tutorial4/local_setup.dsv
[1.098s] -- Installing: /home/tau/colcon_ws/src/install/dis_tutorial4/share/dis_tutorial4/package.dsv
[1.098s] -- Installing: /home/tau/colcon_ws/src/install/dis_tutorial4/share/ament_index/resource_index/packages/dis_tutorial4
[1.099s] -- Installing: /home/tau/colcon_ws/src/install/dis_tutorial4/share/dis_tutorial4/cmake/dis_tutorial4Config.cmake
[1.099s] -- Installing: /home/tau/colcon_ws/src/install/dis_tutorial4/share/dis_tutorial4/cmake/dis_tutorial4Config-version.cmake
[1.099s] -- Installing: /home/tau/colcon_ws/src/install/dis_tutorial4/share/dis_tutorial4/package.xml
[1.100s] Invoked command in '/home/tau/colcon_ws/src/build/dis_tutorial4' returned '0': CMAKE_PREFIX_PATH=${CMAKE_PREFIX_PATH}:/home/tau/colcon_ws/install/dis_tutorial2:/opt/ros/humble /usr/bin/cmake --install /home/tau/colcon_ws/src/build/dis_tutorial4
