[0.330s] Invoking command in '/home/tau/colcon_ws/build/hwpub': CMAKE_PREFIX_PATH=${CMAKE_PREFIX_PATH}:/home/tau/colcon_ws/install/dis_tutorial2:/opt/ros/humble /usr/bin/cmake --build /home/tau/colcon_ws/build/hwpub -- -j16 -l16
[0.421s] [  2%] Built target hwpub__cpp
[0.451s] [  2%] Built target ament_cmake_python_copy_hwpub
[0.486s] [ 12%] Built target hwpub__rosidl_typesupport_introspection_cpp
[0.799s] running egg_info
[0.800s] writing hwpub.egg-info/PKG-INFO
[0.800s] writing dependency_links to hwpub.egg-info/dependency_links.txt
[0.800s] writing top-level names to hwpub.egg-info/top_level.txt
[0.805s] reading manifest file 'hwpub.egg-info/SOURCES.txt'
[0.806s] writing manifest file 'hwpub.egg-info/SOURCES.txt'
[0.843s] [ 12%] Built target ament_cmake_python_build_hwpub_egg
[0.871s] [ 23%] Built target hwpub__rosidl_typesupport_fastrtps_cpp
[0.898s] [ 33%] Built target hwpub__rosidl_typesupport_cpp
[0.922s] [ 43%] Built target hwpub__rosidl_generator_c
[0.946s] [ 53%] Built target hwpub__rosidl_typesupport_fastrtps_c
[0.970s] [ 64%] Built target hwpub__rosidl_typesupport_c
[0.994s] [ 74%] Built target hwpub__rosidl_typesupport_introspection_c
[1.019s] [ 74%] Built target hwpub
[1.043s] [ 76%] Built target hwpub__py
[1.072s] [ 84%] Built target hwpub__rosidl_generator_py
[1.107s] [ 89%] Built target hwpub__rosidl_typesupport_fastrtps_c__pyext
[1.135s] [ 94%] Built target hwpub__rosidl_typesupport_c__pyext
[1.165s] [100%] Built target hwpub__rosidl_typesupport_introspection_c__pyext
[1.183s] Invoked command in '/home/tau/colcon_ws/build/hwpub' returned '0': CMAKE_PREFIX_PATH=${CMAKE_PREFIX_PATH}:/home/tau/colcon_ws/install/dis_tutorial2:/opt/ros/humble /usr/bin/cmake --build /home/tau/colcon_ws/build/hwpub -- -j16 -l16
[1.185s] Invoking command in '/home/tau/colcon_ws/build/hwpub': CMAKE_PREFIX_PATH=${CMAKE_PREFIX_PATH}:/home/tau/colcon_ws/install/dis_tutorial2:/opt/ros/humble /usr/bin/cmake --install /home/tau/colcon_ws/build/hwpub
[1.194s] -- Install configuration: ""
[1.194s] -- Up-to-date: /home/tau/colcon_ws/install/hwpub/share/ament_index/resource_index/rosidl_interfaces/hwpub
[1.194s] -- Up-to-date: /home/tau/colcon_ws/install/hwpub/include/hwpub/hwpub
[1.194s] -- Up-to-date: /home/tau/colcon_ws/install/hwpub/include/hwpub/hwpub/msg
[1.194s] -- Up-to-date: /home/tau/colcon_ws/install/hwpub/include/hwpub/hwpub/msg/hwmsg.h
[1.194s] -- Up-to-date: /home/tau/colcon_ws/install/hwpub/include/hwpub/hwpub/msg/rosidl_generator_c__visibility_control.h
[1.194s] -- Up-to-date: /home/tau/colcon_ws/install/hwpub/include/hwpub/hwpub/msg/detail
[1.195s] -- Up-to-date: /home/tau/colcon_ws/install/hwpub/include/hwpub/hwpub/msg/detail/hwmsg__struct.h
[1.195s] -- Up-to-date: /home/tau/colcon_ws/install/hwpub/include/hwpub/hwpub/msg/detail/hwmsg__functions.h
[1.195s] -- Up-to-date: /home/tau/colcon_ws/install/hwpub/include/hwpub/hwpub/msg/detail/hwmsg__type_support.h
[1.195s] -- Up-to-date: /home/tau/colcon_ws/install/hwpub/include/hwpub/hwpub/msg/detail/hwmsg__functions.c
[1.195s] -- Up-to-date: /home/tau/colcon_ws/install/hwpub/include/hwpub/hwpub/srv
[1.195s] -- Up-to-date: /home/tau/colcon_ws/install/hwpub/include/hwpub/hwpub/srv/customserv.h
[1.195s] -- Up-to-date: /home/tau/colcon_ws/install/hwpub/include/hwpub/hwpub/srv/detail
[1.195s] -- Up-to-date: /home/tau/colcon_ws/install/hwpub/include/hwpub/hwpub/srv/detail/customserv__functions.c
[1.195s] -- Up-to-date: /home/tau/colcon_ws/install/hwpub/include/hwpub/hwpub/srv/detail/customserv__struct.h
[1.195s] -- Up-to-date: /home/tau/colcon_ws/install/hwpub/include/hwpub/hwpub/srv/detail/customserv__type_support.h
[1.195s] -- Up-to-date: /home/tau/colcon_ws/install/hwpub/include/hwpub/hwpub/srv/detail/customserv__functions.h
[1.196s] -- Up-to-date: /home/tau/colcon_ws/install/hwpub/share/hwpub/environment/library_path.sh
[1.196s] -- Up-to-date: /home/tau/colcon_ws/install/hwpub/share/hwpub/environment/library_path.dsv
[1.196s] -- Up-to-date: /home/tau/colcon_ws/install/hwpub/lib/libhwpub__rosidl_generator_c.so
[1.196s] -- Up-to-date: /home/tau/colcon_ws/install/hwpub/include/hwpub/hwpub
[1.196s] -- Up-to-date: /home/tau/colcon_ws/install/hwpub/include/hwpub/hwpub/msg
[1.196s] -- Up-to-date: /home/tau/colcon_ws/install/hwpub/include/hwpub/hwpub/msg/rosidl_typesupport_fastrtps_c__visibility_control.h
[1.196s] -- Up-to-date: /home/tau/colcon_ws/install/hwpub/include/hwpub/hwpub/msg/detail
[1.196s] -- Up-to-date: /home/tau/colcon_ws/install/hwpub/include/hwpub/hwpub/msg/detail/hwmsg__rosidl_typesupport_fastrtps_c.h
[1.196s] -- Up-to-date: /home/tau/colcon_ws/install/hwpub/include/hwpub/hwpub/srv
[1.196s] -- Up-to-date: /home/tau/colcon_ws/install/hwpub/include/hwpub/hwpub/srv/detail
[1.196s] -- Up-to-date: /home/tau/colcon_ws/install/hwpub/include/hwpub/hwpub/srv/detail/customserv__rosidl_typesupport_fastrtps_c.h
[1.196s] -- Up-to-date: /home/tau/colcon_ws/install/hwpub/lib/libhwpub__rosidl_typesupport_fastrtps_c.so
[1.196s] -- Up-to-date: /home/tau/colcon_ws/install/hwpub/include/hwpub/hwpub
[1.197s] -- Up-to-date: /home/tau/colcon_ws/install/hwpub/include/hwpub/hwpub/msg
[1.197s] -- Up-to-date: /home/tau/colcon_ws/install/hwpub/include/hwpub/hwpub/msg/rosidl_generator_cpp__visibility_control.hpp
[1.197s] -- Up-to-date: /home/tau/colcon_ws/install/hwpub/include/hwpub/hwpub/msg/hwmsg.hpp
[1.197s] -- Up-to-date: /home/tau/colcon_ws/install/hwpub/include/hwpub/hwpub/msg/detail
[1.197s] -- Up-to-date: /home/tau/colcon_ws/install/hwpub/include/hwpub/hwpub/msg/detail/hwmsg__struct.hpp
[1.197s] -- Up-to-date: /home/tau/colcon_ws/install/hwpub/include/hwpub/hwpub/msg/detail/hwmsg__type_support.hpp
[1.197s] -- Up-to-date: /home/tau/colcon_ws/install/hwpub/include/hwpub/hwpub/msg/detail/hwmsg__builder.hpp
[1.197s] -- Up-to-date: /home/tau/colcon_ws/install/hwpub/include/hwpub/hwpub/msg/detail/hwmsg__traits.hpp
[1.197s] -- Up-to-date: /home/tau/colcon_ws/install/hwpub/include/hwpub/hwpub/srv
[1.197s] -- Up-to-date: /home/tau/colcon_ws/install/hwpub/include/hwpub/hwpub/srv/customserv.hpp
[1.197s] -- Up-to-date: /home/tau/colcon_ws/install/hwpub/include/hwpub/hwpub/srv/detail
[1.197s] -- Up-to-date: /home/tau/colcon_ws/install/hwpub/include/hwpub/hwpub/srv/detail/customserv__traits.hpp
[1.197s] -- Up-to-date: /home/tau/colcon_ws/install/hwpub/include/hwpub/hwpub/srv/detail/customserv__type_support.hpp
[1.197s] -- Up-to-date: /home/tau/colcon_ws/install/hwpub/include/hwpub/hwpub/srv/detail/customserv__builder.hpp
[1.197s] -- Up-to-date: /home/tau/colcon_ws/install/hwpub/include/hwpub/hwpub/srv/detail/customserv__struct.hpp
[1.197s] -- Up-to-date: /home/tau/colcon_ws/install/hwpub/include/hwpub/hwpub
[1.197s] -- Up-to-date: /home/tau/colcon_ws/install/hwpub/include/hwpub/hwpub/msg
[1.197s] -- Up-to-date: /home/tau/colcon_ws/install/hwpub/include/hwpub/hwpub/msg/rosidl_typesupport_fastrtps_cpp__visibility_control.h
[1.197s] -- Up-to-date: /home/tau/colcon_ws/install/hwpub/include/hwpub/hwpub/msg/detail
[1.197s] -- Up-to-date: /home/tau/colcon_ws/install/hwpub/include/hwpub/hwpub/msg/detail/hwmsg__rosidl_typesupport_fastrtps_cpp.hpp
[1.198s] -- Up-to-date: /home/tau/colcon_ws/install/hwpub/include/hwpub/hwpub/msg/detail/dds_fastrtps
[1.198s] -- Up-to-date: /home/tau/colcon_ws/install/hwpub/include/hwpub/hwpub/srv
[1.198s] -- Up-to-date: /home/tau/colcon_ws/install/hwpub/include/hwpub/hwpub/srv/detail
[1.198s] -- Up-to-date: /home/tau/colcon_ws/install/hwpub/include/hwpub/hwpub/srv/detail/customserv__rosidl_typesupport_fastrtps_cpp.hpp
[1.198s] -- Up-to-date: /home/tau/colcon_ws/install/hwpub/include/hwpub/hwpub/srv/detail/dds_fastrtps
[1.198s] -- Up-to-date: /home/tau/colcon_ws/install/hwpub/lib/libhwpub__rosidl_typesupport_fastrtps_cpp.so
[1.198s] -- Up-to-date: /home/tau/colcon_ws/install/hwpub/include/hwpub/hwpub
[1.198s] -- Up-to-date: /home/tau/colcon_ws/install/hwpub/include/hwpub/hwpub/msg
[1.198s] -- Up-to-date: /home/tau/colcon_ws/install/hwpub/include/hwpub/hwpub/msg/detail
[1.198s] -- Up-to-date: /home/tau/colcon_ws/install/hwpub/include/hwpub/hwpub/msg/detail/hwmsg__rosidl_typesupport_introspection_c.h
[1.198s] -- Up-to-date: /home/tau/colcon_ws/install/hwpub/include/hwpub/hwpub/msg/detail/hwmsg__type_support.c
[1.198s] -- Up-to-date: /home/tau/colcon_ws/install/hwpub/include/hwpub/hwpub/msg/rosidl_typesupport_introspection_c__visibility_control.h
[1.198s] -- Up-to-date: /home/tau/colcon_ws/install/hwpub/include/hwpub/hwpub/srv
[1.198s] -- Up-to-date: /home/tau/colcon_ws/install/hwpub/include/hwpub/hwpub/srv/detail
[1.198s] -- Up-to-date: /home/tau/colcon_ws/install/hwpub/include/hwpub/hwpub/srv/detail/customserv__type_support.c
[1.198s] -- Up-to-date: /home/tau/colcon_ws/install/hwpub/include/hwpub/hwpub/srv/detail/customserv__rosidl_typesupport_introspection_c.h
[1.199s] -- Up-to-date: /home/tau/colcon_ws/install/hwpub/lib/libhwpub__rosidl_typesupport_introspection_c.so
[1.199s] -- Up-to-date: /home/tau/colcon_ws/install/hwpub/lib/libhwpub__rosidl_typesupport_c.so
[1.199s] -- Up-to-date: /home/tau/colcon_ws/install/hwpub/include/hwpub/hwpub
[1.199s] -- Up-to-date: /home/tau/colcon_ws/install/hwpub/include/hwpub/hwpub/msg
[1.199s] -- Up-to-date: /home/tau/colcon_ws/install/hwpub/include/hwpub/hwpub/msg/detail
[1.199s] -- Up-to-date: /home/tau/colcon_ws/install/hwpub/include/hwpub/hwpub/msg/detail/hwmsg__type_support.cpp
[1.199s] -- Up-to-date: /home/tau/colcon_ws/install/hwpub/include/hwpub/hwpub/msg/detail/hwmsg__rosidl_typesupport_introspection_cpp.hpp
[1.199s] -- Up-to-date: /home/tau/colcon_ws/install/hwpub/include/hwpub/hwpub/srv
[1.199s] -- Up-to-date: /home/tau/colcon_ws/install/hwpub/include/hwpub/hwpub/srv/detail
[1.199s] -- Up-to-date: /home/tau/colcon_ws/install/hwpub/include/hwpub/hwpub/srv/detail/customserv__type_support.cpp
[1.199s] -- Up-to-date: /home/tau/colcon_ws/install/hwpub/include/hwpub/hwpub/srv/detail/customserv__rosidl_typesupport_introspection_cpp.hpp
[1.199s] -- Up-to-date: /home/tau/colcon_ws/install/hwpub/lib/libhwpub__rosidl_typesupport_introspection_cpp.so
[1.199s] -- Up-to-date: /home/tau/colcon_ws/install/hwpub/lib/libhwpub__rosidl_typesupport_cpp.so
[1.199s] -- Up-to-date: /home/tau/colcon_ws/install/hwpub/share/hwpub/environment/pythonpath.sh
[1.199s] -- Up-to-date: /home/tau/colcon_ws/install/hwpub/share/hwpub/environment/pythonpath.dsv
[1.199s] -- Up-to-date: /home/tau/colcon_ws/install/hwpub/local/lib/python3.10/dist-packages/hwpub-0.0.1-py3.10.egg-info
[1.199s] -- Installing: /home/tau/colcon_ws/install/hwpub/local/lib/python3.10/dist-packages/hwpub-0.0.1-py3.10.egg-info/dependency_links.txt
[1.199s] -- Installing: /home/tau/colcon_ws/install/hwpub/local/lib/python3.10/dist-packages/hwpub-0.0.1-py3.10.egg-info/PKG-INFO
[1.199s] -- Installing: /home/tau/colcon_ws/install/hwpub/local/lib/python3.10/dist-packages/hwpub-0.0.1-py3.10.egg-info/top_level.txt
[1.199s] -- Installing: /home/tau/colcon_ws/install/hwpub/local/lib/python3.10/dist-packages/hwpub-0.0.1-py3.10.egg-info/SOURCES.txt
[1.199s] -- Up-to-date: /home/tau/colcon_ws/install/hwpub/local/lib/python3.10/dist-packages/hwpub
[1.199s] -- Up-to-date: /home/tau/colcon_ws/install/hwpub/local/lib/python3.10/dist-packages/hwpub/libhwpub__rosidl_generator_py.so
[1.199s] -- Up-to-date: /home/tau/colcon_ws/install/hwpub/local/lib/python3.10/dist-packages/hwpub/msg
[1.200s] -- Up-to-date: /home/tau/colcon_ws/install/hwpub/local/lib/python3.10/dist-packages/hwpub/msg/_hwmsg.py
[1.200s] -- Up-to-date: /home/tau/colcon_ws/install/hwpub/local/lib/python3.10/dist-packages/hwpub/msg/__init__.py
[1.200s] -- Up-to-date: /home/tau/colcon_ws/install/hwpub/local/lib/python3.10/dist-packages/hwpub/msg/_hwmsg_s.c
[1.200s] -- Up-to-date: /home/tau/colcon_ws/install/hwpub/local/lib/python3.10/dist-packages/hwpub/__init__.py
[1.200s] -- Up-to-date: /home/tau/colcon_ws/install/hwpub/local/lib/python3.10/dist-packages/hwpub/hwpub_s__rosidl_typesupport_c.cpython-310-x86_64-linux-gnu.so
[1.200s] -- Up-to-date: /home/tau/colcon_ws/install/hwpub/local/lib/python3.10/dist-packages/hwpub/hwpub_s__rosidl_typesupport_introspection_c.cpython-310-x86_64-linux-gnu.so
[1.200s] -- Up-to-date: /home/tau/colcon_ws/install/hwpub/local/lib/python3.10/dist-packages/hwpub/hwpub_s__rosidl_typesupport_fastrtps_c.cpython-310-x86_64-linux-gnu.so
[1.200s] -- Up-to-date: /home/tau/colcon_ws/install/hwpub/local/lib/python3.10/dist-packages/hwpub/_hwpub_s.ep.rosidl_typesupport_c.c
[1.200s] -- Up-to-date: /home/tau/colcon_ws/install/hwpub/local/lib/python3.10/dist-packages/hwpub/srv
[1.200s] -- Up-to-date: /home/tau/colcon_ws/install/hwpub/local/lib/python3.10/dist-packages/hwpub/srv/__init__.py
[1.200s] -- Up-to-date: /home/tau/colcon_ws/install/hwpub/local/lib/python3.10/dist-packages/hwpub/srv/_customserv_s.c
[1.200s] -- Up-to-date: /home/tau/colcon_ws/install/hwpub/local/lib/python3.10/dist-packages/hwpub/srv/_customserv.py
[1.200s] -- Up-to-date: /home/tau/colcon_ws/install/hwpub/local/lib/python3.10/dist-packages/hwpub/_hwpub_s.ep.rosidl_typesupport_fastrtps_c.c
[1.200s] -- Up-to-date: /home/tau/colcon_ws/install/hwpub/local/lib/python3.10/dist-packages/hwpub/_hwpub_s.ep.rosidl_typesupport_introspection_c.c
[1.234s] Listing '/home/tau/colcon_ws/install/hwpub/local/lib/python3.10/dist-packages/hwpub'...
[1.234s] Listing '/home/tau/colcon_ws/install/hwpub/local/lib/python3.10/dist-packages/hwpub/msg'...
[1.235s] Listing '/home/tau/colcon_ws/install/hwpub/local/lib/python3.10/dist-packages/hwpub/srv'...
[1.243s] -- Up-to-date: /home/tau/colcon_ws/install/hwpub/local/lib/python3.10/dist-packages/hwpub/hwpub_s__rosidl_typesupport_fastrtps_c.cpython-310-x86_64-linux-gnu.so
[1.244s] -- Up-to-date: /home/tau/colcon_ws/install/hwpub/local/lib/python3.10/dist-packages/hwpub/hwpub_s__rosidl_typesupport_introspection_c.cpython-310-x86_64-linux-gnu.so
[1.244s] -- Up-to-date: /home/tau/colcon_ws/install/hwpub/local/lib/python3.10/dist-packages/hwpub/hwpub_s__rosidl_typesupport_c.cpython-310-x86_64-linux-gnu.so
[1.244s] -- Up-to-date: /home/tau/colcon_ws/install/hwpub/lib/libhwpub__rosidl_generator_py.so
[1.244s] -- Up-to-date: /home/tau/colcon_ws/install/hwpub/share/hwpub/msg/Hwmsg.idl
[1.244s] -- Up-to-date: /home/tau/colcon_ws/install/hwpub/share/hwpub/srv/Customserv.idl
[1.244s] -- Up-to-date: /home/tau/colcon_ws/install/hwpub/share/hwpub/msg/Hwmsg.msg
[1.244s] -- Up-to-date: /home/tau/colcon_ws/install/hwpub/share/hwpub/srv/Customserv.srv
[1.245s] -- Up-to-date: /home/tau/colcon_ws/install/hwpub/share/hwpub/srv/Customserv_Request.msg
[1.245s] -- Up-to-date: /home/tau/colcon_ws/install/hwpub/share/hwpub/srv/Customserv_Response.msg
[1.245s] -- Up-to-date: /home/tau/colcon_ws/install/hwpub/lib/hwpub/py_move_trajectory.py
[1.245s] -- Up-to-date: /home/tau/colcon_ws/install/hwpub/share/ament_index/resource_index/package_run_dependencies/hwpub
[1.245s] -- Up-to-date: /home/tau/colcon_ws/install/hwpub/share/ament_index/resource_index/parent_prefix_path/hwpub
[1.245s] -- Up-to-date: /home/tau/colcon_ws/install/hwpub/share/hwpub/environment/ament_prefix_path.sh
[1.245s] -- Up-to-date: /home/tau/colcon_ws/install/hwpub/share/hwpub/environment/ament_prefix_path.dsv
[1.245s] -- Up-to-date: /home/tau/colcon_ws/install/hwpub/share/hwpub/environment/path.sh
[1.246s] -- Up-to-date: /home/tau/colcon_ws/install/hwpub/share/hwpub/environment/path.dsv
[1.246s] -- Up-to-date: /home/tau/colcon_ws/install/hwpub/share/hwpub/local_setup.bash
[1.246s] -- Up-to-date: /home/tau/colcon_ws/install/hwpub/share/hwpub/local_setup.sh
[1.246s] -- Up-to-date: /home/tau/colcon_ws/install/hwpub/share/hwpub/local_setup.zsh
[1.246s] -- Up-to-date: /home/tau/colcon_ws/install/hwpub/share/hwpub/local_setup.dsv
[1.246s] -- Installing: /home/tau/colcon_ws/install/hwpub/share/hwpub/package.dsv
[1.246s] -- Up-to-date: /home/tau/colcon_ws/install/hwpub/share/ament_index/resource_index/packages/hwpub
[1.246s] -- Up-to-date: /home/tau/colcon_ws/install/hwpub/share/hwpub/cmake/export_hwpub__rosidl_generator_cExport.cmake
[1.246s] -- Up-to-date: /home/tau/colcon_ws/install/hwpub/share/hwpub/cmake/export_hwpub__rosidl_generator_cExport-noconfig.cmake
[1.246s] -- Up-to-date: /home/tau/colcon_ws/install/hwpub/share/hwpub/cmake/export_hwpub__rosidl_typesupport_fastrtps_cExport.cmake
[1.246s] -- Up-to-date: /home/tau/colcon_ws/install/hwpub/share/hwpub/cmake/export_hwpub__rosidl_typesupport_fastrtps_cExport-noconfig.cmake
[1.246s] -- Up-to-date: /home/tau/colcon_ws/install/hwpub/share/hwpub/cmake/export_hwpub__rosidl_generator_cppExport.cmake
[1.247s] -- Up-to-date: /home/tau/colcon_ws/install/hwpub/share/hwpub/cmake/export_hwpub__rosidl_typesupport_fastrtps_cppExport.cmake
[1.247s] -- Up-to-date: /home/tau/colcon_ws/install/hwpub/share/hwpub/cmake/export_hwpub__rosidl_typesupport_fastrtps_cppExport-noconfig.cmake
[1.247s] -- Up-to-date: /home/tau/colcon_ws/install/hwpub/share/hwpub/cmake/hwpub__rosidl_typesupport_introspection_cExport.cmake
[1.247s] -- Up-to-date: /home/tau/colcon_ws/install/hwpub/share/hwpub/cmake/hwpub__rosidl_typesupport_introspection_cExport-noconfig.cmake
[1.247s] -- Up-to-date: /home/tau/colcon_ws/install/hwpub/share/hwpub/cmake/hwpub__rosidl_typesupport_cExport.cmake
[1.247s] -- Up-to-date: /home/tau/colcon_ws/install/hwpub/share/hwpub/cmake/hwpub__rosidl_typesupport_cExport-noconfig.cmake
[1.247s] -- Up-to-date: /home/tau/colcon_ws/install/hwpub/share/hwpub/cmake/hwpub__rosidl_typesupport_introspection_cppExport.cmake
[1.247s] -- Up-to-date: /home/tau/colcon_ws/install/hwpub/share/hwpub/cmake/hwpub__rosidl_typesupport_introspection_cppExport-noconfig.cmake
[1.247s] -- Up-to-date: /home/tau/colcon_ws/install/hwpub/share/hwpub/cmake/hwpub__rosidl_typesupport_cppExport.cmake
[1.247s] -- Up-to-date: /home/tau/colcon_ws/install/hwpub/share/hwpub/cmake/hwpub__rosidl_typesupport_cppExport-noconfig.cmake
[1.247s] -- Up-to-date: /home/tau/colcon_ws/install/hwpub/share/hwpub/cmake/export_hwpub__rosidl_generator_pyExport.cmake
[1.247s] -- Up-to-date: /home/tau/colcon_ws/install/hwpub/share/hwpub/cmake/export_hwpub__rosidl_generator_pyExport-noconfig.cmake
[1.247s] -- Up-to-date: /home/tau/colcon_ws/install/hwpub/share/hwpub/cmake/rosidl_cmake-extras.cmake
[1.247s] -- Up-to-date: /home/tau/colcon_ws/install/hwpub/share/hwpub/cmake/ament_cmake_export_dependencies-extras.cmake
[1.247s] -- Up-to-date: /home/tau/colcon_ws/install/hwpub/share/hwpub/cmake/ament_cmake_export_include_directories-extras.cmake
[1.247s] -- Up-to-date: /home/tau/colcon_ws/install/hwpub/share/hwpub/cmake/ament_cmake_export_libraries-extras.cmake
[1.247s] -- Up-to-date: /home/tau/colcon_ws/install/hwpub/share/hwpub/cmake/ament_cmake_export_targets-extras.cmake
[1.247s] -- Up-to-date: /home/tau/colcon_ws/install/hwpub/share/hwpub/cmake/rosidl_cmake_export_typesupport_targets-extras.cmake
[1.247s] -- Up-to-date: /home/tau/colcon_ws/install/hwpub/share/hwpub/cmake/rosidl_cmake_export_typesupport_libraries-extras.cmake
[1.248s] -- Up-to-date: /home/tau/colcon_ws/install/hwpub/share/hwpub/cmake/hwpubConfig.cmake
[1.248s] -- Up-to-date: /home/tau/colcon_ws/install/hwpub/share/hwpub/cmake/hwpubConfig-version.cmake
[1.248s] -- Up-to-date: /home/tau/colcon_ws/install/hwpub/share/hwpub/package.xml
[1.249s] Invoked command in '/home/tau/colcon_ws/build/hwpub' returned '0': CMAKE_PREFIX_PATH=${CMAKE_PREFIX_PATH}:/home/tau/colcon_ws/install/dis_tutorial2:/opt/ros/humble /usr/bin/cmake --install /home/tau/colcon_ws/build/hwpub
