[4.963s] Invoking command in '/home/osboxes/ros2_ws/src/dis_tutorial2': PYTHONPATH=/home/osboxes/ros2_ws/build/dis_tutorial2/prefix_override:/usr/lib/python3/dist-packages/colcon_core/task/python/colcon_distutils_commands:/home/osboxes/ros2_ws/install/dis_tutorial2/lib/python3.10/site-packages:${PYTHONPATH} /usr/bin/python3 -W ignore:setup.py install is deprecated -W ignore:easy_install command is deprecated setup.py egg_info --egg-base ../../build/dis_tutorial2 build --build-base /home/osboxes/ros2_ws/build/dis_tutorial2/build install --record /home/osboxes/ros2_ws/build/dis_tutorial2/install.log --single-version-externally-managed install_data
[7.911s] running egg_info
[7.911s] writing ../../build/dis_tutorial2/dis_tutorial2.egg-info/PKG-INFO
[7.920s] writing dependency_links to ../../build/dis_tutorial2/dis_tutorial2.egg-info/dependency_links.txt
[7.929s] writing entry points to ../../build/dis_tutorial2/dis_tutorial2.egg-info/entry_points.txt
[7.929s] writing requirements to ../../build/dis_tutorial2/dis_tutorial2.egg-info/requires.txt
[7.930s] writing top-level names to ../../build/dis_tutorial2/dis_tutorial2.egg-info/top_level.txt
[7.957s] reading manifest file '../../build/dis_tutorial2/dis_tutorial2.egg-info/SOURCES.txt'
[7.962s] writing manifest file '../../build/dis_tutorial2/dis_tutorial2.egg-info/SOURCES.txt'
[7.962s] running build
[7.967s] running build_py
[7.967s] running install
[7.973s] running install_lib
[7.979s] running install_data
[7.980s] running install_egg_info
[8.011s] removing '/home/osboxes/ros2_ws/install/dis_tutorial2/lib/python3.10/site-packages/dis_tutorial2-0.0.1-py3.10.egg-info' (and everything under it)
[8.011s] Copying ../../build/dis_tutorial2/dis_tutorial2.egg-info to /home/osboxes/ros2_ws/install/dis_tutorial2/lib/python3.10/site-packages/dis_tutorial2-0.0.1-py3.10.egg-info
[8.012s] running install_scripts
[8.484s] Installing achtung_die_turtle script to /home/osboxes/ros2_ws/install/dis_tutorial2/lib/dis_tutorial2
[8.485s] Installing go_to_position script to /home/osboxes/ros2_ws/install/dis_tutorial2/lib/dis_tutorial2
[8.485s] Installing intersection script to /home/osboxes/ros2_ws/install/dis_tutorial2/lib/dis_tutorial2
[8.494s] Installing random_velocity_publisher script to /home/osboxes/ros2_ws/install/dis_tutorial2/lib/dis_tutorial2
[8.497s] writing list of installed files to '/home/osboxes/ros2_ws/build/dis_tutorial2/install.log'
[8.596s] Invoked command in '/home/osboxes/ros2_ws/src/dis_tutorial2' returned '0': PYTHONPATH=/home/osboxes/ros2_ws/build/dis_tutorial2/prefix_override:/usr/lib/python3/dist-packages/colcon_core/task/python/colcon_distutils_commands:/home/osboxes/ros2_ws/install/dis_tutorial2/lib/python3.10/site-packages:${PYTHONPATH} /usr/bin/python3 -W ignore:setup.py install is deprecated -W ignore:easy_install command is deprecated setup.py egg_info --egg-base ../../build/dis_tutorial2 build --build-base /home/osboxes/ros2_ws/build/dis_tutorial2/build install --record /home/osboxes/ros2_ws/build/dis_tutorial2/install.log --single-version-externally-managed install_data
