running egg_info
creating ../../build/dis_tutorial2/dis_tutorial2.egg-info
writing ../../build/dis_tutorial2/dis_tutorial2.egg-info/PKG-INFO
writing dependency_links to ../../build/dis_tutorial2/dis_tutorial2.egg-info/dependency_links.txt
writing entry points to ../../build/dis_tutorial2/dis_tutorial2.egg-info/entry_points.txt
writing requirements to ../../build/dis_tutorial2/dis_tutorial2.egg-info/requires.txt
writing top-level names to ../../build/dis_tutorial2/dis_tutorial2.egg-info/top_level.txt
writing manifest file '../../build/dis_tutorial2/dis_tutorial2.egg-info/SOURCES.txt'
reading manifest file '../../build/dis_tutorial2/dis_tutorial2.egg-info/SOURCES.txt'
writing manifest file '../../build/dis_tutorial2/dis_tutorial2.egg-info/SOURCES.txt'
running build
running build_py
creating /home/osboxes/ros2_ws/build/dis_tutorial2/build
creating /home/osboxes/ros2_ws/build/dis_tutorial2/build/lib
creating /home/osboxes/ros2_ws/build/dis_tutorial2/build/lib/dis_tutorial2
copying dis_tutorial2/random_velocity_publisher_node.py -> /home/osboxes/ros2_ws/build/dis_tutorial2/build/lib/dis_tutorial2
copying dis_tutorial2/go_to_position_simple_node.py -> /home/osboxes/ros2_ws/build/dis_tutorial2/build/lib/dis_tutorial2
copying dis_tutorial2/__init__.py -> /home/osboxes/ros2_ws/build/dis_tutorial2/build/lib/dis_tutorial2
copying dis_tutorial2/achtung_die_turtles.py -> /home/osboxes/ros2_ws/build/dis_tutorial2/build/lib/dis_tutorial2
running install
running install_lib
creating /home/osboxes/ros2_ws/install/dis_tutorial2/lib/python3.10/site-packages/dis_tutorial2
copying /home/osboxes/ros2_ws/build/dis_tutorial2/build/lib/dis_tutorial2/random_velocity_publisher_node.py -> /home/osboxes/ros2_ws/install/dis_tutorial2/lib/python3.10/site-packages/dis_tutorial2
copying /home/osboxes/ros2_ws/build/dis_tutorial2/build/lib/dis_tutorial2/go_to_position_simple_node.py -> /home/osboxes/ros2_ws/install/dis_tutorial2/lib/python3.10/site-packages/dis_tutorial2
copying /home/osboxes/ros2_ws/build/dis_tutorial2/build/lib/dis_tutorial2/__init__.py -> /home/osboxes/ros2_ws/install/dis_tutorial2/lib/python3.10/site-packages/dis_tutorial2
copying /home/osboxes/ros2_ws/build/dis_tutorial2/build/lib/dis_tutorial2/achtung_die_turtles.py -> /home/osboxes/ros2_ws/install/dis_tutorial2/lib/python3.10/site-packages/dis_tutorial2
byte-compiling /home/osboxes/ros2_ws/install/dis_tutorial2/lib/python3.10/site-packages/dis_tutorial2/random_velocity_publisher_node.py to random_velocity_publisher_node.cpython-310.pyc
byte-compiling /home/osboxes/ros2_ws/install/dis_tutorial2/lib/python3.10/site-packages/dis_tutorial2/go_to_position_simple_node.py to go_to_position_simple_node.cpython-310.pyc
byte-compiling /home/osboxes/ros2_ws/install/dis_tutorial2/lib/python3.10/site-packages/dis_tutorial2/__init__.py to __init__.cpython-310.pyc
byte-compiling /home/osboxes/ros2_ws/install/dis_tutorial2/lib/python3.10/site-packages/dis_tutorial2/achtung_die_turtles.py to achtung_die_turtles.cpython-310.pyc
running install_data
creating /home/osboxes/ros2_ws/install/dis_tutorial2/share/ament_index
creating /home/osboxes/ros2_ws/install/dis_tutorial2/share/ament_index/resource_index
creating /home/osboxes/ros2_ws/install/dis_tutorial2/share/ament_index/resource_index/packages
copying resource/dis_tutorial2 -> /home/osboxes/ros2_ws/install/dis_tutorial2/share/ament_index/resource_index/packages
copying package.xml -> /home/osboxes/ros2_ws/install/dis_tutorial2/share/dis_tutorial2
creating /home/osboxes/ros2_ws/install/dis_tutorial2/share/dis_tutorial2/launch
copying launch/example_launch.py -> /home/osboxes/ros2_ws/install/dis_tutorial2/share/dis_tutorial2/launch
copying launch/example_launch.xml -> /home/osboxes/ros2_ws/install/dis_tutorial2/share/dis_tutorial2/launch
copying launch/go_to_position_launch.py -> /home/osboxes/ros2_ws/install/dis_tutorial2/share/dis_tutorial2/launch
copying launch/example_launch.yaml -> /home/osboxes/ros2_ws/install/dis_tutorial2/share/dis_tutorial2/launch
running install_egg_info
Copying ../../build/dis_tutorial2/dis_tutorial2.egg-info to /home/osboxes/ros2_ws/install/dis_tutorial2/lib/python3.10/site-packages/dis_tutorial2-0.0.1-py3.10.egg-info
running install_scripts
Installing achtung_die_turtle script to /home/osboxes/ros2_ws/install/dis_tutorial2/lib/dis_tutorial2
Installing go_to_position script to /home/osboxes/ros2_ws/install/dis_tutorial2/lib/dis_tutorial2
Installing intersection script to /home/osboxes/ros2_ws/install/dis_tutorial2/lib/dis_tutorial2
Installing random_velocity_publisher script to /home/osboxes/ros2_ws/install/dis_tutorial2/lib/dis_tutorial2
writing list of installed files to '/home/osboxes/ros2_ws/build/dis_tutorial2/install.log'
