[1.601s] Invoking command in '/home/osboxes/ros2_ws/src/dis_tutorial2': PYTHONPATH=/home/osboxes/ros2_ws/build/dis_tutorial2/prefix_override:/usr/lib/python3/dist-packages/colcon_core/task/python/colcon_distutils_commands:/home/osboxes/ros2_ws/install/dis_tutorial2/lib/python3.10/site-packages:${PYTHONPATH} /usr/bin/python3 -W ignore:setup.py install is deprecated -W ignore:easy_install command is deprecated setup.py egg_info --egg-base ../../build/dis_tutorial2 build --build-base /home/osboxes/ros2_ws/build/dis_tutorial2/build install --record /home/osboxes/ros2_ws/build/dis_tutorial2/install.log --single-version-externally-managed install_data
[2.259s] running egg_info
[2.259s] creating ../../build/dis_tutorial2/dis_tutorial2.egg-info
[2.260s] writing ../../build/dis_tutorial2/dis_tutorial2.egg-info/PKG-INFO
[2.260s] writing dependency_links to ../../build/dis_tutorial2/dis_tutorial2.egg-info/dependency_links.txt
[2.260s] writing entry points to ../../build/dis_tutorial2/dis_tutorial2.egg-info/entry_points.txt
[2.260s] writing requirements to ../../build/dis_tutorial2/dis_tutorial2.egg-info/requires.txt
[2.260s] writing top-level names to ../../build/dis_tutorial2/dis_tutorial2.egg-info/top_level.txt
[2.260s] writing manifest file '../../build/dis_tutorial2/dis_tutorial2.egg-info/SOURCES.txt'
[2.265s] reading manifest file '../../build/dis_tutorial2/dis_tutorial2.egg-info/SOURCES.txt'
[2.265s] writing manifest file '../../build/dis_tutorial2/dis_tutorial2.egg-info/SOURCES.txt'
[2.265s] running build
[2.265s] running build_py
[2.265s] creating /home/osboxes/ros2_ws/build/dis_tutorial2/build
[2.265s] creating /home/osboxes/ros2_ws/build/dis_tutorial2/build/lib
[2.265s] creating /home/osboxes/ros2_ws/build/dis_tutorial2/build/lib/dis_tutorial2
[2.266s] copying dis_tutorial2/random_velocity_publisher_node.py -> /home/osboxes/ros2_ws/build/dis_tutorial2/build/lib/dis_tutorial2
[2.266s] copying dis_tutorial2/go_to_position_simple_node.py -> /home/osboxes/ros2_ws/build/dis_tutorial2/build/lib/dis_tutorial2
[2.266s] copying dis_tutorial2/__init__.py -> /home/osboxes/ros2_ws/build/dis_tutorial2/build/lib/dis_tutorial2
[2.266s] copying dis_tutorial2/achtung_die_turtles.py -> /home/osboxes/ros2_ws/build/dis_tutorial2/build/lib/dis_tutorial2
[2.266s] running install
[2.266s] running install_lib
[2.268s] creating /home/osboxes/ros2_ws/install/dis_tutorial2/lib/python3.10/site-packages/dis_tutorial2
[2.268s] copying /home/osboxes/ros2_ws/build/dis_tutorial2/build/lib/dis_tutorial2/random_velocity_publisher_node.py -> /home/osboxes/ros2_ws/install/dis_tutorial2/lib/python3.10/site-packages/dis_tutorial2
[2.268s] copying /home/osboxes/ros2_ws/build/dis_tutorial2/build/lib/dis_tutorial2/go_to_position_simple_node.py -> /home/osboxes/ros2_ws/install/dis_tutorial2/lib/python3.10/site-packages/dis_tutorial2
[2.268s] copying /home/osboxes/ros2_ws/build/dis_tutorial2/build/lib/dis_tutorial2/__init__.py -> /home/osboxes/ros2_ws/install/dis_tutorial2/lib/python3.10/site-packages/dis_tutorial2
[2.268s] copying /home/osboxes/ros2_ws/build/dis_tutorial2/build/lib/dis_tutorial2/achtung_die_turtles.py -> /home/osboxes/ros2_ws/install/dis_tutorial2/lib/python3.10/site-packages/dis_tutorial2
[2.268s] byte-compiling /home/osboxes/ros2_ws/install/dis_tutorial2/lib/python3.10/site-packages/dis_tutorial2/random_velocity_publisher_node.py to random_velocity_publisher_node.cpython-310.pyc
[2.268s] byte-compiling /home/osboxes/ros2_ws/install/dis_tutorial2/lib/python3.10/site-packages/dis_tutorial2/go_to_position_simple_node.py to go_to_position_simple_node.cpython-310.pyc
[2.271s] byte-compiling /home/osboxes/ros2_ws/install/dis_tutorial2/lib/python3.10/site-packages/dis_tutorial2/__init__.py to __init__.cpython-310.pyc
[2.271s] byte-compiling /home/osboxes/ros2_ws/install/dis_tutorial2/lib/python3.10/site-packages/dis_tutorial2/achtung_die_turtles.py to achtung_die_turtles.cpython-310.pyc
[2.273s] running install_data
[2.273s] creating /home/osboxes/ros2_ws/install/dis_tutorial2/share/ament_index
[2.274s] creating /home/osboxes/ros2_ws/install/dis_tutorial2/share/ament_index/resource_index
[2.274s] creating /home/osboxes/ros2_ws/install/dis_tutorial2/share/ament_index/resource_index/packages
[2.274s] copying resource/dis_tutorial2 -> /home/osboxes/ros2_ws/install/dis_tutorial2/share/ament_index/resource_index/packages
[2.274s] copying package.xml -> /home/osboxes/ros2_ws/install/dis_tutorial2/share/dis_tutorial2
[2.275s] creating /home/osboxes/ros2_ws/install/dis_tutorial2/share/dis_tutorial2/launch
[2.275s] copying launch/example_launch.py -> /home/osboxes/ros2_ws/install/dis_tutorial2/share/dis_tutorial2/launch
[2.275s] copying launch/example_launch.xml -> /home/osboxes/ros2_ws/install/dis_tutorial2/share/dis_tutorial2/launch
[2.275s] copying launch/go_to_position_launch.py -> /home/osboxes/ros2_ws/install/dis_tutorial2/share/dis_tutorial2/launch
[2.275s] copying launch/example_launch.yaml -> /home/osboxes/ros2_ws/install/dis_tutorial2/share/dis_tutorial2/launch
[2.275s] running install_egg_info
[2.281s] Copying ../../build/dis_tutorial2/dis_tutorial2.egg-info to /home/osboxes/ros2_ws/install/dis_tutorial2/lib/python3.10/site-packages/dis_tutorial2-0.0.1-py3.10.egg-info
[2.281s] running install_scripts
[2.344s] Installing achtung_die_turtle script to /home/osboxes/ros2_ws/install/dis_tutorial2/lib/dis_tutorial2
[2.344s] Installing go_to_position script to /home/osboxes/ros2_ws/install/dis_tutorial2/lib/dis_tutorial2
[2.344s] Installing intersection script to /home/osboxes/ros2_ws/install/dis_tutorial2/lib/dis_tutorial2
[2.345s] Installing random_velocity_publisher script to /home/osboxes/ros2_ws/install/dis_tutorial2/lib/dis_tutorial2
[2.345s] writing list of installed files to '/home/osboxes/ros2_ws/build/dis_tutorial2/install.log'
[2.408s] Invoked command in '/home/osboxes/ros2_ws/src/dis_tutorial2' returned '0': PYTHONPATH=/home/osboxes/ros2_ws/build/dis_tutorial2/prefix_override:/usr/lib/python3/dist-packages/colcon_core/task/python/colcon_distutils_commands:/home/osboxes/ros2_ws/install/dis_tutorial2/lib/python3.10/site-packages:${PYTHONPATH} /usr/bin/python3 -W ignore:setup.py install is deprecated -W ignore:easy_install command is deprecated setup.py egg_info --egg-base ../../build/dis_tutorial2 build --build-base /home/osboxes/ros2_ws/build/dis_tutorial2/build install --record /home/osboxes/ros2_ws/build/dis_tutorial2/install.log --single-version-externally-managed install_data
