[0.014s] Invoking command in '/home/tau/colcon_ws/build/dis_tutorial1': CMAKE_PREFIX_PATH=/opt/ros/humble /usr/bin/cmake /home/tau/colcon_ws/src/dis_tutorial1 -DCMAKE_INSTALL_PREFIX=/home/tau/colcon_ws/install/dis_tutorial1
[0.177s] -- The C compiler identification is GNU 11.4.0
[0.177s] -- The CXX compiler identification is GNU 11.4.0
[0.177s] -- Detecting C compiler ABI info
[0.177s] -- Detecting C compiler ABI info - done
[0.177s] -- Check for working C compiler: /usr/bin/cc - skipped
[0.177s] -- Detecting C compile features
[0.177s] -- Detecting C compile features - done
[0.177s] -- Detecting CXX compiler ABI info
[0.177s] -- Detecting CXX compiler ABI info - done
[0.181s] -- Check for working CXX compiler: /usr/bin/c++ - skipped
[0.181s] -- Detecting CXX compile features
[0.181s] -- Detecting CXX compile features - done
[0.182s] -- Found ament_cmake: 1.3.11 (/opt/ros/humble/share/ament_cmake/cmake)
[0.277s] -- Found Python3: /usr/bin/python3 (found version "3.10.12") found components: Interpreter 
[0.335s] -- Found rclcpp: 16.0.11 (/opt/ros/humble/share/rclcpp/cmake)
[0.365s] -- Found rosidl_generator_c: 3.1.6 (/opt/ros/humble/share/rosidl_generator_c/cmake)
[0.368s] -- Found rosidl_adapter: 3.1.6 (/opt/ros/humble/share/rosidl_adapter/cmake)
[0.375s] -- Found rosidl_generator_cpp: 3.1.6 (/opt/ros/humble/share/rosidl_generator_cpp/cmake)
[0.384s] -- Using all available rosidl_typesupport_c: rosidl_typesupport_fastrtps_c;rosidl_typesupport_introspection_c
[0.396s] -- Using all available rosidl_typesupport_cpp: rosidl_typesupport_fastrtps_cpp;rosidl_typesupport_introspection_cpp
[0.428s] -- Found rmw_implementation_cmake: 6.1.2 (/opt/ros/humble/share/rmw_implementation_cmake/cmake)
[0.430s] -- Found rmw_fastrtps_cpp: 6.2.7 (/opt/ros/humble/share/rmw_fastrtps_cpp/cmake)
[0.487s] -- Found OpenSSL: /usr/lib/x86_64-linux-gnu/libcrypto.so (found version "3.0.2")  
[0.509s] -- Found FastRTPS: /opt/ros/humble/include  
[0.541s] -- Using RMW implementation 'rmw_fastrtps_cpp' as default
[0.548s] -- Looking for pthread.h
[0.598s] -- Looking for pthread.h - found
[0.598s] -- Performing Test CMAKE_HAVE_LIBC_PTHREAD
[0.648s] -- Performing Test CMAKE_HAVE_LIBC_PTHREAD - Success
[0.648s] -- Found Threads: TRUE  
[0.682s] -- Found rclpy: 3.3.15 (/opt/ros/humble/share/rclpy/cmake)
[0.683s] -- Found std_srvs: 4.2.4 (/opt/ros/humble/share/std_srvs/cmake)
[0.690s] -- Found rosidl_default_generators: 1.2.0 (/opt/ros/humble/share/rosidl_default_generators/cmake)
[0.893s] -- Found ament_cmake_ros: 0.10.0 (/opt/ros/humble/share/ament_cmake_ros/cmake)
[1.134s] -- Using all available rosidl_typesupport_c: rosidl_typesupport_fastrtps_c;rosidl_typesupport_introspection_c
[1.219s] -- Using all available rosidl_typesupport_cpp: rosidl_typesupport_fastrtps_cpp;rosidl_typesupport_introspection_cpp
[1.233s] -- Found PythonInterp: /usr/bin/python3 (found suitable version "3.10.12", minimum required is "3.6") 
[1.234s] -- Found python_cmake_module: 0.10.0 (/opt/ros/humble/share/python_cmake_module/cmake)
[1.250s] -- Found PythonLibs: /usr/lib/x86_64-linux-gnu/libpython3.10.so (found suitable version "3.10.12", minimum required is "3.5") 
[1.250s] -- Using PYTHON_EXECUTABLE: /usr/bin/python3
[1.250s] -- Using PYTHON_INCLUDE_DIRS: /usr/include/python3.10
[1.250s] -- Using PYTHON_LIBRARIES: /usr/lib/x86_64-linux-gnu/libpython3.10.so
[1.262s] -- Found PythonExtra: .so  
[1.304s] -- Configuring done
[1.338s] -- Generating done
[1.350s] -- Build files have been written to: /home/tau/colcon_ws/build/dis_tutorial1
[1.358s] Invoked command in '/home/tau/colcon_ws/build/dis_tutorial1' returned '0': CMAKE_PREFIX_PATH=/opt/ros/humble /usr/bin/cmake /home/tau/colcon_ws/src/dis_tutorial1 -DCMAKE_INSTALL_PREFIX=/home/tau/colcon_ws/install/dis_tutorial1
[1.359s] Invoking command in '/home/tau/colcon_ws/build/dis_tutorial1': CMAKE_PREFIX_PATH=/opt/ros/humble /usr/bin/cmake --build /home/tau/colcon_ws/build/dis_tutorial1 -- -j16 -l16
[1.382s] [  1%] [34m[1mGenerating C code for ROS interfaces[0m
[1.388s] [  5%] [34m[1mGenerating C++ code for ROS interfaces[0m
[1.388s] [  5%] [32mBuilding CXX object CMakeFiles/simple_publisher.dir/src/simple_publisher.cpp.o[0m
[1.388s] [  7%] [32mBuilding CXX object CMakeFiles/simple_subscriber.dir/src/simple_subscriber.cpp.o[0m
[1.388s] [  9%] [32mBuilding CXX object CMakeFiles/simple_set_bool_server_node.dir/src/simple_set_bool_server_node.cpp.o[0m
[1.393s] [  9%] Built target ament_cmake_python_copy_dis_tutorial1
[1.573s] running egg_info
[1.574s] creating dis_tutorial1.egg-info
[1.574s] writing dis_tutorial1.egg-info/PKG-INFO
[1.574s] writing dependency_links to dis_tutorial1.egg-info/dependency_links.txt
[1.574s] writing top-level names to dis_tutorial1.egg-info/top_level.txt
[1.574s] writing manifest file 'dis_tutorial1.egg-info/SOURCES.txt'
[1.576s] reading manifest file 'dis_tutorial1.egg-info/SOURCES.txt'
[1.576s] writing manifest file 'dis_tutorial1.egg-info/SOURCES.txt'
[1.597s] [  9%] Built target ament_cmake_python_build_dis_tutorial1_egg
[1.658s] [  9%] Built target dis_tutorial1__cpp
[1.664s] [ 11%] [34m[1mGenerating C++ type support dispatch for ROS interfaces[0m
[1.667s] [ 13%] [34m[1mGenerating C++ introspection for ROS interfaces[0m
[1.667s] [ 15%] [34m[1mGenerating C++ type support for eProsima Fast-RTPS[0m
[1.672s] [ 17%] [32mBuilding C object CMakeFiles/dis_tutorial1__rosidl_generator_c.dir/rosidl_generator_c/dis_tutorial1/msg/detail/custom_message__functions.c.o[0m
[1.675s] [ 19%] [32mBuilding C object CMakeFiles/dis_tutorial1__rosidl_generator_c.dir/rosidl_generator_c/dis_tutorial1/srv/detail/add_two_ints__functions.c.o[0m
[1.734s] [ 21%] [32m[1mLinking C shared library libdis_tutorial1__rosidl_generator_c.so[0m
[1.779s] [ 21%] Built target dis_tutorial1__rosidl_generator_c
[1.788s] [ 23%] [34m[1mGenerating C type support dispatch for ROS interfaces[0m
[1.788s] [ 25%] [34m[1mGenerating C introspection for ROS interfaces[0m
[1.788s] [ 27%] [34m[1mGenerating C type support for eProsima Fast-RTPS[0m
[2.023s] [ 29%] [32mBuilding CXX object CMakeFiles/dis_tutorial1__rosidl_typesupport_introspection_cpp.dir/rosidl_typesupport_introspection_cpp/dis_tutorial1/msg/detail/custom_message__type_support.cpp.o[0m
[2.024s] [ 31%] [32mBuilding CXX object CMakeFiles/dis_tutorial1__rosidl_typesupport_introspection_cpp.dir/rosidl_typesupport_introspection_cpp/dis_tutorial1/srv/detail/add_two_ints__type_support.cpp.o[0m
[2.031s] [ 33%] [32mBuilding CXX object CMakeFiles/dis_tutorial1__rosidl_typesupport_cpp.dir/rosidl_typesupport_cpp/dis_tutorial1/msg/custom_message__type_support.cpp.o[0m
[2.034s] [ 35%] [32mBuilding CXX object CMakeFiles/dis_tutorial1__rosidl_typesupport_cpp.dir/rosidl_typesupport_cpp/dis_tutorial1/srv/add_two_ints__type_support.cpp.o[0m
[2.131s] [ 37%] [32mBuilding CXX object CMakeFiles/dis_tutorial1__rosidl_typesupport_fastrtps_cpp.dir/rosidl_typesupport_fastrtps_cpp/dis_tutorial1/msg/detail/dds_fastrtps/custom_message__type_support.cpp.o[0m
[2.136s] [ 39%] [32mBuilding CXX object CMakeFiles/dis_tutorial1__rosidl_typesupport_fastrtps_cpp.dir/rosidl_typesupport_fastrtps_cpp/dis_tutorial1/srv/detail/dds_fastrtps/add_two_ints__type_support.cpp.o[0m
[2.186s] [ 41%] [32mBuilding CXX object CMakeFiles/dis_tutorial1__rosidl_typesupport_c.dir/rosidl_typesupport_c/dis_tutorial1/msg/custom_message__type_support.cpp.o[0m
[2.197s] [ 43%] [32mBuilding CXX object CMakeFiles/dis_tutorial1__rosidl_typesupport_c.dir/rosidl_typesupport_c/dis_tutorial1/srv/add_two_ints__type_support.cpp.o[0m
[2.272s] [ 45%] [32m[1mLinking CXX shared library libdis_tutorial1__rosidl_typesupport_c.so[0m
[2.302s] [ 47%] [32mBuilding C object CMakeFiles/dis_tutorial1__rosidl_typesupport_introspection_c.dir/rosidl_typesupport_introspection_c/dis_tutorial1/srv/detail/add_two_ints__type_support.c.o[0m
[2.302s] [ 49%] [32mBuilding C object CMakeFiles/dis_tutorial1__rosidl_typesupport_introspection_c.dir/rosidl_typesupport_introspection_c/dis_tutorial1/msg/detail/custom_message__type_support.c.o[0m
[2.346s] [ 50%] [32mBuilding CXX object CMakeFiles/dis_tutorial1__rosidl_typesupport_fastrtps_c.dir/rosidl_typesupport_fastrtps_c/dis_tutorial1/msg/detail/custom_message__type_support_c.cpp.o[0m
[2.362s] [ 52%] [32mBuilding CXX object CMakeFiles/dis_tutorial1__rosidl_typesupport_fastrtps_c.dir/rosidl_typesupport_fastrtps_c/dis_tutorial1/srv/detail/add_two_ints__type_support_c.cpp.o[0m
[2.376s] [ 52%] Built target dis_tutorial1__rosidl_typesupport_c
[2.380s] [ 54%] [32m[1mLinking C shared library libdis_tutorial1__rosidl_typesupport_introspection_c.so[0m
[2.432s] [ 56%] [32m[1mLinking CXX shared library libdis_tutorial1__rosidl_typesupport_cpp.so[0m
[2.461s] [ 56%] Built target dis_tutorial1__rosidl_typesupport_introspection_c
[2.538s] [ 56%] Built target dis_tutorial1__rosidl_typesupport_cpp
[2.597s] [ 60%] [32mBuilding CXX object CMakeFiles/simple_client_node.dir/src/simple_client_node.cpp.o[0m
[2.597s] [ 60%] [32mBuilding CXX object CMakeFiles/complete_node.dir/src/complete_node.cpp.o[0m
[2.598s] [ 62%] [32mBuilding CXX object CMakeFiles/simple_server_node.dir/src/simple_server_node.cpp.o[0m
[2.685s] [ 64%] [32m[1mLinking CXX shared library libdis_tutorial1__rosidl_typesupport_introspection_cpp.so[0m
[2.779s] [ 66%] [32m[1mLinking CXX shared library libdis_tutorial1__rosidl_typesupport_fastrtps_cpp.so[0m
[2.828s] [ 66%] Built target dis_tutorial1__rosidl_typesupport_introspection_cpp
[2.876s] [ 66%] Built target dis_tutorial1__rosidl_typesupport_fastrtps_cpp
[2.922s] [ 68%] [32m[1mLinking CXX shared library libdis_tutorial1__rosidl_typesupport_fastrtps_c.so[0m
[2.982s] [ 68%] Built target dis_tutorial1__rosidl_typesupport_fastrtps_c
[2.997s] [ 68%] Built target dis_tutorial1
[3.013s] [ 70%] [34m[1mGenerating Python code for ROS interfaces[0m
[3.383s] [ 70%] Built target dis_tutorial1__py
[3.403s] [ 72%] [32mBuilding C object CMakeFiles/dis_tutorial1__rosidl_generator_py.dir/rosidl_generator_py/dis_tutorial1/msg/_custom_message_s.c.o[0m
[3.403s] [ 74%] [32mBuilding C object CMakeFiles/dis_tutorial1__rosidl_generator_py.dir/rosidl_generator_py/dis_tutorial1/srv/_add_two_ints_s.c.o[0m
[3.525s] [ 76%] [32m[1mLinking C shared library rosidl_generator_py/dis_tutorial1/libdis_tutorial1__rosidl_generator_py.so[0m
[3.556s] [ 76%] Built target dis_tutorial1__rosidl_generator_py
[3.572s] [ 78%] [32mBuilding C object CMakeFiles/dis_tutorial1__rosidl_typesupport_fastrtps_c__pyext.dir/rosidl_generator_py/dis_tutorial1/_dis_tutorial1_s.ep.rosidl_typesupport_fastrtps_c.c.o[0m
[3.576s] [ 82%] [32mBuilding C object CMakeFiles/dis_tutorial1__rosidl_typesupport_introspection_c__pyext.dir/rosidl_generator_py/dis_tutorial1/_dis_tutorial1_s.ep.rosidl_typesupport_introspection_c.c.o[0m
[3.576s] [ 82%] [32mBuilding C object CMakeFiles/dis_tutorial1__rosidl_typesupport_c__pyext.dir/rosidl_generator_py/dis_tutorial1/_dis_tutorial1_s.ep.rosidl_typesupport_c.c.o[0m
[3.669s] [ 84%] [32m[1mLinking C shared library rosidl_generator_py/dis_tutorial1/dis_tutorial1_s__rosidl_typesupport_c.cpython-310-x86_64-linux-gnu.so[0m
[3.700s] [ 86%] [32m[1mLinking C shared library rosidl_generator_py/dis_tutorial1/dis_tutorial1_s__rosidl_typesupport_fastrtps_c.cpython-310-x86_64-linux-gnu.so[0m
[3.702s] [ 86%] Built target dis_tutorial1__rosidl_typesupport_c__pyext
[3.710s] [ 88%] [32m[1mLinking C shared library rosidl_generator_py/dis_tutorial1/dis_tutorial1_s__rosidl_typesupport_introspection_c.cpython-310-x86_64-linux-gnu.so[0m
[3.740s] [ 88%] Built target dis_tutorial1__rosidl_typesupport_fastrtps_c__pyext
[3.743s] [ 88%] Built target dis_tutorial1__rosidl_typesupport_introspection_c__pyext
[4.752s] [ 90%] [32m[1mLinking CXX executable simple_set_bool_server_node[0m
[4.859s] [ 90%] Built target simple_set_bool_server_node
[5.339s] [ 92%] [32m[1mLinking CXX executable simple_server_node[0m
[5.342s] [ 94%] [32m[1mLinking CXX executable simple_publisher[0m
[5.431s] [ 94%] Built target simple_server_node
[5.457s] [ 94%] Built target simple_publisher
[5.538s] [ 96%] [32m[1mLinking CXX executable simple_client_node[0m
[5.637s] [ 96%] Built target simple_client_node
[7.856s] [ 98%] [32m[1mLinking CXX executable simple_subscriber[0m
[8.077s] [ 98%] Built target simple_subscriber
[9.296s] [100%] [32m[1mLinking CXX executable complete_node[0m
[9.548s] [100%] Built target complete_node
[9.554s] Invoked command in '/home/tau/colcon_ws/build/dis_tutorial1' returned '0': CMAKE_PREFIX_PATH=/opt/ros/humble /usr/bin/cmake --build /home/tau/colcon_ws/build/dis_tutorial1 -- -j16 -l16
[9.555s] Invoking command in '/home/tau/colcon_ws/build/dis_tutorial1': CMAKE_PREFIX_PATH=/opt/ros/humble /usr/bin/cmake --install /home/tau/colcon_ws/build/dis_tutorial1
[9.559s] -- Install configuration: ""
[9.559s] -- Installing: /home/tau/colcon_ws/install/dis_tutorial1/share/ament_index/resource_index/rosidl_interfaces/dis_tutorial1
[9.559s] -- Installing: /home/tau/colcon_ws/install/dis_tutorial1/include/dis_tutorial1/dis_tutorial1
[9.560s] -- Installing: /home/tau/colcon_ws/install/dis_tutorial1/include/dis_tutorial1/dis_tutorial1/msg
[9.560s] -- Installing: /home/tau/colcon_ws/install/dis_tutorial1/include/dis_tutorial1/dis_tutorial1/msg/rosidl_generator_c__visibility_control.h
[9.560s] -- Installing: /home/tau/colcon_ws/install/dis_tutorial1/include/dis_tutorial1/dis_tutorial1/msg/custom_message.h
[9.560s] -- Installing: /home/tau/colcon_ws/install/dis_tutorial1/include/dis_tutorial1/dis_tutorial1/msg/detail
[9.560s] -- Installing: /home/tau/colcon_ws/install/dis_tutorial1/include/dis_tutorial1/dis_tutorial1/msg/detail/custom_message__struct.h
[9.560s] -- Installing: /home/tau/colcon_ws/install/dis_tutorial1/include/dis_tutorial1/dis_tutorial1/msg/detail/custom_message__type_support.h
[9.560s] -- Installing: /home/tau/colcon_ws/install/dis_tutorial1/include/dis_tutorial1/dis_tutorial1/msg/detail/custom_message__functions.c
[9.560s] -- Installing: /home/tau/colcon_ws/install/dis_tutorial1/include/dis_tutorial1/dis_tutorial1/msg/detail/custom_message__functions.h
[9.560s] -- Installing: /home/tau/colcon_ws/install/dis_tutorial1/include/dis_tutorial1/dis_tutorial1/srv
[9.560s] -- Installing: /home/tau/colcon_ws/install/dis_tutorial1/include/dis_tutorial1/dis_tutorial1/srv/add_two_ints.h
[9.560s] -- Installing: /home/tau/colcon_ws/install/dis_tutorial1/include/dis_tutorial1/dis_tutorial1/srv/detail
[9.560s] -- Installing: /home/tau/colcon_ws/install/dis_tutorial1/include/dis_tutorial1/dis_tutorial1/srv/detail/add_two_ints__type_support.h
[9.560s] -- Installing: /home/tau/colcon_ws/install/dis_tutorial1/include/dis_tutorial1/dis_tutorial1/srv/detail/add_two_ints__functions.c
[9.560s] -- Installing: /home/tau/colcon_ws/install/dis_tutorial1/include/dis_tutorial1/dis_tutorial1/srv/detail/add_two_ints__functions.h
[9.560s] -- Installing: /home/tau/colcon_ws/install/dis_tutorial1/include/dis_tutorial1/dis_tutorial1/srv/detail/add_two_ints__struct.h
[9.560s] -- Installing: /home/tau/colcon_ws/install/dis_tutorial1/share/dis_tutorial1/environment/library_path.sh
[9.560s] -- Installing: /home/tau/colcon_ws/install/dis_tutorial1/share/dis_tutorial1/environment/library_path.dsv
[9.560s] -- Installing: /home/tau/colcon_ws/install/dis_tutorial1/lib/libdis_tutorial1__rosidl_generator_c.so
[9.560s] -- Set runtime path of "/home/tau/colcon_ws/install/dis_tutorial1/lib/libdis_tutorial1__rosidl_generator_c.so" to ""
[9.561s] -- Up-to-date: /home/tau/colcon_ws/install/dis_tutorial1/include/dis_tutorial1/dis_tutorial1
[9.561s] -- Up-to-date: /home/tau/colcon_ws/install/dis_tutorial1/include/dis_tutorial1/dis_tutorial1/msg
[9.561s] -- Installing: /home/tau/colcon_ws/install/dis_tutorial1/include/dis_tutorial1/dis_tutorial1/msg/rosidl_typesupport_fastrtps_c__visibility_control.h
[9.561s] -- Up-to-date: /home/tau/colcon_ws/install/dis_tutorial1/include/dis_tutorial1/dis_tutorial1/msg/detail
[9.561s] -- Installing: /home/tau/colcon_ws/install/dis_tutorial1/include/dis_tutorial1/dis_tutorial1/msg/detail/custom_message__rosidl_typesupport_fastrtps_c.h
[9.561s] -- Up-to-date: /home/tau/colcon_ws/install/dis_tutorial1/include/dis_tutorial1/dis_tutorial1/srv
[9.561s] -- Up-to-date: /home/tau/colcon_ws/install/dis_tutorial1/include/dis_tutorial1/dis_tutorial1/srv/detail
[9.561s] -- Installing: /home/tau/colcon_ws/install/dis_tutorial1/include/dis_tutorial1/dis_tutorial1/srv/detail/add_two_ints__rosidl_typesupport_fastrtps_c.h
[9.561s] -- Installing: /home/tau/colcon_ws/install/dis_tutorial1/lib/libdis_tutorial1__rosidl_typesupport_fastrtps_c.so
[9.561s] -- Set runtime path of "/home/tau/colcon_ws/install/dis_tutorial1/lib/libdis_tutorial1__rosidl_typesupport_fastrtps_c.so" to ""
[9.561s] -- Up-to-date: /home/tau/colcon_ws/install/dis_tutorial1/include/dis_tutorial1/dis_tutorial1
[9.561s] -- Up-to-date: /home/tau/colcon_ws/install/dis_tutorial1/include/dis_tutorial1/dis_tutorial1/msg
[9.561s] -- Installing: /home/tau/colcon_ws/install/dis_tutorial1/include/dis_tutorial1/dis_tutorial1/msg/rosidl_generator_cpp__visibility_control.hpp
[9.561s] -- Installing: /home/tau/colcon_ws/install/dis_tutorial1/include/dis_tutorial1/dis_tutorial1/msg/custom_message.hpp
[9.561s] -- Up-to-date: /home/tau/colcon_ws/install/dis_tutorial1/include/dis_tutorial1/dis_tutorial1/msg/detail
[9.561s] -- Installing: /home/tau/colcon_ws/install/dis_tutorial1/include/dis_tutorial1/dis_tutorial1/msg/detail/custom_message__traits.hpp
[9.561s] -- Installing: /home/tau/colcon_ws/install/dis_tutorial1/include/dis_tutorial1/dis_tutorial1/msg/detail/custom_message__struct.hpp
[9.561s] -- Installing: /home/tau/colcon_ws/install/dis_tutorial1/include/dis_tutorial1/dis_tutorial1/msg/detail/custom_message__builder.hpp
[9.561s] -- Installing: /home/tau/colcon_ws/install/dis_tutorial1/include/dis_tutorial1/dis_tutorial1/msg/detail/custom_message__type_support.hpp
[9.561s] -- Up-to-date: /home/tau/colcon_ws/install/dis_tutorial1/include/dis_tutorial1/dis_tutorial1/srv
[9.561s] -- Installing: /home/tau/colcon_ws/install/dis_tutorial1/include/dis_tutorial1/dis_tutorial1/srv/add_two_ints.hpp
[9.561s] -- Up-to-date: /home/tau/colcon_ws/install/dis_tutorial1/include/dis_tutorial1/dis_tutorial1/srv/detail
[9.561s] -- Installing: /home/tau/colcon_ws/install/dis_tutorial1/include/dis_tutorial1/dis_tutorial1/srv/detail/add_two_ints__builder.hpp
[9.561s] -- Installing: /home/tau/colcon_ws/install/dis_tutorial1/include/dis_tutorial1/dis_tutorial1/srv/detail/add_two_ints__type_support.hpp
[9.561s] -- Installing: /home/tau/colcon_ws/install/dis_tutorial1/include/dis_tutorial1/dis_tutorial1/srv/detail/add_two_ints__traits.hpp
[9.562s] -- Installing: /home/tau/colcon_ws/install/dis_tutorial1/include/dis_tutorial1/dis_tutorial1/srv/detail/add_two_ints__struct.hpp
[9.562s] -- Up-to-date: /home/tau/colcon_ws/install/dis_tutorial1/include/dis_tutorial1/dis_tutorial1
[9.562s] -- Up-to-date: /home/tau/colcon_ws/install/dis_tutorial1/include/dis_tutorial1/dis_tutorial1/msg
[9.562s] -- Installing: /home/tau/colcon_ws/install/dis_tutorial1/include/dis_tutorial1/dis_tutorial1/msg/rosidl_typesupport_fastrtps_cpp__visibility_control.h
[9.562s] -- Up-to-date: /home/tau/colcon_ws/install/dis_tutorial1/include/dis_tutorial1/dis_tutorial1/msg/detail
[9.562s] -- Installing: /home/tau/colcon_ws/install/dis_tutorial1/include/dis_tutorial1/dis_tutorial1/msg/detail/dds_fastrtps
[9.562s] -- Installing: /home/tau/colcon_ws/install/dis_tutorial1/include/dis_tutorial1/dis_tutorial1/msg/detail/custom_message__rosidl_typesupport_fastrtps_cpp.hpp
[9.562s] -- Up-to-date: /home/tau/colcon_ws/install/dis_tutorial1/include/dis_tutorial1/dis_tutorial1/srv
[9.562s] -- Up-to-date: /home/tau/colcon_ws/install/dis_tutorial1/include/dis_tutorial1/dis_tutorial1/srv/detail
[9.562s] -- Installing: /home/tau/colcon_ws/install/dis_tutorial1/include/dis_tutorial1/dis_tutorial1/srv/detail/dds_fastrtps
[9.562s] -- Installing: /home/tau/colcon_ws/install/dis_tutorial1/include/dis_tutorial1/dis_tutorial1/srv/detail/add_two_ints__rosidl_typesupport_fastrtps_cpp.hpp
[9.562s] -- Installing: /home/tau/colcon_ws/install/dis_tutorial1/lib/libdis_tutorial1__rosidl_typesupport_fastrtps_cpp.so
[9.562s] -- Set runtime path of "/home/tau/colcon_ws/install/dis_tutorial1/lib/libdis_tutorial1__rosidl_typesupport_fastrtps_cpp.so" to ""
[9.562s] -- Up-to-date: /home/tau/colcon_ws/install/dis_tutorial1/include/dis_tutorial1/dis_tutorial1
[9.562s] -- Up-to-date: /home/tau/colcon_ws/install/dis_tutorial1/include/dis_tutorial1/dis_tutorial1/msg
[9.562s] -- Up-to-date: /home/tau/colcon_ws/install/dis_tutorial1/include/dis_tutorial1/dis_tutorial1/msg/detail
[9.562s] -- Installing: /home/tau/colcon_ws/install/dis_tutorial1/include/dis_tutorial1/dis_tutorial1/msg/detail/custom_message__rosidl_typesupport_introspection_c.h
[9.562s] -- Installing: /home/tau/colcon_ws/install/dis_tutorial1/include/dis_tutorial1/dis_tutorial1/msg/detail/custom_message__type_support.c
[9.562s] -- Installing: /home/tau/colcon_ws/install/dis_tutorial1/include/dis_tutorial1/dis_tutorial1/msg/rosidl_typesupport_introspection_c__visibility_control.h
[9.562s] -- Up-to-date: /home/tau/colcon_ws/install/dis_tutorial1/include/dis_tutorial1/dis_tutorial1/srv
[9.562s] -- Up-to-date: /home/tau/colcon_ws/install/dis_tutorial1/include/dis_tutorial1/dis_tutorial1/srv/detail
[9.562s] -- Installing: /home/tau/colcon_ws/install/dis_tutorial1/include/dis_tutorial1/dis_tutorial1/srv/detail/add_two_ints__type_support.c
[9.562s] -- Installing: /home/tau/colcon_ws/install/dis_tutorial1/include/dis_tutorial1/dis_tutorial1/srv/detail/add_two_ints__rosidl_typesupport_introspection_c.h
[9.562s] -- Installing: /home/tau/colcon_ws/install/dis_tutorial1/lib/libdis_tutorial1__rosidl_typesupport_introspection_c.so
[9.562s] -- Set runtime path of "/home/tau/colcon_ws/install/dis_tutorial1/lib/libdis_tutorial1__rosidl_typesupport_introspection_c.so" to ""
[9.562s] -- Installing: /home/tau/colcon_ws/install/dis_tutorial1/lib/libdis_tutorial1__rosidl_typesupport_c.so
[9.562s] -- Set runtime path of "/home/tau/colcon_ws/install/dis_tutorial1/lib/libdis_tutorial1__rosidl_typesupport_c.so" to ""
[9.563s] -- Up-to-date: /home/tau/colcon_ws/install/dis_tutorial1/include/dis_tutorial1/dis_tutorial1
[9.563s] -- Up-to-date: /home/tau/colcon_ws/install/dis_tutorial1/include/dis_tutorial1/dis_tutorial1/msg
[9.563s] -- Up-to-date: /home/tau/colcon_ws/install/dis_tutorial1/include/dis_tutorial1/dis_tutorial1/msg/detail
[9.563s] -- Installing: /home/tau/colcon_ws/install/dis_tutorial1/include/dis_tutorial1/dis_tutorial1/msg/detail/custom_message__rosidl_typesupport_introspection_cpp.hpp
[9.563s] -- Installing: /home/tau/colcon_ws/install/dis_tutorial1/include/dis_tutorial1/dis_tutorial1/msg/detail/custom_message__type_support.cpp
[9.563s] -- Up-to-date: /home/tau/colcon_ws/install/dis_tutorial1/include/dis_tutorial1/dis_tutorial1/srv
[9.563s] -- Up-to-date: /home/tau/colcon_ws/install/dis_tutorial1/include/dis_tutorial1/dis_tutorial1/srv/detail
[9.563s] -- Installing: /home/tau/colcon_ws/install/dis_tutorial1/include/dis_tutorial1/dis_tutorial1/srv/detail/add_two_ints__rosidl_typesupport_introspection_cpp.hpp
[9.563s] -- Installing: /home/tau/colcon_ws/install/dis_tutorial1/include/dis_tutorial1/dis_tutorial1/srv/detail/add_two_ints__type_support.cpp
[9.563s] -- Installing: /home/tau/colcon_ws/install/dis_tutorial1/lib/libdis_tutorial1__rosidl_typesupport_introspection_cpp.so
[9.563s] -- Set runtime path of "/home/tau/colcon_ws/install/dis_tutorial1/lib/libdis_tutorial1__rosidl_typesupport_introspection_cpp.so" to ""
[9.563s] -- Installing: /home/tau/colcon_ws/install/dis_tutorial1/lib/libdis_tutorial1__rosidl_typesupport_cpp.so
[9.563s] -- Set runtime path of "/home/tau/colcon_ws/install/dis_tutorial1/lib/libdis_tutorial1__rosidl_typesupport_cpp.so" to ""
[9.563s] -- Installing: /home/tau/colcon_ws/install/dis_tutorial1/share/dis_tutorial1/environment/pythonpath.sh
[9.563s] -- Installing: /home/tau/colcon_ws/install/dis_tutorial1/share/dis_tutorial1/environment/pythonpath.dsv
[9.563s] -- Installing: /home/tau/colcon_ws/install/dis_tutorial1/local/lib/python3.10/dist-packages/dis_tutorial1-0.0.1-py3.10.egg-info
[9.563s] -- Installing: /home/tau/colcon_ws/install/dis_tutorial1/local/lib/python3.10/dist-packages/dis_tutorial1-0.0.1-py3.10.egg-info/dependency_links.txt
[9.563s] -- Installing: /home/tau/colcon_ws/install/dis_tutorial1/local/lib/python3.10/dist-packages/dis_tutorial1-0.0.1-py3.10.egg-info/PKG-INFO
[9.563s] -- Installing: /home/tau/colcon_ws/install/dis_tutorial1/local/lib/python3.10/dist-packages/dis_tutorial1-0.0.1-py3.10.egg-info/top_level.txt
[9.563s] -- Installing: /home/tau/colcon_ws/install/dis_tutorial1/local/lib/python3.10/dist-packages/dis_tutorial1-0.0.1-py3.10.egg-info/SOURCES.txt
[9.563s] -- Installing: /home/tau/colcon_ws/install/dis_tutorial1/local/lib/python3.10/dist-packages/dis_tutorial1
[9.563s] -- Installing: /home/tau/colcon_ws/install/dis_tutorial1/local/lib/python3.10/dist-packages/dis_tutorial1/_dis_tutorial1_s.ep.rosidl_typesupport_fastrtps_c.c
[9.564s] -- Installing: /home/tau/colcon_ws/install/dis_tutorial1/local/lib/python3.10/dist-packages/dis_tutorial1/dis_tutorial1_s__rosidl_typesupport_introspection_c.cpython-310-x86_64-linux-gnu.so
[9.564s] -- Installing: /home/tau/colcon_ws/install/dis_tutorial1/local/lib/python3.10/dist-packages/dis_tutorial1/dis_tutorial1_s__rosidl_typesupport_c.cpython-310-x86_64-linux-gnu.so
[9.564s] -- Installing: /home/tau/colcon_ws/install/dis_tutorial1/local/lib/python3.10/dist-packages/dis_tutorial1/msg
[9.564s] -- Installing: /home/tau/colcon_ws/install/dis_tutorial1/local/lib/python3.10/dist-packages/dis_tutorial1/msg/_custom_message_s.c
[9.564s] -- Installing: /home/tau/colcon_ws/install/dis_tutorial1/local/lib/python3.10/dist-packages/dis_tutorial1/msg/__init__.py
[9.564s] -- Installing: /home/tau/colcon_ws/install/dis_tutorial1/local/lib/python3.10/dist-packages/dis_tutorial1/msg/_custom_message.py
[9.564s] -- Installing: /home/tau/colcon_ws/install/dis_tutorial1/local/lib/python3.10/dist-packages/dis_tutorial1/__init__.py
[9.564s] -- Installing: /home/tau/colcon_ws/install/dis_tutorial1/local/lib/python3.10/dist-packages/dis_tutorial1/_dis_tutorial1_s.ep.rosidl_typesupport_introspection_c.c
[9.564s] -- Installing: /home/tau/colcon_ws/install/dis_tutorial1/local/lib/python3.10/dist-packages/dis_tutorial1/libdis_tutorial1__rosidl_generator_py.so
[9.564s] -- Installing: /home/tau/colcon_ws/install/dis_tutorial1/local/lib/python3.10/dist-packages/dis_tutorial1/srv
[9.564s] -- Installing: /home/tau/colcon_ws/install/dis_tutorial1/local/lib/python3.10/dist-packages/dis_tutorial1/srv/__init__.py
[9.564s] -- Installing: /home/tau/colcon_ws/install/dis_tutorial1/local/lib/python3.10/dist-packages/dis_tutorial1/srv/_add_two_ints_s.c
[9.564s] -- Installing: /home/tau/colcon_ws/install/dis_tutorial1/local/lib/python3.10/dist-packages/dis_tutorial1/srv/_add_two_ints.py
[9.564s] -- Installing: /home/tau/colcon_ws/install/dis_tutorial1/local/lib/python3.10/dist-packages/dis_tutorial1/dis_tutorial1_s__rosidl_typesupport_fastrtps_c.cpython-310-x86_64-linux-gnu.so
[9.564s] -- Installing: /home/tau/colcon_ws/install/dis_tutorial1/local/lib/python3.10/dist-packages/dis_tutorial1/_dis_tutorial1_s.ep.rosidl_typesupport_c.c
[9.585s] Listing '/home/tau/colcon_ws/install/dis_tutorial1/local/lib/python3.10/dist-packages/dis_tutorial1'...
[9.585s] Compiling '/home/tau/colcon_ws/install/dis_tutorial1/local/lib/python3.10/dist-packages/dis_tutorial1/__init__.py'...
[9.585s] Listing '/home/tau/colcon_ws/install/dis_tutorial1/local/lib/python3.10/dist-packages/dis_tutorial1/msg'...
[9.585s] Compiling '/home/tau/colcon_ws/install/dis_tutorial1/local/lib/python3.10/dist-packages/dis_tutorial1/msg/__init__.py'...
[9.585s] Compiling '/home/tau/colcon_ws/install/dis_tutorial1/local/lib/python3.10/dist-packages/dis_tutorial1/msg/_custom_message.py'...
[9.585s] Listing '/home/tau/colcon_ws/install/dis_tutorial1/local/lib/python3.10/dist-packages/dis_tutorial1/srv'...
[9.585s] Compiling '/home/tau/colcon_ws/install/dis_tutorial1/local/lib/python3.10/dist-packages/dis_tutorial1/srv/__init__.py'...
[9.585s] Compiling '/home/tau/colcon_ws/install/dis_tutorial1/local/lib/python3.10/dist-packages/dis_tutorial1/srv/_add_two_ints.py'...
[9.588s] -- Installing: /home/tau/colcon_ws/install/dis_tutorial1/local/lib/python3.10/dist-packages/dis_tutorial1/dis_tutorial1_s__rosidl_typesupport_fastrtps_c.cpython-310-x86_64-linux-gnu.so
[9.588s] -- Set runtime path of "/home/tau/colcon_ws/install/dis_tutorial1/local/lib/python3.10/dist-packages/dis_tutorial1/dis_tutorial1_s__rosidl_typesupport_fastrtps_c.cpython-310-x86_64-linux-gnu.so" to ""
[9.588s] -- Installing: /home/tau/colcon_ws/install/dis_tutorial1/local/lib/python3.10/dist-packages/dis_tutorial1/dis_tutorial1_s__rosidl_typesupport_introspection_c.cpython-310-x86_64-linux-gnu.so
[9.588s] -- Set runtime path of "/home/tau/colcon_ws/install/dis_tutorial1/local/lib/python3.10/dist-packages/dis_tutorial1/dis_tutorial1_s__rosidl_typesupport_introspection_c.cpython-310-x86_64-linux-gnu.so" to ""
[9.588s] -- Installing: /home/tau/colcon_ws/install/dis_tutorial1/local/lib/python3.10/dist-packages/dis_tutorial1/dis_tutorial1_s__rosidl_typesupport_c.cpython-310-x86_64-linux-gnu.so
[9.588s] -- Set runtime path of "/home/tau/colcon_ws/install/dis_tutorial1/local/lib/python3.10/dist-packages/dis_tutorial1/dis_tutorial1_s__rosidl_typesupport_c.cpython-310-x86_64-linux-gnu.so" to ""
[9.588s] -- Installing: /home/tau/colcon_ws/install/dis_tutorial1/lib/libdis_tutorial1__rosidl_generator_py.so
[9.588s] -- Set runtime path of "/home/tau/colcon_ws/install/dis_tutorial1/lib/libdis_tutorial1__rosidl_generator_py.so" to ""
[9.589s] -- Installing: /home/tau/colcon_ws/install/dis_tutorial1/share/dis_tutorial1/msg/CustomMessage.idl
[9.589s] -- Installing: /home/tau/colcon_ws/install/dis_tutorial1/share/dis_tutorial1/srv/AddTwoInts.idl
[9.589s] -- Installing: /home/tau/colcon_ws/install/dis_tutorial1/share/dis_tutorial1/msg/CustomMessage.msg
[9.589s] -- Installing: /home/tau/colcon_ws/install/dis_tutorial1/share/dis_tutorial1/srv/AddTwoInts.srv
[9.589s] -- Installing: /home/tau/colcon_ws/install/dis_tutorial1/share/dis_tutorial1/srv/AddTwoInts_Request.msg
[9.589s] -- Installing: /home/tau/colcon_ws/install/dis_tutorial1/share/dis_tutorial1/srv/AddTwoInts_Response.msg
[9.589s] -- Installing: /home/tau/colcon_ws/install/dis_tutorial1/lib/dis_tutorial1/simple_publisher
[9.590s] -- Set runtime path of "/home/tau/colcon_ws/install/dis_tutorial1/lib/dis_tutorial1/simple_publisher" to ""
[9.590s] -- Installing: /home/tau/colcon_ws/install/dis_tutorial1/lib/dis_tutorial1/simple_subscriber
[9.591s] -- Set runtime path of "/home/tau/colcon_ws/install/dis_tutorial1/lib/dis_tutorial1/simple_subscriber" to ""
[9.591s] -- Installing: /home/tau/colcon_ws/install/dis_tutorial1/lib/dis_tutorial1/simple_client_node
[9.592s] -- Set runtime path of "/home/tau/colcon_ws/install/dis_tutorial1/lib/dis_tutorial1/simple_client_node" to ""
[9.592s] -- Installing: /home/tau/colcon_ws/install/dis_tutorial1/lib/dis_tutorial1/simple_server_node
[9.592s] -- Set runtime path of "/home/tau/colcon_ws/install/dis_tutorial1/lib/dis_tutorial1/simple_server_node" to ""
[9.592s] -- Installing: /home/tau/colcon_ws/install/dis_tutorial1/lib/dis_tutorial1/complete_node
[9.594s] -- Set runtime path of "/home/tau/colcon_ws/install/dis_tutorial1/lib/dis_tutorial1/complete_node" to ""
[9.594s] -- Installing: /home/tau/colcon_ws/install/dis_tutorial1/lib/dis_tutorial1/simple_set_bool_server_node
[9.595s] -- Set runtime path of "/home/tau/colcon_ws/install/dis_tutorial1/lib/dis_tutorial1/simple_set_bool_server_node" to ""
[9.595s] -- Installing: /home/tau/colcon_ws/install/dis_tutorial1/lib/dis_tutorial1/py_simple_publisher.py
[9.595s] -- Installing: /home/tau/colcon_ws/install/dis_tutorial1/lib/dis_tutorial1/py_simple_subscriber.py
[9.595s] -- Installing: /home/tau/colcon_ws/install/dis_tutorial1/lib/dis_tutorial1/py_simple_server_node.py
[9.595s] -- Installing: /home/tau/colcon_ws/install/dis_tutorial1/lib/dis_tutorial1/py_simple_client_node.py
[9.595s] -- Installing: /home/tau/colcon_ws/install/dis_tutorial1/lib/dis_tutorial1/py_complete_node.py
[9.595s] -- Installing: /home/tau/colcon_ws/install/dis_tutorial1/lib/dis_tutorial1/py_draw_square.py
[9.595s] -- Installing: /home/tau/colcon_ws/install/dis_tutorial1/share/ament_index/resource_index/package_run_dependencies/dis_tutorial1
[9.595s] -- Installing: /home/tau/colcon_ws/install/dis_tutorial1/share/ament_index/resource_index/parent_prefix_path/dis_tutorial1
[9.595s] -- Installing: /home/tau/colcon_ws/install/dis_tutorial1/share/dis_tutorial1/environment/ament_prefix_path.sh
[9.595s] -- Installing: /home/tau/colcon_ws/install/dis_tutorial1/share/dis_tutorial1/environment/ament_prefix_path.dsv
[9.595s] -- Installing: /home/tau/colcon_ws/install/dis_tutorial1/share/dis_tutorial1/environment/path.sh
[9.595s] -- Installing: /home/tau/colcon_ws/install/dis_tutorial1/share/dis_tutorial1/environment/path.dsv
[9.595s] -- Installing: /home/tau/colcon_ws/install/dis_tutorial1/share/dis_tutorial1/local_setup.bash
[9.596s] -- Installing: /home/tau/colcon_ws/install/dis_tutorial1/share/dis_tutorial1/local_setup.sh
[9.596s] -- Installing: /home/tau/colcon_ws/install/dis_tutorial1/share/dis_tutorial1/local_setup.zsh
[9.596s] -- Installing: /home/tau/colcon_ws/install/dis_tutorial1/share/dis_tutorial1/local_setup.dsv
[9.596s] -- Installing: /home/tau/colcon_ws/install/dis_tutorial1/share/dis_tutorial1/package.dsv
[9.596s] -- Installing: /home/tau/colcon_ws/install/dis_tutorial1/share/ament_index/resource_index/packages/dis_tutorial1
[9.596s] -- Installing: /home/tau/colcon_ws/install/dis_tutorial1/share/dis_tutorial1/cmake/export_dis_tutorial1__rosidl_generator_cExport.cmake
[9.596s] -- Installing: /home/tau/colcon_ws/install/dis_tutorial1/share/dis_tutorial1/cmake/export_dis_tutorial1__rosidl_generator_cExport-noconfig.cmake
[9.596s] -- Installing: /home/tau/colcon_ws/install/dis_tutorial1/share/dis_tutorial1/cmake/export_dis_tutorial1__rosidl_typesupport_fastrtps_cExport.cmake
[9.596s] -- Installing: /home/tau/colcon_ws/install/dis_tutorial1/share/dis_tutorial1/cmake/export_dis_tutorial1__rosidl_typesupport_fastrtps_cExport-noconfig.cmake
[9.596s] -- Installing: /home/tau/colcon_ws/install/dis_tutorial1/share/dis_tutorial1/cmake/export_dis_tutorial1__rosidl_generator_cppExport.cmake
[9.596s] -- Installing: /home/tau/colcon_ws/install/dis_tutorial1/share/dis_tutorial1/cmake/export_dis_tutorial1__rosidl_typesupport_fastrtps_cppExport.cmake
[9.596s] -- Installing: /home/tau/colcon_ws/install/dis_tutorial1/share/dis_tutorial1/cmake/export_dis_tutorial1__rosidl_typesupport_fastrtps_cppExport-noconfig.cmake
[9.596s] -- Installing: /home/tau/colcon_ws/install/dis_tutorial1/share/dis_tutorial1/cmake/dis_tutorial1__rosidl_typesupport_introspection_cExport.cmake
[9.596s] -- Installing: /home/tau/colcon_ws/install/dis_tutorial1/share/dis_tutorial1/cmake/dis_tutorial1__rosidl_typesupport_introspection_cExport-noconfig.cmake
[9.596s] -- Installing: /home/tau/colcon_ws/install/dis_tutorial1/share/dis_tutorial1/cmake/dis_tutorial1__rosidl_typesupport_cExport.cmake
[9.596s] -- Installing: /home/tau/colcon_ws/install/dis_tutorial1/share/dis_tutorial1/cmake/dis_tutorial1__rosidl_typesupport_cExport-noconfig.cmake
[9.597s] -- Installing: /home/tau/colcon_ws/install/dis_tutorial1/share/dis_tutorial1/cmake/dis_tutorial1__rosidl_typesupport_introspection_cppExport.cmake
[9.597s] -- Installing: /home/tau/colcon_ws/install/dis_tutorial1/share/dis_tutorial1/cmake/dis_tutorial1__rosidl_typesupport_introspection_cppExport-noconfig.cmake
[9.597s] -- Installing: /home/tau/colcon_ws/install/dis_tutorial1/share/dis_tutorial1/cmake/dis_tutorial1__rosidl_typesupport_cppExport.cmake
[9.597s] -- Installing: /home/tau/colcon_ws/install/dis_tutorial1/share/dis_tutorial1/cmake/dis_tutorial1__rosidl_typesupport_cppExport-noconfig.cmake
[9.597s] -- Installing: /home/tau/colcon_ws/install/dis_tutorial1/share/dis_tutorial1/cmake/export_dis_tutorial1__rosidl_generator_pyExport.cmake
[9.597s] -- Installing: /home/tau/colcon_ws/install/dis_tutorial1/share/dis_tutorial1/cmake/export_dis_tutorial1__rosidl_generator_pyExport-noconfig.cmake
[9.597s] -- Installing: /home/tau/colcon_ws/install/dis_tutorial1/share/dis_tutorial1/cmake/rosidl_cmake-extras.cmake
[9.597s] -- Installing: /home/tau/colcon_ws/install/dis_tutorial1/share/dis_tutorial1/cmake/ament_cmake_export_dependencies-extras.cmake
[9.597s] -- Installing: /home/tau/colcon_ws/install/dis_tutorial1/share/dis_tutorial1/cmake/ament_cmake_export_include_directories-extras.cmake
[9.597s] -- Installing: /home/tau/colcon_ws/install/dis_tutorial1/share/dis_tutorial1/cmake/ament_cmake_export_libraries-extras.cmake
[9.597s] -- Installing: /home/tau/colcon_ws/install/dis_tutorial1/share/dis_tutorial1/cmake/ament_cmake_export_targets-extras.cmake
[9.597s] -- Installing: /home/tau/colcon_ws/install/dis_tutorial1/share/dis_tutorial1/cmake/rosidl_cmake_export_typesupport_targets-extras.cmake
[9.597s] -- Installing: /home/tau/colcon_ws/install/dis_tutorial1/share/dis_tutorial1/cmake/rosidl_cmake_export_typesupport_libraries-extras.cmake
[9.597s] -- Installing: /home/tau/colcon_ws/install/dis_tutorial1/share/dis_tutorial1/cmake/dis_tutorial1Config.cmake
[9.597s] -- Installing: /home/tau/colcon_ws/install/dis_tutorial1/share/dis_tutorial1/cmake/dis_tutorial1Config-version.cmake
[9.597s] -- Installing: /home/tau/colcon_ws/install/dis_tutorial1/share/dis_tutorial1/package.xml
[9.599s] Invoked command in '/home/tau/colcon_ws/build/dis_tutorial1' returned '0': CMAKE_PREFIX_PATH=/opt/ros/humble /usr/bin/cmake --install /home/tau/colcon_ws/build/dis_tutorial1
