[0.016s] Invoking command in '/home/tau/colcon_ws/src/build/dis_tutorial1': CMAKE_PREFIX_PATH=${CMAKE_PREFIX_PATH}:/home/tau/colcon_ws/install/dis_tutorial2:/opt/ros/humble /usr/bin/cmake /home/tau/colcon_ws/src/dis_tutorial1 -DCMAKE_INSTALL_PREFIX=/home/tau/colcon_ws/src/install/dis_tutorial1
[0.176s] -- The C compiler identification is GNU 11.4.0
[0.176s] -- The CXX compiler identification is GNU 11.4.0
[0.177s] -- Detecting C compiler ABI info
[0.223s] -- Detecting C compiler ABI info - done
[0.228s] -- Check for working C compiler: /usr/bin/cc - skipped
[0.228s] -- Detecting C compile features
[0.229s] -- Detecting C compile features - done
[0.231s] -- Detecting CXX compiler ABI info
[0.285s] -- Detecting CXX compiler ABI info - done
[0.290s] -- Check for working CXX compiler: /usr/bin/c++ - skipped
[0.290s] -- Detecting CXX compile features
[0.290s] -- Detecting CXX compile features - done
[0.293s] -- Found ament_cmake: 1.3.11 (/opt/ros/humble/share/ament_cmake/cmake)
[0.407s] -- Found Python3: /usr/bin/python3 (found version "3.10.12") found components: Interpreter 
[0.492s] -- Found rclcpp: 16.0.11 (/opt/ros/humble/share/rclcpp/cmake)
[0.537s] -- Found rosidl_generator_c: 3.1.6 (/opt/ros/humble/share/rosidl_generator_c/cmake)
[0.542s] -- Found rosidl_adapter: 3.1.6 (/opt/ros/humble/share/rosidl_adapter/cmake)
[0.551s] -- Found rosidl_generator_cpp: 3.1.6 (/opt/ros/humble/share/rosidl_generator_cpp/cmake)
[0.564s] -- Using all available rosidl_typesupport_c: rosidl_typesupport_fastrtps_c;rosidl_typesupport_introspection_c
[0.580s] -- Using all available rosidl_typesupport_cpp: rosidl_typesupport_fastrtps_cpp;rosidl_typesupport_introspection_cpp
[0.621s] -- Found rmw_implementation_cmake: 6.1.2 (/opt/ros/humble/share/rmw_implementation_cmake/cmake)
[0.624s] -- Found rmw_fastrtps_cpp: 6.2.7 (/opt/ros/humble/share/rmw_fastrtps_cpp/cmake)
[0.695s] -- Found OpenSSL: /usr/lib/x86_64-linux-gnu/libcrypto.so (found version "3.0.2")  
[0.714s] -- Found FastRTPS: /opt/ros/humble/include  
[0.745s] -- Using RMW implementation 'rmw_fastrtps_cpp' as default
[0.755s] -- Looking for pthread.h
[0.808s] -- Looking for pthread.h - found
[0.808s] -- Performing Test CMAKE_HAVE_LIBC_PTHREAD
[0.854s] -- Performing Test CMAKE_HAVE_LIBC_PTHREAD - Success
[0.855s] -- Found Threads: TRUE  
[0.899s] -- Found rclpy: 3.3.15 (/opt/ros/humble/share/rclpy/cmake)
[0.901s] -- Found std_srvs: 4.2.4 (/opt/ros/humble/share/std_srvs/cmake)
[0.910s] -- Found rosidl_default_generators: 1.2.0 (/opt/ros/humble/share/rosidl_default_generators/cmake)
[1.118s] -- Found ament_cmake_ros: 0.10.0 (/opt/ros/humble/share/ament_cmake_ros/cmake)
[1.348s] -- Using all available rosidl_typesupport_c: rosidl_typesupport_fastrtps_c;rosidl_typesupport_introspection_c
[1.437s] -- Using all available rosidl_typesupport_cpp: rosidl_typesupport_fastrtps_cpp;rosidl_typesupport_introspection_cpp
[1.451s] -- Found PythonInterp: /usr/bin/python3 (found suitable version "3.10.12", minimum required is "3.6") 
[1.453s] -- Found python_cmake_module: 0.10.0 (/opt/ros/humble/share/python_cmake_module/cmake)
[1.471s] -- Found PythonLibs: /usr/lib/x86_64-linux-gnu/libpython3.10.so (found suitable version "3.10.12", minimum required is "3.5") 
[1.471s] -- Using PYTHON_EXECUTABLE: /usr/bin/python3
[1.471s] -- Using PYTHON_INCLUDE_DIRS: /usr/include/python3.10
[1.471s] -- Using PYTHON_LIBRARIES: /usr/lib/x86_64-linux-gnu/libpython3.10.so
[1.484s] -- Found PythonExtra: .so  
[1.530s] -- Configuring done
[1.566s] -- Generating done
[1.577s] -- Build files have been written to: /home/tau/colcon_ws/src/build/dis_tutorial1
[1.586s] Invoked command in '/home/tau/colcon_ws/src/build/dis_tutorial1' returned '0': CMAKE_PREFIX_PATH=${CMAKE_PREFIX_PATH}:/home/tau/colcon_ws/install/dis_tutorial2:/opt/ros/humble /usr/bin/cmake /home/tau/colcon_ws/src/dis_tutorial1 -DCMAKE_INSTALL_PREFIX=/home/tau/colcon_ws/src/install/dis_tutorial1
[1.587s] Invoking command in '/home/tau/colcon_ws/src/build/dis_tutorial1': CMAKE_PREFIX_PATH=${CMAKE_PREFIX_PATH}:/home/tau/colcon_ws/install/dis_tutorial2:/opt/ros/humble /usr/bin/cmake --build /home/tau/colcon_ws/src/build/dis_tutorial1 -- -j16 -l16
[1.612s] [  1%] [34m[1mGenerating C code for ROS interfaces[0m
[1.619s] [  5%] [34m[1mGenerating C++ code for ROS interfaces[0m
[1.619s] [  5%] [32mBuilding CXX object CMakeFiles/simple_publisher.dir/src/simple_publisher.cpp.o[0m
[1.619s] [  9%] [32mBuilding CXX object CMakeFiles/simple_subscriber.dir/src/simple_subscriber.cpp.o[0m
[1.619s] [  9%] [32mBuilding CXX object CMakeFiles/simple_set_bool_server_node.dir/src/simple_set_bool_server_node.cpp.o[0m
[1.625s] [  9%] Built target ament_cmake_python_copy_dis_tutorial1
[1.881s] running egg_info
[1.881s] creating dis_tutorial1.egg-info
[1.881s] writing dis_tutorial1.egg-info/PKG-INFO
[1.882s] writing dependency_links to dis_tutorial1.egg-info/dependency_links.txt
[1.882s] writing top-level names to dis_tutorial1.egg-info/top_level.txt
[1.882s] writing manifest file 'dis_tutorial1.egg-info/SOURCES.txt'
[1.884s] reading manifest file 'dis_tutorial1.egg-info/SOURCES.txt'
[1.885s] writing manifest file 'dis_tutorial1.egg-info/SOURCES.txt'
[1.913s] [  9%] Built target ament_cmake_python_build_dis_tutorial1_egg
[1.918s] [  9%] Built target dis_tutorial1__cpp
[1.922s] [ 13%] [32mBuilding C object CMakeFiles/dis_tutorial1__rosidl_generator_c.dir/rosidl_generator_c/dis_tutorial1/msg/detail/custom_message__functions.c.o[0m
[1.922s] [ 13%] [32mBuilding C object CMakeFiles/dis_tutorial1__rosidl_generator_c.dir/rosidl_generator_c/dis_tutorial1/srv/detail/add_two_ints__functions.c.o[0m
[1.929s] [ 15%] [34m[1mGenerating C++ type support dispatch for ROS interfaces[0m
[1.929s] [ 17%] [34m[1mGenerating C++ introspection for ROS interfaces[0m
[1.930s] [ 19%] [34m[1mGenerating C++ type support for eProsima Fast-RTPS[0m
[1.976s] [ 21%] [32m[1mLinking C shared library libdis_tutorial1__rosidl_generator_c.so[0m
[2.008s] [ 21%] Built target dis_tutorial1__rosidl_generator_c
[2.022s] [ 23%] [34m[1mGenerating C introspection for ROS interfaces[0m
[2.022s] [ 25%] [34m[1mGenerating C type support dispatch for ROS interfaces[0m
[2.022s] [ 27%] [34m[1mGenerating C type support for eProsima Fast-RTPS[0m
[2.243s] [ 31%] [32mBuilding CXX object CMakeFiles/dis_tutorial1__rosidl_typesupport_introspection_cpp.dir/rosidl_typesupport_introspection_cpp/dis_tutorial1/msg/detail/custom_message__type_support.cpp.o[0m
[2.243s] [ 31%] [32mBuilding CXX object CMakeFiles/dis_tutorial1__rosidl_typesupport_introspection_cpp.dir/rosidl_typesupport_introspection_cpp/dis_tutorial1/srv/detail/add_two_ints__type_support.cpp.o[0m
[2.338s] [ 33%] [32mBuilding CXX object CMakeFiles/dis_tutorial1__rosidl_typesupport_cpp.dir/rosidl_typesupport_cpp/dis_tutorial1/msg/custom_message__type_support.cpp.o[0m
[2.340s] [ 35%] [32mBuilding CXX object CMakeFiles/dis_tutorial1__rosidl_typesupport_cpp.dir/rosidl_typesupport_cpp/dis_tutorial1/srv/add_two_ints__type_support.cpp.o[0m
[2.470s] [ 37%] [32mBuilding CXX object CMakeFiles/dis_tutorial1__rosidl_typesupport_fastrtps_cpp.dir/rosidl_typesupport_fastrtps_cpp/dis_tutorial1/msg/detail/dds_fastrtps/custom_message__type_support.cpp.o[0m
[2.475s] [ 39%] [32mBuilding CXX object CMakeFiles/dis_tutorial1__rosidl_typesupport_c.dir/rosidl_typesupport_c/dis_tutorial1/msg/custom_message__type_support.cpp.o[0m
[2.487s] [ 43%] [32mBuilding CXX object CMakeFiles/dis_tutorial1__rosidl_typesupport_fastrtps_cpp.dir/rosidl_typesupport_fastrtps_cpp/dis_tutorial1/srv/detail/dds_fastrtps/add_two_ints__type_support.cpp.o[0m
[2.488s] [ 43%] [32mBuilding CXX object CMakeFiles/dis_tutorial1__rosidl_typesupport_c.dir/rosidl_typesupport_c/dis_tutorial1/srv/add_two_ints__type_support.cpp.o[0m
[2.563s] [ 45%] [32mBuilding CXX object CMakeFiles/dis_tutorial1__rosidl_typesupport_fastrtps_c.dir/rosidl_typesupport_fastrtps_c/dis_tutorial1/msg/detail/custom_message__type_support_c.cpp.o[0m
[2.569s] [ 47%] [32m[1mLinking CXX shared library libdis_tutorial1__rosidl_typesupport_c.so[0m
[2.577s] [ 49%] [32mBuilding CXX object CMakeFiles/dis_tutorial1__rosidl_typesupport_fastrtps_c.dir/rosidl_typesupport_fastrtps_c/dis_tutorial1/srv/detail/add_two_ints__type_support_c.cpp.o[0m
[2.602s] [ 50%] [32mBuilding C object CMakeFiles/dis_tutorial1__rosidl_typesupport_introspection_c.dir/rosidl_typesupport_introspection_c/dis_tutorial1/msg/detail/custom_message__type_support.c.o[0m
[2.603s] [ 52%] [32mBuilding C object CMakeFiles/dis_tutorial1__rosidl_typesupport_introspection_c.dir/rosidl_typesupport_introspection_c/dis_tutorial1/srv/detail/add_two_ints__type_support.c.o[0m
[2.707s] [ 52%] Built target dis_tutorial1__rosidl_typesupport_c
[2.713s] [ 54%] [32m[1mLinking C shared library libdis_tutorial1__rosidl_typesupport_introspection_c.so[0m
[2.788s] [ 56%] [32m[1mLinking CXX shared library libdis_tutorial1__rosidl_typesupport_cpp.so[0m
[2.802s] [ 56%] Built target dis_tutorial1__rosidl_typesupport_introspection_c
[2.849s] [ 56%] Built target dis_tutorial1__rosidl_typesupport_cpp
[2.879s] [ 58%] [32mBuilding CXX object CMakeFiles/simple_server_node.dir/src/simple_server_node.cpp.o[0m
[2.886s] [ 60%] [32mBuilding CXX object CMakeFiles/simple_client_node.dir/src/simple_client_node.cpp.o[0m
[2.895s] [ 62%] [32mBuilding CXX object CMakeFiles/complete_node.dir/src/complete_node.cpp.o[0m
[2.921s] [ 64%] [32m[1mLinking CXX shared library libdis_tutorial1__rosidl_typesupport_introspection_cpp.so[0m
[3.017s] [ 64%] Built target dis_tutorial1__rosidl_typesupport_introspection_cpp
[3.085s] [ 66%] [32m[1mLinking CXX shared library libdis_tutorial1__rosidl_typesupport_fastrtps_c.so[0m
[3.092s] [ 68%] [32m[1mLinking CXX shared library libdis_tutorial1__rosidl_typesupport_fastrtps_cpp.so[0m
[3.150s] [ 68%] Built target dis_tutorial1__rosidl_typesupport_fastrtps_c
[3.174s] [ 68%] Built target dis_tutorial1__rosidl_typesupport_fastrtps_cpp
[3.188s] [ 68%] Built target dis_tutorial1
[3.204s] [ 70%] [34m[1mGenerating Python code for ROS interfaces[0m
[3.582s] [ 70%] Built target dis_tutorial1__py
[3.598s] [ 72%] [32mBuilding C object CMakeFiles/dis_tutorial1__rosidl_generator_py.dir/rosidl_generator_py/dis_tutorial1/msg/_custom_message_s.c.o[0m
[3.600s] [ 74%] [32mBuilding C object CMakeFiles/dis_tutorial1__rosidl_generator_py.dir/rosidl_generator_py/dis_tutorial1/srv/_add_two_ints_s.c.o[0m
[3.704s] [ 76%] [32m[1mLinking C shared library rosidl_generator_py/dis_tutorial1/libdis_tutorial1__rosidl_generator_py.so[0m
[3.737s] [ 76%] Built target dis_tutorial1__rosidl_generator_py
[3.756s] [ 78%] [32mBuilding C object CMakeFiles/dis_tutorial1__rosidl_typesupport_fastrtps_c__pyext.dir/rosidl_generator_py/dis_tutorial1/_dis_tutorial1_s.ep.rosidl_typesupport_fastrtps_c.c.o[0m
[3.759s] [ 80%] [32mBuilding C object CMakeFiles/dis_tutorial1__rosidl_typesupport_c__pyext.dir/rosidl_generator_py/dis_tutorial1/_dis_tutorial1_s.ep.rosidl_typesupport_c.c.o[0m
[3.759s] [ 82%] [32mBuilding C object CMakeFiles/dis_tutorial1__rosidl_typesupport_introspection_c__pyext.dir/rosidl_generator_py/dis_tutorial1/_dis_tutorial1_s.ep.rosidl_typesupport_introspection_c.c.o[0m
[3.842s] [ 84%] [32m[1mLinking C shared library rosidl_generator_py/dis_tutorial1/dis_tutorial1_s__rosidl_typesupport_fastrtps_c.cpython-310-x86_64-linux-gnu.so[0m
[3.877s] [ 84%] Built target dis_tutorial1__rosidl_typesupport_fastrtps_c__pyext
[3.885s] [ 86%] [32m[1mLinking C shared library rosidl_generator_py/dis_tutorial1/dis_tutorial1_s__rosidl_typesupport_introspection_c.cpython-310-x86_64-linux-gnu.so[0m
[3.901s] [ 88%] [32m[1mLinking C shared library rosidl_generator_py/dis_tutorial1/dis_tutorial1_s__rosidl_typesupport_c.cpython-310-x86_64-linux-gnu.so[0m
[3.928s] [ 88%] Built target dis_tutorial1__rosidl_typesupport_introspection_c__pyext
[3.931s] [ 88%] Built target dis_tutorial1__rosidl_typesupport_c__pyext
[5.054s] [ 90%] [32m[1mLinking CXX executable simple_set_bool_server_node[0m
[5.178s] [ 90%] Built target simple_set_bool_server_node
[5.610s] [ 92%] [32m[1mLinking CXX executable simple_publisher[0m
[5.664s] [ 94%] [32m[1mLinking CXX executable simple_server_node[0m
[5.744s] [ 94%] Built target simple_publisher
[5.769s] [ 94%] Built target simple_server_node
[5.812s] [ 96%] [32m[1mLinking CXX executable simple_client_node[0m
[5.911s] [ 96%] Built target simple_client_node
[8.157s] [ 98%] [32m[1mLinking CXX executable simple_subscriber[0m
[8.383s] [ 98%] Built target simple_subscriber
[9.682s] [100%] [32m[1mLinking CXX executable complete_node[0m
[9.939s] [100%] Built target complete_node
[9.946s] Invoked command in '/home/tau/colcon_ws/src/build/dis_tutorial1' returned '0': CMAKE_PREFIX_PATH=${CMAKE_PREFIX_PATH}:/home/tau/colcon_ws/install/dis_tutorial2:/opt/ros/humble /usr/bin/cmake --build /home/tau/colcon_ws/src/build/dis_tutorial1 -- -j16 -l16
[9.947s] Invoking command in '/home/tau/colcon_ws/src/build/dis_tutorial1': CMAKE_PREFIX_PATH=${CMAKE_PREFIX_PATH}:/home/tau/colcon_ws/install/dis_tutorial2:/opt/ros/humble /usr/bin/cmake --install /home/tau/colcon_ws/src/build/dis_tutorial1
[9.952s] -- Install configuration: ""
[9.952s] -- Installing: /home/tau/colcon_ws/src/install/dis_tutorial1/share/ament_index/resource_index/rosidl_interfaces/dis_tutorial1
[9.952s] -- Installing: /home/tau/colcon_ws/src/install/dis_tutorial1/include/dis_tutorial1/dis_tutorial1
[9.952s] -- Installing: /home/tau/colcon_ws/src/install/dis_tutorial1/include/dis_tutorial1/dis_tutorial1/msg
[9.952s] -- Installing: /home/tau/colcon_ws/src/install/dis_tutorial1/include/dis_tutorial1/dis_tutorial1/msg/rosidl_generator_c__visibility_control.h
[9.952s] -- Installing: /home/tau/colcon_ws/src/install/dis_tutorial1/include/dis_tutorial1/dis_tutorial1/msg/custom_message.h
[9.952s] -- Installing: /home/tau/colcon_ws/src/install/dis_tutorial1/include/dis_tutorial1/dis_tutorial1/msg/detail
[9.952s] -- Installing: /home/tau/colcon_ws/src/install/dis_tutorial1/include/dis_tutorial1/dis_tutorial1/msg/detail/custom_message__struct.h
[9.952s] -- Installing: /home/tau/colcon_ws/src/install/dis_tutorial1/include/dis_tutorial1/dis_tutorial1/msg/detail/custom_message__type_support.h
[9.952s] -- Installing: /home/tau/colcon_ws/src/install/dis_tutorial1/include/dis_tutorial1/dis_tutorial1/msg/detail/custom_message__functions.c
[9.952s] -- Installing: /home/tau/colcon_ws/src/install/dis_tutorial1/include/dis_tutorial1/dis_tutorial1/msg/detail/custom_message__functions.h
[9.952s] -- Installing: /home/tau/colcon_ws/src/install/dis_tutorial1/include/dis_tutorial1/dis_tutorial1/srv
[9.952s] -- Installing: /home/tau/colcon_ws/src/install/dis_tutorial1/include/dis_tutorial1/dis_tutorial1/srv/add_two_ints.h
[9.952s] -- Installing: /home/tau/colcon_ws/src/install/dis_tutorial1/include/dis_tutorial1/dis_tutorial1/srv/detail
[9.952s] -- Installing: /home/tau/colcon_ws/src/install/dis_tutorial1/include/dis_tutorial1/dis_tutorial1/srv/detail/add_two_ints__type_support.h
[9.952s] -- Installing: /home/tau/colcon_ws/src/install/dis_tutorial1/include/dis_tutorial1/dis_tutorial1/srv/detail/add_two_ints__functions.c
[9.952s] -- Installing: /home/tau/colcon_ws/src/install/dis_tutorial1/include/dis_tutorial1/dis_tutorial1/srv/detail/add_two_ints__functions.h
[9.953s] -- Installing: /home/tau/colcon_ws/src/install/dis_tutorial1/include/dis_tutorial1/dis_tutorial1/srv/detail/add_two_ints__struct.h
[9.953s] -- Installing: /home/tau/colcon_ws/src/install/dis_tutorial1/share/dis_tutorial1/environment/library_path.sh
[9.953s] -- Installing: /home/tau/colcon_ws/src/install/dis_tutorial1/share/dis_tutorial1/environment/library_path.dsv
[9.953s] -- Installing: /home/tau/colcon_ws/src/install/dis_tutorial1/lib/libdis_tutorial1__rosidl_generator_c.so
[9.953s] -- Set runtime path of "/home/tau/colcon_ws/src/install/dis_tutorial1/lib/libdis_tutorial1__rosidl_generator_c.so" to ""
[9.953s] -- Up-to-date: /home/tau/colcon_ws/src/install/dis_tutorial1/include/dis_tutorial1/dis_tutorial1
[9.953s] -- Up-to-date: /home/tau/colcon_ws/src/install/dis_tutorial1/include/dis_tutorial1/dis_tutorial1/msg
[9.953s] -- Installing: /home/tau/colcon_ws/src/install/dis_tutorial1/include/dis_tutorial1/dis_tutorial1/msg/rosidl_typesupport_fastrtps_c__visibility_control.h
[9.953s] -- Up-to-date: /home/tau/colcon_ws/src/install/dis_tutorial1/include/dis_tutorial1/dis_tutorial1/msg/detail
[9.953s] -- Installing: /home/tau/colcon_ws/src/install/dis_tutorial1/include/dis_tutorial1/dis_tutorial1/msg/detail/custom_message__rosidl_typesupport_fastrtps_c.h
[9.953s] -- Up-to-date: /home/tau/colcon_ws/src/install/dis_tutorial1/include/dis_tutorial1/dis_tutorial1/srv
[9.953s] -- Up-to-date: /home/tau/colcon_ws/src/install/dis_tutorial1/include/dis_tutorial1/dis_tutorial1/srv/detail
[9.953s] -- Installing: /home/tau/colcon_ws/src/install/dis_tutorial1/include/dis_tutorial1/dis_tutorial1/srv/detail/add_two_ints__rosidl_typesupport_fastrtps_c.h
[9.953s] -- Installing: /home/tau/colcon_ws/src/install/dis_tutorial1/lib/libdis_tutorial1__rosidl_typesupport_fastrtps_c.so
[9.953s] -- Set runtime path of "/home/tau/colcon_ws/src/install/dis_tutorial1/lib/libdis_tutorial1__rosidl_typesupport_fastrtps_c.so" to ""
[9.953s] -- Up-to-date: /home/tau/colcon_ws/src/install/dis_tutorial1/include/dis_tutorial1/dis_tutorial1
[9.953s] -- Up-to-date: /home/tau/colcon_ws/src/install/dis_tutorial1/include/dis_tutorial1/dis_tutorial1/msg
[9.953s] -- Installing: /home/tau/colcon_ws/src/install/dis_tutorial1/include/dis_tutorial1/dis_tutorial1/msg/rosidl_generator_cpp__visibility_control.hpp
[9.953s] -- Installing: /home/tau/colcon_ws/src/install/dis_tutorial1/include/dis_tutorial1/dis_tutorial1/msg/custom_message.hpp
[9.953s] -- Up-to-date: /home/tau/colcon_ws/src/install/dis_tutorial1/include/dis_tutorial1/dis_tutorial1/msg/detail
[9.954s] -- Installing: /home/tau/colcon_ws/src/install/dis_tutorial1/include/dis_tutorial1/dis_tutorial1/msg/detail/custom_message__traits.hpp
[9.954s] -- Installing: /home/tau/colcon_ws/src/install/dis_tutorial1/include/dis_tutorial1/dis_tutorial1/msg/detail/custom_message__struct.hpp
[9.954s] -- Installing: /home/tau/colcon_ws/src/install/dis_tutorial1/include/dis_tutorial1/dis_tutorial1/msg/detail/custom_message__builder.hpp
[9.954s] -- Installing: /home/tau/colcon_ws/src/install/dis_tutorial1/include/dis_tutorial1/dis_tutorial1/msg/detail/custom_message__type_support.hpp
[9.954s] -- Up-to-date: /home/tau/colcon_ws/src/install/dis_tutorial1/include/dis_tutorial1/dis_tutorial1/srv
[9.954s] -- Installing: /home/tau/colcon_ws/src/install/dis_tutorial1/include/dis_tutorial1/dis_tutorial1/srv/add_two_ints.hpp
[9.954s] -- Up-to-date: /home/tau/colcon_ws/src/install/dis_tutorial1/include/dis_tutorial1/dis_tutorial1/srv/detail
[9.954s] -- Installing: /home/tau/colcon_ws/src/install/dis_tutorial1/include/dis_tutorial1/dis_tutorial1/srv/detail/add_two_ints__builder.hpp
[9.954s] -- Installing: /home/tau/colcon_ws/src/install/dis_tutorial1/include/dis_tutorial1/dis_tutorial1/srv/detail/add_two_ints__type_support.hpp
[9.954s] -- Installing: /home/tau/colcon_ws/src/install/dis_tutorial1/include/dis_tutorial1/dis_tutorial1/srv/detail/add_two_ints__traits.hpp
[9.954s] -- Installing: /home/tau/colcon_ws/src/install/dis_tutorial1/include/dis_tutorial1/dis_tutorial1/srv/detail/add_two_ints__struct.hpp
[9.954s] -- Up-to-date: /home/tau/colcon_ws/src/install/dis_tutorial1/include/dis_tutorial1/dis_tutorial1
[9.954s] -- Up-to-date: /home/tau/colcon_ws/src/install/dis_tutorial1/include/dis_tutorial1/dis_tutorial1/msg
[9.954s] -- Installing: /home/tau/colcon_ws/src/install/dis_tutorial1/include/dis_tutorial1/dis_tutorial1/msg/rosidl_typesupport_fastrtps_cpp__visibility_control.h
[9.954s] -- Up-to-date: /home/tau/colcon_ws/src/install/dis_tutorial1/include/dis_tutorial1/dis_tutorial1/msg/detail
[9.954s] -- Installing: /home/tau/colcon_ws/src/install/dis_tutorial1/include/dis_tutorial1/dis_tutorial1/msg/detail/dds_fastrtps
[9.954s] -- Installing: /home/tau/colcon_ws/src/install/dis_tutorial1/include/dis_tutorial1/dis_tutorial1/msg/detail/custom_message__rosidl_typesupport_fastrtps_cpp.hpp
[9.954s] -- Up-to-date: /home/tau/colcon_ws/src/install/dis_tutorial1/include/dis_tutorial1/dis_tutorial1/srv
[9.954s] -- Up-to-date: /home/tau/colcon_ws/src/install/dis_tutorial1/include/dis_tutorial1/dis_tutorial1/srv/detail
[9.954s] -- Installing: /home/tau/colcon_ws/src/install/dis_tutorial1/include/dis_tutorial1/dis_tutorial1/srv/detail/dds_fastrtps
[9.954s] -- Installing: /home/tau/colcon_ws/src/install/dis_tutorial1/include/dis_tutorial1/dis_tutorial1/srv/detail/add_two_ints__rosidl_typesupport_fastrtps_cpp.hpp
[9.954s] -- Installing: /home/tau/colcon_ws/src/install/dis_tutorial1/lib/libdis_tutorial1__rosidl_typesupport_fastrtps_cpp.so
[9.954s] -- Set runtime path of "/home/tau/colcon_ws/src/install/dis_tutorial1/lib/libdis_tutorial1__rosidl_typesupport_fastrtps_cpp.so" to ""
[9.954s] -- Up-to-date: /home/tau/colcon_ws/src/install/dis_tutorial1/include/dis_tutorial1/dis_tutorial1
[9.954s] -- Up-to-date: /home/tau/colcon_ws/src/install/dis_tutorial1/include/dis_tutorial1/dis_tutorial1/msg
[9.954s] -- Up-to-date: /home/tau/colcon_ws/src/install/dis_tutorial1/include/dis_tutorial1/dis_tutorial1/msg/detail
[9.954s] -- Installing: /home/tau/colcon_ws/src/install/dis_tutorial1/include/dis_tutorial1/dis_tutorial1/msg/detail/custom_message__rosidl_typesupport_introspection_c.h
[9.954s] -- Installing: /home/tau/colcon_ws/src/install/dis_tutorial1/include/dis_tutorial1/dis_tutorial1/msg/detail/custom_message__type_support.c
[9.955s] -- Installing: /home/tau/colcon_ws/src/install/dis_tutorial1/include/dis_tutorial1/dis_tutorial1/msg/rosidl_typesupport_introspection_c__visibility_control.h
[9.955s] -- Up-to-date: /home/tau/colcon_ws/src/install/dis_tutorial1/include/dis_tutorial1/dis_tutorial1/srv
[9.955s] -- Up-to-date: /home/tau/colcon_ws/src/install/dis_tutorial1/include/dis_tutorial1/dis_tutorial1/srv/detail
[9.955s] -- Installing: /home/tau/colcon_ws/src/install/dis_tutorial1/include/dis_tutorial1/dis_tutorial1/srv/detail/add_two_ints__type_support.c
[9.955s] -- Installing: /home/tau/colcon_ws/src/install/dis_tutorial1/include/dis_tutorial1/dis_tutorial1/srv/detail/add_two_ints__rosidl_typesupport_introspection_c.h
[9.955s] -- Installing: /home/tau/colcon_ws/src/install/dis_tutorial1/lib/libdis_tutorial1__rosidl_typesupport_introspection_c.so
[9.955s] -- Set runtime path of "/home/tau/colcon_ws/src/install/dis_tutorial1/lib/libdis_tutorial1__rosidl_typesupport_introspection_c.so" to ""
[9.955s] -- Installing: /home/tau/colcon_ws/src/install/dis_tutorial1/lib/libdis_tutorial1__rosidl_typesupport_c.so
[9.955s] -- Set runtime path of "/home/tau/colcon_ws/src/install/dis_tutorial1/lib/libdis_tutorial1__rosidl_typesupport_c.so" to ""
[9.955s] -- Up-to-date: /home/tau/colcon_ws/src/install/dis_tutorial1/include/dis_tutorial1/dis_tutorial1
[9.955s] -- Up-to-date: /home/tau/colcon_ws/src/install/dis_tutorial1/include/dis_tutorial1/dis_tutorial1/msg
[9.955s] -- Up-to-date: /home/tau/colcon_ws/src/install/dis_tutorial1/include/dis_tutorial1/dis_tutorial1/msg/detail
[9.955s] -- Installing: /home/tau/colcon_ws/src/install/dis_tutorial1/include/dis_tutorial1/dis_tutorial1/msg/detail/custom_message__rosidl_typesupport_introspection_cpp.hpp
[9.955s] -- Installing: /home/tau/colcon_ws/src/install/dis_tutorial1/include/dis_tutorial1/dis_tutorial1/msg/detail/custom_message__type_support.cpp
[9.955s] -- Up-to-date: /home/tau/colcon_ws/src/install/dis_tutorial1/include/dis_tutorial1/dis_tutorial1/srv
[9.955s] -- Up-to-date: /home/tau/colcon_ws/src/install/dis_tutorial1/include/dis_tutorial1/dis_tutorial1/srv/detail
[9.955s] -- Installing: /home/tau/colcon_ws/src/install/dis_tutorial1/include/dis_tutorial1/dis_tutorial1/srv/detail/add_two_ints__rosidl_typesupport_introspection_cpp.hpp
[9.955s] -- Installing: /home/tau/colcon_ws/src/install/dis_tutorial1/include/dis_tutorial1/dis_tutorial1/srv/detail/add_two_ints__type_support.cpp
[9.955s] -- Installing: /home/tau/colcon_ws/src/install/dis_tutorial1/lib/libdis_tutorial1__rosidl_typesupport_introspection_cpp.so
[9.955s] -- Set runtime path of "/home/tau/colcon_ws/src/install/dis_tutorial1/lib/libdis_tutorial1__rosidl_typesupport_introspection_cpp.so" to ""
[9.955s] -- Installing: /home/tau/colcon_ws/src/install/dis_tutorial1/lib/libdis_tutorial1__rosidl_typesupport_cpp.so
[9.955s] -- Set runtime path of "/home/tau/colcon_ws/src/install/dis_tutorial1/lib/libdis_tutorial1__rosidl_typesupport_cpp.so" to ""
[9.956s] -- Installing: /home/tau/colcon_ws/src/install/dis_tutorial1/share/dis_tutorial1/environment/pythonpath.sh
[9.956s] -- Installing: /home/tau/colcon_ws/src/install/dis_tutorial1/share/dis_tutorial1/environment/pythonpath.dsv
[9.956s] -- Installing: /home/tau/colcon_ws/src/install/dis_tutorial1/local/lib/python3.10/dist-packages/dis_tutorial1-0.0.1-py3.10.egg-info
[9.956s] -- Installing: /home/tau/colcon_ws/src/install/dis_tutorial1/local/lib/python3.10/dist-packages/dis_tutorial1-0.0.1-py3.10.egg-info/dependency_links.txt
[9.956s] -- Installing: /home/tau/colcon_ws/src/install/dis_tutorial1/local/lib/python3.10/dist-packages/dis_tutorial1-0.0.1-py3.10.egg-info/PKG-INFO
[9.956s] -- Installing: /home/tau/colcon_ws/src/install/dis_tutorial1/local/lib/python3.10/dist-packages/dis_tutorial1-0.0.1-py3.10.egg-info/top_level.txt
[9.956s] -- Installing: /home/tau/colcon_ws/src/install/dis_tutorial1/local/lib/python3.10/dist-packages/dis_tutorial1-0.0.1-py3.10.egg-info/SOURCES.txt
[9.956s] -- Installing: /home/tau/colcon_ws/src/install/dis_tutorial1/local/lib/python3.10/dist-packages/dis_tutorial1
[9.956s] -- Installing: /home/tau/colcon_ws/src/install/dis_tutorial1/local/lib/python3.10/dist-packages/dis_tutorial1/_dis_tutorial1_s.ep.rosidl_typesupport_fastrtps_c.c
[9.956s] -- Installing: /home/tau/colcon_ws/src/install/dis_tutorial1/local/lib/python3.10/dist-packages/dis_tutorial1/dis_tutorial1_s__rosidl_typesupport_introspection_c.cpython-310-x86_64-linux-gnu.so
[9.956s] -- Installing: /home/tau/colcon_ws/src/install/dis_tutorial1/local/lib/python3.10/dist-packages/dis_tutorial1/dis_tutorial1_s__rosidl_typesupport_c.cpython-310-x86_64-linux-gnu.so
[9.956s] -- Installing: /home/tau/colcon_ws/src/install/dis_tutorial1/local/lib/python3.10/dist-packages/dis_tutorial1/msg
[9.956s] -- Installing: /home/tau/colcon_ws/src/install/dis_tutorial1/local/lib/python3.10/dist-packages/dis_tutorial1/msg/_custom_message_s.c
[9.956s] -- Installing: /home/tau/colcon_ws/src/install/dis_tutorial1/local/lib/python3.10/dist-packages/dis_tutorial1/msg/__init__.py
[9.956s] -- Installing: /home/tau/colcon_ws/src/install/dis_tutorial1/local/lib/python3.10/dist-packages/dis_tutorial1/msg/_custom_message.py
[9.956s] -- Installing: /home/tau/colcon_ws/src/install/dis_tutorial1/local/lib/python3.10/dist-packages/dis_tutorial1/__init__.py
[9.956s] -- Installing: /home/tau/colcon_ws/src/install/dis_tutorial1/local/lib/python3.10/dist-packages/dis_tutorial1/_dis_tutorial1_s.ep.rosidl_typesupport_introspection_c.c
[9.956s] -- Installing: /home/tau/colcon_ws/src/install/dis_tutorial1/local/lib/python3.10/dist-packages/dis_tutorial1/libdis_tutorial1__rosidl_generator_py.so
[9.956s] -- Installing: /home/tau/colcon_ws/src/install/dis_tutorial1/local/lib/python3.10/dist-packages/dis_tutorial1/srv
[9.956s] -- Installing: /home/tau/colcon_ws/src/install/dis_tutorial1/local/lib/python3.10/dist-packages/dis_tutorial1/srv/__init__.py
[9.956s] -- Installing: /home/tau/colcon_ws/src/install/dis_tutorial1/local/lib/python3.10/dist-packages/dis_tutorial1/srv/_add_two_ints_s.c
[9.956s] -- Installing: /home/tau/colcon_ws/src/install/dis_tutorial1/local/lib/python3.10/dist-packages/dis_tutorial1/srv/_add_two_ints.py
[9.957s] -- Installing: /home/tau/colcon_ws/src/install/dis_tutorial1/local/lib/python3.10/dist-packages/dis_tutorial1/dis_tutorial1_s__rosidl_typesupport_fastrtps_c.cpython-310-x86_64-linux-gnu.so
[9.957s] -- Installing: /home/tau/colcon_ws/src/install/dis_tutorial1/local/lib/python3.10/dist-packages/dis_tutorial1/_dis_tutorial1_s.ep.rosidl_typesupport_c.c
[9.979s] Listing '/home/tau/colcon_ws/src/install/dis_tutorial1/local/lib/python3.10/dist-packages/dis_tutorial1'...
[9.979s] Compiling '/home/tau/colcon_ws/src/install/dis_tutorial1/local/lib/python3.10/dist-packages/dis_tutorial1/__init__.py'...
[9.979s] Listing '/home/tau/colcon_ws/src/install/dis_tutorial1/local/lib/python3.10/dist-packages/dis_tutorial1/msg'...
[9.979s] Compiling '/home/tau/colcon_ws/src/install/dis_tutorial1/local/lib/python3.10/dist-packages/dis_tutorial1/msg/__init__.py'...
[9.979s] Compiling '/home/tau/colcon_ws/src/install/dis_tutorial1/local/lib/python3.10/dist-packages/dis_tutorial1/msg/_custom_message.py'...
[9.979s] Listing '/home/tau/colcon_ws/src/install/dis_tutorial1/local/lib/python3.10/dist-packages/dis_tutorial1/srv'...
[9.979s] Compiling '/home/tau/colcon_ws/src/install/dis_tutorial1/local/lib/python3.10/dist-packages/dis_tutorial1/srv/__init__.py'...
[9.979s] Compiling '/home/tau/colcon_ws/src/install/dis_tutorial1/local/lib/python3.10/dist-packages/dis_tutorial1/srv/_add_two_ints.py'...
[9.981s] -- Installing: /home/tau/colcon_ws/src/install/dis_tutorial1/local/lib/python3.10/dist-packages/dis_tutorial1/dis_tutorial1_s__rosidl_typesupport_fastrtps_c.cpython-310-x86_64-linux-gnu.so
[9.982s] -- Set runtime path of "/home/tau/colcon_ws/src/install/dis_tutorial1/local/lib/python3.10/dist-packages/dis_tutorial1/dis_tutorial1_s__rosidl_typesupport_fastrtps_c.cpython-310-x86_64-linux-gnu.so" to ""
[9.982s] -- Installing: /home/tau/colcon_ws/src/install/dis_tutorial1/local/lib/python3.10/dist-packages/dis_tutorial1/dis_tutorial1_s__rosidl_typesupport_introspection_c.cpython-310-x86_64-linux-gnu.so
[9.982s] -- Set runtime path of "/home/tau/colcon_ws/src/install/dis_tutorial1/local/lib/python3.10/dist-packages/dis_tutorial1/dis_tutorial1_s__rosidl_typesupport_introspection_c.cpython-310-x86_64-linux-gnu.so" to ""
[9.982s] -- Installing: /home/tau/colcon_ws/src/install/dis_tutorial1/local/lib/python3.10/dist-packages/dis_tutorial1/dis_tutorial1_s__rosidl_typesupport_c.cpython-310-x86_64-linux-gnu.so
[9.982s] -- Set runtime path of "/home/tau/colcon_ws/src/install/dis_tutorial1/local/lib/python3.10/dist-packages/dis_tutorial1/dis_tutorial1_s__rosidl_typesupport_c.cpython-310-x86_64-linux-gnu.so" to ""
[9.982s] -- Installing: /home/tau/colcon_ws/src/install/dis_tutorial1/lib/libdis_tutorial1__rosidl_generator_py.so
[9.982s] -- Set runtime path of "/home/tau/colcon_ws/src/install/dis_tutorial1/lib/libdis_tutorial1__rosidl_generator_py.so" to ""
[9.982s] -- Installing: /home/tau/colcon_ws/src/install/dis_tutorial1/share/dis_tutorial1/msg/CustomMessage.idl
[9.982s] -- Installing: /home/tau/colcon_ws/src/install/dis_tutorial1/share/dis_tutorial1/srv/AddTwoInts.idl
[9.982s] -- Installing: /home/tau/colcon_ws/src/install/dis_tutorial1/share/dis_tutorial1/msg/CustomMessage.msg
[9.982s] -- Installing: /home/tau/colcon_ws/src/install/dis_tutorial1/share/dis_tutorial1/srv/AddTwoInts.srv
[9.982s] -- Installing: /home/tau/colcon_ws/src/install/dis_tutorial1/share/dis_tutorial1/srv/AddTwoInts_Request.msg
[9.982s] -- Installing: /home/tau/colcon_ws/src/install/dis_tutorial1/share/dis_tutorial1/srv/AddTwoInts_Response.msg
[9.983s] -- Installing: /home/tau/colcon_ws/src/install/dis_tutorial1/lib/dis_tutorial1/simple_publisher
[9.983s] -- Set runtime path of "/home/tau/colcon_ws/src/install/dis_tutorial1/lib/dis_tutorial1/simple_publisher" to ""
[9.983s] -- Installing: /home/tau/colcon_ws/src/install/dis_tutorial1/lib/dis_tutorial1/simple_subscriber
[9.985s] -- Set runtime path of "/home/tau/colcon_ws/src/install/dis_tutorial1/lib/dis_tutorial1/simple_subscriber" to ""
[9.985s] -- Installing: /home/tau/colcon_ws/src/install/dis_tutorial1/lib/dis_tutorial1/simple_client_node
[9.985s] -- Set runtime path of "/home/tau/colcon_ws/src/install/dis_tutorial1/lib/dis_tutorial1/simple_client_node" to ""
[9.985s] -- Installing: /home/tau/colcon_ws/src/install/dis_tutorial1/lib/dis_tutorial1/simple_server_node
[9.985s] -- Set runtime path of "/home/tau/colcon_ws/src/install/dis_tutorial1/lib/dis_tutorial1/simple_server_node" to ""
[9.985s] -- Installing: /home/tau/colcon_ws/src/install/dis_tutorial1/lib/dis_tutorial1/complete_node
[9.987s] -- Set runtime path of "/home/tau/colcon_ws/src/install/dis_tutorial1/lib/dis_tutorial1/complete_node" to ""
[9.987s] -- Installing: /home/tau/colcon_ws/src/install/dis_tutorial1/lib/dis_tutorial1/simple_set_bool_server_node
[9.987s] -- Set runtime path of "/home/tau/colcon_ws/src/install/dis_tutorial1/lib/dis_tutorial1/simple_set_bool_server_node" to ""
[9.987s] -- Installing: /home/tau/colcon_ws/src/install/dis_tutorial1/lib/dis_tutorial1/py_simple_publisher.py
[9.988s] -- Installing: /home/tau/colcon_ws/src/install/dis_tutorial1/lib/dis_tutorial1/py_simple_subscriber.py
[9.988s] -- Installing: /home/tau/colcon_ws/src/install/dis_tutorial1/lib/dis_tutorial1/py_simple_server_node.py
[9.988s] -- Installing: /home/tau/colcon_ws/src/install/dis_tutorial1/lib/dis_tutorial1/py_simple_client_node.py
[9.988s] -- Installing: /home/tau/colcon_ws/src/install/dis_tutorial1/lib/dis_tutorial1/py_complete_node.py
[9.988s] -- Installing: /home/tau/colcon_ws/src/install/dis_tutorial1/lib/dis_tutorial1/py_draw_square.py
[9.988s] -- Installing: /home/tau/colcon_ws/src/install/dis_tutorial1/share/ament_index/resource_index/package_run_dependencies/dis_tutorial1
[9.988s] -- Installing: /home/tau/colcon_ws/src/install/dis_tutorial1/share/ament_index/resource_index/parent_prefix_path/dis_tutorial1
[9.988s] -- Installing: /home/tau/colcon_ws/src/install/dis_tutorial1/share/dis_tutorial1/environment/ament_prefix_path.sh
[9.988s] -- Installing: /home/tau/colcon_ws/src/install/dis_tutorial1/share/dis_tutorial1/environment/ament_prefix_path.dsv
[9.988s] -- Installing: /home/tau/colcon_ws/src/install/dis_tutorial1/share/dis_tutorial1/environment/path.sh
[9.988s] -- Installing: /home/tau/colcon_ws/src/install/dis_tutorial1/share/dis_tutorial1/environment/path.dsv
[9.988s] -- Installing: /home/tau/colcon_ws/src/install/dis_tutorial1/share/dis_tutorial1/local_setup.bash
[9.989s] -- Installing: /home/tau/colcon_ws/src/install/dis_tutorial1/share/dis_tutorial1/local_setup.sh
[9.989s] -- Installing: /home/tau/colcon_ws/src/install/dis_tutorial1/share/dis_tutorial1/local_setup.zsh
[9.989s] -- Installing: /home/tau/colcon_ws/src/install/dis_tutorial1/share/dis_tutorial1/local_setup.dsv
[9.989s] -- Installing: /home/tau/colcon_ws/src/install/dis_tutorial1/share/dis_tutorial1/package.dsv
[9.989s] -- Installing: /home/tau/colcon_ws/src/install/dis_tutorial1/share/ament_index/resource_index/packages/dis_tutorial1
[9.989s] -- Installing: /home/tau/colcon_ws/src/install/dis_tutorial1/share/dis_tutorial1/cmake/export_dis_tutorial1__rosidl_generator_cExport.cmake
[9.989s] -- Installing: /home/tau/colcon_ws/src/install/dis_tutorial1/share/dis_tutorial1/cmake/export_dis_tutorial1__rosidl_generator_cExport-noconfig.cmake
[9.989s] -- Installing: /home/tau/colcon_ws/src/install/dis_tutorial1/share/dis_tutorial1/cmake/export_dis_tutorial1__rosidl_typesupport_fastrtps_cExport.cmake
[9.989s] -- Installing: /home/tau/colcon_ws/src/install/dis_tutorial1/share/dis_tutorial1/cmake/export_dis_tutorial1__rosidl_typesupport_fastrtps_cExport-noconfig.cmake
[9.989s] -- Installing: /home/tau/colcon_ws/src/install/dis_tutorial1/share/dis_tutorial1/cmake/export_dis_tutorial1__rosidl_generator_cppExport.cmake
[9.989s] -- Installing: /home/tau/colcon_ws/src/install/dis_tutorial1/share/dis_tutorial1/cmake/export_dis_tutorial1__rosidl_typesupport_fastrtps_cppExport.cmake
[9.989s] -- Installing: /home/tau/colcon_ws/src/install/dis_tutorial1/share/dis_tutorial1/cmake/export_dis_tutorial1__rosidl_typesupport_fastrtps_cppExport-noconfig.cmake
[9.989s] -- Installing: /home/tau/colcon_ws/src/install/dis_tutorial1/share/dis_tutorial1/cmake/dis_tutorial1__rosidl_typesupport_introspection_cExport.cmake
[9.989s] -- Installing: /home/tau/colcon_ws/src/install/dis_tutorial1/share/dis_tutorial1/cmake/dis_tutorial1__rosidl_typesupport_introspection_cExport-noconfig.cmake
[9.990s] -- Installing: /home/tau/colcon_ws/src/install/dis_tutorial1/share/dis_tutorial1/cmake/dis_tutorial1__rosidl_typesupport_cExport.cmake
[9.990s] -- Installing: /home/tau/colcon_ws/src/install/dis_tutorial1/share/dis_tutorial1/cmake/dis_tutorial1__rosidl_typesupport_cExport-noconfig.cmake
[9.990s] -- Installing: /home/tau/colcon_ws/src/install/dis_tutorial1/share/dis_tutorial1/cmake/dis_tutorial1__rosidl_typesupport_introspection_cppExport.cmake
[9.990s] -- Installing: /home/tau/colcon_ws/src/install/dis_tutorial1/share/dis_tutorial1/cmake/dis_tutorial1__rosidl_typesupport_introspection_cppExport-noconfig.cmake
[9.990s] -- Installing: /home/tau/colcon_ws/src/install/dis_tutorial1/share/dis_tutorial1/cmake/dis_tutorial1__rosidl_typesupport_cppExport.cmake
[9.990s] -- Installing: /home/tau/colcon_ws/src/install/dis_tutorial1/share/dis_tutorial1/cmake/dis_tutorial1__rosidl_typesupport_cppExport-noconfig.cmake
[9.990s] -- Installing: /home/tau/colcon_ws/src/install/dis_tutorial1/share/dis_tutorial1/cmake/export_dis_tutorial1__rosidl_generator_pyExport.cmake
[9.990s] -- Installing: /home/tau/colcon_ws/src/install/dis_tutorial1/share/dis_tutorial1/cmake/export_dis_tutorial1__rosidl_generator_pyExport-noconfig.cmake
[9.990s] -- Installing: /home/tau/colcon_ws/src/install/dis_tutorial1/share/dis_tutorial1/cmake/rosidl_cmake-extras.cmake
[9.990s] -- Installing: /home/tau/colcon_ws/src/install/dis_tutorial1/share/dis_tutorial1/cmake/ament_cmake_export_dependencies-extras.cmake
[9.990s] -- Installing: /home/tau/colcon_ws/src/install/dis_tutorial1/share/dis_tutorial1/cmake/ament_cmake_export_include_directories-extras.cmake
[9.990s] -- Installing: /home/tau/colcon_ws/src/install/dis_tutorial1/share/dis_tutorial1/cmake/ament_cmake_export_libraries-extras.cmake
[9.990s] -- Installing: /home/tau/colcon_ws/src/install/dis_tutorial1/share/dis_tutorial1/cmake/ament_cmake_export_targets-extras.cmake
[9.990s] -- Installing: /home/tau/colcon_ws/src/install/dis_tutorial1/share/dis_tutorial1/cmake/rosidl_cmake_export_typesupport_targets-extras.cmake
[9.990s] -- Installing: /home/tau/colcon_ws/src/install/dis_tutorial1/share/dis_tutorial1/cmake/rosidl_cmake_export_typesupport_libraries-extras.cmake
[9.990s] -- Installing: /home/tau/colcon_ws/src/install/dis_tutorial1/share/dis_tutorial1/cmake/dis_tutorial1Config.cmake
[9.990s] -- Installing: /home/tau/colcon_ws/src/install/dis_tutorial1/share/dis_tutorial1/cmake/dis_tutorial1Config-version.cmake
[9.990s] -- Installing: /home/tau/colcon_ws/src/install/dis_tutorial1/share/dis_tutorial1/package.xml
[9.992s] Invoked command in '/home/tau/colcon_ws/src/build/dis_tutorial1' returned '0': CMAKE_PREFIX_PATH=${CMAKE_PREFIX_PATH}:/home/tau/colcon_ws/install/dis_tutorial2:/opt/ros/humble /usr/bin/cmake --install /home/tau/colcon_ws/src/build/dis_tutorial1
