[0.194s] DEBUG:colcon:Command line arguments: ['/usr/bin/colcon', 'build', '--symlink-install']
[0.194s] DEBUG:colcon:Parsed command line arguments: Namespace(log_base=None, log_level=None, verb_name='build', build_base='build', install_base='install', merge_install=False, symlink_install=True, test_result_base=None, continue_on_error=False, executor='parallel', parallel_workers=4, event_handlers=None, ignore_user_meta=False, metas=['./colcon.meta'], base_paths=['.'], packages_ignore=None, packages_ignore_regex=None, paths=None, packages_up_to=None, packages_up_to_regex=None, packages_above=None, packages_above_and_dependencies=None, packages_above_depth=None, packages_select_by_dep=None, packages_skip_by_dep=None, packages_skip_up_to=None, packages_select_build_failed=False, packages_skip_build_finished=False, packages_select_test_failures=False, packages_skip_test_passed=False, packages_select=None, packages_skip=None, packages_select_regex=None, packages_skip_regex=None, packages_start=None, packages_end=None, allow_overriding=[], cmake_args=None, cmake_target=None, cmake_target_skip_unavailable=False, cmake_clean_cache=False, cmake_clean_first=False, cmake_force_configure=False, ament_cmake_args=None, catkin_cmake_args=None, catkin_skip_building_tests=False, mixin_files=None, mixin=None, verb_parser=<colcon_mixin.mixin.mixin_argument.MixinArgumentDecorator object at 0x7f89df5a5cf0>, verb_extension=<colcon_core.verb.build.BuildVerb object at 0x7f89df5a4e50>, main=<bound method BuildVerb.main of <colcon_core.verb.build.BuildVerb object at 0x7f89df5a4e50>>, mixin_verb=('build',))
[0.419s] Level 1:colcon.colcon_core.package_discovery:discover_packages(colcon_meta) check parameters
[0.419s] Level 1:colcon.colcon_core.package_discovery:discover_packages(recursive) check parameters
[0.419s] Level 1:colcon.colcon_core.package_discovery:discover_packages(ignore) check parameters
[0.419s] Level 1:colcon.colcon_core.package_discovery:discover_packages(path) check parameters
[0.419s] Level 1:colcon.colcon_core.package_discovery:discover_packages(colcon_meta) discover
[0.419s] Level 1:colcon.colcon_core.package_discovery:discover_packages(recursive) discover
[0.419s] INFO:colcon.colcon_core.package_discovery:Crawling recursively for packages in '/home/osboxes/ros2_ws'
[0.419s] Level 1:colcon.colcon_core.package_identification:_identify(.) by extensions ['ignore', 'ignore_ament_install']
[0.419s] Level 1:colcon.colcon_core.package_identification:_identify(.) by extension 'ignore'
[0.419s] Level 1:colcon.colcon_core.package_identification:_identify(.) by extension 'ignore_ament_install'
[0.419s] Level 1:colcon.colcon_core.package_identification:_identify(.) by extensions ['colcon_pkg']
[0.419s] Level 1:colcon.colcon_core.package_identification:_identify(.) by extension 'colcon_pkg'
[0.419s] Level 1:colcon.colcon_core.package_identification:_identify(.) by extensions ['colcon_meta']
[0.419s] Level 1:colcon.colcon_core.package_identification:_identify(.) by extension 'colcon_meta'
[0.419s] Level 1:colcon.colcon_core.package_identification:_identify(.) by extensions ['ros']
[0.419s] Level 1:colcon.colcon_core.package_identification:_identify(.) by extension 'ros'
[0.429s] Level 1:colcon.colcon_core.package_identification:_identify(.) by extensions ['cmake', 'python']
[0.429s] Level 1:colcon.colcon_core.package_identification:_identify(.) by extension 'cmake'
[0.429s] Level 1:colcon.colcon_core.package_identification:_identify(.) by extension 'python'
[0.429s] Level 1:colcon.colcon_core.package_identification:_identify(.) by extensions ['python_setup_py']
[0.429s] Level 1:colcon.colcon_core.package_identification:_identify(.) by extension 'python_setup_py'
[0.429s] Level 1:colcon.colcon_core.package_identification:_identify(build) by extensions ['ignore', 'ignore_ament_install']
[0.429s] Level 1:colcon.colcon_core.package_identification:_identify(build) by extension 'ignore'
[0.430s] Level 1:colcon.colcon_core.package_identification:_identify(build) ignored
[0.430s] Level 1:colcon.colcon_core.package_identification:_identify(install) by extensions ['ignore', 'ignore_ament_install']
[0.430s] Level 1:colcon.colcon_core.package_identification:_identify(install) by extension 'ignore'
[0.430s] Level 1:colcon.colcon_core.package_identification:_identify(install) ignored
[0.430s] Level 1:colcon.colcon_core.package_identification:_identify(log) by extensions ['ignore', 'ignore_ament_install']
[0.430s] Level 1:colcon.colcon_core.package_identification:_identify(log) by extension 'ignore'
[0.430s] Level 1:colcon.colcon_core.package_identification:_identify(log) ignored
[0.430s] Level 1:colcon.colcon_core.package_identification:_identify(src) by extensions ['ignore', 'ignore_ament_install']
[0.430s] Level 1:colcon.colcon_core.package_identification:_identify(src) by extension 'ignore'
[0.430s] Level 1:colcon.colcon_core.package_identification:_identify(src) by extension 'ignore_ament_install'
[0.430s] Level 1:colcon.colcon_core.package_identification:_identify(src) by extensions ['colcon_pkg']
[0.430s] Level 1:colcon.colcon_core.package_identification:_identify(src) by extension 'colcon_pkg'
[0.430s] Level 1:colcon.colcon_core.package_identification:_identify(src) by extensions ['colcon_meta']
[0.430s] Level 1:colcon.colcon_core.package_identification:_identify(src) by extension 'colcon_meta'
[0.430s] Level 1:colcon.colcon_core.package_identification:_identify(src) by extensions ['ros']
[0.430s] Level 1:colcon.colcon_core.package_identification:_identify(src) by extension 'ros'
[0.430s] Level 1:colcon.colcon_core.package_identification:_identify(src) by extensions ['cmake', 'python']
[0.430s] Level 1:colcon.colcon_core.package_identification:_identify(src) by extension 'cmake'
[0.430s] Level 1:colcon.colcon_core.package_identification:_identify(src) by extension 'python'
[0.430s] Level 1:colcon.colcon_core.package_identification:_identify(src) by extensions ['python_setup_py']
[0.431s] Level 1:colcon.colcon_core.package_identification:_identify(src) by extension 'python_setup_py'
[0.431s] Level 1:colcon.colcon_core.package_identification:_identify(src/dis_tutorial1) by extensions ['ignore', 'ignore_ament_install']
[0.431s] Level 1:colcon.colcon_core.package_identification:_identify(src/dis_tutorial1) by extension 'ignore'
[0.431s] Level 1:colcon.colcon_core.package_identification:_identify(src/dis_tutorial1) by extension 'ignore_ament_install'
[0.431s] Level 1:colcon.colcon_core.package_identification:_identify(src/dis_tutorial1) by extensions ['colcon_pkg']
[0.431s] Level 1:colcon.colcon_core.package_identification:_identify(src/dis_tutorial1) by extension 'colcon_pkg'
[0.431s] Level 1:colcon.colcon_core.package_identification:_identify(src/dis_tutorial1) by extensions ['colcon_meta']
[0.431s] Level 1:colcon.colcon_core.package_identification:_identify(src/dis_tutorial1) by extension 'colcon_meta'
[0.431s] Level 1:colcon.colcon_core.package_identification:_identify(src/dis_tutorial1) by extensions ['ros']
[0.431s] Level 1:colcon.colcon_core.package_identification:_identify(src/dis_tutorial1) by extension 'ros'
[0.437s] DEBUG:colcon.colcon_core.package_identification:Package 'src/dis_tutorial1' with type 'ros.ament_cmake' and name 'dis_tutorial1'
[0.437s] Level 1:colcon.colcon_core.package_identification:_identify(src/dis_tutorial2) by extensions ['ignore', 'ignore_ament_install']
[0.437s] Level 1:colcon.colcon_core.package_identification:_identify(src/dis_tutorial2) by extension 'ignore'
[0.438s] Level 1:colcon.colcon_core.package_identification:_identify(src/dis_tutorial2) by extension 'ignore_ament_install'
[0.438s] Level 1:colcon.colcon_core.package_identification:_identify(src/dis_tutorial2) by extensions ['colcon_pkg']
[0.438s] Level 1:colcon.colcon_core.package_identification:_identify(src/dis_tutorial2) by extension 'colcon_pkg'
[0.438s] Level 1:colcon.colcon_core.package_identification:_identify(src/dis_tutorial2) by extensions ['colcon_meta']
[0.438s] Level 1:colcon.colcon_core.package_identification:_identify(src/dis_tutorial2) by extension 'colcon_meta'
[0.438s] Level 1:colcon.colcon_core.package_identification:_identify(src/dis_tutorial2) by extensions ['ros']
[0.438s] Level 1:colcon.colcon_core.package_identification:_identify(src/dis_tutorial2) by extension 'ros'
[0.440s] DEBUG:colcon.colcon_core.package_identification:Package 'src/dis_tutorial2' with type 'ros.ament_python' and name 'dis_tutorial2'
[0.440s] Level 1:colcon.colcon_core.package_identification:_identify(src/hwpub) by extensions ['ignore', 'ignore_ament_install']
[0.440s] Level 1:colcon.colcon_core.package_identification:_identify(src/hwpub) by extension 'ignore'
[0.440s] Level 1:colcon.colcon_core.package_identification:_identify(src/hwpub) by extension 'ignore_ament_install'
[0.440s] Level 1:colcon.colcon_core.package_identification:_identify(src/hwpub) by extensions ['colcon_pkg']
[0.441s] Level 1:colcon.colcon_core.package_identification:_identify(src/hwpub) by extension 'colcon_pkg'
[0.441s] Level 1:colcon.colcon_core.package_identification:_identify(src/hwpub) by extensions ['colcon_meta']
[0.441s] Level 1:colcon.colcon_core.package_identification:_identify(src/hwpub) by extension 'colcon_meta'
[0.441s] Level 1:colcon.colcon_core.package_identification:_identify(src/hwpub) by extensions ['ros']
[0.441s] Level 1:colcon.colcon_core.package_identification:_identify(src/hwpub) by extension 'ros'
[0.443s] DEBUG:colcon.colcon_core.package_identification:Package 'src/hwpub' with type 'ros.ament_cmake' and name 'hwpub'
[0.443s] Level 1:colcon.colcon_core.package_discovery:discover_packages(recursive) using defaults
[0.443s] Level 1:colcon.colcon_core.package_discovery:discover_packages(ignore) discover
[0.443s] Level 1:colcon.colcon_core.package_discovery:discover_packages(ignore) using defaults
[0.443s] Level 1:colcon.colcon_core.package_discovery:discover_packages(path) discover
[0.443s] Level 1:colcon.colcon_core.package_discovery:discover_packages(path) using defaults
[0.501s] Level 1:colcon.colcon_core.package_discovery:discover_packages(prefix_path) check parameters
[0.501s] Level 1:colcon.colcon_core.package_discovery:discover_packages(prefix_path) discover
[0.503s] DEBUG:colcon.colcon_installed_package_information.package_discovery:Found 3 installed packages in /home/osboxes/ros2_ws/install
[0.505s] DEBUG:colcon.colcon_installed_package_information.package_discovery:Found 271 installed packages in /opt/ros/humble
[0.506s] Level 1:colcon.colcon_core.package_discovery:discover_packages(prefix_path) using defaults
[0.540s] Level 5:colcon.colcon_core.verb:set package 'dis_tutorial1' build argument 'cmake_args' from command line to 'None'
[0.540s] Level 5:colcon.colcon_core.verb:set package 'dis_tutorial1' build argument 'cmake_target' from command line to 'None'
[0.540s] Level 5:colcon.colcon_core.verb:set package 'dis_tutorial1' build argument 'cmake_target_skip_unavailable' from command line to 'False'
[0.540s] Level 5:colcon.colcon_core.verb:set package 'dis_tutorial1' build argument 'cmake_clean_cache' from command line to 'False'
[0.540s] Level 5:colcon.colcon_core.verb:set package 'dis_tutorial1' build argument 'cmake_clean_first' from command line to 'False'
[0.540s] Level 5:colcon.colcon_core.verb:set package 'dis_tutorial1' build argument 'cmake_force_configure' from command line to 'False'
[0.540s] Level 5:colcon.colcon_core.verb:set package 'dis_tutorial1' build argument 'ament_cmake_args' from command line to 'None'
[0.540s] Level 5:colcon.colcon_core.verb:set package 'dis_tutorial1' build argument 'catkin_cmake_args' from command line to 'None'
[0.540s] Level 5:colcon.colcon_core.verb:set package 'dis_tutorial1' build argument 'catkin_skip_building_tests' from command line to 'False'
[0.540s] DEBUG:colcon.colcon_core.verb:Building package 'dis_tutorial1' with the following arguments: {'ament_cmake_args': None, 'build_base': '/home/osboxes/ros2_ws/build/dis_tutorial1', 'catkin_cmake_args': None, 'catkin_skip_building_tests': False, 'cmake_args': None, 'cmake_clean_cache': False, 'cmake_clean_first': False, 'cmake_force_configure': False, 'cmake_target': None, 'cmake_target_skip_unavailable': False, 'install_base': '/home/osboxes/ros2_ws/install/dis_tutorial1', 'merge_install': False, 'path': '/home/osboxes/ros2_ws/src/dis_tutorial1', 'symlink_install': True, 'test_result_base': None}
[0.540s] Level 5:colcon.colcon_core.verb:set package 'dis_tutorial2' build argument 'cmake_args' from command line to 'None'
[0.540s] Level 5:colcon.colcon_core.verb:set package 'dis_tutorial2' build argument 'cmake_target' from command line to 'None'
[0.540s] Level 5:colcon.colcon_core.verb:set package 'dis_tutorial2' build argument 'cmake_target_skip_unavailable' from command line to 'False'
[0.540s] Level 5:colcon.colcon_core.verb:set package 'dis_tutorial2' build argument 'cmake_clean_cache' from command line to 'False'
[0.540s] Level 5:colcon.colcon_core.verb:set package 'dis_tutorial2' build argument 'cmake_clean_first' from command line to 'False'
[0.540s] Level 5:colcon.colcon_core.verb:set package 'dis_tutorial2' build argument 'cmake_force_configure' from command line to 'False'
[0.540s] Level 5:colcon.colcon_core.verb:set package 'dis_tutorial2' build argument 'ament_cmake_args' from command line to 'None'
[0.540s] Level 5:colcon.colcon_core.verb:set package 'dis_tutorial2' build argument 'catkin_cmake_args' from command line to 'None'
[0.540s] Level 5:colcon.colcon_core.verb:set package 'dis_tutorial2' build argument 'catkin_skip_building_tests' from command line to 'False'
[0.540s] DEBUG:colcon.colcon_core.verb:Building package 'dis_tutorial2' with the following arguments: {'ament_cmake_args': None, 'build_base': '/home/osboxes/ros2_ws/build/dis_tutorial2', 'catkin_cmake_args': None, 'catkin_skip_building_tests': False, 'cmake_args': None, 'cmake_clean_cache': False, 'cmake_clean_first': False, 'cmake_force_configure': False, 'cmake_target': None, 'cmake_target_skip_unavailable': False, 'install_base': '/home/osboxes/ros2_ws/install/dis_tutorial2', 'merge_install': False, 'path': '/home/osboxes/ros2_ws/src/dis_tutorial2', 'symlink_install': True, 'test_result_base': None}
[0.541s] Level 5:colcon.colcon_core.verb:set package 'hwpub' build argument 'cmake_args' from command line to 'None'
[0.541s] Level 5:colcon.colcon_core.verb:set package 'hwpub' build argument 'cmake_target' from command line to 'None'
[0.541s] Level 5:colcon.colcon_core.verb:set package 'hwpub' build argument 'cmake_target_skip_unavailable' from command line to 'False'
[0.541s] Level 5:colcon.colcon_core.verb:set package 'hwpub' build argument 'cmake_clean_cache' from command line to 'False'
[0.541s] Level 5:colcon.colcon_core.verb:set package 'hwpub' build argument 'cmake_clean_first' from command line to 'False'
[0.541s] Level 5:colcon.colcon_core.verb:set package 'hwpub' build argument 'cmake_force_configure' from command line to 'False'
[0.541s] Level 5:colcon.colcon_core.verb:set package 'hwpub' build argument 'ament_cmake_args' from command line to 'None'
[0.541s] Level 5:colcon.colcon_core.verb:set package 'hwpub' build argument 'catkin_cmake_args' from command line to 'None'
[0.541s] Level 5:colcon.colcon_core.verb:set package 'hwpub' build argument 'catkin_skip_building_tests' from command line to 'False'
[0.541s] DEBUG:colcon.colcon_core.verb:Building package 'hwpub' with the following arguments: {'ament_cmake_args': None, 'build_base': '/home/osboxes/ros2_ws/build/hwpub', 'catkin_cmake_args': None, 'catkin_skip_building_tests': False, 'cmake_args': None, 'cmake_clean_cache': False, 'cmake_clean_first': False, 'cmake_force_configure': False, 'cmake_target': None, 'cmake_target_skip_unavailable': False, 'install_base': '/home/osboxes/ros2_ws/install/hwpub', 'merge_install': False, 'path': '/home/osboxes/ros2_ws/src/hwpub', 'symlink_install': True, 'test_result_base': None}
[0.541s] INFO:colcon.colcon_core.executor:Executing jobs using 'parallel' executor
[0.542s] DEBUG:colcon.colcon_parallel_executor.executor.parallel:run_until_complete
[0.543s] INFO:colcon.colcon_ros.task.ament_cmake.build:Building ROS package in '/home/osboxes/ros2_ws/src/dis_tutorial1' with build type 'ament_cmake'
[0.543s] INFO:colcon.colcon_cmake.task.cmake.build:Building CMake package in '/home/osboxes/ros2_ws/src/dis_tutorial1'
[0.548s] INFO:colcon.colcon_core.plugin_system:Skipping extension 'colcon_core.shell.bat': Not used on non-Windows systems
[0.549s] INFO:colcon.colcon_core.shell:Skip shell extension 'powershell' for command environment: Not usable outside of PowerShell
[0.549s] DEBUG:colcon.colcon_core.shell:Skip shell extension 'dsv' for command environment
[0.559s] INFO:colcon.colcon_ros.task.ament_python.build:Building ROS package in '/home/osboxes/ros2_ws/src/dis_tutorial2' with build type 'ament_python'
[0.559s] Level 1:colcon.colcon_core.shell:create_environment_hook('dis_tutorial2', 'ament_prefix_path')
[0.560s] INFO:colcon.colcon_core.shell:Creating environment hook '/home/osboxes/ros2_ws/install/dis_tutorial2/share/dis_tutorial2/hook/ament_prefix_path.ps1'
[0.565s] INFO:colcon.colcon_core.shell:Creating environment descriptor '/home/osboxes/ros2_ws/install/dis_tutorial2/share/dis_tutorial2/hook/ament_prefix_path.dsv'
[0.568s] INFO:colcon.colcon_core.shell:Creating environment hook '/home/osboxes/ros2_ws/install/dis_tutorial2/share/dis_tutorial2/hook/ament_prefix_path.sh'
[0.570s] INFO:colcon.colcon_core.shell:Skip shell extension 'powershell' for command environment: Not usable outside of PowerShell
[0.571s] DEBUG:colcon.colcon_core.shell:Skip shell extension 'dsv' for command environment
[0.577s] INFO:colcon.colcon_ros.task.ament_cmake.build:Building ROS package in '/home/osboxes/ros2_ws/src/hwpub' with build type 'ament_cmake'
[0.577s] INFO:colcon.colcon_cmake.task.cmake.build:Building CMake package in '/home/osboxes/ros2_ws/src/hwpub'
[0.578s] INFO:colcon.colcon_core.shell:Skip shell extension 'powershell' for command environment: Not usable outside of PowerShell
[0.578s] DEBUG:colcon.colcon_core.shell:Skip shell extension 'dsv' for command environment
[0.601s] DEBUG:colcon.colcon_core.event_handler.log_command:Invoking command in '/home/osboxes/ros2_ws/build/dis_tutorial1': CMAKE_PREFIX_PATH=${CMAKE_PREFIX_PATH}:/home/osboxes/ros2_ws/install/dis_tutorial2:/opt/ros/humble /usr/bin/cmake --build /home/osboxes/ros2_ws/build/dis_tutorial1 -- -j4 -l4
[1.192s] INFO:colcon.colcon_core.task.python.build:Building Python package in '/home/osboxes/ros2_ws/src/dis_tutorial2'
[1.193s] INFO:colcon.colcon_core.shell:Skip shell extension 'powershell' for command environment: Not usable outside of PowerShell
[1.193s] DEBUG:colcon.colcon_core.shell:Skip shell extension 'dsv' for command environment
[1.210s] DEBUG:colcon.colcon_core.event_handler.log_command:Invoking command in '/home/osboxes/ros2_ws/build/hwpub': CMAKE_PREFIX_PATH=${CMAKE_PREFIX_PATH}:/home/osboxes/ros2_ws/install/dis_tutorial2:/opt/ros/humble /usr/bin/cmake --build /home/osboxes/ros2_ws/build/hwpub -- -j4 -l4
[1.710s] DEBUG:colcon.colcon_core.event_handler.log_command:Invoked command in '/home/osboxes/ros2_ws/build/dis_tutorial1' returned '0': CMAKE_PREFIX_PATH=${CMAKE_PREFIX_PATH}:/home/osboxes/ros2_ws/install/dis_tutorial2:/opt/ros/humble /usr/bin/cmake --build /home/osboxes/ros2_ws/build/dis_tutorial1 -- -j4 -l4
[1.758s] DEBUG:colcon.colcon_core.event_handler.log_command:Invoking command in '/home/osboxes/ros2_ws/build/dis_tutorial1': CMAKE_PREFIX_PATH=${CMAKE_PREFIX_PATH}:/home/osboxes/ros2_ws/install/dis_tutorial2:/opt/ros/humble /usr/bin/cmake --install /home/osboxes/ros2_ws/build/dis_tutorial1
[2.032s] Level 1:colcon.colcon_core.environment:create_environment_scripts_only(dis_tutorial1)
[2.034s] DEBUG:colcon.colcon_core.event_handler.log_command:Invoked command in '/home/osboxes/ros2_ws/build/dis_tutorial1' returned '0': CMAKE_PREFIX_PATH=${CMAKE_PREFIX_PATH}:/home/osboxes/ros2_ws/install/dis_tutorial2:/opt/ros/humble /usr/bin/cmake --install /home/osboxes/ros2_ws/build/dis_tutorial1
[2.040s] Level 1:colcon.colcon_core.environment:checking '/home/osboxes/ros2_ws/install/dis_tutorial1' for CMake module files
[2.042s] Level 1:colcon.colcon_core.environment:checking '/home/osboxes/ros2_ws/install/dis_tutorial1' for CMake config files
[2.044s] Level 1:colcon.colcon_core.shell:create_environment_hook('dis_tutorial1', 'cmake_prefix_path')
[2.044s] INFO:colcon.colcon_core.shell:Creating environment hook '/home/osboxes/ros2_ws/install/dis_tutorial1/share/dis_tutorial1/hook/cmake_prefix_path.ps1'
[2.054s] INFO:colcon.colcon_core.shell:Creating environment descriptor '/home/osboxes/ros2_ws/install/dis_tutorial1/share/dis_tutorial1/hook/cmake_prefix_path.dsv'
[2.055s] INFO:colcon.colcon_core.shell:Creating environment hook '/home/osboxes/ros2_ws/install/dis_tutorial1/share/dis_tutorial1/hook/cmake_prefix_path.sh'
[2.057s] Level 1:colcon.colcon_core.environment:checking '/home/osboxes/ros2_ws/install/dis_tutorial1/lib'
[2.057s] Level 1:colcon.colcon_core.shell:create_environment_hook('dis_tutorial1', 'ld_library_path_lib')
[2.058s] INFO:colcon.colcon_core.shell:Creating environment hook '/home/osboxes/ros2_ws/install/dis_tutorial1/share/dis_tutorial1/hook/ld_library_path_lib.ps1'
[2.059s] INFO:colcon.colcon_core.shell:Creating environment descriptor '/home/osboxes/ros2_ws/install/dis_tutorial1/share/dis_tutorial1/hook/ld_library_path_lib.dsv'
[2.062s] INFO:colcon.colcon_core.shell:Creating environment hook '/home/osboxes/ros2_ws/install/dis_tutorial1/share/dis_tutorial1/hook/ld_library_path_lib.sh'
[2.064s] Level 1:colcon.colcon_core.environment:checking '/home/osboxes/ros2_ws/install/dis_tutorial1/bin'
[2.064s] Level 1:colcon.colcon_core.environment:checking '/home/osboxes/ros2_ws/install/dis_tutorial1/lib/pkgconfig/dis_tutorial1.pc'
[2.065s] Level 1:colcon.colcon_core.environment:checking '/home/osboxes/ros2_ws/install/dis_tutorial1/lib/python3.10/site-packages'
[2.065s] Level 1:colcon.colcon_core.environment:checking '/home/osboxes/ros2_ws/install/dis_tutorial1/bin'
[2.066s] INFO:colcon.colcon_core.shell:Creating package script '/home/osboxes/ros2_ws/install/dis_tutorial1/share/dis_tutorial1/package.ps1'
[2.067s] INFO:colcon.colcon_core.shell:Creating package descriptor '/home/osboxes/ros2_ws/install/dis_tutorial1/share/dis_tutorial1/package.dsv'
[2.069s] INFO:colcon.colcon_core.shell:Creating package script '/home/osboxes/ros2_ws/install/dis_tutorial1/share/dis_tutorial1/package.sh'
[2.070s] INFO:colcon.colcon_core.shell:Creating package script '/home/osboxes/ros2_ws/install/dis_tutorial1/share/dis_tutorial1/package.bash'
[2.072s] INFO:colcon.colcon_core.shell:Creating package script '/home/osboxes/ros2_ws/install/dis_tutorial1/share/dis_tutorial1/package.zsh'
[2.074s] Level 1:colcon.colcon_core.environment:create_file_with_runtime_dependencies(/home/osboxes/ros2_ws/install/dis_tutorial1/share/colcon-core/packages/dis_tutorial1)
[2.088s] Level 1:colcon.colcon_core.environment:create_environment_scripts_only(dis_tutorial1)
[2.088s] Level 1:colcon.colcon_core.environment:checking '/home/osboxes/ros2_ws/install/dis_tutorial1' for CMake module files
[2.088s] Level 1:colcon.colcon_core.environment:checking '/home/osboxes/ros2_ws/install/dis_tutorial1' for CMake config files
[2.089s] Level 1:colcon.colcon_core.shell:create_environment_hook('dis_tutorial1', 'cmake_prefix_path')
[2.090s] INFO:colcon.colcon_core.shell:Creating environment hook '/home/osboxes/ros2_ws/install/dis_tutorial1/share/dis_tutorial1/hook/cmake_prefix_path.ps1'
[2.090s] INFO:colcon.colcon_core.shell:Creating environment descriptor '/home/osboxes/ros2_ws/install/dis_tutorial1/share/dis_tutorial1/hook/cmake_prefix_path.dsv'
[2.091s] INFO:colcon.colcon_core.shell:Creating environment hook '/home/osboxes/ros2_ws/install/dis_tutorial1/share/dis_tutorial1/hook/cmake_prefix_path.sh'
[2.092s] Level 1:colcon.colcon_core.environment:checking '/home/osboxes/ros2_ws/install/dis_tutorial1/lib'
[2.092s] Level 1:colcon.colcon_core.shell:create_environment_hook('dis_tutorial1', 'ld_library_path_lib')
[2.092s] INFO:colcon.colcon_core.shell:Creating environment hook '/home/osboxes/ros2_ws/install/dis_tutorial1/share/dis_tutorial1/hook/ld_library_path_lib.ps1'
[2.092s] INFO:colcon.colcon_core.shell:Creating environment descriptor '/home/osboxes/ros2_ws/install/dis_tutorial1/share/dis_tutorial1/hook/ld_library_path_lib.dsv'
[2.093s] INFO:colcon.colcon_core.shell:Creating environment hook '/home/osboxes/ros2_ws/install/dis_tutorial1/share/dis_tutorial1/hook/ld_library_path_lib.sh'
[2.100s] Level 1:colcon.colcon_core.environment:checking '/home/osboxes/ros2_ws/install/dis_tutorial1/bin'
[2.101s] Level 1:colcon.colcon_core.environment:checking '/home/osboxes/ros2_ws/install/dis_tutorial1/lib/pkgconfig/dis_tutorial1.pc'
[2.112s] Level 1:colcon.colcon_core.environment:checking '/home/osboxes/ros2_ws/install/dis_tutorial1/lib/python3.10/site-packages'
[2.112s] Level 1:colcon.colcon_core.environment:checking '/home/osboxes/ros2_ws/install/dis_tutorial1/bin'
[2.114s] INFO:colcon.colcon_core.shell:Creating package script '/home/osboxes/ros2_ws/install/dis_tutorial1/share/dis_tutorial1/package.ps1'
[2.116s] INFO:colcon.colcon_core.shell:Creating package descriptor '/home/osboxes/ros2_ws/install/dis_tutorial1/share/dis_tutorial1/package.dsv'
[2.119s] INFO:colcon.colcon_core.shell:Creating package script '/home/osboxes/ros2_ws/install/dis_tutorial1/share/dis_tutorial1/package.sh'
[2.121s] INFO:colcon.colcon_core.shell:Creating package script '/home/osboxes/ros2_ws/install/dis_tutorial1/share/dis_tutorial1/package.bash'
[2.133s] INFO:colcon.colcon_core.shell:Creating package script '/home/osboxes/ros2_ws/install/dis_tutorial1/share/dis_tutorial1/package.zsh'
[2.136s] Level 1:colcon.colcon_core.environment:create_file_with_runtime_dependencies(/home/osboxes/ros2_ws/install/dis_tutorial1/share/colcon-core/packages/dis_tutorial1)
[2.298s] DEBUG:colcon.colcon_core.event_handler.log_command:Invoking command in '/home/osboxes/ros2_ws/build/dis_tutorial2': PYTHONPATH=/home/osboxes/ros2_ws/build/dis_tutorial2/prefix_override:/usr/lib/python3/dist-packages/colcon_core/task/python/colcon_distutils_commands:/home/osboxes/ros2_ws/install/dis_tutorial2/lib/python3.10/site-packages:${PYTHONPATH} /usr/bin/python3 -W ignore:setup.py install is deprecated -W ignore:easy_install command is deprecated setup.py develop --editable --build-directory /home/osboxes/ros2_ws/build/dis_tutorial2/build --no-deps symlink_data
[2.507s] DEBUG:colcon.colcon_core.event_handler.log_command:Invoked command in '/home/osboxes/ros2_ws/build/hwpub' returned '0': CMAKE_PREFIX_PATH=${CMAKE_PREFIX_PATH}:/home/osboxes/ros2_ws/install/dis_tutorial2:/opt/ros/humble /usr/bin/cmake --build /home/osboxes/ros2_ws/build/hwpub -- -j4 -l4
[2.508s] DEBUG:colcon.colcon_core.event_handler.log_command:Invoking command in '/home/osboxes/ros2_ws/build/hwpub': CMAKE_PREFIX_PATH=${CMAKE_PREFIX_PATH}:/home/osboxes/ros2_ws/install/dis_tutorial2:/opt/ros/humble /usr/bin/cmake --install /home/osboxes/ros2_ws/build/hwpub
[2.620s] Level 1:colcon.colcon_core.environment:create_environment_scripts_only(hwpub)
[2.621s] Level 1:colcon.colcon_core.environment:checking '/home/osboxes/ros2_ws/install/hwpub' for CMake module files
[2.621s] Level 1:colcon.colcon_core.environment:checking '/home/osboxes/ros2_ws/install/hwpub' for CMake config files
[2.622s] Level 1:colcon.colcon_core.shell:create_environment_hook('hwpub', 'cmake_prefix_path')
[2.623s] INFO:colcon.colcon_core.shell:Creating environment hook '/home/osboxes/ros2_ws/install/hwpub/share/hwpub/hook/cmake_prefix_path.ps1'
[2.623s] INFO:colcon.colcon_core.shell:Creating environment descriptor '/home/osboxes/ros2_ws/install/hwpub/share/hwpub/hook/cmake_prefix_path.dsv'
[2.624s] INFO:colcon.colcon_core.shell:Creating environment hook '/home/osboxes/ros2_ws/install/hwpub/share/hwpub/hook/cmake_prefix_path.sh'
[2.625s] Level 1:colcon.colcon_core.environment:checking '/home/osboxes/ros2_ws/install/hwpub/lib'
[2.625s] Level 1:colcon.colcon_core.shell:create_environment_hook('hwpub', 'ld_library_path_lib')
[2.625s] INFO:colcon.colcon_core.shell:Creating environment hook '/home/osboxes/ros2_ws/install/hwpub/share/hwpub/hook/ld_library_path_lib.ps1'
[2.626s] INFO:colcon.colcon_core.shell:Creating environment descriptor '/home/osboxes/ros2_ws/install/hwpub/share/hwpub/hook/ld_library_path_lib.dsv'
[2.626s] INFO:colcon.colcon_core.shell:Creating environment hook '/home/osboxes/ros2_ws/install/hwpub/share/hwpub/hook/ld_library_path_lib.sh'
[2.627s] Level 1:colcon.colcon_core.environment:checking '/home/osboxes/ros2_ws/install/hwpub/bin'
[2.627s] Level 1:colcon.colcon_core.environment:checking '/home/osboxes/ros2_ws/install/hwpub/lib/pkgconfig/hwpub.pc'
[2.627s] Level 1:colcon.colcon_core.environment:checking '/home/osboxes/ros2_ws/install/hwpub/lib/python3.10/site-packages'
[2.627s] Level 1:colcon.colcon_core.environment:checking '/home/osboxes/ros2_ws/install/hwpub/bin'
[2.628s] INFO:colcon.colcon_core.shell:Creating package script '/home/osboxes/ros2_ws/install/hwpub/share/hwpub/package.ps1'
[2.628s] INFO:colcon.colcon_core.shell:Creating package descriptor '/home/osboxes/ros2_ws/install/hwpub/share/hwpub/package.dsv'
[2.629s] INFO:colcon.colcon_core.shell:Creating package script '/home/osboxes/ros2_ws/install/hwpub/share/hwpub/package.sh'
[2.630s] INFO:colcon.colcon_core.shell:Creating package script '/home/osboxes/ros2_ws/install/hwpub/share/hwpub/package.bash'
[2.630s] DEBUG:colcon.colcon_core.event_handler.log_command:Invoked command in '/home/osboxes/ros2_ws/build/hwpub' returned '0': CMAKE_PREFIX_PATH=${CMAKE_PREFIX_PATH}:/home/osboxes/ros2_ws/install/dis_tutorial2:/opt/ros/humble /usr/bin/cmake --install /home/osboxes/ros2_ws/build/hwpub
[2.631s] INFO:colcon.colcon_core.shell:Creating package script '/home/osboxes/ros2_ws/install/hwpub/share/hwpub/package.zsh'
[2.631s] Level 1:colcon.colcon_core.environment:create_file_with_runtime_dependencies(/home/osboxes/ros2_ws/install/hwpub/share/colcon-core/packages/hwpub)
[2.632s] Level 1:colcon.colcon_core.environment:create_environment_scripts_only(hwpub)
[2.632s] Level 1:colcon.colcon_core.environment:checking '/home/osboxes/ros2_ws/install/hwpub' for CMake module files
[2.633s] Level 1:colcon.colcon_core.environment:checking '/home/osboxes/ros2_ws/install/hwpub' for CMake config files
[2.633s] Level 1:colcon.colcon_core.shell:create_environment_hook('hwpub', 'cmake_prefix_path')
[2.634s] INFO:colcon.colcon_core.shell:Creating environment hook '/home/osboxes/ros2_ws/install/hwpub/share/hwpub/hook/cmake_prefix_path.ps1'
[2.634s] INFO:colcon.colcon_core.shell:Creating environment descriptor '/home/osboxes/ros2_ws/install/hwpub/share/hwpub/hook/cmake_prefix_path.dsv'
[2.635s] INFO:colcon.colcon_core.shell:Creating environment hook '/home/osboxes/ros2_ws/install/hwpub/share/hwpub/hook/cmake_prefix_path.sh'
[2.636s] Level 1:colcon.colcon_core.environment:checking '/home/osboxes/ros2_ws/install/hwpub/lib'
[2.636s] Level 1:colcon.colcon_core.shell:create_environment_hook('hwpub', 'ld_library_path_lib')
[2.636s] INFO:colcon.colcon_core.shell:Creating environment hook '/home/osboxes/ros2_ws/install/hwpub/share/hwpub/hook/ld_library_path_lib.ps1'
[2.636s] INFO:colcon.colcon_core.shell:Creating environment descriptor '/home/osboxes/ros2_ws/install/hwpub/share/hwpub/hook/ld_library_path_lib.dsv'
[2.637s] INFO:colcon.colcon_core.shell:Creating environment hook '/home/osboxes/ros2_ws/install/hwpub/share/hwpub/hook/ld_library_path_lib.sh'
[2.637s] Level 1:colcon.colcon_core.environment:checking '/home/osboxes/ros2_ws/install/hwpub/bin'
[2.638s] Level 1:colcon.colcon_core.environment:checking '/home/osboxes/ros2_ws/install/hwpub/lib/pkgconfig/hwpub.pc'
[2.638s] Level 1:colcon.colcon_core.environment:checking '/home/osboxes/ros2_ws/install/hwpub/lib/python3.10/site-packages'
[2.638s] Level 1:colcon.colcon_core.environment:checking '/home/osboxes/ros2_ws/install/hwpub/bin'
[2.638s] INFO:colcon.colcon_core.shell:Creating package script '/home/osboxes/ros2_ws/install/hwpub/share/hwpub/package.ps1'
[2.639s] INFO:colcon.colcon_core.shell:Creating package descriptor '/home/osboxes/ros2_ws/install/hwpub/share/hwpub/package.dsv'
[2.639s] INFO:colcon.colcon_core.shell:Creating package script '/home/osboxes/ros2_ws/install/hwpub/share/hwpub/package.sh'
[2.640s] INFO:colcon.colcon_core.shell:Creating package script '/home/osboxes/ros2_ws/install/hwpub/share/hwpub/package.bash'
[2.641s] INFO:colcon.colcon_core.shell:Creating package script '/home/osboxes/ros2_ws/install/hwpub/share/hwpub/package.zsh'
[2.641s] Level 1:colcon.colcon_core.environment:create_file_with_runtime_dependencies(/home/osboxes/ros2_ws/install/hwpub/share/colcon-core/packages/hwpub)
[3.232s] Level 1:colcon.colcon_core.shell:create_environment_hook('dis_tutorial2', 'pythonpath_develop')
[3.232s] INFO:colcon.colcon_core.shell:Creating environment hook '/home/osboxes/ros2_ws/build/dis_tutorial2/share/dis_tutorial2/hook/pythonpath_develop.ps1'
[3.233s] INFO:colcon.colcon_core.shell:Creating environment descriptor '/home/osboxes/ros2_ws/build/dis_tutorial2/share/dis_tutorial2/hook/pythonpath_develop.dsv'
[3.233s] INFO:colcon.colcon_core.shell:Creating environment hook '/home/osboxes/ros2_ws/build/dis_tutorial2/share/dis_tutorial2/hook/pythonpath_develop.sh'
[3.234s] Level 1:colcon.colcon_core.environment:checking '/home/osboxes/ros2_ws/install/dis_tutorial2' for CMake module files
[3.235s] Level 1:colcon.colcon_core.environment:checking '/home/osboxes/ros2_ws/install/dis_tutorial2' for CMake config files
[3.235s] Level 1:colcon.colcon_core.environment:checking '/home/osboxes/ros2_ws/install/dis_tutorial2/lib'
[3.235s] Level 1:colcon.colcon_core.environment:checking '/home/osboxes/ros2_ws/install/dis_tutorial2/bin'
[3.235s] Level 1:colcon.colcon_core.environment:checking '/home/osboxes/ros2_ws/install/dis_tutorial2/lib/pkgconfig/dis_tutorial2.pc'
[3.235s] Level 1:colcon.colcon_core.environment:checking '/home/osboxes/ros2_ws/install/dis_tutorial2/lib/python3.10/site-packages'
[3.235s] Level 1:colcon.colcon_core.shell:create_environment_hook('dis_tutorial2', 'pythonpath')
[3.235s] INFO:colcon.colcon_core.shell:Creating environment hook '/home/osboxes/ros2_ws/install/dis_tutorial2/share/dis_tutorial2/hook/pythonpath.ps1'
[3.236s] INFO:colcon.colcon_core.shell:Creating environment descriptor '/home/osboxes/ros2_ws/install/dis_tutorial2/share/dis_tutorial2/hook/pythonpath.dsv'
[3.237s] INFO:colcon.colcon_core.shell:Creating environment hook '/home/osboxes/ros2_ws/install/dis_tutorial2/share/dis_tutorial2/hook/pythonpath.sh'
[3.238s] Level 1:colcon.colcon_core.environment:checking '/home/osboxes/ros2_ws/install/dis_tutorial2/bin'
[3.238s] Level 1:colcon.colcon_core.environment:create_environment_scripts_only(dis_tutorial2)
[3.238s] DEBUG:colcon.colcon_core.event_handler.log_command:Invoked command in '/home/osboxes/ros2_ws/build/dis_tutorial2' returned '0': PYTHONPATH=/home/osboxes/ros2_ws/build/dis_tutorial2/prefix_override:/usr/lib/python3/dist-packages/colcon_core/task/python/colcon_distutils_commands:/home/osboxes/ros2_ws/install/dis_tutorial2/lib/python3.10/site-packages:${PYTHONPATH} /usr/bin/python3 -W ignore:setup.py install is deprecated -W ignore:easy_install command is deprecated setup.py develop --editable --build-directory /home/osboxes/ros2_ws/build/dis_tutorial2/build --no-deps symlink_data
[3.239s] INFO:colcon.colcon_core.shell:Creating package script '/home/osboxes/ros2_ws/install/dis_tutorial2/share/dis_tutorial2/package.ps1'
[3.240s] INFO:colcon.colcon_core.shell:Creating package descriptor '/home/osboxes/ros2_ws/install/dis_tutorial2/share/dis_tutorial2/package.dsv'
[3.242s] INFO:colcon.colcon_core.shell:Creating package script '/home/osboxes/ros2_ws/install/dis_tutorial2/share/dis_tutorial2/package.sh'
[3.244s] INFO:colcon.colcon_core.shell:Creating package script '/home/osboxes/ros2_ws/install/dis_tutorial2/share/dis_tutorial2/package.bash'
[3.245s] INFO:colcon.colcon_core.shell:Creating package script '/home/osboxes/ros2_ws/install/dis_tutorial2/share/dis_tutorial2/package.zsh'
[3.246s] Level 1:colcon.colcon_core.environment:create_file_with_runtime_dependencies(/home/osboxes/ros2_ws/install/dis_tutorial2/share/colcon-core/packages/dis_tutorial2)
[3.248s] DEBUG:colcon.colcon_parallel_executor.executor.parallel:closing loop
[3.249s] DEBUG:colcon.colcon_parallel_executor.executor.parallel:loop closed
[3.249s] DEBUG:colcon.colcon_parallel_executor.executor.parallel:run_until_complete finished with '0'
[3.249s] DEBUG:colcon.colcon_core.event_reactor:joining thread
[3.257s] INFO:colcon.colcon_core.plugin_system:Skipping extension 'colcon_notification.desktop_notification.terminal_notifier': Not used on non-Darwin systems
[3.257s] INFO:colcon.colcon_core.plugin_system:Skipping extension 'colcon_notification.desktop_notification.win32': Not used on non-Windows systems
[3.257s] INFO:colcon.colcon_notification.desktop_notification:Sending desktop notification using 'notify2'
[3.389s] DEBUG:colcon.colcon_core.event_reactor:joined thread
[3.389s] INFO:colcon.colcon_core.shell:Creating prefix script '/home/osboxes/ros2_ws/install/local_setup.ps1'
[3.392s] INFO:colcon.colcon_core.shell:Creating prefix util module '/home/osboxes/ros2_ws/install/_local_setup_util_ps1.py'
[3.396s] INFO:colcon.colcon_core.shell:Creating prefix chain script '/home/osboxes/ros2_ws/install/setup.ps1'
[3.401s] INFO:colcon.colcon_core.shell:Creating prefix script '/home/osboxes/ros2_ws/install/local_setup.sh'
[3.402s] INFO:colcon.colcon_core.shell:Creating prefix util module '/home/osboxes/ros2_ws/install/_local_setup_util_sh.py'
[3.404s] INFO:colcon.colcon_core.shell:Creating prefix chain script '/home/osboxes/ros2_ws/install/setup.sh'
[3.407s] INFO:colcon.colcon_core.shell:Creating prefix script '/home/osboxes/ros2_ws/install/local_setup.bash'
[3.409s] INFO:colcon.colcon_core.shell:Creating prefix chain script '/home/osboxes/ros2_ws/install/setup.bash'
[3.412s] INFO:colcon.colcon_core.shell:Creating prefix script '/home/osboxes/ros2_ws/install/local_setup.zsh'
[3.414s] INFO:colcon.colcon_core.shell:Creating prefix chain script '/home/osboxes/ros2_ws/install/setup.zsh'
