[1.273s] Invoking command in '/home/osboxes/ros2_ws/build/dis_tutorial3': CMAKE_PREFIX_PATH=/opt/ros/humble /usr/bin/cmake --build /home/osboxes/ros2_ws/build/dis_tutorial3 -- -j4 -l4
[1.455s] Invoked command in '/home/osboxes/ros2_ws/build/dis_tutorial3' returned '0': CMAKE_PREFIX_PATH=/opt/ros/humble /usr/bin/cmake --build /home/osboxes/ros2_ws/build/dis_tutorial3 -- -j4 -l4
[1.570s] Invoking command in '/home/osboxes/ros2_ws/build/dis_tutorial3': CMAKE_PREFIX_PATH=/opt/ros/humble /usr/bin/cmake --install /home/osboxes/ros2_ws/build/dis_tutorial3
[1.621s] -- Install configuration: ""
[1.621s] -- Up-to-date: /home/osboxes/ros2_ws/install/dis_tutorial3/share/dis_tutorial3//launch
[1.621s] -- Up-to-date: /home/osboxes/ros2_ws/install/dis_tutorial3/share/dis_tutorial3//launch/create3_nodes.launch.py
[1.629s] -- Up-to-date: /home/osboxes/ros2_ws/install/dis_tutorial3/share/dis_tutorial3//launch/nav2.launch.py
[1.630s] -- Up-to-date: /home/osboxes/ros2_ws/install/dis_tutorial3/share/dis_tutorial3//launch/turtlebot4_spawn.launch.py
[1.630s] -- Up-to-date: /home/osboxes/ros2_ws/install/dis_tutorial3/share/dis_tutorial3//launch/turtlebot4_spawn_nav.launch.py
[1.632s] -- Up-to-date: /home/osboxes/ros2_ws/install/dis_tutorial3/share/dis_tutorial3//launch/ignition.launch.py
[1.636s] -- Up-to-date: /home/osboxes/ros2_ws/install/dis_tutorial3/share/dis_tutorial3//launch/localization.launch.py
[1.636s] -- Up-to-date: /home/osboxes/ros2_ws/install/dis_tutorial3/share/dis_tutorial3//launch/sim_turtlebot_slam.launch.py
[1.643s] -- Up-to-date: /home/osboxes/ros2_ws/install/dis_tutorial3/share/dis_tutorial3//launch/slam.launch.py
[1.644s] -- Up-to-date: /home/osboxes/ros2_ws/install/dis_tutorial3/share/dis_tutorial3//launch/sim_turtlebot_nav.launch.py
[1.645s] -- Up-to-date: /home/osboxes/ros2_ws/install/dis_tutorial3/share/dis_tutorial3//launch/dis_sim.launch.py
[1.645s] -- Up-to-date: /home/osboxes/ros2_ws/install/dis_tutorial3/share/dis_tutorial3//config
[1.655s] -- Up-to-date: /home/osboxes/ros2_ws/install/dis_tutorial3/share/dis_tutorial3//config/laser_filter_chain.yaml
[1.656s] -- Up-to-date: /home/osboxes/ros2_ws/install/dis_tutorial3/share/dis_tutorial3//config/localization.yaml
[1.656s] -- Up-to-date: /home/osboxes/ros2_ws/install/dis_tutorial3/share/dis_tutorial3//config/slam.yaml
[1.656s] -- Up-to-date: /home/osboxes/ros2_ws/install/dis_tutorial3/share/dis_tutorial3//config/nav2.yaml
[1.673s] -- Up-to-date: /home/osboxes/ros2_ws/install/dis_tutorial3/share/dis_tutorial3//worlds
[1.674s] -- Up-to-date: /home/osboxes/ros2_ws/install/dis_tutorial3/share/dis_tutorial3//worlds/task2_demo2.sdf
[1.674s] -- Up-to-date: /home/osboxes/ros2_ws/install/dis_tutorial3/share/dis_tutorial3//worlds/demo2.sdf
[1.674s] -- Up-to-date: /home/osboxes/ros2_ws/install/dis_tutorial3/share/dis_tutorial3//worlds/task2_demo1.sdf
[1.677s] -- Up-to-date: /home/osboxes/ros2_ws/install/dis_tutorial3/share/dis_tutorial3//worlds/dis_meshes
[1.677s] -- Up-to-date: /home/osboxes/ros2_ws/install/dis_tutorial3/share/dis_tutorial3//worlds/dis_meshes/person2.jpg
[1.677s] -- Up-to-date: /home/osboxes/ros2_ws/install/dis_tutorial3/share/dis_tutorial3//worlds/dis_meshes/parking_space.jpg
[1.677s] -- Up-to-date: /home/osboxes/ros2_ws/install/dis_tutorial3/share/dis_tutorial3//worlds/dis_meshes/map.dae
[1.678s] -- Up-to-date: /home/osboxes/ros2_ws/install/dis_tutorial3/share/dis_tutorial3//worlds/dis_meshes/qr1.jpg
[1.678s] -- Up-to-date: /home/osboxes/ros2_ws/install/dis_tutorial3/share/dis_tutorial3//worlds/dis_meshes/davinci.jpg
[1.678s] -- Up-to-date: /home/osboxes/ros2_ws/install/dis_tutorial3/share/dis_tutorial3//worlds/dis_meshes/fakering3.jpg
[1.679s] -- Up-to-date: /home/osboxes/ros2_ws/install/dis_tutorial3/share/dis_tutorial3//worlds/dis_meshes/qr2.jpg
[1.680s] -- Up-to-date: /home/osboxes/ros2_ws/install/dis_tutorial3/share/dis_tutorial3//worlds/dis_meshes/person4.jpg
[1.680s] -- Up-to-date: /home/osboxes/ros2_ws/install/dis_tutorial3/share/dis_tutorial3//worlds/dis_meshes/fakering1.jpg
[1.680s] -- Up-to-date: /home/osboxes/ros2_ws/install/dis_tutorial3/share/dis_tutorial3//worlds/dis_meshes/person1.jpg
[1.680s] -- Up-to-date: /home/osboxes/ros2_ws/install/dis_tutorial3/share/dis_tutorial3//worlds/dis_meshes/cylinders.jpg
[1.680s] -- Up-to-date: /home/osboxes/ros2_ws/install/dis_tutorial3/share/dis_tutorial3//worlds/dis_meshes/ground.jpg
[1.680s] -- Up-to-date: /home/osboxes/ros2_ws/install/dis_tutorial3/share/dis_tutorial3//worlds/dis_meshes/person3.jpg
[1.686s] -- Up-to-date: /home/osboxes/ros2_ws/install/dis_tutorial3/share/dis_tutorial3//worlds/dis_meshes/mona1.jpg
[1.690s] -- Up-to-date: /home/osboxes/ros2_ws/install/dis_tutorial3/share/dis_tutorial3//worlds/dis_meshes/wood.jpg
[1.691s] -- Up-to-date: /home/osboxes/ros2_ws/install/dis_tutorial3/share/dis_tutorial3//worlds/dis_meshes/fakering2.jpg
[1.691s] -- Up-to-date: /home/osboxes/ros2_ws/install/dis_tutorial3/share/dis_tutorial3//worlds/dis_meshes/objects.jpg
[1.693s] -- Up-to-date: /home/osboxes/ros2_ws/install/dis_tutorial3/share/dis_tutorial3//worlds/dis_meshes/map_colliders.dae
[1.693s] -- Up-to-date: /home/osboxes/ros2_ws/install/dis_tutorial3/share/dis_tutorial3//worlds/dis_meshes/person5.jpg
[1.693s] -- Up-to-date: /home/osboxes/ros2_ws/install/dis_tutorial3/share/dis_tutorial3//worlds/demo1_meshes
[1.693s] -- Up-to-date: /home/osboxes/ros2_ws/install/dis_tutorial3/share/dis_tutorial3//worlds/demo1_meshes/parking_space.jpg
[1.693s] -- Up-to-date: /home/osboxes/ros2_ws/install/dis_tutorial3/share/dis_tutorial3//worlds/demo1_meshes/map.dae
[1.695s] -- Up-to-date: /home/osboxes/ros2_ws/install/dis_tutorial3/share/dis_tutorial3//worlds/demo1_meshes/qr1.jpg
[1.695s] -- Up-to-date: /home/osboxes/ros2_ws/install/dis_tutorial3/share/dis_tutorial3//worlds/demo1_meshes/person11.png
[1.695s] -- Up-to-date: /home/osboxes/ros2_ws/install/dis_tutorial3/share/dis_tutorial3//worlds/demo1_meshes/person2.png
[1.695s] -- Up-to-date: /home/osboxes/ros2_ws/install/dis_tutorial3/share/dis_tutorial3//worlds/demo1_meshes/person4.png
[1.696s] -- Up-to-date: /home/osboxes/ros2_ws/install/dis_tutorial3/share/dis_tutorial3//worlds/demo1_meshes/person5.png
[1.698s] -- Up-to-date: /home/osboxes/ros2_ws/install/dis_tutorial3/share/dis_tutorial3//worlds/demo1_meshes/fakering3.jpg
[1.699s] -- Up-to-date: /home/osboxes/ros2_ws/install/dis_tutorial3/share/dis_tutorial3//worlds/demo1_meshes/qr2.jpg
[1.699s] -- Up-to-date: /home/osboxes/ros2_ws/install/dis_tutorial3/share/dis_tutorial3//worlds/demo1_meshes/fakering1.jpg
[1.699s] -- Up-to-date: /home/osboxes/ros2_ws/install/dis_tutorial3/share/dis_tutorial3//worlds/demo1_meshes/cylinders.jpg
[1.699s] -- Up-to-date: /home/osboxes/ros2_ws/install/dis_tutorial3/share/dis_tutorial3//worlds/demo1_meshes/person1.png
[1.699s] -- Up-to-date: /home/osboxes/ros2_ws/install/dis_tutorial3/share/dis_tutorial3//worlds/demo1_meshes/ground.jpg
[1.699s] -- Up-to-date: /home/osboxes/ros2_ws/install/dis_tutorial3/share/dis_tutorial3//worlds/demo1_meshes/fakering2.jpg
[1.699s] -- Up-to-date: /home/osboxes/ros2_ws/install/dis_tutorial3/share/dis_tutorial3//worlds/demo1_meshes/objects.jpg
[1.706s] -- Up-to-date: /home/osboxes/ros2_ws/install/dis_tutorial3/share/dis_tutorial3//worlds/demo1_meshes/map_colliders.dae
[1.706s] -- Up-to-date: /home/osboxes/ros2_ws/install/dis_tutorial3/share/dis_tutorial3//worlds/demo1_meshes/person3.png
[1.706s] -- Up-to-date: /home/osboxes/ros2_ws/install/dis_tutorial3/share/dis_tutorial3//worlds/demo2_meshes
[1.706s] -- Up-to-date: /home/osboxes/ros2_ws/install/dis_tutorial3/share/dis_tutorial3//worlds/demo2_meshes/parking_space.jpg
[1.706s] -- Up-to-date: /home/osboxes/ros2_ws/install/dis_tutorial3/share/dis_tutorial3//worlds/demo2_meshes/map.dae
[1.719s] -- Up-to-date: /home/osboxes/ros2_ws/install/dis_tutorial3/share/dis_tutorial3//worlds/demo2_meshes/qr1.jpg
[1.720s] -- Up-to-date: /home/osboxes/ros2_ws/install/dis_tutorial3/share/dis_tutorial3//worlds/demo2_meshes/person7.png
[1.720s] -- Up-to-date: /home/osboxes/ros2_ws/install/dis_tutorial3/share/dis_tutorial3//worlds/demo2_meshes/fakering3.jpg
[1.720s] -- Up-to-date: /home/osboxes/ros2_ws/install/dis_tutorial3/share/dis_tutorial3//worlds/demo2_meshes/person8.png
[1.721s] -- Up-to-date: /home/osboxes/ros2_ws/install/dis_tutorial3/share/dis_tutorial3//worlds/demo2_meshes/person20.png
[1.721s] -- Up-to-date: /home/osboxes/ros2_ws/install/dis_tutorial3/share/dis_tutorial3//worlds/demo2_meshes/qr2.jpg
[1.721s] -- Up-to-date: /home/osboxes/ros2_ws/install/dis_tutorial3/share/dis_tutorial3//worlds/demo2_meshes/person9.png
[1.721s] -- Up-to-date: /home/osboxes/ros2_ws/install/dis_tutorial3/share/dis_tutorial3//worlds/demo2_meshes/fakering1.jpg
[1.722s] -- Up-to-date: /home/osboxes/ros2_ws/install/dis_tutorial3/share/dis_tutorial3//worlds/demo2_meshes/person18.png
[1.722s] -- Up-to-date: /home/osboxes/ros2_ws/install/dis_tutorial3/share/dis_tutorial3//worlds/demo2_meshes/cylinders.jpg
[1.731s] -- Up-to-date: /home/osboxes/ros2_ws/install/dis_tutorial3/share/dis_tutorial3//worlds/demo2_meshes/ground.jpg
[1.732s] -- Up-to-date: /home/osboxes/ros2_ws/install/dis_tutorial3/share/dis_tutorial3//worlds/demo2_meshes/fakering2.jpg
[1.732s] -- Up-to-date: /home/osboxes/ros2_ws/install/dis_tutorial3/share/dis_tutorial3//worlds/demo2_meshes/objects.jpg
[1.732s] -- Up-to-date: /home/osboxes/ros2_ws/install/dis_tutorial3/share/dis_tutorial3//worlds/demo2_meshes/map_colliders.dae
[1.732s] -- Up-to-date: /home/osboxes/ros2_ws/install/dis_tutorial3/share/dis_tutorial3//worlds/demo2_meshes/person6.png
[1.732s] -- Up-to-date: /home/osboxes/ros2_ws/install/dis_tutorial3/share/dis_tutorial3//worlds/empty.sdf
[1.732s] -- Up-to-date: /home/osboxes/ros2_ws/install/dis_tutorial3/share/dis_tutorial3//worlds/task3.sdf
[1.732s] -- Up-to-date: /home/osboxes/ros2_ws/install/dis_tutorial3/share/dis_tutorial3//worlds/task2_demo2_meshes
[1.733s] -- Up-to-date: /home/osboxes/ros2_ws/install/dis_tutorial3/share/dis_tutorial3//worlds/task2_demo2_meshes/parking_space.jpg
[1.733s] -- Up-to-date: /home/osboxes/ros2_ws/install/dis_tutorial3/share/dis_tutorial3//worlds/task2_demo2_meshes/map.dae
[1.733s] -- Up-to-date: /home/osboxes/ros2_ws/install/dis_tutorial3/share/dis_tutorial3//worlds/task2_demo2_meshes/fakering3.jpg
[1.733s] -- Up-to-date: /home/osboxes/ros2_ws/install/dis_tutorial3/share/dis_tutorial3//worlds/task2_demo2_meshes/fakering1.jpg
[1.733s] -- Up-to-date: /home/osboxes/ros2_ws/install/dis_tutorial3/share/dis_tutorial3//worlds/task2_demo2_meshes/cylinders.jpg
[1.733s] -- Up-to-date: /home/osboxes/ros2_ws/install/dis_tutorial3/share/dis_tutorial3//worlds/task2_demo2_meshes/ground.jpg
[1.733s] -- Up-to-date: /home/osboxes/ros2_ws/install/dis_tutorial3/share/dis_tutorial3//worlds/task2_demo2_meshes/fakering2.jpg
[1.733s] -- Up-to-date: /home/osboxes/ros2_ws/install/dis_tutorial3/share/dis_tutorial3//worlds/task2_demo2_meshes/objects.jpg
[1.733s] -- Up-to-date: /home/osboxes/ros2_ws/install/dis_tutorial3/share/dis_tutorial3//worlds/task2_demo2_meshes/map_colliders.dae
[1.733s] -- Up-to-date: /home/osboxes/ros2_ws/install/dis_tutorial3/share/dis_tutorial3//worlds/dis.sdf
[1.733s] -- Up-to-date: /home/osboxes/ros2_ws/install/dis_tutorial3/share/dis_tutorial3//worlds/demo1.sdf
[1.745s] -- Up-to-date: /home/osboxes/ros2_ws/install/dis_tutorial3/share/dis_tutorial3//worlds/task3_meshes
[1.748s] -- Up-to-date: /home/osboxes/ros2_ws/install/dis_tutorial3/share/dis_tutorial3//worlds/task3_meshes/parking_space.jpg
[1.748s] -- Up-to-date: /home/osboxes/ros2_ws/install/dis_tutorial3/share/dis_tutorial3//worlds/task3_meshes/easy_anomona_0.png
[1.748s] -- Up-to-date: /home/osboxes/ros2_ws/install/dis_tutorial3/share/dis_tutorial3//worlds/task3_meshes/anomona_3.png
[1.748s] -- Up-to-date: /home/osboxes/ros2_ws/install/dis_tutorial3/share/dis_tutorial3//worlds/task3_meshes/easy_anomona_4.png
[1.749s] -- Up-to-date: /home/osboxes/ros2_ws/install/dis_tutorial3/share/dis_tutorial3//worlds/task3_meshes/villager2.png
[1.755s] -- Up-to-date: /home/osboxes/ros2_ws/install/dis_tutorial3/share/dis_tutorial3//worlds/task3_meshes/map.dae
[1.773s] -- Up-to-date: /home/osboxes/ros2_ws/install/dis_tutorial3/share/dis_tutorial3//worlds/task3_meshes/fakering3.jpg
[1.778s] -- Up-to-date: /home/osboxes/ros2_ws/install/dis_tutorial3/share/dis_tutorial3//worlds/task3_meshes/villager1.png
[1.778s] -- Up-to-date: /home/osboxes/ros2_ws/install/dis_tutorial3/share/dis_tutorial3//worlds/task3_meshes/mona.png
[1.784s] -- Up-to-date: /home/osboxes/ros2_ws/install/dis_tutorial3/share/dis_tutorial3//worlds/task3_meshes/qr_cheat.png
[1.786s] -- Up-to-date: /home/osboxes/ros2_ws/install/dis_tutorial3/share/dis_tutorial3//worlds/task3_meshes/easy_anomona_1.png
[1.786s] -- Up-to-date: /home/osboxes/ros2_ws/install/dis_tutorial3/share/dis_tutorial3//worlds/task3_meshes/fakering1.jpg
[1.786s] -- Up-to-date: /home/osboxes/ros2_ws/install/dis_tutorial3/share/dis_tutorial3//worlds/task3_meshes/anomona_4.png
[1.786s] -- Up-to-date: /home/osboxes/ros2_ws/install/dis_tutorial3/share/dis_tutorial3//worlds/task3_meshes/anomona_1.png
[1.786s] -- Up-to-date: /home/osboxes/ros2_ws/install/dis_tutorial3/share/dis_tutorial3//worlds/task3_meshes/anomona_0.png
[1.787s] -- Up-to-date: /home/osboxes/ros2_ws/install/dis_tutorial3/share/dis_tutorial3//worlds/task3_meshes/cylinders.jpg
[1.787s] -- Up-to-date: /home/osboxes/ros2_ws/install/dis_tutorial3/share/dis_tutorial3//worlds/task3_meshes/villager5.png
[1.787s] -- Up-to-date: /home/osboxes/ros2_ws/install/dis_tutorial3/share/dis_tutorial3//worlds/task3_meshes/easy_anomona_3.png
[1.787s] -- Up-to-date: /home/osboxes/ros2_ws/install/dis_tutorial3/share/dis_tutorial3//worlds/task3_meshes/ground.jpg
[1.787s] -- Up-to-date: /home/osboxes/ros2_ws/install/dis_tutorial3/share/dis_tutorial3//worlds/task3_meshes/easy_anomona_2.png
[1.787s] -- Up-to-date: /home/osboxes/ros2_ws/install/dis_tutorial3/share/dis_tutorial3//worlds/task3_meshes/villager3.png
[1.787s] -- Up-to-date: /home/osboxes/ros2_ws/install/dis_tutorial3/share/dis_tutorial3//worlds/task3_meshes/anomona_2.png
[1.787s] -- Up-to-date: /home/osboxes/ros2_ws/install/dis_tutorial3/share/dis_tutorial3//worlds/task3_meshes/fakering2.jpg
[1.787s] -- Up-to-date: /home/osboxes/ros2_ws/install/dis_tutorial3/share/dis_tutorial3//worlds/task3_meshes/objects.jpg
[1.787s] -- Up-to-date: /home/osboxes/ros2_ws/install/dis_tutorial3/share/dis_tutorial3//worlds/task3_meshes/villager4.png
[1.787s] -- Up-to-date: /home/osboxes/ros2_ws/install/dis_tutorial3/share/dis_tutorial3//worlds/task3_meshes/map_colliders.dae
[1.787s] -- Up-to-date: /home/osboxes/ros2_ws/install/dis_tutorial3/share/dis_tutorial3//worlds/task3_meshes/qr_url.png
[1.796s] -- Up-to-date: /home/osboxes/ros2_ws/install/dis_tutorial3/share/dis_tutorial3//worlds/task3_meshes/qr_wrong.png
[1.796s] -- Up-to-date: /home/osboxes/ros2_ws/install/dis_tutorial3/share/dis_tutorial3//worlds/task2_demo1_meshes
[1.797s] -- Up-to-date: /home/osboxes/ros2_ws/install/dis_tutorial3/share/dis_tutorial3//worlds/task2_demo1_meshes/parking_space.jpg
[1.797s] -- Up-to-date: /home/osboxes/ros2_ws/install/dis_tutorial3/share/dis_tutorial3//worlds/task2_demo1_meshes/map.dae
[1.797s] -- Up-to-date: /home/osboxes/ros2_ws/install/dis_tutorial3/share/dis_tutorial3//worlds/task2_demo1_meshes/fakering3.jpg
[1.797s] -- Up-to-date: /home/osboxes/ros2_ws/install/dis_tutorial3/share/dis_tutorial3//worlds/task2_demo1_meshes/fakering1.jpg
[1.797s] -- Up-to-date: /home/osboxes/ros2_ws/install/dis_tutorial3/share/dis_tutorial3//worlds/task2_demo1_meshes/cylinders.jpg
[1.798s] -- Up-to-date: /home/osboxes/ros2_ws/install/dis_tutorial3/share/dis_tutorial3//worlds/task2_demo1_meshes/ground.jpg
[1.798s] -- Up-to-date: /home/osboxes/ros2_ws/install/dis_tutorial3/share/dis_tutorial3//worlds/task2_demo1_meshes/fakering2.jpg
[1.798s] -- Up-to-date: /home/osboxes/ros2_ws/install/dis_tutorial3/share/dis_tutorial3//worlds/task2_demo1_meshes/objects.jpg
[1.808s] -- Up-to-date: /home/osboxes/ros2_ws/install/dis_tutorial3/share/dis_tutorial3//worlds/task2_demo1_meshes/map_colliders.dae
[1.808s] -- Up-to-date: /home/osboxes/ros2_ws/install/dis_tutorial3/share/dis_tutorial3//maps
[1.808s] -- Up-to-date: /home/osboxes/ros2_ws/install/dis_tutorial3/share/dis_tutorial3//maps/map.yaml
[1.808s] -- Up-to-date: /home/osboxes/ros2_ws/install/dis_tutorial3/share/dis_tutorial3//maps/map.pgm
[1.808s] -- Up-to-date: /home/osboxes/ros2_ws/install/dis_tutorial3/lib/dis_tutorial3/detect_people.py
[1.811s] -- Up-to-date: /home/osboxes/ros2_ws/install/dis_tutorial3/lib/dis_tutorial3/robot_commander.py
[1.812s] -- Up-to-date: /home/osboxes/ros2_ws/install/dis_tutorial3/share/ament_index/resource_index/package_run_dependencies/dis_tutorial3
[1.812s] -- Up-to-date: /home/osboxes/ros2_ws/install/dis_tutorial3/share/ament_index/resource_index/parent_prefix_path/dis_tutorial3
[1.812s] -- Up-to-date: /home/osboxes/ros2_ws/install/dis_tutorial3/share/dis_tutorial3/environment/ament_prefix_path.sh
[1.813s] -- Up-to-date: /home/osboxes/ros2_ws/install/dis_tutorial3/share/dis_tutorial3/environment/ament_prefix_path.dsv
[1.818s] -- Up-to-date: /home/osboxes/ros2_ws/install/dis_tutorial3/share/dis_tutorial3/environment/path.sh
[1.818s] -- Up-to-date: /home/osboxes/ros2_ws/install/dis_tutorial3/share/dis_tutorial3/environment/path.dsv
[1.818s] -- Up-to-date: /home/osboxes/ros2_ws/install/dis_tutorial3/share/dis_tutorial3/local_setup.bash
[1.819s] -- Up-to-date: /home/osboxes/ros2_ws/install/dis_tutorial3/share/dis_tutorial3/local_setup.sh
[1.819s] -- Up-to-date: /home/osboxes/ros2_ws/install/dis_tutorial3/share/dis_tutorial3/local_setup.zsh
[1.819s] -- Up-to-date: /home/osboxes/ros2_ws/install/dis_tutorial3/share/dis_tutorial3/local_setup.dsv
[1.819s] -- Installing: /home/osboxes/ros2_ws/install/dis_tutorial3/share/dis_tutorial3/package.dsv
[1.825s] -- Up-to-date: /home/osboxes/ros2_ws/install/dis_tutorial3/share/ament_index/resource_index/packages/dis_tutorial3
[1.825s] -- Up-to-date: /home/osboxes/ros2_ws/install/dis_tutorial3/share/dis_tutorial3/cmake/dis_tutorial3Config.cmake
[1.825s] -- Up-to-date: /home/osboxes/ros2_ws/install/dis_tutorial3/share/dis_tutorial3/cmake/dis_tutorial3Config-version.cmake
[1.825s] -- Up-to-date: /home/osboxes/ros2_ws/install/dis_tutorial3/share/dis_tutorial3/package.xml
[1.825s] Invoked command in '/home/osboxes/ros2_ws/build/dis_tutorial3' returned '0': CMAKE_PREFIX_PATH=/opt/ros/humble /usr/bin/cmake --install /home/osboxes/ros2_ws/build/dis_tutorial3
