-- The C compiler identification is GNU 11.4.0
-- The CXX compiler identification is GNU 11.4.0
-- Detecting C compiler ABI info
-- Detecting C compiler ABI info - done
-- Check for working C compiler: /usr/bin/cc - skipped
-- Detecting C compile features
-- Detecting C compile features - done
-- Detecting CXX compiler ABI info
-- Detecting CXX compiler ABI info - done
-- Check for working CXX compiler: /usr/bin/c++ - skipped
-- Detecting CXX compile features
-- Detecting CXX compile features - done
-- Found ament_cmake: 1.3.11 (/opt/ros/humble/share/ament_cmake/cmake)
-- Found Python3: /usr/bin/python3 (found version "3.10.12") found components: Interpreter 
-- Override CMake install command with custom implementation using symlinks instead of copying resources
-- Found rclcpp: 16.0.11 (/opt/ros/humble/share/rclcpp/cmake)
-- Found rosidl_generator_c: 3.1.6 (/opt/ros/humble/share/rosidl_generator_c/cmake)
-- Found rosidl_adapter: 3.1.6 (/opt/ros/humble/share/rosidl_adapter/cmake)
-- Found rosidl_generator_cpp: 3.1.6 (/opt/ros/humble/share/rosidl_generator_cpp/cmake)
-- Using all available rosidl_typesupport_c: rosidl_typesupport_fastrtps_c;rosidl_typesupport_introspection_c
-- Using all available rosidl_typesupport_cpp: rosidl_typesupport_fastrtps_cpp;rosidl_typesupport_introspection_cpp
-- Found rmw_implementation_cmake: 6.1.2 (/opt/ros/humble/share/rmw_implementation_cmake/cmake)
-- Found rmw_fastrtps_cpp: 6.2.7 (/opt/ros/humble/share/rmw_fastrtps_cpp/cmake)
-- Found OpenSSL: /usr/lib/x86_64-linux-gnu/libcrypto.so (found version "3.0.2")  
-- Found FastRTPS: /opt/ros/humble/include  
-- Using RMW implementation 'rmw_fastrtps_cpp' as default
-- Looking for pthread.h
-- Looking for pthread.h - found
-- Performing Test CMAKE_HAVE_LIBC_PTHREAD
-- Performing Test CMAKE_HAVE_LIBC_PTHREAD - Success
-- Found Threads: TRUE  
-- Found rclpy: 3.3.15 (/opt/ros/humble/share/rclpy/cmake)
-- Found std_srvs: 4.2.4 (/opt/ros/humble/share/std_srvs/cmake)
-- Found rosidl_default_generators: 1.2.0 (/opt/ros/humble/share/rosidl_default_generators/cmake)
-- Found ament_cmake_ros: 0.10.0 (/opt/ros/humble/share/ament_cmake_ros/cmake)
-- Using all available rosidl_typesupport_c: rosidl_typesupport_fastrtps_c;rosidl_typesupport_introspection_c
-- Using all available rosidl_typesupport_cpp: rosidl_typesupport_fastrtps_cpp;rosidl_typesupport_introspection_cpp
-- Found PythonInterp: /usr/bin/python3 (found suitable version "3.10.12", minimum required is "3.6") 
-- Found python_cmake_module: 0.10.0 (/opt/ros/humble/share/python_cmake_module/cmake)
-- Found PythonLibs: /usr/lib/x86_64-linux-gnu/libpython3.10.so (found suitable version "3.10.12", minimum required is "3.5") 
-- Using PYTHON_EXECUTABLE: /usr/bin/python3
-- Using PYTHON_INCLUDE_DIRS: /usr/include/python3.10
-- Using PYTHON_LIBRARIES: /usr/lib/x86_64-linux-gnu/libpython3.10.so
-- Found PythonExtra: .so  
-- Configuring done
-- Generating done
-- Build files have been written to: /home/osboxes/ros2_ws/build/dis_tutorial1
[  1%] [34m[1mGenerating C code for ROS interfaces[0m
[  1%] Built target ament_cmake_python_symlink_dis_tutorial1
[  2%] [32mBuilding CXX object CMakeFiles/simple_publisher.dir/src/simple_publisher.cpp.o[0m
[  4%] [34m[1mGenerating C++ code for ROS interfaces[0m
[  5%] [32mBuilding CXX object CMakeFiles/simple_subscriber.dir/src/simple_subscriber.cpp.o[0m
[  7%] [32mBuilding C object CMakeFiles/dis_tutorial1__rosidl_generator_c.dir/rosidl_generator_c/dis_tutorial1/msg/detail/custom_message__functions.c.o[0m
[  7%] Built target dis_tutorial1__cpp
[  8%] [32mBuilding C object CMakeFiles/dis_tutorial1__rosidl_generator_c.dir/rosidl_generator_c/dis_tutorial1/srv/detail/add_two_ints__functions.c.o[0m
[ 10%] [32mBuilding CXX object CMakeFiles/simple_set_bool_server_node.dir/src/simple_set_bool_server_node.cpp.o[0m
[ 11%] [32mBuilding C object CMakeFiles/dis_tutorial1__rosidl_generator_c.dir/rosidl_generator_c/dis_tutorial1/msg/detail/custom_message2__functions.c.o[0m
[ 13%] [32mBuilding C object CMakeFiles/dis_tutorial1__rosidl_generator_c.dir/rosidl_generator_c/dis_tutorial1/srv/detail/sum_service__functions.c.o[0m
[ 14%] [32m[1mLinking C shared library libdis_tutorial1__rosidl_generator_c.so[0m
[ 14%] Built target dis_tutorial1__rosidl_generator_c
[ 16%] [34m[1mGenerating C++ type support dispatch for ROS interfaces[0m
[ 17%] [32mBuilding CXX object CMakeFiles/dis_tutorial1__rosidl_typesupport_cpp.dir/rosidl_typesupport_cpp/dis_tutorial1/msg/custom_message__type_support.cpp.o[0m
[ 19%] [32mBuilding CXX object CMakeFiles/dis_tutorial1__rosidl_typesupport_cpp.dir/rosidl_typesupport_cpp/dis_tutorial1/srv/add_two_ints__type_support.cpp.o[0m
[ 20%] [32mBuilding CXX object CMakeFiles/dis_tutorial1__rosidl_typesupport_cpp.dir/rosidl_typesupport_cpp/dis_tutorial1/msg/custom_message2__type_support.cpp.o[0m
[ 22%] [32mBuilding CXX object CMakeFiles/dis_tutorial1__rosidl_typesupport_cpp.dir/rosidl_typesupport_cpp/dis_tutorial1/srv/sum_service__type_support.cpp.o[0m
[ 23%] [32m[1mLinking CXX shared library libdis_tutorial1__rosidl_typesupport_cpp.so[0m
[ 23%] Built target dis_tutorial1__rosidl_typesupport_cpp
[ 25%] [34m[1mGenerating C type support for eProsima Fast-RTPS[0m
[ 26%] [32mBuilding CXX object CMakeFiles/dis_tutorial1__rosidl_typesupport_fastrtps_c.dir/rosidl_typesupport_fastrtps_c/dis_tutorial1/msg/detail/custom_message__type_support_c.cpp.o[0m
[ 28%] [32mBuilding CXX object CMakeFiles/dis_tutorial1__rosidl_typesupport_fastrtps_c.dir/rosidl_typesupport_fastrtps_c/dis_tutorial1/srv/detail/add_two_ints__type_support_c.cpp.o[0m
[ 29%] [32m[1mLinking CXX executable simple_set_bool_server_node[0m
[ 31%] [32mBuilding CXX object CMakeFiles/dis_tutorial1__rosidl_typesupport_fastrtps_c.dir/rosidl_typesupport_fastrtps_c/dis_tutorial1/msg/detail/custom_message2__type_support_c.cpp.o[0m
[ 31%] Built target simple_set_bool_server_node
[ 32%] [34m[1mGenerating C++ type support for eProsima Fast-RTPS[0m
[ 34%] [32m[1mLinking CXX executable simple_publisher[0m
[ 35%] [32mBuilding CXX object CMakeFiles/dis_tutorial1__rosidl_typesupport_fastrtps_c.dir/rosidl_typesupport_fastrtps_c/dis_tutorial1/srv/detail/sum_service__type_support_c.cpp.o[0m
[ 37%] [32mBuilding CXX object CMakeFiles/dis_tutorial1__rosidl_typesupport_fastrtps_cpp.dir/rosidl_typesupport_fastrtps_cpp/dis_tutorial1/msg/detail/dds_fastrtps/custom_message__type_support.cpp.o[0m
[ 37%] Built target simple_publisher
[ 38%] [34m[1mGenerating C introspection for ROS interfaces[0m
[ 40%] [32m[1mLinking CXX shared library libdis_tutorial1__rosidl_typesupport_fastrtps_c.so[0m
[ 40%] Built target dis_tutorial1__rosidl_typesupport_fastrtps_c
[ 41%] [32mBuilding CXX object CMakeFiles/dis_tutorial1__rosidl_typesupport_fastrtps_cpp.dir/rosidl_typesupport_fastrtps_cpp/dis_tutorial1/srv/detail/dds_fastrtps/add_two_ints__type_support.cpp.o[0m
[ 43%] [34m[1mGenerating C type support dispatch for ROS interfaces[0m
[ 44%] [32mBuilding C object CMakeFiles/dis_tutorial1__rosidl_typesupport_introspection_c.dir/rosidl_typesupport_introspection_c/dis_tutorial1/msg/detail/custom_message__type_support.c.o[0m
[ 46%] [32mBuilding C object CMakeFiles/dis_tutorial1__rosidl_typesupport_introspection_c.dir/rosidl_typesupport_introspection_c/dis_tutorial1/srv/detail/add_two_ints__type_support.c.o[0m
[ 47%] [32mBuilding CXX object CMakeFiles/dis_tutorial1__rosidl_typesupport_fastrtps_cpp.dir/rosidl_typesupport_fastrtps_cpp/dis_tutorial1/msg/detail/dds_fastrtps/custom_message2__type_support.cpp.o[0m
[ 49%] [32mBuilding C object CMakeFiles/dis_tutorial1__rosidl_typesupport_introspection_c.dir/rosidl_typesupport_introspection_c/dis_tutorial1/msg/detail/custom_message2__type_support.c.o[0m
[ 50%] [32mBuilding CXX object CMakeFiles/dis_tutorial1__rosidl_typesupport_c.dir/rosidl_typesupport_c/dis_tutorial1/msg/custom_message__type_support.cpp.o[0m
[ 52%] [32mBuilding C object CMakeFiles/dis_tutorial1__rosidl_typesupport_introspection_c.dir/rosidl_typesupport_introspection_c/dis_tutorial1/srv/detail/sum_service__type_support.c.o[0m
[ 53%] [32mBuilding CXX object CMakeFiles/dis_tutorial1__rosidl_typesupport_c.dir/rosidl_typesupport_c/dis_tutorial1/srv/add_two_ints__type_support.cpp.o[0m
[ 55%] [32m[1mLinking C shared library libdis_tutorial1__rosidl_typesupport_introspection_c.so[0m
[ 56%] [32mBuilding CXX object CMakeFiles/dis_tutorial1__rosidl_typesupport_c.dir/rosidl_typesupport_c/dis_tutorial1/msg/custom_message2__type_support.cpp.o[0m
[ 58%] [32mBuilding CXX object CMakeFiles/dis_tutorial1__rosidl_typesupport_c.dir/rosidl_typesupport_c/dis_tutorial1/srv/sum_service__type_support.cpp.o[0m
[ 58%] Built target dis_tutorial1__rosidl_typesupport_introspection_c
[ 59%] [32m[1mLinking CXX shared library libdis_tutorial1__rosidl_typesupport_c.so[0m
[ 61%] [34m[1mGenerating C++ introspection for ROS interfaces[0m
[ 61%] Built target dis_tutorial1__rosidl_typesupport_c
[ 62%] [32mBuilding CXX object CMakeFiles/dis_tutorial1__rosidl_typesupport_fastrtps_cpp.dir/rosidl_typesupport_fastrtps_cpp/dis_tutorial1/srv/detail/dds_fastrtps/sum_service__type_support.cpp.o[0m
running egg_info
creating dis_tutorial1.egg-info
writing dis_tutorial1.egg-info/PKG-INFO
writing dependency_links to dis_tutorial1.egg-info/dependency_links.txt
writing top-level names to dis_tutorial1.egg-info/top_level.txt
writing manifest file 'dis_tutorial1.egg-info/SOURCES.txt'
reading manifest file 'dis_tutorial1.egg-info/SOURCES.txt'
writing manifest file 'dis_tutorial1.egg-info/SOURCES.txt'
[ 62%] Built target ament_cmake_python_build_dis_tutorial1_egg
[ 64%] [32mBuilding CXX object CMakeFiles/simple_client_node.dir/src/simple_client_node.cpp.o[0m
[ 65%] [32mBuilding CXX object CMakeFiles/dis_tutorial1__rosidl_typesupport_introspection_cpp.dir/rosidl_typesupport_introspection_cpp/dis_tutorial1/msg/detail/custom_message__type_support.cpp.o[0m
[ 67%] [32m[1mLinking CXX shared library libdis_tutorial1__rosidl_typesupport_fastrtps_cpp.so[0m
[ 68%] [32mBuilding CXX object CMakeFiles/dis_tutorial1__rosidl_typesupport_introspection_cpp.dir/rosidl_typesupport_introspection_cpp/dis_tutorial1/srv/detail/add_two_ints__type_support.cpp.o[0m
[ 68%] Built target dis_tutorial1__rosidl_typesupport_fastrtps_cpp
[ 70%] [32mBuilding CXX object CMakeFiles/simple_server_node.dir/src/simple_server_node.cpp.o[0m
[ 71%] [32mBuilding CXX object CMakeFiles/dis_tutorial1__rosidl_typesupport_introspection_cpp.dir/rosidl_typesupport_introspection_cpp/dis_tutorial1/msg/detail/custom_message2__type_support.cpp.o[0m
[ 73%] [32mBuilding CXX object CMakeFiles/dis_tutorial1__rosidl_typesupport_introspection_cpp.dir/rosidl_typesupport_introspection_cpp/dis_tutorial1/srv/detail/sum_service__type_support.cpp.o[0m
[ 74%] [32m[1mLinking CXX shared library libdis_tutorial1__rosidl_typesupport_introspection_cpp.so[0m
[ 74%] Built target dis_tutorial1__rosidl_typesupport_introspection_cpp
[ 76%] [32mBuilding CXX object CMakeFiles/complete_node.dir/src/complete_node.cpp.o[0m
[ 77%] [32m[1mLinking CXX executable simple_subscriber[0m
[ 77%] Built target simple_subscriber
[ 77%] Built target dis_tutorial1
[ 79%] [34m[1mGenerating Python code for ROS interfaces[0m
[ 79%] Built target dis_tutorial1__py
[ 80%] [32mBuilding C object CMakeFiles/dis_tutorial1__rosidl_generator_py.dir/rosidl_generator_py/dis_tutorial1/msg/_custom_message_s.c.o[0m
[ 82%] [32m[1mLinking CXX executable simple_client_node[0m
[ 83%] [32mBuilding C object CMakeFiles/dis_tutorial1__rosidl_generator_py.dir/rosidl_generator_py/dis_tutorial1/srv/_add_two_ints_s.c.o[0m
[ 83%] Built target simple_client_node
[ 85%] [32mBuilding C object CMakeFiles/dis_tutorial1__rosidl_generator_py.dir/rosidl_generator_py/dis_tutorial1/msg/_custom_message2_s.c.o[0m
[ 86%] [32mBuilding C object CMakeFiles/dis_tutorial1__rosidl_generator_py.dir/rosidl_generator_py/dis_tutorial1/srv/_sum_service_s.c.o[0m
[ 88%] [32m[1mLinking C shared library rosidl_generator_py/dis_tutorial1/libdis_tutorial1__rosidl_generator_py.so[0m
[ 88%] Built target dis_tutorial1__rosidl_generator_py
[ 89%] [32mBuilding C object CMakeFiles/dis_tutorial1__rosidl_typesupport_fastrtps_c__pyext.dir/rosidl_generator_py/dis_tutorial1/_dis_tutorial1_s.ep.rosidl_typesupport_fastrtps_c.c.o[0m
[ 91%] [32mBuilding C object CMakeFiles/dis_tutorial1__rosidl_typesupport_introspection_c__pyext.dir/rosidl_generator_py/dis_tutorial1/_dis_tutorial1_s.ep.rosidl_typesupport_introspection_c.c.o[0m
[ 92%] [32m[1mLinking CXX executable simple_server_node[0m
[ 94%] [32m[1mLinking C shared library rosidl_generator_py/dis_tutorial1/dis_tutorial1_s__rosidl_typesupport_introspection_c.cpython-310-x86_64-linux-gnu.so[0m
[ 95%] [32m[1mLinking C shared library rosidl_generator_py/dis_tutorial1/dis_tutorial1_s__rosidl_typesupport_fastrtps_c.cpython-310-x86_64-linux-gnu.so[0m
[ 95%] Built target dis_tutorial1__rosidl_typesupport_introspection_c__pyext
[ 95%] Built target dis_tutorial1__rosidl_typesupport_fastrtps_c__pyext
[ 97%] [32mBuilding C object CMakeFiles/dis_tutorial1__rosidl_typesupport_c__pyext.dir/rosidl_generator_py/dis_tutorial1/_dis_tutorial1_s.ep.rosidl_typesupport_c.c.o[0m
[ 97%] Built target simple_server_node
[ 98%] [32m[1mLinking C shared library rosidl_generator_py/dis_tutorial1/dis_tutorial1_s__rosidl_typesupport_c.cpython-310-x86_64-linux-gnu.so[0m
[ 98%] Built target dis_tutorial1__rosidl_typesupport_c__pyext
[100%] [32m[1mLinking CXX executable complete_node[0m
[100%] Built target complete_node
-- Install configuration: ""
-- Execute custom install script
-- Symlinking: /home/osboxes/ros2_ws/install/dis_tutorial1/share/ament_index/resource_index/rosidl_interfaces/dis_tutorial1
-- Symlinking: /home/osboxes/ros2_ws/install/dis_tutorial1/include/dis_tutorial1/dis_tutorial1/msg/custom_message.h
-- Symlinking: /home/osboxes/ros2_ws/install/dis_tutorial1/include/dis_tutorial1/dis_tutorial1/msg/custom_message2.h
-- Symlinking: /home/osboxes/ros2_ws/install/dis_tutorial1/include/dis_tutorial1/dis_tutorial1/msg/detail/custom_message2__functions.h
-- Symlinking: /home/osboxes/ros2_ws/install/dis_tutorial1/include/dis_tutorial1/dis_tutorial1/msg/detail/custom_message2__struct.h
-- Symlinking: /home/osboxes/ros2_ws/install/dis_tutorial1/include/dis_tutorial1/dis_tutorial1/msg/detail/custom_message2__type_support.h
-- Symlinking: /home/osboxes/ros2_ws/install/dis_tutorial1/include/dis_tutorial1/dis_tutorial1/msg/detail/custom_message__functions.h
-- Symlinking: /home/osboxes/ros2_ws/install/dis_tutorial1/include/dis_tutorial1/dis_tutorial1/msg/detail/custom_message__struct.h
-- Symlinking: /home/osboxes/ros2_ws/install/dis_tutorial1/include/dis_tutorial1/dis_tutorial1/msg/detail/custom_message__type_support.h
-- Symlinking: /home/osboxes/ros2_ws/install/dis_tutorial1/include/dis_tutorial1/dis_tutorial1/msg/rosidl_generator_c__visibility_control.h
-- Symlinking: /home/osboxes/ros2_ws/install/dis_tutorial1/include/dis_tutorial1/dis_tutorial1/srv/add_two_ints.h
-- Symlinking: /home/osboxes/ros2_ws/install/dis_tutorial1/include/dis_tutorial1/dis_tutorial1/srv/detail/add_two_ints__functions.h
-- Symlinking: /home/osboxes/ros2_ws/install/dis_tutorial1/include/dis_tutorial1/dis_tutorial1/srv/detail/add_two_ints__struct.h
-- Symlinking: /home/osboxes/ros2_ws/install/dis_tutorial1/include/dis_tutorial1/dis_tutorial1/srv/detail/add_two_ints__type_support.h
-- Symlinking: /home/osboxes/ros2_ws/install/dis_tutorial1/include/dis_tutorial1/dis_tutorial1/srv/detail/sum_service__functions.h
-- Symlinking: /home/osboxes/ros2_ws/install/dis_tutorial1/include/dis_tutorial1/dis_tutorial1/srv/detail/sum_service__struct.h
-- Symlinking: /home/osboxes/ros2_ws/install/dis_tutorial1/include/dis_tutorial1/dis_tutorial1/srv/detail/sum_service__type_support.h
-- Symlinking: /home/osboxes/ros2_ws/install/dis_tutorial1/include/dis_tutorial1/dis_tutorial1/srv/sum_service.h
-- Symlinking: /home/osboxes/ros2_ws/install/dis_tutorial1/share/dis_tutorial1/environment/library_path.sh
-- Symlinking: /home/osboxes/ros2_ws/install/dis_tutorial1/share/dis_tutorial1/environment/library_path.dsv
-- Symlinking: /home/osboxes/ros2_ws/install/dis_tutorial1/include/dis_tutorial1/dis_tutorial1/msg/detail/custom_message2__rosidl_typesupport_fastrtps_c.h
-- Symlinking: /home/osboxes/ros2_ws/install/dis_tutorial1/include/dis_tutorial1/dis_tutorial1/msg/detail/custom_message__rosidl_typesupport_fastrtps_c.h
-- Symlinking: /home/osboxes/ros2_ws/install/dis_tutorial1/include/dis_tutorial1/dis_tutorial1/msg/rosidl_typesupport_fastrtps_c__visibility_control.h
-- Symlinking: /home/osboxes/ros2_ws/install/dis_tutorial1/include/dis_tutorial1/dis_tutorial1/srv/detail/add_two_ints__rosidl_typesupport_fastrtps_c.h
-- Symlinking: /home/osboxes/ros2_ws/install/dis_tutorial1/include/dis_tutorial1/dis_tutorial1/srv/detail/sum_service__rosidl_typesupport_fastrtps_c.h
-- Symlinking: /home/osboxes/ros2_ws/install/dis_tutorial1/include/dis_tutorial1/dis_tutorial1/msg/custom_message.hpp
-- Symlinking: /home/osboxes/ros2_ws/install/dis_tutorial1/include/dis_tutorial1/dis_tutorial1/msg/custom_message2.hpp
-- Symlinking: /home/osboxes/ros2_ws/install/dis_tutorial1/include/dis_tutorial1/dis_tutorial1/msg/detail/custom_message2__builder.hpp
-- Symlinking: /home/osboxes/ros2_ws/install/dis_tutorial1/include/dis_tutorial1/dis_tutorial1/msg/detail/custom_message2__struct.hpp
-- Symlinking: /home/osboxes/ros2_ws/install/dis_tutorial1/include/dis_tutorial1/dis_tutorial1/msg/detail/custom_message2__traits.hpp
-- Symlinking: /home/osboxes/ros2_ws/install/dis_tutorial1/include/dis_tutorial1/dis_tutorial1/msg/detail/custom_message2__type_support.hpp
-- Symlinking: /home/osboxes/ros2_ws/install/dis_tutorial1/include/dis_tutorial1/dis_tutorial1/msg/detail/custom_message__builder.hpp
-- Symlinking: /home/osboxes/ros2_ws/install/dis_tutorial1/include/dis_tutorial1/dis_tutorial1/msg/detail/custom_message__struct.hpp
-- Symlinking: /home/osboxes/ros2_ws/install/dis_tutorial1/include/dis_tutorial1/dis_tutorial1/msg/detail/custom_message__traits.hpp
-- Symlinking: /home/osboxes/ros2_ws/install/dis_tutorial1/include/dis_tutorial1/dis_tutorial1/msg/detail/custom_message__type_support.hpp
-- Symlinking: /home/osboxes/ros2_ws/install/dis_tutorial1/include/dis_tutorial1/dis_tutorial1/msg/rosidl_generator_cpp__visibility_control.hpp
-- Symlinking: /home/osboxes/ros2_ws/install/dis_tutorial1/include/dis_tutorial1/dis_tutorial1/srv/add_two_ints.hpp
-- Symlinking: /home/osboxes/ros2_ws/install/dis_tutorial1/include/dis_tutorial1/dis_tutorial1/srv/detail/add_two_ints__builder.hpp
-- Symlinking: /home/osboxes/ros2_ws/install/dis_tutorial1/include/dis_tutorial1/dis_tutorial1/srv/detail/add_two_ints__struct.hpp
-- Symlinking: /home/osboxes/ros2_ws/install/dis_tutorial1/include/dis_tutorial1/dis_tutorial1/srv/detail/add_two_ints__traits.hpp
-- Symlinking: /home/osboxes/ros2_ws/install/dis_tutorial1/include/dis_tutorial1/dis_tutorial1/srv/detail/add_two_ints__type_support.hpp
-- Symlinking: /home/osboxes/ros2_ws/install/dis_tutorial1/include/dis_tutorial1/dis_tutorial1/srv/detail/sum_service__builder.hpp
-- Symlinking: /home/osboxes/ros2_ws/install/dis_tutorial1/include/dis_tutorial1/dis_tutorial1/srv/detail/sum_service__struct.hpp
-- Symlinking: /home/osboxes/ros2_ws/install/dis_tutorial1/include/dis_tutorial1/dis_tutorial1/srv/detail/sum_service__traits.hpp
-- Symlinking: /home/osboxes/ros2_ws/install/dis_tutorial1/include/dis_tutorial1/dis_tutorial1/srv/detail/sum_service__type_support.hpp
-- Symlinking: /home/osboxes/ros2_ws/install/dis_tutorial1/include/dis_tutorial1/dis_tutorial1/srv/sum_service.hpp
-- Symlinking: /home/osboxes/ros2_ws/install/dis_tutorial1/include/dis_tutorial1/dis_tutorial1/msg/detail/custom_message2__rosidl_typesupport_fastrtps_cpp.hpp
-- Symlinking: /home/osboxes/ros2_ws/install/dis_tutorial1/include/dis_tutorial1/dis_tutorial1/msg/detail/custom_message__rosidl_typesupport_fastrtps_cpp.hpp
-- Symlinking: /home/osboxes/ros2_ws/install/dis_tutorial1/include/dis_tutorial1/dis_tutorial1/msg/rosidl_typesupport_fastrtps_cpp__visibility_control.h
-- Symlinking: /home/osboxes/ros2_ws/install/dis_tutorial1/include/dis_tutorial1/dis_tutorial1/srv/detail/add_two_ints__rosidl_typesupport_fastrtps_cpp.hpp
-- Symlinking: /home/osboxes/ros2_ws/install/dis_tutorial1/include/dis_tutorial1/dis_tutorial1/srv/detail/sum_service__rosidl_typesupport_fastrtps_cpp.hpp
-- Symlinking: /home/osboxes/ros2_ws/install/dis_tutorial1/include/dis_tutorial1/dis_tutorial1/msg/detail/custom_message2__rosidl_typesupport_introspection_c.h
-- Symlinking: /home/osboxes/ros2_ws/install/dis_tutorial1/include/dis_tutorial1/dis_tutorial1/msg/detail/custom_message__rosidl_typesupport_introspection_c.h
-- Symlinking: /home/osboxes/ros2_ws/install/dis_tutorial1/include/dis_tutorial1/dis_tutorial1/msg/rosidl_typesupport_introspection_c__visibility_control.h
-- Symlinking: /home/osboxes/ros2_ws/install/dis_tutorial1/include/dis_tutorial1/dis_tutorial1/srv/detail/add_two_ints__rosidl_typesupport_introspection_c.h
-- Symlinking: /home/osboxes/ros2_ws/install/dis_tutorial1/include/dis_tutorial1/dis_tutorial1/srv/detail/sum_service__rosidl_typesupport_introspection_c.h
-- Symlinking: /home/osboxes/ros2_ws/install/dis_tutorial1/include/dis_tutorial1/dis_tutorial1/msg/detail/custom_message2__rosidl_typesupport_introspection_cpp.hpp
-- Symlinking: /home/osboxes/ros2_ws/install/dis_tutorial1/include/dis_tutorial1/dis_tutorial1/msg/detail/custom_message__rosidl_typesupport_introspection_cpp.hpp
-- Symlinking: /home/osboxes/ros2_ws/install/dis_tutorial1/include/dis_tutorial1/dis_tutorial1/srv/detail/add_two_ints__rosidl_typesupport_introspection_cpp.hpp
-- Symlinking: /home/osboxes/ros2_ws/install/dis_tutorial1/include/dis_tutorial1/dis_tutorial1/srv/detail/sum_service__rosidl_typesupport_introspection_cpp.hpp
-- Symlinking: /home/osboxes/ros2_ws/install/dis_tutorial1/share/dis_tutorial1/environment/pythonpath.sh
-- Symlinking: /home/osboxes/ros2_ws/install/dis_tutorial1/share/dis_tutorial1/environment/pythonpath.dsv
-- Symlinking: /home/osboxes/ros2_ws/install/dis_tutorial1/local/lib/python3.10/dist-packages/dis_tutorial1-0.0.1-py3.10.egg-info/PKG-INFO
-- Symlinking: /home/osboxes/ros2_ws/install/dis_tutorial1/local/lib/python3.10/dist-packages/dis_tutorial1-0.0.1-py3.10.egg-info/SOURCES.txt
-- Symlinking: /home/osboxes/ros2_ws/install/dis_tutorial1/local/lib/python3.10/dist-packages/dis_tutorial1-0.0.1-py3.10.egg-info/dependency_links.txt
-- Symlinking: /home/osboxes/ros2_ws/install/dis_tutorial1/local/lib/python3.10/dist-packages/dis_tutorial1-0.0.1-py3.10.egg-info/top_level.txt
-- Symlinking: /home/osboxes/ros2_ws/install/dis_tutorial1/local/lib/python3.10/dist-packages/dis_tutorial1/__init__.py
-- Symlinking: /home/osboxes/ros2_ws/install/dis_tutorial1/local/lib/python3.10/dist-packages/dis_tutorial1/_dis_tutorial1_s.ep.rosidl_typesupport_c.c
-- Symlinking: /home/osboxes/ros2_ws/install/dis_tutorial1/local/lib/python3.10/dist-packages/dis_tutorial1/_dis_tutorial1_s.ep.rosidl_typesupport_fastrtps_c.c
-- Symlinking: /home/osboxes/ros2_ws/install/dis_tutorial1/local/lib/python3.10/dist-packages/dis_tutorial1/_dis_tutorial1_s.ep.rosidl_typesupport_introspection_c.c
-- Symlinking: /home/osboxes/ros2_ws/install/dis_tutorial1/local/lib/python3.10/dist-packages/dis_tutorial1/dis_tutorial1_s__rosidl_typesupport_c.cpython-310-x86_64-linux-gnu.so
-- Symlinking: /home/osboxes/ros2_ws/install/dis_tutorial1/local/lib/python3.10/dist-packages/dis_tutorial1/dis_tutorial1_s__rosidl_typesupport_fastrtps_c.cpython-310-x86_64-linux-gnu.so
-- Symlinking: /home/osboxes/ros2_ws/install/dis_tutorial1/local/lib/python3.10/dist-packages/dis_tutorial1/dis_tutorial1_s__rosidl_typesupport_introspection_c.cpython-310-x86_64-linux-gnu.so
-- Symlinking: /home/osboxes/ros2_ws/install/dis_tutorial1/local/lib/python3.10/dist-packages/dis_tutorial1/libdis_tutorial1__rosidl_generator_py.so
-- Symlinking: /home/osboxes/ros2_ws/install/dis_tutorial1/local/lib/python3.10/dist-packages/dis_tutorial1/msg/__init__.py
-- Symlinking: /home/osboxes/ros2_ws/install/dis_tutorial1/local/lib/python3.10/dist-packages/dis_tutorial1/msg/_custom_message.py
-- Symlinking: /home/osboxes/ros2_ws/install/dis_tutorial1/local/lib/python3.10/dist-packages/dis_tutorial1/msg/_custom_message2.py
-- Symlinking: /home/osboxes/ros2_ws/install/dis_tutorial1/local/lib/python3.10/dist-packages/dis_tutorial1/msg/_custom_message2_s.c
-- Symlinking: /home/osboxes/ros2_ws/install/dis_tutorial1/local/lib/python3.10/dist-packages/dis_tutorial1/msg/_custom_message_s.c
-- Symlinking: /home/osboxes/ros2_ws/install/dis_tutorial1/local/lib/python3.10/dist-packages/dis_tutorial1/srv/__init__.py
-- Symlinking: /home/osboxes/ros2_ws/install/dis_tutorial1/local/lib/python3.10/dist-packages/dis_tutorial1/srv/_add_two_ints.py
-- Symlinking: /home/osboxes/ros2_ws/install/dis_tutorial1/local/lib/python3.10/dist-packages/dis_tutorial1/srv/_add_two_ints_s.c
-- Symlinking: /home/osboxes/ros2_ws/install/dis_tutorial1/local/lib/python3.10/dist-packages/dis_tutorial1/srv/_sum_service.py
-- Symlinking: /home/osboxes/ros2_ws/install/dis_tutorial1/local/lib/python3.10/dist-packages/dis_tutorial1/srv/_sum_service_s.c
-- Up-to-date symlink: /home/osboxes/ros2_ws/install/dis_tutorial1/local/lib/python3.10/dist-packages/dis_tutorial1/dis_tutorial1_s__rosidl_typesupport_fastrtps_c.cpython-310-x86_64-linux-gnu.so
-- Up-to-date symlink: /home/osboxes/ros2_ws/install/dis_tutorial1/local/lib/python3.10/dist-packages/dis_tutorial1/dis_tutorial1_s__rosidl_typesupport_introspection_c.cpython-310-x86_64-linux-gnu.so
-- Up-to-date symlink: /home/osboxes/ros2_ws/install/dis_tutorial1/local/lib/python3.10/dist-packages/dis_tutorial1/dis_tutorial1_s__rosidl_typesupport_c.cpython-310-x86_64-linux-gnu.so
-- Symlinking: /home/osboxes/ros2_ws/install/dis_tutorial1/share/dis_tutorial1/msg/CustomMessage.idl
-- Symlinking: /home/osboxes/ros2_ws/install/dis_tutorial1/share/dis_tutorial1/srv/AddTwoInts.idl
-- Symlinking: /home/osboxes/ros2_ws/install/dis_tutorial1/share/dis_tutorial1/msg/CustomMessage2.idl
-- Symlinking: /home/osboxes/ros2_ws/install/dis_tutorial1/share/dis_tutorial1/srv/SumService.idl
-- Symlinking: /home/osboxes/ros2_ws/install/dis_tutorial1/share/dis_tutorial1/msg/CustomMessage.msg
-- Symlinking: /home/osboxes/ros2_ws/install/dis_tutorial1/share/dis_tutorial1/srv/AddTwoInts.srv
-- Symlinking: /home/osboxes/ros2_ws/install/dis_tutorial1/share/dis_tutorial1/srv/AddTwoInts_Request.msg
-- Symlinking: /home/osboxes/ros2_ws/install/dis_tutorial1/share/dis_tutorial1/srv/AddTwoInts_Response.msg
-- Symlinking: /home/osboxes/ros2_ws/install/dis_tutorial1/share/dis_tutorial1/msg/CustomMessage2.msg
-- Symlinking: /home/osboxes/ros2_ws/install/dis_tutorial1/share/dis_tutorial1/srv/SumService.srv
-- Symlinking: /home/osboxes/ros2_ws/install/dis_tutorial1/share/dis_tutorial1/srv/SumService_Request.msg
-- Symlinking: /home/osboxes/ros2_ws/install/dis_tutorial1/share/dis_tutorial1/srv/SumService_Response.msg
-- Symlinking: /home/osboxes/ros2_ws/install/dis_tutorial1/lib/dis_tutorial1/simple_publisher
-- Symlinking: /home/osboxes/ros2_ws/install/dis_tutorial1/lib/dis_tutorial1/simple_subscriber
-- Symlinking: /home/osboxes/ros2_ws/install/dis_tutorial1/lib/dis_tutorial1/simple_client_node
-- Symlinking: /home/osboxes/ros2_ws/install/dis_tutorial1/lib/dis_tutorial1/simple_server_node
-- Symlinking: /home/osboxes/ros2_ws/install/dis_tutorial1/lib/dis_tutorial1/complete_node
-- Symlinking: /home/osboxes/ros2_ws/install/dis_tutorial1/lib/dis_tutorial1/simple_set_bool_server_node
-- Symlinking: /home/osboxes/ros2_ws/install/dis_tutorial1/lib/dis_tutorial1/py_simple_publisher.py
-- Symlinking: /home/osboxes/ros2_ws/install/dis_tutorial1/lib/dis_tutorial1/py_simple_subscriber.py
-- Symlinking: /home/osboxes/ros2_ws/install/dis_tutorial1/lib/dis_tutorial1/py_simple_server_node.py
-- Symlinking: /home/osboxes/ros2_ws/install/dis_tutorial1/lib/dis_tutorial1/py_simple_client_node.py
-- Symlinking: /home/osboxes/ros2_ws/install/dis_tutorial1/lib/dis_tutorial1/py_complete_node.py
-- Symlinking: /home/osboxes/ros2_ws/install/dis_tutorial1/lib/dis_tutorial1/py_draw_square.py
-- Symlinking: /home/osboxes/ros2_ws/install/dis_tutorial1/lib/dis_tutorial1/publisher_node.py
-- Symlinking: /home/osboxes/ros2_ws/install/dis_tutorial1/lib/dis_tutorial1/subscriber_node.py
-- Symlinking: /home/osboxes/ros2_ws/install/dis_tutorial1/lib/dis_tutorial1/service_node.py
-- Symlinking: /home/osboxes/ros2_ws/install/dis_tutorial1/lib/dis_tutorial1/client_node.py
-- Symlinking: /home/osboxes/ros2_ws/install/dis_tutorial1/share/ament_index/resource_index/package_run_dependencies/dis_tutorial1
-- Symlinking: /home/osboxes/ros2_ws/install/dis_tutorial1/share/ament_index/resource_index/parent_prefix_path/dis_tutorial1
-- Symlinking: /home/osboxes/ros2_ws/install/dis_tutorial1/share/dis_tutorial1/environment/ament_prefix_path.sh
-- Symlinking: /home/osboxes/ros2_ws/install/dis_tutorial1/share/dis_tutorial1/environment/ament_prefix_path.dsv
-- Symlinking: /home/osboxes/ros2_ws/install/dis_tutorial1/share/dis_tutorial1/environment/path.sh
-- Symlinking: /home/osboxes/ros2_ws/install/dis_tutorial1/share/dis_tutorial1/environment/path.dsv
-- Symlinking: /home/osboxes/ros2_ws/install/dis_tutorial1/share/dis_tutorial1/local_setup.bash
-- Symlinking: /home/osboxes/ros2_ws/install/dis_tutorial1/share/dis_tutorial1/local_setup.sh
-- Symlinking: /home/osboxes/ros2_ws/install/dis_tutorial1/share/dis_tutorial1/local_setup.zsh
-- Symlinking: /home/osboxes/ros2_ws/install/dis_tutorial1/share/dis_tutorial1/local_setup.dsv
-- Symlinking: /home/osboxes/ros2_ws/install/dis_tutorial1/share/dis_tutorial1/package.dsv
-- Symlinking: /home/osboxes/ros2_ws/install/dis_tutorial1/share/ament_index/resource_index/packages/dis_tutorial1
-- Symlinking: /home/osboxes/ros2_ws/install/dis_tutorial1/share/dis_tutorial1/cmake/rosidl_cmake-extras.cmake
-- Symlinking: /home/osboxes/ros2_ws/install/dis_tutorial1/share/dis_tutorial1/cmake/ament_cmake_export_dependencies-extras.cmake
-- Symlinking: /home/osboxes/ros2_ws/install/dis_tutorial1/share/dis_tutorial1/cmake/ament_cmake_export_include_directories-extras.cmake
-- Symlinking: /home/osboxes/ros2_ws/install/dis_tutorial1/share/dis_tutorial1/cmake/ament_cmake_export_libraries-extras.cmake
-- Symlinking: /home/osboxes/ros2_ws/install/dis_tutorial1/share/dis_tutorial1/cmake/ament_cmake_export_targets-extras.cmake
-- Symlinking: /home/osboxes/ros2_ws/install/dis_tutorial1/share/dis_tutorial1/cmake/rosidl_cmake_export_typesupport_targets-extras.cmake
-- Symlinking: /home/osboxes/ros2_ws/install/dis_tutorial1/share/dis_tutorial1/cmake/rosidl_cmake_export_typesupport_libraries-extras.cmake
-- Symlinking: /home/osboxes/ros2_ws/install/dis_tutorial1/share/dis_tutorial1/cmake/dis_tutorial1Config.cmake
-- Symlinking: /home/osboxes/ros2_ws/install/dis_tutorial1/share/dis_tutorial1/cmake/dis_tutorial1Config-version.cmake
-- Symlinking: /home/osboxes/ros2_ws/install/dis_tutorial1/share/dis_tutorial1/package.xml
-- Installing: /home/osboxes/ros2_ws/install/dis_tutorial1/lib/libdis_tutorial1__rosidl_generator_c.so
-- Set runtime path of "/home/osboxes/ros2_ws/install/dis_tutorial1/lib/libdis_tutorial1__rosidl_generator_c.so" to ""
-- Installing: /home/osboxes/ros2_ws/install/dis_tutorial1/lib/libdis_tutorial1__rosidl_typesupport_fastrtps_c.so
-- Set runtime path of "/home/osboxes/ros2_ws/install/dis_tutorial1/lib/libdis_tutorial1__rosidl_typesupport_fastrtps_c.so" to ""
-- Installing: /home/osboxes/ros2_ws/install/dis_tutorial1/lib/libdis_tutorial1__rosidl_typesupport_fastrtps_cpp.so
-- Set runtime path of "/home/osboxes/ros2_ws/install/dis_tutorial1/lib/libdis_tutorial1__rosidl_typesupport_fastrtps_cpp.so" to ""
-- Installing: /home/osboxes/ros2_ws/install/dis_tutorial1/lib/libdis_tutorial1__rosidl_typesupport_introspection_c.so
-- Set runtime path of "/home/osboxes/ros2_ws/install/dis_tutorial1/lib/libdis_tutorial1__rosidl_typesupport_introspection_c.so" to ""
-- Installing: /home/osboxes/ros2_ws/install/dis_tutorial1/lib/libdis_tutorial1__rosidl_typesupport_c.so
-- Set runtime path of "/home/osboxes/ros2_ws/install/dis_tutorial1/lib/libdis_tutorial1__rosidl_typesupport_c.so" to ""
-- Installing: /home/osboxes/ros2_ws/install/dis_tutorial1/lib/libdis_tutorial1__rosidl_typesupport_introspection_cpp.so
-- Set runtime path of "/home/osboxes/ros2_ws/install/dis_tutorial1/lib/libdis_tutorial1__rosidl_typesupport_introspection_cpp.so" to ""
-- Installing: /home/osboxes/ros2_ws/install/dis_tutorial1/lib/libdis_tutorial1__rosidl_typesupport_cpp.so
-- Set runtime path of "/home/osboxes/ros2_ws/install/dis_tutorial1/lib/libdis_tutorial1__rosidl_typesupport_cpp.so" to ""
Listing '/home/osboxes/ros2_ws/install/dis_tutorial1/local/lib/python3.10/dist-packages/dis_tutorial1'...
Compiling '/home/osboxes/ros2_ws/install/dis_tutorial1/local/lib/python3.10/dist-packages/dis_tutorial1/__init__.py'...
Listing '/home/osboxes/ros2_ws/install/dis_tutorial1/local/lib/python3.10/dist-packages/dis_tutorial1/msg'...
Compiling '/home/osboxes/ros2_ws/install/dis_tutorial1/local/lib/python3.10/dist-packages/dis_tutorial1/msg/__init__.py'...
Compiling '/home/osboxes/ros2_ws/install/dis_tutorial1/local/lib/python3.10/dist-packages/dis_tutorial1/msg/_custom_message.py'...
Compiling '/home/osboxes/ros2_ws/install/dis_tutorial1/local/lib/python3.10/dist-packages/dis_tutorial1/msg/_custom_message2.py'...
Listing '/home/osboxes/ros2_ws/install/dis_tutorial1/local/lib/python3.10/dist-packages/dis_tutorial1/srv'...
Compiling '/home/osboxes/ros2_ws/install/dis_tutorial1/local/lib/python3.10/dist-packages/dis_tutorial1/srv/__init__.py'...
Compiling '/home/osboxes/ros2_ws/install/dis_tutorial1/local/lib/python3.10/dist-packages/dis_tutorial1/srv/_add_two_ints.py'...
Compiling '/home/osboxes/ros2_ws/install/dis_tutorial1/local/lib/python3.10/dist-packages/dis_tutorial1/srv/_sum_service.py'...
-- Installing: /home/osboxes/ros2_ws/install/dis_tutorial1/lib/libdis_tutorial1__rosidl_generator_py.so
-- Set runtime path of "/home/osboxes/ros2_ws/install/dis_tutorial1/lib/libdis_tutorial1__rosidl_generator_py.so" to ""
-- Installing: /home/osboxes/ros2_ws/install/dis_tutorial1/share/dis_tutorial1/cmake/export_dis_tutorial1__rosidl_generator_cExport.cmake
-- Installing: /home/osboxes/ros2_ws/install/dis_tutorial1/share/dis_tutorial1/cmake/export_dis_tutorial1__rosidl_generator_cExport-noconfig.cmake
-- Installing: /home/osboxes/ros2_ws/install/dis_tutorial1/share/dis_tutorial1/cmake/export_dis_tutorial1__rosidl_typesupport_fastrtps_cExport.cmake
-- Installing: /home/osboxes/ros2_ws/install/dis_tutorial1/share/dis_tutorial1/cmake/export_dis_tutorial1__rosidl_typesupport_fastrtps_cExport-noconfig.cmake
-- Installing: /home/osboxes/ros2_ws/install/dis_tutorial1/share/dis_tutorial1/cmake/export_dis_tutorial1__rosidl_generator_cppExport.cmake
-- Installing: /home/osboxes/ros2_ws/install/dis_tutorial1/share/dis_tutorial1/cmake/export_dis_tutorial1__rosidl_typesupport_fastrtps_cppExport.cmake
-- Installing: /home/osboxes/ros2_ws/install/dis_tutorial1/share/dis_tutorial1/cmake/export_dis_tutorial1__rosidl_typesupport_fastrtps_cppExport-noconfig.cmake
-- Installing: /home/osboxes/ros2_ws/install/dis_tutorial1/share/dis_tutorial1/cmake/dis_tutorial1__rosidl_typesupport_introspection_cExport.cmake
-- Installing: /home/osboxes/ros2_ws/install/dis_tutorial1/share/dis_tutorial1/cmake/dis_tutorial1__rosidl_typesupport_introspection_cExport-noconfig.cmake
-- Installing: /home/osboxes/ros2_ws/install/dis_tutorial1/share/dis_tutorial1/cmake/dis_tutorial1__rosidl_typesupport_cExport.cmake
-- Installing: /home/osboxes/ros2_ws/install/dis_tutorial1/share/dis_tutorial1/cmake/dis_tutorial1__rosidl_typesupport_cExport-noconfig.cmake
-- Installing: /home/osboxes/ros2_ws/install/dis_tutorial1/share/dis_tutorial1/cmake/dis_tutorial1__rosidl_typesupport_introspection_cppExport.cmake
-- Installing: /home/osboxes/ros2_ws/install/dis_tutorial1/share/dis_tutorial1/cmake/dis_tutorial1__rosidl_typesupport_introspection_cppExport-noconfig.cmake
-- Installing: /home/osboxes/ros2_ws/install/dis_tutorial1/share/dis_tutorial1/cmake/dis_tutorial1__rosidl_typesupport_cppExport.cmake
-- Installing: /home/osboxes/ros2_ws/install/dis_tutorial1/share/dis_tutorial1/cmake/dis_tutorial1__rosidl_typesupport_cppExport-noconfig.cmake
-- Installing: /home/osboxes/ros2_ws/install/dis_tutorial1/share/dis_tutorial1/cmake/export_dis_tutorial1__rosidl_generator_pyExport.cmake
-- Installing: /home/osboxes/ros2_ws/install/dis_tutorial1/share/dis_tutorial1/cmake/export_dis_tutorial1__rosidl_generator_pyExport-noconfig.cmake
