[0.034s] Invoking command in '/home/osboxes/ros2_ws/build/dis_tutorial1': CMAKE_PREFIX_PATH=${CMAKE_PREFIX_PATH}:/home/osboxes/ros2_ws/install/dis_tutorial2:/opt/ros/humble /usr/bin/cmake /home/osboxes/ros2_ws/src/dis_tutorial1 -DAMENT_CMAKE_SYMLINK_INSTALL=1 -DCMAKE_INSTALL_PREFIX=/home/osboxes/ros2_ws/install/dis_tutorial1
[0.130s] -- The C compiler identification is GNU 11.4.0
[0.225s] -- The CXX compiler identification is GNU 11.4.0
[0.236s] -- Detecting C compiler ABI info
[0.384s] -- Detecting C compiler ABI info - done
[0.413s] -- Check for working C compiler: /usr/bin/cc - skipped
[0.413s] -- Detecting C compile features
[0.414s] -- Detecting C compile features - done
[0.424s] -- Detecting CXX compiler ABI info
[0.663s] -- Detecting CXX compiler ABI info - done
[0.671s] -- Check for working CXX compiler: /usr/bin/c++ - skipped
[0.671s] -- Detecting CXX compile features
[0.671s] -- Detecting CXX compile features - done
[0.675s] -- Found ament_cmake: 1.3.11 (/opt/ros/humble/share/ament_cmake/cmake)
[0.874s] -- Found Python3: /usr/bin/python3 (found version "3.10.12") found components: Interpreter 
[0.959s] -- Override CMake install command with custom implementation using symlinks instead of copying resources
[0.981s] -- Found rclcpp: 16.0.11 (/opt/ros/humble/share/rclcpp/cmake)
[1.035s] -- Found rosidl_generator_c: 3.1.6 (/opt/ros/humble/share/rosidl_generator_c/cmake)
[1.048s] -- Found rosidl_adapter: 3.1.6 (/opt/ros/humble/share/rosidl_adapter/cmake)
[1.056s] -- Found rosidl_generator_cpp: 3.1.6 (/opt/ros/humble/share/rosidl_generator_cpp/cmake)
[1.079s] -- Using all available rosidl_typesupport_c: rosidl_typesupport_fastrtps_c;rosidl_typesupport_introspection_c
[1.105s] -- Using all available rosidl_typesupport_cpp: rosidl_typesupport_fastrtps_cpp;rosidl_typesupport_introspection_cpp
[1.156s] -- Found rmw_implementation_cmake: 6.1.2 (/opt/ros/humble/share/rmw_implementation_cmake/cmake)
[1.159s] -- Found rmw_fastrtps_cpp: 6.2.7 (/opt/ros/humble/share/rmw_fastrtps_cpp/cmake)
[1.306s] -- Found OpenSSL: /usr/lib/x86_64-linux-gnu/libcrypto.so (found version "3.0.2")  
[1.344s] -- Found FastRTPS: /opt/ros/humble/include  
[1.390s] -- Using RMW implementation 'rmw_fastrtps_cpp' as default
[1.400s] -- Looking for pthread.h
[1.502s] -- Looking for pthread.h - found
[1.502s] -- Performing Test CMAKE_HAVE_LIBC_PTHREAD
[1.635s] -- Performing Test CMAKE_HAVE_LIBC_PTHREAD - Success
[1.637s] -- Found Threads: TRUE  
[1.702s] -- Found rclpy: 3.3.15 (/opt/ros/humble/share/rclpy/cmake)
[1.704s] -- Found std_srvs: 4.2.4 (/opt/ros/humble/share/std_srvs/cmake)
[1.722s] -- Found rosidl_default_generators: 1.2.0 (/opt/ros/humble/share/rosidl_default_generators/cmake)
[2.204s] -- Found ament_cmake_ros: 0.10.0 (/opt/ros/humble/share/ament_cmake_ros/cmake)
[2.762s] -- Using all available rosidl_typesupport_c: rosidl_typesupport_fastrtps_c;rosidl_typesupport_introspection_c
[3.067s] -- Using all available rosidl_typesupport_cpp: rosidl_typesupport_fastrtps_cpp;rosidl_typesupport_introspection_cpp
[3.106s] -- Found PythonInterp: /usr/bin/python3 (found suitable version "3.10.12", minimum required is "3.6") 
[3.108s] -- Found python_cmake_module: 0.10.0 (/opt/ros/humble/share/python_cmake_module/cmake)
[3.157s] -- Found PythonLibs: /usr/lib/x86_64-linux-gnu/libpython3.10.so (found suitable version "3.10.12", minimum required is "3.5") 
[3.157s] -- Using PYTHON_EXECUTABLE: /usr/bin/python3
[3.157s] -- Using PYTHON_INCLUDE_DIRS: /usr/include/python3.10
[3.157s] -- Using PYTHON_LIBRARIES: /usr/lib/x86_64-linux-gnu/libpython3.10.so
[3.189s] -- Found PythonExtra: .so  
[3.335s] -- Configuring done
[3.481s] -- Generating done
[3.515s] -- Build files have been written to: /home/osboxes/ros2_ws/build/dis_tutorial1
[3.542s] Invoked command in '/home/osboxes/ros2_ws/build/dis_tutorial1' returned '0': CMAKE_PREFIX_PATH=${CMAKE_PREFIX_PATH}:/home/osboxes/ros2_ws/install/dis_tutorial2:/opt/ros/humble /usr/bin/cmake /home/osboxes/ros2_ws/src/dis_tutorial1 -DAMENT_CMAKE_SYMLINK_INSTALL=1 -DCMAKE_INSTALL_PREFIX=/home/osboxes/ros2_ws/install/dis_tutorial1
[3.543s] Invoking command in '/home/osboxes/ros2_ws/build/dis_tutorial1': CMAKE_PREFIX_PATH=${CMAKE_PREFIX_PATH}:/home/osboxes/ros2_ws/install/dis_tutorial2:/opt/ros/humble /usr/bin/cmake --build /home/osboxes/ros2_ws/build/dis_tutorial1 -- -j4 -l4
[3.631s] [  1%] [34m[1mGenerating C code for ROS interfaces[0m
[3.670s] [  1%] Built target ament_cmake_python_symlink_dis_tutorial1
[3.676s] [  2%] [32mBuilding CXX object CMakeFiles/simple_publisher.dir/src/simple_publisher.cpp.o[0m
[3.694s] [  4%] [34m[1mGenerating C++ code for ROS interfaces[0m
[3.716s] [  5%] [32mBuilding CXX object CMakeFiles/simple_subscriber.dir/src/simple_subscriber.cpp.o[0m
[5.287s] [  7%] [32mBuilding C object CMakeFiles/dis_tutorial1__rosidl_generator_c.dir/rosidl_generator_c/dis_tutorial1/msg/detail/custom_message__functions.c.o[0m
[5.389s] [  7%] Built target dis_tutorial1__cpp
[5.457s] [  8%] [32mBuilding C object CMakeFiles/dis_tutorial1__rosidl_generator_c.dir/rosidl_generator_c/dis_tutorial1/srv/detail/add_two_ints__functions.c.o[0m
[5.457s] [ 10%] [32mBuilding CXX object CMakeFiles/simple_set_bool_server_node.dir/src/simple_set_bool_server_node.cpp.o[0m
[5.638s] [ 11%] [32mBuilding C object CMakeFiles/dis_tutorial1__rosidl_generator_c.dir/rosidl_generator_c/dis_tutorial1/msg/detail/custom_message2__functions.c.o[0m
[5.884s] [ 13%] [32mBuilding C object CMakeFiles/dis_tutorial1__rosidl_generator_c.dir/rosidl_generator_c/dis_tutorial1/srv/detail/sum_service__functions.c.o[0m
[6.156s] [ 14%] [32m[1mLinking C shared library libdis_tutorial1__rosidl_generator_c.so[0m
[6.272s] [ 14%] Built target dis_tutorial1__rosidl_generator_c
[6.319s] [ 16%] [34m[1mGenerating C++ type support dispatch for ROS interfaces[0m
[7.839s] [ 17%] [32mBuilding CXX object CMakeFiles/dis_tutorial1__rosidl_typesupport_cpp.dir/rosidl_typesupport_cpp/dis_tutorial1/msg/custom_message__type_support.cpp.o[0m
[8.812s] [ 19%] [32mBuilding CXX object CMakeFiles/dis_tutorial1__rosidl_typesupport_cpp.dir/rosidl_typesupport_cpp/dis_tutorial1/srv/add_two_ints__type_support.cpp.o[0m
[9.394s] [ 20%] [32mBuilding CXX object CMakeFiles/dis_tutorial1__rosidl_typesupport_cpp.dir/rosidl_typesupport_cpp/dis_tutorial1/msg/custom_message2__type_support.cpp.o[0m
[10.202s] [ 22%] [32mBuilding CXX object CMakeFiles/dis_tutorial1__rosidl_typesupport_cpp.dir/rosidl_typesupport_cpp/dis_tutorial1/srv/sum_service__type_support.cpp.o[0m
[11.302s] [ 23%] [32m[1mLinking CXX shared library libdis_tutorial1__rosidl_typesupport_cpp.so[0m
[11.511s] [ 23%] Built target dis_tutorial1__rosidl_typesupport_cpp
[11.583s] [ 25%] [34m[1mGenerating C type support for eProsima Fast-RTPS[0m
[13.004s] [ 26%] [32mBuilding CXX object CMakeFiles/dis_tutorial1__rosidl_typesupport_fastrtps_c.dir/rosidl_typesupport_fastrtps_c/dis_tutorial1/msg/detail/custom_message__type_support_c.cpp.o[0m
[14.382s] [ 28%] [32mBuilding CXX object CMakeFiles/dis_tutorial1__rosidl_typesupport_fastrtps_c.dir/rosidl_typesupport_fastrtps_c/dis_tutorial1/srv/detail/add_two_ints__type_support_c.cpp.o[0m
[15.099s] [ 29%] [32m[1mLinking CXX executable simple_set_bool_server_node[0m
[15.290s] [ 31%] [32mBuilding CXX object CMakeFiles/dis_tutorial1__rosidl_typesupport_fastrtps_c.dir/rosidl_typesupport_fastrtps_c/dis_tutorial1/msg/detail/custom_message2__type_support_c.cpp.o[0m
[15.376s] [ 31%] Built target simple_set_bool_server_node
[15.441s] [ 32%] [34m[1mGenerating C++ type support for eProsima Fast-RTPS[0m
[16.231s] [ 34%] [32m[1mLinking CXX executable simple_publisher[0m
[16.441s] [ 35%] [32mBuilding CXX object CMakeFiles/dis_tutorial1__rosidl_typesupport_fastrtps_c.dir/rosidl_typesupport_fastrtps_c/dis_tutorial1/srv/detail/sum_service__type_support_c.cpp.o[0m
[16.731s] [ 37%] [32mBuilding CXX object CMakeFiles/dis_tutorial1__rosidl_typesupport_fastrtps_cpp.dir/rosidl_typesupport_fastrtps_cpp/dis_tutorial1/msg/detail/dds_fastrtps/custom_message__type_support.cpp.o[0m
[16.745s] [ 37%] Built target simple_publisher
[16.809s] [ 38%] [34m[1mGenerating C introspection for ROS interfaces[0m
[17.396s] [ 40%] [32m[1mLinking CXX shared library libdis_tutorial1__rosidl_typesupport_fastrtps_c.so[0m
[17.581s] [ 40%] Built target dis_tutorial1__rosidl_typesupport_fastrtps_c
[17.614s] [ 41%] [32mBuilding CXX object CMakeFiles/dis_tutorial1__rosidl_typesupport_fastrtps_cpp.dir/rosidl_typesupport_fastrtps_cpp/dis_tutorial1/srv/detail/dds_fastrtps/add_two_ints__type_support.cpp.o[0m
[17.622s] [ 43%] [34m[1mGenerating C type support dispatch for ROS interfaces[0m
[18.225s] [ 44%] [32mBuilding C object CMakeFiles/dis_tutorial1__rosidl_typesupport_introspection_c.dir/rosidl_typesupport_introspection_c/dis_tutorial1/msg/detail/custom_message__type_support.c.o[0m
[18.363s] [ 46%] [32mBuilding C object CMakeFiles/dis_tutorial1__rosidl_typesupport_introspection_c.dir/rosidl_typesupport_introspection_c/dis_tutorial1/srv/detail/add_two_ints__type_support.c.o[0m
[18.384s] [ 47%] [32mBuilding CXX object CMakeFiles/dis_tutorial1__rosidl_typesupport_fastrtps_cpp.dir/rosidl_typesupport_fastrtps_cpp/dis_tutorial1/msg/detail/dds_fastrtps/custom_message2__type_support.cpp.o[0m
[18.442s] [ 49%] [32mBuilding C object CMakeFiles/dis_tutorial1__rosidl_typesupport_introspection_c.dir/rosidl_typesupport_introspection_c/dis_tutorial1/msg/detail/custom_message2__type_support.c.o[0m
[18.456s] [ 50%] [32mBuilding CXX object CMakeFiles/dis_tutorial1__rosidl_typesupport_c.dir/rosidl_typesupport_c/dis_tutorial1/msg/custom_message__type_support.cpp.o[0m
[18.524s] [ 52%] [32mBuilding C object CMakeFiles/dis_tutorial1__rosidl_typesupport_introspection_c.dir/rosidl_typesupport_introspection_c/dis_tutorial1/srv/detail/sum_service__type_support.c.o[0m
[18.550s] [ 53%] [32mBuilding CXX object CMakeFiles/dis_tutorial1__rosidl_typesupport_c.dir/rosidl_typesupport_c/dis_tutorial1/srv/add_two_ints__type_support.cpp.o[0m
[18.614s] [ 55%] [32m[1mLinking C shared library libdis_tutorial1__rosidl_typesupport_introspection_c.so[0m
[18.674s] [ 56%] [32mBuilding CXX object CMakeFiles/dis_tutorial1__rosidl_typesupport_c.dir/rosidl_typesupport_c/dis_tutorial1/msg/custom_message2__type_support.cpp.o[0m
[18.815s] [ 58%] [32mBuilding CXX object CMakeFiles/dis_tutorial1__rosidl_typesupport_c.dir/rosidl_typesupport_c/dis_tutorial1/srv/sum_service__type_support.cpp.o[0m
[18.853s] [ 58%] Built target dis_tutorial1__rosidl_typesupport_introspection_c
[18.925s] [ 59%] [32m[1mLinking CXX shared library libdis_tutorial1__rosidl_typesupport_c.so[0m
[18.941s] [ 61%] [34m[1mGenerating C++ introspection for ROS interfaces[0m
[19.080s] [ 61%] Built target dis_tutorial1__rosidl_typesupport_c
[19.466s] [ 62%] [32mBuilding CXX object CMakeFiles/dis_tutorial1__rosidl_typesupport_fastrtps_cpp.dir/rosidl_typesupport_fastrtps_cpp/dis_tutorial1/srv/detail/dds_fastrtps/sum_service__type_support.cpp.o[0m
[19.683s] running egg_info
[19.684s] creating dis_tutorial1.egg-info
[19.684s] writing dis_tutorial1.egg-info/PKG-INFO
[19.684s] writing dependency_links to dis_tutorial1.egg-info/dependency_links.txt
[19.686s] writing top-level names to dis_tutorial1.egg-info/top_level.txt
[19.686s] writing manifest file 'dis_tutorial1.egg-info/SOURCES.txt'
[19.688s] reading manifest file 'dis_tutorial1.egg-info/SOURCES.txt'
[19.693s] writing manifest file 'dis_tutorial1.egg-info/SOURCES.txt'
[19.759s] [ 62%] Built target ament_cmake_python_build_dis_tutorial1_egg
[19.845s] [ 64%] [32mBuilding CXX object CMakeFiles/simple_client_node.dir/src/simple_client_node.cpp.o[0m
[20.006s] [ 65%] [32mBuilding CXX object CMakeFiles/dis_tutorial1__rosidl_typesupport_introspection_cpp.dir/rosidl_typesupport_introspection_cpp/dis_tutorial1/msg/detail/custom_message__type_support.cpp.o[0m
[20.716s] [ 67%] [32m[1mLinking CXX shared library libdis_tutorial1__rosidl_typesupport_fastrtps_cpp.so[0m
[21.076s] [ 68%] [32mBuilding CXX object CMakeFiles/dis_tutorial1__rosidl_typesupport_introspection_cpp.dir/rosidl_typesupport_introspection_cpp/dis_tutorial1/srv/detail/add_two_ints__type_support.cpp.o[0m
[21.081s] [ 68%] Built target dis_tutorial1__rosidl_typesupport_fastrtps_cpp
[21.251s] [ 70%] [32mBuilding CXX object CMakeFiles/simple_server_node.dir/src/simple_server_node.cpp.o[0m
[21.818s] [ 71%] [32mBuilding CXX object CMakeFiles/dis_tutorial1__rosidl_typesupport_introspection_cpp.dir/rosidl_typesupport_introspection_cpp/dis_tutorial1/msg/detail/custom_message2__type_support.cpp.o[0m
[22.925s] [ 73%] [32mBuilding CXX object CMakeFiles/dis_tutorial1__rosidl_typesupport_introspection_cpp.dir/rosidl_typesupport_introspection_cpp/dis_tutorial1/srv/detail/sum_service__type_support.cpp.o[0m
[24.197s] [ 74%] [32m[1mLinking CXX shared library libdis_tutorial1__rosidl_typesupport_introspection_cpp.so[0m
[24.532s] [ 74%] Built target dis_tutorial1__rosidl_typesupport_introspection_cpp
[24.617s] [ 76%] [32mBuilding CXX object CMakeFiles/complete_node.dir/src/complete_node.cpp.o[0m
[24.979s] [ 77%] [32m[1mLinking CXX executable simple_subscriber[0m
[26.205s] [ 77%] Built target simple_subscriber
[26.372s] [ 77%] Built target dis_tutorial1
[26.562s] [ 79%] [34m[1mGenerating Python code for ROS interfaces[0m
[29.010s] [ 79%] Built target dis_tutorial1__py
[29.240s] [ 80%] [32mBuilding C object CMakeFiles/dis_tutorial1__rosidl_generator_py.dir/rosidl_generator_py/dis_tutorial1/msg/_custom_message_s.c.o[0m
[29.389s] [ 82%] [32m[1mLinking CXX executable simple_client_node[0m
[29.501s] [ 83%] [32mBuilding C object CMakeFiles/dis_tutorial1__rosidl_generator_py.dir/rosidl_generator_py/dis_tutorial1/srv/_add_two_ints_s.c.o[0m
[29.786s] [ 83%] Built target simple_client_node
[29.831s] [ 85%] [32mBuilding C object CMakeFiles/dis_tutorial1__rosidl_generator_py.dir/rosidl_generator_py/dis_tutorial1/msg/_custom_message2_s.c.o[0m
[29.954s] [ 86%] [32mBuilding C object CMakeFiles/dis_tutorial1__rosidl_generator_py.dir/rosidl_generator_py/dis_tutorial1/srv/_sum_service_s.c.o[0m
[30.272s] [ 88%] [32m[1mLinking C shared library rosidl_generator_py/dis_tutorial1/libdis_tutorial1__rosidl_generator_py.so[0m
[30.380s] [ 88%] Built target dis_tutorial1__rosidl_generator_py
[30.415s] [ 89%] [32mBuilding C object CMakeFiles/dis_tutorial1__rosidl_typesupport_fastrtps_c__pyext.dir/rosidl_generator_py/dis_tutorial1/_dis_tutorial1_s.ep.rosidl_typesupport_fastrtps_c.c.o[0m
[30.496s] [ 91%] [32mBuilding C object CMakeFiles/dis_tutorial1__rosidl_typesupport_introspection_c__pyext.dir/rosidl_generator_py/dis_tutorial1/_dis_tutorial1_s.ep.rosidl_typesupport_introspection_c.c.o[0m
[30.499s] [ 92%] [32m[1mLinking CXX executable simple_server_node[0m
[30.741s] [ 94%] [32m[1mLinking C shared library rosidl_generator_py/dis_tutorial1/dis_tutorial1_s__rosidl_typesupport_introspection_c.cpython-310-x86_64-linux-gnu.so[0m
[30.751s] [ 95%] [32m[1mLinking C shared library rosidl_generator_py/dis_tutorial1/dis_tutorial1_s__rosidl_typesupport_fastrtps_c.cpython-310-x86_64-linux-gnu.so[0m
[30.867s] [ 95%] Built target dis_tutorial1__rosidl_typesupport_introspection_c__pyext
[30.896s] [ 95%] Built target dis_tutorial1__rosidl_typesupport_fastrtps_c__pyext
[30.907s] [ 97%] [32mBuilding C object CMakeFiles/dis_tutorial1__rosidl_typesupport_c__pyext.dir/rosidl_generator_py/dis_tutorial1/_dis_tutorial1_s.ep.rosidl_typesupport_c.c.o[0m
[30.909s] [ 97%] Built target simple_server_node
[31.083s] [ 98%] [32m[1mLinking C shared library rosidl_generator_py/dis_tutorial1/dis_tutorial1_s__rosidl_typesupport_c.cpython-310-x86_64-linux-gnu.so[0m
[31.128s] [ 98%] Built target dis_tutorial1__rosidl_typesupport_c__pyext
[45.291s] [100%] [32m[1mLinking CXX executable complete_node[0m
[46.019s] [100%] Built target complete_node
[46.056s] Invoked command in '/home/osboxes/ros2_ws/build/dis_tutorial1' returned '0': CMAKE_PREFIX_PATH=${CMAKE_PREFIX_PATH}:/home/osboxes/ros2_ws/install/dis_tutorial2:/opt/ros/humble /usr/bin/cmake --build /home/osboxes/ros2_ws/build/dis_tutorial1 -- -j4 -l4
[46.084s] Invoking command in '/home/osboxes/ros2_ws/build/dis_tutorial1': CMAKE_PREFIX_PATH=${CMAKE_PREFIX_PATH}:/home/osboxes/ros2_ws/install/dis_tutorial2:/opt/ros/humble /usr/bin/cmake --install /home/osboxes/ros2_ws/build/dis_tutorial1
[46.097s] -- Install configuration: ""
[46.097s] -- Execute custom install script
[46.098s] -- Symlinking: /home/osboxes/ros2_ws/install/dis_tutorial1/share/ament_index/resource_index/rosidl_interfaces/dis_tutorial1
[46.107s] -- Symlinking: /home/osboxes/ros2_ws/install/dis_tutorial1/include/dis_tutorial1/dis_tutorial1/msg/custom_message.h
[46.132s] -- Symlinking: /home/osboxes/ros2_ws/install/dis_tutorial1/include/dis_tutorial1/dis_tutorial1/msg/custom_message2.h
[46.155s] -- Symlinking: /home/osboxes/ros2_ws/install/dis_tutorial1/include/dis_tutorial1/dis_tutorial1/msg/detail/custom_message2__functions.h
[46.166s] -- Symlinking: /home/osboxes/ros2_ws/install/dis_tutorial1/include/dis_tutorial1/dis_tutorial1/msg/detail/custom_message2__struct.h
[46.178s] -- Symlinking: /home/osboxes/ros2_ws/install/dis_tutorial1/include/dis_tutorial1/dis_tutorial1/msg/detail/custom_message2__type_support.h
[46.199s] -- Symlinking: /home/osboxes/ros2_ws/install/dis_tutorial1/include/dis_tutorial1/dis_tutorial1/msg/detail/custom_message__functions.h
[46.217s] -- Symlinking: /home/osboxes/ros2_ws/install/dis_tutorial1/include/dis_tutorial1/dis_tutorial1/msg/detail/custom_message__struct.h
[46.230s] -- Symlinking: /home/osboxes/ros2_ws/install/dis_tutorial1/include/dis_tutorial1/dis_tutorial1/msg/detail/custom_message__type_support.h
[46.259s] -- Symlinking: /home/osboxes/ros2_ws/install/dis_tutorial1/include/dis_tutorial1/dis_tutorial1/msg/rosidl_generator_c__visibility_control.h
[46.273s] -- Symlinking: /home/osboxes/ros2_ws/install/dis_tutorial1/include/dis_tutorial1/dis_tutorial1/srv/add_two_ints.h
[46.283s] -- Symlinking: /home/osboxes/ros2_ws/install/dis_tutorial1/include/dis_tutorial1/dis_tutorial1/srv/detail/add_two_ints__functions.h
[46.300s] -- Symlinking: /home/osboxes/ros2_ws/install/dis_tutorial1/include/dis_tutorial1/dis_tutorial1/srv/detail/add_two_ints__struct.h
[46.322s] -- Symlinking: /home/osboxes/ros2_ws/install/dis_tutorial1/include/dis_tutorial1/dis_tutorial1/srv/detail/add_two_ints__type_support.h
[46.339s] -- Symlinking: /home/osboxes/ros2_ws/install/dis_tutorial1/include/dis_tutorial1/dis_tutorial1/srv/detail/sum_service__functions.h
[46.351s] -- Symlinking: /home/osboxes/ros2_ws/install/dis_tutorial1/include/dis_tutorial1/dis_tutorial1/srv/detail/sum_service__struct.h
[46.360s] -- Symlinking: /home/osboxes/ros2_ws/install/dis_tutorial1/include/dis_tutorial1/dis_tutorial1/srv/detail/sum_service__type_support.h
[46.368s] -- Symlinking: /home/osboxes/ros2_ws/install/dis_tutorial1/include/dis_tutorial1/dis_tutorial1/srv/sum_service.h
[46.379s] -- Symlinking: /home/osboxes/ros2_ws/install/dis_tutorial1/share/dis_tutorial1/environment/library_path.sh
[46.418s] -- Symlinking: /home/osboxes/ros2_ws/install/dis_tutorial1/share/dis_tutorial1/environment/library_path.dsv
[46.429s] -- Symlinking: /home/osboxes/ros2_ws/install/dis_tutorial1/include/dis_tutorial1/dis_tutorial1/msg/detail/custom_message2__rosidl_typesupport_fastrtps_c.h
[46.444s] -- Symlinking: /home/osboxes/ros2_ws/install/dis_tutorial1/include/dis_tutorial1/dis_tutorial1/msg/detail/custom_message__rosidl_typesupport_fastrtps_c.h
[46.455s] -- Symlinking: /home/osboxes/ros2_ws/install/dis_tutorial1/include/dis_tutorial1/dis_tutorial1/msg/rosidl_typesupport_fastrtps_c__visibility_control.h
[46.469s] -- Symlinking: /home/osboxes/ros2_ws/install/dis_tutorial1/include/dis_tutorial1/dis_tutorial1/srv/detail/add_two_ints__rosidl_typesupport_fastrtps_c.h
[46.479s] -- Symlinking: /home/osboxes/ros2_ws/install/dis_tutorial1/include/dis_tutorial1/dis_tutorial1/srv/detail/sum_service__rosidl_typesupport_fastrtps_c.h
[46.488s] -- Symlinking: /home/osboxes/ros2_ws/install/dis_tutorial1/include/dis_tutorial1/dis_tutorial1/msg/custom_message.hpp
[46.504s] -- Symlinking: /home/osboxes/ros2_ws/install/dis_tutorial1/include/dis_tutorial1/dis_tutorial1/msg/custom_message2.hpp
[46.518s] -- Symlinking: /home/osboxes/ros2_ws/install/dis_tutorial1/include/dis_tutorial1/dis_tutorial1/msg/detail/custom_message2__builder.hpp
[46.528s] -- Symlinking: /home/osboxes/ros2_ws/install/dis_tutorial1/include/dis_tutorial1/dis_tutorial1/msg/detail/custom_message2__struct.hpp
[46.546s] -- Symlinking: /home/osboxes/ros2_ws/install/dis_tutorial1/include/dis_tutorial1/dis_tutorial1/msg/detail/custom_message2__traits.hpp
[46.557s] -- Symlinking: /home/osboxes/ros2_ws/install/dis_tutorial1/include/dis_tutorial1/dis_tutorial1/msg/detail/custom_message2__type_support.hpp
[46.569s] -- Symlinking: /home/osboxes/ros2_ws/install/dis_tutorial1/include/dis_tutorial1/dis_tutorial1/msg/detail/custom_message__builder.hpp
[46.581s] -- Symlinking: /home/osboxes/ros2_ws/install/dis_tutorial1/include/dis_tutorial1/dis_tutorial1/msg/detail/custom_message__struct.hpp
[46.592s] -- Symlinking: /home/osboxes/ros2_ws/install/dis_tutorial1/include/dis_tutorial1/dis_tutorial1/msg/detail/custom_message__traits.hpp
[46.601s] -- Symlinking: /home/osboxes/ros2_ws/install/dis_tutorial1/include/dis_tutorial1/dis_tutorial1/msg/detail/custom_message__type_support.hpp
[46.612s] -- Symlinking: /home/osboxes/ros2_ws/install/dis_tutorial1/include/dis_tutorial1/dis_tutorial1/msg/rosidl_generator_cpp__visibility_control.hpp
[46.626s] -- Symlinking: /home/osboxes/ros2_ws/install/dis_tutorial1/include/dis_tutorial1/dis_tutorial1/srv/add_two_ints.hpp
[46.637s] -- Symlinking: /home/osboxes/ros2_ws/install/dis_tutorial1/include/dis_tutorial1/dis_tutorial1/srv/detail/add_two_ints__builder.hpp
[46.652s] -- Symlinking: /home/osboxes/ros2_ws/install/dis_tutorial1/include/dis_tutorial1/dis_tutorial1/srv/detail/add_two_ints__struct.hpp
[46.668s] -- Symlinking: /home/osboxes/ros2_ws/install/dis_tutorial1/include/dis_tutorial1/dis_tutorial1/srv/detail/add_two_ints__traits.hpp
[46.682s] -- Symlinking: /home/osboxes/ros2_ws/install/dis_tutorial1/include/dis_tutorial1/dis_tutorial1/srv/detail/add_two_ints__type_support.hpp
[46.701s] -- Symlinking: /home/osboxes/ros2_ws/install/dis_tutorial1/include/dis_tutorial1/dis_tutorial1/srv/detail/sum_service__builder.hpp
[46.728s] -- Symlinking: /home/osboxes/ros2_ws/install/dis_tutorial1/include/dis_tutorial1/dis_tutorial1/srv/detail/sum_service__struct.hpp
[46.744s] -- Symlinking: /home/osboxes/ros2_ws/install/dis_tutorial1/include/dis_tutorial1/dis_tutorial1/srv/detail/sum_service__traits.hpp
[46.760s] -- Symlinking: /home/osboxes/ros2_ws/install/dis_tutorial1/include/dis_tutorial1/dis_tutorial1/srv/detail/sum_service__type_support.hpp
[46.773s] -- Symlinking: /home/osboxes/ros2_ws/install/dis_tutorial1/include/dis_tutorial1/dis_tutorial1/srv/sum_service.hpp
[46.798s] -- Symlinking: /home/osboxes/ros2_ws/install/dis_tutorial1/include/dis_tutorial1/dis_tutorial1/msg/detail/custom_message2__rosidl_typesupport_fastrtps_cpp.hpp
[46.815s] -- Symlinking: /home/osboxes/ros2_ws/install/dis_tutorial1/include/dis_tutorial1/dis_tutorial1/msg/detail/custom_message__rosidl_typesupport_fastrtps_cpp.hpp
[46.826s] -- Symlinking: /home/osboxes/ros2_ws/install/dis_tutorial1/include/dis_tutorial1/dis_tutorial1/msg/rosidl_typesupport_fastrtps_cpp__visibility_control.h
[46.836s] -- Symlinking: /home/osboxes/ros2_ws/install/dis_tutorial1/include/dis_tutorial1/dis_tutorial1/srv/detail/add_two_ints__rosidl_typesupport_fastrtps_cpp.hpp
[46.849s] -- Symlinking: /home/osboxes/ros2_ws/install/dis_tutorial1/include/dis_tutorial1/dis_tutorial1/srv/detail/sum_service__rosidl_typesupport_fastrtps_cpp.hpp
[46.869s] -- Symlinking: /home/osboxes/ros2_ws/install/dis_tutorial1/include/dis_tutorial1/dis_tutorial1/msg/detail/custom_message2__rosidl_typesupport_introspection_c.h
[46.882s] -- Symlinking: /home/osboxes/ros2_ws/install/dis_tutorial1/include/dis_tutorial1/dis_tutorial1/msg/detail/custom_message__rosidl_typesupport_introspection_c.h
[46.901s] -- Symlinking: /home/osboxes/ros2_ws/install/dis_tutorial1/include/dis_tutorial1/dis_tutorial1/msg/rosidl_typesupport_introspection_c__visibility_control.h
[46.912s] -- Symlinking: /home/osboxes/ros2_ws/install/dis_tutorial1/include/dis_tutorial1/dis_tutorial1/srv/detail/add_two_ints__rosidl_typesupport_introspection_c.h
[46.921s] -- Symlinking: /home/osboxes/ros2_ws/install/dis_tutorial1/include/dis_tutorial1/dis_tutorial1/srv/detail/sum_service__rosidl_typesupport_introspection_c.h
[46.931s] -- Symlinking: /home/osboxes/ros2_ws/install/dis_tutorial1/include/dis_tutorial1/dis_tutorial1/msg/detail/custom_message2__rosidl_typesupport_introspection_cpp.hpp
[46.940s] -- Symlinking: /home/osboxes/ros2_ws/install/dis_tutorial1/include/dis_tutorial1/dis_tutorial1/msg/detail/custom_message__rosidl_typesupport_introspection_cpp.hpp
[46.952s] -- Symlinking: /home/osboxes/ros2_ws/install/dis_tutorial1/include/dis_tutorial1/dis_tutorial1/srv/detail/add_two_ints__rosidl_typesupport_introspection_cpp.hpp
[46.963s] -- Symlinking: /home/osboxes/ros2_ws/install/dis_tutorial1/include/dis_tutorial1/dis_tutorial1/srv/detail/sum_service__rosidl_typesupport_introspection_cpp.hpp
[46.974s] -- Symlinking: /home/osboxes/ros2_ws/install/dis_tutorial1/share/dis_tutorial1/environment/pythonpath.sh
[46.993s] -- Symlinking: /home/osboxes/ros2_ws/install/dis_tutorial1/share/dis_tutorial1/environment/pythonpath.dsv
[47.018s] -- Symlinking: /home/osboxes/ros2_ws/install/dis_tutorial1/local/lib/python3.10/dist-packages/dis_tutorial1-0.0.1-py3.10.egg-info/PKG-INFO
[47.036s] -- Symlinking: /home/osboxes/ros2_ws/install/dis_tutorial1/local/lib/python3.10/dist-packages/dis_tutorial1-0.0.1-py3.10.egg-info/SOURCES.txt
[47.058s] -- Symlinking: /home/osboxes/ros2_ws/install/dis_tutorial1/local/lib/python3.10/dist-packages/dis_tutorial1-0.0.1-py3.10.egg-info/dependency_links.txt
[47.075s] -- Symlinking: /home/osboxes/ros2_ws/install/dis_tutorial1/local/lib/python3.10/dist-packages/dis_tutorial1-0.0.1-py3.10.egg-info/top_level.txt
[47.085s] -- Symlinking: /home/osboxes/ros2_ws/install/dis_tutorial1/local/lib/python3.10/dist-packages/dis_tutorial1/__init__.py
[47.098s] -- Symlinking: /home/osboxes/ros2_ws/install/dis_tutorial1/local/lib/python3.10/dist-packages/dis_tutorial1/_dis_tutorial1_s.ep.rosidl_typesupport_c.c
[47.112s] -- Symlinking: /home/osboxes/ros2_ws/install/dis_tutorial1/local/lib/python3.10/dist-packages/dis_tutorial1/_dis_tutorial1_s.ep.rosidl_typesupport_fastrtps_c.c
[47.123s] -- Symlinking: /home/osboxes/ros2_ws/install/dis_tutorial1/local/lib/python3.10/dist-packages/dis_tutorial1/_dis_tutorial1_s.ep.rosidl_typesupport_introspection_c.c
[47.141s] -- Symlinking: /home/osboxes/ros2_ws/install/dis_tutorial1/local/lib/python3.10/dist-packages/dis_tutorial1/dis_tutorial1_s__rosidl_typesupport_c.cpython-310-x86_64-linux-gnu.so
[47.159s] -- Symlinking: /home/osboxes/ros2_ws/install/dis_tutorial1/local/lib/python3.10/dist-packages/dis_tutorial1/dis_tutorial1_s__rosidl_typesupport_fastrtps_c.cpython-310-x86_64-linux-gnu.so
[47.171s] -- Symlinking: /home/osboxes/ros2_ws/install/dis_tutorial1/local/lib/python3.10/dist-packages/dis_tutorial1/dis_tutorial1_s__rosidl_typesupport_introspection_c.cpython-310-x86_64-linux-gnu.so
[47.185s] -- Symlinking: /home/osboxes/ros2_ws/install/dis_tutorial1/local/lib/python3.10/dist-packages/dis_tutorial1/libdis_tutorial1__rosidl_generator_py.so
[47.198s] -- Symlinking: /home/osboxes/ros2_ws/install/dis_tutorial1/local/lib/python3.10/dist-packages/dis_tutorial1/msg/__init__.py
[47.217s] -- Symlinking: /home/osboxes/ros2_ws/install/dis_tutorial1/local/lib/python3.10/dist-packages/dis_tutorial1/msg/_custom_message.py
[47.234s] -- Symlinking: /home/osboxes/ros2_ws/install/dis_tutorial1/local/lib/python3.10/dist-packages/dis_tutorial1/msg/_custom_message2.py
[47.254s] -- Symlinking: /home/osboxes/ros2_ws/install/dis_tutorial1/local/lib/python3.10/dist-packages/dis_tutorial1/msg/_custom_message2_s.c
[47.284s] -- Symlinking: /home/osboxes/ros2_ws/install/dis_tutorial1/local/lib/python3.10/dist-packages/dis_tutorial1/msg/_custom_message_s.c
[47.302s] -- Symlinking: /home/osboxes/ros2_ws/install/dis_tutorial1/local/lib/python3.10/dist-packages/dis_tutorial1/srv/__init__.py
[47.320s] -- Symlinking: /home/osboxes/ros2_ws/install/dis_tutorial1/local/lib/python3.10/dist-packages/dis_tutorial1/srv/_add_two_ints.py
[47.335s] -- Symlinking: /home/osboxes/ros2_ws/install/dis_tutorial1/local/lib/python3.10/dist-packages/dis_tutorial1/srv/_add_two_ints_s.c
[47.349s] -- Symlinking: /home/osboxes/ros2_ws/install/dis_tutorial1/local/lib/python3.10/dist-packages/dis_tutorial1/srv/_sum_service.py
[47.367s] -- Symlinking: /home/osboxes/ros2_ws/install/dis_tutorial1/local/lib/python3.10/dist-packages/dis_tutorial1/srv/_sum_service_s.c
[47.383s] -- Up-to-date symlink: /home/osboxes/ros2_ws/install/dis_tutorial1/local/lib/python3.10/dist-packages/dis_tutorial1/dis_tutorial1_s__rosidl_typesupport_fastrtps_c.cpython-310-x86_64-linux-gnu.so
[47.385s] -- Up-to-date symlink: /home/osboxes/ros2_ws/install/dis_tutorial1/local/lib/python3.10/dist-packages/dis_tutorial1/dis_tutorial1_s__rosidl_typesupport_introspection_c.cpython-310-x86_64-linux-gnu.so
[47.386s] -- Up-to-date symlink: /home/osboxes/ros2_ws/install/dis_tutorial1/local/lib/python3.10/dist-packages/dis_tutorial1/dis_tutorial1_s__rosidl_typesupport_c.cpython-310-x86_64-linux-gnu.so
[47.387s] -- Symlinking: /home/osboxes/ros2_ws/install/dis_tutorial1/share/dis_tutorial1/msg/CustomMessage.idl
[47.406s] -- Symlinking: /home/osboxes/ros2_ws/install/dis_tutorial1/share/dis_tutorial1/srv/AddTwoInts.idl
[47.422s] -- Symlinking: /home/osboxes/ros2_ws/install/dis_tutorial1/share/dis_tutorial1/msg/CustomMessage2.idl
[47.446s] -- Symlinking: /home/osboxes/ros2_ws/install/dis_tutorial1/share/dis_tutorial1/srv/SumService.idl
[47.469s] -- Symlinking: /home/osboxes/ros2_ws/install/dis_tutorial1/share/dis_tutorial1/msg/CustomMessage.msg
[47.487s] -- Symlinking: /home/osboxes/ros2_ws/install/dis_tutorial1/share/dis_tutorial1/srv/AddTwoInts.srv
[47.517s] -- Symlinking: /home/osboxes/ros2_ws/install/dis_tutorial1/share/dis_tutorial1/srv/AddTwoInts_Request.msg
[47.544s] -- Symlinking: /home/osboxes/ros2_ws/install/dis_tutorial1/share/dis_tutorial1/srv/AddTwoInts_Response.msg
[47.567s] -- Symlinking: /home/osboxes/ros2_ws/install/dis_tutorial1/share/dis_tutorial1/msg/CustomMessage2.msg
[47.592s] -- Symlinking: /home/osboxes/ros2_ws/install/dis_tutorial1/share/dis_tutorial1/srv/SumService.srv
[47.612s] -- Symlinking: /home/osboxes/ros2_ws/install/dis_tutorial1/share/dis_tutorial1/srv/SumService_Request.msg
[47.643s] -- Symlinking: /home/osboxes/ros2_ws/install/dis_tutorial1/share/dis_tutorial1/srv/SumService_Response.msg
[47.671s] -- Symlinking: /home/osboxes/ros2_ws/install/dis_tutorial1/lib/dis_tutorial1/simple_publisher
[47.696s] -- Symlinking: /home/osboxes/ros2_ws/install/dis_tutorial1/lib/dis_tutorial1/simple_subscriber
[47.722s] -- Symlinking: /home/osboxes/ros2_ws/install/dis_tutorial1/lib/dis_tutorial1/simple_client_node
[47.735s] -- Symlinking: /home/osboxes/ros2_ws/install/dis_tutorial1/lib/dis_tutorial1/simple_server_node
[47.757s] -- Symlinking: /home/osboxes/ros2_ws/install/dis_tutorial1/lib/dis_tutorial1/complete_node
[47.781s] -- Symlinking: /home/osboxes/ros2_ws/install/dis_tutorial1/lib/dis_tutorial1/simple_set_bool_server_node
[47.796s] -- Symlinking: /home/osboxes/ros2_ws/install/dis_tutorial1/lib/dis_tutorial1/py_simple_publisher.py
[47.809s] -- Symlinking: /home/osboxes/ros2_ws/install/dis_tutorial1/lib/dis_tutorial1/py_simple_subscriber.py
[47.824s] -- Symlinking: /home/osboxes/ros2_ws/install/dis_tutorial1/lib/dis_tutorial1/py_simple_server_node.py
[47.838s] -- Symlinking: /home/osboxes/ros2_ws/install/dis_tutorial1/lib/dis_tutorial1/py_simple_client_node.py
[47.854s] -- Symlinking: /home/osboxes/ros2_ws/install/dis_tutorial1/lib/dis_tutorial1/py_complete_node.py
[47.873s] -- Symlinking: /home/osboxes/ros2_ws/install/dis_tutorial1/lib/dis_tutorial1/py_draw_square.py
[47.890s] -- Symlinking: /home/osboxes/ros2_ws/install/dis_tutorial1/lib/dis_tutorial1/publisher_node.py
[47.913s] -- Symlinking: /home/osboxes/ros2_ws/install/dis_tutorial1/lib/dis_tutorial1/subscriber_node.py
[47.947s] -- Symlinking: /home/osboxes/ros2_ws/install/dis_tutorial1/lib/dis_tutorial1/service_node.py
[47.973s] -- Symlinking: /home/osboxes/ros2_ws/install/dis_tutorial1/lib/dis_tutorial1/client_node.py
[47.991s] -- Symlinking: /home/osboxes/ros2_ws/install/dis_tutorial1/share/ament_index/resource_index/package_run_dependencies/dis_tutorial1
[48.006s] -- Symlinking: /home/osboxes/ros2_ws/install/dis_tutorial1/share/ament_index/resource_index/parent_prefix_path/dis_tutorial1
[48.019s] -- Symlinking: /home/osboxes/ros2_ws/install/dis_tutorial1/share/dis_tutorial1/environment/ament_prefix_path.sh
[48.040s] -- Symlinking: /home/osboxes/ros2_ws/install/dis_tutorial1/share/dis_tutorial1/environment/ament_prefix_path.dsv
[48.072s] -- Symlinking: /home/osboxes/ros2_ws/install/dis_tutorial1/share/dis_tutorial1/environment/path.sh
[48.104s] -- Symlinking: /home/osboxes/ros2_ws/install/dis_tutorial1/share/dis_tutorial1/environment/path.dsv
[48.135s] -- Symlinking: /home/osboxes/ros2_ws/install/dis_tutorial1/share/dis_tutorial1/local_setup.bash
[48.156s] -- Symlinking: /home/osboxes/ros2_ws/install/dis_tutorial1/share/dis_tutorial1/local_setup.sh
[48.178s] -- Symlinking: /home/osboxes/ros2_ws/install/dis_tutorial1/share/dis_tutorial1/local_setup.zsh
[48.207s] -- Symlinking: /home/osboxes/ros2_ws/install/dis_tutorial1/share/dis_tutorial1/local_setup.dsv
[48.238s] -- Symlinking: /home/osboxes/ros2_ws/install/dis_tutorial1/share/dis_tutorial1/package.dsv
[48.257s] -- Symlinking: /home/osboxes/ros2_ws/install/dis_tutorial1/share/ament_index/resource_index/packages/dis_tutorial1
[48.282s] -- Symlinking: /home/osboxes/ros2_ws/install/dis_tutorial1/share/dis_tutorial1/cmake/rosidl_cmake-extras.cmake
[48.306s] -- Symlinking: /home/osboxes/ros2_ws/install/dis_tutorial1/share/dis_tutorial1/cmake/ament_cmake_export_dependencies-extras.cmake
[48.322s] -- Symlinking: /home/osboxes/ros2_ws/install/dis_tutorial1/share/dis_tutorial1/cmake/ament_cmake_export_include_directories-extras.cmake
[48.339s] -- Symlinking: /home/osboxes/ros2_ws/install/dis_tutorial1/share/dis_tutorial1/cmake/ament_cmake_export_libraries-extras.cmake
[48.371s] -- Symlinking: /home/osboxes/ros2_ws/install/dis_tutorial1/share/dis_tutorial1/cmake/ament_cmake_export_targets-extras.cmake
[48.396s] -- Symlinking: /home/osboxes/ros2_ws/install/dis_tutorial1/share/dis_tutorial1/cmake/rosidl_cmake_export_typesupport_targets-extras.cmake
[48.429s] -- Symlinking: /home/osboxes/ros2_ws/install/dis_tutorial1/share/dis_tutorial1/cmake/rosidl_cmake_export_typesupport_libraries-extras.cmake
[48.456s] -- Symlinking: /home/osboxes/ros2_ws/install/dis_tutorial1/share/dis_tutorial1/cmake/dis_tutorial1Config.cmake
[48.485s] -- Symlinking: /home/osboxes/ros2_ws/install/dis_tutorial1/share/dis_tutorial1/cmake/dis_tutorial1Config-version.cmake
[48.508s] -- Symlinking: /home/osboxes/ros2_ws/install/dis_tutorial1/share/dis_tutorial1/package.xml
[48.533s] -- Installing: /home/osboxes/ros2_ws/install/dis_tutorial1/lib/libdis_tutorial1__rosidl_generator_c.so
[48.534s] -- Set runtime path of "/home/osboxes/ros2_ws/install/dis_tutorial1/lib/libdis_tutorial1__rosidl_generator_c.so" to ""
[48.534s] -- Installing: /home/osboxes/ros2_ws/install/dis_tutorial1/lib/libdis_tutorial1__rosidl_typesupport_fastrtps_c.so
[48.534s] -- Set runtime path of "/home/osboxes/ros2_ws/install/dis_tutorial1/lib/libdis_tutorial1__rosidl_typesupport_fastrtps_c.so" to ""
[48.534s] -- Installing: /home/osboxes/ros2_ws/install/dis_tutorial1/lib/libdis_tutorial1__rosidl_typesupport_fastrtps_cpp.so
[48.535s] -- Set runtime path of "/home/osboxes/ros2_ws/install/dis_tutorial1/lib/libdis_tutorial1__rosidl_typesupport_fastrtps_cpp.so" to ""
[48.535s] -- Installing: /home/osboxes/ros2_ws/install/dis_tutorial1/lib/libdis_tutorial1__rosidl_typesupport_introspection_c.so
[48.536s] -- Set runtime path of "/home/osboxes/ros2_ws/install/dis_tutorial1/lib/libdis_tutorial1__rosidl_typesupport_introspection_c.so" to ""
[48.537s] -- Installing: /home/osboxes/ros2_ws/install/dis_tutorial1/lib/libdis_tutorial1__rosidl_typesupport_c.so
[48.538s] -- Set runtime path of "/home/osboxes/ros2_ws/install/dis_tutorial1/lib/libdis_tutorial1__rosidl_typesupport_c.so" to ""
[48.538s] -- Installing: /home/osboxes/ros2_ws/install/dis_tutorial1/lib/libdis_tutorial1__rosidl_typesupport_introspection_cpp.so
[48.540s] -- Set runtime path of "/home/osboxes/ros2_ws/install/dis_tutorial1/lib/libdis_tutorial1__rosidl_typesupport_introspection_cpp.so" to ""
[48.540s] -- Installing: /home/osboxes/ros2_ws/install/dis_tutorial1/lib/libdis_tutorial1__rosidl_typesupport_cpp.so
[48.541s] -- Set runtime path of "/home/osboxes/ros2_ws/install/dis_tutorial1/lib/libdis_tutorial1__rosidl_typesupport_cpp.so" to ""
[48.619s] Listing '/home/osboxes/ros2_ws/install/dis_tutorial1/local/lib/python3.10/dist-packages/dis_tutorial1'...
[48.619s] Compiling '/home/osboxes/ros2_ws/install/dis_tutorial1/local/lib/python3.10/dist-packages/dis_tutorial1/__init__.py'...
[48.619s] Listing '/home/osboxes/ros2_ws/install/dis_tutorial1/local/lib/python3.10/dist-packages/dis_tutorial1/msg'...
[48.619s] Compiling '/home/osboxes/ros2_ws/install/dis_tutorial1/local/lib/python3.10/dist-packages/dis_tutorial1/msg/__init__.py'...
[48.619s] Compiling '/home/osboxes/ros2_ws/install/dis_tutorial1/local/lib/python3.10/dist-packages/dis_tutorial1/msg/_custom_message.py'...
[48.619s] Compiling '/home/osboxes/ros2_ws/install/dis_tutorial1/local/lib/python3.10/dist-packages/dis_tutorial1/msg/_custom_message2.py'...
[48.620s] Listing '/home/osboxes/ros2_ws/install/dis_tutorial1/local/lib/python3.10/dist-packages/dis_tutorial1/srv'...
[48.620s] Compiling '/home/osboxes/ros2_ws/install/dis_tutorial1/local/lib/python3.10/dist-packages/dis_tutorial1/srv/__init__.py'...
[48.620s] Compiling '/home/osboxes/ros2_ws/install/dis_tutorial1/local/lib/python3.10/dist-packages/dis_tutorial1/srv/_add_two_ints.py'...
[48.620s] Compiling '/home/osboxes/ros2_ws/install/dis_tutorial1/local/lib/python3.10/dist-packages/dis_tutorial1/srv/_sum_service.py'...
[48.624s] -- Installing: /home/osboxes/ros2_ws/install/dis_tutorial1/lib/libdis_tutorial1__rosidl_generator_py.so
[48.625s] -- Set runtime path of "/home/osboxes/ros2_ws/install/dis_tutorial1/lib/libdis_tutorial1__rosidl_generator_py.so" to ""
[48.625s] -- Installing: /home/osboxes/ros2_ws/install/dis_tutorial1/share/dis_tutorial1/cmake/export_dis_tutorial1__rosidl_generator_cExport.cmake
[48.625s] -- Installing: /home/osboxes/ros2_ws/install/dis_tutorial1/share/dis_tutorial1/cmake/export_dis_tutorial1__rosidl_generator_cExport-noconfig.cmake
[48.625s] -- Installing: /home/osboxes/ros2_ws/install/dis_tutorial1/share/dis_tutorial1/cmake/export_dis_tutorial1__rosidl_typesupport_fastrtps_cExport.cmake
[48.626s] -- Installing: /home/osboxes/ros2_ws/install/dis_tutorial1/share/dis_tutorial1/cmake/export_dis_tutorial1__rosidl_typesupport_fastrtps_cExport-noconfig.cmake
[48.626s] -- Installing: /home/osboxes/ros2_ws/install/dis_tutorial1/share/dis_tutorial1/cmake/export_dis_tutorial1__rosidl_generator_cppExport.cmake
[48.626s] -- Installing: /home/osboxes/ros2_ws/install/dis_tutorial1/share/dis_tutorial1/cmake/export_dis_tutorial1__rosidl_typesupport_fastrtps_cppExport.cmake
[48.627s] -- Installing: /home/osboxes/ros2_ws/install/dis_tutorial1/share/dis_tutorial1/cmake/export_dis_tutorial1__rosidl_typesupport_fastrtps_cppExport-noconfig.cmake
[48.627s] -- Installing: /home/osboxes/ros2_ws/install/dis_tutorial1/share/dis_tutorial1/cmake/dis_tutorial1__rosidl_typesupport_introspection_cExport.cmake
[48.629s] -- Installing: /home/osboxes/ros2_ws/install/dis_tutorial1/share/dis_tutorial1/cmake/dis_tutorial1__rosidl_typesupport_introspection_cExport-noconfig.cmake
[48.629s] -- Installing: /home/osboxes/ros2_ws/install/dis_tutorial1/share/dis_tutorial1/cmake/dis_tutorial1__rosidl_typesupport_cExport.cmake
[48.629s] -- Installing: /home/osboxes/ros2_ws/install/dis_tutorial1/share/dis_tutorial1/cmake/dis_tutorial1__rosidl_typesupport_cExport-noconfig.cmake
[48.630s] -- Installing: /home/osboxes/ros2_ws/install/dis_tutorial1/share/dis_tutorial1/cmake/dis_tutorial1__rosidl_typesupport_introspection_cppExport.cmake
[48.630s] -- Installing: /home/osboxes/ros2_ws/install/dis_tutorial1/share/dis_tutorial1/cmake/dis_tutorial1__rosidl_typesupport_introspection_cppExport-noconfig.cmake
[48.630s] -- Installing: /home/osboxes/ros2_ws/install/dis_tutorial1/share/dis_tutorial1/cmake/dis_tutorial1__rosidl_typesupport_cppExport.cmake
[48.630s] -- Installing: /home/osboxes/ros2_ws/install/dis_tutorial1/share/dis_tutorial1/cmake/dis_tutorial1__rosidl_typesupport_cppExport-noconfig.cmake
[48.631s] -- Installing: /home/osboxes/ros2_ws/install/dis_tutorial1/share/dis_tutorial1/cmake/export_dis_tutorial1__rosidl_generator_pyExport.cmake
[48.632s] -- Installing: /home/osboxes/ros2_ws/install/dis_tutorial1/share/dis_tutorial1/cmake/export_dis_tutorial1__rosidl_generator_pyExport-noconfig.cmake
[48.639s] Invoked command in '/home/osboxes/ros2_ws/build/dis_tutorial1' returned '0': CMAKE_PREFIX_PATH=${CMAKE_PREFIX_PATH}:/home/osboxes/ros2_ws/install/dis_tutorial2:/opt/ros/humble /usr/bin/cmake --install /home/osboxes/ros2_ws/build/dis_tutorial1
