[0.316s] Invoking command in '/home/tau/colcon_ws/build/hwpub': CMAKE_PREFIX_PATH=${CMAKE_PREFIX_PATH}:/home/tau/colcon_ws/install/dis_tutorial2:/opt/ros/humble /usr/bin/cmake --build /home/tau/colcon_ws/build/hwpub -- -j16 -l16
[0.423s] [  2%] Built target hwpub__cpp
[0.453s] [  2%] Built target ament_cmake_python_copy_hwpub
[0.483s] [ 12%] Built target hwpub__rosidl_typesupport_introspection_cpp
[0.772s] running egg_info
[0.774s] writing hwpub.egg-info/PKG-INFO
[0.776s] writing dependency_links to hwpub.egg-info/dependency_links.txt
[0.776s] writing top-level names to hwpub.egg-info/top_level.txt
[0.776s] reading manifest file 'hwpub.egg-info/SOURCES.txt'
[0.778s] writing manifest file 'hwpub.egg-info/SOURCES.txt'
[0.834s] [ 12%] Built target ament_cmake_python_build_hwpub_egg
[0.859s] [ 23%] Built target hwpub__rosidl_typesupport_fastrtps_cpp
[0.883s] [ 33%] Built target hwpub__rosidl_typesupport_cpp
[0.905s] [ 43%] Built target hwpub__rosidl_generator_c
[0.928s] [ 53%] Built target hwpub__rosidl_typesupport_fastrtps_c
[0.952s] [ 64%] Built target hwpub__rosidl_typesupport_c
[0.973s] [ 74%] Built target hwpub__rosidl_typesupport_introspection_c
[0.993s] [ 74%] Built target hwpub
[1.019s] [ 76%] Built target hwpub__py
[1.044s] [ 84%] Built target hwpub__rosidl_generator_py
[1.073s] [ 89%] Built target hwpub__rosidl_typesupport_fastrtps_c__pyext
[1.096s] [ 94%] Built target hwpub__rosidl_typesupport_c__pyext
[1.121s] [100%] Built target hwpub__rosidl_typesupport_introspection_c__pyext
[1.135s] Invoked command in '/home/tau/colcon_ws/build/hwpub' returned '0': CMAKE_PREFIX_PATH=${CMAKE_PREFIX_PATH}:/home/tau/colcon_ws/install/dis_tutorial2:/opt/ros/humble /usr/bin/cmake --build /home/tau/colcon_ws/build/hwpub -- -j16 -l16
[1.140s] Invoking command in '/home/tau/colcon_ws/build/hwpub': CMAKE_PREFIX_PATH=${CMAKE_PREFIX_PATH}:/home/tau/colcon_ws/install/dis_tutorial2:/opt/ros/humble /usr/bin/cmake --install /home/tau/colcon_ws/build/hwpub
[1.150s] -- Install configuration: ""
[1.150s] -- Up-to-date: /home/tau/colcon_ws/install/hwpub/share/ament_index/resource_index/rosidl_interfaces/hwpub
[1.150s] -- Up-to-date: /home/tau/colcon_ws/install/hwpub/include/hwpub/hwpub
[1.150s] -- Up-to-date: /home/tau/colcon_ws/install/hwpub/include/hwpub/hwpub/msg
[1.150s] -- Up-to-date: /home/tau/colcon_ws/install/hwpub/include/hwpub/hwpub/msg/hwmsg.h
[1.150s] -- Up-to-date: /home/tau/colcon_ws/install/hwpub/include/hwpub/hwpub/msg/rosidl_generator_c__visibility_control.h
[1.150s] -- Up-to-date: /home/tau/colcon_ws/install/hwpub/include/hwpub/hwpub/msg/detail
[1.150s] -- Up-to-date: /home/tau/colcon_ws/install/hwpub/include/hwpub/hwpub/msg/detail/hwmsg__struct.h
[1.150s] -- Up-to-date: /home/tau/colcon_ws/install/hwpub/include/hwpub/hwpub/msg/detail/hwmsg__functions.h
[1.151s] -- Up-to-date: /home/tau/colcon_ws/install/hwpub/include/hwpub/hwpub/msg/detail/hwmsg__type_support.h
[1.151s] -- Up-to-date: /home/tau/colcon_ws/install/hwpub/include/hwpub/hwpub/msg/detail/hwmsg__functions.c
[1.151s] -- Up-to-date: /home/tau/colcon_ws/install/hwpub/include/hwpub/hwpub/srv
[1.151s] -- Up-to-date: /home/tau/colcon_ws/install/hwpub/include/hwpub/hwpub/srv/customserv.h
[1.151s] -- Up-to-date: /home/tau/colcon_ws/install/hwpub/include/hwpub/hwpub/srv/detail
[1.151s] -- Up-to-date: /home/tau/colcon_ws/install/hwpub/include/hwpub/hwpub/srv/detail/customserv__functions.c
[1.151s] -- Up-to-date: /home/tau/colcon_ws/install/hwpub/include/hwpub/hwpub/srv/detail/customserv__struct.h
[1.151s] -- Up-to-date: /home/tau/colcon_ws/install/hwpub/include/hwpub/hwpub/srv/detail/customserv__type_support.h
[1.151s] -- Up-to-date: /home/tau/colcon_ws/install/hwpub/include/hwpub/hwpub/srv/detail/customserv__functions.h
[1.151s] -- Up-to-date: /home/tau/colcon_ws/install/hwpub/share/hwpub/environment/library_path.sh
[1.152s] -- Up-to-date: /home/tau/colcon_ws/install/hwpub/share/hwpub/environment/library_path.dsv
[1.152s] -- Up-to-date: /home/tau/colcon_ws/install/hwpub/lib/libhwpub__rosidl_generator_c.so
[1.152s] -- Up-to-date: /home/tau/colcon_ws/install/hwpub/include/hwpub/hwpub
[1.152s] -- Up-to-date: /home/tau/colcon_ws/install/hwpub/include/hwpub/hwpub/msg
[1.152s] -- Up-to-date: /home/tau/colcon_ws/install/hwpub/include/hwpub/hwpub/msg/rosidl_typesupport_fastrtps_c__visibility_control.h
[1.152s] -- Up-to-date: /home/tau/colcon_ws/install/hwpub/include/hwpub/hwpub/msg/detail
[1.152s] -- Up-to-date: /home/tau/colcon_ws/install/hwpub/include/hwpub/hwpub/msg/detail/hwmsg__rosidl_typesupport_fastrtps_c.h
[1.152s] -- Up-to-date: /home/tau/colcon_ws/install/hwpub/include/hwpub/hwpub/srv
[1.152s] -- Up-to-date: /home/tau/colcon_ws/install/hwpub/include/hwpub/hwpub/srv/detail
[1.152s] -- Up-to-date: /home/tau/colcon_ws/install/hwpub/include/hwpub/hwpub/srv/detail/customserv__rosidl_typesupport_fastrtps_c.h
[1.152s] -- Up-to-date: /home/tau/colcon_ws/install/hwpub/lib/libhwpub__rosidl_typesupport_fastrtps_c.so
[1.152s] -- Up-to-date: /home/tau/colcon_ws/install/hwpub/include/hwpub/hwpub
[1.152s] -- Up-to-date: /home/tau/colcon_ws/install/hwpub/include/hwpub/hwpub/msg
[1.152s] -- Up-to-date: /home/tau/colcon_ws/install/hwpub/include/hwpub/hwpub/msg/rosidl_generator_cpp__visibility_control.hpp
[1.153s] -- Up-to-date: /home/tau/colcon_ws/install/hwpub/include/hwpub/hwpub/msg/hwmsg.hpp
[1.153s] -- Up-to-date: /home/tau/colcon_ws/install/hwpub/include/hwpub/hwpub/msg/detail
[1.153s] -- Up-to-date: /home/tau/colcon_ws/install/hwpub/include/hwpub/hwpub/msg/detail/hwmsg__struct.hpp
[1.153s] -- Up-to-date: /home/tau/colcon_ws/install/hwpub/include/hwpub/hwpub/msg/detail/hwmsg__type_support.hpp
[1.153s] -- Up-to-date: /home/tau/colcon_ws/install/hwpub/include/hwpub/hwpub/msg/detail/hwmsg__builder.hpp
[1.153s] -- Up-to-date: /home/tau/colcon_ws/install/hwpub/include/hwpub/hwpub/msg/detail/hwmsg__traits.hpp
[1.153s] -- Up-to-date: /home/tau/colcon_ws/install/hwpub/include/hwpub/hwpub/srv
[1.153s] -- Up-to-date: /home/tau/colcon_ws/install/hwpub/include/hwpub/hwpub/srv/customserv.hpp
[1.153s] -- Up-to-date: /home/tau/colcon_ws/install/hwpub/include/hwpub/hwpub/srv/detail
[1.153s] -- Up-to-date: /home/tau/colcon_ws/install/hwpub/include/hwpub/hwpub/srv/detail/customserv__traits.hpp
[1.153s] -- Up-to-date: /home/tau/colcon_ws/install/hwpub/include/hwpub/hwpub/srv/detail/customserv__type_support.hpp
[1.153s] -- Up-to-date: /home/tau/colcon_ws/install/hwpub/include/hwpub/hwpub/srv/detail/customserv__builder.hpp
[1.153s] -- Up-to-date: /home/tau/colcon_ws/install/hwpub/include/hwpub/hwpub/srv/detail/customserv__struct.hpp
[1.153s] -- Up-to-date: /home/tau/colcon_ws/install/hwpub/include/hwpub/hwpub
[1.153s] -- Up-to-date: /home/tau/colcon_ws/install/hwpub/include/hwpub/hwpub/msg
[1.153s] -- Up-to-date: /home/tau/colcon_ws/install/hwpub/include/hwpub/hwpub/msg/rosidl_typesupport_fastrtps_cpp__visibility_control.h
[1.153s] -- Up-to-date: /home/tau/colcon_ws/install/hwpub/include/hwpub/hwpub/msg/detail
[1.153s] -- Up-to-date: /home/tau/colcon_ws/install/hwpub/include/hwpub/hwpub/msg/detail/hwmsg__rosidl_typesupport_fastrtps_cpp.hpp
[1.153s] -- Up-to-date: /home/tau/colcon_ws/install/hwpub/include/hwpub/hwpub/msg/detail/dds_fastrtps
[1.153s] -- Up-to-date: /home/tau/colcon_ws/install/hwpub/include/hwpub/hwpub/srv
[1.154s] -- Up-to-date: /home/tau/colcon_ws/install/hwpub/include/hwpub/hwpub/srv/detail
[1.154s] -- Up-to-date: /home/tau/colcon_ws/install/hwpub/include/hwpub/hwpub/srv/detail/customserv__rosidl_typesupport_fastrtps_cpp.hpp
[1.154s] -- Up-to-date: /home/tau/colcon_ws/install/hwpub/include/hwpub/hwpub/srv/detail/dds_fastrtps
[1.154s] -- Up-to-date: /home/tau/colcon_ws/install/hwpub/lib/libhwpub__rosidl_typesupport_fastrtps_cpp.so
[1.154s] -- Up-to-date: /home/tau/colcon_ws/install/hwpub/include/hwpub/hwpub
[1.154s] -- Up-to-date: /home/tau/colcon_ws/install/hwpub/include/hwpub/hwpub/msg
[1.154s] -- Up-to-date: /home/tau/colcon_ws/install/hwpub/include/hwpub/hwpub/msg/detail
[1.154s] -- Up-to-date: /home/tau/colcon_ws/install/hwpub/include/hwpub/hwpub/msg/detail/hwmsg__rosidl_typesupport_introspection_c.h
[1.154s] -- Up-to-date: /home/tau/colcon_ws/install/hwpub/include/hwpub/hwpub/msg/detail/hwmsg__type_support.c
[1.154s] -- Up-to-date: /home/tau/colcon_ws/install/hwpub/include/hwpub/hwpub/msg/rosidl_typesupport_introspection_c__visibility_control.h
[1.155s] -- Up-to-date: /home/tau/colcon_ws/install/hwpub/include/hwpub/hwpub/srv
[1.155s] -- Up-to-date: /home/tau/colcon_ws/install/hwpub/include/hwpub/hwpub/srv/detail
[1.155s] -- Up-to-date: /home/tau/colcon_ws/install/hwpub/include/hwpub/hwpub/srv/detail/customserv__type_support.c
[1.155s] -- Up-to-date: /home/tau/colcon_ws/install/hwpub/include/hwpub/hwpub/srv/detail/customserv__rosidl_typesupport_introspection_c.h
[1.155s] -- Up-to-date: /home/tau/colcon_ws/install/hwpub/lib/libhwpub__rosidl_typesupport_introspection_c.so
[1.155s] -- Up-to-date: /home/tau/colcon_ws/install/hwpub/lib/libhwpub__rosidl_typesupport_c.so
[1.155s] -- Up-to-date: /home/tau/colcon_ws/install/hwpub/include/hwpub/hwpub
[1.155s] -- Up-to-date: /home/tau/colcon_ws/install/hwpub/include/hwpub/hwpub/msg
[1.155s] -- Up-to-date: /home/tau/colcon_ws/install/hwpub/include/hwpub/hwpub/msg/detail
[1.155s] -- Up-to-date: /home/tau/colcon_ws/install/hwpub/include/hwpub/hwpub/msg/detail/hwmsg__type_support.cpp
[1.155s] -- Up-to-date: /home/tau/colcon_ws/install/hwpub/include/hwpub/hwpub/msg/detail/hwmsg__rosidl_typesupport_introspection_cpp.hpp
[1.155s] -- Up-to-date: /home/tau/colcon_ws/install/hwpub/include/hwpub/hwpub/srv
[1.155s] -- Up-to-date: /home/tau/colcon_ws/install/hwpub/include/hwpub/hwpub/srv/detail
[1.155s] -- Up-to-date: /home/tau/colcon_ws/install/hwpub/include/hwpub/hwpub/srv/detail/customserv__type_support.cpp
[1.155s] -- Up-to-date: /home/tau/colcon_ws/install/hwpub/include/hwpub/hwpub/srv/detail/customserv__rosidl_typesupport_introspection_cpp.hpp
[1.155s] -- Up-to-date: /home/tau/colcon_ws/install/hwpub/lib/libhwpub__rosidl_typesupport_introspection_cpp.so
[1.155s] -- Up-to-date: /home/tau/colcon_ws/install/hwpub/lib/libhwpub__rosidl_typesupport_cpp.so
[1.156s] -- Up-to-date: /home/tau/colcon_ws/install/hwpub/share/hwpub/environment/pythonpath.sh
[1.156s] -- Up-to-date: /home/tau/colcon_ws/install/hwpub/share/hwpub/environment/pythonpath.dsv
[1.156s] -- Up-to-date: /home/tau/colcon_ws/install/hwpub/local/lib/python3.10/dist-packages/hwpub-0.0.1-py3.10.egg-info
[1.156s] -- Installing: /home/tau/colcon_ws/install/hwpub/local/lib/python3.10/dist-packages/hwpub-0.0.1-py3.10.egg-info/dependency_links.txt
[1.156s] -- Installing: /home/tau/colcon_ws/install/hwpub/local/lib/python3.10/dist-packages/hwpub-0.0.1-py3.10.egg-info/PKG-INFO
[1.156s] -- Installing: /home/tau/colcon_ws/install/hwpub/local/lib/python3.10/dist-packages/hwpub-0.0.1-py3.10.egg-info/top_level.txt
[1.156s] -- Installing: /home/tau/colcon_ws/install/hwpub/local/lib/python3.10/dist-packages/hwpub-0.0.1-py3.10.egg-info/SOURCES.txt
[1.156s] -- Up-to-date: /home/tau/colcon_ws/install/hwpub/local/lib/python3.10/dist-packages/hwpub
[1.156s] -- Up-to-date: /home/tau/colcon_ws/install/hwpub/local/lib/python3.10/dist-packages/hwpub/libhwpub__rosidl_generator_py.so
[1.156s] -- Up-to-date: /home/tau/colcon_ws/install/hwpub/local/lib/python3.10/dist-packages/hwpub/msg
[1.156s] -- Up-to-date: /home/tau/colcon_ws/install/hwpub/local/lib/python3.10/dist-packages/hwpub/msg/_hwmsg.py
[1.156s] -- Up-to-date: /home/tau/colcon_ws/install/hwpub/local/lib/python3.10/dist-packages/hwpub/msg/__init__.py
[1.156s] -- Up-to-date: /home/tau/colcon_ws/install/hwpub/local/lib/python3.10/dist-packages/hwpub/msg/_hwmsg_s.c
[1.156s] -- Up-to-date: /home/tau/colcon_ws/install/hwpub/local/lib/python3.10/dist-packages/hwpub/__init__.py
[1.156s] -- Up-to-date: /home/tau/colcon_ws/install/hwpub/local/lib/python3.10/dist-packages/hwpub/hwpub_s__rosidl_typesupport_c.cpython-310-x86_64-linux-gnu.so
[1.156s] -- Up-to-date: /home/tau/colcon_ws/install/hwpub/local/lib/python3.10/dist-packages/hwpub/hwpub_s__rosidl_typesupport_introspection_c.cpython-310-x86_64-linux-gnu.so
[1.156s] -- Up-to-date: /home/tau/colcon_ws/install/hwpub/local/lib/python3.10/dist-packages/hwpub/hwpub_s__rosidl_typesupport_fastrtps_c.cpython-310-x86_64-linux-gnu.so
[1.156s] -- Up-to-date: /home/tau/colcon_ws/install/hwpub/local/lib/python3.10/dist-packages/hwpub/_hwpub_s.ep.rosidl_typesupport_c.c
[1.156s] -- Up-to-date: /home/tau/colcon_ws/install/hwpub/local/lib/python3.10/dist-packages/hwpub/srv
[1.156s] -- Up-to-date: /home/tau/colcon_ws/install/hwpub/local/lib/python3.10/dist-packages/hwpub/srv/__init__.py
[1.157s] -- Up-to-date: /home/tau/colcon_ws/install/hwpub/local/lib/python3.10/dist-packages/hwpub/srv/_customserv_s.c
[1.157s] -- Up-to-date: /home/tau/colcon_ws/install/hwpub/local/lib/python3.10/dist-packages/hwpub/srv/_customserv.py
[1.157s] -- Up-to-date: /home/tau/colcon_ws/install/hwpub/local/lib/python3.10/dist-packages/hwpub/_hwpub_s.ep.rosidl_typesupport_fastrtps_c.c
[1.157s] -- Up-to-date: /home/tau/colcon_ws/install/hwpub/local/lib/python3.10/dist-packages/hwpub/_hwpub_s.ep.rosidl_typesupport_introspection_c.c
[1.186s] Listing '/home/tau/colcon_ws/install/hwpub/local/lib/python3.10/dist-packages/hwpub'...
[1.186s] Listing '/home/tau/colcon_ws/install/hwpub/local/lib/python3.10/dist-packages/hwpub/msg'...
[1.186s] Listing '/home/tau/colcon_ws/install/hwpub/local/lib/python3.10/dist-packages/hwpub/srv'...
[1.190s] -- Up-to-date: /home/tau/colcon_ws/install/hwpub/local/lib/python3.10/dist-packages/hwpub/hwpub_s__rosidl_typesupport_fastrtps_c.cpython-310-x86_64-linux-gnu.so
[1.190s] -- Up-to-date: /home/tau/colcon_ws/install/hwpub/local/lib/python3.10/dist-packages/hwpub/hwpub_s__rosidl_typesupport_introspection_c.cpython-310-x86_64-linux-gnu.so
[1.190s] -- Up-to-date: /home/tau/colcon_ws/install/hwpub/local/lib/python3.10/dist-packages/hwpub/hwpub_s__rosidl_typesupport_c.cpython-310-x86_64-linux-gnu.so
[1.191s] -- Up-to-date: /home/tau/colcon_ws/install/hwpub/lib/libhwpub__rosidl_generator_py.so
[1.191s] -- Up-to-date: /home/tau/colcon_ws/install/hwpub/share/hwpub/msg/Hwmsg.idl
[1.191s] -- Up-to-date: /home/tau/colcon_ws/install/hwpub/share/hwpub/srv/Customserv.idl
[1.191s] -- Up-to-date: /home/tau/colcon_ws/install/hwpub/share/hwpub/msg/Hwmsg.msg
[1.191s] -- Up-to-date: /home/tau/colcon_ws/install/hwpub/share/hwpub/srv/Customserv.srv
[1.191s] -- Up-to-date: /home/tau/colcon_ws/install/hwpub/share/hwpub/srv/Customserv_Request.msg
[1.191s] -- Up-to-date: /home/tau/colcon_ws/install/hwpub/share/hwpub/srv/Customserv_Response.msg
[1.191s] -- Up-to-date: /home/tau/colcon_ws/install/hwpub/lib/hwpub/py_move_trajectory.py
[1.191s] -- Up-to-date: /home/tau/colcon_ws/install/hwpub/share/ament_index/resource_index/package_run_dependencies/hwpub
[1.191s] -- Up-to-date: /home/tau/colcon_ws/install/hwpub/share/ament_index/resource_index/parent_prefix_path/hwpub
[1.191s] -- Up-to-date: /home/tau/colcon_ws/install/hwpub/share/hwpub/environment/ament_prefix_path.sh
[1.191s] -- Up-to-date: /home/tau/colcon_ws/install/hwpub/share/hwpub/environment/ament_prefix_path.dsv
[1.191s] -- Up-to-date: /home/tau/colcon_ws/install/hwpub/share/hwpub/environment/path.sh
[1.191s] -- Up-to-date: /home/tau/colcon_ws/install/hwpub/share/hwpub/environment/path.dsv
[1.191s] -- Up-to-date: /home/tau/colcon_ws/install/hwpub/share/hwpub/local_setup.bash
[1.191s] -- Up-to-date: /home/tau/colcon_ws/install/hwpub/share/hwpub/local_setup.sh
[1.191s] -- Up-to-date: /home/tau/colcon_ws/install/hwpub/share/hwpub/local_setup.zsh
[1.191s] -- Up-to-date: /home/tau/colcon_ws/install/hwpub/share/hwpub/local_setup.dsv
[1.192s] -- Installing: /home/tau/colcon_ws/install/hwpub/share/hwpub/package.dsv
[1.192s] -- Up-to-date: /home/tau/colcon_ws/install/hwpub/share/ament_index/resource_index/packages/hwpub
[1.192s] -- Up-to-date: /home/tau/colcon_ws/install/hwpub/share/hwpub/cmake/export_hwpub__rosidl_generator_cExport.cmake
[1.192s] -- Up-to-date: /home/tau/colcon_ws/install/hwpub/share/hwpub/cmake/export_hwpub__rosidl_generator_cExport-noconfig.cmake
[1.192s] -- Up-to-date: /home/tau/colcon_ws/install/hwpub/share/hwpub/cmake/export_hwpub__rosidl_typesupport_fastrtps_cExport.cmake
[1.192s] -- Up-to-date: /home/tau/colcon_ws/install/hwpub/share/hwpub/cmake/export_hwpub__rosidl_typesupport_fastrtps_cExport-noconfig.cmake
[1.192s] -- Up-to-date: /home/tau/colcon_ws/install/hwpub/share/hwpub/cmake/export_hwpub__rosidl_generator_cppExport.cmake
[1.192s] -- Up-to-date: /home/tau/colcon_ws/install/hwpub/share/hwpub/cmake/export_hwpub__rosidl_typesupport_fastrtps_cppExport.cmake
[1.192s] -- Up-to-date: /home/tau/colcon_ws/install/hwpub/share/hwpub/cmake/export_hwpub__rosidl_typesupport_fastrtps_cppExport-noconfig.cmake
[1.192s] -- Up-to-date: /home/tau/colcon_ws/install/hwpub/share/hwpub/cmake/hwpub__rosidl_typesupport_introspection_cExport.cmake
[1.192s] -- Up-to-date: /home/tau/colcon_ws/install/hwpub/share/hwpub/cmake/hwpub__rosidl_typesupport_introspection_cExport-noconfig.cmake
[1.192s] -- Up-to-date: /home/tau/colcon_ws/install/hwpub/share/hwpub/cmake/hwpub__rosidl_typesupport_cExport.cmake
[1.192s] -- Up-to-date: /home/tau/colcon_ws/install/hwpub/share/hwpub/cmake/hwpub__rosidl_typesupport_cExport-noconfig.cmake
[1.192s] -- Up-to-date: /home/tau/colcon_ws/install/hwpub/share/hwpub/cmake/hwpub__rosidl_typesupport_introspection_cppExport.cmake
[1.192s] -- Up-to-date: /home/tau/colcon_ws/install/hwpub/share/hwpub/cmake/hwpub__rosidl_typesupport_introspection_cppExport-noconfig.cmake
[1.192s] -- Up-to-date: /home/tau/colcon_ws/install/hwpub/share/hwpub/cmake/hwpub__rosidl_typesupport_cppExport.cmake
[1.192s] -- Up-to-date: /home/tau/colcon_ws/install/hwpub/share/hwpub/cmake/hwpub__rosidl_typesupport_cppExport-noconfig.cmake
[1.192s] -- Up-to-date: /home/tau/colcon_ws/install/hwpub/share/hwpub/cmake/export_hwpub__rosidl_generator_pyExport.cmake
[1.192s] -- Up-to-date: /home/tau/colcon_ws/install/hwpub/share/hwpub/cmake/export_hwpub__rosidl_generator_pyExport-noconfig.cmake
[1.193s] -- Up-to-date: /home/tau/colcon_ws/install/hwpub/share/hwpub/cmake/rosidl_cmake-extras.cmake
[1.193s] -- Up-to-date: /home/tau/colcon_ws/install/hwpub/share/hwpub/cmake/ament_cmake_export_dependencies-extras.cmake
[1.193s] -- Up-to-date: /home/tau/colcon_ws/install/hwpub/share/hwpub/cmake/ament_cmake_export_include_directories-extras.cmake
[1.193s] -- Up-to-date: /home/tau/colcon_ws/install/hwpub/share/hwpub/cmake/ament_cmake_export_libraries-extras.cmake
[1.193s] -- Up-to-date: /home/tau/colcon_ws/install/hwpub/share/hwpub/cmake/ament_cmake_export_targets-extras.cmake
[1.193s] -- Up-to-date: /home/tau/colcon_ws/install/hwpub/share/hwpub/cmake/rosidl_cmake_export_typesupport_targets-extras.cmake
[1.193s] -- Up-to-date: /home/tau/colcon_ws/install/hwpub/share/hwpub/cmake/rosidl_cmake_export_typesupport_libraries-extras.cmake
[1.193s] -- Up-to-date: /home/tau/colcon_ws/install/hwpub/share/hwpub/cmake/hwpubConfig.cmake
[1.193s] -- Up-to-date: /home/tau/colcon_ws/install/hwpub/share/hwpub/cmake/hwpubConfig-version.cmake
[1.193s] -- Up-to-date: /home/tau/colcon_ws/install/hwpub/share/hwpub/package.xml
[1.195s] Invoked command in '/home/tau/colcon_ws/build/hwpub' returned '0': CMAKE_PREFIX_PATH=${CMAKE_PREFIX_PATH}:/home/tau/colcon_ws/install/dis_tutorial2:/opt/ros/humble /usr/bin/cmake --install /home/tau/colcon_ws/build/hwpub
