[0.096s] DEBUG:colcon:Command line arguments: ['/usr/bin/colcon', 'build']
[0.096s] DEBUG:colcon:Parsed command line arguments: Namespace(log_base=None, log_level=None, verb_name='build', build_base='build', install_base='install', merge_install=False, symlink_install=False, test_result_base=None, continue_on_error=False, executor='parallel', parallel_workers=16, event_handlers=None, ignore_user_meta=False, metas=['./colcon.meta'], base_paths=['.'], packages_ignore=None, packages_ignore_regex=None, paths=None, packages_up_to=None, packages_up_to_regex=None, packages_above=None, packages_above_and_dependencies=None, packages_above_depth=None, packages_select_by_dep=None, packages_skip_by_dep=None, packages_skip_up_to=None, packages_select_build_failed=False, packages_skip_build_finished=False, packages_select_test_failures=False, packages_skip_test_passed=False, packages_select=None, packages_skip=None, packages_select_regex=None, packages_skip_regex=None, packages_start=None, packages_end=None, allow_overriding=[], cmake_args=None, cmake_target=None, cmake_target_skip_unavailable=False, cmake_clean_cache=False, cmake_clean_first=False, cmake_force_configure=False, ament_cmake_args=None, catkin_cmake_args=None, catkin_skip_building_tests=False, mixin_files=None, mixin=None, verb_parser=<colcon_mixin.mixin.mixin_argument.MixinArgumentDecorator object at 0x72ff6661b4f0>, verb_extension=<colcon_core.verb.build.BuildVerb object at 0x72ff667a43d0>, main=<bound method BuildVerb.main of <colcon_core.verb.build.BuildVerb object at 0x72ff667a43d0>>, mixin_verb=('build',))
[0.198s] Level 1:colcon.colcon_core.package_discovery:discover_packages(colcon_meta) check parameters
[0.198s] Level 1:colcon.colcon_core.package_discovery:discover_packages(recursive) check parameters
[0.198s] Level 1:colcon.colcon_core.package_discovery:discover_packages(ignore) check parameters
[0.198s] Level 1:colcon.colcon_core.package_discovery:discover_packages(path) check parameters
[0.198s] Level 1:colcon.colcon_core.package_discovery:discover_packages(colcon_meta) discover
[0.198s] Level 1:colcon.colcon_core.package_discovery:discover_packages(recursive) discover
[0.198s] INFO:colcon.colcon_core.package_discovery:Crawling recursively for packages in '/home/tau/colcon_ws/src'
[0.198s] Level 1:colcon.colcon_core.package_identification:_identify(.) by extensions ['ignore', 'ignore_ament_install']
[0.198s] Level 1:colcon.colcon_core.package_identification:_identify(.) by extension 'ignore'
[0.198s] Level 1:colcon.colcon_core.package_identification:_identify(.) by extension 'ignore_ament_install'
[0.199s] Level 1:colcon.colcon_core.package_identification:_identify(.) by extensions ['colcon_pkg']
[0.199s] Level 1:colcon.colcon_core.package_identification:_identify(.) by extension 'colcon_pkg'
[0.199s] Level 1:colcon.colcon_core.package_identification:_identify(.) by extensions ['colcon_meta']
[0.199s] Level 1:colcon.colcon_core.package_identification:_identify(.) by extension 'colcon_meta'
[0.199s] Level 1:colcon.colcon_core.package_identification:_identify(.) by extensions ['ros']
[0.199s] Level 1:colcon.colcon_core.package_identification:_identify(.) by extension 'ros'
[0.205s] Level 1:colcon.colcon_core.package_identification:_identify(.) by extensions ['cmake', 'python']
[0.205s] Level 1:colcon.colcon_core.package_identification:_identify(.) by extension 'cmake'
[0.205s] Level 1:colcon.colcon_core.package_identification:_identify(.) by extension 'python'
[0.205s] Level 1:colcon.colcon_core.package_identification:_identify(.) by extensions ['python_setup_py']
[0.205s] Level 1:colcon.colcon_core.package_identification:_identify(.) by extension 'python_setup_py'
[0.205s] Level 1:colcon.colcon_core.package_identification:_identify(build) by extensions ['ignore', 'ignore_ament_install']
[0.205s] Level 1:colcon.colcon_core.package_identification:_identify(build) by extension 'ignore'
[0.205s] Level 1:colcon.colcon_core.package_identification:_identify(build) ignored
[0.205s] Level 1:colcon.colcon_core.package_identification:_identify(dis_tutorial1) by extensions ['ignore', 'ignore_ament_install']
[0.205s] Level 1:colcon.colcon_core.package_identification:_identify(dis_tutorial1) by extension 'ignore'
[0.205s] Level 1:colcon.colcon_core.package_identification:_identify(dis_tutorial1) by extension 'ignore_ament_install'
[0.205s] Level 1:colcon.colcon_core.package_identification:_identify(dis_tutorial1) by extensions ['colcon_pkg']
[0.205s] Level 1:colcon.colcon_core.package_identification:_identify(dis_tutorial1) by extension 'colcon_pkg'
[0.205s] Level 1:colcon.colcon_core.package_identification:_identify(dis_tutorial1) by extensions ['colcon_meta']
[0.205s] Level 1:colcon.colcon_core.package_identification:_identify(dis_tutorial1) by extension 'colcon_meta'
[0.205s] Level 1:colcon.colcon_core.package_identification:_identify(dis_tutorial1) by extensions ['ros']
[0.206s] Level 1:colcon.colcon_core.package_identification:_identify(dis_tutorial1) by extension 'ros'
[0.208s] DEBUG:colcon.colcon_core.package_identification:Package 'dis_tutorial1' with type 'ros.ament_cmake' and name 'dis_tutorial1'
[0.208s] Level 1:colcon.colcon_core.package_identification:_identify(dis_tutorial2) by extensions ['ignore', 'ignore_ament_install']
[0.208s] Level 1:colcon.colcon_core.package_identification:_identify(dis_tutorial2) by extension 'ignore'
[0.208s] Level 1:colcon.colcon_core.package_identification:_identify(dis_tutorial2) by extension 'ignore_ament_install'
[0.208s] Level 1:colcon.colcon_core.package_identification:_identify(dis_tutorial2) by extensions ['colcon_pkg']
[0.208s] Level 1:colcon.colcon_core.package_identification:_identify(dis_tutorial2) by extension 'colcon_pkg'
[0.208s] Level 1:colcon.colcon_core.package_identification:_identify(dis_tutorial2) by extensions ['colcon_meta']
[0.208s] Level 1:colcon.colcon_core.package_identification:_identify(dis_tutorial2) by extension 'colcon_meta'
[0.208s] Level 1:colcon.colcon_core.package_identification:_identify(dis_tutorial2) by extensions ['ros']
[0.208s] Level 1:colcon.colcon_core.package_identification:_identify(dis_tutorial2) by extension 'ros'
[0.209s] DEBUG:colcon.colcon_core.package_identification:Package 'dis_tutorial2' with type 'ros.ament_python' and name 'dis_tutorial2'
[0.209s] Level 1:colcon.colcon_core.package_identification:_identify(dis_tutorial3) by extensions ['ignore', 'ignore_ament_install']
[0.209s] Level 1:colcon.colcon_core.package_identification:_identify(dis_tutorial3) by extension 'ignore'
[0.209s] Level 1:colcon.colcon_core.package_identification:_identify(dis_tutorial3) by extension 'ignore_ament_install'
[0.209s] Level 1:colcon.colcon_core.package_identification:_identify(dis_tutorial3) by extensions ['colcon_pkg']
[0.209s] Level 1:colcon.colcon_core.package_identification:_identify(dis_tutorial3) by extension 'colcon_pkg'
[0.209s] Level 1:colcon.colcon_core.package_identification:_identify(dis_tutorial3) by extensions ['colcon_meta']
[0.209s] Level 1:colcon.colcon_core.package_identification:_identify(dis_tutorial3) by extension 'colcon_meta'
[0.209s] Level 1:colcon.colcon_core.package_identification:_identify(dis_tutorial3) by extensions ['ros']
[0.209s] Level 1:colcon.colcon_core.package_identification:_identify(dis_tutorial3) by extension 'ros'
[0.210s] DEBUG:colcon.colcon_core.package_identification:Package 'dis_tutorial3' with type 'ros.ament_cmake' and name 'dis_tutorial3'
[0.210s] Level 1:colcon.colcon_core.package_identification:_identify(dis_tutorial4) by extensions ['ignore', 'ignore_ament_install']
[0.210s] Level 1:colcon.colcon_core.package_identification:_identify(dis_tutorial4) by extension 'ignore'
[0.210s] Level 1:colcon.colcon_core.package_identification:_identify(dis_tutorial4) by extension 'ignore_ament_install'
[0.210s] Level 1:colcon.colcon_core.package_identification:_identify(dis_tutorial4) by extensions ['colcon_pkg']
[0.210s] Level 1:colcon.colcon_core.package_identification:_identify(dis_tutorial4) by extension 'colcon_pkg'
[0.210s] Level 1:colcon.colcon_core.package_identification:_identify(dis_tutorial4) by extensions ['colcon_meta']
[0.210s] Level 1:colcon.colcon_core.package_identification:_identify(dis_tutorial4) by extension 'colcon_meta'
[0.210s] Level 1:colcon.colcon_core.package_identification:_identify(dis_tutorial4) by extensions ['ros']
[0.210s] Level 1:colcon.colcon_core.package_identification:_identify(dis_tutorial4) by extension 'ros'
[0.211s] DEBUG:colcon.colcon_core.package_identification:Package 'dis_tutorial4' with type 'ros.ament_cmake' and name 'dis_tutorial4'
[0.211s] Level 1:colcon.colcon_core.package_identification:_identify(hwpub) by extensions ['ignore', 'ignore_ament_install']
[0.211s] Level 1:colcon.colcon_core.package_identification:_identify(hwpub) by extension 'ignore'
[0.211s] Level 1:colcon.colcon_core.package_identification:_identify(hwpub) by extension 'ignore_ament_install'
[0.211s] Level 1:colcon.colcon_core.package_identification:_identify(hwpub) by extensions ['colcon_pkg']
[0.211s] Level 1:colcon.colcon_core.package_identification:_identify(hwpub) by extension 'colcon_pkg'
[0.211s] Level 1:colcon.colcon_core.package_identification:_identify(hwpub) by extensions ['colcon_meta']
[0.211s] Level 1:colcon.colcon_core.package_identification:_identify(hwpub) by extension 'colcon_meta'
[0.211s] Level 1:colcon.colcon_core.package_identification:_identify(hwpub) by extensions ['ros']
[0.211s] Level 1:colcon.colcon_core.package_identification:_identify(hwpub) by extension 'ros'
[0.212s] DEBUG:colcon.colcon_core.package_identification:Package 'hwpub' with type 'ros.ament_cmake' and name 'hwpub'
[0.212s] Level 1:colcon.colcon_core.package_identification:_identify(install) by extensions ['ignore', 'ignore_ament_install']
[0.212s] Level 1:colcon.colcon_core.package_identification:_identify(install) by extension 'ignore'
[0.212s] Level 1:colcon.colcon_core.package_identification:_identify(install) ignored
[0.212s] Level 1:colcon.colcon_core.package_identification:_identify(log) by extensions ['ignore', 'ignore_ament_install']
[0.212s] Level 1:colcon.colcon_core.package_identification:_identify(log) by extension 'ignore'
[0.212s] Level 1:colcon.colcon_core.package_identification:_identify(log) ignored
[0.212s] Level 1:colcon.colcon_core.package_discovery:discover_packages(recursive) using defaults
[0.212s] Level 1:colcon.colcon_core.package_discovery:discover_packages(ignore) discover
[0.212s] Level 1:colcon.colcon_core.package_discovery:discover_packages(ignore) using defaults
[0.212s] Level 1:colcon.colcon_core.package_discovery:discover_packages(path) discover
[0.212s] Level 1:colcon.colcon_core.package_discovery:discover_packages(path) using defaults
[0.232s] Level 1:colcon.colcon_core.package_discovery:discover_packages(prefix_path) check parameters
[0.233s] Level 1:colcon.colcon_core.package_discovery:discover_packages(prefix_path) discover
[0.234s] DEBUG:colcon.colcon_installed_package_information.package_discovery:Found 5 installed packages in /home/tau/colcon_ws/install
[0.235s] DEBUG:colcon.colcon_installed_package_information.package_discovery:Found 414 installed packages in /opt/ros/humble
[0.236s] Level 1:colcon.colcon_core.package_discovery:discover_packages(prefix_path) using defaults
[0.264s] Level 5:colcon.colcon_core.verb:set package 'dis_tutorial1' build argument 'cmake_args' from command line to 'None'
[0.264s] Level 5:colcon.colcon_core.verb:set package 'dis_tutorial1' build argument 'cmake_target' from command line to 'None'
[0.264s] Level 5:colcon.colcon_core.verb:set package 'dis_tutorial1' build argument 'cmake_target_skip_unavailable' from command line to 'False'
[0.264s] Level 5:colcon.colcon_core.verb:set package 'dis_tutorial1' build argument 'cmake_clean_cache' from command line to 'False'
[0.264s] Level 5:colcon.colcon_core.verb:set package 'dis_tutorial1' build argument 'cmake_clean_first' from command line to 'False'
[0.264s] Level 5:colcon.colcon_core.verb:set package 'dis_tutorial1' build argument 'cmake_force_configure' from command line to 'False'
[0.264s] Level 5:colcon.colcon_core.verb:set package 'dis_tutorial1' build argument 'ament_cmake_args' from command line to 'None'
[0.264s] Level 5:colcon.colcon_core.verb:set package 'dis_tutorial1' build argument 'catkin_cmake_args' from command line to 'None'
[0.264s] Level 5:colcon.colcon_core.verb:set package 'dis_tutorial1' build argument 'catkin_skip_building_tests' from command line to 'False'
[0.264s] DEBUG:colcon.colcon_core.verb:Building package 'dis_tutorial1' with the following arguments: {'ament_cmake_args': None, 'build_base': '/home/tau/colcon_ws/src/build/dis_tutorial1', 'catkin_cmake_args': None, 'catkin_skip_building_tests': False, 'cmake_args': None, 'cmake_clean_cache': False, 'cmake_clean_first': False, 'cmake_force_configure': False, 'cmake_target': None, 'cmake_target_skip_unavailable': False, 'install_base': '/home/tau/colcon_ws/src/install/dis_tutorial1', 'merge_install': False, 'path': '/home/tau/colcon_ws/src/dis_tutorial1', 'symlink_install': False, 'test_result_base': None}
[0.264s] Level 5:colcon.colcon_core.verb:set package 'dis_tutorial2' build argument 'cmake_args' from command line to 'None'
[0.264s] Level 5:colcon.colcon_core.verb:set package 'dis_tutorial2' build argument 'cmake_target' from command line to 'None'
[0.264s] Level 5:colcon.colcon_core.verb:set package 'dis_tutorial2' build argument 'cmake_target_skip_unavailable' from command line to 'False'
[0.264s] Level 5:colcon.colcon_core.verb:set package 'dis_tutorial2' build argument 'cmake_clean_cache' from command line to 'False'
[0.264s] Level 5:colcon.colcon_core.verb:set package 'dis_tutorial2' build argument 'cmake_clean_first' from command line to 'False'
[0.264s] Level 5:colcon.colcon_core.verb:set package 'dis_tutorial2' build argument 'cmake_force_configure' from command line to 'False'
[0.264s] Level 5:colcon.colcon_core.verb:set package 'dis_tutorial2' build argument 'ament_cmake_args' from command line to 'None'
[0.264s] Level 5:colcon.colcon_core.verb:set package 'dis_tutorial2' build argument 'catkin_cmake_args' from command line to 'None'
[0.264s] Level 5:colcon.colcon_core.verb:set package 'dis_tutorial2' build argument 'catkin_skip_building_tests' from command line to 'False'
[0.264s] DEBUG:colcon.colcon_core.verb:Building package 'dis_tutorial2' with the following arguments: {'ament_cmake_args': None, 'build_base': '/home/tau/colcon_ws/src/build/dis_tutorial2', 'catkin_cmake_args': None, 'catkin_skip_building_tests': False, 'cmake_args': None, 'cmake_clean_cache': False, 'cmake_clean_first': False, 'cmake_force_configure': False, 'cmake_target': None, 'cmake_target_skip_unavailable': False, 'install_base': '/home/tau/colcon_ws/src/install/dis_tutorial2', 'merge_install': False, 'path': '/home/tau/colcon_ws/src/dis_tutorial2', 'symlink_install': False, 'test_result_base': None}
[0.265s] Level 5:colcon.colcon_core.verb:set package 'dis_tutorial3' build argument 'cmake_args' from command line to 'None'
[0.265s] Level 5:colcon.colcon_core.verb:set package 'dis_tutorial3' build argument 'cmake_target' from command line to 'None'
[0.265s] Level 5:colcon.colcon_core.verb:set package 'dis_tutorial3' build argument 'cmake_target_skip_unavailable' from command line to 'False'
[0.265s] Level 5:colcon.colcon_core.verb:set package 'dis_tutorial3' build argument 'cmake_clean_cache' from command line to 'False'
[0.265s] Level 5:colcon.colcon_core.verb:set package 'dis_tutorial3' build argument 'cmake_clean_first' from command line to 'False'
[0.265s] Level 5:colcon.colcon_core.verb:set package 'dis_tutorial3' build argument 'cmake_force_configure' from command line to 'False'
[0.265s] Level 5:colcon.colcon_core.verb:set package 'dis_tutorial3' build argument 'ament_cmake_args' from command line to 'None'
[0.265s] Level 5:colcon.colcon_core.verb:set package 'dis_tutorial3' build argument 'catkin_cmake_args' from command line to 'None'
[0.265s] Level 5:colcon.colcon_core.verb:set package 'dis_tutorial3' build argument 'catkin_skip_building_tests' from command line to 'False'
[0.265s] DEBUG:colcon.colcon_core.verb:Building package 'dis_tutorial3' with the following arguments: {'ament_cmake_args': None, 'build_base': '/home/tau/colcon_ws/src/build/dis_tutorial3', 'catkin_cmake_args': None, 'catkin_skip_building_tests': False, 'cmake_args': None, 'cmake_clean_cache': False, 'cmake_clean_first': False, 'cmake_force_configure': False, 'cmake_target': None, 'cmake_target_skip_unavailable': False, 'install_base': '/home/tau/colcon_ws/src/install/dis_tutorial3', 'merge_install': False, 'path': '/home/tau/colcon_ws/src/dis_tutorial3', 'symlink_install': False, 'test_result_base': None}
[0.265s] Level 5:colcon.colcon_core.verb:set package 'dis_tutorial4' build argument 'cmake_args' from command line to 'None'
[0.265s] Level 5:colcon.colcon_core.verb:set package 'dis_tutorial4' build argument 'cmake_target' from command line to 'None'
[0.265s] Level 5:colcon.colcon_core.verb:set package 'dis_tutorial4' build argument 'cmake_target_skip_unavailable' from command line to 'False'
[0.265s] Level 5:colcon.colcon_core.verb:set package 'dis_tutorial4' build argument 'cmake_clean_cache' from command line to 'False'
[0.265s] Level 5:colcon.colcon_core.verb:set package 'dis_tutorial4' build argument 'cmake_clean_first' from command line to 'False'
[0.265s] Level 5:colcon.colcon_core.verb:set package 'dis_tutorial4' build argument 'cmake_force_configure' from command line to 'False'
[0.265s] Level 5:colcon.colcon_core.verb:set package 'dis_tutorial4' build argument 'ament_cmake_args' from command line to 'None'
[0.265s] Level 5:colcon.colcon_core.verb:set package 'dis_tutorial4' build argument 'catkin_cmake_args' from command line to 'None'
[0.265s] Level 5:colcon.colcon_core.verb:set package 'dis_tutorial4' build argument 'catkin_skip_building_tests' from command line to 'False'
[0.265s] DEBUG:colcon.colcon_core.verb:Building package 'dis_tutorial4' with the following arguments: {'ament_cmake_args': None, 'build_base': '/home/tau/colcon_ws/src/build/dis_tutorial4', 'catkin_cmake_args': None, 'catkin_skip_building_tests': False, 'cmake_args': None, 'cmake_clean_cache': False, 'cmake_clean_first': False, 'cmake_force_configure': False, 'cmake_target': None, 'cmake_target_skip_unavailable': False, 'install_base': '/home/tau/colcon_ws/src/install/dis_tutorial4', 'merge_install': False, 'path': '/home/tau/colcon_ws/src/dis_tutorial4', 'symlink_install': False, 'test_result_base': None}
[0.265s] Level 5:colcon.colcon_core.verb:set package 'hwpub' build argument 'cmake_args' from command line to 'None'
[0.265s] Level 5:colcon.colcon_core.verb:set package 'hwpub' build argument 'cmake_target' from command line to 'None'
[0.265s] Level 5:colcon.colcon_core.verb:set package 'hwpub' build argument 'cmake_target_skip_unavailable' from command line to 'False'
[0.265s] Level 5:colcon.colcon_core.verb:set package 'hwpub' build argument 'cmake_clean_cache' from command line to 'False'
[0.265s] Level 5:colcon.colcon_core.verb:set package 'hwpub' build argument 'cmake_clean_first' from command line to 'False'
[0.265s] Level 5:colcon.colcon_core.verb:set package 'hwpub' build argument 'cmake_force_configure' from command line to 'False'
[0.265s] Level 5:colcon.colcon_core.verb:set package 'hwpub' build argument 'ament_cmake_args' from command line to 'None'
[0.265s] Level 5:colcon.colcon_core.verb:set package 'hwpub' build argument 'catkin_cmake_args' from command line to 'None'
[0.265s] Level 5:colcon.colcon_core.verb:set package 'hwpub' build argument 'catkin_skip_building_tests' from command line to 'False'
[0.265s] DEBUG:colcon.colcon_core.verb:Building package 'hwpub' with the following arguments: {'ament_cmake_args': None, 'build_base': '/home/tau/colcon_ws/src/build/hwpub', 'catkin_cmake_args': None, 'catkin_skip_building_tests': False, 'cmake_args': None, 'cmake_clean_cache': False, 'cmake_clean_first': False, 'cmake_force_configure': False, 'cmake_target': None, 'cmake_target_skip_unavailable': False, 'install_base': '/home/tau/colcon_ws/src/install/hwpub', 'merge_install': False, 'path': '/home/tau/colcon_ws/src/hwpub', 'symlink_install': False, 'test_result_base': None}
[0.265s] INFO:colcon.colcon_core.executor:Executing jobs using 'parallel' executor
[0.266s] DEBUG:colcon.colcon_parallel_executor.executor.parallel:run_until_complete
[0.266s] INFO:colcon.colcon_ros.task.ament_cmake.build:Building ROS package in '/home/tau/colcon_ws/src/dis_tutorial1' with build type 'ament_cmake'
[0.266s] INFO:colcon.colcon_cmake.task.cmake.build:Building CMake package in '/home/tau/colcon_ws/src/dis_tutorial1'
[0.269s] INFO:colcon.colcon_core.plugin_system:Skipping extension 'colcon_core.shell.bat': Not used on non-Windows systems
[0.269s] INFO:colcon.colcon_core.shell:Skip shell extension 'powershell' for command environment: Not usable outside of PowerShell
[0.269s] DEBUG:colcon.colcon_core.shell:Skip shell extension 'dsv' for command environment
[0.271s] INFO:colcon.colcon_ros.task.ament_python.build:Building ROS package in '/home/tau/colcon_ws/src/dis_tutorial2' with build type 'ament_python'
[0.271s] Level 1:colcon.colcon_core.shell:create_environment_hook('dis_tutorial2', 'ament_prefix_path')
[0.271s] INFO:colcon.colcon_core.shell:Creating environment hook '/home/tau/colcon_ws/src/install/dis_tutorial2/share/dis_tutorial2/hook/ament_prefix_path.ps1'
[0.272s] INFO:colcon.colcon_core.shell:Creating environment descriptor '/home/tau/colcon_ws/src/install/dis_tutorial2/share/dis_tutorial2/hook/ament_prefix_path.dsv'
[0.272s] INFO:colcon.colcon_core.shell:Creating environment hook '/home/tau/colcon_ws/src/install/dis_tutorial2/share/dis_tutorial2/hook/ament_prefix_path.sh'
[0.273s] INFO:colcon.colcon_core.shell:Skip shell extension 'powershell' for command environment: Not usable outside of PowerShell
[0.273s] DEBUG:colcon.colcon_core.shell:Skip shell extension 'dsv' for command environment
[0.275s] INFO:colcon.colcon_ros.task.ament_cmake.build:Building ROS package in '/home/tau/colcon_ws/src/dis_tutorial3' with build type 'ament_cmake'
[0.275s] INFO:colcon.colcon_cmake.task.cmake.build:Building CMake package in '/home/tau/colcon_ws/src/dis_tutorial3'
[0.275s] INFO:colcon.colcon_core.shell:Skip shell extension 'powershell' for command environment: Not usable outside of PowerShell
[0.275s] DEBUG:colcon.colcon_core.shell:Skip shell extension 'dsv' for command environment
[0.277s] INFO:colcon.colcon_ros.task.ament_cmake.build:Building ROS package in '/home/tau/colcon_ws/src/dis_tutorial4' with build type 'ament_cmake'
[0.277s] INFO:colcon.colcon_cmake.task.cmake.build:Building CMake package in '/home/tau/colcon_ws/src/dis_tutorial4'
[0.277s] INFO:colcon.colcon_core.shell:Skip shell extension 'powershell' for command environment: Not usable outside of PowerShell
[0.277s] DEBUG:colcon.colcon_core.shell:Skip shell extension 'dsv' for command environment
[0.279s] INFO:colcon.colcon_ros.task.ament_cmake.build:Building ROS package in '/home/tau/colcon_ws/src/hwpub' with build type 'ament_cmake'
[0.279s] INFO:colcon.colcon_cmake.task.cmake.build:Building CMake package in '/home/tau/colcon_ws/src/hwpub'
[0.279s] INFO:colcon.colcon_core.shell:Skip shell extension 'powershell' for command environment: Not usable outside of PowerShell
[0.279s] DEBUG:colcon.colcon_core.shell:Skip shell extension 'dsv' for command environment
[0.283s] DEBUG:colcon.colcon_core.event_handler.log_command:Invoking command in '/home/tau/colcon_ws/src/build/dis_tutorial1': CMAKE_PREFIX_PATH=${CMAKE_PREFIX_PATH}:/home/tau/colcon_ws/install/dis_tutorial2:/opt/ros/humble /usr/bin/cmake /home/tau/colcon_ws/src/dis_tutorial1 -DCMAKE_INSTALL_PREFIX=/home/tau/colcon_ws/src/install/dis_tutorial1
[0.435s] INFO:colcon.colcon_core.task.python.build:Building Python package in '/home/tau/colcon_ws/src/dis_tutorial2'
[0.436s] INFO:colcon.colcon_core.shell:Skip shell extension 'powershell' for command environment: Not usable outside of PowerShell
[0.436s] DEBUG:colcon.colcon_core.shell:Skip shell extension 'dsv' for command environment
[0.441s] DEBUG:colcon.colcon_core.event_handler.log_command:Invoking command in '/home/tau/colcon_ws/src/build/dis_tutorial3': CMAKE_PREFIX_PATH=${CMAKE_PREFIX_PATH}:/home/tau/colcon_ws/install/dis_tutorial2:/opt/ros/humble /usr/bin/cmake /home/tau/colcon_ws/src/dis_tutorial3 -DCMAKE_INSTALL_PREFIX=/home/tau/colcon_ws/src/install/dis_tutorial3
[0.443s] DEBUG:colcon.colcon_core.event_handler.log_command:Invoking command in '/home/tau/colcon_ws/src/build/dis_tutorial4': CMAKE_PREFIX_PATH=${CMAKE_PREFIX_PATH}:/home/tau/colcon_ws/install/dis_tutorial2:/opt/ros/humble /usr/bin/cmake /home/tau/colcon_ws/src/dis_tutorial4 -DCMAKE_INSTALL_PREFIX=/home/tau/colcon_ws/src/install/dis_tutorial4
[0.445s] DEBUG:colcon.colcon_core.event_handler.log_command:Invoking command in '/home/tau/colcon_ws/src/build/hwpub': CMAKE_PREFIX_PATH=${CMAKE_PREFIX_PATH}:/home/tau/colcon_ws/install/dis_tutorial2:/opt/ros/humble /usr/bin/cmake /home/tau/colcon_ws/src/hwpub -DCMAKE_INSTALL_PREFIX=/home/tau/colcon_ws/src/install/hwpub
[0.709s] DEBUG:colcon.colcon_core.event_handler.log_command:Invoking command in '/home/tau/colcon_ws/src/dis_tutorial2': PYTHONPATH=/home/tau/colcon_ws/src/build/dis_tutorial2/prefix_override:/usr/lib/python3/dist-packages/colcon_core/task/python/colcon_distutils_commands:/home/tau/colcon_ws/src/install/dis_tutorial2/lib/python3.10/site-packages:${PYTHONPATH} /usr/bin/python3 -W ignore:setup.py install is deprecated -W ignore:easy_install command is deprecated setup.py egg_info --egg-base ../build/dis_tutorial2 build --build-base /home/tau/colcon_ws/src/build/dis_tutorial2/build install --record /home/tau/colcon_ws/src/build/dis_tutorial2/install.log --single-version-externally-managed install_data
[0.924s] DEBUG:colcon.colcon_core.event_handler.log_command:Invoked command in '/home/tau/colcon_ws/src/dis_tutorial2' returned '0': PYTHONPATH=/home/tau/colcon_ws/src/build/dis_tutorial2/prefix_override:/usr/lib/python3/dist-packages/colcon_core/task/python/colcon_distutils_commands:/home/tau/colcon_ws/src/install/dis_tutorial2/lib/python3.10/site-packages:${PYTHONPATH} /usr/bin/python3 -W ignore:setup.py install is deprecated -W ignore:easy_install command is deprecated setup.py egg_info --egg-base ../build/dis_tutorial2 build --build-base /home/tau/colcon_ws/src/build/dis_tutorial2/build install --record /home/tau/colcon_ws/src/build/dis_tutorial2/install.log --single-version-externally-managed install_data
[0.929s] Level 1:colcon.colcon_core.environment:checking '/home/tau/colcon_ws/src/install/dis_tutorial2' for CMake module files
[0.929s] Level 1:colcon.colcon_core.environment:checking '/home/tau/colcon_ws/src/install/dis_tutorial2' for CMake config files
[0.930s] Level 1:colcon.colcon_core.environment:checking '/home/tau/colcon_ws/src/install/dis_tutorial2/lib'
[0.930s] Level 1:colcon.colcon_core.environment:checking '/home/tau/colcon_ws/src/install/dis_tutorial2/bin'
[0.930s] Level 1:colcon.colcon_core.environment:checking '/home/tau/colcon_ws/src/install/dis_tutorial2/lib/pkgconfig/dis_tutorial2.pc'
[0.930s] Level 1:colcon.colcon_core.environment:checking '/home/tau/colcon_ws/src/install/dis_tutorial2/lib/python3.10/site-packages'
[0.930s] Level 1:colcon.colcon_core.shell:create_environment_hook('dis_tutorial2', 'pythonpath')
[0.930s] INFO:colcon.colcon_core.shell:Creating environment hook '/home/tau/colcon_ws/src/install/dis_tutorial2/share/dis_tutorial2/hook/pythonpath.ps1'
[0.931s] INFO:colcon.colcon_core.shell:Creating environment descriptor '/home/tau/colcon_ws/src/install/dis_tutorial2/share/dis_tutorial2/hook/pythonpath.dsv'
[0.931s] INFO:colcon.colcon_core.shell:Creating environment hook '/home/tau/colcon_ws/src/install/dis_tutorial2/share/dis_tutorial2/hook/pythonpath.sh'
[0.931s] Level 1:colcon.colcon_core.environment:checking '/home/tau/colcon_ws/src/install/dis_tutorial2/bin'
[0.931s] Level 1:colcon.colcon_core.environment:create_environment_scripts_only(dis_tutorial2)
[0.931s] INFO:colcon.colcon_core.shell:Creating package script '/home/tau/colcon_ws/src/install/dis_tutorial2/share/dis_tutorial2/package.ps1'
[0.932s] INFO:colcon.colcon_core.shell:Creating package descriptor '/home/tau/colcon_ws/src/install/dis_tutorial2/share/dis_tutorial2/package.dsv'
[0.932s] INFO:colcon.colcon_core.shell:Creating package script '/home/tau/colcon_ws/src/install/dis_tutorial2/share/dis_tutorial2/package.sh'
[0.933s] INFO:colcon.colcon_core.shell:Creating package script '/home/tau/colcon_ws/src/install/dis_tutorial2/share/dis_tutorial2/package.bash'
[0.934s] INFO:colcon.colcon_core.shell:Creating package script '/home/tau/colcon_ws/src/install/dis_tutorial2/share/dis_tutorial2/package.zsh'
[0.935s] Level 1:colcon.colcon_core.environment:create_file_with_runtime_dependencies(/home/tau/colcon_ws/src/install/dis_tutorial2/share/colcon-core/packages/dis_tutorial2)
[1.235s] DEBUG:colcon.colcon_core.event_handler.log_command:Invoked command in '/home/tau/colcon_ws/src/build/dis_tutorial3' returned '0': CMAKE_PREFIX_PATH=${CMAKE_PREFIX_PATH}:/home/tau/colcon_ws/install/dis_tutorial2:/opt/ros/humble /usr/bin/cmake /home/tau/colcon_ws/src/dis_tutorial3 -DCMAKE_INSTALL_PREFIX=/home/tau/colcon_ws/src/install/dis_tutorial3
[1.237s] DEBUG:colcon.colcon_core.event_handler.log_command:Invoking command in '/home/tau/colcon_ws/src/build/dis_tutorial3': CMAKE_PREFIX_PATH=${CMAKE_PREFIX_PATH}:/home/tau/colcon_ws/install/dis_tutorial2:/opt/ros/humble /usr/bin/cmake --build /home/tau/colcon_ws/src/build/dis_tutorial3 -- -j16 -l16
[1.261s] DEBUG:colcon.colcon_core.event_handler.log_command:Invoked command in '/home/tau/colcon_ws/src/build/dis_tutorial3' returned '0': CMAKE_PREFIX_PATH=${CMAKE_PREFIX_PATH}:/home/tau/colcon_ws/install/dis_tutorial2:/opt/ros/humble /usr/bin/cmake --build /home/tau/colcon_ws/src/build/dis_tutorial3 -- -j16 -l16
[1.266s] DEBUG:colcon.colcon_core.event_handler.log_command:Invoking command in '/home/tau/colcon_ws/src/build/dis_tutorial3': CMAKE_PREFIX_PATH=${CMAKE_PREFIX_PATH}:/home/tau/colcon_ws/install/dis_tutorial2:/opt/ros/humble /usr/bin/cmake --install /home/tau/colcon_ws/src/build/dis_tutorial3
[1.314s] Level 1:colcon.colcon_core.environment:create_environment_scripts_only(dis_tutorial3)
[1.314s] Level 1:colcon.colcon_core.environment:checking '/home/tau/colcon_ws/src/install/dis_tutorial3' for CMake module files
[1.314s] DEBUG:colcon.colcon_core.event_handler.log_command:Invoked command in '/home/tau/colcon_ws/src/build/dis_tutorial3' returned '0': CMAKE_PREFIX_PATH=${CMAKE_PREFIX_PATH}:/home/tau/colcon_ws/install/dis_tutorial2:/opt/ros/humble /usr/bin/cmake --install /home/tau/colcon_ws/src/build/dis_tutorial3
[1.315s] Level 1:colcon.colcon_core.environment:checking '/home/tau/colcon_ws/src/install/dis_tutorial3' for CMake config files
[1.315s] Level 1:colcon.colcon_core.shell:create_environment_hook('dis_tutorial3', 'cmake_prefix_path')
[1.315s] INFO:colcon.colcon_core.shell:Creating environment hook '/home/tau/colcon_ws/src/install/dis_tutorial3/share/dis_tutorial3/hook/cmake_prefix_path.ps1'
[1.315s] INFO:colcon.colcon_core.shell:Creating environment descriptor '/home/tau/colcon_ws/src/install/dis_tutorial3/share/dis_tutorial3/hook/cmake_prefix_path.dsv'
[1.315s] INFO:colcon.colcon_core.shell:Creating environment hook '/home/tau/colcon_ws/src/install/dis_tutorial3/share/dis_tutorial3/hook/cmake_prefix_path.sh'
[1.316s] Level 1:colcon.colcon_core.environment:checking '/home/tau/colcon_ws/src/install/dis_tutorial3/lib'
[1.316s] Level 1:colcon.colcon_core.environment:checking '/home/tau/colcon_ws/src/install/dis_tutorial3/bin'
[1.316s] Level 1:colcon.colcon_core.environment:checking '/home/tau/colcon_ws/src/install/dis_tutorial3/lib/pkgconfig/dis_tutorial3.pc'
[1.316s] Level 1:colcon.colcon_core.environment:checking '/home/tau/colcon_ws/src/install/dis_tutorial3/lib/python3.10/site-packages'
[1.316s] Level 1:colcon.colcon_core.environment:checking '/home/tau/colcon_ws/src/install/dis_tutorial3/bin'
[1.316s] INFO:colcon.colcon_core.shell:Creating package script '/home/tau/colcon_ws/src/install/dis_tutorial3/share/dis_tutorial3/package.ps1'
[1.317s] INFO:colcon.colcon_core.shell:Creating package descriptor '/home/tau/colcon_ws/src/install/dis_tutorial3/share/dis_tutorial3/package.dsv'
[1.317s] INFO:colcon.colcon_core.shell:Creating package script '/home/tau/colcon_ws/src/install/dis_tutorial3/share/dis_tutorial3/package.sh'
[1.317s] INFO:colcon.colcon_core.shell:Creating package script '/home/tau/colcon_ws/src/install/dis_tutorial3/share/dis_tutorial3/package.bash'
[1.318s] INFO:colcon.colcon_core.shell:Creating package script '/home/tau/colcon_ws/src/install/dis_tutorial3/share/dis_tutorial3/package.zsh'
[1.318s] Level 1:colcon.colcon_core.environment:create_file_with_runtime_dependencies(/home/tau/colcon_ws/src/install/dis_tutorial3/share/colcon-core/packages/dis_tutorial3)
[1.318s] Level 1:colcon.colcon_core.environment:create_environment_scripts_only(dis_tutorial3)
[1.318s] Level 1:colcon.colcon_core.environment:checking '/home/tau/colcon_ws/src/install/dis_tutorial3' for CMake module files
[1.319s] Level 1:colcon.colcon_core.environment:checking '/home/tau/colcon_ws/src/install/dis_tutorial3' for CMake config files
[1.319s] Level 1:colcon.colcon_core.shell:create_environment_hook('dis_tutorial3', 'cmake_prefix_path')
[1.319s] INFO:colcon.colcon_core.shell:Creating environment hook '/home/tau/colcon_ws/src/install/dis_tutorial3/share/dis_tutorial3/hook/cmake_prefix_path.ps1'
[1.319s] INFO:colcon.colcon_core.shell:Creating environment descriptor '/home/tau/colcon_ws/src/install/dis_tutorial3/share/dis_tutorial3/hook/cmake_prefix_path.dsv'
[1.319s] INFO:colcon.colcon_core.shell:Creating environment hook '/home/tau/colcon_ws/src/install/dis_tutorial3/share/dis_tutorial3/hook/cmake_prefix_path.sh'
[1.320s] Level 1:colcon.colcon_core.environment:checking '/home/tau/colcon_ws/src/install/dis_tutorial3/lib'
[1.320s] Level 1:colcon.colcon_core.environment:checking '/home/tau/colcon_ws/src/install/dis_tutorial3/bin'
[1.320s] Level 1:colcon.colcon_core.environment:checking '/home/tau/colcon_ws/src/install/dis_tutorial3/lib/pkgconfig/dis_tutorial3.pc'
[1.320s] Level 1:colcon.colcon_core.environment:checking '/home/tau/colcon_ws/src/install/dis_tutorial3/lib/python3.10/site-packages'
[1.320s] Level 1:colcon.colcon_core.environment:checking '/home/tau/colcon_ws/src/install/dis_tutorial3/bin'
[1.320s] INFO:colcon.colcon_core.shell:Creating package script '/home/tau/colcon_ws/src/install/dis_tutorial3/share/dis_tutorial3/package.ps1'
[1.321s] INFO:colcon.colcon_core.shell:Creating package descriptor '/home/tau/colcon_ws/src/install/dis_tutorial3/share/dis_tutorial3/package.dsv'
[1.321s] INFO:colcon.colcon_core.shell:Creating package script '/home/tau/colcon_ws/src/install/dis_tutorial3/share/dis_tutorial3/package.sh'
[1.321s] INFO:colcon.colcon_core.shell:Creating package script '/home/tau/colcon_ws/src/install/dis_tutorial3/share/dis_tutorial3/package.bash'
[1.321s] INFO:colcon.colcon_core.shell:Creating package script '/home/tau/colcon_ws/src/install/dis_tutorial3/share/dis_tutorial3/package.zsh'
[1.322s] Level 1:colcon.colcon_core.environment:create_file_with_runtime_dependencies(/home/tau/colcon_ws/src/install/dis_tutorial3/share/colcon-core/packages/dis_tutorial3)
[1.342s] DEBUG:colcon.colcon_core.event_handler.log_command:Invoked command in '/home/tau/colcon_ws/src/build/dis_tutorial4' returned '0': CMAKE_PREFIX_PATH=${CMAKE_PREFIX_PATH}:/home/tau/colcon_ws/install/dis_tutorial2:/opt/ros/humble /usr/bin/cmake /home/tau/colcon_ws/src/dis_tutorial4 -DCMAKE_INSTALL_PREFIX=/home/tau/colcon_ws/src/install/dis_tutorial4
[1.343s] DEBUG:colcon.colcon_core.event_handler.log_command:Invoking command in '/home/tau/colcon_ws/src/build/dis_tutorial4': CMAKE_PREFIX_PATH=${CMAKE_PREFIX_PATH}:/home/tau/colcon_ws/install/dis_tutorial2:/opt/ros/humble /usr/bin/cmake --build /home/tau/colcon_ws/src/build/dis_tutorial4 -- -j16 -l16
[1.367s] DEBUG:colcon.colcon_core.event_handler.log_command:Invoked command in '/home/tau/colcon_ws/src/build/dis_tutorial4' returned '0': CMAKE_PREFIX_PATH=${CMAKE_PREFIX_PATH}:/home/tau/colcon_ws/install/dis_tutorial2:/opt/ros/humble /usr/bin/cmake --build /home/tau/colcon_ws/src/build/dis_tutorial4 -- -j16 -l16
[1.369s] DEBUG:colcon.colcon_core.event_handler.log_command:Invoking command in '/home/tau/colcon_ws/src/build/dis_tutorial4': CMAKE_PREFIX_PATH=${CMAKE_PREFIX_PATH}:/home/tau/colcon_ws/install/dis_tutorial2:/opt/ros/humble /usr/bin/cmake --install /home/tau/colcon_ws/src/build/dis_tutorial4
[1.377s] Level 1:colcon.colcon_core.environment:create_environment_scripts_only(dis_tutorial4)
[1.377s] Level 1:colcon.colcon_core.environment:checking '/home/tau/colcon_ws/src/install/dis_tutorial4' for CMake module files
[1.377s] DEBUG:colcon.colcon_core.event_handler.log_command:Invoked command in '/home/tau/colcon_ws/src/build/dis_tutorial4' returned '0': CMAKE_PREFIX_PATH=${CMAKE_PREFIX_PATH}:/home/tau/colcon_ws/install/dis_tutorial2:/opt/ros/humble /usr/bin/cmake --install /home/tau/colcon_ws/src/build/dis_tutorial4
[1.378s] Level 1:colcon.colcon_core.environment:checking '/home/tau/colcon_ws/src/install/dis_tutorial4' for CMake config files
[1.378s] Level 1:colcon.colcon_core.shell:create_environment_hook('dis_tutorial4', 'cmake_prefix_path')
[1.378s] INFO:colcon.colcon_core.shell:Creating environment hook '/home/tau/colcon_ws/src/install/dis_tutorial4/share/dis_tutorial4/hook/cmake_prefix_path.ps1'
[1.378s] INFO:colcon.colcon_core.shell:Creating environment descriptor '/home/tau/colcon_ws/src/install/dis_tutorial4/share/dis_tutorial4/hook/cmake_prefix_path.dsv'
[1.379s] INFO:colcon.colcon_core.shell:Creating environment hook '/home/tau/colcon_ws/src/install/dis_tutorial4/share/dis_tutorial4/hook/cmake_prefix_path.sh'
[1.379s] Level 1:colcon.colcon_core.environment:checking '/home/tau/colcon_ws/src/install/dis_tutorial4/lib'
[1.379s] Level 1:colcon.colcon_core.environment:checking '/home/tau/colcon_ws/src/install/dis_tutorial4/bin'
[1.379s] Level 1:colcon.colcon_core.environment:checking '/home/tau/colcon_ws/src/install/dis_tutorial4/lib/pkgconfig/dis_tutorial4.pc'
[1.379s] Level 1:colcon.colcon_core.environment:checking '/home/tau/colcon_ws/src/install/dis_tutorial4/lib/python3.10/site-packages'
[1.379s] Level 1:colcon.colcon_core.environment:checking '/home/tau/colcon_ws/src/install/dis_tutorial4/bin'
[1.379s] INFO:colcon.colcon_core.shell:Creating package script '/home/tau/colcon_ws/src/install/dis_tutorial4/share/dis_tutorial4/package.ps1'
[1.380s] INFO:colcon.colcon_core.shell:Creating package descriptor '/home/tau/colcon_ws/src/install/dis_tutorial4/share/dis_tutorial4/package.dsv'
[1.380s] INFO:colcon.colcon_core.shell:Creating package script '/home/tau/colcon_ws/src/install/dis_tutorial4/share/dis_tutorial4/package.sh'
[1.380s] INFO:colcon.colcon_core.shell:Creating package script '/home/tau/colcon_ws/src/install/dis_tutorial4/share/dis_tutorial4/package.bash'
[1.380s] INFO:colcon.colcon_core.shell:Creating package script '/home/tau/colcon_ws/src/install/dis_tutorial4/share/dis_tutorial4/package.zsh'
[1.380s] Level 1:colcon.colcon_core.environment:create_file_with_runtime_dependencies(/home/tau/colcon_ws/src/install/dis_tutorial4/share/colcon-core/packages/dis_tutorial4)
[1.381s] Level 1:colcon.colcon_core.environment:create_environment_scripts_only(dis_tutorial4)
[1.381s] Level 1:colcon.colcon_core.environment:checking '/home/tau/colcon_ws/src/install/dis_tutorial4' for CMake module files
[1.381s] Level 1:colcon.colcon_core.environment:checking '/home/tau/colcon_ws/src/install/dis_tutorial4' for CMake config files
[1.381s] Level 1:colcon.colcon_core.shell:create_environment_hook('dis_tutorial4', 'cmake_prefix_path')
[1.381s] INFO:colcon.colcon_core.shell:Creating environment hook '/home/tau/colcon_ws/src/install/dis_tutorial4/share/dis_tutorial4/hook/cmake_prefix_path.ps1'
[1.382s] INFO:colcon.colcon_core.shell:Creating environment descriptor '/home/tau/colcon_ws/src/install/dis_tutorial4/share/dis_tutorial4/hook/cmake_prefix_path.dsv'
[1.382s] INFO:colcon.colcon_core.shell:Creating environment hook '/home/tau/colcon_ws/src/install/dis_tutorial4/share/dis_tutorial4/hook/cmake_prefix_path.sh'
[1.382s] Level 1:colcon.colcon_core.environment:checking '/home/tau/colcon_ws/src/install/dis_tutorial4/lib'
[1.382s] Level 1:colcon.colcon_core.environment:checking '/home/tau/colcon_ws/src/install/dis_tutorial4/bin'
[1.382s] Level 1:colcon.colcon_core.environment:checking '/home/tau/colcon_ws/src/install/dis_tutorial4/lib/pkgconfig/dis_tutorial4.pc'
[1.382s] Level 1:colcon.colcon_core.environment:checking '/home/tau/colcon_ws/src/install/dis_tutorial4/lib/python3.10/site-packages'
[1.382s] Level 1:colcon.colcon_core.environment:checking '/home/tau/colcon_ws/src/install/dis_tutorial4/bin'
[1.383s] INFO:colcon.colcon_core.shell:Creating package script '/home/tau/colcon_ws/src/install/dis_tutorial4/share/dis_tutorial4/package.ps1'
[1.383s] INFO:colcon.colcon_core.shell:Creating package descriptor '/home/tau/colcon_ws/src/install/dis_tutorial4/share/dis_tutorial4/package.dsv'
[1.383s] INFO:colcon.colcon_core.shell:Creating package script '/home/tau/colcon_ws/src/install/dis_tutorial4/share/dis_tutorial4/package.sh'
[1.383s] INFO:colcon.colcon_core.shell:Creating package script '/home/tau/colcon_ws/src/install/dis_tutorial4/share/dis_tutorial4/package.bash'
[1.384s] INFO:colcon.colcon_core.shell:Creating package script '/home/tau/colcon_ws/src/install/dis_tutorial4/share/dis_tutorial4/package.zsh'
[1.384s] Level 1:colcon.colcon_core.environment:create_file_with_runtime_dependencies(/home/tau/colcon_ws/src/install/dis_tutorial4/share/colcon-core/packages/dis_tutorial4)
[1.819s] DEBUG:colcon.colcon_core.event_handler.log_command:Invoked command in '/home/tau/colcon_ws/src/build/hwpub' returned '0': CMAKE_PREFIX_PATH=${CMAKE_PREFIX_PATH}:/home/tau/colcon_ws/install/dis_tutorial2:/opt/ros/humble /usr/bin/cmake /home/tau/colcon_ws/src/hwpub -DCMAKE_INSTALL_PREFIX=/home/tau/colcon_ws/src/install/hwpub
[1.820s] DEBUG:colcon.colcon_core.event_handler.log_command:Invoking command in '/home/tau/colcon_ws/src/build/hwpub': CMAKE_PREFIX_PATH=${CMAKE_PREFIX_PATH}:/home/tau/colcon_ws/install/dis_tutorial2:/opt/ros/humble /usr/bin/cmake --build /home/tau/colcon_ws/src/build/hwpub -- -j16 -l16
[1.853s] DEBUG:colcon.colcon_core.event_handler.log_command:Invoked command in '/home/tau/colcon_ws/src/build/dis_tutorial1' returned '0': CMAKE_PREFIX_PATH=${CMAKE_PREFIX_PATH}:/home/tau/colcon_ws/install/dis_tutorial2:/opt/ros/humble /usr/bin/cmake /home/tau/colcon_ws/src/dis_tutorial1 -DCMAKE_INSTALL_PREFIX=/home/tau/colcon_ws/src/install/dis_tutorial1
[1.853s] DEBUG:colcon.colcon_core.event_handler.log_command:Invoking command in '/home/tau/colcon_ws/src/build/dis_tutorial1': CMAKE_PREFIX_PATH=${CMAKE_PREFIX_PATH}:/home/tau/colcon_ws/install/dis_tutorial2:/opt/ros/humble /usr/bin/cmake --build /home/tau/colcon_ws/src/build/dis_tutorial1 -- -j16 -l16
[4.188s] DEBUG:colcon.colcon_core.event_handler.log_command:Invoked command in '/home/tau/colcon_ws/src/build/hwpub' returned '0': CMAKE_PREFIX_PATH=${CMAKE_PREFIX_PATH}:/home/tau/colcon_ws/install/dis_tutorial2:/opt/ros/humble /usr/bin/cmake --build /home/tau/colcon_ws/src/build/hwpub -- -j16 -l16
[4.190s] DEBUG:colcon.colcon_core.event_handler.log_command:Invoking command in '/home/tau/colcon_ws/src/build/hwpub': CMAKE_PREFIX_PATH=${CMAKE_PREFIX_PATH}:/home/tau/colcon_ws/install/dis_tutorial2:/opt/ros/humble /usr/bin/cmake --install /home/tau/colcon_ws/src/build/hwpub
[4.244s] Level 1:colcon.colcon_core.environment:create_environment_scripts_only(hwpub)
[4.244s] Level 1:colcon.colcon_core.environment:checking '/home/tau/colcon_ws/src/install/hwpub' for CMake module files
[4.244s] DEBUG:colcon.colcon_core.event_handler.log_command:Invoked command in '/home/tau/colcon_ws/src/build/hwpub' returned '0': CMAKE_PREFIX_PATH=${CMAKE_PREFIX_PATH}:/home/tau/colcon_ws/install/dis_tutorial2:/opt/ros/humble /usr/bin/cmake --install /home/tau/colcon_ws/src/build/hwpub
[4.245s] Level 1:colcon.colcon_core.environment:checking '/home/tau/colcon_ws/src/install/hwpub' for CMake config files
[4.246s] Level 1:colcon.colcon_core.shell:create_environment_hook('hwpub', 'cmake_prefix_path')
[4.246s] INFO:colcon.colcon_core.shell:Creating environment hook '/home/tau/colcon_ws/src/install/hwpub/share/hwpub/hook/cmake_prefix_path.ps1'
[4.247s] INFO:colcon.colcon_core.shell:Creating environment descriptor '/home/tau/colcon_ws/src/install/hwpub/share/hwpub/hook/cmake_prefix_path.dsv'
[4.247s] INFO:colcon.colcon_core.shell:Creating environment hook '/home/tau/colcon_ws/src/install/hwpub/share/hwpub/hook/cmake_prefix_path.sh'
[4.248s] Level 1:colcon.colcon_core.environment:checking '/home/tau/colcon_ws/src/install/hwpub/lib'
[4.248s] Level 1:colcon.colcon_core.shell:create_environment_hook('hwpub', 'ld_library_path_lib')
[4.248s] INFO:colcon.colcon_core.shell:Creating environment hook '/home/tau/colcon_ws/src/install/hwpub/share/hwpub/hook/ld_library_path_lib.ps1'
[4.248s] INFO:colcon.colcon_core.shell:Creating environment descriptor '/home/tau/colcon_ws/src/install/hwpub/share/hwpub/hook/ld_library_path_lib.dsv'
[4.249s] INFO:colcon.colcon_core.shell:Creating environment hook '/home/tau/colcon_ws/src/install/hwpub/share/hwpub/hook/ld_library_path_lib.sh'
[4.249s] Level 1:colcon.colcon_core.environment:checking '/home/tau/colcon_ws/src/install/hwpub/bin'
[4.249s] Level 1:colcon.colcon_core.environment:checking '/home/tau/colcon_ws/src/install/hwpub/lib/pkgconfig/hwpub.pc'
[4.249s] Level 1:colcon.colcon_core.environment:checking '/home/tau/colcon_ws/src/install/hwpub/lib/python3.10/site-packages'
[4.250s] Level 1:colcon.colcon_core.environment:checking '/home/tau/colcon_ws/src/install/hwpub/bin'
[4.250s] INFO:colcon.colcon_core.shell:Creating package script '/home/tau/colcon_ws/src/install/hwpub/share/hwpub/package.ps1'
[4.250s] INFO:colcon.colcon_core.shell:Creating package descriptor '/home/tau/colcon_ws/src/install/hwpub/share/hwpub/package.dsv'
[4.250s] INFO:colcon.colcon_core.shell:Creating package script '/home/tau/colcon_ws/src/install/hwpub/share/hwpub/package.sh'
[4.251s] INFO:colcon.colcon_core.shell:Creating package script '/home/tau/colcon_ws/src/install/hwpub/share/hwpub/package.bash'
[4.251s] INFO:colcon.colcon_core.shell:Creating package script '/home/tau/colcon_ws/src/install/hwpub/share/hwpub/package.zsh'
[4.251s] Level 1:colcon.colcon_core.environment:create_file_with_runtime_dependencies(/home/tau/colcon_ws/src/install/hwpub/share/colcon-core/packages/hwpub)
[4.252s] Level 1:colcon.colcon_core.environment:create_environment_scripts_only(hwpub)
[4.252s] Level 1:colcon.colcon_core.environment:checking '/home/tau/colcon_ws/src/install/hwpub' for CMake module files
[4.252s] Level 1:colcon.colcon_core.environment:checking '/home/tau/colcon_ws/src/install/hwpub' for CMake config files
[4.253s] Level 1:colcon.colcon_core.shell:create_environment_hook('hwpub', 'cmake_prefix_path')
[4.253s] INFO:colcon.colcon_core.shell:Creating environment hook '/home/tau/colcon_ws/src/install/hwpub/share/hwpub/hook/cmake_prefix_path.ps1'
[4.253s] INFO:colcon.colcon_core.shell:Creating environment descriptor '/home/tau/colcon_ws/src/install/hwpub/share/hwpub/hook/cmake_prefix_path.dsv'
[4.253s] INFO:colcon.colcon_core.shell:Creating environment hook '/home/tau/colcon_ws/src/install/hwpub/share/hwpub/hook/cmake_prefix_path.sh'
[4.254s] Level 1:colcon.colcon_core.environment:checking '/home/tau/colcon_ws/src/install/hwpub/lib'
[4.254s] Level 1:colcon.colcon_core.shell:create_environment_hook('hwpub', 'ld_library_path_lib')
[4.254s] INFO:colcon.colcon_core.shell:Creating environment hook '/home/tau/colcon_ws/src/install/hwpub/share/hwpub/hook/ld_library_path_lib.ps1'
[4.254s] INFO:colcon.colcon_core.shell:Creating environment descriptor '/home/tau/colcon_ws/src/install/hwpub/share/hwpub/hook/ld_library_path_lib.dsv'
[4.254s] INFO:colcon.colcon_core.shell:Creating environment hook '/home/tau/colcon_ws/src/install/hwpub/share/hwpub/hook/ld_library_path_lib.sh'
[4.255s] Level 1:colcon.colcon_core.environment:checking '/home/tau/colcon_ws/src/install/hwpub/bin'
[4.255s] Level 1:colcon.colcon_core.environment:checking '/home/tau/colcon_ws/src/install/hwpub/lib/pkgconfig/hwpub.pc'
[4.255s] Level 1:colcon.colcon_core.environment:checking '/home/tau/colcon_ws/src/install/hwpub/lib/python3.10/site-packages'
[4.255s] Level 1:colcon.colcon_core.environment:checking '/home/tau/colcon_ws/src/install/hwpub/bin'
[4.255s] INFO:colcon.colcon_core.shell:Creating package script '/home/tau/colcon_ws/src/install/hwpub/share/hwpub/package.ps1'
[4.256s] INFO:colcon.colcon_core.shell:Creating package descriptor '/home/tau/colcon_ws/src/install/hwpub/share/hwpub/package.dsv'
[4.256s] INFO:colcon.colcon_core.shell:Creating package script '/home/tau/colcon_ws/src/install/hwpub/share/hwpub/package.sh'
[4.256s] INFO:colcon.colcon_core.shell:Creating package script '/home/tau/colcon_ws/src/install/hwpub/share/hwpub/package.bash'
[4.257s] INFO:colcon.colcon_core.shell:Creating package script '/home/tau/colcon_ws/src/install/hwpub/share/hwpub/package.zsh'
[4.257s] Level 1:colcon.colcon_core.environment:create_file_with_runtime_dependencies(/home/tau/colcon_ws/src/install/hwpub/share/colcon-core/packages/hwpub)
[10.212s] DEBUG:colcon.colcon_core.event_handler.log_command:Invoked command in '/home/tau/colcon_ws/src/build/dis_tutorial1' returned '0': CMAKE_PREFIX_PATH=${CMAKE_PREFIX_PATH}:/home/tau/colcon_ws/install/dis_tutorial2:/opt/ros/humble /usr/bin/cmake --build /home/tau/colcon_ws/src/build/dis_tutorial1 -- -j16 -l16
[10.213s] DEBUG:colcon.colcon_core.event_handler.log_command:Invoking command in '/home/tau/colcon_ws/src/build/dis_tutorial1': CMAKE_PREFIX_PATH=${CMAKE_PREFIX_PATH}:/home/tau/colcon_ws/install/dis_tutorial2:/opt/ros/humble /usr/bin/cmake --install /home/tau/colcon_ws/src/build/dis_tutorial1
[10.258s] Level 1:colcon.colcon_core.environment:create_environment_scripts_only(dis_tutorial1)
[10.258s] Level 1:colcon.colcon_core.environment:checking '/home/tau/colcon_ws/src/install/dis_tutorial1' for CMake module files
[10.259s] DEBUG:colcon.colcon_core.event_handler.log_command:Invoked command in '/home/tau/colcon_ws/src/build/dis_tutorial1' returned '0': CMAKE_PREFIX_PATH=${CMAKE_PREFIX_PATH}:/home/tau/colcon_ws/install/dis_tutorial2:/opt/ros/humble /usr/bin/cmake --install /home/tau/colcon_ws/src/build/dis_tutorial1
[10.259s] Level 1:colcon.colcon_core.environment:checking '/home/tau/colcon_ws/src/install/dis_tutorial1' for CMake config files
[10.259s] Level 1:colcon.colcon_core.shell:create_environment_hook('dis_tutorial1', 'cmake_prefix_path')
[10.259s] INFO:colcon.colcon_core.shell:Creating environment hook '/home/tau/colcon_ws/src/install/dis_tutorial1/share/dis_tutorial1/hook/cmake_prefix_path.ps1'
[10.260s] INFO:colcon.colcon_core.shell:Creating environment descriptor '/home/tau/colcon_ws/src/install/dis_tutorial1/share/dis_tutorial1/hook/cmake_prefix_path.dsv'
[10.260s] INFO:colcon.colcon_core.shell:Creating environment hook '/home/tau/colcon_ws/src/install/dis_tutorial1/share/dis_tutorial1/hook/cmake_prefix_path.sh'
[10.260s] Level 1:colcon.colcon_core.environment:checking '/home/tau/colcon_ws/src/install/dis_tutorial1/lib'
[10.260s] Level 1:colcon.colcon_core.shell:create_environment_hook('dis_tutorial1', 'ld_library_path_lib')
[10.260s] INFO:colcon.colcon_core.shell:Creating environment hook '/home/tau/colcon_ws/src/install/dis_tutorial1/share/dis_tutorial1/hook/ld_library_path_lib.ps1'
[10.261s] INFO:colcon.colcon_core.shell:Creating environment descriptor '/home/tau/colcon_ws/src/install/dis_tutorial1/share/dis_tutorial1/hook/ld_library_path_lib.dsv'
[10.261s] INFO:colcon.colcon_core.shell:Creating environment hook '/home/tau/colcon_ws/src/install/dis_tutorial1/share/dis_tutorial1/hook/ld_library_path_lib.sh'
[10.261s] Level 1:colcon.colcon_core.environment:checking '/home/tau/colcon_ws/src/install/dis_tutorial1/bin'
[10.261s] Level 1:colcon.colcon_core.environment:checking '/home/tau/colcon_ws/src/install/dis_tutorial1/lib/pkgconfig/dis_tutorial1.pc'
[10.261s] Level 1:colcon.colcon_core.environment:checking '/home/tau/colcon_ws/src/install/dis_tutorial1/lib/python3.10/site-packages'
[10.261s] Level 1:colcon.colcon_core.environment:checking '/home/tau/colcon_ws/src/install/dis_tutorial1/bin'
[10.261s] INFO:colcon.colcon_core.shell:Creating package script '/home/tau/colcon_ws/src/install/dis_tutorial1/share/dis_tutorial1/package.ps1'
[10.262s] INFO:colcon.colcon_core.shell:Creating package descriptor '/home/tau/colcon_ws/src/install/dis_tutorial1/share/dis_tutorial1/package.dsv'
[10.262s] INFO:colcon.colcon_core.shell:Creating package script '/home/tau/colcon_ws/src/install/dis_tutorial1/share/dis_tutorial1/package.sh'
[10.262s] INFO:colcon.colcon_core.shell:Creating package script '/home/tau/colcon_ws/src/install/dis_tutorial1/share/dis_tutorial1/package.bash'
[10.262s] INFO:colcon.colcon_core.shell:Creating package script '/home/tau/colcon_ws/src/install/dis_tutorial1/share/dis_tutorial1/package.zsh'
[10.262s] Level 1:colcon.colcon_core.environment:create_file_with_runtime_dependencies(/home/tau/colcon_ws/src/install/dis_tutorial1/share/colcon-core/packages/dis_tutorial1)
[10.263s] Level 1:colcon.colcon_core.environment:create_environment_scripts_only(dis_tutorial1)
[10.263s] Level 1:colcon.colcon_core.environment:checking '/home/tau/colcon_ws/src/install/dis_tutorial1' for CMake module files
[10.263s] Level 1:colcon.colcon_core.environment:checking '/home/tau/colcon_ws/src/install/dis_tutorial1' for CMake config files
[10.264s] Level 1:colcon.colcon_core.shell:create_environment_hook('dis_tutorial1', 'cmake_prefix_path')
[10.264s] INFO:colcon.colcon_core.shell:Creating environment hook '/home/tau/colcon_ws/src/install/dis_tutorial1/share/dis_tutorial1/hook/cmake_prefix_path.ps1'
[10.264s] INFO:colcon.colcon_core.shell:Creating environment descriptor '/home/tau/colcon_ws/src/install/dis_tutorial1/share/dis_tutorial1/hook/cmake_prefix_path.dsv'
[10.264s] INFO:colcon.colcon_core.shell:Creating environment hook '/home/tau/colcon_ws/src/install/dis_tutorial1/share/dis_tutorial1/hook/cmake_prefix_path.sh'
[10.264s] Level 1:colcon.colcon_core.environment:checking '/home/tau/colcon_ws/src/install/dis_tutorial1/lib'
[10.264s] Level 1:colcon.colcon_core.shell:create_environment_hook('dis_tutorial1', 'ld_library_path_lib')
[10.264s] INFO:colcon.colcon_core.shell:Creating environment hook '/home/tau/colcon_ws/src/install/dis_tutorial1/share/dis_tutorial1/hook/ld_library_path_lib.ps1'
[10.265s] INFO:colcon.colcon_core.shell:Creating environment descriptor '/home/tau/colcon_ws/src/install/dis_tutorial1/share/dis_tutorial1/hook/ld_library_path_lib.dsv'
[10.265s] INFO:colcon.colcon_core.shell:Creating environment hook '/home/tau/colcon_ws/src/install/dis_tutorial1/share/dis_tutorial1/hook/ld_library_path_lib.sh'
[10.265s] Level 1:colcon.colcon_core.environment:checking '/home/tau/colcon_ws/src/install/dis_tutorial1/bin'
[10.265s] Level 1:colcon.colcon_core.environment:checking '/home/tau/colcon_ws/src/install/dis_tutorial1/lib/pkgconfig/dis_tutorial1.pc'
[10.265s] Level 1:colcon.colcon_core.environment:checking '/home/tau/colcon_ws/src/install/dis_tutorial1/lib/python3.10/site-packages'
[10.265s] Level 1:colcon.colcon_core.environment:checking '/home/tau/colcon_ws/src/install/dis_tutorial1/bin'
[10.266s] INFO:colcon.colcon_core.shell:Creating package script '/home/tau/colcon_ws/src/install/dis_tutorial1/share/dis_tutorial1/package.ps1'
[10.266s] INFO:colcon.colcon_core.shell:Creating package descriptor '/home/tau/colcon_ws/src/install/dis_tutorial1/share/dis_tutorial1/package.dsv'
[10.266s] INFO:colcon.colcon_core.shell:Creating package script '/home/tau/colcon_ws/src/install/dis_tutorial1/share/dis_tutorial1/package.sh'
[10.266s] INFO:colcon.colcon_core.shell:Creating package script '/home/tau/colcon_ws/src/install/dis_tutorial1/share/dis_tutorial1/package.bash'
[10.267s] INFO:colcon.colcon_core.shell:Creating package script '/home/tau/colcon_ws/src/install/dis_tutorial1/share/dis_tutorial1/package.zsh'
[10.267s] Level 1:colcon.colcon_core.environment:create_file_with_runtime_dependencies(/home/tau/colcon_ws/src/install/dis_tutorial1/share/colcon-core/packages/dis_tutorial1)
[10.267s] DEBUG:colcon.colcon_parallel_executor.executor.parallel:closing loop
[10.267s] DEBUG:colcon.colcon_parallel_executor.executor.parallel:loop closed
[10.267s] DEBUG:colcon.colcon_parallel_executor.executor.parallel:run_until_complete finished with '0'
[10.267s] DEBUG:colcon.colcon_core.event_reactor:joining thread
[10.273s] INFO:colcon.colcon_core.plugin_system:Skipping extension 'colcon_notification.desktop_notification.notify_send': Could not find 'notify-send'
[10.273s] INFO:colcon.colcon_core.plugin_system:Skipping extension 'colcon_notification.desktop_notification.terminal_notifier': Not used on non-Darwin systems
[10.273s] INFO:colcon.colcon_core.plugin_system:Skipping extension 'colcon_notification.desktop_notification.win32': Not used on non-Windows systems
[10.273s] INFO:colcon.colcon_notification.desktop_notification:Sending desktop notification using 'notify2'
[10.286s] DEBUG:colcon.colcon_core.event_reactor:joined thread
[10.286s] INFO:colcon.colcon_core.shell:Creating prefix script '/home/tau/colcon_ws/src/install/local_setup.ps1'
[10.287s] INFO:colcon.colcon_core.shell:Creating prefix util module '/home/tau/colcon_ws/src/install/_local_setup_util_ps1.py'
[10.288s] INFO:colcon.colcon_core.shell:Creating prefix chain script '/home/tau/colcon_ws/src/install/setup.ps1'
[10.289s] INFO:colcon.colcon_core.shell:Creating prefix script '/home/tau/colcon_ws/src/install/local_setup.sh'
[10.289s] INFO:colcon.colcon_core.shell:Creating prefix util module '/home/tau/colcon_ws/src/install/_local_setup_util_sh.py'
[10.289s] INFO:colcon.colcon_core.shell:Creating prefix chain script '/home/tau/colcon_ws/src/install/setup.sh'
[10.290s] INFO:colcon.colcon_core.shell:Creating prefix script '/home/tau/colcon_ws/src/install/local_setup.bash'
[10.290s] INFO:colcon.colcon_core.shell:Creating prefix chain script '/home/tau/colcon_ws/src/install/setup.bash'
[10.291s] INFO:colcon.colcon_core.shell:Creating prefix script '/home/tau/colcon_ws/src/install/local_setup.zsh'
[10.291s] INFO:colcon.colcon_core.shell:Creating prefix chain script '/home/tau/colcon_ws/src/install/setup.zsh'
