[1.633s] Invoking command in '/home/osboxes/ros2_ws/build/dis_tutorial4': CMAKE_PREFIX_PATH=/opt/ros/humble /usr/bin/cmake --build /home/osboxes/ros2_ws/build/dis_tutorial4 -- -j4 -l4
[1.993s] Invoked command in '/home/osboxes/ros2_ws/build/dis_tutorial4' returned '0': CMAKE_PREFIX_PATH=/opt/ros/humble /usr/bin/cmake --build /home/osboxes/ros2_ws/build/dis_tutorial4 -- -j4 -l4
[1.994s] Invoking command in '/home/osboxes/ros2_ws/build/dis_tutorial4': CMAKE_PREFIX_PATH=/opt/ros/humble /usr/bin/cmake --install /home/osboxes/ros2_ws/build/dis_tutorial4
[2.090s] -- Install configuration: ""
[2.090s] -- Up-to-date: /home/osboxes/ros2_ws/install/dis_tutorial4/share/dis_tutorial4//launch
[2.090s] -- Up-to-date: /home/osboxes/ros2_ws/install/dis_tutorial4/share/dis_tutorial4//launch/create3_nodes.launch.py
[2.093s] -- Up-to-date: /home/osboxes/ros2_ws/install/dis_tutorial4/share/dis_tutorial4//launch/nav2.launch.py
[2.094s] -- Up-to-date: /home/osboxes/ros2_ws/install/dis_tutorial4/share/dis_tutorial4//launch/turtlebot4_spawn.launch.py
[2.095s] -- Up-to-date: /home/osboxes/ros2_ws/install/dis_tutorial4/share/dis_tutorial4//launch/turtlebot4_spawn_nav.launch.py
[2.095s] -- Up-to-date: /home/osboxes/ros2_ws/install/dis_tutorial4/share/dis_tutorial4//launch/ignition.launch.py
[2.095s] -- Up-to-date: /home/osboxes/ros2_ws/install/dis_tutorial4/share/dis_tutorial4//launch/localization.launch.py
[2.095s] -- Up-to-date: /home/osboxes/ros2_ws/install/dis_tutorial4/share/dis_tutorial4//launch/sim_turtlebot_slam.launch.py
[2.095s] -- Up-to-date: /home/osboxes/ros2_ws/install/dis_tutorial4/share/dis_tutorial4//launch/slam.launch.py
[2.095s] -- Up-to-date: /home/osboxes/ros2_ws/install/dis_tutorial4/share/dis_tutorial4//launch/sim_turtlebot_nav.launch.py
[2.095s] -- Up-to-date: /home/osboxes/ros2_ws/install/dis_tutorial4/share/dis_tutorial4//launch/dis_sim.launch.py
[2.095s] -- Up-to-date: /home/osboxes/ros2_ws/install/dis_tutorial4/lib/dis_tutorial4/map_goals.py
[2.097s] -- Up-to-date: /home/osboxes/ros2_ws/install/dis_tutorial4/lib/dis_tutorial4/transform_point.py
[2.097s] -- Up-to-date: /home/osboxes/ros2_ws/install/dis_tutorial4/share/ament_index/resource_index/package_run_dependencies/dis_tutorial4
[2.097s] -- Up-to-date: /home/osboxes/ros2_ws/install/dis_tutorial4/share/ament_index/resource_index/parent_prefix_path/dis_tutorial4
[2.098s] -- Up-to-date: /home/osboxes/ros2_ws/install/dis_tutorial4/share/dis_tutorial4/environment/ament_prefix_path.sh
[2.098s] -- Up-to-date: /home/osboxes/ros2_ws/install/dis_tutorial4/share/dis_tutorial4/environment/ament_prefix_path.dsv
[2.100s] -- Up-to-date: /home/osboxes/ros2_ws/install/dis_tutorial4/share/dis_tutorial4/environment/path.sh
[2.100s] -- Up-to-date: /home/osboxes/ros2_ws/install/dis_tutorial4/share/dis_tutorial4/environment/path.dsv
[2.100s] -- Up-to-date: /home/osboxes/ros2_ws/install/dis_tutorial4/share/dis_tutorial4/local_setup.bash
[2.101s] -- Up-to-date: /home/osboxes/ros2_ws/install/dis_tutorial4/share/dis_tutorial4/local_setup.sh
[2.101s] -- Up-to-date: /home/osboxes/ros2_ws/install/dis_tutorial4/share/dis_tutorial4/local_setup.zsh
[2.101s] -- Up-to-date: /home/osboxes/ros2_ws/install/dis_tutorial4/share/dis_tutorial4/local_setup.dsv
[2.101s] -- Installing: /home/osboxes/ros2_ws/install/dis_tutorial4/share/dis_tutorial4/package.dsv
[2.101s] -- Up-to-date: /home/osboxes/ros2_ws/install/dis_tutorial4/share/ament_index/resource_index/packages/dis_tutorial4
[2.101s] -- Up-to-date: /home/osboxes/ros2_ws/install/dis_tutorial4/share/dis_tutorial4/cmake/dis_tutorial4Config.cmake
[2.101s] -- Up-to-date: /home/osboxes/ros2_ws/install/dis_tutorial4/share/dis_tutorial4/cmake/dis_tutorial4Config-version.cmake
[2.101s] -- Up-to-date: /home/osboxes/ros2_ws/install/dis_tutorial4/share/dis_tutorial4/package.xml
[2.122s] Invoked command in '/home/osboxes/ros2_ws/build/dis_tutorial4' returned '0': CMAKE_PREFIX_PATH=/opt/ros/humble /usr/bin/cmake --install /home/osboxes/ros2_ws/build/dis_tutorial4
