[1.514s] Invoking command in '/home/osboxes/ros2_ws/src/dis_tutorial2': PYTHONPATH=/home/osboxes/ros2_ws/build/dis_tutorial2/prefix_override:/usr/lib/python3/dist-packages/colcon_core/task/python/colcon_distutils_commands:/home/osboxes/ros2_ws/install/dis_tutorial2/lib/python3.10/site-packages:${PYTHONPATH} /usr/bin/python3 -W ignore:setup.py install is deprecated -W ignore:easy_install command is deprecated setup.py egg_info --egg-base ../../build/dis_tutorial2 build --build-base /home/osboxes/ros2_ws/build/dis_tutorial2/build install --record /home/osboxes/ros2_ws/build/dis_tutorial2/install.log --single-version-externally-managed install_data
[1.875s] running egg_info
[1.876s] creating ../../build/dis_tutorial2/dis_tutorial2.egg-info
[1.877s] writing ../../build/dis_tutorial2/dis_tutorial2.egg-info/PKG-INFO
[1.877s] writing dependency_links to ../../build/dis_tutorial2/dis_tutorial2.egg-info/dependency_links.txt
[1.878s] writing entry points to ../../build/dis_tutorial2/dis_tutorial2.egg-info/entry_points.txt
[1.878s] writing requirements to ../../build/dis_tutorial2/dis_tutorial2.egg-info/requires.txt
[1.878s] writing top-level names to ../../build/dis_tutorial2/dis_tutorial2.egg-info/top_level.txt
[1.878s] writing manifest file '../../build/dis_tutorial2/dis_tutorial2.egg-info/SOURCES.txt'
[1.881s] reading manifest file '../../build/dis_tutorial2/dis_tutorial2.egg-info/SOURCES.txt'
[1.882s] writing manifest file '../../build/dis_tutorial2/dis_tutorial2.egg-info/SOURCES.txt'
[1.882s] running build
[1.882s] running build_py
[1.883s] creating /home/osboxes/ros2_ws/build/dis_tutorial2/build
[1.883s] creating /home/osboxes/ros2_ws/build/dis_tutorial2/build/lib
[1.883s] creating /home/osboxes/ros2_ws/build/dis_tutorial2/build/lib/dis_tutorial2
[1.883s] copying dis_tutorial2/random_velocity_publisher_node.py -> /home/osboxes/ros2_ws/build/dis_tutorial2/build/lib/dis_tutorial2
[1.883s] copying dis_tutorial2/go_to_position_simple_node.py -> /home/osboxes/ros2_ws/build/dis_tutorial2/build/lib/dis_tutorial2
[1.884s] copying dis_tutorial2/__init__.py -> /home/osboxes/ros2_ws/build/dis_tutorial2/build/lib/dis_tutorial2
[1.884s] copying dis_tutorial2/achtung_die_turtles.py -> /home/osboxes/ros2_ws/build/dis_tutorial2/build/lib/dis_tutorial2
[1.885s] running install
[1.887s] running install_lib
[1.888s] creating /home/osboxes/ros2_ws/install/dis_tutorial2/lib/python3.10/site-packages/dis_tutorial2
[1.889s] copying /home/osboxes/ros2_ws/build/dis_tutorial2/build/lib/dis_tutorial2/random_velocity_publisher_node.py -> /home/osboxes/ros2_ws/install/dis_tutorial2/lib/python3.10/site-packages/dis_tutorial2
[1.889s] copying /home/osboxes/ros2_ws/build/dis_tutorial2/build/lib/dis_tutorial2/go_to_position_simple_node.py -> /home/osboxes/ros2_ws/install/dis_tutorial2/lib/python3.10/site-packages/dis_tutorial2
[1.889s] copying /home/osboxes/ros2_ws/build/dis_tutorial2/build/lib/dis_tutorial2/__init__.py -> /home/osboxes/ros2_ws/install/dis_tutorial2/lib/python3.10/site-packages/dis_tutorial2
[1.890s] copying /home/osboxes/ros2_ws/build/dis_tutorial2/build/lib/dis_tutorial2/achtung_die_turtles.py -> /home/osboxes/ros2_ws/install/dis_tutorial2/lib/python3.10/site-packages/dis_tutorial2
[1.890s] byte-compiling /home/osboxes/ros2_ws/install/dis_tutorial2/lib/python3.10/site-packages/dis_tutorial2/random_velocity_publisher_node.py to random_velocity_publisher_node.cpython-310.pyc
[1.891s] byte-compiling /home/osboxes/ros2_ws/install/dis_tutorial2/lib/python3.10/site-packages/dis_tutorial2/go_to_position_simple_node.py to go_to_position_simple_node.cpython-310.pyc
[1.894s] byte-compiling /home/osboxes/ros2_ws/install/dis_tutorial2/lib/python3.10/site-packages/dis_tutorial2/__init__.py to __init__.cpython-310.pyc
[1.895s] byte-compiling /home/osboxes/ros2_ws/install/dis_tutorial2/lib/python3.10/site-packages/dis_tutorial2/achtung_die_turtles.py to achtung_die_turtles.cpython-310.pyc
[1.899s] running install_data
[1.900s] creating /home/osboxes/ros2_ws/install/dis_tutorial2/share/ament_index
[1.900s] creating /home/osboxes/ros2_ws/install/dis_tutorial2/share/ament_index/resource_index
[1.900s] creating /home/osboxes/ros2_ws/install/dis_tutorial2/share/ament_index/resource_index/packages
[1.900s] copying resource/dis_tutorial2 -> /home/osboxes/ros2_ws/install/dis_tutorial2/share/ament_index/resource_index/packages
[1.900s] copying package.xml -> /home/osboxes/ros2_ws/install/dis_tutorial2/share/dis_tutorial2
[1.901s] creating /home/osboxes/ros2_ws/install/dis_tutorial2/share/dis_tutorial2/launch
[1.901s] copying launch/example_launch.py -> /home/osboxes/ros2_ws/install/dis_tutorial2/share/dis_tutorial2/launch
[1.902s] copying launch/example_launch.xml -> /home/osboxes/ros2_ws/install/dis_tutorial2/share/dis_tutorial2/launch
[1.902s] copying launch/go_to_position_launch.py -> /home/osboxes/ros2_ws/install/dis_tutorial2/share/dis_tutorial2/launch
[1.903s] copying launch/example_launch.yaml -> /home/osboxes/ros2_ws/install/dis_tutorial2/share/dis_tutorial2/launch
[1.903s] running install_egg_info
[1.906s] Copying ../../build/dis_tutorial2/dis_tutorial2.egg-info to /home/osboxes/ros2_ws/install/dis_tutorial2/lib/python3.10/site-packages/dis_tutorial2-0.0.1-py3.10.egg-info
[1.907s] running install_scripts
[1.943s] Installing achtung_die_turtle script to /home/osboxes/ros2_ws/install/dis_tutorial2/lib/dis_tutorial2
[1.943s] Installing go_to_position script to /home/osboxes/ros2_ws/install/dis_tutorial2/lib/dis_tutorial2
[1.944s] Installing intersection script to /home/osboxes/ros2_ws/install/dis_tutorial2/lib/dis_tutorial2
[1.945s] Installing random_velocity_publisher script to /home/osboxes/ros2_ws/install/dis_tutorial2/lib/dis_tutorial2
[1.946s] writing list of installed files to '/home/osboxes/ros2_ws/build/dis_tutorial2/install.log'
[1.981s] Invoked command in '/home/osboxes/ros2_ws/src/dis_tutorial2' returned '0': PYTHONPATH=/home/osboxes/ros2_ws/build/dis_tutorial2/prefix_override:/usr/lib/python3/dist-packages/colcon_core/task/python/colcon_distutils_commands:/home/osboxes/ros2_ws/install/dis_tutorial2/lib/python3.10/site-packages:${PYTHONPATH} /usr/bin/python3 -W ignore:setup.py install is deprecated -W ignore:easy_install command is deprecated setup.py egg_info --egg-base ../../build/dis_tutorial2 build --build-base /home/osboxes/ros2_ws/build/dis_tutorial2/build install --record /home/osboxes/ros2_ws/build/dis_tutorial2/install.log --single-version-externally-managed install_data
