[0.085s] DEBUG:colcon:Command line arguments: ['/usr/bin/colcon', 'build']
[0.085s] DEBUG:colcon:Parsed command line arguments: Namespace(log_base=None, log_level=None, verb_name='build', build_base='build', install_base='install', merge_install=False, symlink_install=False, test_result_base=None, continue_on_error=False, executor='parallel', parallel_workers=16, event_handlers=None, ignore_user_meta=False, metas=['./colcon.meta'], base_paths=['.'], packages_ignore=None, packages_ignore_regex=None, paths=None, packages_up_to=None, packages_up_to_regex=None, packages_above=None, packages_above_and_dependencies=None, packages_above_depth=None, packages_select_by_dep=None, packages_skip_by_dep=None, packages_skip_up_to=None, packages_select_build_failed=False, packages_skip_build_finished=False, packages_select_test_failures=False, packages_skip_test_passed=False, packages_select=None, packages_skip=None, packages_select_regex=None, packages_skip_regex=None, packages_start=None, packages_end=None, allow_overriding=[], cmake_args=None, cmake_target=None, cmake_target_skip_unavailable=False, cmake_clean_cache=False, cmake_clean_first=False, cmake_force_configure=False, ament_cmake_args=None, catkin_cmake_args=None, catkin_skip_building_tests=False, mixin_files=None, mixin=None, verb_parser=<colcon_mixin.mixin.mixin_argument.MixinArgumentDecorator object at 0x7d13e8f4b4c0>, verb_extension=<colcon_core.verb.build.BuildVerb object at 0x7d13e90983a0>, main=<bound method BuildVerb.main of <colcon_core.verb.build.BuildVerb object at 0x7d13e90983a0>>, mixin_verb=('build',))
[0.228s] Level 1:colcon.colcon_core.package_discovery:discover_packages(colcon_meta) check parameters
[0.229s] Level 1:colcon.colcon_core.package_discovery:discover_packages(recursive) check parameters
[0.229s] Level 1:colcon.colcon_core.package_discovery:discover_packages(ignore) check parameters
[0.229s] Level 1:colcon.colcon_core.package_discovery:discover_packages(path) check parameters
[0.229s] Level 1:colcon.colcon_core.package_discovery:discover_packages(colcon_meta) discover
[0.229s] Level 1:colcon.colcon_core.package_discovery:discover_packages(recursive) discover
[0.229s] INFO:colcon.colcon_core.package_discovery:Crawling recursively for packages in '/home/tau/colcon_ws'
[0.229s] Level 1:colcon.colcon_core.package_identification:_identify(.) by extensions ['ignore', 'ignore_ament_install']
[0.229s] Level 1:colcon.colcon_core.package_identification:_identify(.) by extension 'ignore'
[0.229s] Level 1:colcon.colcon_core.package_identification:_identify(.) by extension 'ignore_ament_install'
[0.229s] Level 1:colcon.colcon_core.package_identification:_identify(.) by extensions ['colcon_pkg']
[0.229s] Level 1:colcon.colcon_core.package_identification:_identify(.) by extension 'colcon_pkg'
[0.229s] Level 1:colcon.colcon_core.package_identification:_identify(.) by extensions ['colcon_meta']
[0.229s] Level 1:colcon.colcon_core.package_identification:_identify(.) by extension 'colcon_meta'
[0.229s] Level 1:colcon.colcon_core.package_identification:_identify(.) by extensions ['ros']
[0.229s] Level 1:colcon.colcon_core.package_identification:_identify(.) by extension 'ros'
[0.239s] Level 1:colcon.colcon_core.package_identification:_identify(.) by extensions ['cmake', 'python']
[0.239s] Level 1:colcon.colcon_core.package_identification:_identify(.) by extension 'cmake'
[0.239s] Level 1:colcon.colcon_core.package_identification:_identify(.) by extension 'python'
[0.239s] Level 1:colcon.colcon_core.package_identification:_identify(.) by extensions ['python_setup_py']
[0.239s] Level 1:colcon.colcon_core.package_identification:_identify(.) by extension 'python_setup_py'
[0.239s] Level 1:colcon.colcon_core.package_identification:_identify(3dringdataset) by extensions ['ignore', 'ignore_ament_install']
[0.239s] Level 1:colcon.colcon_core.package_identification:_identify(3dringdataset) by extension 'ignore'
[0.239s] Level 1:colcon.colcon_core.package_identification:_identify(3dringdataset) by extension 'ignore_ament_install'
[0.239s] Level 1:colcon.colcon_core.package_identification:_identify(3dringdataset) by extensions ['colcon_pkg']
[0.240s] Level 1:colcon.colcon_core.package_identification:_identify(3dringdataset) by extension 'colcon_pkg'
[0.240s] Level 1:colcon.colcon_core.package_identification:_identify(3dringdataset) by extensions ['colcon_meta']
[0.240s] Level 1:colcon.colcon_core.package_identification:_identify(3dringdataset) by extension 'colcon_meta'
[0.240s] Level 1:colcon.colcon_core.package_identification:_identify(3dringdataset) by extensions ['ros']
[0.240s] Level 1:colcon.colcon_core.package_identification:_identify(3dringdataset) by extension 'ros'
[0.240s] Level 1:colcon.colcon_core.package_identification:_identify(3dringdataset) by extensions ['cmake', 'python']
[0.240s] Level 1:colcon.colcon_core.package_identification:_identify(3dringdataset) by extension 'cmake'
[0.240s] Level 1:colcon.colcon_core.package_identification:_identify(3dringdataset) by extension 'python'
[0.240s] Level 1:colcon.colcon_core.package_identification:_identify(3dringdataset) by extensions ['python_setup_py']
[0.240s] Level 1:colcon.colcon_core.package_identification:_identify(3dringdataset) by extension 'python_setup_py'
[0.240s] Level 1:colcon.colcon_core.package_identification:_identify(3dringdataset/runs) by extensions ['ignore', 'ignore_ament_install']
[0.240s] Level 1:colcon.colcon_core.package_identification:_identify(3dringdataset/runs) by extension 'ignore'
[0.240s] Level 1:colcon.colcon_core.package_identification:_identify(3dringdataset/runs) by extension 'ignore_ament_install'
[0.240s] Level 1:colcon.colcon_core.package_identification:_identify(3dringdataset/runs) by extensions ['colcon_pkg']
[0.240s] Level 1:colcon.colcon_core.package_identification:_identify(3dringdataset/runs) by extension 'colcon_pkg'
[0.240s] Level 1:colcon.colcon_core.package_identification:_identify(3dringdataset/runs) by extensions ['colcon_meta']
[0.240s] Level 1:colcon.colcon_core.package_identification:_identify(3dringdataset/runs) by extension 'colcon_meta'
[0.240s] Level 1:colcon.colcon_core.package_identification:_identify(3dringdataset/runs) by extensions ['ros']
[0.240s] Level 1:colcon.colcon_core.package_identification:_identify(3dringdataset/runs) by extension 'ros'
[0.240s] Level 1:colcon.colcon_core.package_identification:_identify(3dringdataset/runs) by extensions ['cmake', 'python']
[0.240s] Level 1:colcon.colcon_core.package_identification:_identify(3dringdataset/runs) by extension 'cmake'
[0.240s] Level 1:colcon.colcon_core.package_identification:_identify(3dringdataset/runs) by extension 'python'
[0.240s] Level 1:colcon.colcon_core.package_identification:_identify(3dringdataset/runs) by extensions ['python_setup_py']
[0.240s] Level 1:colcon.colcon_core.package_identification:_identify(3dringdataset/runs) by extension 'python_setup_py'
[0.240s] Level 1:colcon.colcon_core.package_identification:_identify(3dringdataset/runs/detect) by extensions ['ignore', 'ignore_ament_install']
[0.240s] Level 1:colcon.colcon_core.package_identification:_identify(3dringdataset/runs/detect) by extension 'ignore'
[0.240s] Level 1:colcon.colcon_core.package_identification:_identify(3dringdataset/runs/detect) by extension 'ignore_ament_install'
[0.241s] Level 1:colcon.colcon_core.package_identification:_identify(3dringdataset/runs/detect) by extensions ['colcon_pkg']
[0.241s] Level 1:colcon.colcon_core.package_identification:_identify(3dringdataset/runs/detect) by extension 'colcon_pkg'
[0.241s] Level 1:colcon.colcon_core.package_identification:_identify(3dringdataset/runs/detect) by extensions ['colcon_meta']
[0.241s] Level 1:colcon.colcon_core.package_identification:_identify(3dringdataset/runs/detect) by extension 'colcon_meta'
[0.241s] Level 1:colcon.colcon_core.package_identification:_identify(3dringdataset/runs/detect) by extensions ['ros']
[0.241s] Level 1:colcon.colcon_core.package_identification:_identify(3dringdataset/runs/detect) by extension 'ros'
[0.241s] Level 1:colcon.colcon_core.package_identification:_identify(3dringdataset/runs/detect) by extensions ['cmake', 'python']
[0.241s] Level 1:colcon.colcon_core.package_identification:_identify(3dringdataset/runs/detect) by extension 'cmake'
[0.241s] Level 1:colcon.colcon_core.package_identification:_identify(3dringdataset/runs/detect) by extension 'python'
[0.241s] Level 1:colcon.colcon_core.package_identification:_identify(3dringdataset/runs/detect) by extensions ['python_setup_py']
[0.241s] Level 1:colcon.colcon_core.package_identification:_identify(3dringdataset/runs/detect) by extension 'python_setup_py'
[0.241s] Level 1:colcon.colcon_core.package_identification:_identify(3dringdataset/runs/detect/train) by extensions ['ignore', 'ignore_ament_install']
[0.241s] Level 1:colcon.colcon_core.package_identification:_identify(3dringdataset/runs/detect/train) by extension 'ignore'
[0.241s] Level 1:colcon.colcon_core.package_identification:_identify(3dringdataset/runs/detect/train) by extension 'ignore_ament_install'
[0.241s] Level 1:colcon.colcon_core.package_identification:_identify(3dringdataset/runs/detect/train) by extensions ['colcon_pkg']
[0.241s] Level 1:colcon.colcon_core.package_identification:_identify(3dringdataset/runs/detect/train) by extension 'colcon_pkg'
[0.241s] Level 1:colcon.colcon_core.package_identification:_identify(3dringdataset/runs/detect/train) by extensions ['colcon_meta']
[0.241s] Level 1:colcon.colcon_core.package_identification:_identify(3dringdataset/runs/detect/train) by extension 'colcon_meta'
[0.241s] Level 1:colcon.colcon_core.package_identification:_identify(3dringdataset/runs/detect/train) by extensions ['ros']
[0.241s] Level 1:colcon.colcon_core.package_identification:_identify(3dringdataset/runs/detect/train) by extension 'ros'
[0.241s] Level 1:colcon.colcon_core.package_identification:_identify(3dringdataset/runs/detect/train) by extensions ['cmake', 'python']
[0.241s] Level 1:colcon.colcon_core.package_identification:_identify(3dringdataset/runs/detect/train) by extension 'cmake'
[0.241s] Level 1:colcon.colcon_core.package_identification:_identify(3dringdataset/runs/detect/train) by extension 'python'
[0.241s] Level 1:colcon.colcon_core.package_identification:_identify(3dringdataset/runs/detect/train) by extensions ['python_setup_py']
[0.241s] Level 1:colcon.colcon_core.package_identification:_identify(3dringdataset/runs/detect/train) by extension 'python_setup_py'
[0.242s] Level 1:colcon.colcon_core.package_identification:_identify(3dringdataset/runs/detect/train/weights) by extensions ['ignore', 'ignore_ament_install']
[0.242s] Level 1:colcon.colcon_core.package_identification:_identify(3dringdataset/runs/detect/train/weights) by extension 'ignore'
[0.242s] Level 1:colcon.colcon_core.package_identification:_identify(3dringdataset/runs/detect/train/weights) by extension 'ignore_ament_install'
[0.242s] Level 1:colcon.colcon_core.package_identification:_identify(3dringdataset/runs/detect/train/weights) by extensions ['colcon_pkg']
[0.242s] Level 1:colcon.colcon_core.package_identification:_identify(3dringdataset/runs/detect/train/weights) by extension 'colcon_pkg'
[0.242s] Level 1:colcon.colcon_core.package_identification:_identify(3dringdataset/runs/detect/train/weights) by extensions ['colcon_meta']
[0.242s] Level 1:colcon.colcon_core.package_identification:_identify(3dringdataset/runs/detect/train/weights) by extension 'colcon_meta'
[0.242s] Level 1:colcon.colcon_core.package_identification:_identify(3dringdataset/runs/detect/train/weights) by extensions ['ros']
[0.242s] Level 1:colcon.colcon_core.package_identification:_identify(3dringdataset/runs/detect/train/weights) by extension 'ros'
[0.242s] Level 1:colcon.colcon_core.package_identification:_identify(3dringdataset/runs/detect/train/weights) by extensions ['cmake', 'python']
[0.242s] Level 1:colcon.colcon_core.package_identification:_identify(3dringdataset/runs/detect/train/weights) by extension 'cmake'
[0.242s] Level 1:colcon.colcon_core.package_identification:_identify(3dringdataset/runs/detect/train/weights) by extension 'python'
[0.242s] Level 1:colcon.colcon_core.package_identification:_identify(3dringdataset/runs/detect/train/weights) by extensions ['python_setup_py']
[0.242s] Level 1:colcon.colcon_core.package_identification:_identify(3dringdataset/runs/detect/train/weights) by extension 'python_setup_py'
[0.242s] Level 1:colcon.colcon_core.package_identification:_identify(3dringdataset/runs/detect/train2) by extensions ['ignore', 'ignore_ament_install']
[0.242s] Level 1:colcon.colcon_core.package_identification:_identify(3dringdataset/runs/detect/train2) by extension 'ignore'
[0.242s] Level 1:colcon.colcon_core.package_identification:_identify(3dringdataset/runs/detect/train2) by extension 'ignore_ament_install'
[0.242s] Level 1:colcon.colcon_core.package_identification:_identify(3dringdataset/runs/detect/train2) by extensions ['colcon_pkg']
[0.242s] Level 1:colcon.colcon_core.package_identification:_identify(3dringdataset/runs/detect/train2) by extension 'colcon_pkg'
[0.242s] Level 1:colcon.colcon_core.package_identification:_identify(3dringdataset/runs/detect/train2) by extensions ['colcon_meta']
[0.242s] Level 1:colcon.colcon_core.package_identification:_identify(3dringdataset/runs/detect/train2) by extension 'colcon_meta'
[0.242s] Level 1:colcon.colcon_core.package_identification:_identify(3dringdataset/runs/detect/train2) by extensions ['ros']
[0.242s] Level 1:colcon.colcon_core.package_identification:_identify(3dringdataset/runs/detect/train2) by extension 'ros'
[0.242s] Level 1:colcon.colcon_core.package_identification:_identify(3dringdataset/runs/detect/train2) by extensions ['cmake', 'python']
[0.242s] Level 1:colcon.colcon_core.package_identification:_identify(3dringdataset/runs/detect/train2) by extension 'cmake'
[0.242s] Level 1:colcon.colcon_core.package_identification:_identify(3dringdataset/runs/detect/train2) by extension 'python'
[0.242s] Level 1:colcon.colcon_core.package_identification:_identify(3dringdataset/runs/detect/train2) by extensions ['python_setup_py']
[0.242s] Level 1:colcon.colcon_core.package_identification:_identify(3dringdataset/runs/detect/train2) by extension 'python_setup_py'
[0.243s] Level 1:colcon.colcon_core.package_identification:_identify(3dringdataset/runs/detect/train2/weights) by extensions ['ignore', 'ignore_ament_install']
[0.243s] Level 1:colcon.colcon_core.package_identification:_identify(3dringdataset/runs/detect/train2/weights) by extension 'ignore'
[0.243s] Level 1:colcon.colcon_core.package_identification:_identify(3dringdataset/runs/detect/train2/weights) by extension 'ignore_ament_install'
[0.243s] Level 1:colcon.colcon_core.package_identification:_identify(3dringdataset/runs/detect/train2/weights) by extensions ['colcon_pkg']
[0.243s] Level 1:colcon.colcon_core.package_identification:_identify(3dringdataset/runs/detect/train2/weights) by extension 'colcon_pkg'
[0.243s] Level 1:colcon.colcon_core.package_identification:_identify(3dringdataset/runs/detect/train2/weights) by extensions ['colcon_meta']
[0.243s] Level 1:colcon.colcon_core.package_identification:_identify(3dringdataset/runs/detect/train2/weights) by extension 'colcon_meta'
[0.243s] Level 1:colcon.colcon_core.package_identification:_identify(3dringdataset/runs/detect/train2/weights) by extensions ['ros']
[0.243s] Level 1:colcon.colcon_core.package_identification:_identify(3dringdataset/runs/detect/train2/weights) by extension 'ros'
[0.243s] Level 1:colcon.colcon_core.package_identification:_identify(3dringdataset/runs/detect/train2/weights) by extensions ['cmake', 'python']
[0.243s] Level 1:colcon.colcon_core.package_identification:_identify(3dringdataset/runs/detect/train2/weights) by extension 'cmake'
[0.243s] Level 1:colcon.colcon_core.package_identification:_identify(3dringdataset/runs/detect/train2/weights) by extension 'python'
[0.243s] Level 1:colcon.colcon_core.package_identification:_identify(3dringdataset/runs/detect/train2/weights) by extensions ['python_setup_py']
[0.243s] Level 1:colcon.colcon_core.package_identification:_identify(3dringdataset/runs/detect/train2/weights) by extension 'python_setup_py'
[0.243s] Level 1:colcon.colcon_core.package_identification:_identify(3dringdataset/train) by extensions ['ignore', 'ignore_ament_install']
[0.243s] Level 1:colcon.colcon_core.package_identification:_identify(3dringdataset/train) by extension 'ignore'
[0.243s] Level 1:colcon.colcon_core.package_identification:_identify(3dringdataset/train) by extension 'ignore_ament_install'
[0.243s] Level 1:colcon.colcon_core.package_identification:_identify(3dringdataset/train) by extensions ['colcon_pkg']
[0.243s] Level 1:colcon.colcon_core.package_identification:_identify(3dringdataset/train) by extension 'colcon_pkg'
[0.243s] Level 1:colcon.colcon_core.package_identification:_identify(3dringdataset/train) by extensions ['colcon_meta']
[0.243s] Level 1:colcon.colcon_core.package_identification:_identify(3dringdataset/train) by extension 'colcon_meta'
[0.243s] Level 1:colcon.colcon_core.package_identification:_identify(3dringdataset/train) by extensions ['ros']
[0.243s] Level 1:colcon.colcon_core.package_identification:_identify(3dringdataset/train) by extension 'ros'
[0.243s] Level 1:colcon.colcon_core.package_identification:_identify(3dringdataset/train) by extensions ['cmake', 'python']
[0.243s] Level 1:colcon.colcon_core.package_identification:_identify(3dringdataset/train) by extension 'cmake'
[0.243s] Level 1:colcon.colcon_core.package_identification:_identify(3dringdataset/train) by extension 'python'
[0.243s] Level 1:colcon.colcon_core.package_identification:_identify(3dringdataset/train) by extensions ['python_setup_py']
[0.243s] Level 1:colcon.colcon_core.package_identification:_identify(3dringdataset/train) by extension 'python_setup_py'
[0.243s] Level 1:colcon.colcon_core.package_identification:_identify(3dringdataset/train/ring) by extensions ['ignore', 'ignore_ament_install']
[0.244s] Level 1:colcon.colcon_core.package_identification:_identify(3dringdataset/train/ring) by extension 'ignore'
[0.244s] Level 1:colcon.colcon_core.package_identification:_identify(3dringdataset/train/ring) by extension 'ignore_ament_install'
[0.244s] Level 1:colcon.colcon_core.package_identification:_identify(3dringdataset/train/ring) by extensions ['colcon_pkg']
[0.244s] Level 1:colcon.colcon_core.package_identification:_identify(3dringdataset/train/ring) by extension 'colcon_pkg'
[0.244s] Level 1:colcon.colcon_core.package_identification:_identify(3dringdataset/train/ring) by extensions ['colcon_meta']
[0.244s] Level 1:colcon.colcon_core.package_identification:_identify(3dringdataset/train/ring) by extension 'colcon_meta'
[0.244s] Level 1:colcon.colcon_core.package_identification:_identify(3dringdataset/train/ring) by extensions ['ros']
[0.244s] Level 1:colcon.colcon_core.package_identification:_identify(3dringdataset/train/ring) by extension 'ros'
[0.244s] Level 1:colcon.colcon_core.package_identification:_identify(3dringdataset/train/ring) by extensions ['cmake', 'python']
[0.244s] Level 1:colcon.colcon_core.package_identification:_identify(3dringdataset/train/ring) by extension 'cmake'
[0.244s] Level 1:colcon.colcon_core.package_identification:_identify(3dringdataset/train/ring) by extension 'python'
[0.244s] Level 1:colcon.colcon_core.package_identification:_identify(3dringdataset/train/ring) by extensions ['python_setup_py']
[0.244s] Level 1:colcon.colcon_core.package_identification:_identify(3dringdataset/train/ring) by extension 'python_setup_py'
[0.244s] Level 1:colcon.colcon_core.package_identification:_identify(3dringdataset/val) by extensions ['ignore', 'ignore_ament_install']
[0.244s] Level 1:colcon.colcon_core.package_identification:_identify(3dringdataset/val) by extension 'ignore'
[0.244s] Level 1:colcon.colcon_core.package_identification:_identify(3dringdataset/val) by extension 'ignore_ament_install'
[0.244s] Level 1:colcon.colcon_core.package_identification:_identify(3dringdataset/val) by extensions ['colcon_pkg']
[0.244s] Level 1:colcon.colcon_core.package_identification:_identify(3dringdataset/val) by extension 'colcon_pkg'
[0.244s] Level 1:colcon.colcon_core.package_identification:_identify(3dringdataset/val) by extensions ['colcon_meta']
[0.244s] Level 1:colcon.colcon_core.package_identification:_identify(3dringdataset/val) by extension 'colcon_meta'
[0.244s] Level 1:colcon.colcon_core.package_identification:_identify(3dringdataset/val) by extensions ['ros']
[0.244s] Level 1:colcon.colcon_core.package_identification:_identify(3dringdataset/val) by extension 'ros'
[0.244s] Level 1:colcon.colcon_core.package_identification:_identify(3dringdataset/val) by extensions ['cmake', 'python']
[0.244s] Level 1:colcon.colcon_core.package_identification:_identify(3dringdataset/val) by extension 'cmake'
[0.244s] Level 1:colcon.colcon_core.package_identification:_identify(3dringdataset/val) by extension 'python'
[0.244s] Level 1:colcon.colcon_core.package_identification:_identify(3dringdataset/val) by extensions ['python_setup_py']
[0.244s] Level 1:colcon.colcon_core.package_identification:_identify(3dringdataset/val) by extension 'python_setup_py'
[0.244s] Level 1:colcon.colcon_core.package_identification:_identify(3dringdataset/val/ring) by extensions ['ignore', 'ignore_ament_install']
[0.245s] Level 1:colcon.colcon_core.package_identification:_identify(3dringdataset/val/ring) by extension 'ignore'
[0.245s] Level 1:colcon.colcon_core.package_identification:_identify(3dringdataset/val/ring) by extension 'ignore_ament_install'
[0.245s] Level 1:colcon.colcon_core.package_identification:_identify(3dringdataset/val/ring) by extensions ['colcon_pkg']
[0.245s] Level 1:colcon.colcon_core.package_identification:_identify(3dringdataset/val/ring) by extension 'colcon_pkg'
[0.245s] Level 1:colcon.colcon_core.package_identification:_identify(3dringdataset/val/ring) by extensions ['colcon_meta']
[0.245s] Level 1:colcon.colcon_core.package_identification:_identify(3dringdataset/val/ring) by extension 'colcon_meta'
[0.245s] Level 1:colcon.colcon_core.package_identification:_identify(3dringdataset/val/ring) by extensions ['ros']
[0.245s] Level 1:colcon.colcon_core.package_identification:_identify(3dringdataset/val/ring) by extension 'ros'
[0.245s] Level 1:colcon.colcon_core.package_identification:_identify(3dringdataset/val/ring) by extensions ['cmake', 'python']
[0.245s] Level 1:colcon.colcon_core.package_identification:_identify(3dringdataset/val/ring) by extension 'cmake'
[0.245s] Level 1:colcon.colcon_core.package_identification:_identify(3dringdataset/val/ring) by extension 'python'
[0.245s] Level 1:colcon.colcon_core.package_identification:_identify(3dringdataset/val/ring) by extensions ['python_setup_py']
[0.245s] Level 1:colcon.colcon_core.package_identification:_identify(3dringdataset/val/ring) by extension 'python_setup_py'
[0.245s] Level 1:colcon.colcon_core.package_identification:_identify(build) by extensions ['ignore', 'ignore_ament_install']
[0.245s] Level 1:colcon.colcon_core.package_identification:_identify(build) by extension 'ignore'
[0.245s] Level 1:colcon.colcon_core.package_identification:_identify(build) ignored
[0.245s] Level 1:colcon.colcon_core.package_identification:_identify(install) by extensions ['ignore', 'ignore_ament_install']
[0.245s] Level 1:colcon.colcon_core.package_identification:_identify(install) by extension 'ignore'
[0.245s] Level 1:colcon.colcon_core.package_identification:_identify(install) ignored
[0.245s] Level 1:colcon.colcon_core.package_identification:_identify(log) by extensions ['ignore', 'ignore_ament_install']
[0.245s] Level 1:colcon.colcon_core.package_identification:_identify(log) by extension 'ignore'
[0.245s] Level 1:colcon.colcon_core.package_identification:_identify(log) ignored
[0.245s] Level 1:colcon.colcon_core.package_identification:_identify(path) by extensions ['ignore', 'ignore_ament_install']
[0.245s] Level 1:colcon.colcon_core.package_identification:_identify(path) by extension 'ignore'
[0.245s] Level 1:colcon.colcon_core.package_identification:_identify(path) by extension 'ignore_ament_install'
[0.246s] Level 1:colcon.colcon_core.package_identification:_identify(path) by extensions ['colcon_pkg']
[0.246s] Level 1:colcon.colcon_core.package_identification:_identify(path) by extension 'colcon_pkg'
[0.246s] Level 1:colcon.colcon_core.package_identification:_identify(path) by extensions ['colcon_meta']
[0.246s] Level 1:colcon.colcon_core.package_identification:_identify(path) by extension 'colcon_meta'
[0.246s] Level 1:colcon.colcon_core.package_identification:_identify(path) by extensions ['ros']
[0.246s] Level 1:colcon.colcon_core.package_identification:_identify(path) by extension 'ros'
[0.246s] Level 1:colcon.colcon_core.package_identification:_identify(path) by extensions ['cmake', 'python']
[0.246s] Level 1:colcon.colcon_core.package_identification:_identify(path) by extension 'cmake'
[0.246s] Level 1:colcon.colcon_core.package_identification:_identify(path) by extension 'python'
[0.246s] Level 1:colcon.colcon_core.package_identification:_identify(path) by extensions ['python_setup_py']
[0.246s] Level 1:colcon.colcon_core.package_identification:_identify(path) by extension 'python_setup_py'
[0.246s] Level 1:colcon.colcon_core.package_identification:_identify(path/to) by extensions ['ignore', 'ignore_ament_install']
[0.246s] Level 1:colcon.colcon_core.package_identification:_identify(path/to) by extension 'ignore'
[0.246s] Level 1:colcon.colcon_core.package_identification:_identify(path/to) by extension 'ignore_ament_install'
[0.246s] Level 1:colcon.colcon_core.package_identification:_identify(path/to) by extensions ['colcon_pkg']
[0.246s] Level 1:colcon.colcon_core.package_identification:_identify(path/to) by extension 'colcon_pkg'
[0.246s] Level 1:colcon.colcon_core.package_identification:_identify(path/to) by extensions ['colcon_meta']
[0.246s] Level 1:colcon.colcon_core.package_identification:_identify(path/to) by extension 'colcon_meta'
[0.246s] Level 1:colcon.colcon_core.package_identification:_identify(path/to) by extensions ['ros']
[0.246s] Level 1:colcon.colcon_core.package_identification:_identify(path/to) by extension 'ros'
[0.246s] Level 1:colcon.colcon_core.package_identification:_identify(path/to) by extensions ['cmake', 'python']
[0.246s] Level 1:colcon.colcon_core.package_identification:_identify(path/to) by extension 'cmake'
[0.246s] Level 1:colcon.colcon_core.package_identification:_identify(path/to) by extension 'python'
[0.246s] Level 1:colcon.colcon_core.package_identification:_identify(path/to) by extensions ['python_setup_py']
[0.246s] Level 1:colcon.colcon_core.package_identification:_identify(path/to) by extension 'python_setup_py'
[0.246s] Level 1:colcon.colcon_core.package_identification:_identify(src) by extensions ['ignore', 'ignore_ament_install']
[0.246s] Level 1:colcon.colcon_core.package_identification:_identify(src) by extension 'ignore'
[0.246s] Level 1:colcon.colcon_core.package_identification:_identify(src) by extension 'ignore_ament_install'
[0.246s] Level 1:colcon.colcon_core.package_identification:_identify(src) by extensions ['colcon_pkg']
[0.246s] Level 1:colcon.colcon_core.package_identification:_identify(src) by extension 'colcon_pkg'
[0.246s] Level 1:colcon.colcon_core.package_identification:_identify(src) by extensions ['colcon_meta']
[0.247s] Level 1:colcon.colcon_core.package_identification:_identify(src) by extension 'colcon_meta'
[0.247s] Level 1:colcon.colcon_core.package_identification:_identify(src) by extensions ['ros']
[0.247s] Level 1:colcon.colcon_core.package_identification:_identify(src) by extension 'ros'
[0.247s] Level 1:colcon.colcon_core.package_identification:_identify(src) by extensions ['cmake', 'python']
[0.247s] Level 1:colcon.colcon_core.package_identification:_identify(src) by extension 'cmake'
[0.247s] Level 1:colcon.colcon_core.package_identification:_identify(src) by extension 'python'
[0.247s] Level 1:colcon.colcon_core.package_identification:_identify(src) by extensions ['python_setup_py']
[0.247s] Level 1:colcon.colcon_core.package_identification:_identify(src) by extension 'python_setup_py'
[0.247s] Level 1:colcon.colcon_core.package_identification:_identify(src/dis_tutorial1) by extensions ['ignore', 'ignore_ament_install']
[0.247s] Level 1:colcon.colcon_core.package_identification:_identify(src/dis_tutorial1) by extension 'ignore'
[0.247s] Level 1:colcon.colcon_core.package_identification:_identify(src/dis_tutorial1) by extension 'ignore_ament_install'
[0.247s] Level 1:colcon.colcon_core.package_identification:_identify(src/dis_tutorial1) by extensions ['colcon_pkg']
[0.247s] Level 1:colcon.colcon_core.package_identification:_identify(src/dis_tutorial1) by extension 'colcon_pkg'
[0.247s] Level 1:colcon.colcon_core.package_identification:_identify(src/dis_tutorial1) by extensions ['colcon_meta']
[0.247s] Level 1:colcon.colcon_core.package_identification:_identify(src/dis_tutorial1) by extension 'colcon_meta'
[0.247s] Level 1:colcon.colcon_core.package_identification:_identify(src/dis_tutorial1) by extensions ['ros']
[0.247s] Level 1:colcon.colcon_core.package_identification:_identify(src/dis_tutorial1) by extension 'ros'
[0.250s] DEBUG:colcon.colcon_core.package_identification:Package 'src/dis_tutorial1' with type 'ros.ament_cmake' and name 'dis_tutorial1'
[0.250s] Level 1:colcon.colcon_core.package_identification:_identify(src/dis_tutorial2) by extensions ['ignore', 'ignore_ament_install']
[0.250s] Level 1:colcon.colcon_core.package_identification:_identify(src/dis_tutorial2) by extension 'ignore'
[0.250s] Level 1:colcon.colcon_core.package_identification:_identify(src/dis_tutorial2) by extension 'ignore_ament_install'
[0.250s] Level 1:colcon.colcon_core.package_identification:_identify(src/dis_tutorial2) by extensions ['colcon_pkg']
[0.250s] Level 1:colcon.colcon_core.package_identification:_identify(src/dis_tutorial2) by extension 'colcon_pkg'
[0.250s] Level 1:colcon.colcon_core.package_identification:_identify(src/dis_tutorial2) by extensions ['colcon_meta']
[0.250s] Level 1:colcon.colcon_core.package_identification:_identify(src/dis_tutorial2) by extension 'colcon_meta'
[0.250s] Level 1:colcon.colcon_core.package_identification:_identify(src/dis_tutorial2) by extensions ['ros']
[0.250s] Level 1:colcon.colcon_core.package_identification:_identify(src/dis_tutorial2) by extension 'ros'
[0.251s] DEBUG:colcon.colcon_core.package_identification:Package 'src/dis_tutorial2' with type 'ros.ament_python' and name 'dis_tutorial2'
[0.251s] Level 1:colcon.colcon_core.package_identification:_identify(src/dis_tutorial3) by extensions ['ignore', 'ignore_ament_install']
[0.251s] Level 1:colcon.colcon_core.package_identification:_identify(src/dis_tutorial3) by extension 'ignore'
[0.251s] Level 1:colcon.colcon_core.package_identification:_identify(src/dis_tutorial3) by extension 'ignore_ament_install'
[0.251s] Level 1:colcon.colcon_core.package_identification:_identify(src/dis_tutorial3) by extensions ['colcon_pkg']
[0.251s] Level 1:colcon.colcon_core.package_identification:_identify(src/dis_tutorial3) by extension 'colcon_pkg'
[0.251s] Level 1:colcon.colcon_core.package_identification:_identify(src/dis_tutorial3) by extensions ['colcon_meta']
[0.251s] Level 1:colcon.colcon_core.package_identification:_identify(src/dis_tutorial3) by extension 'colcon_meta'
[0.251s] Level 1:colcon.colcon_core.package_identification:_identify(src/dis_tutorial3) by extensions ['ros']
[0.251s] Level 1:colcon.colcon_core.package_identification:_identify(src/dis_tutorial3) by extension 'ros'
[0.252s] DEBUG:colcon.colcon_core.package_identification:Package 'src/dis_tutorial3' with type 'ros.ament_cmake' and name 'dis_tutorial3'
[0.252s] Level 1:colcon.colcon_core.package_identification:_identify(src/dis_tutorial4) by extensions ['ignore', 'ignore_ament_install']
[0.253s] Level 1:colcon.colcon_core.package_identification:_identify(src/dis_tutorial4) by extension 'ignore'
[0.253s] Level 1:colcon.colcon_core.package_identification:_identify(src/dis_tutorial4) by extension 'ignore_ament_install'
[0.253s] Level 1:colcon.colcon_core.package_identification:_identify(src/dis_tutorial4) by extensions ['colcon_pkg']
[0.253s] Level 1:colcon.colcon_core.package_identification:_identify(src/dis_tutorial4) by extension 'colcon_pkg'
[0.253s] Level 1:colcon.colcon_core.package_identification:_identify(src/dis_tutorial4) by extensions ['colcon_meta']
[0.253s] Level 1:colcon.colcon_core.package_identification:_identify(src/dis_tutorial4) by extension 'colcon_meta'
[0.253s] Level 1:colcon.colcon_core.package_identification:_identify(src/dis_tutorial4) by extensions ['ros']
[0.253s] Level 1:colcon.colcon_core.package_identification:_identify(src/dis_tutorial4) by extension 'ros'
[0.254s] DEBUG:colcon.colcon_core.package_identification:Package 'src/dis_tutorial4' with type 'ros.ament_cmake' and name 'dis_tutorial4'
[0.254s] Level 1:colcon.colcon_core.package_identification:_identify(src/hwpub) by extensions ['ignore', 'ignore_ament_install']
[0.254s] Level 1:colcon.colcon_core.package_identification:_identify(src/hwpub) by extension 'ignore'
[0.254s] Level 1:colcon.colcon_core.package_identification:_identify(src/hwpub) by extension 'ignore_ament_install'
[0.254s] Level 1:colcon.colcon_core.package_identification:_identify(src/hwpub) by extensions ['colcon_pkg']
[0.254s] Level 1:colcon.colcon_core.package_identification:_identify(src/hwpub) by extension 'colcon_pkg'
[0.254s] Level 1:colcon.colcon_core.package_identification:_identify(src/hwpub) by extensions ['colcon_meta']
[0.254s] Level 1:colcon.colcon_core.package_identification:_identify(src/hwpub) by extension 'colcon_meta'
[0.255s] Level 1:colcon.colcon_core.package_identification:_identify(src/hwpub) by extensions ['ros']
[0.255s] Level 1:colcon.colcon_core.package_identification:_identify(src/hwpub) by extension 'ros'
[0.255s] DEBUG:colcon.colcon_core.package_identification:Package 'src/hwpub' with type 'ros.ament_cmake' and name 'hwpub'
[0.255s] Level 1:colcon.colcon_core.package_discovery:discover_packages(recursive) using defaults
[0.255s] Level 1:colcon.colcon_core.package_discovery:discover_packages(ignore) discover
[0.255s] Level 1:colcon.colcon_core.package_discovery:discover_packages(ignore) using defaults
[0.255s] Level 1:colcon.colcon_core.package_discovery:discover_packages(path) discover
[0.255s] Level 1:colcon.colcon_core.package_discovery:discover_packages(path) using defaults
[0.286s] Level 1:colcon.colcon_core.package_discovery:discover_packages(prefix_path) check parameters
[0.286s] Level 1:colcon.colcon_core.package_discovery:discover_packages(prefix_path) discover
[0.288s] DEBUG:colcon.colcon_installed_package_information.package_discovery:Found 5 installed packages in /home/tau/colcon_ws/install
[0.290s] DEBUG:colcon.colcon_installed_package_information.package_discovery:Found 414 installed packages in /opt/ros/humble
[0.292s] Level 1:colcon.colcon_core.package_discovery:discover_packages(prefix_path) using defaults
[0.336s] Level 5:colcon.colcon_core.verb:set package 'dis_tutorial1' build argument 'cmake_args' from command line to 'None'
[0.336s] Level 5:colcon.colcon_core.verb:set package 'dis_tutorial1' build argument 'cmake_target' from command line to 'None'
[0.336s] Level 5:colcon.colcon_core.verb:set package 'dis_tutorial1' build argument 'cmake_target_skip_unavailable' from command line to 'False'
[0.336s] Level 5:colcon.colcon_core.verb:set package 'dis_tutorial1' build argument 'cmake_clean_cache' from command line to 'False'
[0.336s] Level 5:colcon.colcon_core.verb:set package 'dis_tutorial1' build argument 'cmake_clean_first' from command line to 'False'
[0.336s] Level 5:colcon.colcon_core.verb:set package 'dis_tutorial1' build argument 'cmake_force_configure' from command line to 'False'
[0.336s] Level 5:colcon.colcon_core.verb:set package 'dis_tutorial1' build argument 'ament_cmake_args' from command line to 'None'
[0.336s] Level 5:colcon.colcon_core.verb:set package 'dis_tutorial1' build argument 'catkin_cmake_args' from command line to 'None'
[0.336s] Level 5:colcon.colcon_core.verb:set package 'dis_tutorial1' build argument 'catkin_skip_building_tests' from command line to 'False'
[0.336s] DEBUG:colcon.colcon_core.verb:Building package 'dis_tutorial1' with the following arguments: {'ament_cmake_args': None, 'build_base': '/home/tau/colcon_ws/build/dis_tutorial1', 'catkin_cmake_args': None, 'catkin_skip_building_tests': False, 'cmake_args': None, 'cmake_clean_cache': False, 'cmake_clean_first': False, 'cmake_force_configure': False, 'cmake_target': None, 'cmake_target_skip_unavailable': False, 'install_base': '/home/tau/colcon_ws/install/dis_tutorial1', 'merge_install': False, 'path': '/home/tau/colcon_ws/src/dis_tutorial1', 'symlink_install': False, 'test_result_base': None}
[0.336s] Level 5:colcon.colcon_core.verb:set package 'dis_tutorial2' build argument 'cmake_args' from command line to 'None'
[0.336s] Level 5:colcon.colcon_core.verb:set package 'dis_tutorial2' build argument 'cmake_target' from command line to 'None'
[0.336s] Level 5:colcon.colcon_core.verb:set package 'dis_tutorial2' build argument 'cmake_target_skip_unavailable' from command line to 'False'
[0.336s] Level 5:colcon.colcon_core.verb:set package 'dis_tutorial2' build argument 'cmake_clean_cache' from command line to 'False'
[0.336s] Level 5:colcon.colcon_core.verb:set package 'dis_tutorial2' build argument 'cmake_clean_first' from command line to 'False'
[0.336s] Level 5:colcon.colcon_core.verb:set package 'dis_tutorial2' build argument 'cmake_force_configure' from command line to 'False'
[0.336s] Level 5:colcon.colcon_core.verb:set package 'dis_tutorial2' build argument 'ament_cmake_args' from command line to 'None'
[0.337s] Level 5:colcon.colcon_core.verb:set package 'dis_tutorial2' build argument 'catkin_cmake_args' from command line to 'None'
[0.337s] Level 5:colcon.colcon_core.verb:set package 'dis_tutorial2' build argument 'catkin_skip_building_tests' from command line to 'False'
[0.337s] DEBUG:colcon.colcon_core.verb:Building package 'dis_tutorial2' with the following arguments: {'ament_cmake_args': None, 'build_base': '/home/tau/colcon_ws/build/dis_tutorial2', 'catkin_cmake_args': None, 'catkin_skip_building_tests': False, 'cmake_args': None, 'cmake_clean_cache': False, 'cmake_clean_first': False, 'cmake_force_configure': False, 'cmake_target': None, 'cmake_target_skip_unavailable': False, 'install_base': '/home/tau/colcon_ws/install/dis_tutorial2', 'merge_install': False, 'path': '/home/tau/colcon_ws/src/dis_tutorial2', 'symlink_install': False, 'test_result_base': None}
[0.337s] Level 5:colcon.colcon_core.verb:set package 'dis_tutorial3' build argument 'cmake_args' from command line to 'None'
[0.337s] Level 5:colcon.colcon_core.verb:set package 'dis_tutorial3' build argument 'cmake_target' from command line to 'None'
[0.337s] Level 5:colcon.colcon_core.verb:set package 'dis_tutorial3' build argument 'cmake_target_skip_unavailable' from command line to 'False'
[0.337s] Level 5:colcon.colcon_core.verb:set package 'dis_tutorial3' build argument 'cmake_clean_cache' from command line to 'False'
[0.337s] Level 5:colcon.colcon_core.verb:set package 'dis_tutorial3' build argument 'cmake_clean_first' from command line to 'False'
[0.337s] Level 5:colcon.colcon_core.verb:set package 'dis_tutorial3' build argument 'cmake_force_configure' from command line to 'False'
[0.337s] Level 5:colcon.colcon_core.verb:set package 'dis_tutorial3' build argument 'ament_cmake_args' from command line to 'None'
[0.337s] Level 5:colcon.colcon_core.verb:set package 'dis_tutorial3' build argument 'catkin_cmake_args' from command line to 'None'
[0.337s] Level 5:colcon.colcon_core.verb:set package 'dis_tutorial3' build argument 'catkin_skip_building_tests' from command line to 'False'
[0.337s] DEBUG:colcon.colcon_core.verb:Building package 'dis_tutorial3' with the following arguments: {'ament_cmake_args': None, 'build_base': '/home/tau/colcon_ws/build/dis_tutorial3', 'catkin_cmake_args': None, 'catkin_skip_building_tests': False, 'cmake_args': None, 'cmake_clean_cache': False, 'cmake_clean_first': False, 'cmake_force_configure': False, 'cmake_target': None, 'cmake_target_skip_unavailable': False, 'install_base': '/home/tau/colcon_ws/install/dis_tutorial3', 'merge_install': False, 'path': '/home/tau/colcon_ws/src/dis_tutorial3', 'symlink_install': False, 'test_result_base': None}
[0.337s] Level 5:colcon.colcon_core.verb:set package 'dis_tutorial4' build argument 'cmake_args' from command line to 'None'
[0.337s] Level 5:colcon.colcon_core.verb:set package 'dis_tutorial4' build argument 'cmake_target' from command line to 'None'
[0.337s] Level 5:colcon.colcon_core.verb:set package 'dis_tutorial4' build argument 'cmake_target_skip_unavailable' from command line to 'False'
[0.337s] Level 5:colcon.colcon_core.verb:set package 'dis_tutorial4' build argument 'cmake_clean_cache' from command line to 'False'
[0.337s] Level 5:colcon.colcon_core.verb:set package 'dis_tutorial4' build argument 'cmake_clean_first' from command line to 'False'
[0.337s] Level 5:colcon.colcon_core.verb:set package 'dis_tutorial4' build argument 'cmake_force_configure' from command line to 'False'
[0.337s] Level 5:colcon.colcon_core.verb:set package 'dis_tutorial4' build argument 'ament_cmake_args' from command line to 'None'
[0.337s] Level 5:colcon.colcon_core.verb:set package 'dis_tutorial4' build argument 'catkin_cmake_args' from command line to 'None'
[0.337s] Level 5:colcon.colcon_core.verb:set package 'dis_tutorial4' build argument 'catkin_skip_building_tests' from command line to 'False'
[0.337s] DEBUG:colcon.colcon_core.verb:Building package 'dis_tutorial4' with the following arguments: {'ament_cmake_args': None, 'build_base': '/home/tau/colcon_ws/build/dis_tutorial4', 'catkin_cmake_args': None, 'catkin_skip_building_tests': False, 'cmake_args': None, 'cmake_clean_cache': False, 'cmake_clean_first': False, 'cmake_force_configure': False, 'cmake_target': None, 'cmake_target_skip_unavailable': False, 'install_base': '/home/tau/colcon_ws/install/dis_tutorial4', 'merge_install': False, 'path': '/home/tau/colcon_ws/src/dis_tutorial4', 'symlink_install': False, 'test_result_base': None}
[0.338s] Level 5:colcon.colcon_core.verb:set package 'hwpub' build argument 'cmake_args' from command line to 'None'
[0.338s] Level 5:colcon.colcon_core.verb:set package 'hwpub' build argument 'cmake_target' from command line to 'None'
[0.338s] Level 5:colcon.colcon_core.verb:set package 'hwpub' build argument 'cmake_target_skip_unavailable' from command line to 'False'
[0.338s] Level 5:colcon.colcon_core.verb:set package 'hwpub' build argument 'cmake_clean_cache' from command line to 'False'
[0.338s] Level 5:colcon.colcon_core.verb:set package 'hwpub' build argument 'cmake_clean_first' from command line to 'False'
[0.338s] Level 5:colcon.colcon_core.verb:set package 'hwpub' build argument 'cmake_force_configure' from command line to 'False'
[0.338s] Level 5:colcon.colcon_core.verb:set package 'hwpub' build argument 'ament_cmake_args' from command line to 'None'
[0.338s] Level 5:colcon.colcon_core.verb:set package 'hwpub' build argument 'catkin_cmake_args' from command line to 'None'
[0.338s] Level 5:colcon.colcon_core.verb:set package 'hwpub' build argument 'catkin_skip_building_tests' from command line to 'False'
[0.338s] DEBUG:colcon.colcon_core.verb:Building package 'hwpub' with the following arguments: {'ament_cmake_args': None, 'build_base': '/home/tau/colcon_ws/build/hwpub', 'catkin_cmake_args': None, 'catkin_skip_building_tests': False, 'cmake_args': None, 'cmake_clean_cache': False, 'cmake_clean_first': False, 'cmake_force_configure': False, 'cmake_target': None, 'cmake_target_skip_unavailable': False, 'install_base': '/home/tau/colcon_ws/install/hwpub', 'merge_install': False, 'path': '/home/tau/colcon_ws/src/hwpub', 'symlink_install': False, 'test_result_base': None}
[0.338s] INFO:colcon.colcon_core.executor:Executing jobs using 'parallel' executor
[0.339s] DEBUG:colcon.colcon_parallel_executor.executor.parallel:run_until_complete
[0.339s] INFO:colcon.colcon_ros.task.ament_cmake.build:Building ROS package in '/home/tau/colcon_ws/src/dis_tutorial1' with build type 'ament_cmake'
[0.339s] INFO:colcon.colcon_cmake.task.cmake.build:Building CMake package in '/home/tau/colcon_ws/src/dis_tutorial1'
[0.341s] INFO:colcon.colcon_core.plugin_system:Skipping extension 'colcon_core.shell.bat': Not used on non-Windows systems
[0.341s] INFO:colcon.colcon_core.shell:Skip shell extension 'powershell' for command environment: Not usable outside of PowerShell
[0.341s] DEBUG:colcon.colcon_core.shell:Skip shell extension 'dsv' for command environment
[0.345s] INFO:colcon.colcon_ros.task.ament_python.build:Building ROS package in '/home/tau/colcon_ws/src/dis_tutorial2' with build type 'ament_python'
[0.345s] Level 1:colcon.colcon_core.shell:create_environment_hook('dis_tutorial2', 'ament_prefix_path')
[0.346s] INFO:colcon.colcon_core.shell:Creating environment hook '/home/tau/colcon_ws/install/dis_tutorial2/share/dis_tutorial2/hook/ament_prefix_path.ps1'
[0.346s] INFO:colcon.colcon_core.shell:Creating environment descriptor '/home/tau/colcon_ws/install/dis_tutorial2/share/dis_tutorial2/hook/ament_prefix_path.dsv'
[0.346s] INFO:colcon.colcon_core.shell:Creating environment hook '/home/tau/colcon_ws/install/dis_tutorial2/share/dis_tutorial2/hook/ament_prefix_path.sh'
[0.347s] INFO:colcon.colcon_core.shell:Skip shell extension 'powershell' for command environment: Not usable outside of PowerShell
[0.347s] DEBUG:colcon.colcon_core.shell:Skip shell extension 'dsv' for command environment
[0.350s] INFO:colcon.colcon_ros.task.ament_cmake.build:Building ROS package in '/home/tau/colcon_ws/src/dis_tutorial3' with build type 'ament_cmake'
[0.350s] INFO:colcon.colcon_cmake.task.cmake.build:Building CMake package in '/home/tau/colcon_ws/src/dis_tutorial3'
[0.350s] INFO:colcon.colcon_core.shell:Skip shell extension 'powershell' for command environment: Not usable outside of PowerShell
[0.350s] DEBUG:colcon.colcon_core.shell:Skip shell extension 'dsv' for command environment
[0.354s] INFO:colcon.colcon_ros.task.ament_cmake.build:Building ROS package in '/home/tau/colcon_ws/src/dis_tutorial4' with build type 'ament_cmake'
[0.354s] INFO:colcon.colcon_cmake.task.cmake.build:Building CMake package in '/home/tau/colcon_ws/src/dis_tutorial4'
[0.354s] INFO:colcon.colcon_core.shell:Skip shell extension 'powershell' for command environment: Not usable outside of PowerShell
[0.354s] DEBUG:colcon.colcon_core.shell:Skip shell extension 'dsv' for command environment
[0.358s] INFO:colcon.colcon_ros.task.ament_cmake.build:Building ROS package in '/home/tau/colcon_ws/src/hwpub' with build type 'ament_cmake'
[0.358s] INFO:colcon.colcon_cmake.task.cmake.build:Building CMake package in '/home/tau/colcon_ws/src/hwpub'
[0.358s] INFO:colcon.colcon_core.shell:Skip shell extension 'powershell' for command environment: Not usable outside of PowerShell
[0.358s] DEBUG:colcon.colcon_core.shell:Skip shell extension 'dsv' for command environment
[0.364s] DEBUG:colcon.colcon_core.event_handler.log_command:Invoking command in '/home/tau/colcon_ws/build/dis_tutorial1': CMAKE_PREFIX_PATH=${CMAKE_PREFIX_PATH}:/home/tau/colcon_ws/install/dis_tutorial2:/opt/ros/humble /usr/bin/cmake --build /home/tau/colcon_ws/build/dis_tutorial1 -- -j16 -l16
[0.624s] INFO:colcon.colcon_core.task.python.build:Building Python package in '/home/tau/colcon_ws/src/dis_tutorial2'
[0.624s] INFO:colcon.colcon_core.shell:Skip shell extension 'powershell' for command environment: Not usable outside of PowerShell
[0.625s] DEBUG:colcon.colcon_core.shell:Skip shell extension 'dsv' for command environment
[0.631s] DEBUG:colcon.colcon_core.event_handler.log_command:Invoking command in '/home/tau/colcon_ws/build/dis_tutorial3': CMAKE_PREFIX_PATH=${CMAKE_PREFIX_PATH}:/home/tau/colcon_ws/install/dis_tutorial2:/opt/ros/humble /usr/bin/cmake --build /home/tau/colcon_ws/build/dis_tutorial3 -- -j16 -l16
[0.635s] DEBUG:colcon.colcon_core.event_handler.log_command:Invoking command in '/home/tau/colcon_ws/build/dis_tutorial4': CMAKE_PREFIX_PATH=${CMAKE_PREFIX_PATH}:/home/tau/colcon_ws/install/dis_tutorial2:/opt/ros/humble /usr/bin/cmake --build /home/tau/colcon_ws/build/dis_tutorial4 -- -j16 -l16
[0.642s] DEBUG:colcon.colcon_core.event_handler.log_command:Invoking command in '/home/tau/colcon_ws/build/hwpub': CMAKE_PREFIX_PATH=${CMAKE_PREFIX_PATH}:/home/tau/colcon_ws/install/dis_tutorial2:/opt/ros/humble /usr/bin/cmake --build /home/tau/colcon_ws/build/hwpub -- -j16 -l16
[0.675s] DEBUG:colcon.colcon_core.event_handler.log_command:Invoked command in '/home/tau/colcon_ws/build/dis_tutorial3' returned '0': CMAKE_PREFIX_PATH=${CMAKE_PREFIX_PATH}:/home/tau/colcon_ws/install/dis_tutorial2:/opt/ros/humble /usr/bin/cmake --build /home/tau/colcon_ws/build/dis_tutorial3 -- -j16 -l16
[0.688s] DEBUG:colcon.colcon_core.event_handler.log_command:Invoking command in '/home/tau/colcon_ws/build/dis_tutorial3': CMAKE_PREFIX_PATH=${CMAKE_PREFIX_PATH}:/home/tau/colcon_ws/install/dis_tutorial2:/opt/ros/humble /usr/bin/cmake --install /home/tau/colcon_ws/build/dis_tutorial3
[0.689s] DEBUG:colcon.colcon_core.event_handler.log_command:Invoked command in '/home/tau/colcon_ws/build/dis_tutorial4' returned '0': CMAKE_PREFIX_PATH=${CMAKE_PREFIX_PATH}:/home/tau/colcon_ws/install/dis_tutorial2:/opt/ros/humble /usr/bin/cmake --build /home/tau/colcon_ws/build/dis_tutorial4 -- -j16 -l16
[0.691s] DEBUG:colcon.colcon_core.event_handler.log_command:Invoking command in '/home/tau/colcon_ws/build/dis_tutorial4': CMAKE_PREFIX_PATH=${CMAKE_PREFIX_PATH}:/home/tau/colcon_ws/install/dis_tutorial2:/opt/ros/humble /usr/bin/cmake --install /home/tau/colcon_ws/build/dis_tutorial4
[0.708s] Level 1:colcon.colcon_core.environment:create_environment_scripts_only(dis_tutorial4)
[0.725s] Level 1:colcon.colcon_core.environment:checking '/home/tau/colcon_ws/install/dis_tutorial4' for CMake module files
[0.729s] Level 1:colcon.colcon_core.environment:checking '/home/tau/colcon_ws/install/dis_tutorial4' for CMake config files
[0.731s] Level 1:colcon.colcon_core.shell:create_environment_hook('dis_tutorial4', 'cmake_prefix_path')
[0.732s] INFO:colcon.colcon_core.shell:Creating environment hook '/home/tau/colcon_ws/install/dis_tutorial4/share/dis_tutorial4/hook/cmake_prefix_path.ps1'
[0.735s] INFO:colcon.colcon_core.shell:Creating environment descriptor '/home/tau/colcon_ws/install/dis_tutorial4/share/dis_tutorial4/hook/cmake_prefix_path.dsv'
[0.737s] DEBUG:colcon.colcon_core.event_handler.log_command:Invoked command in '/home/tau/colcon_ws/build/dis_tutorial4' returned '0': CMAKE_PREFIX_PATH=${CMAKE_PREFIX_PATH}:/home/tau/colcon_ws/install/dis_tutorial2:/opt/ros/humble /usr/bin/cmake --install /home/tau/colcon_ws/build/dis_tutorial4
[0.737s] INFO:colcon.colcon_core.shell:Creating environment hook '/home/tau/colcon_ws/install/dis_tutorial4/share/dis_tutorial4/hook/cmake_prefix_path.sh'
[0.740s] Level 1:colcon.colcon_core.environment:checking '/home/tau/colcon_ws/install/dis_tutorial4/lib'
[0.741s] Level 1:colcon.colcon_core.environment:checking '/home/tau/colcon_ws/install/dis_tutorial4/bin'
[0.742s] Level 1:colcon.colcon_core.environment:checking '/home/tau/colcon_ws/install/dis_tutorial4/lib/pkgconfig/dis_tutorial4.pc'
[0.742s] Level 1:colcon.colcon_core.environment:checking '/home/tau/colcon_ws/install/dis_tutorial4/lib/python3.10/site-packages'
[0.742s] Level 1:colcon.colcon_core.environment:checking '/home/tau/colcon_ws/install/dis_tutorial4/bin'
[0.743s] INFO:colcon.colcon_core.shell:Creating package script '/home/tau/colcon_ws/install/dis_tutorial4/share/dis_tutorial4/package.ps1'
[0.745s] INFO:colcon.colcon_core.shell:Creating package descriptor '/home/tau/colcon_ws/install/dis_tutorial4/share/dis_tutorial4/package.dsv'
[0.745s] INFO:colcon.colcon_core.shell:Creating package script '/home/tau/colcon_ws/install/dis_tutorial4/share/dis_tutorial4/package.sh'
[0.746s] INFO:colcon.colcon_core.shell:Creating package script '/home/tau/colcon_ws/install/dis_tutorial4/share/dis_tutorial4/package.bash'
[0.747s] INFO:colcon.colcon_core.shell:Creating package script '/home/tau/colcon_ws/install/dis_tutorial4/share/dis_tutorial4/package.zsh'
[0.748s] Level 1:colcon.colcon_core.environment:create_file_with_runtime_dependencies(/home/tau/colcon_ws/install/dis_tutorial4/share/colcon-core/packages/dis_tutorial4)
[0.748s] Level 1:colcon.colcon_core.environment:create_environment_scripts_only(dis_tutorial4)
[0.748s] Level 1:colcon.colcon_core.environment:checking '/home/tau/colcon_ws/install/dis_tutorial4' for CMake module files
[0.749s] Level 1:colcon.colcon_core.environment:checking '/home/tau/colcon_ws/install/dis_tutorial4' for CMake config files
[0.749s] Level 1:colcon.colcon_core.shell:create_environment_hook('dis_tutorial4', 'cmake_prefix_path')
[0.750s] INFO:colcon.colcon_core.shell:Creating environment hook '/home/tau/colcon_ws/install/dis_tutorial4/share/dis_tutorial4/hook/cmake_prefix_path.ps1'
[0.750s] INFO:colcon.colcon_core.shell:Creating environment descriptor '/home/tau/colcon_ws/install/dis_tutorial4/share/dis_tutorial4/hook/cmake_prefix_path.dsv'
[0.751s] INFO:colcon.colcon_core.shell:Creating environment hook '/home/tau/colcon_ws/install/dis_tutorial4/share/dis_tutorial4/hook/cmake_prefix_path.sh'
[0.751s] Level 1:colcon.colcon_core.environment:checking '/home/tau/colcon_ws/install/dis_tutorial4/lib'
[0.751s] Level 1:colcon.colcon_core.environment:checking '/home/tau/colcon_ws/install/dis_tutorial4/bin'
[0.751s] Level 1:colcon.colcon_core.environment:checking '/home/tau/colcon_ws/install/dis_tutorial4/lib/pkgconfig/dis_tutorial4.pc'
[0.751s] Level 1:colcon.colcon_core.environment:checking '/home/tau/colcon_ws/install/dis_tutorial4/lib/python3.10/site-packages'
[0.751s] Level 1:colcon.colcon_core.environment:checking '/home/tau/colcon_ws/install/dis_tutorial4/bin'
[0.752s] INFO:colcon.colcon_core.shell:Creating package script '/home/tau/colcon_ws/install/dis_tutorial4/share/dis_tutorial4/package.ps1'
[0.752s] INFO:colcon.colcon_core.shell:Creating package descriptor '/home/tau/colcon_ws/install/dis_tutorial4/share/dis_tutorial4/package.dsv'
[0.753s] INFO:colcon.colcon_core.shell:Creating package script '/home/tau/colcon_ws/install/dis_tutorial4/share/dis_tutorial4/package.sh'
[0.754s] INFO:colcon.colcon_core.shell:Creating package script '/home/tau/colcon_ws/install/dis_tutorial4/share/dis_tutorial4/package.bash'
[0.754s] INFO:colcon.colcon_core.shell:Creating package script '/home/tau/colcon_ws/install/dis_tutorial4/share/dis_tutorial4/package.zsh'
[0.754s] Level 1:colcon.colcon_core.environment:create_file_with_runtime_dependencies(/home/tau/colcon_ws/install/dis_tutorial4/share/colcon-core/packages/dis_tutorial4)
[0.755s] Level 1:colcon.colcon_core.environment:create_environment_scripts_only(dis_tutorial3)
[0.755s] Level 1:colcon.colcon_core.environment:checking '/home/tau/colcon_ws/install/dis_tutorial3' for CMake module files
[0.756s] Level 1:colcon.colcon_core.environment:checking '/home/tau/colcon_ws/install/dis_tutorial3' for CMake config files
[0.757s] DEBUG:colcon.colcon_core.event_handler.log_command:Invoked command in '/home/tau/colcon_ws/build/dis_tutorial3' returned '0': CMAKE_PREFIX_PATH=${CMAKE_PREFIX_PATH}:/home/tau/colcon_ws/install/dis_tutorial2:/opt/ros/humble /usr/bin/cmake --install /home/tau/colcon_ws/build/dis_tutorial3
[0.757s] Level 1:colcon.colcon_core.shell:create_environment_hook('dis_tutorial3', 'cmake_prefix_path')
[0.757s] INFO:colcon.colcon_core.shell:Creating environment hook '/home/tau/colcon_ws/install/dis_tutorial3/share/dis_tutorial3/hook/cmake_prefix_path.ps1'
[0.757s] INFO:colcon.colcon_core.shell:Creating environment descriptor '/home/tau/colcon_ws/install/dis_tutorial3/share/dis_tutorial3/hook/cmake_prefix_path.dsv'
[0.758s] INFO:colcon.colcon_core.shell:Creating environment hook '/home/tau/colcon_ws/install/dis_tutorial3/share/dis_tutorial3/hook/cmake_prefix_path.sh'
[0.758s] Level 1:colcon.colcon_core.environment:checking '/home/tau/colcon_ws/install/dis_tutorial3/lib'
[0.758s] Level 1:colcon.colcon_core.environment:checking '/home/tau/colcon_ws/install/dis_tutorial3/bin'
[0.758s] Level 1:colcon.colcon_core.environment:checking '/home/tau/colcon_ws/install/dis_tutorial3/lib/pkgconfig/dis_tutorial3.pc'
[0.758s] Level 1:colcon.colcon_core.environment:checking '/home/tau/colcon_ws/install/dis_tutorial3/lib/python3.10/site-packages'
[0.759s] Level 1:colcon.colcon_core.environment:checking '/home/tau/colcon_ws/install/dis_tutorial3/bin'
[0.759s] INFO:colcon.colcon_core.shell:Creating package script '/home/tau/colcon_ws/install/dis_tutorial3/share/dis_tutorial3/package.ps1'
[0.759s] INFO:colcon.colcon_core.shell:Creating package descriptor '/home/tau/colcon_ws/install/dis_tutorial3/share/dis_tutorial3/package.dsv'
[0.760s] INFO:colcon.colcon_core.shell:Creating package script '/home/tau/colcon_ws/install/dis_tutorial3/share/dis_tutorial3/package.sh'
[0.760s] INFO:colcon.colcon_core.shell:Creating package script '/home/tau/colcon_ws/install/dis_tutorial3/share/dis_tutorial3/package.bash'
[0.760s] INFO:colcon.colcon_core.shell:Creating package script '/home/tau/colcon_ws/install/dis_tutorial3/share/dis_tutorial3/package.zsh'
[0.761s] Level 1:colcon.colcon_core.environment:create_file_with_runtime_dependencies(/home/tau/colcon_ws/install/dis_tutorial3/share/colcon-core/packages/dis_tutorial3)
[0.761s] Level 1:colcon.colcon_core.environment:create_environment_scripts_only(dis_tutorial3)
[0.761s] Level 1:colcon.colcon_core.environment:checking '/home/tau/colcon_ws/install/dis_tutorial3' for CMake module files
[0.762s] Level 1:colcon.colcon_core.environment:checking '/home/tau/colcon_ws/install/dis_tutorial3' for CMake config files
[0.762s] Level 1:colcon.colcon_core.shell:create_environment_hook('dis_tutorial3', 'cmake_prefix_path')
[0.762s] INFO:colcon.colcon_core.shell:Creating environment hook '/home/tau/colcon_ws/install/dis_tutorial3/share/dis_tutorial3/hook/cmake_prefix_path.ps1'
[0.762s] INFO:colcon.colcon_core.shell:Creating environment descriptor '/home/tau/colcon_ws/install/dis_tutorial3/share/dis_tutorial3/hook/cmake_prefix_path.dsv'
[0.763s] INFO:colcon.colcon_core.shell:Creating environment hook '/home/tau/colcon_ws/install/dis_tutorial3/share/dis_tutorial3/hook/cmake_prefix_path.sh'
[0.763s] Level 1:colcon.colcon_core.environment:checking '/home/tau/colcon_ws/install/dis_tutorial3/lib'
[0.763s] Level 1:colcon.colcon_core.environment:checking '/home/tau/colcon_ws/install/dis_tutorial3/bin'
[0.763s] Level 1:colcon.colcon_core.environment:checking '/home/tau/colcon_ws/install/dis_tutorial3/lib/pkgconfig/dis_tutorial3.pc'
[0.763s] Level 1:colcon.colcon_core.environment:checking '/home/tau/colcon_ws/install/dis_tutorial3/lib/python3.10/site-packages'
[0.763s] Level 1:colcon.colcon_core.environment:checking '/home/tau/colcon_ws/install/dis_tutorial3/bin'
[0.764s] INFO:colcon.colcon_core.shell:Creating package script '/home/tau/colcon_ws/install/dis_tutorial3/share/dis_tutorial3/package.ps1'
[0.764s] INFO:colcon.colcon_core.shell:Creating package descriptor '/home/tau/colcon_ws/install/dis_tutorial3/share/dis_tutorial3/package.dsv'
[0.765s] INFO:colcon.colcon_core.shell:Creating package script '/home/tau/colcon_ws/install/dis_tutorial3/share/dis_tutorial3/package.sh'
[0.765s] INFO:colcon.colcon_core.shell:Creating package script '/home/tau/colcon_ws/install/dis_tutorial3/share/dis_tutorial3/package.bash'
[0.765s] INFO:colcon.colcon_core.shell:Creating package script '/home/tau/colcon_ws/install/dis_tutorial3/share/dis_tutorial3/package.zsh'
[0.766s] Level 1:colcon.colcon_core.environment:create_file_with_runtime_dependencies(/home/tau/colcon_ws/install/dis_tutorial3/share/colcon-core/packages/dis_tutorial3)
[0.768s] DEBUG:colcon.colcon_core.event_handler.log_command:Invoked command in '/home/tau/colcon_ws/build/dis_tutorial1' returned '0': CMAKE_PREFIX_PATH=${CMAKE_PREFIX_PATH}:/home/tau/colcon_ws/install/dis_tutorial2:/opt/ros/humble /usr/bin/cmake --build /home/tau/colcon_ws/build/dis_tutorial1 -- -j16 -l16
[0.769s] DEBUG:colcon.colcon_core.event_handler.log_command:Invoking command in '/home/tau/colcon_ws/build/dis_tutorial1': CMAKE_PREFIX_PATH=${CMAKE_PREFIX_PATH}:/home/tau/colcon_ws/install/dis_tutorial2:/opt/ros/humble /usr/bin/cmake --install /home/tau/colcon_ws/build/dis_tutorial1
[0.834s] Level 1:colcon.colcon_core.environment:create_environment_scripts_only(dis_tutorial1)
[0.835s] Level 1:colcon.colcon_core.environment:checking '/home/tau/colcon_ws/install/dis_tutorial1' for CMake module files
[0.835s] DEBUG:colcon.colcon_core.event_handler.log_command:Invoked command in '/home/tau/colcon_ws/build/dis_tutorial1' returned '0': CMAKE_PREFIX_PATH=${CMAKE_PREFIX_PATH}:/home/tau/colcon_ws/install/dis_tutorial2:/opt/ros/humble /usr/bin/cmake --install /home/tau/colcon_ws/build/dis_tutorial1
[0.836s] Level 1:colcon.colcon_core.environment:checking '/home/tau/colcon_ws/install/dis_tutorial1' for CMake config files
[0.836s] Level 1:colcon.colcon_core.shell:create_environment_hook('dis_tutorial1', 'cmake_prefix_path')
[0.836s] INFO:colcon.colcon_core.shell:Creating environment hook '/home/tau/colcon_ws/install/dis_tutorial1/share/dis_tutorial1/hook/cmake_prefix_path.ps1'
[0.837s] INFO:colcon.colcon_core.shell:Creating environment descriptor '/home/tau/colcon_ws/install/dis_tutorial1/share/dis_tutorial1/hook/cmake_prefix_path.dsv'
[0.837s] INFO:colcon.colcon_core.shell:Creating environment hook '/home/tau/colcon_ws/install/dis_tutorial1/share/dis_tutorial1/hook/cmake_prefix_path.sh'
[0.838s] Level 1:colcon.colcon_core.environment:checking '/home/tau/colcon_ws/install/dis_tutorial1/lib'
[0.838s] Level 1:colcon.colcon_core.shell:create_environment_hook('dis_tutorial1', 'ld_library_path_lib')
[0.839s] INFO:colcon.colcon_core.shell:Creating environment hook '/home/tau/colcon_ws/install/dis_tutorial1/share/dis_tutorial1/hook/ld_library_path_lib.ps1'
[0.839s] INFO:colcon.colcon_core.shell:Creating environment descriptor '/home/tau/colcon_ws/install/dis_tutorial1/share/dis_tutorial1/hook/ld_library_path_lib.dsv'
[0.839s] INFO:colcon.colcon_core.shell:Creating environment hook '/home/tau/colcon_ws/install/dis_tutorial1/share/dis_tutorial1/hook/ld_library_path_lib.sh'
[0.840s] Level 1:colcon.colcon_core.environment:checking '/home/tau/colcon_ws/install/dis_tutorial1/bin'
[0.840s] Level 1:colcon.colcon_core.environment:checking '/home/tau/colcon_ws/install/dis_tutorial1/lib/pkgconfig/dis_tutorial1.pc'
[0.840s] Level 1:colcon.colcon_core.environment:checking '/home/tau/colcon_ws/install/dis_tutorial1/lib/python3.10/site-packages'
[0.840s] Level 1:colcon.colcon_core.environment:checking '/home/tau/colcon_ws/install/dis_tutorial1/bin'
[0.841s] INFO:colcon.colcon_core.shell:Creating package script '/home/tau/colcon_ws/install/dis_tutorial1/share/dis_tutorial1/package.ps1'
[0.842s] INFO:colcon.colcon_core.shell:Creating package descriptor '/home/tau/colcon_ws/install/dis_tutorial1/share/dis_tutorial1/package.dsv'
[0.843s] INFO:colcon.colcon_core.shell:Creating package script '/home/tau/colcon_ws/install/dis_tutorial1/share/dis_tutorial1/package.sh'
[0.843s] INFO:colcon.colcon_core.shell:Creating package script '/home/tau/colcon_ws/install/dis_tutorial1/share/dis_tutorial1/package.bash'
[0.844s] INFO:colcon.colcon_core.shell:Creating package script '/home/tau/colcon_ws/install/dis_tutorial1/share/dis_tutorial1/package.zsh'
[0.844s] Level 1:colcon.colcon_core.environment:create_file_with_runtime_dependencies(/home/tau/colcon_ws/install/dis_tutorial1/share/colcon-core/packages/dis_tutorial1)
[0.845s] Level 1:colcon.colcon_core.environment:create_environment_scripts_only(dis_tutorial1)
[0.845s] Level 1:colcon.colcon_core.environment:checking '/home/tau/colcon_ws/install/dis_tutorial1' for CMake module files
[0.845s] Level 1:colcon.colcon_core.environment:checking '/home/tau/colcon_ws/install/dis_tutorial1' for CMake config files
[0.846s] Level 1:colcon.colcon_core.shell:create_environment_hook('dis_tutorial1', 'cmake_prefix_path')
[0.846s] INFO:colcon.colcon_core.shell:Creating environment hook '/home/tau/colcon_ws/install/dis_tutorial1/share/dis_tutorial1/hook/cmake_prefix_path.ps1'
[0.846s] INFO:colcon.colcon_core.shell:Creating environment descriptor '/home/tau/colcon_ws/install/dis_tutorial1/share/dis_tutorial1/hook/cmake_prefix_path.dsv'
[0.846s] INFO:colcon.colcon_core.shell:Creating environment hook '/home/tau/colcon_ws/install/dis_tutorial1/share/dis_tutorial1/hook/cmake_prefix_path.sh'
[0.847s] Level 1:colcon.colcon_core.environment:checking '/home/tau/colcon_ws/install/dis_tutorial1/lib'
[0.847s] Level 1:colcon.colcon_core.shell:create_environment_hook('dis_tutorial1', 'ld_library_path_lib')
[0.847s] INFO:colcon.colcon_core.shell:Creating environment hook '/home/tau/colcon_ws/install/dis_tutorial1/share/dis_tutorial1/hook/ld_library_path_lib.ps1'
[0.847s] INFO:colcon.colcon_core.shell:Creating environment descriptor '/home/tau/colcon_ws/install/dis_tutorial1/share/dis_tutorial1/hook/ld_library_path_lib.dsv'
[0.848s] INFO:colcon.colcon_core.shell:Creating environment hook '/home/tau/colcon_ws/install/dis_tutorial1/share/dis_tutorial1/hook/ld_library_path_lib.sh'
[0.848s] Level 1:colcon.colcon_core.environment:checking '/home/tau/colcon_ws/install/dis_tutorial1/bin'
[0.848s] Level 1:colcon.colcon_core.environment:checking '/home/tau/colcon_ws/install/dis_tutorial1/lib/pkgconfig/dis_tutorial1.pc'
[0.848s] Level 1:colcon.colcon_core.environment:checking '/home/tau/colcon_ws/install/dis_tutorial1/lib/python3.10/site-packages'
[0.848s] Level 1:colcon.colcon_core.environment:checking '/home/tau/colcon_ws/install/dis_tutorial1/bin'
[0.848s] INFO:colcon.colcon_core.shell:Creating package script '/home/tau/colcon_ws/install/dis_tutorial1/share/dis_tutorial1/package.ps1'
[0.849s] INFO:colcon.colcon_core.shell:Creating package descriptor '/home/tau/colcon_ws/install/dis_tutorial1/share/dis_tutorial1/package.dsv'
[0.849s] INFO:colcon.colcon_core.shell:Creating package script '/home/tau/colcon_ws/install/dis_tutorial1/share/dis_tutorial1/package.sh'
[0.850s] INFO:colcon.colcon_core.shell:Creating package script '/home/tau/colcon_ws/install/dis_tutorial1/share/dis_tutorial1/package.bash'
[0.850s] INFO:colcon.colcon_core.shell:Creating package script '/home/tau/colcon_ws/install/dis_tutorial1/share/dis_tutorial1/package.zsh'
[0.850s] Level 1:colcon.colcon_core.environment:create_file_with_runtime_dependencies(/home/tau/colcon_ws/install/dis_tutorial1/share/colcon-core/packages/dis_tutorial1)
[1.009s] DEBUG:colcon.colcon_core.event_handler.log_command:Invoked command in '/home/tau/colcon_ws/build/hwpub' returned '0': CMAKE_PREFIX_PATH=${CMAKE_PREFIX_PATH}:/home/tau/colcon_ws/install/dis_tutorial2:/opt/ros/humble /usr/bin/cmake --build /home/tau/colcon_ws/build/hwpub -- -j16 -l16
[1.012s] DEBUG:colcon.colcon_core.event_handler.log_command:Invoking command in '/home/tau/colcon_ws/build/hwpub': CMAKE_PREFIX_PATH=${CMAKE_PREFIX_PATH}:/home/tau/colcon_ws/install/dis_tutorial2:/opt/ros/humble /usr/bin/cmake --install /home/tau/colcon_ws/build/hwpub
[1.032s] DEBUG:colcon.colcon_core.event_handler.log_command:Invoking command in '/home/tau/colcon_ws/src/dis_tutorial2': PYTHONPATH=/home/tau/colcon_ws/build/dis_tutorial2/prefix_override:/usr/lib/python3/dist-packages/colcon_core/task/python/colcon_distutils_commands:/home/tau/colcon_ws/install/dis_tutorial2/lib/python3.10/site-packages:${PYTHONPATH} /usr/bin/python3 -W ignore:setup.py install is deprecated -W ignore:easy_install command is deprecated setup.py egg_info --egg-base ../../build/dis_tutorial2 build --build-base /home/tau/colcon_ws/build/dis_tutorial2/build install --record /home/tau/colcon_ws/build/dis_tutorial2/install.log --single-version-externally-managed install_data
[1.060s] Level 1:colcon.colcon_core.environment:create_environment_scripts_only(hwpub)
[1.060s] Level 1:colcon.colcon_core.environment:checking '/home/tau/colcon_ws/install/hwpub' for CMake module files
[1.061s] DEBUG:colcon.colcon_core.event_handler.log_command:Invoked command in '/home/tau/colcon_ws/build/hwpub' returned '0': CMAKE_PREFIX_PATH=${CMAKE_PREFIX_PATH}:/home/tau/colcon_ws/install/dis_tutorial2:/opt/ros/humble /usr/bin/cmake --install /home/tau/colcon_ws/build/hwpub
[1.061s] Level 1:colcon.colcon_core.environment:checking '/home/tau/colcon_ws/install/hwpub' for CMake config files
[1.062s] Level 1:colcon.colcon_core.shell:create_environment_hook('hwpub', 'cmake_prefix_path')
[1.062s] INFO:colcon.colcon_core.shell:Creating environment hook '/home/tau/colcon_ws/install/hwpub/share/hwpub/hook/cmake_prefix_path.ps1'
[1.062s] INFO:colcon.colcon_core.shell:Creating environment descriptor '/home/tau/colcon_ws/install/hwpub/share/hwpub/hook/cmake_prefix_path.dsv'
[1.062s] INFO:colcon.colcon_core.shell:Creating environment hook '/home/tau/colcon_ws/install/hwpub/share/hwpub/hook/cmake_prefix_path.sh'
[1.063s] Level 1:colcon.colcon_core.environment:checking '/home/tau/colcon_ws/install/hwpub/lib'
[1.063s] Level 1:colcon.colcon_core.shell:create_environment_hook('hwpub', 'ld_library_path_lib')
[1.063s] INFO:colcon.colcon_core.shell:Creating environment hook '/home/tau/colcon_ws/install/hwpub/share/hwpub/hook/ld_library_path_lib.ps1'
[1.063s] INFO:colcon.colcon_core.shell:Creating environment descriptor '/home/tau/colcon_ws/install/hwpub/share/hwpub/hook/ld_library_path_lib.dsv'
[1.063s] INFO:colcon.colcon_core.shell:Creating environment hook '/home/tau/colcon_ws/install/hwpub/share/hwpub/hook/ld_library_path_lib.sh'
[1.064s] Level 1:colcon.colcon_core.environment:checking '/home/tau/colcon_ws/install/hwpub/bin'
[1.064s] Level 1:colcon.colcon_core.environment:checking '/home/tau/colcon_ws/install/hwpub/lib/pkgconfig/hwpub.pc'
[1.064s] Level 1:colcon.colcon_core.environment:checking '/home/tau/colcon_ws/install/hwpub/lib/python3.10/site-packages'
[1.064s] Level 1:colcon.colcon_core.environment:checking '/home/tau/colcon_ws/install/hwpub/bin'
[1.064s] INFO:colcon.colcon_core.shell:Creating package script '/home/tau/colcon_ws/install/hwpub/share/hwpub/package.ps1'
[1.065s] INFO:colcon.colcon_core.shell:Creating package descriptor '/home/tau/colcon_ws/install/hwpub/share/hwpub/package.dsv'
[1.065s] INFO:colcon.colcon_core.shell:Creating package script '/home/tau/colcon_ws/install/hwpub/share/hwpub/package.sh'
[1.065s] INFO:colcon.colcon_core.shell:Creating package script '/home/tau/colcon_ws/install/hwpub/share/hwpub/package.bash'
[1.066s] INFO:colcon.colcon_core.shell:Creating package script '/home/tau/colcon_ws/install/hwpub/share/hwpub/package.zsh'
[1.066s] Level 1:colcon.colcon_core.environment:create_file_with_runtime_dependencies(/home/tau/colcon_ws/install/hwpub/share/colcon-core/packages/hwpub)
[1.066s] Level 1:colcon.colcon_core.environment:create_environment_scripts_only(hwpub)
[1.067s] Level 1:colcon.colcon_core.environment:checking '/home/tau/colcon_ws/install/hwpub' for CMake module files
[1.067s] Level 1:colcon.colcon_core.environment:checking '/home/tau/colcon_ws/install/hwpub' for CMake config files
[1.068s] Level 1:colcon.colcon_core.shell:create_environment_hook('hwpub', 'cmake_prefix_path')
[1.068s] INFO:colcon.colcon_core.shell:Creating environment hook '/home/tau/colcon_ws/install/hwpub/share/hwpub/hook/cmake_prefix_path.ps1'
[1.068s] INFO:colcon.colcon_core.shell:Creating environment descriptor '/home/tau/colcon_ws/install/hwpub/share/hwpub/hook/cmake_prefix_path.dsv'
[1.068s] INFO:colcon.colcon_core.shell:Creating environment hook '/home/tau/colcon_ws/install/hwpub/share/hwpub/hook/cmake_prefix_path.sh'
[1.069s] Level 1:colcon.colcon_core.environment:checking '/home/tau/colcon_ws/install/hwpub/lib'
[1.069s] Level 1:colcon.colcon_core.shell:create_environment_hook('hwpub', 'ld_library_path_lib')
[1.069s] INFO:colcon.colcon_core.shell:Creating environment hook '/home/tau/colcon_ws/install/hwpub/share/hwpub/hook/ld_library_path_lib.ps1'
[1.069s] INFO:colcon.colcon_core.shell:Creating environment descriptor '/home/tau/colcon_ws/install/hwpub/share/hwpub/hook/ld_library_path_lib.dsv'
[1.070s] INFO:colcon.colcon_core.shell:Creating environment hook '/home/tau/colcon_ws/install/hwpub/share/hwpub/hook/ld_library_path_lib.sh'
[1.070s] Level 1:colcon.colcon_core.environment:checking '/home/tau/colcon_ws/install/hwpub/bin'
[1.070s] Level 1:colcon.colcon_core.environment:checking '/home/tau/colcon_ws/install/hwpub/lib/pkgconfig/hwpub.pc'
[1.071s] Level 1:colcon.colcon_core.environment:checking '/home/tau/colcon_ws/install/hwpub/lib/python3.10/site-packages'
[1.071s] Level 1:colcon.colcon_core.environment:checking '/home/tau/colcon_ws/install/hwpub/bin'
[1.071s] INFO:colcon.colcon_core.shell:Creating package script '/home/tau/colcon_ws/install/hwpub/share/hwpub/package.ps1'
[1.072s] INFO:colcon.colcon_core.shell:Creating package descriptor '/home/tau/colcon_ws/install/hwpub/share/hwpub/package.dsv'
[1.072s] INFO:colcon.colcon_core.shell:Creating package script '/home/tau/colcon_ws/install/hwpub/share/hwpub/package.sh'
[1.073s] INFO:colcon.colcon_core.shell:Creating package script '/home/tau/colcon_ws/install/hwpub/share/hwpub/package.bash'
[1.073s] INFO:colcon.colcon_core.shell:Creating package script '/home/tau/colcon_ws/install/hwpub/share/hwpub/package.zsh'
[1.074s] Level 1:colcon.colcon_core.environment:create_file_with_runtime_dependencies(/home/tau/colcon_ws/install/hwpub/share/colcon-core/packages/hwpub)
[1.268s] Level 1:colcon.colcon_core.environment:checking '/home/tau/colcon_ws/install/dis_tutorial2' for CMake module files
[1.268s] DEBUG:colcon.colcon_core.event_handler.log_command:Invoked command in '/home/tau/colcon_ws/src/dis_tutorial2' returned '0': PYTHONPATH=/home/tau/colcon_ws/build/dis_tutorial2/prefix_override:/usr/lib/python3/dist-packages/colcon_core/task/python/colcon_distutils_commands:/home/tau/colcon_ws/install/dis_tutorial2/lib/python3.10/site-packages:${PYTHONPATH} /usr/bin/python3 -W ignore:setup.py install is deprecated -W ignore:easy_install command is deprecated setup.py egg_info --egg-base ../../build/dis_tutorial2 build --build-base /home/tau/colcon_ws/build/dis_tutorial2/build install --record /home/tau/colcon_ws/build/dis_tutorial2/install.log --single-version-externally-managed install_data
[1.269s] Level 1:colcon.colcon_core.environment:checking '/home/tau/colcon_ws/install/dis_tutorial2' for CMake config files
[1.270s] Level 1:colcon.colcon_core.environment:checking '/home/tau/colcon_ws/install/dis_tutorial2/lib'
[1.270s] Level 1:colcon.colcon_core.environment:checking '/home/tau/colcon_ws/install/dis_tutorial2/bin'
[1.270s] Level 1:colcon.colcon_core.environment:checking '/home/tau/colcon_ws/install/dis_tutorial2/lib/pkgconfig/dis_tutorial2.pc'
[1.270s] Level 1:colcon.colcon_core.environment:checking '/home/tau/colcon_ws/install/dis_tutorial2/lib/python3.10/site-packages'
[1.270s] Level 1:colcon.colcon_core.shell:create_environment_hook('dis_tutorial2', 'pythonpath')
[1.270s] INFO:colcon.colcon_core.shell:Creating environment hook '/home/tau/colcon_ws/install/dis_tutorial2/share/dis_tutorial2/hook/pythonpath.ps1'
[1.271s] INFO:colcon.colcon_core.shell:Creating environment descriptor '/home/tau/colcon_ws/install/dis_tutorial2/share/dis_tutorial2/hook/pythonpath.dsv'
[1.271s] INFO:colcon.colcon_core.shell:Creating environment hook '/home/tau/colcon_ws/install/dis_tutorial2/share/dis_tutorial2/hook/pythonpath.sh'
[1.272s] Level 1:colcon.colcon_core.environment:checking '/home/tau/colcon_ws/install/dis_tutorial2/bin'
[1.272s] Level 1:colcon.colcon_core.environment:create_environment_scripts_only(dis_tutorial2)
[1.273s] INFO:colcon.colcon_core.shell:Creating package script '/home/tau/colcon_ws/install/dis_tutorial2/share/dis_tutorial2/package.ps1'
[1.273s] INFO:colcon.colcon_core.shell:Creating package descriptor '/home/tau/colcon_ws/install/dis_tutorial2/share/dis_tutorial2/package.dsv'
[1.273s] INFO:colcon.colcon_core.shell:Creating package script '/home/tau/colcon_ws/install/dis_tutorial2/share/dis_tutorial2/package.sh'
[1.274s] INFO:colcon.colcon_core.shell:Creating package script '/home/tau/colcon_ws/install/dis_tutorial2/share/dis_tutorial2/package.bash'
[1.274s] INFO:colcon.colcon_core.shell:Creating package script '/home/tau/colcon_ws/install/dis_tutorial2/share/dis_tutorial2/package.zsh'
[1.274s] Level 1:colcon.colcon_core.environment:create_file_with_runtime_dependencies(/home/tau/colcon_ws/install/dis_tutorial2/share/colcon-core/packages/dis_tutorial2)
[1.274s] DEBUG:colcon.colcon_parallel_executor.executor.parallel:closing loop
[1.275s] DEBUG:colcon.colcon_parallel_executor.executor.parallel:loop closed
[1.275s] DEBUG:colcon.colcon_parallel_executor.executor.parallel:run_until_complete finished with '0'
[1.275s] DEBUG:colcon.colcon_core.event_reactor:joining thread
[1.279s] INFO:colcon.colcon_core.plugin_system:Skipping extension 'colcon_notification.desktop_notification.notify_send': Could not find 'notify-send'
[1.279s] INFO:colcon.colcon_core.plugin_system:Skipping extension 'colcon_notification.desktop_notification.terminal_notifier': Not used on non-Darwin systems
[1.279s] INFO:colcon.colcon_core.plugin_system:Skipping extension 'colcon_notification.desktop_notification.win32': Not used on non-Windows systems
[1.279s] INFO:colcon.colcon_notification.desktop_notification:Sending desktop notification using 'notify2'
[1.295s] DEBUG:colcon.colcon_core.event_reactor:joined thread
[1.296s] INFO:colcon.colcon_core.shell:Creating prefix script '/home/tau/colcon_ws/install/local_setup.ps1'
[1.297s] INFO:colcon.colcon_core.shell:Creating prefix util module '/home/tau/colcon_ws/install/_local_setup_util_ps1.py'
[1.298s] INFO:colcon.colcon_core.shell:Creating prefix chain script '/home/tau/colcon_ws/install/setup.ps1'
[1.299s] INFO:colcon.colcon_core.shell:Creating prefix script '/home/tau/colcon_ws/install/local_setup.sh'
[1.299s] INFO:colcon.colcon_core.shell:Creating prefix util module '/home/tau/colcon_ws/install/_local_setup_util_sh.py'
[1.299s] INFO:colcon.colcon_core.shell:Creating prefix chain script '/home/tau/colcon_ws/install/setup.sh'
[1.300s] INFO:colcon.colcon_core.shell:Creating prefix script '/home/tau/colcon_ws/install/local_setup.bash'
[1.301s] INFO:colcon.colcon_core.shell:Creating prefix chain script '/home/tau/colcon_ws/install/setup.bash'
[1.301s] INFO:colcon.colcon_core.shell:Creating prefix script '/home/tau/colcon_ws/install/local_setup.zsh'
[1.302s] INFO:colcon.colcon_core.shell:Creating prefix chain script '/home/tau/colcon_ws/install/setup.zsh'
