[0.122s] DEBUG:colcon:Command line arguments: ['/usr/bin/colcon', 'build', '--symlink-install']
[0.122s] DEBUG:colcon:Parsed command line arguments: Namespace(log_base=None, log_level=None, verb_name='build', build_base='build', install_base='install', merge_install=False, symlink_install=True, test_result_base=None, continue_on_error=False, executor='parallel', parallel_workers=2, event_handlers=None, ignore_user_meta=False, metas=['./colcon.meta'], base_paths=['.'], packages_ignore=None, packages_ignore_regex=None, paths=None, packages_up_to=None, packages_up_to_regex=None, packages_above=None, packages_above_and_dependencies=None, packages_above_depth=None, packages_select_by_dep=None, packages_skip_by_dep=None, packages_skip_up_to=None, packages_select_build_failed=False, packages_skip_build_finished=False, packages_select_test_failures=False, packages_skip_test_passed=False, packages_select=None, packages_skip=None, packages_select_regex=None, packages_skip_regex=None, packages_start=None, packages_end=None, allow_overriding=[], cmake_args=None, cmake_target=None, cmake_target_skip_unavailable=False, cmake_clean_cache=False, cmake_clean_first=False, cmake_force_configure=False, ament_cmake_args=None, catkin_cmake_args=None, catkin_skip_building_tests=False, mixin_files=None, mixin=None, verb_parser=<colcon_mixin.mixin.mixin_argument.MixinArgumentDecorator object at 0x7d57ae34d510>, verb_extension=<colcon_core.verb.build.BuildVerb object at 0x7d57ae45e410>, main=<bound method BuildVerb.main of <colcon_core.verb.build.BuildVerb object at 0x7d57ae45e410>>, mixin_verb=('build',))
[0.291s] Level 1:colcon.colcon_core.package_discovery:discover_packages(colcon_meta) check parameters
[0.291s] Level 1:colcon.colcon_core.package_discovery:discover_packages(recursive) check parameters
[0.291s] Level 1:colcon.colcon_core.package_discovery:discover_packages(ignore) check parameters
[0.291s] Level 1:colcon.colcon_core.package_discovery:discover_packages(path) check parameters
[0.291s] Level 1:colcon.colcon_core.package_discovery:discover_packages(colcon_meta) discover
[0.291s] Level 1:colcon.colcon_core.package_discovery:discover_packages(recursive) discover
[0.292s] INFO:colcon.colcon_core.package_discovery:Crawling recursively for packages in '/home/ilija/ros2_ws/src/RINS'
[0.292s] Level 1:colcon.colcon_core.package_identification:_identify(.) by extensions ['ignore', 'ignore_ament_install']
[0.292s] Level 1:colcon.colcon_core.package_identification:_identify(.) by extension 'ignore'
[0.292s] Level 1:colcon.colcon_core.package_identification:_identify(.) by extension 'ignore_ament_install'
[0.292s] Level 1:colcon.colcon_core.package_identification:_identify(.) by extensions ['colcon_pkg']
[0.292s] Level 1:colcon.colcon_core.package_identification:_identify(.) by extension 'colcon_pkg'
[0.292s] Level 1:colcon.colcon_core.package_identification:_identify(.) by extensions ['colcon_meta']
[0.292s] Level 1:colcon.colcon_core.package_identification:_identify(.) by extension 'colcon_meta'
[0.292s] Level 1:colcon.colcon_core.package_identification:_identify(.) by extensions ['ros']
[0.292s] Level 1:colcon.colcon_core.package_identification:_identify(.) by extension 'ros'
[0.304s] Level 1:colcon.colcon_core.package_identification:_identify(.) by extensions ['cmake', 'python']
[0.304s] Level 1:colcon.colcon_core.package_identification:_identify(.) by extension 'cmake'
[0.304s] Level 1:colcon.colcon_core.package_identification:_identify(.) by extension 'python'
[0.304s] Level 1:colcon.colcon_core.package_identification:_identify(.) by extensions ['python_setup_py']
[0.305s] Level 1:colcon.colcon_core.package_identification:_identify(.) by extension 'python_setup_py'
[0.305s] Level 1:colcon.colcon_core.package_identification:_identify(build) by extensions ['ignore', 'ignore_ament_install']
[0.305s] Level 1:colcon.colcon_core.package_identification:_identify(build) by extension 'ignore'
[0.305s] Level 1:colcon.colcon_core.package_identification:_identify(build) ignored
[0.305s] Level 1:colcon.colcon_core.package_identification:_identify(install) by extensions ['ignore', 'ignore_ament_install']
[0.305s] Level 1:colcon.colcon_core.package_identification:_identify(install) by extension 'ignore'
[0.305s] Level 1:colcon.colcon_core.package_identification:_identify(install) ignored
[0.305s] Level 1:colcon.colcon_core.package_identification:_identify(log) by extensions ['ignore', 'ignore_ament_install']
[0.305s] Level 1:colcon.colcon_core.package_identification:_identify(log) by extension 'ignore'
[0.305s] Level 1:colcon.colcon_core.package_identification:_identify(log) ignored
[0.305s] Level 1:colcon.colcon_core.package_identification:_identify(src) by extensions ['ignore', 'ignore_ament_install']
[0.305s] Level 1:colcon.colcon_core.package_identification:_identify(src) by extension 'ignore'
[0.305s] Level 1:colcon.colcon_core.package_identification:_identify(src) by extension 'ignore_ament_install'
[0.305s] Level 1:colcon.colcon_core.package_identification:_identify(src) by extensions ['colcon_pkg']
[0.306s] Level 1:colcon.colcon_core.package_identification:_identify(src) by extension 'colcon_pkg'
[0.306s] Level 1:colcon.colcon_core.package_identification:_identify(src) by extensions ['colcon_meta']
[0.306s] Level 1:colcon.colcon_core.package_identification:_identify(src) by extension 'colcon_meta'
[0.306s] Level 1:colcon.colcon_core.package_identification:_identify(src) by extensions ['ros']
[0.306s] Level 1:colcon.colcon_core.package_identification:_identify(src) by extension 'ros'
[0.306s] Level 1:colcon.colcon_core.package_identification:_identify(src) by extensions ['cmake', 'python']
[0.306s] Level 1:colcon.colcon_core.package_identification:_identify(src) by extension 'cmake'
[0.306s] Level 1:colcon.colcon_core.package_identification:_identify(src) by extension 'python'
[0.306s] Level 1:colcon.colcon_core.package_identification:_identify(src) by extensions ['python_setup_py']
[0.306s] Level 1:colcon.colcon_core.package_identification:_identify(src) by extension 'python_setup_py'
[0.306s] Level 1:colcon.colcon_core.package_identification:_identify(src/dis_tutorial1) by extensions ['ignore', 'ignore_ament_install']
[0.306s] Level 1:colcon.colcon_core.package_identification:_identify(src/dis_tutorial1) by extension 'ignore'
[0.306s] Level 1:colcon.colcon_core.package_identification:_identify(src/dis_tutorial1) by extension 'ignore_ament_install'
[0.306s] Level 1:colcon.colcon_core.package_identification:_identify(src/dis_tutorial1) by extensions ['colcon_pkg']
[0.306s] Level 1:colcon.colcon_core.package_identification:_identify(src/dis_tutorial1) by extension 'colcon_pkg'
[0.306s] Level 1:colcon.colcon_core.package_identification:_identify(src/dis_tutorial1) by extensions ['colcon_meta']
[0.306s] Level 1:colcon.colcon_core.package_identification:_identify(src/dis_tutorial1) by extension 'colcon_meta'
[0.306s] Level 1:colcon.colcon_core.package_identification:_identify(src/dis_tutorial1) by extensions ['ros']
[0.306s] Level 1:colcon.colcon_core.package_identification:_identify(src/dis_tutorial1) by extension 'ros'
[0.309s] DEBUG:colcon.colcon_core.package_identification:Package 'src/dis_tutorial1' with type 'ros.ament_cmake' and name 'dis_tutorial1'
[0.309s] Level 1:colcon.colcon_core.package_identification:_identify(src/dis_tutorial2) by extensions ['ignore', 'ignore_ament_install']
[0.309s] Level 1:colcon.colcon_core.package_identification:_identify(src/dis_tutorial2) by extension 'ignore'
[0.310s] Level 1:colcon.colcon_core.package_identification:_identify(src/dis_tutorial2) by extension 'ignore_ament_install'
[0.310s] Level 1:colcon.colcon_core.package_identification:_identify(src/dis_tutorial2) by extensions ['colcon_pkg']
[0.310s] Level 1:colcon.colcon_core.package_identification:_identify(src/dis_tutorial2) by extension 'colcon_pkg'
[0.310s] Level 1:colcon.colcon_core.package_identification:_identify(src/dis_tutorial2) by extensions ['colcon_meta']
[0.310s] Level 1:colcon.colcon_core.package_identification:_identify(src/dis_tutorial2) by extension 'colcon_meta'
[0.310s] Level 1:colcon.colcon_core.package_identification:_identify(src/dis_tutorial2) by extensions ['ros']
[0.310s] Level 1:colcon.colcon_core.package_identification:_identify(src/dis_tutorial2) by extension 'ros'
[0.311s] DEBUG:colcon.colcon_core.package_identification:Package 'src/dis_tutorial2' with type 'ros.ament_python' and name 'dis_tutorial2'
[0.311s] Level 1:colcon.colcon_core.package_identification:_identify(src/hwpub) by extensions ['ignore', 'ignore_ament_install']
[0.311s] Level 1:colcon.colcon_core.package_identification:_identify(src/hwpub) by extension 'ignore'
[0.311s] Level 1:colcon.colcon_core.package_identification:_identify(src/hwpub) by extension 'ignore_ament_install'
[0.311s] Level 1:colcon.colcon_core.package_identification:_identify(src/hwpub) by extensions ['colcon_pkg']
[0.311s] Level 1:colcon.colcon_core.package_identification:_identify(src/hwpub) by extension 'colcon_pkg'
[0.311s] Level 1:colcon.colcon_core.package_identification:_identify(src/hwpub) by extensions ['colcon_meta']
[0.311s] Level 1:colcon.colcon_core.package_identification:_identify(src/hwpub) by extension 'colcon_meta'
[0.311s] Level 1:colcon.colcon_core.package_identification:_identify(src/hwpub) by extensions ['ros']
[0.311s] Level 1:colcon.colcon_core.package_identification:_identify(src/hwpub) by extension 'ros'
[0.312s] DEBUG:colcon.colcon_core.package_identification:Package 'src/hwpub' with type 'ros.ament_cmake' and name 'hwpub'
[0.313s] Level 1:colcon.colcon_core.package_discovery:discover_packages(recursive) using defaults
[0.313s] Level 1:colcon.colcon_core.package_discovery:discover_packages(ignore) discover
[0.313s] Level 1:colcon.colcon_core.package_discovery:discover_packages(ignore) using defaults
[0.313s] Level 1:colcon.colcon_core.package_discovery:discover_packages(path) discover
[0.313s] Level 1:colcon.colcon_core.package_discovery:discover_packages(path) using defaults
[0.351s] Level 1:colcon.colcon_core.package_discovery:discover_packages(prefix_path) check parameters
[0.351s] Level 1:colcon.colcon_core.package_discovery:discover_packages(prefix_path) discover
[0.353s] DEBUG:colcon.colcon_installed_package_information.package_discovery:Found 3 installed packages in /home/ilija/ros2_ws/src/RINS/install
[0.354s] DEBUG:colcon.colcon_installed_package_information.package_discovery:Found 271 installed packages in /opt/ros/humble
[0.356s] Level 1:colcon.colcon_core.package_discovery:discover_packages(prefix_path) using defaults
[0.391s] Level 5:colcon.colcon_core.verb:set package 'dis_tutorial1' build argument 'cmake_args' from command line to 'None'
[0.391s] Level 5:colcon.colcon_core.verb:set package 'dis_tutorial1' build argument 'cmake_target' from command line to 'None'
[0.391s] Level 5:colcon.colcon_core.verb:set package 'dis_tutorial1' build argument 'cmake_target_skip_unavailable' from command line to 'False'
[0.391s] Level 5:colcon.colcon_core.verb:set package 'dis_tutorial1' build argument 'cmake_clean_cache' from command line to 'False'
[0.391s] Level 5:colcon.colcon_core.verb:set package 'dis_tutorial1' build argument 'cmake_clean_first' from command line to 'False'
[0.391s] Level 5:colcon.colcon_core.verb:set package 'dis_tutorial1' build argument 'cmake_force_configure' from command line to 'False'
[0.391s] Level 5:colcon.colcon_core.verb:set package 'dis_tutorial1' build argument 'ament_cmake_args' from command line to 'None'
[0.391s] Level 5:colcon.colcon_core.verb:set package 'dis_tutorial1' build argument 'catkin_cmake_args' from command line to 'None'
[0.391s] Level 5:colcon.colcon_core.verb:set package 'dis_tutorial1' build argument 'catkin_skip_building_tests' from command line to 'False'
[0.391s] DEBUG:colcon.colcon_core.verb:Building package 'dis_tutorial1' with the following arguments: {'ament_cmake_args': None, 'build_base': '/home/ilija/ros2_ws/src/RINS/build/dis_tutorial1', 'catkin_cmake_args': None, 'catkin_skip_building_tests': False, 'cmake_args': None, 'cmake_clean_cache': False, 'cmake_clean_first': False, 'cmake_force_configure': False, 'cmake_target': None, 'cmake_target_skip_unavailable': False, 'install_base': '/home/ilija/ros2_ws/src/RINS/install/dis_tutorial1', 'merge_install': False, 'path': '/home/ilija/ros2_ws/src/RINS/src/dis_tutorial1', 'symlink_install': True, 'test_result_base': None}
[0.392s] Level 5:colcon.colcon_core.verb:set package 'dis_tutorial2' build argument 'cmake_args' from command line to 'None'
[0.392s] Level 5:colcon.colcon_core.verb:set package 'dis_tutorial2' build argument 'cmake_target' from command line to 'None'
[0.392s] Level 5:colcon.colcon_core.verb:set package 'dis_tutorial2' build argument 'cmake_target_skip_unavailable' from command line to 'False'
[0.392s] Level 5:colcon.colcon_core.verb:set package 'dis_tutorial2' build argument 'cmake_clean_cache' from command line to 'False'
[0.392s] Level 5:colcon.colcon_core.verb:set package 'dis_tutorial2' build argument 'cmake_clean_first' from command line to 'False'
[0.392s] Level 5:colcon.colcon_core.verb:set package 'dis_tutorial2' build argument 'cmake_force_configure' from command line to 'False'
[0.392s] Level 5:colcon.colcon_core.verb:set package 'dis_tutorial2' build argument 'ament_cmake_args' from command line to 'None'
[0.392s] Level 5:colcon.colcon_core.verb:set package 'dis_tutorial2' build argument 'catkin_cmake_args' from command line to 'None'
[0.392s] Level 5:colcon.colcon_core.verb:set package 'dis_tutorial2' build argument 'catkin_skip_building_tests' from command line to 'False'
[0.392s] DEBUG:colcon.colcon_core.verb:Building package 'dis_tutorial2' with the following arguments: {'ament_cmake_args': None, 'build_base': '/home/ilija/ros2_ws/src/RINS/build/dis_tutorial2', 'catkin_cmake_args': None, 'catkin_skip_building_tests': False, 'cmake_args': None, 'cmake_clean_cache': False, 'cmake_clean_first': False, 'cmake_force_configure': False, 'cmake_target': None, 'cmake_target_skip_unavailable': False, 'install_base': '/home/ilija/ros2_ws/src/RINS/install/dis_tutorial2', 'merge_install': False, 'path': '/home/ilija/ros2_ws/src/RINS/src/dis_tutorial2', 'symlink_install': True, 'test_result_base': None}
[0.392s] Level 5:colcon.colcon_core.verb:set package 'hwpub' build argument 'cmake_args' from command line to 'None'
[0.392s] Level 5:colcon.colcon_core.verb:set package 'hwpub' build argument 'cmake_target' from command line to 'None'
[0.392s] Level 5:colcon.colcon_core.verb:set package 'hwpub' build argument 'cmake_target_skip_unavailable' from command line to 'False'
[0.392s] Level 5:colcon.colcon_core.verb:set package 'hwpub' build argument 'cmake_clean_cache' from command line to 'False'
[0.392s] Level 5:colcon.colcon_core.verb:set package 'hwpub' build argument 'cmake_clean_first' from command line to 'False'
[0.392s] Level 5:colcon.colcon_core.verb:set package 'hwpub' build argument 'cmake_force_configure' from command line to 'False'
[0.392s] Level 5:colcon.colcon_core.verb:set package 'hwpub' build argument 'ament_cmake_args' from command line to 'None'
[0.392s] Level 5:colcon.colcon_core.verb:set package 'hwpub' build argument 'catkin_cmake_args' from command line to 'None'
[0.392s] Level 5:colcon.colcon_core.verb:set package 'hwpub' build argument 'catkin_skip_building_tests' from command line to 'False'
[0.392s] DEBUG:colcon.colcon_core.verb:Building package 'hwpub' with the following arguments: {'ament_cmake_args': None, 'build_base': '/home/ilija/ros2_ws/src/RINS/build/hwpub', 'catkin_cmake_args': None, 'catkin_skip_building_tests': False, 'cmake_args': None, 'cmake_clean_cache': False, 'cmake_clean_first': False, 'cmake_force_configure': False, 'cmake_target': None, 'cmake_target_skip_unavailable': False, 'install_base': '/home/ilija/ros2_ws/src/RINS/install/hwpub', 'merge_install': False, 'path': '/home/ilija/ros2_ws/src/RINS/src/hwpub', 'symlink_install': True, 'test_result_base': None}
[0.392s] INFO:colcon.colcon_core.executor:Executing jobs using 'parallel' executor
[0.394s] DEBUG:colcon.colcon_parallel_executor.executor.parallel:run_until_complete
[0.394s] INFO:colcon.colcon_ros.task.ament_cmake.build:Building ROS package in '/home/ilija/ros2_ws/src/RINS/src/dis_tutorial1' with build type 'ament_cmake'
[0.395s] INFO:colcon.colcon_cmake.task.cmake.build:Building CMake package in '/home/ilija/ros2_ws/src/RINS/src/dis_tutorial1'
[0.399s] INFO:colcon.colcon_core.plugin_system:Skipping extension 'colcon_core.shell.bat': Not used on non-Windows systems
[0.399s] INFO:colcon.colcon_core.shell:Skip shell extension 'powershell' for command environment: Not usable outside of PowerShell
[0.399s] DEBUG:colcon.colcon_core.shell:Skip shell extension 'dsv' for command environment
[0.406s] INFO:colcon.colcon_ros.task.ament_python.build:Building ROS package in '/home/ilija/ros2_ws/src/RINS/src/dis_tutorial2' with build type 'ament_python'
[0.406s] Level 1:colcon.colcon_core.shell:create_environment_hook('dis_tutorial2', 'ament_prefix_path')
[0.407s] INFO:colcon.colcon_core.shell:Creating environment hook '/home/ilija/ros2_ws/src/RINS/install/dis_tutorial2/share/dis_tutorial2/hook/ament_prefix_path.ps1'
[0.408s] INFO:colcon.colcon_core.shell:Creating environment descriptor '/home/ilija/ros2_ws/src/RINS/install/dis_tutorial2/share/dis_tutorial2/hook/ament_prefix_path.dsv'
[0.409s] INFO:colcon.colcon_core.shell:Creating environment hook '/home/ilija/ros2_ws/src/RINS/install/dis_tutorial2/share/dis_tutorial2/hook/ament_prefix_path.sh'
[0.411s] INFO:colcon.colcon_core.shell:Skip shell extension 'powershell' for command environment: Not usable outside of PowerShell
[0.412s] DEBUG:colcon.colcon_core.shell:Skip shell extension 'dsv' for command environment
[0.442s] DEBUG:colcon.colcon_core.event_handler.log_command:Invoking command in '/home/ilija/ros2_ws/src/RINS/build/dis_tutorial1': CMAKE_PREFIX_PATH=${CMAKE_PREFIX_PATH}:/home/ilija/ros2_ws/src/RINS/install/dis_tutorial2:/opt/ros/humble /usr/bin/cmake --build /home/ilija/ros2_ws/src/RINS/build/dis_tutorial1 -- -j2 -l2
[1.081s] INFO:colcon.colcon_core.task.python.build:Building Python package in '/home/ilija/ros2_ws/src/RINS/src/dis_tutorial2'
[1.081s] INFO:colcon.colcon_core.shell:Skip shell extension 'powershell' for command environment: Not usable outside of PowerShell
[1.082s] DEBUG:colcon.colcon_core.shell:Skip shell extension 'dsv' for command environment
[1.830s] DEBUG:colcon.colcon_core.event_handler.log_command:Invoked command in '/home/ilija/ros2_ws/src/RINS/build/dis_tutorial1' returned '0': CMAKE_PREFIX_PATH=${CMAKE_PREFIX_PATH}:/home/ilija/ros2_ws/src/RINS/install/dis_tutorial2:/opt/ros/humble /usr/bin/cmake --build /home/ilija/ros2_ws/src/RINS/build/dis_tutorial1 -- -j2 -l2
[1.860s] DEBUG:colcon.colcon_core.event_handler.log_command:Invoking command in '/home/ilija/ros2_ws/src/RINS/build/dis_tutorial1': CMAKE_PREFIX_PATH=${CMAKE_PREFIX_PATH}:/home/ilija/ros2_ws/src/RINS/install/dis_tutorial2:/opt/ros/humble /usr/bin/cmake --install /home/ilija/ros2_ws/src/RINS/build/dis_tutorial1
[1.979s] DEBUG:colcon.colcon_core.event_handler.log_command:Invoking command in '/home/ilija/ros2_ws/src/RINS/build/dis_tutorial2': PYTHONPATH=/home/ilija/ros2_ws/src/RINS/build/dis_tutorial2/prefix_override:/usr/lib/python3/dist-packages/colcon_core/task/python/colcon_distutils_commands:/home/ilija/ros2_ws/src/RINS/install/dis_tutorial2/lib/python3.10/site-packages:${PYTHONPATH} /usr/bin/python3 -W ignore:setup.py install is deprecated -W ignore:easy_install command is deprecated setup.py develop --editable --build-directory /home/ilija/ros2_ws/src/RINS/build/dis_tutorial2/build --no-deps symlink_data
[2.048s] Level 1:colcon.colcon_core.environment:create_environment_scripts_only(dis_tutorial1)
[2.049s] DEBUG:colcon.colcon_core.event_handler.log_command:Invoked command in '/home/ilija/ros2_ws/src/RINS/build/dis_tutorial1' returned '0': CMAKE_PREFIX_PATH=${CMAKE_PREFIX_PATH}:/home/ilija/ros2_ws/src/RINS/install/dis_tutorial2:/opt/ros/humble /usr/bin/cmake --install /home/ilija/ros2_ws/src/RINS/build/dis_tutorial1
[2.055s] Level 1:colcon.colcon_core.environment:checking '/home/ilija/ros2_ws/src/RINS/install/dis_tutorial1' for CMake module files
[2.056s] Level 1:colcon.colcon_core.environment:checking '/home/ilija/ros2_ws/src/RINS/install/dis_tutorial1' for CMake config files
[2.060s] Level 1:colcon.colcon_core.shell:create_environment_hook('dis_tutorial1', 'cmake_prefix_path')
[2.061s] INFO:colcon.colcon_core.shell:Creating environment hook '/home/ilija/ros2_ws/src/RINS/install/dis_tutorial1/share/dis_tutorial1/hook/cmake_prefix_path.ps1'
[2.062s] INFO:colcon.colcon_core.shell:Creating environment descriptor '/home/ilija/ros2_ws/src/RINS/install/dis_tutorial1/share/dis_tutorial1/hook/cmake_prefix_path.dsv'
[2.064s] INFO:colcon.colcon_core.shell:Creating environment hook '/home/ilija/ros2_ws/src/RINS/install/dis_tutorial1/share/dis_tutorial1/hook/cmake_prefix_path.sh'
[2.066s] Level 1:colcon.colcon_core.environment:checking '/home/ilija/ros2_ws/src/RINS/install/dis_tutorial1/lib'
[2.066s] Level 1:colcon.colcon_core.shell:create_environment_hook('dis_tutorial1', 'ld_library_path_lib')
[2.066s] INFO:colcon.colcon_core.shell:Creating environment hook '/home/ilija/ros2_ws/src/RINS/install/dis_tutorial1/share/dis_tutorial1/hook/ld_library_path_lib.ps1'
[2.067s] INFO:colcon.colcon_core.shell:Creating environment descriptor '/home/ilija/ros2_ws/src/RINS/install/dis_tutorial1/share/dis_tutorial1/hook/ld_library_path_lib.dsv'
[2.069s] INFO:colcon.colcon_core.shell:Creating environment hook '/home/ilija/ros2_ws/src/RINS/install/dis_tutorial1/share/dis_tutorial1/hook/ld_library_path_lib.sh'
[2.070s] Level 1:colcon.colcon_core.environment:checking '/home/ilija/ros2_ws/src/RINS/install/dis_tutorial1/bin'
[2.070s] Level 1:colcon.colcon_core.environment:checking '/home/ilija/ros2_ws/src/RINS/install/dis_tutorial1/lib/pkgconfig/dis_tutorial1.pc'
[2.070s] Level 1:colcon.colcon_core.environment:checking '/home/ilija/ros2_ws/src/RINS/install/dis_tutorial1/lib/python3.10/site-packages'
[2.071s] Level 1:colcon.colcon_core.environment:checking '/home/ilija/ros2_ws/src/RINS/install/dis_tutorial1/bin'
[2.071s] INFO:colcon.colcon_core.shell:Creating package script '/home/ilija/ros2_ws/src/RINS/install/dis_tutorial1/share/dis_tutorial1/package.ps1'
[2.073s] INFO:colcon.colcon_core.shell:Creating package descriptor '/home/ilija/ros2_ws/src/RINS/install/dis_tutorial1/share/dis_tutorial1/package.dsv'
[2.074s] INFO:colcon.colcon_core.shell:Creating package script '/home/ilija/ros2_ws/src/RINS/install/dis_tutorial1/share/dis_tutorial1/package.sh'
[2.076s] INFO:colcon.colcon_core.shell:Creating package script '/home/ilija/ros2_ws/src/RINS/install/dis_tutorial1/share/dis_tutorial1/package.bash'
[2.078s] INFO:colcon.colcon_core.shell:Creating package script '/home/ilija/ros2_ws/src/RINS/install/dis_tutorial1/share/dis_tutorial1/package.zsh'
[2.080s] Level 1:colcon.colcon_core.environment:create_file_with_runtime_dependencies(/home/ilija/ros2_ws/src/RINS/install/dis_tutorial1/share/colcon-core/packages/dis_tutorial1)
[2.082s] Level 1:colcon.colcon_core.environment:create_environment_scripts_only(dis_tutorial1)
[2.082s] Level 1:colcon.colcon_core.environment:checking '/home/ilija/ros2_ws/src/RINS/install/dis_tutorial1' for CMake module files
[2.084s] Level 1:colcon.colcon_core.environment:checking '/home/ilija/ros2_ws/src/RINS/install/dis_tutorial1' for CMake config files
[2.086s] Level 1:colcon.colcon_core.shell:create_environment_hook('dis_tutorial1', 'cmake_prefix_path')
[2.087s] INFO:colcon.colcon_core.shell:Creating environment hook '/home/ilija/ros2_ws/src/RINS/install/dis_tutorial1/share/dis_tutorial1/hook/cmake_prefix_path.ps1'
[2.088s] INFO:colcon.colcon_core.shell:Creating environment descriptor '/home/ilija/ros2_ws/src/RINS/install/dis_tutorial1/share/dis_tutorial1/hook/cmake_prefix_path.dsv'
[2.089s] INFO:colcon.colcon_core.shell:Creating environment hook '/home/ilija/ros2_ws/src/RINS/install/dis_tutorial1/share/dis_tutorial1/hook/cmake_prefix_path.sh'
[2.091s] Level 1:colcon.colcon_core.environment:checking '/home/ilija/ros2_ws/src/RINS/install/dis_tutorial1/lib'
[2.091s] Level 1:colcon.colcon_core.shell:create_environment_hook('dis_tutorial1', 'ld_library_path_lib')
[2.091s] INFO:colcon.colcon_core.shell:Creating environment hook '/home/ilija/ros2_ws/src/RINS/install/dis_tutorial1/share/dis_tutorial1/hook/ld_library_path_lib.ps1'
[2.092s] INFO:colcon.colcon_core.shell:Creating environment descriptor '/home/ilija/ros2_ws/src/RINS/install/dis_tutorial1/share/dis_tutorial1/hook/ld_library_path_lib.dsv'
[2.093s] INFO:colcon.colcon_core.shell:Creating environment hook '/home/ilija/ros2_ws/src/RINS/install/dis_tutorial1/share/dis_tutorial1/hook/ld_library_path_lib.sh'
[2.095s] Level 1:colcon.colcon_core.environment:checking '/home/ilija/ros2_ws/src/RINS/install/dis_tutorial1/bin'
[2.095s] Level 1:colcon.colcon_core.environment:checking '/home/ilija/ros2_ws/src/RINS/install/dis_tutorial1/lib/pkgconfig/dis_tutorial1.pc'
[2.095s] Level 1:colcon.colcon_core.environment:checking '/home/ilija/ros2_ws/src/RINS/install/dis_tutorial1/lib/python3.10/site-packages'
[2.096s] Level 1:colcon.colcon_core.environment:checking '/home/ilija/ros2_ws/src/RINS/install/dis_tutorial1/bin'
[2.096s] INFO:colcon.colcon_core.shell:Creating package script '/home/ilija/ros2_ws/src/RINS/install/dis_tutorial1/share/dis_tutorial1/package.ps1'
[2.098s] INFO:colcon.colcon_core.shell:Creating package descriptor '/home/ilija/ros2_ws/src/RINS/install/dis_tutorial1/share/dis_tutorial1/package.dsv'
[2.099s] INFO:colcon.colcon_core.shell:Creating package script '/home/ilija/ros2_ws/src/RINS/install/dis_tutorial1/share/dis_tutorial1/package.sh'
[2.100s] INFO:colcon.colcon_core.shell:Creating package script '/home/ilija/ros2_ws/src/RINS/install/dis_tutorial1/share/dis_tutorial1/package.bash'
[2.102s] INFO:colcon.colcon_core.shell:Creating package script '/home/ilija/ros2_ws/src/RINS/install/dis_tutorial1/share/dis_tutorial1/package.zsh'
[2.103s] Level 1:colcon.colcon_core.environment:create_file_with_runtime_dependencies(/home/ilija/ros2_ws/src/RINS/install/dis_tutorial1/share/colcon-core/packages/dis_tutorial1)
[2.104s] INFO:colcon.colcon_ros.task.ament_cmake.build:Building ROS package in '/home/ilija/ros2_ws/src/RINS/src/hwpub' with build type 'ament_cmake'
[2.104s] INFO:colcon.colcon_cmake.task.cmake.build:Building CMake package in '/home/ilija/ros2_ws/src/RINS/src/hwpub'
[2.106s] INFO:colcon.colcon_core.shell:Skip shell extension 'powershell' for command environment: Not usable outside of PowerShell
[2.106s] DEBUG:colcon.colcon_core.shell:Skip shell extension 'dsv' for command environment
[2.139s] DEBUG:colcon.colcon_core.event_handler.log_command:Invoking command in '/home/ilija/ros2_ws/src/RINS/build/hwpub': CMAKE_PREFIX_PATH=${CMAKE_PREFIX_PATH}:/home/ilija/ros2_ws/src/RINS/install/dis_tutorial2:/opt/ros/humble /usr/bin/cmake --build /home/ilija/ros2_ws/src/RINS/build/hwpub -- -j2 -l2
[3.040s] Level 1:colcon.colcon_core.shell:create_environment_hook('dis_tutorial2', 'pythonpath_develop')
[3.041s] INFO:colcon.colcon_core.shell:Creating environment hook '/home/ilija/ros2_ws/src/RINS/build/dis_tutorial2/share/dis_tutorial2/hook/pythonpath_develop.ps1'
[3.040s] DEBUG:colcon.colcon_core.event_handler.log_command:Invoked command in '/home/ilija/ros2_ws/src/RINS/build/dis_tutorial2' returned '0': PYTHONPATH=/home/ilija/ros2_ws/src/RINS/build/dis_tutorial2/prefix_override:/usr/lib/python3/dist-packages/colcon_core/task/python/colcon_distutils_commands:/home/ilija/ros2_ws/src/RINS/install/dis_tutorial2/lib/python3.10/site-packages:${PYTHONPATH} /usr/bin/python3 -W ignore:setup.py install is deprecated -W ignore:easy_install command is deprecated setup.py develop --editable --build-directory /home/ilija/ros2_ws/src/RINS/build/dis_tutorial2/build --no-deps symlink_data
[3.045s] INFO:colcon.colcon_core.shell:Creating environment descriptor '/home/ilija/ros2_ws/src/RINS/build/dis_tutorial2/share/dis_tutorial2/hook/pythonpath_develop.dsv'
[3.047s] INFO:colcon.colcon_core.shell:Creating environment hook '/home/ilija/ros2_ws/src/RINS/build/dis_tutorial2/share/dis_tutorial2/hook/pythonpath_develop.sh'
[3.051s] Level 1:colcon.colcon_core.environment:checking '/home/ilija/ros2_ws/src/RINS/install/dis_tutorial2' for CMake module files
[3.054s] Level 1:colcon.colcon_core.environment:checking '/home/ilija/ros2_ws/src/RINS/install/dis_tutorial2' for CMake config files
[3.056s] Level 1:colcon.colcon_core.environment:checking '/home/ilija/ros2_ws/src/RINS/install/dis_tutorial2/lib'
[3.056s] Level 1:colcon.colcon_core.environment:checking '/home/ilija/ros2_ws/src/RINS/install/dis_tutorial2/bin'
[3.056s] Level 1:colcon.colcon_core.environment:checking '/home/ilija/ros2_ws/src/RINS/install/dis_tutorial2/lib/pkgconfig/dis_tutorial2.pc'
[3.056s] Level 1:colcon.colcon_core.environment:checking '/home/ilija/ros2_ws/src/RINS/install/dis_tutorial2/lib/python3.10/site-packages'
[3.056s] Level 1:colcon.colcon_core.shell:create_environment_hook('dis_tutorial2', 'pythonpath')
[3.059s] INFO:colcon.colcon_core.shell:Creating environment hook '/home/ilija/ros2_ws/src/RINS/install/dis_tutorial2/share/dis_tutorial2/hook/pythonpath.ps1'
[3.062s] INFO:colcon.colcon_core.shell:Creating environment descriptor '/home/ilija/ros2_ws/src/RINS/install/dis_tutorial2/share/dis_tutorial2/hook/pythonpath.dsv'
[3.066s] INFO:colcon.colcon_core.shell:Creating environment hook '/home/ilija/ros2_ws/src/RINS/install/dis_tutorial2/share/dis_tutorial2/hook/pythonpath.sh'
[3.072s] Level 1:colcon.colcon_core.environment:checking '/home/ilija/ros2_ws/src/RINS/install/dis_tutorial2/bin'
[3.072s] Level 1:colcon.colcon_core.environment:create_environment_scripts_only(dis_tutorial2)
[3.072s] INFO:colcon.colcon_core.shell:Creating package script '/home/ilija/ros2_ws/src/RINS/install/dis_tutorial2/share/dis_tutorial2/package.ps1'
[3.075s] INFO:colcon.colcon_core.shell:Creating package descriptor '/home/ilija/ros2_ws/src/RINS/install/dis_tutorial2/share/dis_tutorial2/package.dsv'
[3.076s] INFO:colcon.colcon_core.shell:Creating package script '/home/ilija/ros2_ws/src/RINS/install/dis_tutorial2/share/dis_tutorial2/package.sh'
[3.081s] INFO:colcon.colcon_core.shell:Creating package script '/home/ilija/ros2_ws/src/RINS/install/dis_tutorial2/share/dis_tutorial2/package.bash'
[3.084s] INFO:colcon.colcon_core.shell:Creating package script '/home/ilija/ros2_ws/src/RINS/install/dis_tutorial2/share/dis_tutorial2/package.zsh'
[3.086s] Level 1:colcon.colcon_core.environment:create_file_with_runtime_dependencies(/home/ilija/ros2_ws/src/RINS/install/dis_tutorial2/share/colcon-core/packages/dis_tutorial2)
[3.248s] DEBUG:colcon.colcon_core.event_handler.log_command:Invoked command in '/home/ilija/ros2_ws/src/RINS/build/hwpub' returned '0': CMAKE_PREFIX_PATH=${CMAKE_PREFIX_PATH}:/home/ilija/ros2_ws/src/RINS/install/dis_tutorial2:/opt/ros/humble /usr/bin/cmake --build /home/ilija/ros2_ws/src/RINS/build/hwpub -- -j2 -l2
[3.249s] DEBUG:colcon.colcon_core.event_handler.log_command:Invoking command in '/home/ilija/ros2_ws/src/RINS/build/hwpub': CMAKE_PREFIX_PATH=${CMAKE_PREFIX_PATH}:/home/ilija/ros2_ws/src/RINS/install/dis_tutorial2:/opt/ros/humble /usr/bin/cmake --install /home/ilija/ros2_ws/src/RINS/build/hwpub
[3.371s] Level 1:colcon.colcon_core.environment:create_environment_scripts_only(hwpub)
[3.372s] Level 1:colcon.colcon_core.environment:checking '/home/ilija/ros2_ws/src/RINS/install/hwpub' for CMake module files
[3.373s] DEBUG:colcon.colcon_core.event_handler.log_command:Invoked command in '/home/ilija/ros2_ws/src/RINS/build/hwpub' returned '0': CMAKE_PREFIX_PATH=${CMAKE_PREFIX_PATH}:/home/ilija/ros2_ws/src/RINS/install/dis_tutorial2:/opt/ros/humble /usr/bin/cmake --install /home/ilija/ros2_ws/src/RINS/build/hwpub
[3.374s] Level 1:colcon.colcon_core.environment:checking '/home/ilija/ros2_ws/src/RINS/install/hwpub' for CMake config files
[3.375s] Level 1:colcon.colcon_core.shell:create_environment_hook('hwpub', 'cmake_prefix_path')
[3.376s] INFO:colcon.colcon_core.shell:Creating environment hook '/home/ilija/ros2_ws/src/RINS/install/hwpub/share/hwpub/hook/cmake_prefix_path.ps1'
[3.377s] INFO:colcon.colcon_core.shell:Creating environment descriptor '/home/ilija/ros2_ws/src/RINS/install/hwpub/share/hwpub/hook/cmake_prefix_path.dsv'
[3.378s] INFO:colcon.colcon_core.shell:Creating environment hook '/home/ilija/ros2_ws/src/RINS/install/hwpub/share/hwpub/hook/cmake_prefix_path.sh'
[3.379s] Level 1:colcon.colcon_core.environment:checking '/home/ilija/ros2_ws/src/RINS/install/hwpub/lib'
[3.379s] Level 1:colcon.colcon_core.shell:create_environment_hook('hwpub', 'ld_library_path_lib')
[3.379s] INFO:colcon.colcon_core.shell:Creating environment hook '/home/ilija/ros2_ws/src/RINS/install/hwpub/share/hwpub/hook/ld_library_path_lib.ps1'
[3.380s] INFO:colcon.colcon_core.shell:Creating environment descriptor '/home/ilija/ros2_ws/src/RINS/install/hwpub/share/hwpub/hook/ld_library_path_lib.dsv'
[3.381s] INFO:colcon.colcon_core.shell:Creating environment hook '/home/ilija/ros2_ws/src/RINS/install/hwpub/share/hwpub/hook/ld_library_path_lib.sh'
[3.382s] Level 1:colcon.colcon_core.environment:checking '/home/ilija/ros2_ws/src/RINS/install/hwpub/bin'
[3.383s] Level 1:colcon.colcon_core.environment:checking '/home/ilija/ros2_ws/src/RINS/install/hwpub/lib/pkgconfig/hwpub.pc'
[3.383s] Level 1:colcon.colcon_core.environment:checking '/home/ilija/ros2_ws/src/RINS/install/hwpub/lib/python3.10/site-packages'
[3.383s] Level 1:colcon.colcon_core.environment:checking '/home/ilija/ros2_ws/src/RINS/install/hwpub/bin'
[3.383s] INFO:colcon.colcon_core.shell:Creating package script '/home/ilija/ros2_ws/src/RINS/install/hwpub/share/hwpub/package.ps1'
[3.384s] INFO:colcon.colcon_core.shell:Creating package descriptor '/home/ilija/ros2_ws/src/RINS/install/hwpub/share/hwpub/package.dsv'
[3.385s] INFO:colcon.colcon_core.shell:Creating package script '/home/ilija/ros2_ws/src/RINS/install/hwpub/share/hwpub/package.sh'
[3.386s] INFO:colcon.colcon_core.shell:Creating package script '/home/ilija/ros2_ws/src/RINS/install/hwpub/share/hwpub/package.bash'
[3.387s] INFO:colcon.colcon_core.shell:Creating package script '/home/ilija/ros2_ws/src/RINS/install/hwpub/share/hwpub/package.zsh'
[3.388s] Level 1:colcon.colcon_core.environment:create_file_with_runtime_dependencies(/home/ilija/ros2_ws/src/RINS/install/hwpub/share/colcon-core/packages/hwpub)
[3.389s] Level 1:colcon.colcon_core.environment:create_environment_scripts_only(hwpub)
[3.389s] Level 1:colcon.colcon_core.environment:checking '/home/ilija/ros2_ws/src/RINS/install/hwpub' for CMake module files
[3.390s] Level 1:colcon.colcon_core.environment:checking '/home/ilija/ros2_ws/src/RINS/install/hwpub' for CMake config files
[3.391s] Level 1:colcon.colcon_core.shell:create_environment_hook('hwpub', 'cmake_prefix_path')
[3.392s] INFO:colcon.colcon_core.shell:Creating environment hook '/home/ilija/ros2_ws/src/RINS/install/hwpub/share/hwpub/hook/cmake_prefix_path.ps1'
[3.392s] INFO:colcon.colcon_core.shell:Creating environment descriptor '/home/ilija/ros2_ws/src/RINS/install/hwpub/share/hwpub/hook/cmake_prefix_path.dsv'
[3.393s] INFO:colcon.colcon_core.shell:Creating environment hook '/home/ilija/ros2_ws/src/RINS/install/hwpub/share/hwpub/hook/cmake_prefix_path.sh'
[3.395s] Level 1:colcon.colcon_core.environment:checking '/home/ilija/ros2_ws/src/RINS/install/hwpub/lib'
[3.395s] Level 1:colcon.colcon_core.shell:create_environment_hook('hwpub', 'ld_library_path_lib')
[3.395s] INFO:colcon.colcon_core.shell:Creating environment hook '/home/ilija/ros2_ws/src/RINS/install/hwpub/share/hwpub/hook/ld_library_path_lib.ps1'
[3.396s] INFO:colcon.colcon_core.shell:Creating environment descriptor '/home/ilija/ros2_ws/src/RINS/install/hwpub/share/hwpub/hook/ld_library_path_lib.dsv'
[3.397s] INFO:colcon.colcon_core.shell:Creating environment hook '/home/ilija/ros2_ws/src/RINS/install/hwpub/share/hwpub/hook/ld_library_path_lib.sh'
[3.398s] Level 1:colcon.colcon_core.environment:checking '/home/ilija/ros2_ws/src/RINS/install/hwpub/bin'
[3.398s] Level 1:colcon.colcon_core.environment:checking '/home/ilija/ros2_ws/src/RINS/install/hwpub/lib/pkgconfig/hwpub.pc'
[3.398s] Level 1:colcon.colcon_core.environment:checking '/home/ilija/ros2_ws/src/RINS/install/hwpub/lib/python3.10/site-packages'
[3.398s] Level 1:colcon.colcon_core.environment:checking '/home/ilija/ros2_ws/src/RINS/install/hwpub/bin'
[3.399s] INFO:colcon.colcon_core.shell:Creating package script '/home/ilija/ros2_ws/src/RINS/install/hwpub/share/hwpub/package.ps1'
[3.400s] INFO:colcon.colcon_core.shell:Creating package descriptor '/home/ilija/ros2_ws/src/RINS/install/hwpub/share/hwpub/package.dsv'
[3.401s] INFO:colcon.colcon_core.shell:Creating package script '/home/ilija/ros2_ws/src/RINS/install/hwpub/share/hwpub/package.sh'
[3.402s] INFO:colcon.colcon_core.shell:Creating package script '/home/ilija/ros2_ws/src/RINS/install/hwpub/share/hwpub/package.bash'
[3.403s] INFO:colcon.colcon_core.shell:Creating package script '/home/ilija/ros2_ws/src/RINS/install/hwpub/share/hwpub/package.zsh'
[3.404s] Level 1:colcon.colcon_core.environment:create_file_with_runtime_dependencies(/home/ilija/ros2_ws/src/RINS/install/hwpub/share/colcon-core/packages/hwpub)
[3.405s] DEBUG:colcon.colcon_parallel_executor.executor.parallel:closing loop
[3.405s] DEBUG:colcon.colcon_parallel_executor.executor.parallel:loop closed
[3.405s] DEBUG:colcon.colcon_parallel_executor.executor.parallel:run_until_complete finished with '0'
[3.405s] DEBUG:colcon.colcon_core.event_reactor:joining thread
[3.414s] INFO:colcon.colcon_core.plugin_system:Skipping extension 'colcon_notification.desktop_notification.terminal_notifier': Not used on non-Darwin systems
[3.414s] INFO:colcon.colcon_core.plugin_system:Skipping extension 'colcon_notification.desktop_notification.win32': Not used on non-Windows systems
[3.414s] INFO:colcon.colcon_notification.desktop_notification:Sending desktop notification using 'notify2'
[3.434s] DEBUG:colcon.colcon_core.event_reactor:joined thread
[3.435s] INFO:colcon.colcon_core.shell:Creating prefix script '/home/ilija/ros2_ws/src/RINS/install/local_setup.ps1'
[3.437s] INFO:colcon.colcon_core.shell:Creating prefix util module '/home/ilija/ros2_ws/src/RINS/install/_local_setup_util_ps1.py'
[3.439s] INFO:colcon.colcon_core.shell:Creating prefix chain script '/home/ilija/ros2_ws/src/RINS/install/setup.ps1'
[3.442s] INFO:colcon.colcon_core.shell:Creating prefix script '/home/ilija/ros2_ws/src/RINS/install/local_setup.sh'
[3.444s] INFO:colcon.colcon_core.shell:Creating prefix util module '/home/ilija/ros2_ws/src/RINS/install/_local_setup_util_sh.py'
[3.446s] INFO:colcon.colcon_core.shell:Creating prefix chain script '/home/ilija/ros2_ws/src/RINS/install/setup.sh'
[3.448s] INFO:colcon.colcon_core.shell:Creating prefix script '/home/ilija/ros2_ws/src/RINS/install/local_setup.bash'
[3.450s] INFO:colcon.colcon_core.shell:Creating prefix chain script '/home/ilija/ros2_ws/src/RINS/install/setup.bash'
[3.452s] INFO:colcon.colcon_core.shell:Creating prefix script '/home/ilija/ros2_ws/src/RINS/install/local_setup.zsh'
[3.454s] INFO:colcon.colcon_core.shell:Creating prefix chain script '/home/ilija/ros2_ws/src/RINS/install/setup.zsh'
