[3.533s] Invoking command in '/home/ilija/ros2_ws/src/RINS/build/dis_tutorial2': PYTHONPATH=/home/ilija/ros2_ws/src/RINS/build/dis_tutorial2/prefix_override:/usr/lib/python3/dist-packages/colcon_core/task/python/colcon_distutils_commands:/home/ilija/ros2_ws/src/RINS/install/dis_tutorial2/lib/python3.10/site-packages:${PYTHONPATH} /usr/bin/python3 -W ignore:setup.py install is deprecated -W ignore:easy_install command is deprecated setup.py develop --editable --build-directory /home/ilija/ros2_ws/src/RINS/build/dis_tutorial2/build --no-deps symlink_data
[5.015s] running develop
[6.074s] running egg_info
[6.076s] writing dis_tutorial2.egg-info/PKG-INFO
[6.078s] writing dependency_links to dis_tutorial2.egg-info/dependency_links.txt
[6.082s] writing entry points to dis_tutorial2.egg-info/entry_points.txt
[6.083s] writing requirements to dis_tutorial2.egg-info/requires.txt
[6.087s] writing top-level names to dis_tutorial2.egg-info/top_level.txt
[6.090s] reading manifest file 'dis_tutorial2.egg-info/SOURCES.txt'
[6.094s] writing manifest file 'dis_tutorial2.egg-info/SOURCES.txt'
[6.101s] running build_ext
[6.101s] Creating /home/ilija/ros2_ws/src/RINS/install/dis_tutorial2/lib/python3.10/site-packages/dis-tutorial2.egg-link (link to .)
[6.104s] Installing achtung_die_turtle script to /home/ilija/ros2_ws/src/RINS/install/dis_tutorial2/lib/dis_tutorial2
[6.105s] Installing go_to_position script to /home/ilija/ros2_ws/src/RINS/install/dis_tutorial2/lib/dis_tutorial2
[6.109s] Installing intersection script to /home/ilija/ros2_ws/src/RINS/install/dis_tutorial2/lib/dis_tutorial2
[6.109s] Installing random_velocity_publisher script to /home/ilija/ros2_ws/src/RINS/install/dis_tutorial2/lib/dis_tutorial2
[6.109s] Installing turtle_move script to /home/ilija/ros2_ws/src/RINS/install/dis_tutorial2/lib/dis_tutorial2
[6.112s] 
[6.112s] Installed /home/ilija/ros2_ws/src/RINS/build/dis_tutorial2
[6.114s] running symlink_data
[6.258s] Invoked command in '/home/ilija/ros2_ws/src/RINS/build/dis_tutorial2' returned '0': PYTHONPATH=/home/ilija/ros2_ws/src/RINS/build/dis_tutorial2/prefix_override:/usr/lib/python3/dist-packages/colcon_core/task/python/colcon_distutils_commands:/home/ilija/ros2_ws/src/RINS/install/dis_tutorial2/lib/python3.10/site-packages:${PYTHONPATH} /usr/bin/python3 -W ignore:setup.py install is deprecated -W ignore:easy_install command is deprecated setup.py develop --editable --build-directory /home/ilija/ros2_ws/src/RINS/build/dis_tutorial2/build --no-deps symlink_data
