[1.031s] Invoking command in '/home/ilija/ros2_ws/src/RINS/build/dis_tutorial2': PYTHONPATH=/home/ilija/ros2_ws/src/RINS/build/dis_tutorial2/prefix_override:/usr/lib/python3/dist-packages/colcon_core/task/python/colcon_distutils_commands:/home/ilija/ros2_ws/src/RINS/install/dis_tutorial2/lib/python3.10/site-packages:${PYTHONPATH} /usr/bin/python3 -W ignore:setup.py install is deprecated -W ignore:easy_install command is deprecated setup.py develop --editable --build-directory /home/ilija/ros2_ws/src/RINS/build/dis_tutorial2/build --no-deps symlink_data
[1.407s] running develop
[1.666s] running egg_info
[1.666s] creating dis_tutorial2.egg-info
[1.668s] writing dis_tutorial2.egg-info/PKG-INFO
[1.668s] writing dependency_links to dis_tutorial2.egg-info/dependency_links.txt
[1.668s] writing entry points to dis_tutorial2.egg-info/entry_points.txt
[1.669s] writing requirements to dis_tutorial2.egg-info/requires.txt
[1.669s] writing top-level names to dis_tutorial2.egg-info/top_level.txt
[1.669s] writing manifest file 'dis_tutorial2.egg-info/SOURCES.txt'
[1.672s] reading manifest file 'dis_tutorial2.egg-info/SOURCES.txt'
[1.674s] writing manifest file 'dis_tutorial2.egg-info/SOURCES.txt'
[1.677s] running build_ext
[1.678s] Creating /home/ilija/ros2_ws/src/RINS/install/dis_tutorial2/lib/python3.10/site-packages/dis-tutorial2.egg-link (link to .)
[1.680s] Installing achtung_die_turtle script to /home/ilija/ros2_ws/src/RINS/install/dis_tutorial2/lib/dis_tutorial2
[1.680s] Installing go_to_position script to /home/ilija/ros2_ws/src/RINS/install/dis_tutorial2/lib/dis_tutorial2
[1.680s] Installing intersection script to /home/ilija/ros2_ws/src/RINS/install/dis_tutorial2/lib/dis_tutorial2
[1.680s] Installing random_velocity_publisher script to /home/ilija/ros2_ws/src/RINS/install/dis_tutorial2/lib/dis_tutorial2
[1.682s] Installing turtle_move script to /home/ilija/ros2_ws/src/RINS/install/dis_tutorial2/lib/dis_tutorial2
[1.682s] 
[1.682s] Installed /home/ilija/ros2_ws/src/RINS/build/dis_tutorial2
[1.683s] running symlink_data
[1.685s] creating /home/ilija/ros2_ws/src/RINS/install/dis_tutorial2/share/ament_index
[1.686s] creating /home/ilija/ros2_ws/src/RINS/install/dis_tutorial2/share/ament_index/resource_index
[1.686s] creating /home/ilija/ros2_ws/src/RINS/install/dis_tutorial2/share/ament_index/resource_index/packages
[1.686s] symbolically linking /home/ilija/ros2_ws/src/RINS/build/dis_tutorial2/resource/dis_tutorial2 -> /home/ilija/ros2_ws/src/RINS/install/dis_tutorial2/share/ament_index/resource_index/packages
[1.686s] symbolically linking /home/ilija/ros2_ws/src/RINS/build/dis_tutorial2/package.xml -> /home/ilija/ros2_ws/src/RINS/install/dis_tutorial2/share/dis_tutorial2
[1.686s] creating /home/ilija/ros2_ws/src/RINS/install/dis_tutorial2/share/dis_tutorial2/launch
[1.686s] symbolically linking /home/ilija/ros2_ws/src/RINS/build/dis_tutorial2/launch/go_to_position_launch.py -> /home/ilija/ros2_ws/src/RINS/install/dis_tutorial2/share/dis_tutorial2/launch
[1.686s] symbolically linking /home/ilija/ros2_ws/src/RINS/build/dis_tutorial2/launch/example_launch.yaml -> /home/ilija/ros2_ws/src/RINS/install/dis_tutorial2/share/dis_tutorial2/launch
[1.686s] symbolically linking /home/ilija/ros2_ws/src/RINS/build/dis_tutorial2/launch/example_launch.xml -> /home/ilija/ros2_ws/src/RINS/install/dis_tutorial2/share/dis_tutorial2/launch
[1.686s] symbolically linking /home/ilija/ros2_ws/src/RINS/build/dis_tutorial2/launch/example_launch.py -> /home/ilija/ros2_ws/src/RINS/install/dis_tutorial2/share/dis_tutorial2/launch
[1.687s] creating /home/ilija/ros2_ws/src/RINS/install/dis_tutorial2/share/dis_tutorial2/srv
[1.687s] symbolically linking /home/ilija/ros2_ws/src/RINS/build/dis_tutorial2/srv/MoveTurtle.srv -> /home/ilija/ros2_ws/src/RINS/install/dis_tutorial2/share/dis_tutorial2/srv
[1.752s] Invoked command in '/home/ilija/ros2_ws/src/RINS/build/dis_tutorial2' returned '0': PYTHONPATH=/home/ilija/ros2_ws/src/RINS/build/dis_tutorial2/prefix_override:/usr/lib/python3/dist-packages/colcon_core/task/python/colcon_distutils_commands:/home/ilija/ros2_ws/src/RINS/install/dis_tutorial2/lib/python3.10/site-packages:${PYTHONPATH} /usr/bin/python3 -W ignore:setup.py install is deprecated -W ignore:easy_install command is deprecated setup.py develop --editable --build-directory /home/ilija/ros2_ws/src/RINS/build/dis_tutorial2/build --no-deps symlink_data
